2019-07-19 14:24:30,423|I|Thread-1|(DELAYED) nexial-core 2.4_0567 starting up...
2019-07-19 14:24:30,428|I|Thread-1|(DELAYED) data file resolved as C:\Users\DEEPAN~1.PAT\AppData\Local\Temp\XezRD\exampleProject.data.xlsx
2019-07-19 14:24:30,428|I|Thread-1|(DELAYED) input files and output directory resolved...
2019-07-19 14:24:30,428|I|Thread-1|(DELAYED) No predefined nexial-setup found
2019-07-19 14:24:30,428|I|Thread-1|(DELAYED) [20190719_142430] [C:\projects\exampleProject\artifact\script\exampleProject.xlsx] resolve RUN ID as 20190719_142430
2019-07-19 14:24:30,428|I|Thread-1|(DELAYED) [20190719_142430] [C:\projects\exampleProject\artifact\script\exampleProject.xlsx] new thread started
2019-07-19 14:24:30,428|I|Thread-1|No predefined nexial-setup found
2019-07-19 14:24:30,514|I|Thread-1|outputBase not set; output-to-cloud DISABLED!
2019-07-19 14:24:30,514|I|Thread-1|accessKey not set; output-to-cloud DISABLED!
2019-07-19 14:24:30,515|I|Thread-1|secretKey not set; output-to-cloud DISABLED!
2019-07-19 14:24:30,538|I|Thread-1|missing REQUIRED configuration; sms DISABLED!
2019-07-19 14:24:31,212|I|Thread-1|[20190719_142430] executing C:\projects\exampleProject\artifact\script\exampleProject.xlsx with 1 iteration(s)
2019-07-19 14:24:31,217|I|Thread-1|[20190719_142430] create directory C:\projects\exampleProject\output\20190719_142430\captures
2019-07-19 14:24:31,218|I|Thread-1|[20190719_142430] create directory C:\projects\exampleProject\output\20190719_142430\logs
2019-07-19 14:24:31,882|I|Thread-1|[20190719_142430] merging test data to tmp file C:\projects\exampleProject\output\20190719_142430\exampleProject.20190719_142431.001.xlsx
2019-07-19 14:24:31,882|I|Thread-1|refetching data from C:\projects\exampleProject\artifact\data\exampleProject.data.xlsx
2019-07-19 14:24:32,197|I|Thread-1|[20190719_142430] test script and test data merged to C:\projects\exampleProject\output\20190719_142430\exampleProject.20190719_142431.001.xlsx
2019-07-19 14:24:32,937|I|Thread-1|STARTS
2019-07-19 14:24:32,959|I|Thread-1|exampleProject.20190719_142431.001 - executing iteration #1 of 1; Iteration Id 1
2019-07-19 14:24:32,969|I|Thread-1|exampleProject.20190719_142431.001|Scenario - executing test scenario
2019-07-19 14:24:32,970|I|Thread-1|exampleProject.20190719_142431.001|Scenario|Activity 1 - executing activity
2019-07-19 14:24:33,572|I|Thread-1|exampleProject.20190719_142431.001|Scenario|Activity 1|#  5|base.save(var,value) - executing save(var,value)(marks, 100,90,65,55,82,91,12,45,78,43,78)
2019-07-19 14:24:33,578|I|Thread-1|exampleProject.20190719_142431.001|Scenario|Activity 1|#  5|base.save(var,value) - PASS stored '100,90,65,55,82,91,12,45,78,43,78' as ${marks}
2019-07-19 14:24:34,179|I|Thread-1|exampleProject.20190719_142431.001|Scenario|Activity 1|#  6|number.max(var,array) - executing max(var,array)(maxValue, ${marks})
2019-07-19 14:24:34,361|I|Thread-1|exampleProject.20190719_142431.001|Scenario|Activity 1|#  6|number.max(var,array) - PASS max saved to variable 'maxValue' as 100.0
2019-07-19 14:24:34,962|I|Thread-1|exampleProject.20190719_142431.001|Scenario|Activity 1|#  7|base.verbose(text) - executing verbose(text)(Maximum marks are :: ${maxValue})
2019-07-19 14:24:34,967|I|Thread-1|exampleProject.20190719_142431.001|Scenario|Activity 1|#  7|base.verbose(text) - Maximum marks are :: 100.0
2019-07-19 14:24:34,981|I|Thread-1|exampleProject.20190719_142431.001|Scenario|Activity 1|#  7|base.verbose(text) - PASS 
2019-07-19 14:24:35,589|I|Thread-1|exampleProject.20190719_142431.001|Scenario|Activity 1|#  8|number.min(var,array) - executing min(var,array)(minValue, ${marks})
2019-07-19 14:24:35,603|I|Thread-1|exampleProject.20190719_142431.001|Scenario|Activity 1|#  8|number.min(var,array) - PASS min saved to variable 'minValue' as 12.0
2019-07-19 14:24:36,208|I|Thread-1|exampleProject.20190719_142431.001|Scenario|Activity 1|#  9|base.verbose(text) - executing verbose(text)(Minimum marks are :: ${minValue} )
2019-07-19 14:24:36,215|I|Thread-1|exampleProject.20190719_142431.001|Scenario|Activity 1|#  9|base.verbose(text) - Minimum marks are :: 12.0 
2019-07-19 14:24:36,231|I|Thread-1|exampleProject.20190719_142431.001|Scenario|Activity 1|#  9|base.verbose(text) - PASS 
2019-07-19 14:24:36,836|I|Thread-1|exampleProject.20190719_142431.001|Scenario|Activity 1|# 10|number.assertGreater(num1 - executing assertGreater(num1,num2)(${minValue}, 50)
2019-07-19 14:24:36,857|I|Thread-1|exampleProject.20190719_142431.001|Scenario|Activity 1|# 10|number.assertGreater(num1 - FAIL 12.0 is NOT greater than 50
2019-07-19 14:24:37,463|I|Thread-1|exampleProject.20190719_142431.001|Scenario|Activity 1|# 11|number.assertLesser(num1, - executing assertLesser(num1,num2)(${minValue}, 0)
2019-07-19 14:24:37,480|I|Thread-1|exampleProject.20190719_142431.001|Scenario|Activity 1|# 11|number.assertLesser(num1, - FAIL 12.0 is NOT less than 0
2019-07-19 14:24:38,088|I|Thread-1|exampleProject.20190719_142431.001|Scenario|Activity 1|# 12|number.average(var,array) - executing average(var,array)(averageMarks, ${marks})
2019-07-19 14:24:38,105|I|Thread-1|exampleProject.20190719_142431.001|Scenario|Activity 1|# 12|number.average(var,array) - PASS average saved to variable 'averageMarks' as 67.18181818181819
2019-07-19 14:24:38,709|I|Thread-1|exampleProject.20190719_142431.001|Scenario|Activity 1|# 13|base.verbose(text) - executing verbose(text)(Average Marks are :: ${averageMarks})
2019-07-19 14:24:38,714|I|Thread-1|exampleProject.20190719_142431.001|Scenario|Activity 1|# 13|base.verbose(text) - Average Marks are :: 67.18181818181819
2019-07-19 14:24:38,726|I|Thread-1|exampleProject.20190719_142431.001|Scenario|Activity 1|# 13|base.verbose(text) - PASS 
2019-07-19 14:24:39,330|I|Thread-1|exampleProject.20190719_142431.001|Scenario|Activity 1|# 14|number.ceiling(var) - executing ceiling(var)(averageMarks)
2019-07-19 14:24:39,339|I|Thread-1|exampleProject.20190719_142431.001|Scenario|Activity 1|# 14|number.ceiling(var) - PASS Variable 'averageMarks' has been round up to 68
2019-07-19 14:24:39,946|I|Thread-1|exampleProject.20190719_142431.001|Scenario|Activity 1|# 15|base.verbose(text) - executing verbose(text)(Average rounded marks are :: ${averageMarks})
2019-07-19 14:24:39,951|I|Thread-1|exampleProject.20190719_142431.001|Scenario|Activity 1|# 15|base.verbose(text) - Average rounded marks are :: 68
2019-07-19 14:24:39,962|I|Thread-1|exampleProject.20190719_142431.001|Scenario|Activity 1|# 15|base.verbose(text) - PASS 
2019-07-19 14:24:40,224|I|Thread-1|[exampleProject.20190719_142431.001|Scenario] saving test scenario
2019-07-19 14:24:40,332|I|Thread-1|[20190719_142430] 
/-TEST COMPLETE-----------------------------------------------------------------
| Test Output:    C:\projects\exampleProject\output\20190719_142430\exampleProject.20190719_142431.001.xlsx
| Iteration:      1
\-------------------------------------------------------------------------------
» Execution Time: 7365 ms
» Test Steps:     11
» Error(s):       2



2019-07-19 14:24:47,322|I|Thread-1|[20190719_142430] 
/-TEST COMPLETE-----------------------------------------------------------------
| Test Script:    C:\projects\exampleProject\artifact\script\exampleProject.xlsx
\-------------------------------------------------------------------------------
» Execution Time: 17099 ms
» Iterations:     [1] total 1
» Test Steps:     11
» Passed:         9
» Error(s):       2
» Iteration 1 of 1: C:\projects\exampleProject\output\20190719_142430\exampleProject.20190719_142431.001.xlsx



2019-07-19 14:24:48,177|I|main|[20190719_142430] [C:\projects\exampleProject\artifact\script\exampleProject.xlsx] now completed
2019-07-19 14:24:48,179|I|main|[20190719_142430] all execution thread(s) have terminated
2019-07-19 14:24:48,182|I|main|[20190719_142430] test run completed in about 18 seconds
2019-07-19 14:24:48,281|I|main|No predefined nexial-setup found
2019-07-19 14:24:48,315|I|main|outputBase not set; output-to-cloud DISABLED!
2019-07-19 14:24:48,316|I|main|accessKey not set; output-to-cloud DISABLED!
2019-07-19 14:24:48,317|I|main|secretKey not set; output-to-cloud DISABLED!
2019-07-19 14:24:48,317|I|main|generating HTML output for this execution to C:\projects\exampleProject\output\20190719_142430\execution-output.html
2019-07-19 14:24:48,926|I|main|generating JUnit XML output for this execution to C:\projects\exampleProject\output\20190719_142430\junit.xml
2019-07-19 14:24:48,961|I|main|generated JUnit report for this execution: C:\projects\exampleProject\output\20190719_142430\junit.xml
2019-07-19 14:24:48,965|I|main|nexial mailer not enabled: nexial.enableEmail=false
2019-07-19 14:24:48,965|I|main|skipped email notification as configured
2019-07-19 14:24:48,967|I|main|exiting Nexial...
2019-07-19 14:24:48,968|I|main|

/-END OF EXECUTION--------------------------------------------------------------
| » Execution Time: 18 sec.
| » Test Steps....: 11
| » Passed........: 9
| » Failed........: 2
| » Success Rate..: 81.82%
\----------------------------------------------------------nexial-core 2.4_0567-

2019-07-19 14:24:48,969|E|main|failure found; success rate is 81.82%
2019-07-19 14:24:48,970|I|main|End of Execution:
NEXIAL_OUTPUT:         C:\projects\exampleProject\output\20190719_142430
NEXIAL_EXECUTION_HTML: C:\projects\exampleProject\output\20190719_142430\execution-output.html
NEXIAL_JUNIT_XML:      C:\projects\exampleProject\output\20190719_142430\junit.xml
NEXIAL_SUCCESS_RATE:   81.82%
NEXIAL_EXIT_STATUS:    -13
