2019-07-22 18:07:01,948|I|Thread-1|(DELAYED) nexial-core dev_0581 starting up...
2019-07-22 18:07:01,952|I|Thread-1|(DELAYED) data file resolved as C:\Users\DEEPAN~1\AppData\Local\Temp\AprJX\firstEvaluation.data.xlsx
2019-07-22 18:07:01,952|I|Thread-1|(DELAYED) input files and output directory resolved...
2019-07-22 18:07:01,952|I|Thread-1|(DELAYED) No predefined nexial-setup found
2019-07-22 18:07:01,952|I|Thread-1|(DELAYED) [20190722_180701] [C:\projects\firstEvaluation\artifact\script\firstEvaluation.xlsx] resolve RUN ID as 20190722_180701
2019-07-22 18:07:01,952|I|Thread-1|(DELAYED) [20190722_180701] [C:\projects\firstEvaluation\artifact\script\firstEvaluation.xlsx] new thread started
2019-07-22 18:07:01,956|I|Thread-1|No predefined nexial-setup found
2019-07-22 18:07:02,016|I|Thread-1|outputBase not set; output-to-cloud DISABLED!
2019-07-22 18:07:02,016|I|Thread-1|accessKey not set; output-to-cloud DISABLED!
2019-07-22 18:07:02,016|I|Thread-1|secretKey not set; output-to-cloud DISABLED!
2019-07-22 18:07:02,032|I|Thread-1|missing REQUIRED configuration; sms DISABLED!
2019-07-22 18:07:02,708|I|Thread-1|[20190722_180701] executing C:\projects\firstEvaluation\artifact\script\firstEvaluation.xlsx with 1 iteration(s)
2019-07-22 18:07:02,716|I|Thread-1|[20190722_180701] create directory C:\projects\firstEvaluation\output\20190722_180701\captures
2019-07-22 18:07:02,716|I|Thread-1|[20190722_180701] create directory C:\projects\firstEvaluation\output\20190722_180701\logs
2019-07-22 18:07:03,076|I|Thread-1|[20190722_180701] merging test data to tmp file C:\projects\firstEvaluation\output\20190722_180701\firstEvaluation.20190722_180702.001.xlsx
2019-07-22 18:07:03,076|I|Thread-1|refetching data from C:\projects\firstEvaluation\artifact\data\firstEvaluation.data.xlsx
2019-07-22 18:07:03,244|I|Thread-1|[20190722_180701] test script and test data merged to C:\projects\firstEvaluation\output\20190722_180701\firstEvaluation.20190722_180702.001.xlsx
2019-07-22 18:07:03,796|I|Thread-1|STARTS
2019-07-22 18:07:03,824|I|Thread-1|firstEvaluation.20190722_180702.001 - executing iteration #1 of 1; Iteration Id 1
2019-07-22 18:07:03,828|I|Thread-1|firstEvaluation.20190722_180702.001|JsonScenario - executing test scenario
2019-07-22 18:07:03,832|I|Thread-1|firstEvaluation.20190722_180702.001|JsonScenario|Activity 1 - executing activity
2019-07-22 18:07:04,434|I|Thread-1|firstEvaluation.20190722_180702.001|JsonScenario|Activity 1|#  5|json.storeValues(json,jso - executing storeValues(json,jsonpath,var)($(syspath|data|fullpath)/example_2.json, products[supplier=Wisozk Inc].product_name, productNames)
2019-07-22 18:07:04,506|I|Thread-1|firstEvaluation.20190722_180702.001|JsonScenario|Activity 1|#  5|json.storeValues(json,jso - PASS EXPECTED match against 'products[supplier=Wisozk Inc].product_name' stored to ${productNames}
2019-07-22 18:07:05,109|I|Thread-1|firstEvaluation.20190722_180702.001|JsonScenario|Activity 1|#  6|base.verbose(text) - executing verbose(text)(${productNames})
2019-07-22 18:07:05,109|I|Thread-1|firstEvaluation.20190722_180702.001|JsonScenario|Activity 1|#  6|base.verbose(text) - ["sildenafil citrate","Mountain Juniperus ashei"]
2019-07-22 18:07:05,252|I|Thread-1|firstEvaluation.20190722_180702.001|JsonScenario|Activity 1|#  6|base.verbose(text) - PASS 
2019-07-22 18:07:05,254|I|Thread-1|firstEvaluation.20190722_180702.001|JsonScenario|Activity 2 - executing activity
2019-07-22 18:07:05,858|I|Thread-1|firstEvaluation.20190722_180702.001|JsonScenario|Activity 2|#  7|json.storeValues(json,jso - executing storeValues(json,jsonpath,var)($(syspath|data|fullpath)/example_2.json, products[supplier=Wisozk Inc].quantity, quantityList)
2019-07-22 18:07:05,858|I|Thread-1|firstEvaluation.20190722_180702.001|JsonScenario|Activity 2|#  7|json.storeValues(json,jso - PASS EXPECTED match against 'products[supplier=Wisozk Inc].quantity' stored to ${quantityList}
2019-07-22 18:07:06,465|I|Thread-1|firstEvaluation.20190722_180702.001|JsonScenario|Activity 2|#  8|json.storeValues(json,jso - executing storeValues(json,jsonpath,var)($(syspath|data|fullpath)/example_2.json, products[supplier=Wisozk Inc].unit_cost, costList)
2019-07-22 18:07:06,465|I|Thread-1|firstEvaluation.20190722_180702.001|JsonScenario|Activity 2|#  8|json.storeValues(json,jso - PASS EXPECTED match against 'products[supplier=Wisozk Inc].unit_cost' stored to ${costList}
2019-07-22 18:07:07,071|I|Thread-1|firstEvaluation.20190722_180702.001|JsonScenario|Activity 2|#  9|base.save(var,value) - executing save(var,value)(unit_costList, [LIST${costList} => replaceRegex([$],)])
2019-07-22 18:07:07,071|I|Thread-1|firstEvaluation.20190722_180702.001|JsonScenario|Activity 2|#  9|base.save(var,value) - PASS stored '[LIST["$10.47","$8.74"] => replaceRegex([$],)]' as ${unit_costList}
2019-07-22 18:07:07,671|I|Thread-1|firstEvaluation.20190722_180702.001|JsonScenario|Activity 2|# 10|base.verbose(text) - executing verbose(text)(${unit_costList})
2019-07-22 18:07:07,671|I|Thread-1|firstEvaluation.20190722_180702.001|JsonScenario|Activity 2|# 10|base.verbose(text) - [LIST["$10.47","$8.74"] => replaceRegex([$],)]
2019-07-22 18:07:07,671|I|Thread-1|firstEvaluation.20190722_180702.001|JsonScenario|Activity 2|# 10|base.verbose(text) - PASS 
2019-07-22 18:07:08,273|I|Thread-1|firstEvaluation.20190722_180702.001|JsonScenario|Activity 2|# 11|base.save(var,value) - executing save(var,value)(sumTotal, 0)
2019-07-22 18:07:08,273|I|Thread-1|firstEvaluation.20190722_180702.001|JsonScenario|Activity 2|# 11|base.save(var,value) - PASS stored '0' as ${sumTotal}
2019-07-22 18:07:08,877|I|Thread-1|firstEvaluation.20190722_180702.001|JsonScenario|Activity 2|# 12|base.save(var,value) - executing save(var,value)(counter, 0)
2019-07-22 18:07:08,877|I|Thread-1|firstEvaluation.20190722_180702.001|JsonScenario|Activity 2|# 12|base.save(var,value) - PASS stored '0' as ${counter}
2019-07-22 18:07:09,479|I|Thread-1|firstEvaluation.20190722_180702.001|JsonScenario|Activity 2|# 13|base.save(var,value) - executing save(var,value)(length, $(array|length|${quantityList}))
2019-07-22 18:07:09,479|I|Thread-1|firstEvaluation.20190722_180702.001|JsonScenario|Activity 2|# 13|base.save(var,value) - PASS stored '2' as ${length}
2019-07-22 18:07:10,081|I|Thread-1|firstEvaluation.20190722_180702.001|JsonScenario|Activity 2|# 14|base.save(var,value) - executing save(var,value)(mulValue, 0)
2019-07-22 18:07:10,081|I|Thread-1|firstEvaluation.20190722_180702.001|JsonScenario|Activity 2|# 14|base.save(var,value) - PASS stored '0' as ${mulValue}
2019-07-22 18:07:10,683|I|Thread-1|firstEvaluation.20190722_180702.001|JsonScenario|Activity 2|# 15|base.verbose(text) - executing verbose(text)(${unit_costList})
2019-07-22 18:07:10,683|I|Thread-1|firstEvaluation.20190722_180702.001|JsonScenario|Activity 2|# 15|base.verbose(text) - [LIST["$10.47","$8.74"] => replaceRegex([$],)]
2019-07-22 18:07:10,683|I|Thread-1|firstEvaluation.20190722_180702.001|JsonScenario|Activity 2|# 15|base.verbose(text) - PASS 
2019-07-22 18:07:11,288|I|Thread-1|firstEvaluation.20190722_180702.001|JsonScenario|Activity 2|# 16|base.repeatUntil(steps,ma - executing repeatUntil(steps,maxWaitMs)(6, -1)
2019-07-22 18:07:11,288|I|Thread-1|firstEvaluation.20190722_180702.001|JsonScenario|Activity 2|# 17|base.assertEqual(expected - 
<[repeat-until] entering loop #1 --------------------------------------------->
2019-07-22 18:07:11,288|I|Thread-1|firstEvaluation.20190722_180702.001|JsonScenario|Activity 2|# 17|base.assertEqual(expected - executing assertEqual(expected,actual)(${length}, ${counter})
2019-07-22 18:07:11,288|I|Thread-1|firstEvaluation.20190722_180702.001|JsonScenario|Activity 2|# 18|base.save(var,value) - executing save(var,value)(unit_cost, $(array|item|${unit_costList}|${counter}))
2019-07-22 18:07:11,291|I|Thread-1|firstEvaluation.20190722_180702.001|JsonScenario|Activity 2|# 18|base.save(var,value) - [repeat-until] PASS stored '"$10.47"' as ${unit_cost}
2019-07-22 18:07:11,291|I|Thread-1|firstEvaluation.20190722_180702.001|JsonScenario|Activity 2|# 19|base.save(var,value) - executing save(var,value)(quantity, $(array|item|${quantityList}|${counter}))
2019-07-22 18:07:11,291|I|Thread-1|firstEvaluation.20190722_180702.001|JsonScenario|Activity 2|# 19|base.save(var,value) - [repeat-until] PASS stored '261' as ${quantity}
2019-07-22 18:07:11,291|I|Thread-1|firstEvaluation.20190722_180702.001|JsonScenario|Activity 2|# 20|base.save(var,value) - executing save(var,value)(mulValue, [NUMBER(${unit_cost}) => multiply(${quantity})])
2019-07-22 18:07:11,303|I|Thread-1|firstEvaluation.20190722_180702.001|JsonScenario|Activity 2|# 20|base.save(var,value) - [repeat-until] PASS stored '2732.67' as ${mulValue}
2019-07-22 18:07:11,303|I|Thread-1|firstEvaluation.20190722_180702.001|JsonScenario|Activity 2|# 21|base.save(var,value) - executing save(var,value)(sumTotal, [NUMBER(${sumTotal}) => add(${mulValue})])
2019-07-22 18:07:11,303|I|Thread-1|firstEvaluation.20190722_180702.001|JsonScenario|Activity 2|# 21|base.save(var,value) - [repeat-until] PASS stored '2732.67' as ${sumTotal}
2019-07-22 18:07:11,307|I|Thread-1|firstEvaluation.20190722_180702.001|JsonScenario|Activity 2|# 22|number.increment(var,amou - executing increment(var,amount)(counter, 1)
2019-07-22 18:07:11,307|I|Thread-1|firstEvaluation.20190722_180702.001|JsonScenario|Activity 2|# 22|number.increment(var,amou - [repeat-until] PASS incremented ${counter} by 1 to 1
2019-07-22 18:07:11,311|I|Thread-1|firstEvaluation.20190722_180702.001|JsonScenario|Activity 2|# 17|base.assertEqual(expected - 
<[repeat-until] entering loop #2 --------------------------------------------->
2019-07-22 18:07:11,315|I|Thread-1|firstEvaluation.20190722_180702.001|JsonScenario|Activity 2|# 17|base.assertEqual(expected - executing assertEqual(expected,actual)(${length}, ${counter})
2019-07-22 18:07:11,315|I|Thread-1|firstEvaluation.20190722_180702.001|JsonScenario|Activity 2|# 18|base.save(var,value) - executing save(var,value)(unit_cost, $(array|item|${unit_costList}|${counter}))
2019-07-22 18:07:11,319|I|Thread-1|firstEvaluation.20190722_180702.001|JsonScenario|Activity 2|# 18|base.save(var,value) - [repeat-until] PASS stored '"$8.74"' as ${unit_cost}
2019-07-22 18:07:11,319|I|Thread-1|firstEvaluation.20190722_180702.001|JsonScenario|Activity 2|# 19|base.save(var,value) - executing save(var,value)(quantity, $(array|item|${quantityList}|${counter}))
2019-07-22 18:07:11,319|I|Thread-1|firstEvaluation.20190722_180702.001|JsonScenario|Activity 2|# 19|base.save(var,value) - [repeat-until] PASS stored '292' as ${quantity}
2019-07-22 18:07:11,319|I|Thread-1|firstEvaluation.20190722_180702.001|JsonScenario|Activity 2|# 20|base.save(var,value) - executing save(var,value)(mulValue, [NUMBER(${unit_cost}) => multiply(${quantity})])
2019-07-22 18:07:11,319|I|Thread-1|firstEvaluation.20190722_180702.001|JsonScenario|Activity 2|# 20|base.save(var,value) - [repeat-until] PASS stored '2552.08' as ${mulValue}
2019-07-22 18:07:11,323|I|Thread-1|firstEvaluation.20190722_180702.001|JsonScenario|Activity 2|# 21|base.save(var,value) - executing save(var,value)(sumTotal, [NUMBER(${sumTotal}) => add(${mulValue})])
2019-07-22 18:07:11,323|I|Thread-1|firstEvaluation.20190722_180702.001|JsonScenario|Activity 2|# 21|base.save(var,value) - [repeat-until] PASS stored '5284.75' as ${sumTotal}
2019-07-22 18:07:11,323|I|Thread-1|firstEvaluation.20190722_180702.001|JsonScenario|Activity 2|# 22|number.increment(var,amou - executing increment(var,amount)(counter, 1)
2019-07-22 18:07:11,323|I|Thread-1|firstEvaluation.20190722_180702.001|JsonScenario|Activity 2|# 22|number.increment(var,amou - [repeat-until] PASS incremented ${counter} by 1 to 2
2019-07-22 18:07:11,323|I|Thread-1|firstEvaluation.20190722_180702.001|JsonScenario|Activity 2|# 17|base.assertEqual(expected - 
<[repeat-until] entering loop #3 --------------------------------------------->
2019-07-22 18:07:11,323|I|Thread-1|firstEvaluation.20190722_180702.001|JsonScenario|Activity 2|# 17|base.assertEqual(expected - executing assertEqual(expected,actual)(${length}, ${counter})
2019-07-22 18:07:11,323|I|Thread-1|firstEvaluation.20190722_180702.001|JsonScenario|Activity 2|# 16|base.repeatUntil(steps,ma - PASS repeat-until execution completed
2019-07-22 18:07:11,937|I|Thread-1|firstEvaluation.20190722_180702.001|JsonScenario|Activity 2|# 23|base.verbose(text) - executing verbose(text)(${sumTotal})
2019-07-22 18:07:11,937|I|Thread-1|firstEvaluation.20190722_180702.001|JsonScenario|Activity 2|# 23|base.verbose(text) - 5284.75
2019-07-22 18:07:11,937|I|Thread-1|firstEvaluation.20190722_180702.001|JsonScenario|Activity 2|# 23|base.verbose(text) - PASS 
2019-07-22 18:07:11,940|I|Thread-1|firstEvaluation.20190722_180702.001|JsonScenario|Activity 3 - executing activity
2019-07-22 18:07:12,542|I|Thread-1|firstEvaluation.20190722_180702.001|JsonScenario|Activity 3|# 24|io.readFile(var,file) - executing readFile(var,file)(jsonFile, $(syspath|data|fullpath)/example_2.json)
2019-07-22 18:07:12,542|I|Thread-1|firstEvaluation.20190722_180702.001|JsonScenario|Activity 3|# 24|io.readFile(var,file) - PASS Content read from 'C:\projects\firstEvaluation\artifact\data\example_2.json' to ${jsonFile}
2019-07-22 18:07:13,145|I|Thread-1|firstEvaluation.20190722_180702.001|JsonScenario|Activity 3|# 25|base.save(var,value) - executing save(var,value)(var, [JSON(${jsonFile} => extract(products[unit_cost => ascending])])
2019-07-22 18:07:13,205|I|Thread-1|firstEvaluation.20190722_180702.001|JsonScenario|Activity 3|# 25|base.save(var,value) - PASS stored '[JSON({
	"products": 
		[{
  			"_id": {
 			   "orderid": "5968dd23fc13ae04d9000001"
  				},
  			"product_name": "sildenafil citrate",
  			"supplier": "Wisozk Inc",
  			"quantity": 261,
  			"unit_cost": "$10.47"
		}, 
		{
 			"_id": {
    			  "orderid": "5968dd23fc13ae04d9000002"
  				},
 			  "product_name": "Mountain Juniperus ashei",
  			  "supplier": "Wisozk Inc",
			  "quantity": 292,
			  "unit_cost": "$8.74"
		},
		{
			 "_id": {
			    "orderid": "5968dd23fc13ae04d9000003"
				},
			    "product_name": "Dextromathorphan HBr",
			    "supplier": "Schmitt-Weissnat",
  		            "quantity": 211,
  			    "unit_cost": "$20.53"
		},
		{
			 "_id": {
			    "orderid": "5968dd23fc13ae04d9000004"
 				 },
  			    "product_name": "Dextromathorphan HBr",
			    "supplier": "SC-Pharmacy",
			    "quantity": 211,
			    "unit_cost": "$20.53"
		}]
} => extract(products[unit_cost => ascending])]' as ${var}
2019-07-22 18:07:13,811|I|Thread-1|firstEvaluation.20190722_180702.001|JsonScenario|Activity 3|# 26|json.storeValues(json,jso - executing storeValues(json,jsonpath,var)(var, products.product_name, result)
2019-07-22 18:07:13,811|E|Thread-1|Error converting string to JSON object: A JSONObject text must begin with '{' at 1 [character 2 line 1]
org.json.JSONException: A JSONObject text must begin with '{' at 1 [character 2 line 1]
	at org.json.JSONTokener.syntaxError(JSONTokener.java:505)
	at org.json.JSONObject.<init>(JSONObject.java:214)
	at org.json.JSONObject.<init>(JSONObject.java:357)
	at org.nexial.core.utils.JsonUtils.toJSONObject(JsonUtils.java:75)
	at org.nexial.core.plugins.json.JsonCommand.resolveToJSONObject(JsonCommand.java:323)
	at org.nexial.core.plugins.json.JsonCommand.toJSONObject(JsonCommand.java:441)
	at org.nexial.core.plugins.json.JsonCommand.sanityCheck(JsonCommand.java:445)
	at org.nexial.core.plugins.json.JsonCommand.find(JsonCommand.java:449)
	at org.nexial.core.plugins.json.JsonCommand.extractJsonValue(JsonCommand.java:384)
	at org.nexial.core.plugins.json.JsonCommand.storeValues(JsonCommand.java:123)
	at sun.reflect.NativeMethodAccessorImpl.invoke0(Native Method)
	at sun.reflect.NativeMethodAccessorImpl.invoke(Unknown Source)
	at sun.reflect.DelegatingMethodAccessorImpl.invoke(Unknown Source)
	at java.lang.reflect.Method.invoke(Unknown Source)
	at org.nexial.core.plugins.base.BaseCommand.execute(BaseCommand.java:156)
	at org.nexial.core.model.TestStep.invokeCommand(TestStep.java:327)
	at org.nexial.core.model.TestStep.execute(TestStep.java:169)
	at org.nexial.core.model.TestCase.execute(TestCase.java:94)
	at org.nexial.core.model.TestScenario.execute(TestScenario.java:130)
	at org.nexial.core.model.ExecutionContext.execute(ExecutionContext.java:1184)
	at org.nexial.core.ExecutionThread.run(ExecutionThread.java:174)
2019-07-22 18:07:13,815|E|Thread-1|JSON string in error is as follows:
var
2019-07-22 18:07:13,815|E|Thread-1|firstEvaluation.20190722_180702.001|JsonScenario|Activity 3|# 26|json.storeValues(json,jso - FAIL EXPECTED match against 'products.product_name' was not found
2019-07-22 18:07:14,420|I|Thread-1|firstEvaluation.20190722_180702.001|JsonScenario|Activity 3|# 27|base.verbose(text) - executing verbose(text)(result)
2019-07-22 18:07:14,420|I|Thread-1|firstEvaluation.20190722_180702.001|JsonScenario|Activity 3|# 27|base.verbose(text) - result
2019-07-22 18:07:14,420|I|Thread-1|firstEvaluation.20190722_180702.001|JsonScenario|Activity 3|# 27|base.verbose(text) - PASS 
2019-07-22 18:07:14,420|I|Thread-1|firstEvaluation.20190722_180702.001|JsonScenario|Activity 4 - executing activity
2019-07-22 18:07:15,021|I|Thread-1|firstEvaluation.20190722_180702.001|JsonScenario|Activity 4|# 28|json.storeValues(json,jso - executing storeValues(json,jsonpath,var)($(syspath|data|fullpath)/example_2.json, products[product_name=Dextromathorphan HBr].supplier, supplierList)
2019-07-22 18:07:15,021|I|Thread-1|firstEvaluation.20190722_180702.001|JsonScenario|Activity 4|# 28|json.storeValues(json,jso - PASS EXPECTED match against 'products[product_name=Dextromathorphan HBr].supplier' stored to ${supplierList}
2019-07-22 18:07:15,625|I|Thread-1|firstEvaluation.20190722_180702.001|JsonScenario|Activity 4|# 29|base.verbose(text) - executing verbose(text)(${supplierList})
2019-07-22 18:07:15,625|I|Thread-1|firstEvaluation.20190722_180702.001|JsonScenario|Activity 4|# 29|base.verbose(text) - ["Schmitt-Weissnat","SC-Pharmacy"]
2019-07-22 18:07:15,625|I|Thread-1|firstEvaluation.20190722_180702.001|JsonScenario|Activity 4|# 29|base.verbose(text) - PASS 
2019-07-22 18:07:15,625|I|Thread-1|firstEvaluation.20190722_180702.001|JsonScenario|Activity 5 - executing activity
2019-07-22 18:07:16,229|I|Thread-1|firstEvaluation.20190722_180702.001|JsonScenario|Activity 5|# 30|json.storeValues(json,jso - executing storeValues(json,jsonpath,var)($(syspath|data|fullpath)/example_2.json, products.product_name, productList)
2019-07-22 18:07:16,261|I|Thread-1|firstEvaluation.20190722_180702.001|JsonScenario|Activity 5|# 30|json.storeValues(json,jso - PASS EXPECTED match against 'products.product_name' stored to ${productList}
2019-07-22 18:07:16,862|I|Thread-1|firstEvaluation.20190722_180702.001|JsonScenario|Activity 5|# 31|json.storeValues(json,jso - executing storeValues(json,jsonpath,var)($(syspath|data|fullpath)/example_2.json, products.unit_cost, costList)
2019-07-22 18:07:16,862|I|Thread-1|firstEvaluation.20190722_180702.001|JsonScenario|Activity 5|# 31|json.storeValues(json,jso - PASS EXPECTED match against 'products.unit_cost' stored to ${costList}
2019-07-22 18:07:17,463|I|Thread-1|firstEvaluation.20190722_180702.001|JsonScenario|Activity 5|# 32|base.save(var,value) - executing save(var,value)(unit_costList, [LIST${costList} => replaceRegex([$],)])
2019-07-22 18:07:17,463|I|Thread-1|firstEvaluation.20190722_180702.001|JsonScenario|Activity 5|# 32|base.save(var,value) - PASS stored '[LIST["$10.47","$8.74","$20.53","$20.53"] => replaceRegex([$],)]' as ${unit_costList}
2019-07-22 18:07:18,063|I|Thread-1|firstEvaluation.20190722_180702.001|JsonScenario|Activity 5|# 33|base.save(var,value) - executing save(var,value)(counter, 0)
2019-07-22 18:07:18,063|I|Thread-1|firstEvaluation.20190722_180702.001|JsonScenario|Activity 5|# 33|base.save(var,value) - PASS stored '0' as ${counter}
2019-07-22 18:07:18,664|I|Thread-1|firstEvaluation.20190722_180702.001|JsonScenario|Activity 5|# 34|base.save(var,value) - executing save(var,value)(finalList, abcd)
2019-07-22 18:07:18,664|I|Thread-1|firstEvaluation.20190722_180702.001|JsonScenario|Activity 5|# 34|base.save(var,value) - PASS stored 'abcd' as ${finalList}
2019-07-22 18:07:19,267|I|Thread-1|firstEvaluation.20190722_180702.001|JsonScenario|Activity 5|# 35|base.repeatUntil(steps,ma - executing repeatUntil(steps,maxWaitMs)(6, -1)
2019-07-22 18:07:19,267|I|Thread-1|firstEvaluation.20190722_180702.001|JsonScenario|Activity 5|# 36|base.assertEqual(expected - 
<[repeat-until] entering loop #1 --------------------------------------------->
2019-07-22 18:07:19,267|I|Thread-1|firstEvaluation.20190722_180702.001|JsonScenario|Activity 5|# 36|base.assertEqual(expected - executing assertEqual(expected,actual)($(array|length|${unit_costList}), ${counter})
2019-07-22 18:07:19,267|I|Thread-1|firstEvaluation.20190722_180702.001|JsonScenario|Activity 5|# 37|base.save(var,value) - executing save(var,value)(value, $(array|item|${unit_costList}|${counter}))
2019-07-22 18:07:19,267|I|Thread-1|firstEvaluation.20190722_180702.001|JsonScenario|Activity 5|# 37|base.save(var,value) - [repeat-until] PASS stored '"$10.47"' as ${value}
2019-07-22 18:07:19,270|I|Thread-1|firstEvaluation.20190722_180702.001|JsonScenario|Activity 5|# 38|base.save(var,value) - executing save(var,value)(cost, [TEXT(${value}) => remove($) remove(") ])
2019-07-22 18:07:19,270|I|Thread-1|firstEvaluation.20190722_180702.001|JsonScenario|Activity 5|# 38|base.save(var,value) - [repeat-until] PASS stored '10.47' as ${cost}
2019-07-22 18:07:19,270|I|Thread-1|firstEvaluation.20190722_180702.001|JsonScenario|Activity 5|# 39|base.verbose(text) - executing verbose(text)(${cost})
2019-07-22 18:07:19,274|I|Thread-1|firstEvaluation.20190722_180702.001|JsonScenario|Activity 5|# 39|base.verbose(text) - 10.47
2019-07-22 18:07:19,274|I|Thread-1|firstEvaluation.20190722_180702.001|JsonScenario|Activity 5|# 39|base.verbose(text) - [repeat-until] PASS 10.47
2019-07-22 18:07:19,274|I|Thread-1|firstEvaluation.20190722_180702.001|JsonScenario|Activity 5|# 40|base.verbose(text) - executing verbose(text)([LIST(${finalList}) => append($(array|item|${productList}|${counter}))])
2019-07-22 18:07:19,274|I|Thread-1|evaluating flow control:	SkipIf(10.47>20)		=> NOT MATCHED
2019-07-22 18:07:19,278|I|Thread-1|firstEvaluation.20190722_180702.001|JsonScenario|Activity 5|# 40|base.verbose(text) - abcd,"sildenafil citrate"
2019-07-22 18:07:19,282|I|Thread-1|firstEvaluation.20190722_180702.001|JsonScenario|Activity 5|# 40|base.verbose(text) - [repeat-until] PASS abcd,"sildenafil citrate"
2019-07-22 18:07:19,282|I|Thread-1|firstEvaluation.20190722_180702.001|JsonScenario|Activity 5|# 41|number.increment(var,amou - executing increment(var,amount)(counter, 1)
2019-07-22 18:07:19,282|I|Thread-1|firstEvaluation.20190722_180702.001|JsonScenario|Activity 5|# 41|number.increment(var,amou - [repeat-until] PASS incremented ${counter} by 1 to 1
2019-07-22 18:07:19,282|I|Thread-1|firstEvaluation.20190722_180702.001|JsonScenario|Activity 5|# 36|base.assertEqual(expected - 
<[repeat-until] entering loop #2 --------------------------------------------->
2019-07-22 18:07:19,282|I|Thread-1|firstEvaluation.20190722_180702.001|JsonScenario|Activity 5|# 36|base.assertEqual(expected - executing assertEqual(expected,actual)($(array|length|${unit_costList}), ${counter})
2019-07-22 18:07:19,282|I|Thread-1|firstEvaluation.20190722_180702.001|JsonScenario|Activity 5|# 37|base.save(var,value) - executing save(var,value)(value, $(array|item|${unit_costList}|${counter}))
2019-07-22 18:07:19,286|I|Thread-1|firstEvaluation.20190722_180702.001|JsonScenario|Activity 5|# 37|base.save(var,value) - [repeat-until] PASS stored '"$8.74"' as ${value}
2019-07-22 18:07:19,286|I|Thread-1|firstEvaluation.20190722_180702.001|JsonScenario|Activity 5|# 38|base.save(var,value) - executing save(var,value)(cost, [TEXT(${value}) => remove($) remove(") ])
2019-07-22 18:07:19,286|I|Thread-1|firstEvaluation.20190722_180702.001|JsonScenario|Activity 5|# 38|base.save(var,value) - [repeat-until] PASS stored '8.74' as ${cost}
2019-07-22 18:07:19,286|I|Thread-1|firstEvaluation.20190722_180702.001|JsonScenario|Activity 5|# 39|base.verbose(text) - executing verbose(text)(${cost})
2019-07-22 18:07:19,290|I|Thread-1|firstEvaluation.20190722_180702.001|JsonScenario|Activity 5|# 39|base.verbose(text) - 8.74
2019-07-22 18:07:19,294|I|Thread-1|firstEvaluation.20190722_180702.001|JsonScenario|Activity 5|# 39|base.verbose(text) - [repeat-until] PASS 8.74
2019-07-22 18:07:19,294|I|Thread-1|firstEvaluation.20190722_180702.001|JsonScenario|Activity 5|# 40|base.verbose(text) - executing verbose(text)([LIST(${finalList}) => append($(array|item|${productList}|${counter}))])
2019-07-22 18:07:19,294|I|Thread-1|evaluating flow control:	SkipIf(8.74>20)		=> NOT MATCHED
2019-07-22 18:07:19,294|I|Thread-1|firstEvaluation.20190722_180702.001|JsonScenario|Activity 5|# 40|base.verbose(text) - abcd,"Mountain Juniperus ashei"
2019-07-22 18:07:19,298|I|Thread-1|firstEvaluation.20190722_180702.001|JsonScenario|Activity 5|# 40|base.verbose(text) - [repeat-until] PASS abcd,"Mountain Juniperus ashei"
2019-07-22 18:07:19,298|I|Thread-1|firstEvaluation.20190722_180702.001|JsonScenario|Activity 5|# 41|number.increment(var,amou - executing increment(var,amount)(counter, 1)
2019-07-22 18:07:19,298|I|Thread-1|firstEvaluation.20190722_180702.001|JsonScenario|Activity 5|# 41|number.increment(var,amou - [repeat-until] PASS incremented ${counter} by 1 to 2
2019-07-22 18:07:19,298|I|Thread-1|firstEvaluation.20190722_180702.001|JsonScenario|Activity 5|# 36|base.assertEqual(expected - 
<[repeat-until] entering loop #3 --------------------------------------------->
2019-07-22 18:07:19,298|I|Thread-1|firstEvaluation.20190722_180702.001|JsonScenario|Activity 5|# 36|base.assertEqual(expected - executing assertEqual(expected,actual)($(array|length|${unit_costList}), ${counter})
2019-07-22 18:07:19,298|I|Thread-1|firstEvaluation.20190722_180702.001|JsonScenario|Activity 5|# 37|base.save(var,value) - executing save(var,value)(value, $(array|item|${unit_costList}|${counter}))
2019-07-22 18:07:19,298|I|Thread-1|firstEvaluation.20190722_180702.001|JsonScenario|Activity 5|# 37|base.save(var,value) - [repeat-until] PASS stored '"$20.53"' as ${value}
2019-07-22 18:07:19,298|I|Thread-1|firstEvaluation.20190722_180702.001|JsonScenario|Activity 5|# 38|base.save(var,value) - executing save(var,value)(cost, [TEXT(${value}) => remove($) remove(") ])
2019-07-22 18:07:19,298|I|Thread-1|firstEvaluation.20190722_180702.001|JsonScenario|Activity 5|# 38|base.save(var,value) - [repeat-until] PASS stored '20.53' as ${cost}
2019-07-22 18:07:19,302|I|Thread-1|firstEvaluation.20190722_180702.001|JsonScenario|Activity 5|# 39|base.verbose(text) - executing verbose(text)(${cost})
2019-07-22 18:07:19,302|I|Thread-1|firstEvaluation.20190722_180702.001|JsonScenario|Activity 5|# 39|base.verbose(text) - 20.53
2019-07-22 18:07:19,302|I|Thread-1|firstEvaluation.20190722_180702.001|JsonScenario|Activity 5|# 39|base.verbose(text) - [repeat-until] PASS 20.53
2019-07-22 18:07:19,302|I|Thread-1|firstEvaluation.20190722_180702.001|JsonScenario|Activity 5|# 40|base.verbose(text) - executing verbose(text)([LIST(${finalList}) => append($(array|item|${productList}|${counter}))])
2019-07-22 18:07:19,310|I|Thread-1|evaluating flow control:	SkipIf(20.53>20)		=> MATCHED
2019-07-22 18:07:19,314|I|Thread-1|firstEvaluation.20190722_180702.001|JsonScenario|Activity 5|# 40|base.verbose(text) - [repeat-until] SKIPPED current step skipped: SkipIf(${cost} > 20)
2019-07-22 18:07:19,314|I|Thread-1|firstEvaluation.20190722_180702.001|JsonScenario|Activity 5|# 41|number.increment(var,amou - executing increment(var,amount)(counter, 1)
2019-07-22 18:07:19,314|I|Thread-1|firstEvaluation.20190722_180702.001|JsonScenario|Activity 5|# 41|number.increment(var,amou - [repeat-until] PASS incremented ${counter} by 1 to 3
2019-07-22 18:07:19,314|I|Thread-1|firstEvaluation.20190722_180702.001|JsonScenario|Activity 5|# 36|base.assertEqual(expected - 
<[repeat-until] entering loop #4 --------------------------------------------->
2019-07-22 18:07:19,314|I|Thread-1|firstEvaluation.20190722_180702.001|JsonScenario|Activity 5|# 36|base.assertEqual(expected - executing assertEqual(expected,actual)($(array|length|${unit_costList}), ${counter})
2019-07-22 18:07:19,314|I|Thread-1|firstEvaluation.20190722_180702.001|JsonScenario|Activity 5|# 37|base.save(var,value) - executing save(var,value)(value, $(array|item|${unit_costList}|${counter}))
2019-07-22 18:07:19,314|I|Thread-1|firstEvaluation.20190722_180702.001|JsonScenario|Activity 5|# 37|base.save(var,value) - [repeat-until] PASS stored '"$20.53"' as ${value}
2019-07-22 18:07:19,314|I|Thread-1|firstEvaluation.20190722_180702.001|JsonScenario|Activity 5|# 38|base.save(var,value) - executing save(var,value)(cost, [TEXT(${value}) => remove($) remove(") ])
2019-07-22 18:07:19,318|I|Thread-1|firstEvaluation.20190722_180702.001|JsonScenario|Activity 5|# 38|base.save(var,value) - [repeat-until] PASS stored '20.53' as ${cost}
2019-07-22 18:07:19,318|I|Thread-1|firstEvaluation.20190722_180702.001|JsonScenario|Activity 5|# 39|base.verbose(text) - executing verbose(text)(${cost})
2019-07-22 18:07:19,318|I|Thread-1|firstEvaluation.20190722_180702.001|JsonScenario|Activity 5|# 39|base.verbose(text) - 20.53
2019-07-22 18:07:19,318|I|Thread-1|firstEvaluation.20190722_180702.001|JsonScenario|Activity 5|# 39|base.verbose(text) - [repeat-until] PASS 20.53
2019-07-22 18:07:19,318|I|Thread-1|firstEvaluation.20190722_180702.001|JsonScenario|Activity 5|# 40|base.verbose(text) - executing verbose(text)([LIST(${finalList}) => append($(array|item|${productList}|${counter}))])
2019-07-22 18:07:19,318|I|Thread-1|evaluating flow control:	SkipIf(20.53>20)		=> MATCHED
2019-07-22 18:07:19,318|I|Thread-1|firstEvaluation.20190722_180702.001|JsonScenario|Activity 5|# 40|base.verbose(text) - [repeat-until] SKIPPED current step skipped: SkipIf(${cost} > 20)
2019-07-22 18:07:19,318|I|Thread-1|firstEvaluation.20190722_180702.001|JsonScenario|Activity 5|# 41|number.increment(var,amou - executing increment(var,amount)(counter, 1)
2019-07-22 18:07:19,318|I|Thread-1|firstEvaluation.20190722_180702.001|JsonScenario|Activity 5|# 41|number.increment(var,amou - [repeat-until] PASS incremented ${counter} by 1 to 4
2019-07-22 18:07:19,318|I|Thread-1|firstEvaluation.20190722_180702.001|JsonScenario|Activity 5|# 36|base.assertEqual(expected - 
<[repeat-until] entering loop #5 --------------------------------------------->
2019-07-22 18:07:19,318|I|Thread-1|firstEvaluation.20190722_180702.001|JsonScenario|Activity 5|# 36|base.assertEqual(expected - executing assertEqual(expected,actual)($(array|length|${unit_costList}), ${counter})
2019-07-22 18:07:19,330|I|Thread-1|firstEvaluation.20190722_180702.001|JsonScenario|Activity 5|# 35|base.repeatUntil(steps,ma - PASS repeat-until execution completed
2019-07-22 18:07:19,934|I|Thread-1|firstEvaluation.20190722_180702.001|JsonScenario|Activity 5|# 42|base.verbose(text) - executing verbose(text)(${finalList})
2019-07-22 18:07:19,934|I|Thread-1|firstEvaluation.20190722_180702.001|JsonScenario|Activity 5|# 42|base.verbose(text) - abcd
2019-07-22 18:07:19,934|I|Thread-1|firstEvaluation.20190722_180702.001|JsonScenario|Activity 5|# 42|base.verbose(text) - PASS 
2019-07-22 18:07:20,129|I|Thread-1|[firstEvaluation.20190722_180702.001|JsonScenario] saving test scenario
2019-07-22 18:07:20,213|I|Thread-1|firstEvaluation.20190722_180702.001|XMLScenario - executing test scenario
2019-07-22 18:07:20,213|I|Thread-1|firstEvaluation.20190722_180702.001|XMLScenario|Activity 1 - executing activity
2019-07-22 18:07:20,815|I|Thread-1|firstEvaluation.20190722_180702.001|XMLScenario|Activity 1|#  5|xml.storeValues(xml,xpath - executing storeValues(xml,xpath,var)($(syspath|data|fullpath)/example_1.xml)
2019-07-22 18:07:20,815|E|Thread-1|firstEvaluation.20190722_180702.001|XMLScenario|Activity 1|#  5|xml.storeValues(xml,xpath - FAIL MISMATCHED parameters - xml.storeValues EXPECTS 3 but found 1
2019-07-22 18:07:20,831|I|Thread-1|[firstEvaluation.20190722_180702.001|XMLScenario] saving test scenario
2019-07-22 18:07:20,899|I|Thread-1|[20190722_180701] 
/-TEST COMPLETE-----------------------------------------------------------------
| Test Output:    C:\projects\firstEvaluation\output\20190722_180701\firstEvaluation.20190722_180702.001.xlsx
| Iteration:      1
\-------------------------------------------------------------------------------
» Execution Time: 17067 ms
» Test Steps:     27
» Error(s):       2



2019-07-22 18:07:22,888|I|Thread-1|[20190722_180701] 
/-TEST COMPLETE-----------------------------------------------------------------
| Test Script:    C:\projects\firstEvaluation\artifact\script\firstEvaluation.xlsx
\-------------------------------------------------------------------------------
» Execution Time: 21064 ms
» Iterations:     [1] total 1
» Test Steps:     27
» Passed:         25
» Error(s):       2
» Iteration 1 of 1: C:\projects\firstEvaluation\output\20190722_180701\firstEvaluation.20190722_180702.001.xlsx



2019-07-22 18:07:23,827|I|main|[20190722_180701] [C:\projects\firstEvaluation\artifact\script\firstEvaluation.xlsx] now completed
2019-07-22 18:07:23,827|I|main|[20190722_180701] all execution thread(s) have terminated
2019-07-22 18:07:23,827|I|main|[20190722_180701] test run completed in about 22 seconds
2019-07-22 18:07:23,878|I|main|No predefined nexial-setup found
2019-07-22 18:07:23,894|I|main|outputBase not set; output-to-cloud DISABLED!
2019-07-22 18:07:23,898|I|main|accessKey not set; output-to-cloud DISABLED!
2019-07-22 18:07:23,898|I|main|secretKey not set; output-to-cloud DISABLED!
2019-07-22 18:07:23,898|I|main|generating HTML output for this execution to C:\projects\firstEvaluation\output\20190722_180701\execution-output.html
2019-07-22 18:07:24,538|I|main|generating JUnit XML output for this execution to C:\projects\firstEvaluation\output\20190722_180701\junit.xml
2019-07-22 18:07:24,586|I|main|generated JUnit report for this execution: C:\projects\firstEvaluation\output\20190722_180701\junit.xml
2019-07-22 18:07:24,638|I|main|nexial mailer not enabled: nexial.enableEmail=false
2019-07-22 18:07:24,642|I|main|skipped email notification as configured
2019-07-22 18:07:24,642|I|main|exiting Nexial...
2019-07-22 18:07:24,642|I|main|

/-END OF EXECUTION--------------------------------------------------------------
| » Execution Time: 22 sec.
| » Test Steps....: 27
| » Passed........: 25
| » Failed........: 2
| » Success Rate..: 92.59%
\----------------------------------------------------------nexial-core dev_0581-

2019-07-22 18:07:24,642|E|main|failure found; success rate is 92.59%
2019-07-22 18:07:24,642|I|main|End of Execution:
NEXIAL_OUTPUT:         C:\projects\firstEvaluation\output\20190722_180701
NEXIAL_EXECUTION_HTML: C:\projects\firstEvaluation\output\20190722_180701\execution-output.html
NEXIAL_JUNIT_XML:      C:\projects\firstEvaluation\output\20190722_180701\junit.xml
NEXIAL_SUCCESS_RATE:   92.59%
NEXIAL_EXIT_STATUS:    -13
