2019-07-29 10:25:23,972|I|Thread-1|(DELAYED) nexial-core 2.4_0567 starting up...
2019-07-29 10:25:23,972|I|Thread-1|(DELAYED) data file resolved as C:\Users\DEEPAN~1.PAT\AppData\Local\Temp\lPDpp\secondAssignment.data.xlsx
2019-07-29 10:25:23,972|I|Thread-1|(DELAYED) input files and output directory resolved...
2019-07-29 10:25:23,972|I|Thread-1|(DELAYED) No predefined nexial-setup found
2019-07-29 10:25:23,972|I|Thread-1|(DELAYED) [20190729_102523] [C:\projects\secondAssignment\artifact\script\secondAssignment.xlsx] resolve RUN ID as 20190729_102523
2019-07-29 10:25:23,972|I|Thread-1|(DELAYED) [20190729_102523] [C:\projects\secondAssignment\artifact\script\secondAssignment.xlsx] new thread started
2019-07-29 10:25:23,972|I|Thread-1|No predefined nexial-setup found
2019-07-29 10:25:24,065|I|Thread-1|outputBase not set; output-to-cloud DISABLED!
2019-07-29 10:25:24,065|I|Thread-1|accessKey not set; output-to-cloud DISABLED!
2019-07-29 10:25:24,081|I|Thread-1|secretKey not set; output-to-cloud DISABLED!
2019-07-29 10:25:24,112|I|Thread-1|missing REQUIRED configuration; sms DISABLED!
2019-07-29 10:25:25,626|I|Thread-1|[20190729_102523] executing C:\projects\secondAssignment\artifact\script\secondAssignment.xlsx with 1 iteration(s)
2019-07-29 10:25:25,642|I|Thread-1|[20190729_102523] create directory C:\projects\secondAssignment\output\20190729_102523\captures
2019-07-29 10:25:25,642|I|Thread-1|[20190729_102523] create directory C:\projects\secondAssignment\output\20190729_102523\logs
2019-07-29 10:25:26,266|I|Thread-1|[20190729_102523] merging test data to tmp file C:\projects\secondAssignment\output\20190729_102523\secondAssignment.20190729_102525.001.xlsx
2019-07-29 10:25:26,266|I|Thread-1|refetching data from C:\projects\secondAssignment\artifact\data\secondAssignment.data.xlsx
2019-07-29 10:25:26,739|I|Thread-1|[20190729_102523] test script and test data merged to C:\projects\secondAssignment\output\20190729_102523\secondAssignment.20190729_102525.001.xlsx
2019-07-29 10:25:27,583|I|Thread-1|STARTS
2019-07-29 10:25:27,614|I|Thread-1|secondAssignment.20190729_102525.001 - executing iteration #1 of 1; Iteration Id 1
2019-07-29 10:25:27,646|I|Thread-1|secondAssignment.20190729_102525.001|Scenario - executing test scenario
2019-07-29 10:25:27,646|I|Thread-1|secondAssignment.20190729_102525.001|Scenario|Activity 1 - executing activity
2019-07-29 10:25:28,255|I|Thread-1|secondAssignment.20190729_102525.001|Scenario|Activity 1|#  5|web.open(url) - executing open(url)(https://opensource-demo.orangehrmlive.com/)
2019-07-29 10:25:28,255|I|Thread-1|No valid instance of webdriver, initializing...
2019-07-29 10:25:28,255|I|Thread-1|init chrome
2019-07-29 10:25:28,458|I|Thread-1|secondAssignment.20190729_102525.001|Scenario|Activity 1|#  5|web.open(url) - Executing request GET https://chromedriver.storage.googleapis.com/LATEST_RELEASE HTTP/1.1
2019-07-29 10:25:28,474|I|Thread-1|Executing request GET https://chromedriver.storage.googleapis.com/LATEST_RELEASE HTTP/1.1
2019-07-29 10:25:29,442|I|Thread-1|secondAssignment.20190729_102525.001|Scenario|Activity 1|#  5|web.open(url) - Executed request GET https://chromedriver.storage.googleapis.com/LATEST_RELEASE HTTP/1.1: HTTP/1.1 200 OK
2019-07-29 10:25:29,458|I|Thread-1|Executed request GET https://chromedriver.storage.googleapis.com/LATEST_RELEASE HTTP/1.1: HTTP/1.1 200 OK
2019-07-29 10:25:29,458|I|Thread-1|secondAssignment.20190729_102525.001|Scenario|Activity 1|#  5|web.open(url) - Saving response payload as raw bytes to Response object
2019-07-29 10:25:29,458|I|Thread-1|Saving response payload as raw bytes to Response object
2019-07-29 10:25:29,458|I|Thread-1|[Chrome] derived download URL as https://chromedriver.storage.googleapis.com/75.0.3770.140/chromedriver_win32.zip
2019-07-29 10:25:29,474|I|Thread-1|secondAssignment.20190729_102525.001|Scenario|Activity 1|#  5|web.open(url) - Executing request GET https://chromedriver.storage.googleapis.com/75.0.3770.140/chromedriver_win32.zip HTTP/1.1
2019-07-29 10:25:29,474|I|Thread-1|Executing request GET https://chromedriver.storage.googleapis.com/75.0.3770.140/chromedriver_win32.zip HTTP/1.1
2019-07-29 10:25:29,567|I|Thread-1|secondAssignment.20190729_102525.001|Scenario|Activity 1|#  5|web.open(url) - Executed request GET https://chromedriver.storage.googleapis.com/75.0.3770.140/chromedriver_win32.zip HTTP/1.1: HTTP/1.1 200 OK
2019-07-29 10:25:29,583|I|Thread-1|Executed request GET https://chromedriver.storage.googleapis.com/75.0.3770.140/chromedriver_win32.zip HTTP/1.1: HTTP/1.1 200 OK
2019-07-29 10:25:29,583|I|Thread-1|secondAssignment.20190729_102525.001|Scenario|Activity 1|#  5|web.open(url) - Saving response payload to C:\Users\deepankar.pathal\.nexial\chrome\chromedriver.exe.zip
2019-07-29 10:25:29,583|I|Thread-1|Saving response payload to C:\Users\deepankar.pathal\.nexial\chrome\chromedriver.exe.zip
2019-07-29 10:25:31,429|I|Thread-1|[C:\Users\deepankar.pathal\.nexial\chrome\chromedriver.exe.zip]: Unzipping to C:\Users\deepankar.pathal\.nexial\chrome\chromedriver.exe
2019-07-29 10:25:32,679|I|Thread-1|[WebDriverHelper] webdriver for chrome downloaded to C:\Users\deepankar.pathal\.nexial\chrome\chromedriver.exe
2019-07-29 10:25:39,942|I|Thread-1|browser initialization completed for 'chrome'
2019-07-29 10:25:39,957|I|Thread-1|setting browser polling wait time to 800 ms
2019-07-29 10:25:39,973|I|Thread-1|setting browser page load timeout to 10000 ms
2019-07-29 10:25:43,524|I|Thread-1|current browser window handle:CDwindow-0F79602D4C062BDC3C064CDC2A624142
2019-07-29 10:25:43,555|I|Thread-1|secondAssignment.20190729_102525.001|Scenario|Activity 1|#  5|web.open(url) - PASS opened URL https://opensource-demo.orangehrmlive.com/
2019-07-29 10:25:43,665|I|Thread-1|[secondAssignment.20190729_102525.001|Scenario] saving test scenario
2019-07-29 10:25:43,758|I|Thread-1|[20190729_102523] 
/-TEST COMPLETE-----------------------------------------------------------------
| Test Output:    C:\projects\secondAssignment\output\20190729_102523\secondAssignment.20190729_102525.001.xlsx
| Iteration:      1
\-------------------------------------------------------------------------------
» Execution Time: 16129 ms
» Test Steps:     1
» Error(s):       0



2019-07-29 10:25:47,314|I|Thread-1|[20190729_102523] 
/-TEST COMPLETE-----------------------------------------------------------------
| Test Script:    C:\projects\secondAssignment\artifact\script\secondAssignment.xlsx
\-------------------------------------------------------------------------------
» Execution Time: 23573 ms
» Iterations:     [1] total 1
» Test Steps:     1
» Passed:         1
» Error(s):       0
» Iteration 1 of 1: C:\projects\secondAssignment\output\20190729_102523\secondAssignment.20190729_102525.001.xlsx



2019-07-29 10:25:47,914|I|main|[20190729_102523] [C:\projects\secondAssignment\artifact\script\secondAssignment.xlsx] now completed
2019-07-29 10:25:47,915|I|main|[20190729_102523] all execution thread(s) have terminated
2019-07-29 10:25:47,915|I|main|[20190729_102523] test run completed in about 24 seconds
2019-07-29 10:25:48,055|I|main|No predefined nexial-setup found
2019-07-29 10:25:48,107|I|main|outputBase not set; output-to-cloud DISABLED!
2019-07-29 10:25:48,108|I|main|accessKey not set; output-to-cloud DISABLED!
2019-07-29 10:25:48,109|I|main|secretKey not set; output-to-cloud DISABLED!
2019-07-29 10:25:48,111|I|main|generating HTML output for this execution to C:\projects\secondAssignment\output\20190729_102523\execution-output.html
2019-07-29 10:25:49,041|I|main|generating JUnit XML output for this execution to C:\projects\secondAssignment\output\20190729_102523\junit.xml
2019-07-29 10:25:49,088|I|main|generated JUnit report for this execution: C:\projects\secondAssignment\output\20190729_102523\junit.xml
2019-07-29 10:25:49,119|I|main|nexial mailer not enabled: nexial.enableEmail=false
2019-07-29 10:25:49,119|I|main|skipped email notification as configured
2019-07-29 10:25:49,119|I|main|exiting Nexial...
2019-07-29 10:25:49,135|I|main|shutdown starts...
2019-07-29 10:25:49,135|I|main|Shutting down 'chrome' webdriver...
2019-07-29 10:25:54,904|I|main|shutdown ends...
2019-07-29 10:25:54,904|I|main|

/-END OF EXECUTION--------------------------------------------------------------
| » Execution Time: 24 sec.
| » Test Steps....: 1
| » Passed........: 1
| » Failed........: 0
| » Success Rate..: 100.00%
\----------------------------------------------------------nexial-core 2.4_0567-

2019-07-29 10:25:54,904|I|main|ALL PASSED!
2019-07-29 10:25:54,920|I|main|End of Execution:
NEXIAL_OUTPUT:         C:\projects\secondAssignment\output\20190729_102523
NEXIAL_EXECUTION_HTML: C:\projects\secondAssignment\output\20190729_102523\execution-output.html
NEXIAL_JUNIT_XML:      C:\projects\secondAssignment\output\20190729_102523\junit.xml
NEXIAL_SUCCESS_RATE:   100.00%
NEXIAL_EXIT_STATUS:    0
