2019-07-29 16:50:11,303|I|Thread-1|(DELAYED) nexial-core 2.4_0567 starting up...
2019-07-29 16:50:11,307|I|Thread-1|(DELAYED) data file resolved as C:\Users\DEEPAN~1.PAT\AppData\Local\Temp\HHTlo\secondAssignment.data.xlsx
2019-07-29 16:50:11,307|I|Thread-1|(DELAYED) input files and output directory resolved...
2019-07-29 16:50:11,307|I|Thread-1|(DELAYED) No predefined nexial-setup found
2019-07-29 16:50:11,307|I|Thread-1|(DELAYED) [20190729_165011] [C:\projects\secondAssignment\artifact\script\secondAssignment.xlsx] resolve RUN ID as 20190729_165011
2019-07-29 16:50:11,307|I|Thread-1|(DELAYED) [20190729_165011] [C:\projects\secondAssignment\artifact\script\secondAssignment.xlsx] new thread started
2019-07-29 16:50:11,308|I|Thread-1|No predefined nexial-setup found
2019-07-29 16:50:11,382|I|Thread-1|outputBase not set; output-to-cloud DISABLED!
2019-07-29 16:50:11,383|I|Thread-1|accessKey not set; output-to-cloud DISABLED!
2019-07-29 16:50:11,383|I|Thread-1|secretKey not set; output-to-cloud DISABLED!
2019-07-29 16:50:11,408|I|Thread-1|missing REQUIRED configuration; sms DISABLED!
2019-07-29 16:50:12,159|I|Thread-1|[20190729_165011] executing C:\projects\secondAssignment\artifact\script\secondAssignment.xlsx with 1 iteration(s)
2019-07-29 16:50:12,165|I|Thread-1|[20190729_165011] create directory C:\projects\secondAssignment\output\20190729_165011\captures
2019-07-29 16:50:12,166|I|Thread-1|[20190729_165011] create directory C:\projects\secondAssignment\output\20190729_165011\logs
2019-07-29 16:50:13,658|I|Thread-1|[20190729_165011] merging test data to tmp file C:\projects\secondAssignment\output\20190729_165011\secondAssignment.20190729_165012.001.xlsx
2019-07-29 16:50:13,659|I|Thread-1|refetching data from C:\projects\secondAssignment\artifact\data\secondAssignment.data.xlsx
2019-07-29 16:50:14,008|I|Thread-1|[20190729_165011] test script and test data merged to C:\projects\secondAssignment\output\20190729_165011\secondAssignment.20190729_165012.001.xlsx
2019-07-29 16:50:14,649|I|Thread-1|STARTS
2019-07-29 16:50:14,673|I|Thread-1|secondAssignment.20190729_165012.001 - executing iteration #1 of 1; Iteration Id 1
2019-07-29 16:50:14,681|I|Thread-1|secondAssignment.20190729_165012.001|Scenario2 - executing test scenario
2019-07-29 16:50:14,683|I|Thread-1|secondAssignment.20190729_165012.001|Scenario2|Activity 1 - executing activity
2019-07-29 16:50:15,285|I|Thread-1|secondAssignment.20190729_165012.001|Scenario2|Activity 1|#  5|web.open(url) - executing open(url)(https://www.google.com/)
2019-07-29 16:50:15,298|I|Thread-1|No valid instance of webdriver, initializing...
2019-07-29 16:50:15,304|I|Thread-1|init chrome
2019-07-29 16:50:21,292|I|Thread-1|browser initialization completed for 'chrome'
2019-07-29 16:50:21,301|I|Thread-1|setting browser polling wait time to 800 ms
2019-07-29 16:50:21,306|I|Thread-1|setting browser page load timeout to 10000 ms
2019-07-29 16:50:22,914|I|Thread-1|current browser window handle:CDwindow-8047AE7D45D83817F1BA57E99B7FCEEA
2019-07-29 16:50:22,935|I|Thread-1|secondAssignment.20190729_165012.001|Scenario2|Activity 1|#  5|web.open(url) - PASS opened URL https://www.google.com/
2019-07-29 16:50:23,541|I|Thread-1|secondAssignment.20190729_165012.001|Scenario2|Activity 1|#  6|web.type(locator,value) - executing type(locator,value)(//*[@id="tsf"]/div[2]/div/div[1]/div/div[1]/input, ATMECS)
2019-07-29 16:50:23,762|I|Thread-1|secondAssignment.20190729_165012.001|Scenario2|Activity 1|#  6|web.type(locator,value) - PASS typed text at '//*[@id="tsf"]/div[2]/div/div[1]/div/div[1]/input'
2019-07-29 16:50:24,366|I|Thread-1|secondAssignment.20190729_165012.001|Scenario2|Activity 1|#  7|web.click(locator) - executing click(locator)(//*[@id="tsf"]/div[2]/div/div[3]/center/input[1])
2019-07-29 16:50:24,385|I|Thread-1|clicking '//*[@id="tsf"]/div[2]/div/div[3]/center/input[1]'...
2019-07-29 16:50:24,396|I|Thread-1|click target via JS, @id=
2019-07-29 16:50:25,737|I|Thread-1|clicked -> true
2019-07-29 16:50:25,738|I|Thread-1|secondAssignment.20190729_165012.001|Scenario2|Activity 1|#  7|web.click(locator) - PASS click via JS event
2019-07-29 16:50:26,341|I|Thread-1|secondAssignment.20190729_165012.001|Scenario2|Activity 1|#  8|web.saveTextArray(var,loc - executing saveTextArray(var,locator)(linkArray, //*[@class = "iUh30"])
2019-07-29 16:50:26,532|I|Thread-1|secondAssignment.20190729_165012.001|Scenario2|Activity 1|#  8|web.saveTextArray(var,loc - PASS stored content of '//*[@class = "iUh30"]' as ${linkArray}
2019-07-29 16:50:27,136|I|Thread-1|secondAssignment.20190729_165012.001|Scenario2|Activity 1|#  9|base.verbose(text) - executing verbose(text)($(array|length|${linkArray}))
2019-07-29 16:50:27,141|I|Thread-1|secondAssignment.20190729_165012.001|Scenario2|Activity 1|#  9|base.verbose(text) - 11
2019-07-29 16:50:27,320|I|Thread-1|secondAssignment.20190729_165012.001|Scenario2|Activity 1|#  9|base.verbose(text) - PASS 
2019-07-29 16:50:27,923|I|Thread-1|secondAssignment.20190729_165012.001|Scenario2|Activity 1|# 10|base.save(var,value) - executing save(var,value)(query, Insert into info values("ATMECS", "${linkArray}");)
2019-07-29 16:50:27,929|I|Thread-1|secondAssignment.20190729_165012.001|Scenario2|Activity 1|# 10|base.save(var,value) - PASS stored 'Insert into info values("ATMECS", "www.atmecs.com/,https://www.glassdoor.co.in/Reviews/ATMECS-Reviews-E1318180.htm,https://www.glassdoor.co.in/.../Working-at-ATMECS-EI_IE1318180.11,17.htm,https://in.linkedin.com/company/atmecs-inc,https://mapr.com/partners/partner/atmecs-technologies-pvt-ltd/,https://www.glassdoor.com/Overview/Working-at-ATMECS-EI_IE1318180.11,17.htm,https://www.naukri.com/atmecs-technologies-pvt-ltd-jobs-careers-1089084,https://www.indeed.co.in/cmp/Atmecs-Technologies/reviews,https://www.ambitionbox.com/reviews/atmecs-technologies-reviews");' as ${query}
2019-07-29 16:50:28,534|I|Thread-1|secondAssignment.20190729_165012.001|Scenario2|Activity 1|# 11|rdbms.runSQL(var,db,sql) - executing runSQL(var,db,sql)(queryResult, mydb, ${query})
2019-07-29 16:50:28,679|I|Thread-1|secondAssignment.20190729_165012.001|Scenario2|Activity 1|# 11|rdbms.runSQL(var,db,sql) - new connection established for 'mydb'
2019-07-29 16:50:29,195|I|Thread-1|secondAssignment.20190729_165012.001|Scenario2|Activity 1|# 11|rdbms.runSQL(var,db,sql) - executed query in 509 ms with 1 row(s)
2019-07-29 16:50:29,205|I|Thread-1|secondAssignment.20190729_165012.001|Scenario2|Activity 1|# 11|rdbms.runSQL(var,db,sql) - PASS executed SQL 'Insert into info values("ATMECS", "www.atmecs.com/,https://www.glassdoor.co.in/Reviews/ATMECS-Reviews-E1318180.htm,https://www.glassdoor.co.in/.../Working-at-ATMECS-EI_IE1318180.11,17.htm,https://in.linkedin.com/company/atmecs-inc,https://mapr.com/partners/partner/atmecs-technologies-pvt-ltd/,https://www.glassdoor.com/Overview/Working-at-ATMECS-EI_IE1318180.11,17.htm,https://www.naukri.com/atmecs-technologies-pvt-ltd-jobs-careers-1089084,https://www.indeed.co.in/cmp/Atmecs-Technologies/reviews,https://www.ambitionbox.com/reviews/atmecs-technologies-reviews");'; stored result as ${queryResult}
2019-07-29 16:50:29,818|I|Thread-1|secondAssignment.20190729_165012.001|Scenario2|Activity 1|# 12|base.save(var,value) - executing save(var,value)(selectQuery, select * from info;)
2019-07-29 16:50:29,827|I|Thread-1|secondAssignment.20190729_165012.001|Scenario2|Activity 1|# 12|base.save(var,value) - PASS stored 'select * from info;' as ${selectQuery}
2019-07-29 16:50:30,439|I|Thread-1|secondAssignment.20190729_165012.001|Scenario2|Activity 1|# 13|rdbms.runSQL(var,db,sql) - executing runSQL(var,db,sql)(queryResult, mydb, ${selectQuery})
2019-07-29 16:50:30,446|I|Thread-1|secondAssignment.20190729_165012.001|Scenario2|Activity 1|# 13|rdbms.runSQL(var,db,sql) - reusing established connection 'mydb'
2019-07-29 16:50:30,467|I|Thread-1|secondAssignment.20190729_165012.001|Scenario2|Activity 1|# 13|rdbms.runSQL(var,db,sql) - executed query in 11 ms with 1 row(s)
2019-07-29 16:50:30,479|I|Thread-1|secondAssignment.20190729_165012.001|Scenario2|Activity 1|# 13|rdbms.runSQL(var,db,sql) - PASS executed SQL 'select * from info;'; stored result as ${queryResult}
2019-07-29 16:50:31,090|I|Thread-1|secondAssignment.20190729_165012.001|Scenario2|Activity 1|# 14|rdbms.saveResult(db,sql,o - executing saveResult(db,sql,output)(mydb, ${selectQuery}, $(syspath|out|fullpath)/ATMECS.csv)
2019-07-29 16:50:31,097|I|Thread-1|secondAssignment.20190729_165012.001|Scenario2|Activity 1|# 14|rdbms.saveResult(db,sql,o - reusing established connection 'mydb'
2019-07-29 16:50:31,123|I|Thread-1|secondAssignment.20190729_165012.001|Scenario2|Activity 1|# 14|rdbms.saveResult(db,sql,o - executed query in 21 ms with 1 row(s)
2019-07-29 16:50:31,194|I|Thread-1|secondAssignment.20190729_165012.001|Scenario2|Activity 1|# 14|rdbms.saveResult(db,sql,o - PASS executed SQL 'select * from info;'; stored result to 'C:\projects\secondAssignment\output\20190729_165011\ATMECS.csv'
2019-07-29 16:50:31,672|I|Thread-1|[secondAssignment.20190729_165012.001|Scenario2] saving test scenario
2019-07-29 16:50:31,851|I|Thread-1|[20190729_165011] 
/-TEST COMPLETE-----------------------------------------------------------------
| Test Output:    C:\projects\secondAssignment\output\20190729_165011\secondAssignment.20190729_165012.001.xlsx
| Iteration:      1
\-------------------------------------------------------------------------------
» Execution Time: 17172 ms
» Test Steps:     10
» Error(s):       0



2019-07-29 16:50:32,764|I|Thread-1|[20190729_165011] 
/-TEST COMPLETE-----------------------------------------------------------------
| Test Script:    C:\projects\secondAssignment\artifact\script\secondAssignment.xlsx
\-------------------------------------------------------------------------------
» Execution Time: 21653 ms
» Iterations:     [1] total 1
» Test Steps:     10
» Passed:         10
» Error(s):       0
» Iteration 1 of 1: C:\projects\secondAssignment\output\20190729_165011\secondAssignment.20190729_165012.001.xlsx



2019-07-29 16:50:33,073|I|main|[20190729_165011] [C:\projects\secondAssignment\artifact\script\secondAssignment.xlsx] now completed
2019-07-29 16:50:33,078|I|main|[20190729_165011] all execution thread(s) have terminated
2019-07-29 16:50:33,079|I|main|[20190729_165011] test run completed in about 22 seconds
2019-07-29 16:50:33,163|I|main|No predefined nexial-setup found
2019-07-29 16:50:33,208|I|main|outputBase not set; output-to-cloud DISABLED!
2019-07-29 16:50:33,209|I|main|accessKey not set; output-to-cloud DISABLED!
2019-07-29 16:50:33,209|I|main|secretKey not set; output-to-cloud DISABLED!
2019-07-29 16:50:33,211|I|main|generating HTML output for this execution to C:\projects\secondAssignment\output\20190729_165011\execution-output.html
2019-07-29 16:50:34,086|I|main|generating JUnit XML output for this execution to C:\projects\secondAssignment\output\20190729_165011\junit.xml
2019-07-29 16:50:34,144|I|main|generated JUnit report for this execution: C:\projects\secondAssignment\output\20190729_165011\junit.xml
2019-07-29 16:50:34,146|I|main|nexial mailer not enabled: nexial.enableEmail=false
2019-07-29 16:50:34,147|I|main|skipped email notification as configured
2019-07-29 16:50:34,148|I|main|exiting Nexial...
2019-07-29 16:50:34,150|I|main|shutdown starts...
2019-07-29 16:50:34,153|I|main|Shutting down 'chrome' webdriver...
2019-07-29 16:50:43,834|I|main|shutdown ends...
2019-07-29 16:50:43,836|I|main|

/-END OF EXECUTION--------------------------------------------------------------
| » Execution Time: 22 sec.
| » Test Steps....: 10
| » Passed........: 10
| » Failed........: 0
| » Success Rate..: 100.00%
\----------------------------------------------------------nexial-core 2.4_0567-

2019-07-29 16:50:43,837|I|main|ALL PASSED!
2019-07-29 16:50:43,839|I|main|End of Execution:
NEXIAL_OUTPUT:         C:\projects\secondAssignment\output\20190729_165011
NEXIAL_EXECUTION_HTML: C:\projects\secondAssignment\output\20190729_165011\execution-output.html
NEXIAL_JUNIT_XML:      C:\projects\secondAssignment\output\20190729_165011\junit.xml
NEXIAL_SUCCESS_RATE:   100.00%
NEXIAL_EXIT_STATUS:    0
