2019-07-29 11:38:58,748|I|Thread-1|(DELAYED) nexial-core 2.4_0567 starting up...
2019-07-29 11:38:58,763|I|Thread-1|(DELAYED) data file resolved as C:\Users\DEEPAN~1.PAT\AppData\Local\Temp\NfFwl\secondAssignment.data.xlsx
2019-07-29 11:38:58,763|I|Thread-1|(DELAYED) input files and output directory resolved...
2019-07-29 11:38:58,763|I|Thread-1|(DELAYED) No predefined nexial-setup found
2019-07-29 11:38:58,763|I|Thread-1|(DELAYED) [20190729_113858] [C:\projects\secondAssignment\artifact\script\secondAssignment.xlsx] resolve RUN ID as 20190729_113858
2019-07-29 11:38:58,763|I|Thread-1|(DELAYED) [20190729_113858] [C:\projects\secondAssignment\artifact\script\secondAssignment.xlsx] new thread started
2019-07-29 11:38:58,763|I|Thread-1|No predefined nexial-setup found
2019-07-29 11:38:58,826|I|Thread-1|outputBase not set; output-to-cloud DISABLED!
2019-07-29 11:38:58,826|I|Thread-1|accessKey not set; output-to-cloud DISABLED!
2019-07-29 11:38:58,826|I|Thread-1|secretKey not set; output-to-cloud DISABLED!
2019-07-29 11:38:58,842|I|Thread-1|missing REQUIRED configuration; sms DISABLED!
2019-07-29 11:38:59,639|I|Thread-1|[20190729_113858] executing C:\projects\secondAssignment\artifact\script\secondAssignment.xlsx with 1 iteration(s)
2019-07-29 11:38:59,655|I|Thread-1|[20190729_113858] create directory C:\projects\secondAssignment\output\20190729_113858\captures
2019-07-29 11:38:59,655|I|Thread-1|[20190729_113858] create directory C:\projects\secondAssignment\output\20190729_113858\logs
2019-07-29 11:39:00,327|I|Thread-1|[20190729_113858] merging test data to tmp file C:\projects\secondAssignment\output\20190729_113858\secondAssignment.20190729_113859.001.xlsx
2019-07-29 11:39:00,327|I|Thread-1|refetching data from C:\projects\secondAssignment\artifact\data\secondAssignment.data.xlsx
2019-07-29 11:39:00,624|I|Thread-1|[20190729_113858] test script and test data merged to C:\projects\secondAssignment\output\20190729_113858\secondAssignment.20190729_113859.001.xlsx
2019-07-29 11:39:01,499|I|Thread-1|STARTS
2019-07-29 11:39:01,530|I|Thread-1|secondAssignment.20190729_113859.001 - executing iteration #1 of 1; Iteration Id 1
2019-07-29 11:39:01,545|I|Thread-1|secondAssignment.20190729_113859.001|Scenario - executing test scenario
2019-07-29 11:39:01,545|I|Thread-1|secondAssignment.20190729_113859.001|Scenario|Activity 1 - executing activity
2019-07-29 11:39:02,155|I|Thread-1|secondAssignment.20190729_113859.001|Scenario|Activity 1|#  5|web.open(url) - executing open(url)(https://opensource-demo.orangehrmlive.com/)
2019-07-29 11:39:02,155|I|Thread-1|No valid instance of webdriver, initializing...
2019-07-29 11:39:02,155|I|Thread-1|init chrome
2019-07-29 11:39:08,125|I|Thread-1|browser initialization completed for 'chrome'
2019-07-29 11:39:08,156|I|Thread-1|setting browser polling wait time to 800 ms
2019-07-29 11:39:08,172|I|Thread-1|setting browser page load timeout to 10000 ms
2019-07-29 11:39:15,078|I|Thread-1|current browser window handle:CDwindow-BDD0A60771558793A56F6198FE9F1263
2019-07-29 11:39:15,093|I|Thread-1|secondAssignment.20190729_113859.001|Scenario|Activity 1|#  5|web.open(url) - PASS opened URL https://opensource-demo.orangehrmlive.com/
2019-07-29 11:39:15,707|I|Thread-1|secondAssignment.20190729_113859.001|Scenario|Activity 1|#  6|web.type(locator,value) - executing type(locator,value)(//*[@id="txtUsername"], Admin)
2019-07-29 11:39:15,892|I|Thread-1|secondAssignment.20190729_113859.001|Scenario|Activity 1|#  6|web.type(locator,value) - PASS typed text at '//*[@id="txtUsername"]'
2019-07-29 11:39:16,507|I|Thread-1|secondAssignment.20190729_113859.001|Scenario|Activity 1|#  7|web.type(locator,value) - executing type(locator,value)(//*[@id="txtPassword"], admin123)
2019-07-29 11:39:16,656|I|Thread-1|secondAssignment.20190729_113859.001|Scenario|Activity 1|#  7|web.type(locator,value) - PASS typed text at '//*[@id="txtPassword"]'
2019-07-29 11:39:17,270|I|Thread-1|secondAssignment.20190729_113859.001|Scenario|Activity 1|#  8|web.click(locator) - executing click(locator)(//*[@id="btnLogin"])
2019-07-29 11:39:17,317|I|Thread-1|clicking '//*[@id="btnLogin"]'...
2019-07-29 11:39:17,348|I|Thread-1|click target via JS, @id=btnLogin
2019-07-29 11:39:21,066|I|Thread-1|clicked -> true
2019-07-29 11:39:21,067|I|Thread-1|secondAssignment.20190729_113859.001|Scenario|Activity 1|#  8|web.click(locator) - PASS click via JS event
2019-07-29 11:39:21,668|I|Thread-1|secondAssignment.20190729_113859.001|Scenario|Activity 1|#  9|web.click(locator) - executing click(locator)(//*[@id="menu_pim_viewPimModule"]/b)
2019-07-29 11:39:21,717|I|Thread-1|clicking '//*[@id="menu_pim_viewPimModule"]/b'...
2019-07-29 11:39:21,730|I|Thread-1|click target via JS, @id=
2019-07-29 11:39:23,253|I|Thread-1|clicked -> true
2019-07-29 11:39:23,255|I|Thread-1|secondAssignment.20190729_113859.001|Scenario|Activity 1|#  9|web.click(locator) - PASS click via JS event
2019-07-29 11:39:23,858|I|Thread-1|secondAssignment.20190729_113859.001|Scenario|Activity 1|# 10|web.click(locator) - executing click(locator)(//*[@id="btnAdd"])
2019-07-29 11:39:23,904|I|Thread-1|clicking '//*[@id="btnAdd"]'...
2019-07-29 11:39:23,923|I|Thread-1|click target via JS, @id=btnAdd
2019-07-29 11:39:24,645|I|Thread-1|clicked -> true
2019-07-29 11:39:24,647|I|Thread-1|secondAssignment.20190729_113859.001|Scenario|Activity 1|# 10|web.click(locator) - PASS click via JS event
2019-07-29 11:39:25,249|I|Thread-1|secondAssignment.20190729_113859.001|Scenario|Activity 1|# 11|web.type(locator,value) - executing type(locator,value)(//*[@id="firstName"], Deepankar)
2019-07-29 11:39:25,434|I|Thread-1|secondAssignment.20190729_113859.001|Scenario|Activity 1|# 11|web.type(locator,value) - PASS typed text at '//*[@id="firstName"]'
2019-07-29 11:39:26,038|I|Thread-1|secondAssignment.20190729_113859.001|Scenario|Activity 1|# 12|web.type(locator,value) - executing type(locator,value)(//*[@id="lastName"], Pathak)
2019-07-29 11:39:26,218|I|Thread-1|secondAssignment.20190729_113859.001|Scenario|Activity 1|# 12|web.type(locator,value) - PASS typed text at '//*[@id="lastName"]'
2019-07-29 11:39:26,822|I|Thread-1|secondAssignment.20190729_113859.001|Scenario|Activity 1|# 13|web.type(locator,value) - executing type(locator,value)(//*[@id="employeeId"], 1060)
2019-07-29 11:39:26,984|I|Thread-1|secondAssignment.20190729_113859.001|Scenario|Activity 1|# 13|web.type(locator,value) - PASS typed text at '//*[@id="employeeId"]'
2019-07-29 11:39:27,587|I|Thread-1|secondAssignment.20190729_113859.001|Scenario|Activity 1|# 14|web.click(locator) - executing click(locator)(//*[@id="chkLogin"])
2019-07-29 11:39:27,641|I|Thread-1|clicking '//*[@id="chkLogin"]'...
2019-07-29 11:39:27,653|I|Thread-1|click target via JS, @id=chkLogin
2019-07-29 11:39:27,676|I|Thread-1|clicked -> true
2019-07-29 11:39:27,678|I|Thread-1|secondAssignment.20190729_113859.001|Scenario|Activity 1|# 14|web.click(locator) - PASS click via JS event
2019-07-29 11:39:28,279|I|Thread-1|secondAssignment.20190729_113859.001|Scenario|Activity 1|# 15|web.type(locator,value) - executing type(locator,value)(//*[@id="user_name"], deepankar.pathak)
2019-07-29 11:39:28,473|I|Thread-1|secondAssignment.20190729_113859.001|Scenario|Activity 1|# 15|web.type(locator,value) - PASS typed text at '//*[@id="user_name"]'
2019-07-29 11:39:29,076|I|Thread-1|secondAssignment.20190729_113859.001|Scenario|Activity 1|# 16|web.type(locator,value) - executing type(locator,value)(//*[@id="user_password"], deepankar)
2019-07-29 11:39:29,283|I|Thread-1|secondAssignment.20190729_113859.001|Scenario|Activity 1|# 16|web.type(locator,value) - PASS typed text at '//*[@id="user_password"]'
2019-07-29 11:39:29,886|I|Thread-1|secondAssignment.20190729_113859.001|Scenario|Activity 1|# 17|web.type(locator,value) - executing type(locator,value)(//*[@id="re_password"], deepankar)
2019-07-29 11:39:30,068|I|Thread-1|secondAssignment.20190729_113859.001|Scenario|Activity 1|# 17|web.type(locator,value) - PASS typed text at '//*[@id="re_password"]'
2019-07-29 11:39:30,672|I|Thread-1|secondAssignment.20190729_113859.001|Scenario|Activity 1|# 18|web.click(locator) - executing click(locator)(//*[@id="btnSave"])
2019-07-29 11:39:30,716|I|Thread-1|clicking '//*[@id="btnSave"]'...
2019-07-29 11:39:30,734|I|Thread-1|click target via JS, @id=btnSave
2019-07-29 11:39:31,739|I|Thread-1|clicked -> true
2019-07-29 11:39:31,742|I|Thread-1|secondAssignment.20190729_113859.001|Scenario|Activity 1|# 18|web.click(locator) - PASS click via JS event
2019-07-29 11:39:32,345|I|Thread-1|secondAssignment.20190729_113859.001|Scenario|Activity 1|# 19|web.click(locator) - executing click(locator)(//*[@id="menu_admin_viewAdminModule"]/b)
2019-07-29 11:39:32,392|I|Thread-1|clicking '//*[@id="menu_admin_viewAdminModule"]/b'...
2019-07-29 11:39:32,404|I|Thread-1|click target via JS, @id=
2019-07-29 11:39:33,644|I|Thread-1|clicked -> true
2019-07-29 11:39:33,648|I|Thread-1|secondAssignment.20190729_113859.001|Scenario|Activity 1|# 19|web.click(locator) - PASS click via JS event
2019-07-29 11:39:34,252|I|Thread-1|secondAssignment.20190729_113859.001|Scenario|Activity 1|# 20|web.type(locator,value) - executing type(locator,value)(//*[@id="searchSystemUser_userName"], deepankar.pathak)
2019-07-29 11:39:34,467|I|Thread-1|secondAssignment.20190729_113859.001|Scenario|Activity 1|# 20|web.type(locator,value) - PASS typed text at '//*[@id="searchSystemUser_userName"]'
2019-07-29 11:39:35,070|I|Thread-1|secondAssignment.20190729_113859.001|Scenario|Activity 1|# 21|web.type(locator,value) - executing type(locator,value)(//*[@id="searchSystemUser_employeeName_empName"], Deepankar Pathak)
2019-07-29 11:39:35,247|I|Thread-1|secondAssignment.20190729_113859.001|Scenario|Activity 1|# 21|web.type(locator,value) - PASS typed text at '//*[@id="searchSystemUser_employeeName_empName"]'
2019-07-29 11:39:35,849|I|Thread-1|secondAssignment.20190729_113859.001|Scenario|Activity 1|# 22|web.click(locator) - executing click(locator)(//*[@id="searchBtn"])
2019-07-29 11:39:35,896|I|Thread-1|clicking '//*[@id="searchBtn"]'...
2019-07-29 11:39:35,908|I|Thread-1|click target via JS, @id=searchBtn
2019-07-29 11:39:36,335|I|Thread-1|clicked -> true
2019-07-29 11:39:36,336|I|Thread-1|secondAssignment.20190729_113859.001|Scenario|Activity 1|# 22|web.click(locator) - PASS click via JS event
2019-07-29 11:39:36,939|I|Thread-1|secondAssignment.20190729_113859.001|Scenario|Activity 1|# 23|web.click(locator) - executing click(locator)(//*[@id="menu_leave_viewLeaveModule"]/b)
2019-07-29 11:39:36,988|I|Thread-1|clicking '//*[@id="menu_leave_viewLeaveModule"]/b'...
2019-07-29 11:39:36,997|I|Thread-1|click target via JS, @id=
2019-07-29 11:39:38,526|I|Thread-1|clicked -> true
2019-07-29 11:39:38,528|I|Thread-1|secondAssignment.20190729_113859.001|Scenario|Activity 1|# 23|web.click(locator) - PASS click via JS event
2019-07-29 11:39:39,131|I|Thread-1|secondAssignment.20190729_113859.001|Scenario|Activity 1|# 24|web.click(locator) - executing click(locator)(//*[@id="menu_leave_assignLeave"])
2019-07-29 11:39:39,189|I|Thread-1|clicking '//*[@id="menu_leave_assignLeave"]'...
2019-07-29 11:39:39,203|I|Thread-1|click target via JS, @id=menu_leave_assignLeave
2019-07-29 11:39:39,954|I|Thread-1|clicked -> true
2019-07-29 11:39:39,955|I|Thread-1|secondAssignment.20190729_113859.001|Scenario|Activity 1|# 24|web.click(locator) - PASS click via JS event
2019-07-29 11:39:40,556|I|Thread-1|secondAssignment.20190729_113859.001|Scenario|Activity 1|# 25|web.type(locator,value) - executing type(locator,value)(//*[@id="assignleave_txtEmployee_empName"], Deepankar Pathak)
2019-07-29 11:39:40,781|I|Thread-1|secondAssignment.20190729_113859.001|Scenario|Activity 1|# 25|web.type(locator,value) - PASS typed text at '//*[@id="assignleave_txtEmployee_empName"]'
2019-07-29 11:39:41,386|I|Thread-1|secondAssignment.20190729_113859.001|Scenario|Activity 1|# 26|web.type(locator,value) - executing type(locator,value)(//*[@id="assignleave_txtLeaveType"], Vacation US)
2019-07-29 11:39:41,497|E|Thread-1|secondAssignment.20190729_113859.001|Scenario|Activity 1|# 26|web.type(locator,value) - EXECUTING COMMAND: web.type(locator,value)('//*[@id="assignleave_txtLeaveType"]', 'Vacation US')
UNKNOWN ERROR: invalid element state: Element must be user-editable in order to clear it.   (Session info: chrome=75.0.3770.142)...
2019-07-29 11:39:41,689|I|Thread-1|secondAssignment.20190729_113859.001|Scenario|Activity 1|# 26|web.type(locator,value) - FAIL EXECUTING COMMAND: web.type(locator,value)('//*[@id="assignleave_txtLeaveType"]', 'Vacation US')
UNKNOWN ERROR: invalid element state: Element must be user-editable in order to clear it.   (Session info: chrome=75.0.3770.142)...
2019-07-29 11:39:42,294|I|Thread-1|secondAssignment.20190729_113859.001|Scenario|Activity 1|# 27|web.click(locator) - executing click(locator)(//*[@id="frmLeaveApply"]/fieldset/ol/li[4]/img)
2019-07-29 11:39:42,343|I|Thread-1|clicking '//*[@id="frmLeaveApply"]/fieldset/ol/li[4]/img'...
2019-07-29 11:39:42,356|I|Thread-1|click target via JS, @id=
2019-07-29 11:39:42,401|I|Thread-1|clicked -> true
2019-07-29 11:39:42,403|I|Thread-1|secondAssignment.20190729_113859.001|Scenario|Activity 1|# 27|web.click(locator) - PASS click via JS event
2019-07-29 11:39:43,004|I|Thread-1|secondAssignment.20190729_113859.001|Scenario|Activity 1|# 28|web.click(locator) - executing click(locator)(//*[@id="ui-datepicker-div"]/table/tbody/tr[5]/td[2]/a)
2019-07-29 11:39:43,058|I|Thread-1|clicking '//*[@id="ui-datepicker-div"]/table/tbody/tr[5]/td[2]/a'...
2019-07-29 11:39:43,071|I|Thread-1|click target via JS, @id=
2019-07-29 11:39:43,102|I|Thread-1|clicked -> true
2019-07-29 11:39:43,103|I|Thread-1|secondAssignment.20190729_113859.001|Scenario|Activity 1|# 28|web.click(locator) - PASS click via JS event
2019-07-29 11:39:43,705|I|Thread-1|secondAssignment.20190729_113859.001|Scenario|Activity 1|# 29|web.click(locator) - executing click(locator)(//*[@id="frmLeaveApply"]/fieldset/ol/li[5]/img)
2019-07-29 11:39:43,756|I|Thread-1|clicking '//*[@id="frmLeaveApply"]/fieldset/ol/li[5]/img'...
2019-07-29 11:39:43,769|I|Thread-1|click target via JS, @id=
2019-07-29 11:39:43,807|I|Thread-1|clicked -> true
2019-07-29 11:39:43,808|I|Thread-1|secondAssignment.20190729_113859.001|Scenario|Activity 1|# 29|web.click(locator) - PASS click via JS event
2019-07-29 11:39:44,410|I|Thread-1|secondAssignment.20190729_113859.001|Scenario|Activity 1|# 30|web.click(locator) - executing click(locator)(//*[@id="ui-datepicker-div"]/table/tbody/tr[5]/td[3]/a)
2019-07-29 11:39:44,469|I|Thread-1|clicking '//*[@id="ui-datepicker-div"]/table/tbody/tr[5]/td[3]/a'...
2019-07-29 11:39:44,499|I|Thread-1|click target via JS, @id=
2019-07-29 11:39:44,542|I|Thread-1|clicked -> true
2019-07-29 11:39:44,543|I|Thread-1|secondAssignment.20190729_113859.001|Scenario|Activity 1|# 30|web.click(locator) - PASS click via JS event
2019-07-29 11:39:45,147|I|Thread-1|secondAssignment.20190729_113859.001|Scenario|Activity 1|# 31|web.type(locator,value) - executing type(locator,value)(//*[@id="assignleave_txtComment"], Sick Leave)
2019-07-29 11:39:45,339|I|Thread-1|secondAssignment.20190729_113859.001|Scenario|Activity 1|# 31|web.type(locator,value) - PASS typed text at '//*[@id="assignleave_txtComment"]'
2019-07-29 11:39:45,689|I|Thread-1|[secondAssignment.20190729_113859.001|Scenario] saving test scenario
2019-07-29 11:39:45,799|I|Thread-1|[20190729_113858] 
/-TEST COMPLETE-----------------------------------------------------------------
| Test Output:    C:\projects\secondAssignment\output\20190729_113858\secondAssignment.20190729_113859.001.xlsx
| Iteration:      1
\-------------------------------------------------------------------------------
» Execution Time: 44265 ms
» Test Steps:     27
» Error(s):       1



2019-07-29 11:39:46,620|I|Thread-1|[20190729_113858] 
/-TEST COMPLETE-----------------------------------------------------------------
| Test Script:    C:\projects\secondAssignment\artifact\script\secondAssignment.xlsx
\-------------------------------------------------------------------------------
» Execution Time: 48034 ms
» Iterations:     [1] total 1
» Test Steps:     27
» Passed:         26
» Error(s):       1
» Iteration 1 of 1: C:\projects\secondAssignment\output\20190729_113858\secondAssignment.20190729_113859.001.xlsx



2019-07-29 11:39:46,625|I|main|[20190729_113858] [C:\projects\secondAssignment\artifact\script\secondAssignment.xlsx] now completed
2019-07-29 11:39:46,626|I|main|[20190729_113858] all execution thread(s) have terminated
2019-07-29 11:39:46,628|I|main|[20190729_113858] test run completed in about 48 seconds
2019-07-29 11:39:46,703|I|main|No predefined nexial-setup found
2019-07-29 11:39:46,745|I|main|outputBase not set; output-to-cloud DISABLED!
2019-07-29 11:39:46,746|I|main|accessKey not set; output-to-cloud DISABLED!
2019-07-29 11:39:46,746|I|main|secretKey not set; output-to-cloud DISABLED!
2019-07-29 11:39:46,747|I|main|generating HTML output for this execution to C:\projects\secondAssignment\output\20190729_113858\execution-output.html
2019-07-29 11:39:47,479|I|main|generating JUnit XML output for this execution to C:\projects\secondAssignment\output\20190729_113858\junit.xml
2019-07-29 11:39:47,527|I|main|generated JUnit report for this execution: C:\projects\secondAssignment\output\20190729_113858\junit.xml
2019-07-29 11:39:47,528|I|main|nexial mailer not enabled: nexial.enableEmail=false
2019-07-29 11:39:47,529|I|main|skipped email notification as configured
2019-07-29 11:39:47,530|I|main|exiting Nexial...
2019-07-29 11:39:47,531|I|main|shutdown starts...
2019-07-29 11:39:47,533|I|main|Shutting down 'chrome' webdriver...
2019-07-29 11:39:53,228|I|main|shutdown ends...
2019-07-29 11:39:53,228|I|main|

/-END OF EXECUTION--------------------------------------------------------------
| » Execution Time: 48 sec.
| » Test Steps....: 27
| » Passed........: 26
| » Failed........: 1
| » Success Rate..: 96.30%
\----------------------------------------------------------nexial-core 2.4_0567-

2019-07-29 11:39:53,228|E|main|failure found; success rate is 96.30%
2019-07-29 11:39:53,228|I|main|End of Execution:
NEXIAL_OUTPUT:         C:\projects\secondAssignment\output\20190729_113858
NEXIAL_EXECUTION_HTML: C:\projects\secondAssignment\output\20190729_113858\execution-output.html
NEXIAL_JUNIT_XML:      C:\projects\secondAssignment\output\20190729_113858\junit.xml
NEXIAL_SUCCESS_RATE:   96.30%
NEXIAL_EXIT_STATUS:    -13
