2019-07-20 15:35:34,077|I|Thread-1|(DELAYED) nexial-core dev_0581 starting up...
2019-07-20 15:35:34,080|I|Thread-1|(DELAYED) data file resolved as C:\Users\DEEPAN~1\AppData\Local\Temp\uAfRh\firstEvaluation.data.xlsx
2019-07-20 15:35:34,080|I|Thread-1|(DELAYED) input files and output directory resolved...
2019-07-20 15:35:34,080|I|Thread-1|(DELAYED) No predefined nexial-setup found
2019-07-20 15:35:34,080|I|Thread-1|(DELAYED) [20190720_153533] [C:\projects\firstEvaluation\artifact\script\firstEvaluation.xlsx] resolve RUN ID as 20190720_153533
2019-07-20 15:35:34,080|I|Thread-1|(DELAYED) [20190720_153533] [C:\projects\firstEvaluation\artifact\script\firstEvaluation.xlsx] new thread started
2019-07-20 15:35:34,081|I|Thread-1|No predefined nexial-setup found
2019-07-20 15:35:34,134|I|Thread-1|outputBase not set; output-to-cloud DISABLED!
2019-07-20 15:35:34,136|I|Thread-1|accessKey not set; output-to-cloud DISABLED!
2019-07-20 15:35:34,141|I|Thread-1|secretKey not set; output-to-cloud DISABLED!
2019-07-20 15:35:34,161|I|Thread-1|missing REQUIRED configuration; sms DISABLED!
2019-07-20 15:35:34,854|I|Thread-1|[20190720_153533] executing C:\projects\firstEvaluation\artifact\script\firstEvaluation.xlsx with 1 iteration(s)
2019-07-20 15:35:34,859|I|Thread-1|[20190720_153533] create directory C:\projects\firstEvaluation\output\20190720_153533\captures
2019-07-20 15:35:34,859|I|Thread-1|[20190720_153533] create directory C:\projects\firstEvaluation\output\20190720_153533\logs
2019-07-20 15:35:35,161|I|Thread-1|[20190720_153533] merging test data to tmp file C:\projects\firstEvaluation\output\20190720_153533\firstEvaluation.20190720_153534.001.xlsx
2019-07-20 15:35:35,162|I|Thread-1|refetching data from C:\projects\firstEvaluation\artifact\data\firstEvaluation.data.xlsx
2019-07-20 15:35:35,322|I|Thread-1|[20190720_153533] test script and test data merged to C:\projects\firstEvaluation\output\20190720_153533\firstEvaluation.20190720_153534.001.xlsx
2019-07-20 15:35:35,809|I|Thread-1|STARTS
2019-07-20 15:35:35,829|I|Thread-1|firstEvaluation.20190720_153534.001 - executing iteration #1 of 1; Iteration Id 1
2019-07-20 15:35:35,834|I|Thread-1|firstEvaluation.20190720_153534.001|JsonScenario - executing test scenario
2019-07-20 15:35:35,834|I|Thread-1|firstEvaluation.20190720_153534.001|JsonScenario|Activity 1 - executing activity
2019-07-20 15:35:36,440|I|Thread-1|firstEvaluation.20190720_153534.001|JsonScenario|Activity 1|#  5|json.storeValues(json,jso - executing storeValues(json,jsonpath,var)($(syspath|data|fullpath)/example_2.json, products[supplier=Wisozk Inc].product_name, productNames)
2019-07-20 15:35:36,516|I|Thread-1|firstEvaluation.20190720_153534.001|JsonScenario|Activity 1|#  5|json.storeValues(json,jso - PASS EXPECTED match against 'products[supplier=Wisozk Inc].product_name' stored to ${productNames}
2019-07-20 15:35:37,117|I|Thread-1|firstEvaluation.20190720_153534.001|JsonScenario|Activity 1|#  6|base.verbose(text) - executing verbose(text)(${productNames})
2019-07-20 15:35:37,119|I|Thread-1|firstEvaluation.20190720_153534.001|JsonScenario|Activity 1|#  6|base.verbose(text) - ["sildenafil citrate","Mountain Juniperus ashei"]
2019-07-20 15:35:37,304|I|Thread-1|firstEvaluation.20190720_153534.001|JsonScenario|Activity 1|#  6|base.verbose(text) - PASS 
2019-07-20 15:35:37,307|I|Thread-1|firstEvaluation.20190720_153534.001|JsonScenario|Activity 2 - executing activity
2019-07-20 15:35:37,910|I|Thread-1|firstEvaluation.20190720_153534.001|JsonScenario|Activity 2|#  7|json.storeValues(json,jso - executing storeValues(json,jsonpath,var)($(syspath|data|fullpath)/example_2.json, products[supplier=Wisozk Inc].quantity, quantityList)
2019-07-20 15:35:37,910|I|Thread-1|firstEvaluation.20190720_153534.001|JsonScenario|Activity 2|#  7|json.storeValues(json,jso - PASS EXPECTED match against 'products[supplier=Wisozk Inc].quantity' stored to ${quantityList}
2019-07-20 15:35:38,516|I|Thread-1|firstEvaluation.20190720_153534.001|JsonScenario|Activity 2|#  8|json.storeValues(json,jso - executing storeValues(json,jsonpath,var)($(syspath|data|fullpath)/example_2.json, products[supplier=Wisozk Inc].unit_cost, unit_costList)
2019-07-20 15:35:38,516|I|Thread-1|firstEvaluation.20190720_153534.001|JsonScenario|Activity 2|#  8|json.storeValues(json,jso - PASS EXPECTED match against 'products[supplier=Wisozk Inc].unit_cost' stored to ${unit_costList}
2019-07-20 15:35:39,121|I|Thread-1|firstEvaluation.20190720_153534.001|JsonScenario|Activity 2|#  9|base.save(var,value) - executing save(var,value)(sumTotal, 0)
2019-07-20 15:35:39,123|I|Thread-1|firstEvaluation.20190720_153534.001|JsonScenario|Activity 2|#  9|base.save(var,value) - PASS stored '0' as ${sumTotal}
2019-07-20 15:35:39,724|I|Thread-1|firstEvaluation.20190720_153534.001|JsonScenario|Activity 2|# 10|base.save(var,value) - executing save(var,value)(counter, 0)
2019-07-20 15:35:39,724|I|Thread-1|firstEvaluation.20190720_153534.001|JsonScenario|Activity 2|# 10|base.save(var,value) - PASS stored '0' as ${counter}
2019-07-20 15:35:40,327|I|Thread-1|firstEvaluation.20190720_153534.001|JsonScenario|Activity 2|# 11|base.save(var,value) - executing save(var,value)(length, $(array|length|${quantityList}))
2019-07-20 15:35:40,327|I|Thread-1|firstEvaluation.20190720_153534.001|JsonScenario|Activity 2|# 11|base.save(var,value) - PASS stored '2' as ${length}
2019-07-20 15:35:40,928|I|Thread-1|firstEvaluation.20190720_153534.001|JsonScenario|Activity 2|# 12|base.save(var,value) - executing save(var,value)(mulValue, 0)
2019-07-20 15:35:40,928|I|Thread-1|firstEvaluation.20190720_153534.001|JsonScenario|Activity 2|# 12|base.save(var,value) - PASS stored '0' as ${mulValue}
2019-07-20 15:35:41,529|I|Thread-1|firstEvaluation.20190720_153534.001|JsonScenario|Activity 2|# 13|base.verbose(text) - executing verbose(text)(${unit_costList})
2019-07-20 15:35:41,530|I|Thread-1|firstEvaluation.20190720_153534.001|JsonScenario|Activity 2|# 13|base.verbose(text) - [10.47,8.74]
2019-07-20 15:35:41,532|I|Thread-1|firstEvaluation.20190720_153534.001|JsonScenario|Activity 2|# 13|base.verbose(text) - PASS 
2019-07-20 15:35:42,133|I|Thread-1|firstEvaluation.20190720_153534.001|JsonScenario|Activity 2|# 14|base.repeatUntil(steps,ma - executing repeatUntil(steps,maxWaitMs)(6, -1)
2019-07-20 15:35:42,135|I|Thread-1|firstEvaluation.20190720_153534.001|JsonScenario|Activity 2|# 15|base.assertEqual(expected - 
<[repeat-until] entering loop #1 --------------------------------------------->
2019-07-20 15:35:42,136|I|Thread-1|firstEvaluation.20190720_153534.001|JsonScenario|Activity 2|# 15|base.assertEqual(expected - executing assertEqual(expected,actual)(${length}, ${counter})
2019-07-20 15:35:42,137|I|Thread-1|firstEvaluation.20190720_153534.001|JsonScenario|Activity 2|# 16|base.save(var,value) - executing save(var,value)(unit_cost, $(array|item|${unit_costList}|${counter}))
2019-07-20 15:35:42,139|I|Thread-1|firstEvaluation.20190720_153534.001|JsonScenario|Activity 2|# 16|base.save(var,value) - [repeat-until] PASS stored '10.47' as ${unit_cost}
2019-07-20 15:35:42,141|I|Thread-1|firstEvaluation.20190720_153534.001|JsonScenario|Activity 2|# 17|base.save(var,value) - executing save(var,value)(quantity, $(array|item|${quantityList}|${counter}))
2019-07-20 15:35:42,143|I|Thread-1|firstEvaluation.20190720_153534.001|JsonScenario|Activity 2|# 17|base.save(var,value) - [repeat-until] PASS stored '261' as ${quantity}
2019-07-20 15:35:42,150|I|Thread-1|firstEvaluation.20190720_153534.001|JsonScenario|Activity 2|# 18|base.save(var,value) - executing save(var,value)(mulValue, [NUMBER(${unit_cost}) => multiply(${quantity})])
2019-07-20 15:35:42,167|I|Thread-1|firstEvaluation.20190720_153534.001|JsonScenario|Activity 2|# 18|base.save(var,value) - [repeat-until] PASS stored '2732.67' as ${mulValue}
2019-07-20 15:35:42,167|I|Thread-1|firstEvaluation.20190720_153534.001|JsonScenario|Activity 2|# 19|base.save(var,value) - executing save(var,value)(sumTotal, [NUMBER(${sumTotal}) => add(${mulValue})])
2019-07-20 15:35:42,172|I|Thread-1|firstEvaluation.20190720_153534.001|JsonScenario|Activity 2|# 19|base.save(var,value) - [repeat-until] PASS stored '2732.67' as ${sumTotal}
2019-07-20 15:35:42,176|I|Thread-1|firstEvaluation.20190720_153534.001|JsonScenario|Activity 2|# 20|number.increment(var,amou - executing increment(var,amount)(counter, 1)
2019-07-20 15:35:42,180|I|Thread-1|firstEvaluation.20190720_153534.001|JsonScenario|Activity 2|# 20|number.increment(var,amou - [repeat-until] PASS incremented ${counter} by 1 to 1
2019-07-20 15:35:42,181|I|Thread-1|firstEvaluation.20190720_153534.001|JsonScenario|Activity 2|# 15|base.assertEqual(expected - 
<[repeat-until] entering loop #2 --------------------------------------------->
2019-07-20 15:35:42,186|I|Thread-1|firstEvaluation.20190720_153534.001|JsonScenario|Activity 2|# 15|base.assertEqual(expected - executing assertEqual(expected,actual)(${length}, ${counter})
2019-07-20 15:35:42,187|I|Thread-1|firstEvaluation.20190720_153534.001|JsonScenario|Activity 2|# 16|base.save(var,value) - executing save(var,value)(unit_cost, $(array|item|${unit_costList}|${counter}))
2019-07-20 15:35:42,194|I|Thread-1|firstEvaluation.20190720_153534.001|JsonScenario|Activity 2|# 16|base.save(var,value) - [repeat-until] PASS stored '8.74' as ${unit_cost}
2019-07-20 15:35:42,198|I|Thread-1|firstEvaluation.20190720_153534.001|JsonScenario|Activity 2|# 17|base.save(var,value) - executing save(var,value)(quantity, $(array|item|${quantityList}|${counter}))
2019-07-20 15:35:42,200|I|Thread-1|firstEvaluation.20190720_153534.001|JsonScenario|Activity 2|# 17|base.save(var,value) - [repeat-until] PASS stored '292' as ${quantity}
2019-07-20 15:35:42,201|I|Thread-1|firstEvaluation.20190720_153534.001|JsonScenario|Activity 2|# 18|base.save(var,value) - executing save(var,value)(mulValue, [NUMBER(${unit_cost}) => multiply(${quantity})])
2019-07-20 15:35:42,202|I|Thread-1|firstEvaluation.20190720_153534.001|JsonScenario|Activity 2|# 18|base.save(var,value) - [repeat-until] PASS stored '2552.08' as ${mulValue}
2019-07-20 15:35:42,203|I|Thread-1|firstEvaluation.20190720_153534.001|JsonScenario|Activity 2|# 19|base.save(var,value) - executing save(var,value)(sumTotal, [NUMBER(${sumTotal}) => add(${mulValue})])
2019-07-20 15:35:42,205|I|Thread-1|firstEvaluation.20190720_153534.001|JsonScenario|Activity 2|# 19|base.save(var,value) - [repeat-until] PASS stored '5284.75' as ${sumTotal}
2019-07-20 15:35:42,210|I|Thread-1|firstEvaluation.20190720_153534.001|JsonScenario|Activity 2|# 20|number.increment(var,amou - executing increment(var,amount)(counter, 1)
2019-07-20 15:35:42,214|I|Thread-1|firstEvaluation.20190720_153534.001|JsonScenario|Activity 2|# 20|number.increment(var,amou - [repeat-until] PASS incremented ${counter} by 1 to 2
2019-07-20 15:35:42,215|I|Thread-1|firstEvaluation.20190720_153534.001|JsonScenario|Activity 2|# 15|base.assertEqual(expected - 
<[repeat-until] entering loop #3 --------------------------------------------->
2019-07-20 15:35:42,216|I|Thread-1|firstEvaluation.20190720_153534.001|JsonScenario|Activity 2|# 15|base.assertEqual(expected - executing assertEqual(expected,actual)(${length}, ${counter})
2019-07-20 15:35:42,220|I|Thread-1|firstEvaluation.20190720_153534.001|JsonScenario|Activity 2|# 14|base.repeatUntil(steps,ma - PASS repeat-until execution completed
2019-07-20 15:35:42,822|I|Thread-1|firstEvaluation.20190720_153534.001|JsonScenario|Activity 2|# 21|base.verbose(text) - executing verbose(text)(${sumTotal})
2019-07-20 15:35:42,824|I|Thread-1|firstEvaluation.20190720_153534.001|JsonScenario|Activity 2|# 21|base.verbose(text) - 5284.75
2019-07-20 15:35:42,826|I|Thread-1|firstEvaluation.20190720_153534.001|JsonScenario|Activity 2|# 21|base.verbose(text) - PASS 
2019-07-20 15:35:42,982|I|Thread-1|[firstEvaluation.20190720_153534.001|JsonScenario] saving test scenario
2019-07-20 15:35:43,064|I|Thread-1|[20190720_153533] 
/-TEST COMPLETE-----------------------------------------------------------------
| Test Output:    C:\projects\firstEvaluation\output\20190720_153533\firstEvaluation.20190720_153534.001.xlsx
| Iteration:      1
\-------------------------------------------------------------------------------
» Execution Time: 7230 ms
» Test Steps:     11
» Error(s):       0



2019-07-20 15:35:44,974|I|Thread-1|[20190720_153533] 
/-TEST COMPLETE-----------------------------------------------------------------
| Test Script:    C:\projects\firstEvaluation\artifact\script\firstEvaluation.xlsx
\-------------------------------------------------------------------------------
» Execution Time: 10999 ms
» Iterations:     [1] total 1
» Test Steps:     11
» Passed:         11
» Error(s):       0
» Iteration 1 of 1: C:\projects\firstEvaluation\output\20190720_153533\firstEvaluation.20190720_153534.001.xlsx



2019-07-20 15:35:45,959|I|main|[20190720_153533] [C:\projects\firstEvaluation\artifact\script\firstEvaluation.xlsx] now completed
2019-07-20 15:35:45,959|I|main|[20190720_153533] all execution thread(s) have terminated
2019-07-20 15:35:45,959|I|main|[20190720_153533] test run completed in about 12 seconds
2019-07-20 15:35:46,010|I|main|No predefined nexial-setup found
2019-07-20 15:35:46,042|I|main|outputBase not set; output-to-cloud DISABLED!
2019-07-20 15:35:46,043|I|main|accessKey not set; output-to-cloud DISABLED!
2019-07-20 15:35:46,044|I|main|secretKey not set; output-to-cloud DISABLED!
2019-07-20 15:35:46,044|I|main|generating HTML output for this execution to C:\projects\firstEvaluation\output\20190720_153533\execution-output.html
2019-07-20 15:35:46,629|I|main|generating JUnit XML output for this execution to C:\projects\firstEvaluation\output\20190720_153533\junit.xml
2019-07-20 15:35:46,684|I|main|generated JUnit report for this execution: C:\projects\firstEvaluation\output\20190720_153533\junit.xml
2019-07-20 15:35:46,724|I|main|nexial mailer not enabled: nexial.enableEmail=false
2019-07-20 15:35:46,724|I|main|skipped email notification as configured
2019-07-20 15:35:46,724|I|main|exiting Nexial...
2019-07-20 15:35:46,724|I|main|

/-END OF EXECUTION--------------------------------------------------------------
| » Execution Time: 12 sec.
| » Test Steps....: 11
| » Passed........: 11
| » Failed........: 0
| » Success Rate..: 100.00%
\----------------------------------------------------------nexial-core dev_0581-

2019-07-20 15:35:46,729|I|main|ALL PASSED!
2019-07-20 15:35:46,729|I|main|End of Execution:
NEXIAL_OUTPUT:         C:\projects\firstEvaluation\output\20190720_153533
NEXIAL_EXECUTION_HTML: C:\projects\firstEvaluation\output\20190720_153533\execution-output.html
NEXIAL_JUNIT_XML:      C:\projects\firstEvaluation\output\20190720_153533\junit.xml
NEXIAL_SUCCESS_RATE:   100.00%
NEXIAL_EXIT_STATUS:    0
