2019-07-22 18:11:05,373|I|Thread-1|(DELAYED) nexial-core dev_0581 starting up...
2019-07-22 18:11:05,373|I|Thread-1|(DELAYED) data file resolved as C:\Users\DEEPAN~1\AppData\Local\Temp\ifuKe\firstEvaluation.data.xlsx
2019-07-22 18:11:05,373|I|Thread-1|(DELAYED) input files and output directory resolved...
2019-07-22 18:11:05,373|I|Thread-1|(DELAYED) No predefined nexial-setup found
2019-07-22 18:11:05,373|I|Thread-1|(DELAYED) [20190722_181105] [C:\projects\firstEvaluation\artifact\script\firstEvaluation.xlsx] resolve RUN ID as 20190722_181105
2019-07-22 18:11:05,373|I|Thread-1|(DELAYED) [20190722_181105] [C:\projects\firstEvaluation\artifact\script\firstEvaluation.xlsx] new thread started
2019-07-22 18:11:05,373|I|Thread-1|No predefined nexial-setup found
2019-07-22 18:11:05,428|I|Thread-1|outputBase not set; output-to-cloud DISABLED!
2019-07-22 18:11:05,428|I|Thread-1|accessKey not set; output-to-cloud DISABLED!
2019-07-22 18:11:05,428|I|Thread-1|secretKey not set; output-to-cloud DISABLED!
2019-07-22 18:11:05,443|I|Thread-1|missing REQUIRED configuration; sms DISABLED!
2019-07-22 18:11:06,123|I|Thread-1|[20190722_181105] executing C:\projects\firstEvaluation\artifact\script\firstEvaluation.xlsx with 1 iteration(s)
2019-07-22 18:11:06,128|I|Thread-1|[20190722_181105] create directory C:\projects\firstEvaluation\output\20190722_181105\captures
2019-07-22 18:11:06,128|I|Thread-1|[20190722_181105] create directory C:\projects\firstEvaluation\output\20190722_181105\logs
2019-07-22 18:11:06,474|I|Thread-1|[20190722_181105] merging test data to tmp file C:\projects\firstEvaluation\output\20190722_181105\firstEvaluation.20190722_181106.001.xlsx
2019-07-22 18:11:06,474|I|Thread-1|refetching data from C:\projects\firstEvaluation\artifact\data\firstEvaluation.data.xlsx
2019-07-22 18:11:06,629|I|Thread-1|[20190722_181105] test script and test data merged to C:\projects\firstEvaluation\output\20190722_181105\firstEvaluation.20190722_181106.001.xlsx
2019-07-22 18:11:07,174|I|Thread-1|STARTS
2019-07-22 18:11:07,199|I|Thread-1|firstEvaluation.20190722_181106.001 - executing iteration #1 of 1; Iteration Id 1
2019-07-22 18:11:07,209|I|Thread-1|firstEvaluation.20190722_181106.001|JsonScenario - executing test scenario
2019-07-22 18:11:07,209|I|Thread-1|firstEvaluation.20190722_181106.001|JsonScenario|Activity 1 - executing activity
2019-07-22 18:11:07,814|I|Thread-1|firstEvaluation.20190722_181106.001|JsonScenario|Activity 1|#  5|json.storeValues(json,jso - executing storeValues(json,jsonpath,var)($(syspath|data|fullpath)/example_2.json, products[supplier=Wisozk Inc].product_name, productNames)
2019-07-22 18:11:07,878|I|Thread-1|firstEvaluation.20190722_181106.001|JsonScenario|Activity 1|#  5|json.storeValues(json,jso - PASS EXPECTED match against 'products[supplier=Wisozk Inc].product_name' stored to ${productNames}
2019-07-22 18:11:08,486|I|Thread-1|firstEvaluation.20190722_181106.001|JsonScenario|Activity 1|#  6|base.verbose(text) - executing verbose(text)(${productNames})
2019-07-22 18:11:08,486|I|Thread-1|firstEvaluation.20190722_181106.001|JsonScenario|Activity 1|#  6|base.verbose(text) - ["sildenafil citrate","Mountain Juniperus ashei"]
2019-07-22 18:11:08,621|I|Thread-1|firstEvaluation.20190722_181106.001|JsonScenario|Activity 1|#  6|base.verbose(text) - PASS 
2019-07-22 18:11:08,621|I|Thread-1|firstEvaluation.20190722_181106.001|JsonScenario|Activity 2 - executing activity
2019-07-22 18:11:09,229|I|Thread-1|firstEvaluation.20190722_181106.001|JsonScenario|Activity 2|#  7|json.storeValues(json,jso - executing storeValues(json,jsonpath,var)($(syspath|data|fullpath)/example_2.json, products[supplier=Wisozk Inc].quantity, quantityList)
2019-07-22 18:11:09,229|I|Thread-1|firstEvaluation.20190722_181106.001|JsonScenario|Activity 2|#  7|json.storeValues(json,jso - PASS EXPECTED match against 'products[supplier=Wisozk Inc].quantity' stored to ${quantityList}
2019-07-22 18:11:09,834|I|Thread-1|firstEvaluation.20190722_181106.001|JsonScenario|Activity 2|#  8|json.storeValues(json,jso - executing storeValues(json,jsonpath,var)($(syspath|data|fullpath)/example_2.json, products[supplier=Wisozk Inc].unit_cost, costList)
2019-07-22 18:11:09,834|I|Thread-1|firstEvaluation.20190722_181106.001|JsonScenario|Activity 2|#  8|json.storeValues(json,jso - PASS EXPECTED match against 'products[supplier=Wisozk Inc].unit_cost' stored to ${costList}
2019-07-22 18:11:10,436|I|Thread-1|firstEvaluation.20190722_181106.001|JsonScenario|Activity 2|#  9|base.save(var,value) - executing save(var,value)(unit_costList, [LIST${costList} => replaceRegex([$],)])
2019-07-22 18:11:10,436|I|Thread-1|firstEvaluation.20190722_181106.001|JsonScenario|Activity 2|#  9|base.save(var,value) - PASS stored '[LIST["$10.47","$8.74"] => replaceRegex([$],)]' as ${unit_costList}
2019-07-22 18:11:11,037|I|Thread-1|firstEvaluation.20190722_181106.001|JsonScenario|Activity 2|# 10|base.verbose(text) - executing verbose(text)(${unit_costList})
2019-07-22 18:11:11,037|I|Thread-1|firstEvaluation.20190722_181106.001|JsonScenario|Activity 2|# 10|base.verbose(text) - [LIST["$10.47","$8.74"] => replaceRegex([$],)]
2019-07-22 18:11:11,037|I|Thread-1|firstEvaluation.20190722_181106.001|JsonScenario|Activity 2|# 10|base.verbose(text) - PASS 
2019-07-22 18:11:11,639|I|Thread-1|firstEvaluation.20190722_181106.001|JsonScenario|Activity 2|# 11|base.save(var,value) - executing save(var,value)(sumTotal, 0)
2019-07-22 18:11:11,639|I|Thread-1|firstEvaluation.20190722_181106.001|JsonScenario|Activity 2|# 11|base.save(var,value) - PASS stored '0' as ${sumTotal}
2019-07-22 18:11:12,242|I|Thread-1|firstEvaluation.20190722_181106.001|JsonScenario|Activity 2|# 12|base.save(var,value) - executing save(var,value)(counter, 0)
2019-07-22 18:11:12,242|I|Thread-1|firstEvaluation.20190722_181106.001|JsonScenario|Activity 2|# 12|base.save(var,value) - PASS stored '0' as ${counter}
2019-07-22 18:11:12,845|I|Thread-1|firstEvaluation.20190722_181106.001|JsonScenario|Activity 2|# 13|base.save(var,value) - executing save(var,value)(length, $(array|length|${quantityList}))
2019-07-22 18:11:12,845|I|Thread-1|firstEvaluation.20190722_181106.001|JsonScenario|Activity 2|# 13|base.save(var,value) - PASS stored '2' as ${length}
2019-07-22 18:11:13,447|I|Thread-1|firstEvaluation.20190722_181106.001|JsonScenario|Activity 2|# 14|base.save(var,value) - executing save(var,value)(mulValue, 0)
2019-07-22 18:11:13,447|I|Thread-1|firstEvaluation.20190722_181106.001|JsonScenario|Activity 2|# 14|base.save(var,value) - PASS stored '0' as ${mulValue}
2019-07-22 18:11:14,051|I|Thread-1|firstEvaluation.20190722_181106.001|JsonScenario|Activity 2|# 15|base.verbose(text) - executing verbose(text)(${unit_costList})
2019-07-22 18:11:14,051|I|Thread-1|firstEvaluation.20190722_181106.001|JsonScenario|Activity 2|# 15|base.verbose(text) - [LIST["$10.47","$8.74"] => replaceRegex([$],)]
2019-07-22 18:11:14,051|I|Thread-1|firstEvaluation.20190722_181106.001|JsonScenario|Activity 2|# 15|base.verbose(text) - PASS 
2019-07-22 18:11:14,652|I|Thread-1|firstEvaluation.20190722_181106.001|JsonScenario|Activity 2|# 16|base.repeatUntil(steps,ma - executing repeatUntil(steps,maxWaitMs)(6, -1)
2019-07-22 18:11:14,652|I|Thread-1|firstEvaluation.20190722_181106.001|JsonScenario|Activity 2|# 17|base.assertEqual(expected - 
<[repeat-until] entering loop #1 --------------------------------------------->
2019-07-22 18:11:14,652|I|Thread-1|firstEvaluation.20190722_181106.001|JsonScenario|Activity 2|# 17|base.assertEqual(expected - executing assertEqual(expected,actual)(${length}, ${counter})
2019-07-22 18:11:14,652|I|Thread-1|firstEvaluation.20190722_181106.001|JsonScenario|Activity 2|# 18|base.save(var,value) - executing save(var,value)(unit_cost, $(array|item|${unit_costList}|${counter}))
2019-07-22 18:11:14,657|I|Thread-1|firstEvaluation.20190722_181106.001|JsonScenario|Activity 2|# 18|base.save(var,value) - [repeat-until] PASS stored '"$10.47"' as ${unit_cost}
2019-07-22 18:11:14,657|I|Thread-1|firstEvaluation.20190722_181106.001|JsonScenario|Activity 2|# 19|base.save(var,value) - executing save(var,value)(quantity, $(array|item|${quantityList}|${counter}))
2019-07-22 18:11:14,657|I|Thread-1|firstEvaluation.20190722_181106.001|JsonScenario|Activity 2|# 19|base.save(var,value) - [repeat-until] PASS stored '261' as ${quantity}
2019-07-22 18:11:14,657|I|Thread-1|firstEvaluation.20190722_181106.001|JsonScenario|Activity 2|# 20|base.save(var,value) - executing save(var,value)(mulValue, [NUMBER(${unit_cost}) => multiply(${quantity})])
2019-07-22 18:11:14,672|I|Thread-1|firstEvaluation.20190722_181106.001|JsonScenario|Activity 2|# 20|base.save(var,value) - [repeat-until] PASS stored '2732.67' as ${mulValue}
2019-07-22 18:11:14,672|I|Thread-1|firstEvaluation.20190722_181106.001|JsonScenario|Activity 2|# 21|base.save(var,value) - executing save(var,value)(sumTotal, [NUMBER(${sumTotal}) => add(${mulValue})])
2019-07-22 18:11:14,672|I|Thread-1|firstEvaluation.20190722_181106.001|JsonScenario|Activity 2|# 21|base.save(var,value) - [repeat-until] PASS stored '2732.67' as ${sumTotal}
2019-07-22 18:11:14,677|I|Thread-1|firstEvaluation.20190722_181106.001|JsonScenario|Activity 2|# 22|number.increment(var,amou - executing increment(var,amount)(counter, 1)
2019-07-22 18:11:14,677|I|Thread-1|firstEvaluation.20190722_181106.001|JsonScenario|Activity 2|# 22|number.increment(var,amou - [repeat-until] PASS incremented ${counter} by 1 to 1
2019-07-22 18:11:14,677|I|Thread-1|firstEvaluation.20190722_181106.001|JsonScenario|Activity 2|# 17|base.assertEqual(expected - 
<[repeat-until] entering loop #2 --------------------------------------------->
2019-07-22 18:11:14,677|I|Thread-1|firstEvaluation.20190722_181106.001|JsonScenario|Activity 2|# 17|base.assertEqual(expected - executing assertEqual(expected,actual)(${length}, ${counter})
2019-07-22 18:11:14,677|I|Thread-1|firstEvaluation.20190722_181106.001|JsonScenario|Activity 2|# 18|base.save(var,value) - executing save(var,value)(unit_cost, $(array|item|${unit_costList}|${counter}))
2019-07-22 18:11:14,687|I|Thread-1|firstEvaluation.20190722_181106.001|JsonScenario|Activity 2|# 18|base.save(var,value) - [repeat-until] PASS stored '"$8.74"' as ${unit_cost}
2019-07-22 18:11:14,687|I|Thread-1|firstEvaluation.20190722_181106.001|JsonScenario|Activity 2|# 19|base.save(var,value) - executing save(var,value)(quantity, $(array|item|${quantityList}|${counter}))
2019-07-22 18:11:14,687|I|Thread-1|firstEvaluation.20190722_181106.001|JsonScenario|Activity 2|# 19|base.save(var,value) - [repeat-until] PASS stored '292' as ${quantity}
2019-07-22 18:11:14,687|I|Thread-1|firstEvaluation.20190722_181106.001|JsonScenario|Activity 2|# 20|base.save(var,value) - executing save(var,value)(mulValue, [NUMBER(${unit_cost}) => multiply(${quantity})])
2019-07-22 18:11:14,692|I|Thread-1|firstEvaluation.20190722_181106.001|JsonScenario|Activity 2|# 20|base.save(var,value) - [repeat-until] PASS stored '2552.08' as ${mulValue}
2019-07-22 18:11:14,692|I|Thread-1|firstEvaluation.20190722_181106.001|JsonScenario|Activity 2|# 21|base.save(var,value) - executing save(var,value)(sumTotal, [NUMBER(${sumTotal}) => add(${mulValue})])
2019-07-22 18:11:14,692|I|Thread-1|firstEvaluation.20190722_181106.001|JsonScenario|Activity 2|# 21|base.save(var,value) - [repeat-until] PASS stored '5284.75' as ${sumTotal}
2019-07-22 18:11:14,692|I|Thread-1|firstEvaluation.20190722_181106.001|JsonScenario|Activity 2|# 22|number.increment(var,amou - executing increment(var,amount)(counter, 1)
2019-07-22 18:11:14,692|I|Thread-1|firstEvaluation.20190722_181106.001|JsonScenario|Activity 2|# 22|number.increment(var,amou - [repeat-until] PASS incremented ${counter} by 1 to 2
2019-07-22 18:11:14,692|I|Thread-1|firstEvaluation.20190722_181106.001|JsonScenario|Activity 2|# 17|base.assertEqual(expected - 
<[repeat-until] entering loop #3 --------------------------------------------->
2019-07-22 18:11:14,692|I|Thread-1|firstEvaluation.20190722_181106.001|JsonScenario|Activity 2|# 17|base.assertEqual(expected - executing assertEqual(expected,actual)(${length}, ${counter})
2019-07-22 18:11:14,692|I|Thread-1|firstEvaluation.20190722_181106.001|JsonScenario|Activity 2|# 16|base.repeatUntil(steps,ma - PASS repeat-until execution completed
2019-07-22 18:11:15,306|I|Thread-1|firstEvaluation.20190722_181106.001|JsonScenario|Activity 2|# 23|base.verbose(text) - executing verbose(text)(${sumTotal})
2019-07-22 18:11:15,306|I|Thread-1|firstEvaluation.20190722_181106.001|JsonScenario|Activity 2|# 23|base.verbose(text) - 5284.75
2019-07-22 18:11:15,310|I|Thread-1|firstEvaluation.20190722_181106.001|JsonScenario|Activity 2|# 23|base.verbose(text) - PASS 
2019-07-22 18:11:15,310|I|Thread-1|firstEvaluation.20190722_181106.001|JsonScenario|Activity 3 - executing activity
2019-07-22 18:11:15,914|I|Thread-1|firstEvaluation.20190722_181106.001|JsonScenario|Activity 3|# 24|io.readFile(var,file) - executing readFile(var,file)(jsonFile, $(syspath|data|fullpath)/example_2.json)
2019-07-22 18:11:15,914|I|Thread-1|firstEvaluation.20190722_181106.001|JsonScenario|Activity 3|# 24|io.readFile(var,file) - PASS Content read from 'C:\projects\firstEvaluation\artifact\data\example_2.json' to ${jsonFile}
2019-07-22 18:11:16,515|I|Thread-1|firstEvaluation.20190722_181106.001|JsonScenario|Activity 3|# 25|base.save(var,value) - executing save(var,value)(var, [JSON(${jsonFile} => extract(products[unit_cost => ascending])])
2019-07-22 18:11:16,570|I|Thread-1|firstEvaluation.20190722_181106.001|JsonScenario|Activity 3|# 25|base.save(var,value) - PASS stored '[JSON({
	"products": 
		[{
  			"_id": {
 			   "orderid": "5968dd23fc13ae04d9000001"
  				},
  			"product_name": "sildenafil citrate",
  			"supplier": "Wisozk Inc",
  			"quantity": 261,
  			"unit_cost": "$10.47"
		}, 
		{
 			"_id": {
    			  "orderid": "5968dd23fc13ae04d9000002"
  				},
 			  "product_name": "Mountain Juniperus ashei",
  			  "supplier": "Wisozk Inc",
			  "quantity": 292,
			  "unit_cost": "$8.74"
		},
		{
			 "_id": {
			    "orderid": "5968dd23fc13ae04d9000003"
				},
			    "product_name": "Dextromathorphan HBr",
			    "supplier": "Schmitt-Weissnat",
  		            "quantity": 211,
  			    "unit_cost": "$20.53"
		},
		{
			 "_id": {
			    "orderid": "5968dd23fc13ae04d9000004"
 				 },
  			    "product_name": "Dextromathorphan HBr",
			    "supplier": "SC-Pharmacy",
			    "quantity": 211,
			    "unit_cost": "$20.53"
		}]
} => extract(products[unit_cost => ascending])]' as ${var}
2019-07-22 18:11:17,179|I|Thread-1|firstEvaluation.20190722_181106.001|JsonScenario|Activity 3|# 26|json.storeValues(json,jso - executing storeValues(json,jsonpath,var)(${var}, products.product_name, result)
2019-07-22 18:11:17,179|E|Thread-1|Error converting string to JSON object: Expected a ',' or ']' at 7 [character 8 line 1]
org.json.JSONException: Expected a ',' or ']' at 7 [character 8 line 1]
	at org.json.JSONTokener.syntaxError(JSONTokener.java:505)
	at org.json.JSONArray.<init>(JSONArray.java:130)
	at org.json.JSONArray.<init>(JSONArray.java:147)
	at org.nexial.core.utils.JsonUtils.toJSONArray(JsonUtils.java:85)
	at org.nexial.core.plugins.json.JsonCommand.resolveToJSONObject(JsonCommand.java:318)
	at org.nexial.core.plugins.json.JsonCommand.toJSONObject(JsonCommand.java:441)
	at org.nexial.core.plugins.json.JsonCommand.sanityCheck(JsonCommand.java:445)
	at org.nexial.core.plugins.json.JsonCommand.find(JsonCommand.java:449)
	at org.nexial.core.plugins.json.JsonCommand.extractJsonValue(JsonCommand.java:384)
	at org.nexial.core.plugins.json.JsonCommand.storeValues(JsonCommand.java:123)
	at sun.reflect.NativeMethodAccessorImpl.invoke0(Native Method)
	at sun.reflect.NativeMethodAccessorImpl.invoke(Unknown Source)
	at sun.reflect.DelegatingMethodAccessorImpl.invoke(Unknown Source)
	at java.lang.reflect.Method.invoke(Unknown Source)
	at org.nexial.core.plugins.base.BaseCommand.execute(BaseCommand.java:156)
	at org.nexial.core.model.TestStep.invokeCommand(TestStep.java:327)
	at org.nexial.core.model.TestStep.execute(TestStep.java:169)
	at org.nexial.core.model.TestCase.execute(TestCase.java:94)
	at org.nexial.core.model.TestScenario.execute(TestScenario.java:130)
	at org.nexial.core.model.ExecutionContext.execute(ExecutionContext.java:1184)
	at org.nexial.core.ExecutionThread.run(ExecutionThread.java:174)
2019-07-22 18:11:17,184|E|Thread-1|JSON string in error is as follows:
[JSON({
	"products": 
		[{
  			"_id": {
 			   "orderid": "5968dd23fc13ae04d9000001"
  				},
  			"product_name": "sildenafil citrate",
  			"supplier": "Wisozk Inc",
  			"quantity": 261,
  			"unit_cost": "$10.47"
		}, 
		{
 			"_id": {
    			  "orderid": "5968dd23fc13ae04d9000002"
  				},
 			  "product_name": "Mountain Juniperus ashei",
  			  "supplier": "Wisozk Inc",
			  "quantity": 292,
			  "unit_cost": "$8.74"
		},
		{
			 "_id": {
			    "orderid": "5968dd23fc13ae04d9000003"
				},
			    "product_name": "Dextromathorphan HBr",
			    "supplier": "Schmitt-Weissnat",
  		            "quantity": 211,
  			    "unit_cost": "$20.53"
		},
		{
			 "_id": {
			    "orderid": "5968dd23fc13ae04d9000004"
 				 },
  			    "product_name": "Dextromathorphan HBr",
			    "supplier": "SC-Pharmacy",
			    "quantity": 211,
			    "unit_cost": "$20.53"
		}]
} => extract(products[unit_cost => ascending])]
2019-07-22 18:11:17,209|E|Thread-1|firstEvaluation.20190722_181106.001|JsonScenario|Activity 3|# 26|json.storeValues(json,jso - FAIL invalid/malformed json: {[JSON({
	"products": 
		[{
  			"_id": {
 			   "orderid": "5968dd23fc13ae04d9000001"
  				},
  			"product_name": "sildenafil citrate",
  			"supplier": "Wisozk Inc",
  			"quantity": 261,
  			"unit_cost": "$10.47"
		}, 
		{
 			"_id": {
    			  "orderid": "5968dd23fc13ae04d9000002"
  				},
 			  "product_name": "Mountain Juniperus ashei",
  			  "supplier": "Wisozk Inc",
			  "quantity": 292,
			  "unit_cost": "$8.74"
		},
		{
			 "_id": {
			    "orderid": "5968dd23fc13ae04d9000003"
				},
			    "product_name": "Dextromathorphan HBr",
			    "supplier": "Schmitt-Weissnat",
  		            "quantity": 211,
  			    "unit_cost": "$20.53"
		},
		{
			 "_id": {
			    "orderid": "5968dd23fc13ae04d9000004"
 				 },
  			    "product_name": "Dextromathorphan HBr",
			    "supplier": "SC-Pharmacy",
			    "quantity": 211,
			    "unit_cost": "$20.53"
		}]
} => extract(products[unit_cost => ascending])]}
2019-07-22 18:11:17,815|I|Thread-1|firstEvaluation.20190722_181106.001|JsonScenario|Activity 3|# 27|base.verbose(text) - executing verbose(text)(${result})
2019-07-22 18:11:17,815|I|Thread-1|firstEvaluation.20190722_181106.001|JsonScenario|Activity 3|# 27|base.verbose(text) - 
2019-07-22 18:11:17,815|I|Thread-1|firstEvaluation.20190722_181106.001|JsonScenario|Activity 3|# 27|base.verbose(text) - PASS 
2019-07-22 18:11:17,815|I|Thread-1|firstEvaluation.20190722_181106.001|JsonScenario|Activity 4 - executing activity
2019-07-22 18:11:18,419|I|Thread-1|firstEvaluation.20190722_181106.001|JsonScenario|Activity 4|# 28|json.storeValues(json,jso - executing storeValues(json,jsonpath,var)($(syspath|data|fullpath)/example_2.json, products[product_name=Dextromathorphan HBr].supplier, supplierList)
2019-07-22 18:11:18,419|I|Thread-1|firstEvaluation.20190722_181106.001|JsonScenario|Activity 4|# 28|json.storeValues(json,jso - PASS EXPECTED match against 'products[product_name=Dextromathorphan HBr].supplier' stored to ${supplierList}
2019-07-22 18:11:19,025|I|Thread-1|firstEvaluation.20190722_181106.001|JsonScenario|Activity 4|# 29|base.verbose(text) - executing verbose(text)(${supplierList})
2019-07-22 18:11:19,025|I|Thread-1|firstEvaluation.20190722_181106.001|JsonScenario|Activity 4|# 29|base.verbose(text) - ["Schmitt-Weissnat","SC-Pharmacy"]
2019-07-22 18:11:19,025|I|Thread-1|firstEvaluation.20190722_181106.001|JsonScenario|Activity 4|# 29|base.verbose(text) - PASS 
2019-07-22 18:11:19,025|I|Thread-1|firstEvaluation.20190722_181106.001|JsonScenario|Activity 5 - executing activity
2019-07-22 18:11:19,626|I|Thread-1|firstEvaluation.20190722_181106.001|JsonScenario|Activity 5|# 30|json.storeValues(json,jso - executing storeValues(json,jsonpath,var)($(syspath|data|fullpath)/example_2.json, products.product_name, productList)
2019-07-22 18:11:19,655|I|Thread-1|firstEvaluation.20190722_181106.001|JsonScenario|Activity 5|# 30|json.storeValues(json,jso - PASS EXPECTED match against 'products.product_name' stored to ${productList}
2019-07-22 18:11:20,256|I|Thread-1|firstEvaluation.20190722_181106.001|JsonScenario|Activity 5|# 31|json.storeValues(json,jso - executing storeValues(json,jsonpath,var)($(syspath|data|fullpath)/example_2.json, products.unit_cost, costList)
2019-07-22 18:11:20,256|I|Thread-1|firstEvaluation.20190722_181106.001|JsonScenario|Activity 5|# 31|json.storeValues(json,jso - PASS EXPECTED match against 'products.unit_cost' stored to ${costList}
2019-07-22 18:11:20,859|I|Thread-1|firstEvaluation.20190722_181106.001|JsonScenario|Activity 5|# 32|base.save(var,value) - executing save(var,value)(unit_costList, [LIST${costList} => replaceRegex([$],)])
2019-07-22 18:11:20,859|I|Thread-1|firstEvaluation.20190722_181106.001|JsonScenario|Activity 5|# 32|base.save(var,value) - PASS stored '[LIST["$10.47","$8.74","$20.53","$20.53"] => replaceRegex([$],)]' as ${unit_costList}
2019-07-22 18:11:21,464|I|Thread-1|firstEvaluation.20190722_181106.001|JsonScenario|Activity 5|# 33|base.save(var,value) - executing save(var,value)(counter, 0)
2019-07-22 18:11:21,464|I|Thread-1|firstEvaluation.20190722_181106.001|JsonScenario|Activity 5|# 33|base.save(var,value) - PASS stored '0' as ${counter}
2019-07-22 18:11:22,064|I|Thread-1|firstEvaluation.20190722_181106.001|JsonScenario|Activity 5|# 34|base.save(var,value) - executing save(var,value)(finalList, abcd)
2019-07-22 18:11:22,064|I|Thread-1|firstEvaluation.20190722_181106.001|JsonScenario|Activity 5|# 34|base.save(var,value) - PASS stored 'abcd' as ${finalList}
2019-07-22 18:11:22,667|I|Thread-1|firstEvaluation.20190722_181106.001|JsonScenario|Activity 5|# 35|base.repeatUntil(steps,ma - executing repeatUntil(steps,maxWaitMs)(6, -1)
2019-07-22 18:11:22,667|I|Thread-1|firstEvaluation.20190722_181106.001|JsonScenario|Activity 5|# 36|base.assertEqual(expected - 
<[repeat-until] entering loop #1 --------------------------------------------->
2019-07-22 18:11:22,667|I|Thread-1|firstEvaluation.20190722_181106.001|JsonScenario|Activity 5|# 36|base.assertEqual(expected - executing assertEqual(expected,actual)($(array|length|${unit_costList}), ${counter})
2019-07-22 18:11:22,667|I|Thread-1|firstEvaluation.20190722_181106.001|JsonScenario|Activity 5|# 37|base.save(var,value) - executing save(var,value)(value, $(array|item|${unit_costList}|${counter}))
2019-07-22 18:11:22,672|I|Thread-1|firstEvaluation.20190722_181106.001|JsonScenario|Activity 5|# 37|base.save(var,value) - [repeat-until] PASS stored '"$10.47"' as ${value}
2019-07-22 18:11:22,672|I|Thread-1|firstEvaluation.20190722_181106.001|JsonScenario|Activity 5|# 38|base.save(var,value) - executing save(var,value)(cost, [TEXT(${value}) => remove($) remove(") ])
2019-07-22 18:11:22,672|I|Thread-1|firstEvaluation.20190722_181106.001|JsonScenario|Activity 5|# 38|base.save(var,value) - [repeat-until] PASS stored '10.47' as ${cost}
2019-07-22 18:11:22,672|I|Thread-1|firstEvaluation.20190722_181106.001|JsonScenario|Activity 5|# 39|base.verbose(text) - executing verbose(text)(${cost})
2019-07-22 18:11:22,672|I|Thread-1|firstEvaluation.20190722_181106.001|JsonScenario|Activity 5|# 39|base.verbose(text) - 10.47
2019-07-22 18:11:22,677|I|Thread-1|firstEvaluation.20190722_181106.001|JsonScenario|Activity 5|# 39|base.verbose(text) - [repeat-until] PASS 10.47
2019-07-22 18:11:22,677|I|Thread-1|firstEvaluation.20190722_181106.001|JsonScenario|Activity 5|# 40|base.verbose(text) - executing verbose(text)([LIST(finalList) => append($(array|item|${productList}|${counter}))])
2019-07-22 18:11:22,677|I|Thread-1|evaluating flow control:	SkipIf(10.47>20)		=> NOT MATCHED
2019-07-22 18:11:22,682|I|Thread-1|firstEvaluation.20190722_181106.001|JsonScenario|Activity 5|# 40|base.verbose(text) - finalList,"sildenafil citrate"
2019-07-22 18:11:22,682|I|Thread-1|firstEvaluation.20190722_181106.001|JsonScenario|Activity 5|# 40|base.verbose(text) - [repeat-until] PASS finalList,"sildenafil citrate"
2019-07-22 18:11:22,682|I|Thread-1|firstEvaluation.20190722_181106.001|JsonScenario|Activity 5|# 41|number.increment(var,amou - executing increment(var,amount)(counter, 1)
2019-07-22 18:11:22,687|I|Thread-1|firstEvaluation.20190722_181106.001|JsonScenario|Activity 5|# 41|number.increment(var,amou - [repeat-until] PASS incremented ${counter} by 1 to 1
2019-07-22 18:11:22,687|I|Thread-1|firstEvaluation.20190722_181106.001|JsonScenario|Activity 5|# 36|base.assertEqual(expected - 
<[repeat-until] entering loop #2 --------------------------------------------->
2019-07-22 18:11:22,687|I|Thread-1|firstEvaluation.20190722_181106.001|JsonScenario|Activity 5|# 36|base.assertEqual(expected - executing assertEqual(expected,actual)($(array|length|${unit_costList}), ${counter})
2019-07-22 18:11:22,687|I|Thread-1|firstEvaluation.20190722_181106.001|JsonScenario|Activity 5|# 37|base.save(var,value) - executing save(var,value)(value, $(array|item|${unit_costList}|${counter}))
2019-07-22 18:11:22,687|I|Thread-1|firstEvaluation.20190722_181106.001|JsonScenario|Activity 5|# 37|base.save(var,value) - [repeat-until] PASS stored '"$8.74"' as ${value}
2019-07-22 18:11:22,687|I|Thread-1|firstEvaluation.20190722_181106.001|JsonScenario|Activity 5|# 38|base.save(var,value) - executing save(var,value)(cost, [TEXT(${value}) => remove($) remove(") ])
2019-07-22 18:11:22,687|I|Thread-1|firstEvaluation.20190722_181106.001|JsonScenario|Activity 5|# 38|base.save(var,value) - [repeat-until] PASS stored '8.74' as ${cost}
2019-07-22 18:11:22,687|I|Thread-1|firstEvaluation.20190722_181106.001|JsonScenario|Activity 5|# 39|base.verbose(text) - executing verbose(text)(${cost})
2019-07-22 18:11:22,687|I|Thread-1|firstEvaluation.20190722_181106.001|JsonScenario|Activity 5|# 39|base.verbose(text) - 8.74
2019-07-22 18:11:22,692|I|Thread-1|firstEvaluation.20190722_181106.001|JsonScenario|Activity 5|# 39|base.verbose(text) - [repeat-until] PASS 8.74
2019-07-22 18:11:22,692|I|Thread-1|firstEvaluation.20190722_181106.001|JsonScenario|Activity 5|# 40|base.verbose(text) - executing verbose(text)([LIST(finalList) => append($(array|item|${productList}|${counter}))])
2019-07-22 18:11:22,692|I|Thread-1|evaluating flow control:	SkipIf(8.74>20)		=> NOT MATCHED
2019-07-22 18:11:22,692|I|Thread-1|firstEvaluation.20190722_181106.001|JsonScenario|Activity 5|# 40|base.verbose(text) - finalList,"Mountain Juniperus ashei"
2019-07-22 18:11:22,692|I|Thread-1|firstEvaluation.20190722_181106.001|JsonScenario|Activity 5|# 40|base.verbose(text) - [repeat-until] PASS finalList,"Mountain Juniperus ashei"
2019-07-22 18:11:22,692|I|Thread-1|firstEvaluation.20190722_181106.001|JsonScenario|Activity 5|# 41|number.increment(var,amou - executing increment(var,amount)(counter, 1)
2019-07-22 18:11:22,692|I|Thread-1|firstEvaluation.20190722_181106.001|JsonScenario|Activity 5|# 41|number.increment(var,amou - [repeat-until] PASS incremented ${counter} by 1 to 2
2019-07-22 18:11:22,702|I|Thread-1|firstEvaluation.20190722_181106.001|JsonScenario|Activity 5|# 36|base.assertEqual(expected - 
<[repeat-until] entering loop #3 --------------------------------------------->
2019-07-22 18:11:22,702|I|Thread-1|firstEvaluation.20190722_181106.001|JsonScenario|Activity 5|# 36|base.assertEqual(expected - executing assertEqual(expected,actual)($(array|length|${unit_costList}), ${counter})
2019-07-22 18:11:22,702|I|Thread-1|firstEvaluation.20190722_181106.001|JsonScenario|Activity 5|# 37|base.save(var,value) - executing save(var,value)(value, $(array|item|${unit_costList}|${counter}))
2019-07-22 18:11:22,702|I|Thread-1|firstEvaluation.20190722_181106.001|JsonScenario|Activity 5|# 37|base.save(var,value) - [repeat-until] PASS stored '"$20.53"' as ${value}
2019-07-22 18:11:22,702|I|Thread-1|firstEvaluation.20190722_181106.001|JsonScenario|Activity 5|# 38|base.save(var,value) - executing save(var,value)(cost, [TEXT(${value}) => remove($) remove(") ])
2019-07-22 18:11:22,707|I|Thread-1|firstEvaluation.20190722_181106.001|JsonScenario|Activity 5|# 38|base.save(var,value) - [repeat-until] PASS stored '20.53' as ${cost}
2019-07-22 18:11:22,707|I|Thread-1|firstEvaluation.20190722_181106.001|JsonScenario|Activity 5|# 39|base.verbose(text) - executing verbose(text)(${cost})
2019-07-22 18:11:22,707|I|Thread-1|firstEvaluation.20190722_181106.001|JsonScenario|Activity 5|# 39|base.verbose(text) - 20.53
2019-07-22 18:11:22,707|I|Thread-1|firstEvaluation.20190722_181106.001|JsonScenario|Activity 5|# 39|base.verbose(text) - [repeat-until] PASS 20.53
2019-07-22 18:11:22,707|I|Thread-1|firstEvaluation.20190722_181106.001|JsonScenario|Activity 5|# 40|base.verbose(text) - executing verbose(text)([LIST(finalList) => append($(array|item|${productList}|${counter}))])
2019-07-22 18:11:22,712|I|Thread-1|evaluating flow control:	SkipIf(20.53>20)		=> MATCHED
2019-07-22 18:11:22,712|I|Thread-1|firstEvaluation.20190722_181106.001|JsonScenario|Activity 5|# 40|base.verbose(text) - [repeat-until] SKIPPED current step skipped: SkipIf(${cost} > 20)
2019-07-22 18:11:22,712|I|Thread-1|firstEvaluation.20190722_181106.001|JsonScenario|Activity 5|# 41|number.increment(var,amou - executing increment(var,amount)(counter, 1)
2019-07-22 18:11:22,717|I|Thread-1|firstEvaluation.20190722_181106.001|JsonScenario|Activity 5|# 41|number.increment(var,amou - [repeat-until] PASS incremented ${counter} by 1 to 3
2019-07-22 18:11:22,717|I|Thread-1|firstEvaluation.20190722_181106.001|JsonScenario|Activity 5|# 36|base.assertEqual(expected - 
<[repeat-until] entering loop #4 --------------------------------------------->
2019-07-22 18:11:22,717|I|Thread-1|firstEvaluation.20190722_181106.001|JsonScenario|Activity 5|# 36|base.assertEqual(expected - executing assertEqual(expected,actual)($(array|length|${unit_costList}), ${counter})
2019-07-22 18:11:22,717|I|Thread-1|firstEvaluation.20190722_181106.001|JsonScenario|Activity 5|# 37|base.save(var,value) - executing save(var,value)(value, $(array|item|${unit_costList}|${counter}))
2019-07-22 18:11:22,717|I|Thread-1|firstEvaluation.20190722_181106.001|JsonScenario|Activity 5|# 37|base.save(var,value) - [repeat-until] PASS stored '"$20.53"' as ${value}
2019-07-22 18:11:22,717|I|Thread-1|firstEvaluation.20190722_181106.001|JsonScenario|Activity 5|# 38|base.save(var,value) - executing save(var,value)(cost, [TEXT(${value}) => remove($) remove(") ])
2019-07-22 18:11:22,717|I|Thread-1|firstEvaluation.20190722_181106.001|JsonScenario|Activity 5|# 38|base.save(var,value) - [repeat-until] PASS stored '20.53' as ${cost}
2019-07-22 18:11:22,717|I|Thread-1|firstEvaluation.20190722_181106.001|JsonScenario|Activity 5|# 39|base.verbose(text) - executing verbose(text)(${cost})
2019-07-22 18:11:22,717|I|Thread-1|firstEvaluation.20190722_181106.001|JsonScenario|Activity 5|# 39|base.verbose(text) - 20.53
2019-07-22 18:11:22,717|I|Thread-1|firstEvaluation.20190722_181106.001|JsonScenario|Activity 5|# 39|base.verbose(text) - [repeat-until] PASS 20.53
2019-07-22 18:11:22,717|I|Thread-1|firstEvaluation.20190722_181106.001|JsonScenario|Activity 5|# 40|base.verbose(text) - executing verbose(text)([LIST(finalList) => append($(array|item|${productList}|${counter}))])
2019-07-22 18:11:22,717|I|Thread-1|evaluating flow control:	SkipIf(20.53>20)		=> MATCHED
2019-07-22 18:11:22,717|I|Thread-1|firstEvaluation.20190722_181106.001|JsonScenario|Activity 5|# 40|base.verbose(text) - [repeat-until] SKIPPED current step skipped: SkipIf(${cost} > 20)
2019-07-22 18:11:22,717|I|Thread-1|firstEvaluation.20190722_181106.001|JsonScenario|Activity 5|# 41|number.increment(var,amou - executing increment(var,amount)(counter, 1)
2019-07-22 18:11:22,722|I|Thread-1|firstEvaluation.20190722_181106.001|JsonScenario|Activity 5|# 41|number.increment(var,amou - [repeat-until] PASS incremented ${counter} by 1 to 4
2019-07-22 18:11:22,722|I|Thread-1|firstEvaluation.20190722_181106.001|JsonScenario|Activity 5|# 36|base.assertEqual(expected - 
<[repeat-until] entering loop #5 --------------------------------------------->
2019-07-22 18:11:22,722|I|Thread-1|firstEvaluation.20190722_181106.001|JsonScenario|Activity 5|# 36|base.assertEqual(expected - executing assertEqual(expected,actual)($(array|length|${unit_costList}), ${counter})
2019-07-22 18:11:22,722|I|Thread-1|firstEvaluation.20190722_181106.001|JsonScenario|Activity 5|# 35|base.repeatUntil(steps,ma - PASS repeat-until execution completed
2019-07-22 18:11:23,325|I|Thread-1|firstEvaluation.20190722_181106.001|JsonScenario|Activity 5|# 42|base.verbose(text) - executing verbose(text)(${finalList})
2019-07-22 18:11:23,325|I|Thread-1|firstEvaluation.20190722_181106.001|JsonScenario|Activity 5|# 42|base.verbose(text) - abcd
2019-07-22 18:11:23,325|I|Thread-1|firstEvaluation.20190722_181106.001|JsonScenario|Activity 5|# 42|base.verbose(text) - PASS 
2019-07-22 18:11:23,525|I|Thread-1|[firstEvaluation.20190722_181106.001|JsonScenario] saving test scenario
2019-07-22 18:11:23,600|I|Thread-1|firstEvaluation.20190722_181106.001|XMLScenario - executing test scenario
2019-07-22 18:11:23,600|I|Thread-1|firstEvaluation.20190722_181106.001|XMLScenario|Activity 1 - executing activity
2019-07-22 18:11:24,209|I|Thread-1|firstEvaluation.20190722_181106.001|XMLScenario|Activity 1|#  5|xml.storeValues(xml,xpath - executing storeValues(xml,xpath,var)($(syspath|data|fullpath)/example_1.xml)
2019-07-22 18:11:24,209|E|Thread-1|firstEvaluation.20190722_181106.001|XMLScenario|Activity 1|#  5|xml.storeValues(xml,xpath - FAIL MISMATCHED parameters - xml.storeValues EXPECTS 3 but found 1
2019-07-22 18:11:24,224|I|Thread-1|[firstEvaluation.20190722_181106.001|XMLScenario] saving test scenario
2019-07-22 18:11:24,289|I|Thread-1|[20190722_181105] 
/-TEST COMPLETE-----------------------------------------------------------------
| Test Output:    C:\projects\firstEvaluation\output\20190722_181105\firstEvaluation.20190722_181106.001.xlsx
| Iteration:      1
\-------------------------------------------------------------------------------
» Execution Time: 17080 ms
» Test Steps:     27
» Error(s):       2



2019-07-22 18:11:26,223|I|Thread-1|[20190722_181105] 
/-TEST COMPLETE-----------------------------------------------------------------
| Test Script:    C:\projects\firstEvaluation\artifact\script\firstEvaluation.xlsx
\-------------------------------------------------------------------------------
» Execution Time: 20958 ms
» Iterations:     [1] total 1
» Test Steps:     27
» Passed:         25
» Error(s):       2
» Iteration 1 of 1: C:\projects\firstEvaluation\output\20190722_181105\firstEvaluation.20190722_181106.001.xlsx



2019-07-22 18:11:26,298|I|main|[20190722_181105] [C:\projects\firstEvaluation\artifact\script\firstEvaluation.xlsx] now completed
2019-07-22 18:11:26,298|I|main|[20190722_181105] all execution thread(s) have terminated
2019-07-22 18:11:26,298|I|main|[20190722_181105] test run completed in about 21 seconds
2019-07-22 18:11:26,343|I|main|No predefined nexial-setup found
2019-07-22 18:11:26,368|I|main|outputBase not set; output-to-cloud DISABLED!
2019-07-22 18:11:26,368|I|main|accessKey not set; output-to-cloud DISABLED!
2019-07-22 18:11:26,368|I|main|secretKey not set; output-to-cloud DISABLED!
2019-07-22 18:11:26,368|I|main|generating HTML output for this execution to C:\projects\firstEvaluation\output\20190722_181105\execution-output.html
2019-07-22 18:11:26,968|I|main|generating JUnit XML output for this execution to C:\projects\firstEvaluation\output\20190722_181105\junit.xml
2019-07-22 18:11:27,008|I|main|generated JUnit report for this execution: C:\projects\firstEvaluation\output\20190722_181105\junit.xml
2019-07-22 18:11:27,074|I|main|nexial mailer not enabled: nexial.enableEmail=false
2019-07-22 18:11:27,074|I|main|skipped email notification as configured
2019-07-22 18:11:27,078|I|main|exiting Nexial...
2019-07-22 18:11:27,078|I|main|

/-END OF EXECUTION--------------------------------------------------------------
| » Execution Time: 21 sec.
| » Test Steps....: 27
| » Passed........: 25
| » Failed........: 2
| » Success Rate..: 92.59%
\----------------------------------------------------------nexial-core dev_0581-

2019-07-22 18:11:27,078|E|main|failure found; success rate is 92.59%
2019-07-22 18:11:27,078|I|main|End of Execution:
NEXIAL_OUTPUT:         C:\projects\firstEvaluation\output\20190722_181105
NEXIAL_EXECUTION_HTML: C:\projects\firstEvaluation\output\20190722_181105\execution-output.html
NEXIAL_JUNIT_XML:      C:\projects\firstEvaluation\output\20190722_181105\junit.xml
NEXIAL_SUCCESS_RATE:   92.59%
NEXIAL_EXIT_STATUS:    -13
