2019-07-29 15:23:10,480|I|Thread-1|(DELAYED) nexial-core 2.4_0567 starting up...
2019-07-29 15:23:10,480|I|Thread-1|(DELAYED) data file resolved as C:\Users\DEEPAN~1.PAT\AppData\Local\Temp\FfuuP\secondAssignment.data.xlsx
2019-07-29 15:23:10,480|I|Thread-1|(DELAYED) input files and output directory resolved...
2019-07-29 15:23:10,480|I|Thread-1|(DELAYED) No predefined nexial-setup found
2019-07-29 15:23:10,480|I|Thread-1|(DELAYED) [20190729_152310] [C:\projects\secondAssignment\artifact\script\secondAssignment.xlsx] resolve RUN ID as 20190729_152310
2019-07-29 15:23:10,480|I|Thread-1|(DELAYED) [20190729_152310] [C:\projects\secondAssignment\artifact\script\secondAssignment.xlsx] new thread started
2019-07-29 15:23:10,480|I|Thread-1|No predefined nexial-setup found
2019-07-29 15:23:10,558|I|Thread-1|outputBase not set; output-to-cloud DISABLED!
2019-07-29 15:23:10,558|I|Thread-1|accessKey not set; output-to-cloud DISABLED!
2019-07-29 15:23:10,558|I|Thread-1|secretKey not set; output-to-cloud DISABLED!
2019-07-29 15:23:10,589|I|Thread-1|missing REQUIRED configuration; sms DISABLED!
2019-07-29 15:23:11,423|I|Thread-1|[20190729_152310] executing C:\projects\secondAssignment\artifact\script\secondAssignment.xlsx with 1 iteration(s)
2019-07-29 15:23:11,423|I|Thread-1|[20190729_152310] create directory C:\projects\secondAssignment\output\20190729_152310\captures
2019-07-29 15:23:11,423|I|Thread-1|[20190729_152310] create directory C:\projects\secondAssignment\output\20190729_152310\logs
2019-07-29 15:23:12,111|I|Thread-1|[20190729_152310] merging test data to tmp file C:\projects\secondAssignment\output\20190729_152310\secondAssignment.20190729_152311.001.xlsx
2019-07-29 15:23:12,111|I|Thread-1|refetching data from C:\projects\secondAssignment\artifact\data\secondAssignment.data.xlsx
2019-07-29 15:23:12,417|I|Thread-1|[20190729_152310] test script and test data merged to C:\projects\secondAssignment\output\20190729_152310\secondAssignment.20190729_152311.001.xlsx
2019-07-29 15:23:13,278|I|Thread-1|STARTS
2019-07-29 15:23:13,300|I|Thread-1|secondAssignment.20190729_152311.001 - executing iteration #1 of 1; Iteration Id 1
2019-07-29 15:23:13,307|I|Thread-1|secondAssignment.20190729_152311.001|Scenario - executing test scenario
2019-07-29 15:23:13,309|I|Thread-1|secondAssignment.20190729_152311.001|Scenario|Activity 1 - executing activity
2019-07-29 15:23:13,919|I|Thread-1|secondAssignment.20190729_152311.001|Scenario|Activity 1|#  5|web.open(url) - executing open(url)(https://www.google.com/)
2019-07-29 15:23:13,919|I|Thread-1|No valid instance of webdriver, initializing...
2019-07-29 15:23:13,919|I|Thread-1|init chrome
2019-07-29 15:23:19,840|I|Thread-1|browser initialization completed for 'chrome'
2019-07-29 15:23:19,871|I|Thread-1|setting browser polling wait time to 800 ms
2019-07-29 15:23:19,887|I|Thread-1|setting browser page load timeout to 10000 ms
2019-07-29 15:23:21,633|I|Thread-1|current browser window handle:CDwindow-45D7FFA71C084D5AF1FCE34FAE580D99
2019-07-29 15:23:21,653|I|Thread-1|secondAssignment.20190729_152311.001|Scenario|Activity 1|#  5|web.open(url) - PASS opened URL https://www.google.com/
2019-07-29 15:23:22,261|I|Thread-1|secondAssignment.20190729_152311.001|Scenario|Activity 1|#  6|web.type(locator,value) - executing type(locator,value)(//*[@id="tsf"]/div[2]/div/div[1]/div/div[1]/input, ATMECS)
2019-07-29 15:23:23,138|E|Thread-1|secondAssignment.20190729_152311.001|Scenario|Activity 1|#  6|web.type(locator,value) - EXECUTING COMMAND: web.type(locator,value)('//*[@id="tsf"]/div[2]/div/div[1]/div/div[1]/input', 'ATMECS')
Specified element not found: no such element: Unable to locate element: {"method":"xpath","selector":"//*[@id="tsf"]/div[2]/div/div[1]/div/div[1]/input"}   (Session info: chrome=75.0.3770.142)...
2019-07-29 15:23:23,336|I|Thread-1|secondAssignment.20190729_152311.001|Scenario|Activity 1|#  6|web.type(locator,value) - FAIL EXECUTING COMMAND: web.type(locator,value)('//*[@id="tsf"]/div[2]/div/div[1]/div/div[1]/input', 'ATMECS')
Specified element not found: no such element: Unable to locate element: {"method":"xpath","selector":"//*[@id="tsf"]/div[2]/div/div[1]/div/div[1]/input"}   (Session info: chrome=75.0.3770.142)...
2019-07-29 15:23:23,957|I|Thread-1|secondAssignment.20190729_152311.001|Scenario|Activity 1|#  7|web.click(locator) - executing click(locator)(//*[@id="tsf"]/div[2]/div/div[3]/center/input[1])
2019-07-29 15:23:24,008|I|Thread-1|clicking '//*[@id="tsf"]/div[2]/div/div[3]/center/input[1]'...
2019-07-29 15:23:24,017|I|Thread-1|click target via JS, @id=
2019-07-29 15:23:24,057|I|Thread-1|clicked -> true
2019-07-29 15:23:24,058|I|Thread-1|secondAssignment.20190729_152311.001|Scenario|Activity 1|#  7|web.click(locator) - PASS click via JS event
2019-07-29 15:23:24,665|I|Thread-1|secondAssignment.20190729_152311.001|Scenario|Activity 1|#  8|web.saveTextArray(var, lo - executing saveTextArray(var, locator)(atmecsLinks, //*[@class="iUh30"])
2019-07-29 15:23:25,525|I|Thread-1|secondAssignment.20190729_152311.001|Scenario|Activity 1|#  8|web.saveTextArray(var, lo - PASS stored content of '//*[@class="iUh30"]' as ${atmecsLinks}
2019-07-29 15:23:26,129|I|Thread-1|secondAssignment.20190729_152311.001|Scenario|Activity 1|#  9|base.verbose(text) - executing verbose(text)($(array|length|${atmecsLinks}))
2019-07-29 15:23:26,145|I|Thread-1|secondAssignment.20190729_152311.001|Scenario|Activity 1|#  9|base.verbose(text) - 0
2019-07-29 15:23:26,166|I|Thread-1|secondAssignment.20190729_152311.001|Scenario|Activity 1|#  9|base.verbose(text) - PASS 
2019-07-29 15:23:26,773|I|Thread-1|secondAssignment.20190729_152311.001|Scenario|Activity 1|# 10|base.save(var,value) - executing save(var,value)(${atmecsLinks}, $(array|ascending|${atmecsLinks}))
2019-07-29 15:23:26,773|I|Thread-1|secondAssignment.20190729_152311.001|Scenario|Activity 1|# 10|base.save(var,value) - FAIL Invalid variable name: 
2019-07-29 15:23:27,403|I|Thread-1|secondAssignment.20190729_152311.001|Scenario|Activity 1|# 11|base.verbose(text) - executing verbose(text)($(array|length|${atmecsLinks}))
2019-07-29 15:23:27,403|I|Thread-1|secondAssignment.20190729_152311.001|Scenario|Activity 1|# 11|base.verbose(text) - 0
2019-07-29 15:23:27,419|I|Thread-1|secondAssignment.20190729_152311.001|Scenario|Activity 1|# 11|base.verbose(text) - PASS 
2019-07-29 15:23:27,678|I|Thread-1|[secondAssignment.20190729_152311.001|Scenario] saving test scenario
2019-07-29 15:23:27,779|I|Thread-1|[20190729_152310] 
/-TEST COMPLETE-----------------------------------------------------------------
| Test Output:    C:\projects\secondAssignment\output\20190729_152310\secondAssignment.20190729_152311.001.xlsx
| Iteration:      1
\-------------------------------------------------------------------------------
» Execution Time: 14463 ms
» Test Steps:     7
» Error(s):       2



2019-07-29 15:23:28,531|I|Thread-1|[20190729_152310] 
/-TEST COMPLETE-----------------------------------------------------------------
| Test Script:    C:\projects\secondAssignment\artifact\script\secondAssignment.xlsx
\-------------------------------------------------------------------------------
» Execution Time: 18247 ms
» Iterations:     [1] total 1
» Test Steps:     7
» Passed:         5
» Error(s):       2
» Iteration 1 of 1: C:\projects\secondAssignment\output\20190729_152310\secondAssignment.20190729_152311.001.xlsx



2019-07-29 15:23:29,296|I|main|[20190729_152310] [C:\projects\secondAssignment\artifact\script\secondAssignment.xlsx] now completed
2019-07-29 15:23:29,298|I|main|[20190729_152310] all execution thread(s) have terminated
2019-07-29 15:23:29,300|I|main|[20190729_152310] test run completed in about 19 seconds
2019-07-29 15:23:29,398|I|main|No predefined nexial-setup found
2019-07-29 15:23:29,434|I|main|outputBase not set; output-to-cloud DISABLED!
2019-07-29 15:23:29,435|I|main|accessKey not set; output-to-cloud DISABLED!
2019-07-29 15:23:29,435|I|main|secretKey not set; output-to-cloud DISABLED!
2019-07-29 15:23:29,436|I|main|generating HTML output for this execution to C:\projects\secondAssignment\output\20190729_152310\execution-output.html
2019-07-29 15:23:30,126|I|main|generating JUnit XML output for this execution to C:\projects\secondAssignment\output\20190729_152310\junit.xml
2019-07-29 15:23:30,157|I|main|generated JUnit report for this execution: C:\projects\secondAssignment\output\20190729_152310\junit.xml
2019-07-29 15:23:30,157|I|main|nexial mailer not enabled: nexial.enableEmail=false
2019-07-29 15:23:30,157|I|main|skipped email notification as configured
2019-07-29 15:23:30,157|I|main|exiting Nexial...
2019-07-29 15:23:30,157|I|main|shutdown starts...
2019-07-29 15:23:30,173|I|main|Shutting down 'chrome' webdriver...
2019-07-29 15:23:39,898|I|main|shutdown ends...
2019-07-29 15:23:39,898|I|main|

/-END OF EXECUTION--------------------------------------------------------------
| » Execution Time: 19 sec.
| » Test Steps....: 7
| » Passed........: 5
| » Failed........: 2
| » Success Rate..: 71.43%
\----------------------------------------------------------nexial-core 2.4_0567-

2019-07-29 15:23:39,898|E|main|failure found; success rate is 71.43%
2019-07-29 15:23:39,914|I|main|End of Execution:
NEXIAL_OUTPUT:         C:\projects\secondAssignment\output\20190729_152310
NEXIAL_EXECUTION_HTML: C:\projects\secondAssignment\output\20190729_152310\execution-output.html
NEXIAL_JUNIT_XML:      C:\projects\secondAssignment\output\20190729_152310\junit.xml
NEXIAL_SUCCESS_RATE:   71.43%
NEXIAL_EXIT_STATUS:    -13
