2019-07-29 10:34:58,068|I|Thread-1|(DELAYED) nexial-core 2.4_0567 starting up...
2019-07-29 10:34:58,071|I|Thread-1|(DELAYED) data file resolved as C:\Users\DEEPAN~1.PAT\AppData\Local\Temp\QeZAu\secondAssignment.data.xlsx
2019-07-29 10:34:58,071|I|Thread-1|(DELAYED) input files and output directory resolved...
2019-07-29 10:34:58,071|I|Thread-1|(DELAYED) No predefined nexial-setup found
2019-07-29 10:34:58,071|I|Thread-1|(DELAYED) [20190729_103457] [C:\projects\secondAssignment\artifact\script\secondAssignment.xlsx] resolve RUN ID as 20190729_103457
2019-07-29 10:34:58,071|I|Thread-1|(DELAYED) [20190729_103457] [C:\projects\secondAssignment\artifact\script\secondAssignment.xlsx] new thread started
2019-07-29 10:34:58,084|I|Thread-1|No predefined nexial-setup found
2019-07-29 10:34:58,163|I|Thread-1|outputBase not set; output-to-cloud DISABLED!
2019-07-29 10:34:58,163|I|Thread-1|accessKey not set; output-to-cloud DISABLED!
2019-07-29 10:34:58,164|I|Thread-1|secretKey not set; output-to-cloud DISABLED!
2019-07-29 10:34:58,190|I|Thread-1|missing REQUIRED configuration; sms DISABLED!
2019-07-29 10:34:58,958|I|Thread-1|[20190729_103457] executing C:\projects\secondAssignment\artifact\script\secondAssignment.xlsx with 1 iteration(s)
2019-07-29 10:34:58,963|I|Thread-1|[20190729_103457] create directory C:\projects\secondAssignment\output\20190729_103457\captures
2019-07-29 10:34:58,964|I|Thread-1|[20190729_103457] create directory C:\projects\secondAssignment\output\20190729_103457\logs
2019-07-29 10:34:59,639|I|Thread-1|[20190729_103457] merging test data to tmp file C:\projects\secondAssignment\output\20190729_103457\secondAssignment.20190729_103458.001.xlsx
2019-07-29 10:34:59,640|I|Thread-1|refetching data from C:\projects\secondAssignment\artifact\data\secondAssignment.data.xlsx
2019-07-29 10:34:59,959|I|Thread-1|[20190729_103457] test script and test data merged to C:\projects\secondAssignment\output\20190729_103457\secondAssignment.20190729_103458.001.xlsx
2019-07-29 10:35:00,715|I|Thread-1|STARTS
2019-07-29 10:35:00,737|I|Thread-1|secondAssignment.20190729_103458.001 - executing iteration #1 of 1; Iteration Id 1
2019-07-29 10:35:00,744|I|Thread-1|secondAssignment.20190729_103458.001|Scenario - executing test scenario
2019-07-29 10:35:00,745|I|Thread-1|secondAssignment.20190729_103458.001|Scenario|Activity 1 - executing activity
2019-07-29 10:35:01,349|I|Thread-1|secondAssignment.20190729_103458.001|Scenario|Activity 1|#  5|web.open(url) - executing open(url)(https://opensource-demo.orangehrmlive.com/)
2019-07-29 10:35:01,354|I|Thread-1|No valid instance of webdriver, initializing...
2019-07-29 10:35:01,356|I|Thread-1|init chrome
2019-07-29 10:35:07,249|I|Thread-1|browser initialization completed for 'chrome'
2019-07-29 10:35:07,258|I|Thread-1|setting browser polling wait time to 800 ms
2019-07-29 10:35:07,264|I|Thread-1|setting browser page load timeout to 10000 ms
2019-07-29 10:35:10,648|I|Thread-1|current browser window handle:CDwindow-9F9F88FB1DC4F65731137F7DAF0611B2
2019-07-29 10:35:10,661|I|Thread-1|secondAssignment.20190729_103458.001|Scenario|Activity 1|#  5|web.open(url) - PASS opened URL https://opensource-demo.orangehrmlive.com/
2019-07-29 10:35:11,264|I|Thread-1|secondAssignment.20190729_103458.001|Scenario|Activity 1|#  6|web.type(locator,value) - executing type(locator,value)(//*[@id="txtUsername"], Admin)
2019-07-29 10:35:11,446|I|Thread-1|secondAssignment.20190729_103458.001|Scenario|Activity 1|#  6|web.type(locator,value) - PASS typed text at '//*[@id="txtUsername"]'
2019-07-29 10:35:12,049|I|Thread-1|secondAssignment.20190729_103458.001|Scenario|Activity 1|#  7|web.type(locator,value) - executing type(locator,value)(//*[@id="txtPassword"], admin123)
2019-07-29 10:35:12,222|I|Thread-1|secondAssignment.20190729_103458.001|Scenario|Activity 1|#  7|web.type(locator,value) - PASS typed text at '//*[@id="txtPassword"]'
2019-07-29 10:35:12,827|I|Thread-1|secondAssignment.20190729_103458.001|Scenario|Activity 1|#  8|web.click(locator) - executing click(locator)(//*[@id="btnLogin"])
2019-07-29 10:35:12,852|I|Thread-1|clicking '//*[@id="btnLogin"]'...
2019-07-29 10:35:12,863|I|Thread-1|click target via JS, @id=btnLogin
2019-07-29 10:35:14,388|I|Thread-1|clicked -> true
2019-07-29 10:35:14,391|I|Thread-1|secondAssignment.20190729_103458.001|Scenario|Activity 1|#  8|web.click(locator) - PASS click via JS event
2019-07-29 10:35:14,995|I|Thread-1|secondAssignment.20190729_103458.001|Scenario|Activity 1|#  9|web.click(locator) - executing click(locator)(//*[@id="menu_admin_viewAdminModule"]/b)
2019-07-29 10:35:15,787|I|Thread-1|clicking '//*[@id="menu_admin_viewAdminModule"]/b'...
2019-07-29 10:35:15,801|I|Thread-1|click target via JS, @id=
2019-07-29 10:35:17,031|I|Thread-1|clicked -> true
2019-07-29 10:35:17,033|I|Thread-1|secondAssignment.20190729_103458.001|Scenario|Activity 1|#  9|web.click(locator) - PASS click via JS event
2019-07-29 10:35:17,637|I|Thread-1|secondAssignment.20190729_103458.001|Scenario|Activity 1|# 10|web.click(locator) - executing click(locator)(//*[@id="btnAdd"])
2019-07-29 10:35:17,688|I|Thread-1|clicking '//*[@id="btnAdd"]'...
2019-07-29 10:35:17,702|I|Thread-1|click target via JS, @id=btnAdd
2019-07-29 10:35:18,381|I|Thread-1|clicked -> true
2019-07-29 10:35:18,383|I|Thread-1|secondAssignment.20190729_103458.001|Scenario|Activity 1|# 10|web.click(locator) - PASS click via JS event
2019-07-29 10:35:18,984|I|Thread-1|secondAssignment.20190729_103458.001|Scenario|Activity 1|# 11|web.type(locator,value) - executing type(locator,value)(//*[@id="systemUser_employeeName_empName"], Deepankar Pathak)
2019-07-29 10:35:19,234|I|Thread-1|secondAssignment.20190729_103458.001|Scenario|Activity 1|# 11|web.type(locator,value) - PASS typed text at '//*[@id="systemUser_employeeName_empName"]'
2019-07-29 10:35:19,839|I|Thread-1|secondAssignment.20190729_103458.001|Scenario|Activity 1|# 12|web.type(locator,value) - executing type(locator,value)(//*[@id="systemUser_userName"], deep30)
2019-07-29 10:35:20,028|I|Thread-1|secondAssignment.20190729_103458.001|Scenario|Activity 1|# 12|web.type(locator,value) - PASS typed text at '//*[@id="systemUser_userName"]'
2019-07-29 10:35:20,630|I|Thread-1|secondAssignment.20190729_103458.001|Scenario|Activity 1|# 13|web.type(locator,value) - executing type(locator,value)(//*[@id="systemUser_password"], deepankar)
2019-07-29 10:35:20,838|I|Thread-1|secondAssignment.20190729_103458.001|Scenario|Activity 1|# 13|web.type(locator,value) - PASS typed text at '//*[@id="systemUser_password"]'
2019-07-29 10:35:21,443|I|Thread-1|secondAssignment.20190729_103458.001|Scenario|Activity 1|# 14|web.type(locator,value) - executing type(locator,value)(//*[@id="systemUser_confirmPassword"], deepankar)
2019-07-29 10:35:21,656|I|Thread-1|secondAssignment.20190729_103458.001|Scenario|Activity 1|# 14|web.type(locator,value) - PASS typed text at '//*[@id="systemUser_confirmPassword"]'
2019-07-29 10:35:22,259|I|Thread-1|secondAssignment.20190729_103458.001|Scenario|Activity 1|# 15|web.click(locator) - executing click(locator)(//*[@id="btnSave"])
2019-07-29 10:35:22,307|I|Thread-1|clicking '//*[@id="btnSave"]'...
2019-07-29 10:35:22,322|I|Thread-1|click target via JS, @id=btnSave
2019-07-29 10:35:22,341|I|Thread-1|clicked -> true
2019-07-29 10:35:22,342|I|Thread-1|secondAssignment.20190729_103458.001|Scenario|Activity 1|# 15|web.click(locator) - PASS click via JS event
2019-07-29 10:35:22,538|I|Thread-1|[secondAssignment.20190729_103458.001|Scenario] saving test scenario
2019-07-29 10:35:22,616|I|Thread-1|[20190729_103457] 
/-TEST COMPLETE-----------------------------------------------------------------
| Test Output:    C:\projects\secondAssignment\output\20190729_103457\secondAssignment.20190729_103458.001.xlsx
| Iteration:      1
\-------------------------------------------------------------------------------
» Execution Time: 21874 ms
» Test Steps:     11
» Error(s):       0



2019-07-29 10:35:23,349|I|Thread-1|[20190729_103457] 
/-TEST COMPLETE-----------------------------------------------------------------
| Test Script:    C:\projects\secondAssignment\artifact\script\secondAssignment.xlsx
\-------------------------------------------------------------------------------
» Execution Time: 25482 ms
» Iterations:     [1] total 1
» Test Steps:     11
» Passed:         11
» Error(s):       0
» Iteration 1 of 1: C:\projects\secondAssignment\output\20190729_103457\secondAssignment.20190729_103458.001.xlsx



2019-07-29 10:35:23,838|I|main|[20190729_103457] [C:\projects\secondAssignment\artifact\script\secondAssignment.xlsx] now completed
2019-07-29 10:35:23,841|I|main|[20190729_103457] all execution thread(s) have terminated
2019-07-29 10:35:23,843|I|main|[20190729_103457] test run completed in about 26 seconds
2019-07-29 10:35:23,950|I|main|No predefined nexial-setup found
2019-07-29 10:35:23,987|I|main|outputBase not set; output-to-cloud DISABLED!
2019-07-29 10:35:23,988|I|main|accessKey not set; output-to-cloud DISABLED!
2019-07-29 10:35:23,988|I|main|secretKey not set; output-to-cloud DISABLED!
2019-07-29 10:35:23,989|I|main|generating HTML output for this execution to C:\projects\secondAssignment\output\20190729_103457\execution-output.html
2019-07-29 10:35:24,662|I|main|generating JUnit XML output for this execution to C:\projects\secondAssignment\output\20190729_103457\junit.xml
2019-07-29 10:35:24,713|I|main|generated JUnit report for this execution: C:\projects\secondAssignment\output\20190729_103457\junit.xml
2019-07-29 10:35:24,714|I|main|nexial mailer not enabled: nexial.enableEmail=false
2019-07-29 10:35:24,715|I|main|skipped email notification as configured
2019-07-29 10:35:24,717|I|main|exiting Nexial...
2019-07-29 10:35:24,717|I|main|shutdown starts...
2019-07-29 10:35:24,719|I|main|Shutting down 'chrome' webdriver...
2019-07-29 10:35:30,421|I|main|shutdown ends...
2019-07-29 10:35:30,426|I|main|

/-END OF EXECUTION--------------------------------------------------------------
| » Execution Time: 26 sec.
| » Test Steps....: 11
| » Passed........: 11
| » Failed........: 0
| » Success Rate..: 100.00%
\----------------------------------------------------------nexial-core 2.4_0567-

2019-07-29 10:35:30,428|I|main|ALL PASSED!
2019-07-29 10:35:30,440|I|main|End of Execution:
NEXIAL_OUTPUT:         C:\projects\secondAssignment\output\20190729_103457
NEXIAL_EXECUTION_HTML: C:\projects\secondAssignment\output\20190729_103457\execution-output.html
NEXIAL_JUNIT_XML:      C:\projects\secondAssignment\output\20190729_103457\junit.xml
NEXIAL_SUCCESS_RATE:   100.00%
NEXIAL_EXIT_STATUS:    0
