2019-07-19 14:17:06,963|I|Thread-1|(DELAYED) nexial-core 2.4_0567 starting up...
2019-07-19 14:17:06,967|I|Thread-1|(DELAYED) data file resolved as C:\Users\DEEPAN~1.PAT\AppData\Local\Temp\BMEHp\exampleProject.data.xlsx
2019-07-19 14:17:06,967|I|Thread-1|(DELAYED) input files and output directory resolved...
2019-07-19 14:17:06,967|I|Thread-1|(DELAYED) No predefined nexial-setup found
2019-07-19 14:17:06,967|I|Thread-1|(DELAYED) [20190719_141706] [C:\projects\exampleProject\artifact\script\exampleProject.xlsx] resolve RUN ID as 20190719_141706
2019-07-19 14:17:06,967|I|Thread-1|(DELAYED) [20190719_141706] [C:\projects\exampleProject\artifact\script\exampleProject.xlsx] new thread started
2019-07-19 14:17:06,967|I|Thread-1|No predefined nexial-setup found
2019-07-19 14:17:07,063|I|Thread-1|outputBase not set; output-to-cloud DISABLED!
2019-07-19 14:17:07,064|I|Thread-1|accessKey not set; output-to-cloud DISABLED!
2019-07-19 14:17:07,065|I|Thread-1|secretKey not set; output-to-cloud DISABLED!
2019-07-19 14:17:07,090|I|Thread-1|missing REQUIRED configuration; sms DISABLED!
2019-07-19 14:17:07,840|I|Thread-1|[20190719_141706] executing C:\projects\exampleProject\artifact\script\exampleProject.xlsx with 1 iteration(s)
2019-07-19 14:17:07,840|I|Thread-1|[20190719_141706] create directory C:\projects\exampleProject\output\20190719_141706\captures
2019-07-19 14:17:07,840|I|Thread-1|[20190719_141706] create directory C:\projects\exampleProject\output\20190719_141706\logs
2019-07-19 14:17:08,505|I|Thread-1|[20190719_141706] merging test data to tmp file C:\projects\exampleProject\output\20190719_141706\exampleProject.20190719_141707.001.xlsx
2019-07-19 14:17:08,505|I|Thread-1|refetching data from C:\projects\exampleProject\artifact\data\exampleProject.data.xlsx
2019-07-19 14:17:08,812|I|Thread-1|[20190719_141706] test script and test data merged to C:\projects\exampleProject\output\20190719_141706\exampleProject.20190719_141707.001.xlsx
2019-07-19 14:17:09,529|I|Thread-1|STARTS
2019-07-19 14:17:09,545|I|Thread-1|exampleProject.20190719_141707.001 - executing iteration #1 of 1; Iteration Id 1
2019-07-19 14:17:09,560|I|Thread-1|exampleProject.20190719_141707.001|Scenario - executing test scenario
2019-07-19 14:17:09,560|I|Thread-1|exampleProject.20190719_141707.001|Scenario|Activity 1 - executing activity
2019-07-19 14:17:10,161|I|Thread-1|exampleProject.20190719_141707.001|Scenario|Activity 1|#  5|base.save(var,value) - executing save(var,value)(marks, 100,90,65,0,82,91,12,45,78,43,78)
2019-07-19 14:17:10,171|I|Thread-1|exampleProject.20190719_141707.001|Scenario|Activity 1|#  5|base.save(var,value) - PASS stored '100,90,65,0,82,91,12,45,78,43,78' as ${marks}
2019-07-19 14:17:10,772|I|Thread-1|exampleProject.20190719_141707.001|Scenario|Activity 1|#  6|number.max(var,array) - executing max(var,array)(maxValue, ${marks})
2019-07-19 14:17:10,948|I|Thread-1|exampleProject.20190719_141707.001|Scenario|Activity 1|#  6|number.max(var,array) - PASS max saved to variable 'maxValue' as 100.0
2019-07-19 14:17:11,549|I|Thread-1|exampleProject.20190719_141707.001|Scenario|Activity 1|#  7|base.verbose(text) - executing verbose(text)(Maximum marks are :: ${maxValue})
2019-07-19 14:17:11,556|I|Thread-1|exampleProject.20190719_141707.001|Scenario|Activity 1|#  7|base.verbose(text) - Maximum marks are :: 100.0
2019-07-19 14:17:11,573|I|Thread-1|exampleProject.20190719_141707.001|Scenario|Activity 1|#  7|base.verbose(text) - PASS 
2019-07-19 14:17:11,761|I|Thread-1|[exampleProject.20190719_141707.001|Scenario] saving test scenario
2019-07-19 14:17:11,862|I|Thread-1|[20190719_141706] 
/-TEST COMPLETE-----------------------------------------------------------------
| Test Output:    C:\projects\exampleProject\output\20190719_141706\exampleProject.20190719_141707.001.xlsx
| Iteration:      1
\-------------------------------------------------------------------------------
» Execution Time: 2311 ms
» Test Steps:     3
» Error(s):       0



2019-07-19 14:17:14,996|I|Thread-1|[20190719_141706] 
/-TEST COMPLETE-----------------------------------------------------------------
| Test Script:    C:\projects\exampleProject\artifact\script\exampleProject.xlsx
\-------------------------------------------------------------------------------
» Execution Time: 8222 ms
» Iterations:     [1] total 1
» Test Steps:     3
» Passed:         3
» Error(s):       0
» Iteration 1 of 1: C:\projects\exampleProject\output\20190719_141706\exampleProject.20190719_141707.001.xlsx



2019-07-19 14:17:15,742|I|main|[20190719_141706] [C:\projects\exampleProject\artifact\script\exampleProject.xlsx] now completed
2019-07-19 14:17:15,746|I|main|[20190719_141706] all execution thread(s) have terminated
2019-07-19 14:17:15,748|I|main|[20190719_141706] test run completed in about 9 seconds
2019-07-19 14:17:15,848|I|main|No predefined nexial-setup found
2019-07-19 14:17:15,879|I|main|outputBase not set; output-to-cloud DISABLED!
2019-07-19 14:17:15,880|I|main|accessKey not set; output-to-cloud DISABLED!
2019-07-19 14:17:15,881|I|main|secretKey not set; output-to-cloud DISABLED!
2019-07-19 14:17:15,881|I|main|generating HTML output for this execution to C:\projects\exampleProject\output\20190719_141706\execution-output.html
2019-07-19 14:17:16,478|I|main|generating JUnit XML output for this execution to C:\projects\exampleProject\output\20190719_141706\junit.xml
2019-07-19 14:17:16,528|I|main|generated JUnit report for this execution: C:\projects\exampleProject\output\20190719_141706\junit.xml
2019-07-19 14:17:16,532|I|main|nexial mailer not enabled: nexial.enableEmail=false
2019-07-19 14:17:16,533|I|main|skipped email notification as configured
2019-07-19 14:17:16,535|I|main|exiting Nexial...
2019-07-19 14:17:16,536|I|main|

/-END OF EXECUTION--------------------------------------------------------------
| » Execution Time: 9 sec.
| » Test Steps....: 3
| » Passed........: 3
| » Failed........: 0
| » Success Rate..: 100.00%
\----------------------------------------------------------nexial-core 2.4_0567-

2019-07-19 14:17:16,539|I|main|ALL PASSED!
2019-07-19 14:17:16,542|I|main|End of Execution:
NEXIAL_OUTPUT:         C:\projects\exampleProject\output\20190719_141706
NEXIAL_EXECUTION_HTML: C:\projects\exampleProject\output\20190719_141706\execution-output.html
NEXIAL_JUNIT_XML:      C:\projects\exampleProject\output\20190719_141706\junit.xml
NEXIAL_SUCCESS_RATE:   100.00%
NEXIAL_EXIT_STATUS:    0
