2019-07-29 11:42:16,699|I|Thread-1|(DELAYED) nexial-core 2.4_0567 starting up...
2019-07-29 11:42:16,702|I|Thread-1|(DELAYED) data file resolved as C:\Users\DEEPAN~1.PAT\AppData\Local\Temp\BzCME\secondAssignment.data.xlsx
2019-07-29 11:42:16,702|I|Thread-1|(DELAYED) input files and output directory resolved...
2019-07-29 11:42:16,702|I|Thread-1|(DELAYED) No predefined nexial-setup found
2019-07-29 11:42:16,702|I|Thread-1|(DELAYED) [20190729_114216] [C:\projects\secondAssignment\artifact\script\secondAssignment.xlsx] resolve RUN ID as 20190729_114216
2019-07-29 11:42:16,702|I|Thread-1|(DELAYED) [20190729_114216] [C:\projects\secondAssignment\artifact\script\secondAssignment.xlsx] new thread started
2019-07-29 11:42:16,702|I|Thread-1|No predefined nexial-setup found
2019-07-29 11:42:16,768|I|Thread-1|outputBase not set; output-to-cloud DISABLED!
2019-07-29 11:42:16,768|I|Thread-1|accessKey not set; output-to-cloud DISABLED!
2019-07-29 11:42:16,769|I|Thread-1|secretKey not set; output-to-cloud DISABLED!
2019-07-29 11:42:16,793|I|Thread-1|missing REQUIRED configuration; sms DISABLED!
2019-07-29 11:42:17,602|I|Thread-1|[20190729_114216] executing C:\projects\secondAssignment\artifact\script\secondAssignment.xlsx with 1 iteration(s)
2019-07-29 11:42:17,608|I|Thread-1|[20190729_114216] create directory C:\projects\secondAssignment\output\20190729_114216\captures
2019-07-29 11:42:17,609|I|Thread-1|[20190729_114216] create directory C:\projects\secondAssignment\output\20190729_114216\logs
2019-07-29 11:42:18,328|I|Thread-1|[20190729_114216] merging test data to tmp file C:\projects\secondAssignment\output\20190729_114216\secondAssignment.20190729_114217.001.xlsx
2019-07-29 11:42:18,329|I|Thread-1|refetching data from C:\projects\secondAssignment\artifact\data\secondAssignment.data.xlsx
2019-07-29 11:42:18,619|I|Thread-1|[20190729_114216] test script and test data merged to C:\projects\secondAssignment\output\20190729_114216\secondAssignment.20190729_114217.001.xlsx
2019-07-29 11:42:19,424|I|Thread-1|STARTS
2019-07-29 11:42:19,452|I|Thread-1|secondAssignment.20190729_114217.001 - executing iteration #1 of 1; Iteration Id 1
2019-07-29 11:42:19,461|I|Thread-1|secondAssignment.20190729_114217.001|Scenario - executing test scenario
2019-07-29 11:42:19,463|I|Thread-1|secondAssignment.20190729_114217.001|Scenario|Activity 1 - executing activity
2019-07-29 11:42:20,066|I|Thread-1|secondAssignment.20190729_114217.001|Scenario|Activity 1|#  5|web.open(url) - executing open(url)(https://opensource-demo.orangehrmlive.com/)
2019-07-29 11:42:20,070|I|Thread-1|No valid instance of webdriver, initializing...
2019-07-29 11:42:20,071|I|Thread-1|init chrome
2019-07-29 11:42:25,918|I|Thread-1|browser initialization completed for 'chrome'
2019-07-29 11:42:25,925|I|Thread-1|setting browser polling wait time to 800 ms
2019-07-29 11:42:25,929|I|Thread-1|setting browser page load timeout to 10000 ms
2019-07-29 11:42:30,427|I|Thread-1|current browser window handle:CDwindow-89EEC5737BE61D3D2E21997AC9FC98A9
2019-07-29 11:42:30,444|I|Thread-1|secondAssignment.20190729_114217.001|Scenario|Activity 1|#  5|web.open(url) - PASS opened URL https://opensource-demo.orangehrmlive.com/
2019-07-29 11:42:31,048|I|Thread-1|secondAssignment.20190729_114217.001|Scenario|Activity 1|#  6|web.type(locator,value) - executing type(locator,value)(//*[@id="txtUsername"], Admin)
2019-07-29 11:42:31,218|I|Thread-1|secondAssignment.20190729_114217.001|Scenario|Activity 1|#  6|web.type(locator,value) - PASS typed text at '//*[@id="txtUsername"]'
2019-07-29 11:42:31,822|I|Thread-1|secondAssignment.20190729_114217.001|Scenario|Activity 1|#  7|web.type(locator,value) - executing type(locator,value)(//*[@id="txtPassword"], admin123)
2019-07-29 11:42:31,950|I|Thread-1|secondAssignment.20190729_114217.001|Scenario|Activity 1|#  7|web.type(locator,value) - PASS typed text at '//*[@id="txtPassword"]'
2019-07-29 11:42:32,555|I|Thread-1|secondAssignment.20190729_114217.001|Scenario|Activity 1|#  8|web.click(locator) - executing click(locator)(//*[@id="btnLogin"])
2019-07-29 11:42:32,577|I|Thread-1|clicking '//*[@id="btnLogin"]'...
2019-07-29 11:42:32,587|I|Thread-1|click target via JS, @id=btnLogin
2019-07-29 11:42:34,283|I|Thread-1|clicked -> true
2019-07-29 11:42:34,285|I|Thread-1|secondAssignment.20190729_114217.001|Scenario|Activity 1|#  8|web.click(locator) - PASS click via JS event
2019-07-29 11:42:34,886|I|Thread-1|secondAssignment.20190729_114217.001|Scenario|Activity 1|#  9|web.click(locator) - executing click(locator)(//*[@id="menu_pim_viewPimModule"]/b)
2019-07-29 11:42:36,003|I|Thread-1|clicking '//*[@id="menu_pim_viewPimModule"]/b'...
2019-07-29 11:42:36,014|I|Thread-1|click target via JS, @id=
2019-07-29 11:42:37,349|I|Thread-1|clicked -> true
2019-07-29 11:42:37,351|I|Thread-1|secondAssignment.20190729_114217.001|Scenario|Activity 1|#  9|web.click(locator) - PASS click via JS event
2019-07-29 11:42:37,956|I|Thread-1|secondAssignment.20190729_114217.001|Scenario|Activity 1|# 10|web.click(locator) - executing click(locator)(//*[@id="btnAdd"])
2019-07-29 11:42:38,003|I|Thread-1|clicking '//*[@id="btnAdd"]'...
2019-07-29 11:42:38,017|I|Thread-1|click target via JS, @id=btnAdd
2019-07-29 11:42:38,723|I|Thread-1|clicked -> true
2019-07-29 11:42:38,724|I|Thread-1|secondAssignment.20190729_114217.001|Scenario|Activity 1|# 10|web.click(locator) - PASS click via JS event
2019-07-29 11:42:39,327|I|Thread-1|secondAssignment.20190729_114217.001|Scenario|Activity 1|# 11|web.type(locator,value) - executing type(locator,value)(//*[@id="firstName"], Deepankar)
2019-07-29 11:42:39,499|I|Thread-1|secondAssignment.20190729_114217.001|Scenario|Activity 1|# 11|web.type(locator,value) - PASS typed text at '//*[@id="firstName"]'
2019-07-29 11:42:40,102|I|Thread-1|secondAssignment.20190729_114217.001|Scenario|Activity 1|# 12|web.type(locator,value) - executing type(locator,value)(//*[@id="lastName"], Pathak)
2019-07-29 11:42:40,322|I|Thread-1|secondAssignment.20190729_114217.001|Scenario|Activity 1|# 12|web.type(locator,value) - PASS typed text at '//*[@id="lastName"]'
2019-07-29 11:42:40,926|I|Thread-1|secondAssignment.20190729_114217.001|Scenario|Activity 1|# 13|web.type(locator,value) - executing type(locator,value)(//*[@id="employeeId"], 1060)
2019-07-29 11:42:41,083|I|Thread-1|secondAssignment.20190729_114217.001|Scenario|Activity 1|# 13|web.type(locator,value) - PASS typed text at '//*[@id="employeeId"]'
2019-07-29 11:42:41,687|I|Thread-1|secondAssignment.20190729_114217.001|Scenario|Activity 1|# 14|web.click(locator) - executing click(locator)(//*[@id="chkLogin"])
2019-07-29 11:42:41,743|I|Thread-1|clicking '//*[@id="chkLogin"]'...
2019-07-29 11:42:41,758|I|Thread-1|click target via JS, @id=chkLogin
2019-07-29 11:42:41,779|I|Thread-1|clicked -> true
2019-07-29 11:42:41,780|I|Thread-1|secondAssignment.20190729_114217.001|Scenario|Activity 1|# 14|web.click(locator) - PASS click via JS event
2019-07-29 11:42:42,381|I|Thread-1|secondAssignment.20190729_114217.001|Scenario|Activity 1|# 15|web.type(locator,value) - executing type(locator,value)(//*[@id="user_name"], deepankar.pathak)
2019-07-29 11:42:42,575|I|Thread-1|secondAssignment.20190729_114217.001|Scenario|Activity 1|# 15|web.type(locator,value) - PASS typed text at '//*[@id="user_name"]'
2019-07-29 11:42:43,179|I|Thread-1|secondAssignment.20190729_114217.001|Scenario|Activity 1|# 16|web.type(locator,value) - executing type(locator,value)(//*[@id="user_password"], deepankar)
2019-07-29 11:42:43,362|I|Thread-1|secondAssignment.20190729_114217.001|Scenario|Activity 1|# 16|web.type(locator,value) - PASS typed text at '//*[@id="user_password"]'
2019-07-29 11:42:43,965|I|Thread-1|secondAssignment.20190729_114217.001|Scenario|Activity 1|# 17|web.type(locator,value) - executing type(locator,value)(//*[@id="re_password"], deepankar)
2019-07-29 11:42:44,183|I|Thread-1|secondAssignment.20190729_114217.001|Scenario|Activity 1|# 17|web.type(locator,value) - PASS typed text at '//*[@id="re_password"]'
2019-07-29 11:42:44,787|I|Thread-1|secondAssignment.20190729_114217.001|Scenario|Activity 1|# 18|web.click(locator) - executing click(locator)(//*[@id="btnSave"])
2019-07-29 11:42:44,842|I|Thread-1|clicking '//*[@id="btnSave"]'...
2019-07-29 11:42:44,854|I|Thread-1|click target via JS, @id=btnSave
2019-07-29 11:42:45,841|I|Thread-1|clicked -> true
2019-07-29 11:42:45,842|I|Thread-1|secondAssignment.20190729_114217.001|Scenario|Activity 1|# 18|web.click(locator) - PASS click via JS event
2019-07-29 11:42:46,446|I|Thread-1|secondAssignment.20190729_114217.001|Scenario|Activity 1|# 19|web.click(locator) - executing click(locator)(//*[@id="menu_admin_viewAdminModule"]/b)
2019-07-29 11:42:46,496|I|Thread-1|clicking '//*[@id="menu_admin_viewAdminModule"]/b'...
2019-07-29 11:42:46,511|I|Thread-1|click target via JS, @id=
2019-07-29 11:42:47,729|I|Thread-1|clicked -> true
2019-07-29 11:42:47,732|I|Thread-1|secondAssignment.20190729_114217.001|Scenario|Activity 1|# 19|web.click(locator) - PASS click via JS event
2019-07-29 11:42:48,334|I|Thread-1|secondAssignment.20190729_114217.001|Scenario|Activity 1|# 20|web.type(locator,value) - executing type(locator,value)(//*[@id="searchSystemUser_userName"], deepankar.pathak)
2019-07-29 11:42:48,528|I|Thread-1|secondAssignment.20190729_114217.001|Scenario|Activity 1|# 20|web.type(locator,value) - PASS typed text at '//*[@id="searchSystemUser_userName"]'
2019-07-29 11:42:49,132|I|Thread-1|secondAssignment.20190729_114217.001|Scenario|Activity 1|# 21|web.type(locator,value) - executing type(locator,value)(//*[@id="searchSystemUser_employeeName_empName"], Deepankar Pathak)
2019-07-29 11:42:49,338|I|Thread-1|secondAssignment.20190729_114217.001|Scenario|Activity 1|# 21|web.type(locator,value) - PASS typed text at '//*[@id="searchSystemUser_employeeName_empName"]'
2019-07-29 11:42:49,940|I|Thread-1|secondAssignment.20190729_114217.001|Scenario|Activity 1|# 22|web.click(locator) - executing click(locator)(//*[@id="searchBtn"])
2019-07-29 11:42:49,991|I|Thread-1|clicking '//*[@id="searchBtn"]'...
2019-07-29 11:42:50,004|I|Thread-1|click target via JS, @id=searchBtn
2019-07-29 11:42:50,437|I|Thread-1|clicked -> true
2019-07-29 11:42:50,438|I|Thread-1|secondAssignment.20190729_114217.001|Scenario|Activity 1|# 22|web.click(locator) - PASS click via JS event
2019-07-29 11:42:51,039|I|Thread-1|secondAssignment.20190729_114217.001|Scenario|Activity 1|# 23|web.click(locator) - executing click(locator)(//*[@id="menu_leave_viewLeaveModule"]/b)
2019-07-29 11:42:51,097|I|Thread-1|clicking '//*[@id="menu_leave_viewLeaveModule"]/b'...
2019-07-29 11:42:51,113|I|Thread-1|click target via JS, @id=
2019-07-29 11:42:52,605|I|Thread-1|clicked -> true
2019-07-29 11:42:52,608|I|Thread-1|secondAssignment.20190729_114217.001|Scenario|Activity 1|# 23|web.click(locator) - PASS click via JS event
2019-07-29 11:42:53,210|I|Thread-1|secondAssignment.20190729_114217.001|Scenario|Activity 1|# 24|web.click(locator) - executing click(locator)(//*[@id="menu_leave_assignLeave"])
2019-07-29 11:42:53,266|I|Thread-1|clicking '//*[@id="menu_leave_assignLeave"]'...
2019-07-29 11:42:53,282|I|Thread-1|click target via JS, @id=menu_leave_assignLeave
2019-07-29 11:42:54,035|I|Thread-1|clicked -> true
2019-07-29 11:42:54,035|I|Thread-1|secondAssignment.20190729_114217.001|Scenario|Activity 1|# 24|web.click(locator) - PASS click via JS event
2019-07-29 11:42:54,638|I|Thread-1|secondAssignment.20190729_114217.001|Scenario|Activity 1|# 25|web.type(locator,value) - executing type(locator,value)(//*[@id="assignleave_txtEmployee_empName"], Deepankar Pathak)
2019-07-29 11:42:54,865|I|Thread-1|secondAssignment.20190729_114217.001|Scenario|Activity 1|# 25|web.type(locator,value) - PASS typed text at '//*[@id="assignleave_txtEmployee_empName"]'
2019-07-29 11:42:55,469|I|Thread-1|secondAssignment.20190729_114217.001|Scenario|Activity 1|# 26|web.select(locator,text) - executing select(locator,text)(//*[@id="assignleave_txtLeaveType"], Vacation US)
2019-07-29 11:42:55,614|I|Thread-1|secondAssignment.20190729_114217.001|Scenario|Activity 1|# 26|web.select(locator,text) - PASS selected 'Vacation US' from '//*[@id="assignleave_txtLeaveType"]'
2019-07-29 11:42:56,218|I|Thread-1|secondAssignment.20190729_114217.001|Scenario|Activity 1|# 27|web.click(locator) - executing click(locator)(//*[@id="frmLeaveApply"]/fieldset/ol/li[4]/img)
2019-07-29 11:42:56,280|I|Thread-1|clicking '//*[@id="frmLeaveApply"]/fieldset/ol/li[4]/img'...
2019-07-29 11:42:56,294|I|Thread-1|click target via JS, @id=
2019-07-29 11:42:56,358|I|Thread-1|clicked -> true
2019-07-29 11:42:56,359|I|Thread-1|secondAssignment.20190729_114217.001|Scenario|Activity 1|# 27|web.click(locator) - PASS click via JS event
2019-07-29 11:42:56,961|I|Thread-1|secondAssignment.20190729_114217.001|Scenario|Activity 1|# 28|web.click(locator) - executing click(locator)(//*[@id="ui-datepicker-div"]/table/tbody/tr[5]/td[2]/a)
2019-07-29 11:42:57,021|I|Thread-1|clicking '//*[@id="ui-datepicker-div"]/table/tbody/tr[5]/td[2]/a'...
2019-07-29 11:42:57,041|I|Thread-1|click target via JS, @id=
2019-07-29 11:42:57,082|I|Thread-1|clicked -> true
2019-07-29 11:42:57,083|I|Thread-1|secondAssignment.20190729_114217.001|Scenario|Activity 1|# 28|web.click(locator) - PASS click via JS event
2019-07-29 11:42:57,691|I|Thread-1|secondAssignment.20190729_114217.001|Scenario|Activity 1|# 29|web.click(locator) - executing click(locator)(//*[@id="frmLeaveApply"]/fieldset/ol/li[5]/img)
2019-07-29 11:42:57,752|I|Thread-1|clicking '//*[@id="frmLeaveApply"]/fieldset/ol/li[5]/img'...
2019-07-29 11:42:57,764|I|Thread-1|click target via JS, @id=
2019-07-29 11:42:57,806|I|Thread-1|clicked -> true
2019-07-29 11:42:57,807|I|Thread-1|secondAssignment.20190729_114217.001|Scenario|Activity 1|# 29|web.click(locator) - PASS click via JS event
2019-07-29 11:42:58,409|I|Thread-1|secondAssignment.20190729_114217.001|Scenario|Activity 1|# 30|web.click(locator) - executing click(locator)(//*[@id="ui-datepicker-div"]/table/tbody/tr[5]/td[3]/a)
2019-07-29 11:42:58,456|I|Thread-1|clicking '//*[@id="ui-datepicker-div"]/table/tbody/tr[5]/td[3]/a'...
2019-07-29 11:42:58,470|I|Thread-1|click target via JS, @id=
2019-07-29 11:42:58,487|I|Thread-1|clicked -> true
2019-07-29 11:42:58,488|I|Thread-1|secondAssignment.20190729_114217.001|Scenario|Activity 1|# 30|web.click(locator) - PASS click via JS event
2019-07-29 11:42:59,089|I|Thread-1|secondAssignment.20190729_114217.001|Scenario|Activity 1|# 31|web.type(locator,value) - executing type(locator,value)(//*[@id="assignleave_txtComment"], Sick Leave)
2019-07-29 11:42:59,325|I|Thread-1|secondAssignment.20190729_114217.001|Scenario|Activity 1|# 31|web.type(locator,value) - PASS typed text at '//*[@id="assignleave_txtComment"]'
2019-07-29 11:42:59,928|I|Thread-1|secondAssignment.20190729_114217.001|Scenario|Activity 1|# 32|web.click(locator) - executing click(locator)(//*[@id="assignBtn"])
2019-07-29 11:42:59,980|I|Thread-1|clicking '//*[@id="assignBtn"]'...
2019-07-29 11:42:59,991|I|Thread-1|click target via JS, @id=assignBtn
2019-07-29 11:43:00,016|I|Thread-1|clicked -> true
2019-07-29 11:43:00,017|I|Thread-1|secondAssignment.20190729_114217.001|Scenario|Activity 1|# 32|web.click(locator) - PASS click via JS event
2019-07-29 11:43:00,326|I|Thread-1|[secondAssignment.20190729_114217.001|Scenario] saving test scenario
2019-07-29 11:43:00,411|I|Thread-1|[20190729_114216] 
/-TEST COMPLETE-----------------------------------------------------------------
| Test Output:    C:\projects\secondAssignment\output\20190729_114216\secondAssignment.20190729_114217.001.xlsx
| Iteration:      1
\-------------------------------------------------------------------------------
» Execution Time: 40955 ms
» Test Steps:     28
» Error(s):       0



2019-07-29 11:43:01,135|I|Thread-1|[20190729_114216] 
/-TEST COMPLETE-----------------------------------------------------------------
| Test Script:    C:\projects\secondAssignment\artifact\script\secondAssignment.xlsx
\-------------------------------------------------------------------------------
» Execution Time: 44636 ms
» Iterations:     [1] total 1
» Test Steps:     28
» Passed:         28
» Error(s):       0
» Iteration 1 of 1: C:\projects\secondAssignment\output\20190729_114216\secondAssignment.20190729_114217.001.xlsx



2019-07-29 11:43:01,486|I|main|[20190729_114216] [C:\projects\secondAssignment\artifact\script\secondAssignment.xlsx] now completed
2019-07-29 11:43:01,488|I|main|[20190729_114216] all execution thread(s) have terminated
2019-07-29 11:43:01,491|I|main|[20190729_114216] test run completed in about 45 seconds
2019-07-29 11:43:01,608|I|main|No predefined nexial-setup found
2019-07-29 11:43:01,649|I|main|outputBase not set; output-to-cloud DISABLED!
2019-07-29 11:43:01,650|I|main|accessKey not set; output-to-cloud DISABLED!
2019-07-29 11:43:01,652|I|main|secretKey not set; output-to-cloud DISABLED!
2019-07-29 11:43:01,653|I|main|generating HTML output for this execution to C:\projects\secondAssignment\output\20190729_114216\execution-output.html
2019-07-29 11:43:02,261|I|main|generating JUnit XML output for this execution to C:\projects\secondAssignment\output\20190729_114216\junit.xml
2019-07-29 11:43:02,317|I|main|generated JUnit report for this execution: C:\projects\secondAssignment\output\20190729_114216\junit.xml
2019-07-29 11:43:02,318|I|main|nexial mailer not enabled: nexial.enableEmail=false
2019-07-29 11:43:02,319|I|main|skipped email notification as configured
2019-07-29 11:43:02,322|I|main|exiting Nexial...
2019-07-29 11:43:02,323|I|main|shutdown starts...
2019-07-29 11:43:02,324|I|main|Shutting down 'chrome' webdriver...
2019-07-29 11:43:08,069|I|main|shutdown ends...
2019-07-29 11:43:08,073|I|main|

/-END OF EXECUTION--------------------------------------------------------------
| » Execution Time: 45 sec.
| » Test Steps....: 28
| » Passed........: 28
| » Failed........: 0
| » Success Rate..: 100.00%
\----------------------------------------------------------nexial-core 2.4_0567-

2019-07-29 11:43:08,075|I|main|ALL PASSED!
2019-07-29 11:43:08,084|I|main|End of Execution:
NEXIAL_OUTPUT:         C:\projects\secondAssignment\output\20190729_114216
NEXIAL_EXECUTION_HTML: C:\projects\secondAssignment\output\20190729_114216\execution-output.html
NEXIAL_JUNIT_XML:      C:\projects\secondAssignment\output\20190729_114216\junit.xml
NEXIAL_SUCCESS_RATE:   100.00%
NEXIAL_EXIT_STATUS:    0
