2019-07-20 13:32:28,286|I|Thread-1|(DELAYED) nexial-core dev_0581 starting up...
2019-07-20 13:32:28,289|I|Thread-1|(DELAYED) data file resolved as C:\Users\DEEPAN~1\AppData\Local\Temp\WwaUc\firstEvaluation.data.xlsx
2019-07-20 13:32:28,289|I|Thread-1|(DELAYED) input files and output directory resolved...
2019-07-20 13:32:28,289|I|Thread-1|(DELAYED) No predefined nexial-setup found
2019-07-20 13:32:28,289|I|Thread-1|(DELAYED) [20190720_133228] [C:\projects\firstEvaluation\artifact\script\firstEvaluation.xlsx] resolve RUN ID as 20190720_133228
2019-07-20 13:32:28,289|I|Thread-1|(DELAYED) [20190720_133228] [C:\projects\firstEvaluation\artifact\script\firstEvaluation.xlsx] new thread started
2019-07-20 13:32:28,289|I|Thread-1|No predefined nexial-setup found
2019-07-20 13:32:28,352|I|Thread-1|outputBase not set; output-to-cloud DISABLED!
2019-07-20 13:32:28,353|I|Thread-1|accessKey not set; output-to-cloud DISABLED!
2019-07-20 13:32:28,354|I|Thread-1|secretKey not set; output-to-cloud DISABLED!
2019-07-20 13:32:28,381|I|Thread-1|missing REQUIRED configuration; sms DISABLED!
2019-07-20 13:32:29,180|I|Thread-1|[20190720_133228] executing C:\projects\firstEvaluation\artifact\script\firstEvaluation.xlsx with 1 iteration(s)
2019-07-20 13:32:29,184|I|Thread-1|[20190720_133228] create directory C:\projects\firstEvaluation\output\20190720_133228\captures
2019-07-20 13:32:29,184|I|Thread-1|[20190720_133228] create directory C:\projects\firstEvaluation\output\20190720_133228\logs
2019-07-20 13:32:29,483|I|Thread-1|[20190720_133228] merging test data to tmp file C:\projects\firstEvaluation\output\20190720_133228\firstEvaluation.20190720_133229.001.xlsx
2019-07-20 13:32:29,484|I|Thread-1|refetching data from C:\projects\firstEvaluation\artifact\data\firstEvaluation.data.xlsx
2019-07-20 13:32:29,652|I|Thread-1|[20190720_133228] test script and test data merged to C:\projects\firstEvaluation\output\20190720_133228\firstEvaluation.20190720_133229.001.xlsx
2019-07-20 13:32:30,187|I|Thread-1|STARTS
2019-07-20 13:32:30,215|I|Thread-1|firstEvaluation.20190720_133229.001 - executing iteration #1 of 1; Iteration Id 1
2019-07-20 13:32:30,225|I|Thread-1|firstEvaluation.20190720_133229.001|JsonScenario - executing test scenario
2019-07-20 13:32:30,232|I|Thread-1|firstEvaluation.20190720_133229.001|JsonScenario|Activity 1 - executing activity
2019-07-20 13:32:30,835|I|Thread-1|firstEvaluation.20190720_133229.001|JsonScenario|Activity 1|#  5|json.storeValues(json,jso - executing storeValues(json,jsonpath,var)($(syspath|data|fullpath)/example_2.json, products[supplier=Wisozk Inc].product_name, productNames)
2019-07-20 13:32:30,918|I|Thread-1|firstEvaluation.20190720_133229.001|JsonScenario|Activity 1|#  5|json.storeValues(json,jso - PASS EXPECTED match against 'products[supplier=Wisozk Inc].product_name' stored to ${productNames}
2019-07-20 13:32:31,520|I|Thread-1|firstEvaluation.20190720_133229.001|JsonScenario|Activity 1|#  6|base.verbose(text) - executing verbose(text)(${productNames})
2019-07-20 13:32:31,522|I|Thread-1|firstEvaluation.20190720_133229.001|JsonScenario|Activity 1|#  6|base.verbose(text) - ["sildenafil citrate","Mountain Juniperus ashei"]
2019-07-20 13:32:31,678|I|Thread-1|firstEvaluation.20190720_133229.001|JsonScenario|Activity 1|#  6|base.verbose(text) - PASS 
2019-07-20 13:32:31,681|I|Thread-1|firstEvaluation.20190720_133229.001|JsonScenario|Activity 2 - executing activity
2019-07-20 13:32:32,283|I|Thread-1|firstEvaluation.20190720_133229.001|JsonScenario|Activity 2|#  7|json.storeValues(json,jso - executing storeValues(json,jsonpath,var)($(syspath|data|fullpath)/example_2.json, products[supplier=Wisozk Inc].quantity, quantityList)
2019-07-20 13:32:32,288|I|Thread-1|firstEvaluation.20190720_133229.001|JsonScenario|Activity 2|#  7|json.storeValues(json,jso - PASS EXPECTED match against 'products[supplier=Wisozk Inc].quantity' stored to ${quantityList}
2019-07-20 13:32:32,889|I|Thread-1|firstEvaluation.20190720_133229.001|JsonScenario|Activity 2|#  8|json.storeValues(json,jso - executing storeValues(json,jsonpath,var)($(syspath|data|fullpath)/example_2.json, products[supplier=Wisozk Inc].unit_cost, unit_costList)
2019-07-20 13:32:32,895|I|Thread-1|firstEvaluation.20190720_133229.001|JsonScenario|Activity 2|#  8|json.storeValues(json,jso - PASS EXPECTED match against 'products[supplier=Wisozk Inc].unit_cost' stored to ${unit_costList}
2019-07-20 13:32:33,497|I|Thread-1|firstEvaluation.20190720_133229.001|JsonScenario|Activity 2|#  9|base.save(var,value) - executing save(var,value)(sumTotal, 0)
2019-07-20 13:32:33,499|I|Thread-1|firstEvaluation.20190720_133229.001|JsonScenario|Activity 2|#  9|base.save(var,value) - PASS stored '0' as ${sumTotal}
2019-07-20 13:32:34,101|I|Thread-1|firstEvaluation.20190720_133229.001|JsonScenario|Activity 2|# 10|base.save(var,value) - executing save(var,value)(counter, 0)
2019-07-20 13:32:34,103|I|Thread-1|firstEvaluation.20190720_133229.001|JsonScenario|Activity 2|# 10|base.save(var,value) - PASS stored '0' as ${counter}
2019-07-20 13:32:34,705|I|Thread-1|firstEvaluation.20190720_133229.001|JsonScenario|Activity 2|# 11|base.save(var,value) - executing save(var,value)(length, $(array|length|${quantityList}))
2019-07-20 13:32:34,710|I|Thread-1|firstEvaluation.20190720_133229.001|JsonScenario|Activity 2|# 11|base.save(var,value) - PASS stored '2' as ${length}
2019-07-20 13:32:35,312|I|Thread-1|firstEvaluation.20190720_133229.001|JsonScenario|Activity 2|# 12|base.save(var,value) - executing save(var,value)(mulValue, 0)
2019-07-20 13:32:35,315|I|Thread-1|firstEvaluation.20190720_133229.001|JsonScenario|Activity 2|# 12|base.save(var,value) - PASS stored '0' as ${mulValue}
2019-07-20 13:32:35,916|I|Thread-1|firstEvaluation.20190720_133229.001|JsonScenario|Activity 2|# 13|base.repeatUntil(steps,ma - executing repeatUntil(steps,maxWaitMs)(4, -1)
2019-07-20 13:32:35,918|I|Thread-1|firstEvaluation.20190720_133229.001|JsonScenario|Activity 2|# 14|base.assertEqual(expected - 
<[repeat-until] entering loop #1 --------------------------------------------->
2019-07-20 13:32:35,919|I|Thread-1|firstEvaluation.20190720_133229.001|JsonScenario|Activity 2|# 14|base.assertEqual(expected - executing assertEqual(expected,actual)(${length}, ${counter})
2019-07-20 13:32:35,920|I|Thread-1|firstEvaluation.20190720_133229.001|JsonScenario|Activity 2|# 15|base.save(var,value) - executing save(var,value)(mulValue, [NUMBER(unit_cost) => multiply(quantity)])
2019-07-20 13:32:35,933|I|Thread-1|firstEvaluation.20190720_133229.001|JsonScenario|Activity 2|# 15|base.save(var,value) - [repeat-until] PASS stored '0' as ${mulValue}
2019-07-20 13:32:35,934|I|Thread-1|firstEvaluation.20190720_133229.001|JsonScenario|Activity 2|# 16|base.save(var,value) - executing save(var,value)(sumTotal, [NUMBER(sumTotal) => add(mulValue)])
2019-07-20 13:32:35,943|I|Thread-1|firstEvaluation.20190720_133229.001|JsonScenario|Activity 2|# 16|base.save(var,value) - [repeat-until] PASS stored '0' as ${sumTotal}
2019-07-20 13:32:35,944|I|Thread-1|firstEvaluation.20190720_133229.001|JsonScenario|Activity 2|# 17|number.increment(var,amou - executing increment(var,amount)(counter, 1)
2019-07-20 13:32:35,950|I|Thread-1|firstEvaluation.20190720_133229.001|JsonScenario|Activity 2|# 17|number.increment(var,amou - [repeat-until] PASS incremented ${counter} by 1 to 1
2019-07-20 13:32:35,951|I|Thread-1|firstEvaluation.20190720_133229.001|JsonScenario|Activity 2|# 14|base.assertEqual(expected - 
<[repeat-until] entering loop #2 --------------------------------------------->
2019-07-20 13:32:35,954|I|Thread-1|firstEvaluation.20190720_133229.001|JsonScenario|Activity 2|# 14|base.assertEqual(expected - executing assertEqual(expected,actual)(${length}, ${counter})
2019-07-20 13:32:35,960|I|Thread-1|firstEvaluation.20190720_133229.001|JsonScenario|Activity 2|# 15|base.save(var,value) - executing save(var,value)(mulValue, [NUMBER(unit_cost) => multiply(quantity)])
2019-07-20 13:32:35,964|I|Thread-1|firstEvaluation.20190720_133229.001|JsonScenario|Activity 2|# 15|base.save(var,value) - [repeat-until] PASS stored '0' as ${mulValue}
2019-07-20 13:32:35,966|I|Thread-1|firstEvaluation.20190720_133229.001|JsonScenario|Activity 2|# 16|base.save(var,value) - executing save(var,value)(sumTotal, [NUMBER(sumTotal) => add(mulValue)])
2019-07-20 13:32:35,971|I|Thread-1|firstEvaluation.20190720_133229.001|JsonScenario|Activity 2|# 16|base.save(var,value) - [repeat-until] PASS stored '0' as ${sumTotal}
2019-07-20 13:32:35,975|I|Thread-1|firstEvaluation.20190720_133229.001|JsonScenario|Activity 2|# 17|number.increment(var,amou - executing increment(var,amount)(counter, 1)
2019-07-20 13:32:35,981|I|Thread-1|firstEvaluation.20190720_133229.001|JsonScenario|Activity 2|# 17|number.increment(var,amou - [repeat-until] PASS incremented ${counter} by 1 to 2
2019-07-20 13:32:35,982|I|Thread-1|firstEvaluation.20190720_133229.001|JsonScenario|Activity 2|# 14|base.assertEqual(expected - 
<[repeat-until] entering loop #3 --------------------------------------------->
2019-07-20 13:32:35,985|I|Thread-1|firstEvaluation.20190720_133229.001|JsonScenario|Activity 2|# 14|base.assertEqual(expected - executing assertEqual(expected,actual)(${length}, ${counter})
2019-07-20 13:32:35,990|I|Thread-1|firstEvaluation.20190720_133229.001|JsonScenario|Activity 2|# 13|base.repeatUntil(steps,ma - PASS repeat-until execution completed
2019-07-20 13:32:36,593|I|Thread-1|firstEvaluation.20190720_133229.001|JsonScenario|Activity 2|# 18|base.verbose(text) - executing verbose(text)(${sumTotal})
2019-07-20 13:32:36,595|I|Thread-1|firstEvaluation.20190720_133229.001|JsonScenario|Activity 2|# 18|base.verbose(text) - 0
2019-07-20 13:32:36,597|I|Thread-1|firstEvaluation.20190720_133229.001|JsonScenario|Activity 2|# 18|base.verbose(text) - PASS 
2019-07-20 13:32:36,784|I|Thread-1|[firstEvaluation.20190720_133229.001|JsonScenario] saving test scenario
2019-07-20 13:32:36,867|I|Thread-1|[20190720_133228] 
/-TEST COMPLETE-----------------------------------------------------------------
| Test Output:    C:\projects\firstEvaluation\output\20190720_133228\firstEvaluation.20190720_133229.001.xlsx
| Iteration:      1
\-------------------------------------------------------------------------------
» Execution Time: 6645 ms
» Test Steps:     10
» Error(s):       0



2019-07-20 13:32:38,859|I|Thread-1|[20190720_133228] 
/-TEST COMPLETE-----------------------------------------------------------------
| Test Script:    C:\projects\firstEvaluation\artifact\script\firstEvaluation.xlsx
\-------------------------------------------------------------------------------
» Execution Time: 10682 ms
» Iterations:     [1] total 1
» Test Steps:     10
» Passed:         10
» Error(s):       0
» Iteration 1 of 1: C:\projects\firstEvaluation\output\20190720_133228\firstEvaluation.20190720_133229.001.xlsx



2019-07-20 13:32:39,125|I|main|[20190720_133228] [C:\projects\firstEvaluation\artifact\script\firstEvaluation.xlsx] now completed
2019-07-20 13:32:39,127|I|main|[20190720_133228] all execution thread(s) have terminated
2019-07-20 13:32:39,127|I|main|[20190720_133228] test run completed in about 11 seconds
2019-07-20 13:32:39,187|I|main|No predefined nexial-setup found
2019-07-20 13:32:39,214|I|main|outputBase not set; output-to-cloud DISABLED!
2019-07-20 13:32:39,215|I|main|accessKey not set; output-to-cloud DISABLED!
2019-07-20 13:32:39,216|I|main|secretKey not set; output-to-cloud DISABLED!
2019-07-20 13:32:39,216|I|main|generating HTML output for this execution to C:\projects\firstEvaluation\output\20190720_133228\execution-output.html
2019-07-20 13:32:39,937|I|main|generating JUnit XML output for this execution to C:\projects\firstEvaluation\output\20190720_133228\junit.xml
2019-07-20 13:32:40,028|I|main|generated JUnit report for this execution: C:\projects\firstEvaluation\output\20190720_133228\junit.xml
2019-07-20 13:32:40,074|I|main|nexial mailer not enabled: nexial.enableEmail=false
2019-07-20 13:32:40,075|I|main|skipped email notification as configured
2019-07-20 13:32:40,078|I|main|exiting Nexial...
2019-07-20 13:32:40,098|I|main|

/-END OF EXECUTION--------------------------------------------------------------
| » Execution Time: 11 sec.
| » Test Steps....: 10
| » Passed........: 10
| » Failed........: 0
| » Success Rate..: 100.00%
\----------------------------------------------------------nexial-core dev_0581-

2019-07-20 13:32:40,100|I|main|ALL PASSED!
2019-07-20 13:32:40,104|I|main|End of Execution:
NEXIAL_OUTPUT:         C:\projects\firstEvaluation\output\20190720_133228
NEXIAL_EXECUTION_HTML: C:\projects\firstEvaluation\output\20190720_133228\execution-output.html
NEXIAL_JUNIT_XML:      C:\projects\firstEvaluation\output\20190720_133228\junit.xml
NEXIAL_SUCCESS_RATE:   100.00%
NEXIAL_EXIT_STATUS:    0
