2019-07-29 15:01:31,054|I|Thread-1|(DELAYED) nexial-core 2.4_0567 starting up...
2019-07-29 15:01:31,054|I|Thread-1|(DELAYED) data file resolved as C:\Users\DEEPAN~1.PAT\AppData\Local\Temp\yLLgy\secondAssignment.data.xlsx
2019-07-29 15:01:31,054|I|Thread-1|(DELAYED) input files and output directory resolved...
2019-07-29 15:01:31,054|I|Thread-1|(DELAYED) No predefined nexial-setup found
2019-07-29 15:01:31,054|I|Thread-1|(DELAYED) [20190729_150130] [C:\projects\secondAssignment\artifact\script\secondAssignment.xlsx] resolve RUN ID as 20190729_150130
2019-07-29 15:01:31,054|I|Thread-1|(DELAYED) [20190729_150130] [C:\projects\secondAssignment\artifact\script\secondAssignment.xlsx] new thread started
2019-07-29 15:01:31,069|I|Thread-1|No predefined nexial-setup found
2019-07-29 15:01:31,163|I|Thread-1|outputBase not set; output-to-cloud DISABLED!
2019-07-29 15:01:31,163|I|Thread-1|accessKey not set; output-to-cloud DISABLED!
2019-07-29 15:01:31,163|I|Thread-1|secretKey not set; output-to-cloud DISABLED!
2019-07-29 15:01:31,179|I|Thread-1|missing REQUIRED configuration; sms DISABLED!
2019-07-29 15:01:31,944|I|Thread-1|[20190729_150130] executing C:\projects\secondAssignment\artifact\script\secondAssignment.xlsx with 1 iteration(s)
2019-07-29 15:01:31,944|I|Thread-1|[20190729_150130] create directory C:\projects\secondAssignment\output\20190729_150130\captures
2019-07-29 15:01:31,960|I|Thread-1|[20190729_150130] create directory C:\projects\secondAssignment\output\20190729_150130\logs
2019-07-29 15:01:32,574|I|Thread-1|[20190729_150130] merging test data to tmp file C:\projects\secondAssignment\output\20190729_150130\secondAssignment.20190729_150131.001.xlsx
2019-07-29 15:01:32,575|I|Thread-1|refetching data from C:\projects\secondAssignment\artifact\data\secondAssignment.data.xlsx
2019-07-29 15:01:32,873|I|Thread-1|[20190729_150130] test script and test data merged to C:\projects\secondAssignment\output\20190729_150130\secondAssignment.20190729_150131.001.xlsx
2019-07-29 15:01:33,715|I|Thread-1|STARTS
2019-07-29 15:01:33,730|I|Thread-1|secondAssignment.20190729_150131.001 - executing iteration #1 of 1; Iteration Id 1
2019-07-29 15:01:33,730|I|Thread-1|secondAssignment.20190729_150131.001|Scenario - executing test scenario
2019-07-29 15:01:33,746|I|Thread-1|secondAssignment.20190729_150131.001|Scenario|Activity 1 - executing activity
2019-07-29 15:01:34,355|I|Thread-1|secondAssignment.20190729_150131.001|Scenario|Activity 1|#  5|web.open(url) - executing open(url)(https://www.google.com/)
2019-07-29 15:01:34,355|I|Thread-1|No valid instance of webdriver, initializing...
2019-07-29 15:01:34,355|I|Thread-1|init chrome
2019-07-29 15:01:40,497|I|Thread-1|browser initialization completed for 'chrome'
2019-07-29 15:01:40,506|I|Thread-1|setting browser polling wait time to 800 ms
2019-07-29 15:01:40,510|I|Thread-1|setting browser page load timeout to 10000 ms
2019-07-29 15:01:41,884|I|Thread-1|current browser window handle:CDwindow-7BDFEE9A69357C1EA9CC8A0CAF29744C
2019-07-29 15:01:41,915|I|Thread-1|secondAssignment.20190729_150131.001|Scenario|Activity 1|#  5|web.open(url) - PASS opened URL https://www.google.com/
2019-07-29 15:01:42,525|I|Thread-1|secondAssignment.20190729_150131.001|Scenario|Activity 1|#  6|web.type(locator,value) - executing type(locator,value)(//*[@id="tsf"]/div[2]/div/div[1]/div/div[1]/input, ATMECS)
2019-07-29 15:01:42,725|I|Thread-1|secondAssignment.20190729_150131.001|Scenario|Activity 1|#  6|web.type(locator,value) - PASS typed text at '//*[@id="tsf"]/div[2]/div/div[1]/div/div[1]/input'
2019-07-29 15:01:43,330|I|Thread-1|secondAssignment.20190729_150131.001|Scenario|Activity 1|#  7|web.click(locator) - executing click(locator)(//*[@id="tsf"]/div[2]/div/div[3]/center/input[1])
2019-07-29 15:01:43,350|I|Thread-1|clicking '//*[@id="tsf"]/div[2]/div/div[3]/center/input[1]'...
2019-07-29 15:01:43,360|I|Thread-1|click target via JS, @id=
2019-07-29 15:01:44,735|I|Thread-1|clicked -> true
2019-07-29 15:01:44,736|I|Thread-1|secondAssignment.20190729_150131.001|Scenario|Activity 1|#  7|web.click(locator) - PASS click via JS event
2019-07-29 15:01:44,967|I|Thread-1|[secondAssignment.20190729_150131.001|Scenario] saving test scenario
2019-07-29 15:01:45,100|I|Thread-1|[20190729_150130] 
/-TEST COMPLETE-----------------------------------------------------------------
| Test Output:    C:\projects\secondAssignment\output\20190729_150130\secondAssignment.20190729_150131.001.xlsx
| Iteration:      1
\-------------------------------------------------------------------------------
» Execution Time: 11367 ms
» Test Steps:     3
» Error(s):       0



2019-07-29 15:01:46,411|I|Thread-1|[20190729_150130] 
/-TEST COMPLETE-----------------------------------------------------------------
| Test Script:    C:\projects\secondAssignment\artifact\script\secondAssignment.xlsx
\-------------------------------------------------------------------------------
» Execution Time: 15525 ms
» Iterations:     [1] total 1
» Test Steps:     3
» Passed:         3
» Error(s):       0
» Iteration 1 of 1: C:\projects\secondAssignment\output\20190729_150130\secondAssignment.20190729_150131.001.xlsx



2019-07-29 15:01:46,954|I|main|[20190729_150130] [C:\projects\secondAssignment\artifact\script\secondAssignment.xlsx] now completed
2019-07-29 15:01:46,956|I|main|[20190729_150130] all execution thread(s) have terminated
2019-07-29 15:01:46,958|I|main|[20190729_150130] test run completed in about 16 seconds
2019-07-29 15:01:47,081|I|main|No predefined nexial-setup found
2019-07-29 15:01:47,122|I|main|outputBase not set; output-to-cloud DISABLED!
2019-07-29 15:01:47,123|I|main|accessKey not set; output-to-cloud DISABLED!
2019-07-29 15:01:47,123|I|main|secretKey not set; output-to-cloud DISABLED!
2019-07-29 15:01:47,125|I|main|generating HTML output for this execution to C:\projects\secondAssignment\output\20190729_150130\execution-output.html
2019-07-29 15:01:47,998|I|main|generating JUnit XML output for this execution to C:\projects\secondAssignment\output\20190729_150130\junit.xml
2019-07-29 15:01:48,060|I|main|generated JUnit report for this execution: C:\projects\secondAssignment\output\20190729_150130\junit.xml
2019-07-29 15:01:48,062|I|main|nexial mailer not enabled: nexial.enableEmail=false
2019-07-29 15:01:48,063|I|main|skipped email notification as configured
2019-07-29 15:01:48,065|I|main|exiting Nexial...
2019-07-29 15:01:48,065|I|main|shutdown starts...
2019-07-29 15:01:48,068|I|main|Shutting down 'chrome' webdriver...
2019-07-29 15:01:53,776|I|main|shutdown ends...
2019-07-29 15:01:53,779|I|main|

/-END OF EXECUTION--------------------------------------------------------------
| » Execution Time: 16 sec.
| » Test Steps....: 3
| » Passed........: 3
| » Failed........: 0
| » Success Rate..: 100.00%
\----------------------------------------------------------nexial-core 2.4_0567-

2019-07-29 15:01:53,781|I|main|ALL PASSED!
2019-07-29 15:01:53,786|I|main|End of Execution:
NEXIAL_OUTPUT:         C:\projects\secondAssignment\output\20190729_150130
NEXIAL_EXECUTION_HTML: C:\projects\secondAssignment\output\20190729_150130\execution-output.html
NEXIAL_JUNIT_XML:      C:\projects\secondAssignment\output\20190729_150130\junit.xml
NEXIAL_SUCCESS_RATE:   100.00%
NEXIAL_EXIT_STATUS:    0
