2019-07-19 17:38:19,818|I|Thread-1|(DELAYED) nexial-core 2.4_0567 starting up...
2019-07-19 17:38:19,818|I|Thread-1|(DELAYED) data file resolved as C:\Users\DEEPAN~1.PAT\AppData\Local\Temp\UKUkU\firstEvaluation.data.xlsx
2019-07-19 17:38:19,818|I|Thread-1|(DELAYED) input files and output directory resolved...
2019-07-19 17:38:19,818|I|Thread-1|(DELAYED) No predefined nexial-setup found
2019-07-19 17:38:19,818|I|Thread-1|(DELAYED) [20190719_173819] [C:\projects\firstEvaluation\artifact\script\firstEvaluation.xlsx] resolve RUN ID as 20190719_173819
2019-07-19 17:38:19,818|I|Thread-1|(DELAYED) [20190719_173819] [C:\projects\firstEvaluation\artifact\script\firstEvaluation.xlsx] new thread started
2019-07-19 17:38:19,818|I|Thread-1|No predefined nexial-setup found
2019-07-19 17:38:19,912|I|Thread-1|outputBase not set; output-to-cloud DISABLED!
2019-07-19 17:38:19,912|I|Thread-1|accessKey not set; output-to-cloud DISABLED!
2019-07-19 17:38:19,928|I|Thread-1|secretKey not set; output-to-cloud DISABLED!
2019-07-19 17:38:19,943|I|Thread-1|missing REQUIRED configuration; sms DISABLED!
2019-07-19 17:38:20,729|I|Thread-1|[20190719_173819] executing C:\projects\firstEvaluation\artifact\script\firstEvaluation.xlsx with 1 iteration(s)
2019-07-19 17:38:20,729|I|Thread-1|[20190719_173819] create directory C:\projects\firstEvaluation\output\20190719_173819\captures
2019-07-19 17:38:20,729|I|Thread-1|[20190719_173819] create directory C:\projects\firstEvaluation\output\20190719_173819\logs
2019-07-19 17:38:21,394|I|Thread-1|[20190719_173819] merging test data to tmp file C:\projects\firstEvaluation\output\20190719_173819\firstEvaluation.20190719_173820.001.xlsx
2019-07-19 17:38:21,395|I|Thread-1|refetching data from C:\projects\firstEvaluation\artifact\data\firstEvaluation.data.xlsx
2019-07-19 17:38:21,713|I|Thread-1|[20190719_173819] test script and test data merged to C:\projects\firstEvaluation\output\20190719_173819\firstEvaluation.20190719_173820.001.xlsx
2019-07-19 17:38:22,435|I|Thread-1|STARTS
2019-07-19 17:38:22,454|I|Thread-1|firstEvaluation.20190719_173820.001 - executing iteration #1 of 1; Iteration Id 1
2019-07-19 17:38:22,466|I|Thread-1|firstEvaluation.20190719_173820.001|JsonScenario - executing test scenario
2019-07-19 17:38:22,468|I|Thread-1|firstEvaluation.20190719_173820.001|JsonScenario|Activity 1 - executing activity
2019-07-19 17:38:23,070|I|Thread-1|firstEvaluation.20190719_173820.001|JsonScenario|Activity 1|#  5|json.storeValues(json,jso - executing storeValues(json,jsonpath,var)($(syspath|data|fullpath)/example_2.json, products[supplier=Wisozk Inc].product_name, productNames)
2019-07-19 17:38:23,166|I|Thread-1|firstEvaluation.20190719_173820.001|JsonScenario|Activity 1|#  5|json.storeValues(json,jso - PASS EXPECTED match against 'products[supplier=Wisozk Inc].product_name' stored to ${productNames}
2019-07-19 17:38:23,768|I|Thread-1|firstEvaluation.20190719_173820.001|JsonScenario|Activity 1|#  6|base.verbose(text) - executing verbose(text)(${productNames})
2019-07-19 17:38:23,774|I|Thread-1|firstEvaluation.20190719_173820.001|JsonScenario|Activity 1|#  6|base.verbose(text) - ["sildenafil citrate","Mountain Juniperus ashei"]
2019-07-19 17:38:23,967|I|Thread-1|firstEvaluation.20190719_173820.001|JsonScenario|Activity 1|#  6|base.verbose(text) - PASS 
2019-07-19 17:38:24,224|I|Thread-1|[firstEvaluation.20190719_173820.001|JsonScenario] saving test scenario
2019-07-19 17:38:24,337|I|Thread-1|[20190719_173819] 
/-TEST COMPLETE-----------------------------------------------------------------
| Test Output:    C:\projects\firstEvaluation\output\20190719_173819\firstEvaluation.20190719_173820.001.xlsx
| Iteration:      1
\-------------------------------------------------------------------------------
» Execution Time: 1872 ms
» Test Steps:     2
» Error(s):       0



2019-07-19 17:38:31,714|I|Thread-1|[20190719_173819] 
/-TEST COMPLETE-----------------------------------------------------------------
| Test Script:    C:\projects\firstEvaluation\artifact\script\firstEvaluation.xlsx
\-------------------------------------------------------------------------------
» Execution Time: 12076 ms
» Iterations:     [1] total 1
» Test Steps:     2
» Passed:         2
» Error(s):       0
» Iteration 1 of 1: C:\projects\firstEvaluation\output\20190719_173819\firstEvaluation.20190719_173820.001.xlsx



2019-07-19 17:38:32,578|I|main|[20190719_173819] [C:\projects\firstEvaluation\artifact\script\firstEvaluation.xlsx] now completed
2019-07-19 17:38:32,581|I|main|[20190719_173819] all execution thread(s) have terminated
2019-07-19 17:38:32,584|I|main|[20190719_173819] test run completed in about 13 seconds
2019-07-19 17:38:32,691|I|main|No predefined nexial-setup found
2019-07-19 17:38:32,730|I|main|outputBase not set; output-to-cloud DISABLED!
2019-07-19 17:38:32,731|I|main|accessKey not set; output-to-cloud DISABLED!
2019-07-19 17:38:32,732|I|main|secretKey not set; output-to-cloud DISABLED!
2019-07-19 17:38:32,733|I|main|generating HTML output for this execution to C:\projects\firstEvaluation\output\20190719_173819\execution-output.html
2019-07-19 17:38:33,579|I|main|generating JUnit XML output for this execution to C:\projects\firstEvaluation\output\20190719_173819\junit.xml
2019-07-19 17:38:33,625|I|main|generated JUnit report for this execution: C:\projects\firstEvaluation\output\20190719_173819\junit.xml
2019-07-19 17:38:33,629|I|main|nexial mailer not enabled: nexial.enableEmail=false
2019-07-19 17:38:33,630|I|main|skipped email notification as configured
2019-07-19 17:38:33,632|I|main|exiting Nexial...
2019-07-19 17:38:33,634|I|main|

/-END OF EXECUTION--------------------------------------------------------------
| » Execution Time: 13 sec.
| » Test Steps....: 2
| » Passed........: 2
| » Failed........: 0
| » Success Rate..: 100.00%
\----------------------------------------------------------nexial-core 2.4_0567-

2019-07-19 17:38:33,636|I|main|ALL PASSED!
2019-07-19 17:38:33,639|I|main|End of Execution:
NEXIAL_OUTPUT:         C:\projects\firstEvaluation\output\20190719_173819
NEXIAL_EXECUTION_HTML: C:\projects\firstEvaluation\output\20190719_173819\execution-output.html
NEXIAL_JUNIT_XML:      C:\projects\firstEvaluation\output\20190719_173819\junit.xml
NEXIAL_SUCCESS_RATE:   100.00%
NEXIAL_EXIT_STATUS:    0
