2019-07-20 15:44:55,404|I|Thread-1|(DELAYED) nexial-core dev_0581 starting up...
2019-07-20 15:44:55,409|I|Thread-1|(DELAYED) data file resolved as C:\Users\DEEPAN~1\AppData\Local\Temp\vClnT\firstEvaluation.data.xlsx
2019-07-20 15:44:55,409|I|Thread-1|(DELAYED) input files and output directory resolved...
2019-07-20 15:44:55,409|I|Thread-1|(DELAYED) No predefined nexial-setup found
2019-07-20 15:44:55,409|I|Thread-1|(DELAYED) [20190720_154455] [C:\projects\firstEvaluation\artifact\script\firstEvaluation.xlsx] resolve RUN ID as 20190720_154455
2019-07-20 15:44:55,409|I|Thread-1|(DELAYED) [20190720_154455] [C:\projects\firstEvaluation\artifact\script\firstEvaluation.xlsx] new thread started
2019-07-20 15:44:55,409|I|Thread-1|No predefined nexial-setup found
2019-07-20 15:44:55,454|I|Thread-1|outputBase not set; output-to-cloud DISABLED!
2019-07-20 15:44:55,459|I|Thread-1|accessKey not set; output-to-cloud DISABLED!
2019-07-20 15:44:55,459|I|Thread-1|secretKey not set; output-to-cloud DISABLED!
2019-07-20 15:44:55,469|I|Thread-1|missing REQUIRED configuration; sms DISABLED!
2019-07-20 15:44:56,164|I|Thread-1|[20190720_154455] executing C:\projects\firstEvaluation\artifact\script\firstEvaluation.xlsx with 1 iteration(s)
2019-07-20 15:44:56,164|I|Thread-1|[20190720_154455] create directory C:\projects\firstEvaluation\output\20190720_154455\captures
2019-07-20 15:44:56,164|I|Thread-1|[20190720_154455] create directory C:\projects\firstEvaluation\output\20190720_154455\logs
2019-07-20 15:44:56,454|I|Thread-1|[20190720_154455] merging test data to tmp file C:\projects\firstEvaluation\output\20190720_154455\firstEvaluation.20190720_154456.001.xlsx
2019-07-20 15:44:56,454|I|Thread-1|refetching data from C:\projects\firstEvaluation\artifact\data\firstEvaluation.data.xlsx
2019-07-20 15:44:56,610|I|Thread-1|[20190720_154455] test script and test data merged to C:\projects\firstEvaluation\output\20190720_154455\firstEvaluation.20190720_154456.001.xlsx
2019-07-20 15:44:57,107|I|Thread-1|STARTS
2019-07-20 15:44:57,129|I|Thread-1|firstEvaluation.20190720_154456.001 - executing iteration #1 of 1; Iteration Id 1
2019-07-20 15:44:57,138|I|Thread-1|firstEvaluation.20190720_154456.001|JsonScenario - executing test scenario
2019-07-20 15:44:57,139|I|Thread-1|firstEvaluation.20190720_154456.001|JsonScenario|Activity 1 - executing activity
2019-07-20 15:44:57,745|I|Thread-1|firstEvaluation.20190720_154456.001|JsonScenario|Activity 1|#  5|json.storeValues(json,jso - executing storeValues(json,jsonpath,var)($(syspath|data|fullpath)/example_2.json, products[supplier=Wisozk Inc].product_name, productNames)
2019-07-20 15:44:57,822|I|Thread-1|firstEvaluation.20190720_154456.001|JsonScenario|Activity 1|#  5|json.storeValues(json,jso - PASS EXPECTED match against 'products[supplier=Wisozk Inc].product_name' stored to ${productNames}
2019-07-20 15:44:58,424|I|Thread-1|firstEvaluation.20190720_154456.001|JsonScenario|Activity 1|#  6|base.verbose(text) - executing verbose(text)(${productNames})
2019-07-20 15:44:58,426|I|Thread-1|firstEvaluation.20190720_154456.001|JsonScenario|Activity 1|#  6|base.verbose(text) - ["sildenafil citrate","Mountain Juniperus ashei"]
2019-07-20 15:44:58,566|I|Thread-1|firstEvaluation.20190720_154456.001|JsonScenario|Activity 1|#  6|base.verbose(text) - PASS 
2019-07-20 15:44:58,569|I|Thread-1|firstEvaluation.20190720_154456.001|JsonScenario|Activity 2 - executing activity
2019-07-20 15:44:59,174|I|Thread-1|firstEvaluation.20190720_154456.001|JsonScenario|Activity 2|#  7|json.storeValues(json,jso - executing storeValues(json,jsonpath,var)($(syspath|data|fullpath)/example_2.json, products[supplier=Wisozk Inc].quantity, quantityList)
2019-07-20 15:44:59,178|I|Thread-1|firstEvaluation.20190720_154456.001|JsonScenario|Activity 2|#  7|json.storeValues(json,jso - PASS EXPECTED match against 'products[supplier=Wisozk Inc].quantity' stored to ${quantityList}
2019-07-20 15:44:59,779|I|Thread-1|firstEvaluation.20190720_154456.001|JsonScenario|Activity 2|#  8|json.storeValues(json,jso - executing storeValues(json,jsonpath,var)($(syspath|data|fullpath)/example_2.json, products[supplier=Wisozk Inc].unit_cost, costList)
2019-07-20 15:44:59,779|I|Thread-1|firstEvaluation.20190720_154456.001|JsonScenario|Activity 2|#  8|json.storeValues(json,jso - PASS EXPECTED match against 'products[supplier=Wisozk Inc].unit_cost' stored to ${costList}
2019-07-20 15:45:00,386|I|Thread-1|firstEvaluation.20190720_154456.001|JsonScenario|Activity 2|#  9|base.save(var,value) - executing save(var,value)(unit_costList, [LIST${costList} => replaceRegex([$],)])
2019-07-20 15:45:00,386|I|Thread-1|firstEvaluation.20190720_154456.001|JsonScenario|Activity 2|#  9|base.save(var,value) - PASS stored '[LIST["$10.47","$8.74"] => replaceRegex([$],)]' as ${unit_costList}
2019-07-20 15:45:00,989|I|Thread-1|firstEvaluation.20190720_154456.001|JsonScenario|Activity 2|# 10|base.verbose(text) - executing verbose(text)(${unit_costList})
2019-07-20 15:45:00,989|I|Thread-1|firstEvaluation.20190720_154456.001|JsonScenario|Activity 2|# 10|base.verbose(text) - [LIST["$10.47","$8.74"] => replaceRegex([$],)]
2019-07-20 15:45:00,989|I|Thread-1|firstEvaluation.20190720_154456.001|JsonScenario|Activity 2|# 10|base.verbose(text) - PASS 
2019-07-20 15:45:01,594|I|Thread-1|firstEvaluation.20190720_154456.001|JsonScenario|Activity 2|# 11|base.save(var,value) - executing save(var,value)(sumTotal, 0)
2019-07-20 15:45:01,596|I|Thread-1|firstEvaluation.20190720_154456.001|JsonScenario|Activity 2|# 11|base.save(var,value) - PASS stored '0' as ${sumTotal}
2019-07-20 15:45:02,197|I|Thread-1|firstEvaluation.20190720_154456.001|JsonScenario|Activity 2|# 12|base.save(var,value) - executing save(var,value)(counter, 0)
2019-07-20 15:45:02,199|I|Thread-1|firstEvaluation.20190720_154456.001|JsonScenario|Activity 2|# 12|base.save(var,value) - PASS stored '0' as ${counter}
2019-07-20 15:45:02,802|I|Thread-1|firstEvaluation.20190720_154456.001|JsonScenario|Activity 2|# 13|base.save(var,value) - executing save(var,value)(length, $(array|length|${quantityList}))
2019-07-20 15:45:02,802|I|Thread-1|firstEvaluation.20190720_154456.001|JsonScenario|Activity 2|# 13|base.save(var,value) - PASS stored '2' as ${length}
2019-07-20 15:45:03,403|I|Thread-1|firstEvaluation.20190720_154456.001|JsonScenario|Activity 2|# 14|base.save(var,value) - executing save(var,value)(mulValue, 0)
2019-07-20 15:45:03,403|I|Thread-1|firstEvaluation.20190720_154456.001|JsonScenario|Activity 2|# 14|base.save(var,value) - PASS stored '0' as ${mulValue}
2019-07-20 15:45:04,005|I|Thread-1|firstEvaluation.20190720_154456.001|JsonScenario|Activity 2|# 15|base.verbose(text) - executing verbose(text)(${unit_costList})
2019-07-20 15:45:04,007|I|Thread-1|firstEvaluation.20190720_154456.001|JsonScenario|Activity 2|# 15|base.verbose(text) - [LIST["$10.47","$8.74"] => replaceRegex([$],)]
2019-07-20 15:45:04,009|I|Thread-1|firstEvaluation.20190720_154456.001|JsonScenario|Activity 2|# 15|base.verbose(text) - PASS 
2019-07-20 15:45:04,610|I|Thread-1|firstEvaluation.20190720_154456.001|JsonScenario|Activity 2|# 16|base.repeatUntil(steps,ma - executing repeatUntil(steps,maxWaitMs)(6, -1)
2019-07-20 15:45:04,612|I|Thread-1|firstEvaluation.20190720_154456.001|JsonScenario|Activity 2|# 17|base.assertEqual(expected - 
<[repeat-until] entering loop #1 --------------------------------------------->
2019-07-20 15:45:04,613|I|Thread-1|firstEvaluation.20190720_154456.001|JsonScenario|Activity 2|# 17|base.assertEqual(expected - executing assertEqual(expected,actual)(${length}, ${counter})
2019-07-20 15:45:04,614|I|Thread-1|firstEvaluation.20190720_154456.001|JsonScenario|Activity 2|# 18|base.save(var,value) - executing save(var,value)(unit_cost, $(array|item|${unit_costList}|${counter}))
2019-07-20 15:45:04,616|I|Thread-1|firstEvaluation.20190720_154456.001|JsonScenario|Activity 2|# 18|base.save(var,value) - [repeat-until] PASS stored '"$10.47"' as ${unit_cost}
2019-07-20 15:45:04,618|I|Thread-1|firstEvaluation.20190720_154456.001|JsonScenario|Activity 2|# 19|base.save(var,value) - executing save(var,value)(quantity, $(array|item|${quantityList}|${counter}))
2019-07-20 15:45:04,620|I|Thread-1|firstEvaluation.20190720_154456.001|JsonScenario|Activity 2|# 19|base.save(var,value) - [repeat-until] PASS stored '261' as ${quantity}
2019-07-20 15:45:04,626|I|Thread-1|firstEvaluation.20190720_154456.001|JsonScenario|Activity 2|# 20|base.save(var,value) - executing save(var,value)(mulValue, [NUMBER(${unit_cost}) => multiply(${quantity})])
2019-07-20 15:45:04,642|I|Thread-1|firstEvaluation.20190720_154456.001|JsonScenario|Activity 2|# 20|base.save(var,value) - [repeat-until] PASS stored '2732.67' as ${mulValue}
2019-07-20 15:45:04,643|I|Thread-1|firstEvaluation.20190720_154456.001|JsonScenario|Activity 2|# 21|base.save(var,value) - executing save(var,value)(sumTotal, [NUMBER(${sumTotal}) => add(${mulValue})])
2019-07-20 15:45:04,645|I|Thread-1|firstEvaluation.20190720_154456.001|JsonScenario|Activity 2|# 21|base.save(var,value) - [repeat-until] PASS stored '2732.67' as ${sumTotal}
2019-07-20 15:45:04,646|I|Thread-1|firstEvaluation.20190720_154456.001|JsonScenario|Activity 2|# 22|number.increment(var,amou - executing increment(var,amount)(counter, 1)
2019-07-20 15:45:04,649|I|Thread-1|firstEvaluation.20190720_154456.001|JsonScenario|Activity 2|# 22|number.increment(var,amou - [repeat-until] PASS incremented ${counter} by 1 to 1
2019-07-20 15:45:04,650|I|Thread-1|firstEvaluation.20190720_154456.001|JsonScenario|Activity 2|# 17|base.assertEqual(expected - 
<[repeat-until] entering loop #2 --------------------------------------------->
2019-07-20 15:45:04,654|I|Thread-1|firstEvaluation.20190720_154456.001|JsonScenario|Activity 2|# 17|base.assertEqual(expected - executing assertEqual(expected,actual)(${length}, ${counter})
2019-07-20 15:45:04,659|I|Thread-1|firstEvaluation.20190720_154456.001|JsonScenario|Activity 2|# 18|base.save(var,value) - executing save(var,value)(unit_cost, $(array|item|${unit_costList}|${counter}))
2019-07-20 15:45:04,661|I|Thread-1|firstEvaluation.20190720_154456.001|JsonScenario|Activity 2|# 18|base.save(var,value) - [repeat-until] PASS stored '"$8.74"' as ${unit_cost}
2019-07-20 15:45:04,662|I|Thread-1|firstEvaluation.20190720_154456.001|JsonScenario|Activity 2|# 19|base.save(var,value) - executing save(var,value)(quantity, $(array|item|${quantityList}|${counter}))
2019-07-20 15:45:04,667|I|Thread-1|firstEvaluation.20190720_154456.001|JsonScenario|Activity 2|# 19|base.save(var,value) - [repeat-until] PASS stored '292' as ${quantity}
2019-07-20 15:45:04,672|I|Thread-1|firstEvaluation.20190720_154456.001|JsonScenario|Activity 2|# 20|base.save(var,value) - executing save(var,value)(mulValue, [NUMBER(${unit_cost}) => multiply(${quantity})])
2019-07-20 15:45:04,677|I|Thread-1|firstEvaluation.20190720_154456.001|JsonScenario|Activity 2|# 20|base.save(var,value) - [repeat-until] PASS stored '2552.08' as ${mulValue}
2019-07-20 15:45:04,680|I|Thread-1|firstEvaluation.20190720_154456.001|JsonScenario|Activity 2|# 21|base.save(var,value) - executing save(var,value)(sumTotal, [NUMBER(${sumTotal}) => add(${mulValue})])
2019-07-20 15:45:04,681|I|Thread-1|firstEvaluation.20190720_154456.001|JsonScenario|Activity 2|# 21|base.save(var,value) - [repeat-until] PASS stored '5284.75' as ${sumTotal}
2019-07-20 15:45:04,683|I|Thread-1|firstEvaluation.20190720_154456.001|JsonScenario|Activity 2|# 22|number.increment(var,amou - executing increment(var,amount)(counter, 1)
2019-07-20 15:45:04,688|I|Thread-1|firstEvaluation.20190720_154456.001|JsonScenario|Activity 2|# 22|number.increment(var,amou - [repeat-until] PASS incremented ${counter} by 1 to 2
2019-07-20 15:45:04,692|I|Thread-1|firstEvaluation.20190720_154456.001|JsonScenario|Activity 2|# 17|base.assertEqual(expected - 
<[repeat-until] entering loop #3 --------------------------------------------->
2019-07-20 15:45:04,693|I|Thread-1|firstEvaluation.20190720_154456.001|JsonScenario|Activity 2|# 17|base.assertEqual(expected - executing assertEqual(expected,actual)(${length}, ${counter})
2019-07-20 15:45:04,694|I|Thread-1|firstEvaluation.20190720_154456.001|JsonScenario|Activity 2|# 16|base.repeatUntil(steps,ma - PASS repeat-until execution completed
2019-07-20 15:45:05,301|I|Thread-1|firstEvaluation.20190720_154456.001|JsonScenario|Activity 2|# 23|base.verbose(text) - executing verbose(text)(${sumTotal})
2019-07-20 15:45:05,301|I|Thread-1|firstEvaluation.20190720_154456.001|JsonScenario|Activity 2|# 23|base.verbose(text) - 5284.75
2019-07-20 15:45:05,301|I|Thread-1|firstEvaluation.20190720_154456.001|JsonScenario|Activity 2|# 23|base.verbose(text) - PASS 
2019-07-20 15:45:05,500|I|Thread-1|[firstEvaluation.20190720_154456.001|JsonScenario] saving test scenario
2019-07-20 15:45:05,586|I|Thread-1|[20190720_154455] 
/-TEST COMPLETE-----------------------------------------------------------------
| Test Output:    C:\projects\firstEvaluation\output\20190720_154455\firstEvaluation.20190720_154456.001.xlsx
| Iteration:      1
\-------------------------------------------------------------------------------
» Execution Time: 8455 ms
» Test Steps:     13
» Error(s):       0



2019-07-20 15:45:07,609|I|Thread-1|[20190720_154455] 
/-TEST COMPLETE-----------------------------------------------------------------
| Test Script:    C:\projects\firstEvaluation\artifact\script\firstEvaluation.xlsx
\-------------------------------------------------------------------------------
» Execution Time: 12242 ms
» Iterations:     [1] total 1
» Test Steps:     13
» Passed:         13
» Error(s):       0
» Iteration 1 of 1: C:\projects\firstEvaluation\output\20190720_154455\firstEvaluation.20190720_154456.001.xlsx



2019-07-20 15:45:08,263|I|main|[20190720_154455] [C:\projects\firstEvaluation\artifact\script\firstEvaluation.xlsx] now completed
2019-07-20 15:45:08,265|I|main|[20190720_154455] all execution thread(s) have terminated
2019-07-20 15:45:08,267|I|main|[20190720_154455] test run completed in about 13 seconds
2019-07-20 15:45:08,339|I|main|No predefined nexial-setup found
2019-07-20 15:45:08,379|I|main|outputBase not set; output-to-cloud DISABLED!
2019-07-20 15:45:08,379|I|main|accessKey not set; output-to-cloud DISABLED!
2019-07-20 15:45:08,384|I|main|secretKey not set; output-to-cloud DISABLED!
2019-07-20 15:45:08,384|I|main|generating HTML output for this execution to C:\projects\firstEvaluation\output\20190720_154455\execution-output.html
2019-07-20 15:45:09,076|I|main|generating JUnit XML output for this execution to C:\projects\firstEvaluation\output\20190720_154455\junit.xml
2019-07-20 15:45:09,133|I|main|generated JUnit report for this execution: C:\projects\firstEvaluation\output\20190720_154455\junit.xml
2019-07-20 15:45:09,185|I|main|nexial mailer not enabled: nexial.enableEmail=false
2019-07-20 15:45:09,186|I|main|skipped email notification as configured
2019-07-20 15:45:09,188|I|main|exiting Nexial...
2019-07-20 15:45:09,190|I|main|

/-END OF EXECUTION--------------------------------------------------------------
| » Execution Time: 13 sec.
| » Test Steps....: 13
| » Passed........: 13
| » Failed........: 0
| » Success Rate..: 100.00%
\----------------------------------------------------------nexial-core dev_0581-

2019-07-20 15:45:09,191|I|main|ALL PASSED!
2019-07-20 15:45:09,193|I|main|End of Execution:
NEXIAL_OUTPUT:         C:\projects\firstEvaluation\output\20190720_154455
NEXIAL_EXECUTION_HTML: C:\projects\firstEvaluation\output\20190720_154455\execution-output.html
NEXIAL_JUNIT_XML:      C:\projects\firstEvaluation\output\20190720_154455\junit.xml
NEXIAL_SUCCESS_RATE:   100.00%
NEXIAL_EXIT_STATUS:    0
