2019-07-29 17:18:09,552|I|Thread-1|(DELAYED) nexial-core 2.4_0567 starting up...
2019-07-29 17:18:09,552|I|Thread-1|(DELAYED) data file resolved as C:\Users\DEEPAN~1.PAT\AppData\Local\Temp\IcWWY\secondAssignment.data.xlsx
2019-07-29 17:18:09,552|I|Thread-1|(DELAYED) input files and output directory resolved...
2019-07-29 17:18:09,552|I|Thread-1|(DELAYED) No predefined nexial-setup found
2019-07-29 17:18:09,552|I|Thread-1|(DELAYED) [20190729_171809] [C:\projects\secondAssignment\artifact\script\secondAssignment.xlsx] resolve RUN ID as 20190729_171809
2019-07-29 17:18:09,552|I|Thread-1|(DELAYED) [20190729_171809] [C:\projects\secondAssignment\artifact\script\secondAssignment.xlsx] new thread started
2019-07-29 17:18:09,552|I|Thread-1|No predefined nexial-setup found
2019-07-29 17:18:09,630|I|Thread-1|outputBase not set; output-to-cloud DISABLED!
2019-07-29 17:18:09,630|I|Thread-1|accessKey not set; output-to-cloud DISABLED!
2019-07-29 17:18:09,630|I|Thread-1|secretKey not set; output-to-cloud DISABLED!
2019-07-29 17:18:09,646|I|Thread-1|missing REQUIRED configuration; sms DISABLED!
2019-07-29 17:18:10,398|I|Thread-1|[20190729_171809] executing C:\projects\secondAssignment\artifact\script\secondAssignment.xlsx with 4 iteration(s)
2019-07-29 17:18:10,414|I|Thread-1|[20190729_171809] create directory C:\projects\secondAssignment\output\20190729_171809\captures
2019-07-29 17:18:10,414|I|Thread-1|[20190729_171809] create directory C:\projects\secondAssignment\output\20190729_171809\logs
2019-07-29 17:18:11,963|I|Thread-1|[20190729_171809] merging test data to tmp file C:\projects\secondAssignment\output\20190729_171809\secondAssignment.20190729_171810.001.xlsx
2019-07-29 17:18:11,963|I|Thread-1|refetching data from C:\projects\secondAssignment\artifact\data\secondAssignment.data.xlsx
2019-07-29 17:18:12,318|I|Thread-1|[20190729_171809] test script and test data merged to C:\projects\secondAssignment\output\20190729_171809\secondAssignment.20190729_171810.001.xlsx
2019-07-29 17:18:12,834|I|Thread-1|STARTS
2019-07-29 17:18:12,865|I|Thread-1|secondAssignment.20190729_171810.001 - executing iteration #1 of 4; Iteration Id 1
2019-07-29 17:18:12,865|I|Thread-1|secondAssignment.20190729_171810.001|Scenario3 - executing test scenario
2019-07-29 17:18:12,865|I|Thread-1|secondAssignment.20190729_171810.001|Scenario3|Activity 1 - executing activity
2019-07-29 17:18:13,474|I|Thread-1|secondAssignment.20190729_171810.001|Scenario3|Activity 1|#  5|web.open(url) - executing open(url)(https://www.google.com/)
2019-07-29 17:18:13,474|I|Thread-1|No valid instance of webdriver, initializing...
2019-07-29 17:18:13,474|I|Thread-1|init chrome
2019-07-29 17:18:19,391|I|Thread-1|browser initialization completed for 'chrome'
2019-07-29 17:18:19,423|I|Thread-1|setting browser polling wait time to 800 ms
2019-07-29 17:18:19,438|I|Thread-1|setting browser page load timeout to 10000 ms
2019-07-29 17:18:20,813|I|Thread-1|current browser window handle:CDwindow-B279D610E6EB8D0155E06B04131AB1E4
2019-07-29 17:18:20,845|I|Thread-1|secondAssignment.20190729_171810.001|Scenario3|Activity 1|#  5|web.open(url) - PASS opened URL https://www.google.com/
2019-07-29 17:18:21,457|I|Thread-1|secondAssignment.20190729_171810.001|Scenario3|Activity 1|#  6|web.type(locator,value) - executing type(locator,value)(//*[@id="tsf"]/div[2]/div/div[1]/div/div[1]/input, ${my_var})
2019-07-29 17:18:21,874|I|Thread-1|secondAssignment.20190729_171810.001|Scenario3|Activity 1|#  6|web.type(locator,value) - PASS typed text at '//*[@id="tsf"]/div[2]/div/div[1]/div/div[1]/input'
2019-07-29 17:18:22,496|I|Thread-1|secondAssignment.20190729_171810.001|Scenario3|Activity 1|#  7|web.click(locator) - executing click(locator)(//*[@id="tsf"]/div[2]/div/div[3]/center/input[1])
2019-07-29 17:18:22,511|I|Thread-1|clicking '//*[@id="tsf"]/div[2]/div/div[3]/center/input[1]'...
2019-07-29 17:18:22,527|I|Thread-1|click target via JS, @id=
2019-07-29 17:18:24,537|I|Thread-1|clicked -> true
2019-07-29 17:18:24,538|I|Thread-1|secondAssignment.20190729_171810.001|Scenario3|Activity 1|#  7|web.click(locator) - PASS click via JS event
2019-07-29 17:18:25,139|I|Thread-1|secondAssignment.20190729_171810.001|Scenario3|Activity 1|#  8|web.saveTextArray(var,loc - executing saveTextArray(var,locator)(linkArray, //*[@class = "iUh30"])
2019-07-29 17:18:25,331|I|Thread-1|secondAssignment.20190729_171810.001|Scenario3|Activity 1|#  8|web.saveTextArray(var,loc - PASS stored content of '//*[@class = "iUh30"]' as ${linkArray}
2019-07-29 17:18:25,933|I|Thread-1|secondAssignment.20190729_171810.001|Scenario3|Activity 1|#  9|base.verbose(text) - executing verbose(text)($(array|length|${linkArray}))
2019-07-29 17:18:25,953|I|Thread-1|secondAssignment.20190729_171810.001|Scenario3|Activity 1|#  9|base.verbose(text) - 11
2019-07-29 17:18:25,969|I|Thread-1|secondAssignment.20190729_171810.001|Scenario3|Activity 1|#  9|base.verbose(text) - PASS 
2019-07-29 17:18:26,576|I|Thread-1|secondAssignment.20190729_171810.001|Scenario3|Activity 1|# 10|base.save(var,value) - executing save(var,value)(query, Insert into info values("${my_var}", "${linkArray}");)
2019-07-29 17:18:26,591|I|Thread-1|secondAssignment.20190729_171810.001|Scenario3|Activity 1|# 10|base.save(var,value) - PASS stored 'Insert into info values("ATMECS", "www.atmecs.com/,https://www.glassdoor.co.in/Reviews/ATMECS-Reviews-E1318180.htm,https://www.glassdoor.co.in/.../Working-at-ATMECS-EI_IE1318180.11,17.htm,https://in.linkedin.com/company/atmecs-inc,https://mapr.com/partners/partner/atmecs-technologies-pvt-ltd/,https://www.glassdoor.com/Overview/Working-at-ATMECS-EI_IE1318180.11,17.htm,https://www.naukri.com/atmecs-technologies-pvt-ltd-jobs-careers-1089084,https://www.indeed.co.in/cmp/Atmecs-Technologies/reviews,https://www.ambitionbox.com/reviews/atmecs-technologies-reviews");' as ${query}
2019-07-29 17:18:27,198|I|Thread-1|secondAssignment.20190729_171810.001|Scenario3|Activity 1|# 11|rdbms.runSQL(var,db,sql) - executing runSQL(var,db,sql)(queryResult, mydb, create table student (id int primary key, name text, dob DATE, address text))
2019-07-29 17:18:27,292|I|Thread-1|secondAssignment.20190729_171810.001|Scenario3|Activity 1|# 11|rdbms.runSQL(var,db,sql) - new connection established for 'mydb'
2019-07-29 17:18:27,792|I|Thread-1|secondAssignment.20190729_171810.001|Scenario3|Activity 1|# 11|rdbms.runSQL(var,db,sql) - executed query in 499 ms with 0 row(s)
2019-07-29 17:18:27,800|I|Thread-1|secondAssignment.20190729_171810.001|Scenario3|Activity 1|# 11|rdbms.runSQL(var,db,sql) - PASS executed SQL 'create table student (id int primary key, name text, dob DATE, address text)'; stored result as ${queryResult}
2019-07-29 17:18:28,409|I|Thread-1|secondAssignment.20190729_171810.001|Scenario3|Activity 1|# 12|rdbms.runSQLs(var,db,sqls - executing runSQLs(var,db,sqls)(insertQueries, mydb, insert into student values(101, "Deepankar", '30-AUG-1994', "Hyderabad");insert into student values(102, "Deepak", '19-JAN-1995', "Lucknow"); insert into student values(103, "Sanyam", '12-JUL-1998', "Lucknow");)
2019-07-29 17:18:28,415|I|Thread-1|secondAssignment.20190729_171810.001|Scenario3|Activity 1|# 12|rdbms.runSQLs(var,db,sqls - found 3 qualified query(s) to execute
2019-07-29 17:18:28,417|I|Thread-1|secondAssignment.20190729_171810.001|Scenario3|Activity 1|# 12|rdbms.runSQLs(var,db,sqls - reusing established connection 'mydb'
2019-07-29 17:18:28,423|I|Thread-1|Executing - insert into student values(101, "Deepankar", '30-AUG-1994', "Hyderabad")
2019-07-29 17:18:28,554|I|Thread-1|Executing - insert into student values(102, "Deepak", '19-JAN-1995', "Lucknow")
2019-07-29 17:18:28,650|I|Thread-1|Executing - insert into student values(103, "Sanyam", '12-JUL-1998', "Lucknow")
2019-07-29 17:18:28,730|I|Thread-1|secondAssignment.20190729_171810.001|Scenario3|Activity 1|# 12|rdbms.runSQLs(var,db,sqls - PASS executed 3 SQL(s); 3 results stored as ${insertQueries}
2019-07-29 17:18:29,333|I|Thread-1|secondAssignment.20190729_171810.001|Scenario3|Activity 1|# 13|rdbms.saveResult(db,sql,o - executing saveResult(db,sql,output)(mydb, select * from student;, $(syspath|out|fullpath)/student.csv)
2019-07-29 17:18:29,341|I|Thread-1|secondAssignment.20190729_171810.001|Scenario3|Activity 1|# 13|rdbms.saveResult(db,sql,o - reusing established connection 'mydb'
2019-07-29 17:18:29,377|I|Thread-1|secondAssignment.20190729_171810.001|Scenario3|Activity 1|# 13|rdbms.saveResult(db,sql,o - executed query in 34 ms with 3 row(s)
2019-07-29 17:18:29,437|I|Thread-1|secondAssignment.20190729_171810.001|Scenario3|Activity 1|# 13|rdbms.saveResult(db,sql,o - PASS executed SQL 'select * from student;'; stored result to 'C:\projects\secondAssignment\output\20190729_171809\student.csv'
2019-07-29 17:18:29,831|I|Thread-1|[secondAssignment.20190729_171810.001|Scenario3] saving test scenario
2019-07-29 17:18:30,049|I|Thread-1|[20190729_171809] 
/-TEST COMPLETE-----------------------------------------------------------------
| Test Output:    C:\projects\secondAssignment\output\20190729_171809\secondAssignment.20190729_171810.001.xlsx
| Iteration:      1
\-------------------------------------------------------------------------------
» Execution Time: 17182 ms
» Test Steps:     9
» Error(s):       0



2019-07-29 17:18:30,852|I|Thread-1|[20190729_171809] create directory C:\projects\secondAssignment\output\20190729_171809\captures
2019-07-29 17:18:30,852|I|Thread-1|[20190729_171809] create directory C:\projects\secondAssignment\output\20190729_171809\logs
2019-07-29 17:18:31,475|I|Thread-1|[20190729_171809] merging test data to tmp file C:\projects\secondAssignment\output\20190729_171809\secondAssignment.20190729_171830.002.xlsx
2019-07-29 17:18:31,476|I|Thread-1|refetching data from C:\projects\secondAssignment\artifact\data\secondAssignment.data.xlsx
2019-07-29 17:18:31,658|I|Thread-1|[20190729_171809] test script and test data merged to C:\projects\secondAssignment\output\20190729_171809\secondAssignment.20190729_171830.002.xlsx
2019-07-29 17:18:31,999|I|Thread-1|STARTS
2019-07-29 17:18:32,003|I|Thread-1|secondAssignment.20190729_171830.002 - executing iteration #2 of 4; Iteration Id 2
2019-07-29 17:18:32,003|I|Thread-1|secondAssignment.20190729_171830.002|Scenario3 - executing test scenario
2019-07-29 17:18:32,004|I|Thread-1|secondAssignment.20190729_171830.002|Scenario3|Activity 1 - executing activity
2019-07-29 17:18:32,605|I|Thread-1|secondAssignment.20190729_171830.002|Scenario3|Activity 1|#  5|web.open(url) - executing open(url)(https://www.google.com/)
2019-07-29 17:18:33,499|I|Thread-1|current browser window handle:CDwindow-B279D610E6EB8D0155E06B04131AB1E4
2019-07-29 17:18:33,528|I|Thread-1|secondAssignment.20190729_171830.002|Scenario3|Activity 1|#  5|web.open(url) - PASS opened URL https://www.google.com/
2019-07-29 17:18:34,136|I|Thread-1|secondAssignment.20190729_171830.002|Scenario3|Activity 1|#  6|web.type(locator,value) - executing type(locator,value)(//*[@id="tsf"]/div[2]/div/div[1]/div/div[1]/input, ${my_var})
2019-07-29 17:18:34,369|I|Thread-1|secondAssignment.20190729_171830.002|Scenario3|Activity 1|#  6|web.type(locator,value) - PASS typed text at '//*[@id="tsf"]/div[2]/div/div[1]/div/div[1]/input'
2019-07-29 17:18:34,973|I|Thread-1|secondAssignment.20190729_171830.002|Scenario3|Activity 1|#  7|web.click(locator) - executing click(locator)(//*[@id="tsf"]/div[2]/div/div[3]/center/input[1])
2019-07-29 17:18:35,022|I|Thread-1|clicking '//*[@id="tsf"]/div[2]/div/div[3]/center/input[1]'...
2019-07-29 17:18:35,042|I|Thread-1|click target via JS, @id=
2019-07-29 17:18:36,259|I|Thread-1|clicked -> true
2019-07-29 17:18:36,260|I|Thread-1|secondAssignment.20190729_171830.002|Scenario3|Activity 1|#  7|web.click(locator) - PASS click via JS event
2019-07-29 17:18:36,863|I|Thread-1|secondAssignment.20190729_171830.002|Scenario3|Activity 1|#  8|web.saveTextArray(var,loc - executing saveTextArray(var,locator)(linkArray, //*[@class = "iUh30"])
2019-07-29 17:18:36,992|I|Thread-1|secondAssignment.20190729_171830.002|Scenario3|Activity 1|#  8|web.saveTextArray(var,loc - PASS stored content of '//*[@class = "iUh30"]' as ${linkArray}
2019-07-29 17:18:37,602|I|Thread-1|secondAssignment.20190729_171830.002|Scenario3|Activity 1|#  9|base.verbose(text) - executing verbose(text)($(array|length|${linkArray}))
2019-07-29 17:18:37,602|I|Thread-1|secondAssignment.20190729_171830.002|Scenario3|Activity 1|#  9|base.verbose(text) - 5
2019-07-29 17:18:37,602|I|Thread-1|secondAssignment.20190729_171830.002|Scenario3|Activity 1|#  9|base.verbose(text) - PASS 
2019-07-29 17:18:38,211|I|Thread-1|secondAssignment.20190729_171830.002|Scenario3|Activity 1|# 10|base.save(var,value) - executing save(var,value)(query, Insert into info values("${my_var}", "${linkArray}");)
2019-07-29 17:18:38,211|I|Thread-1|secondAssignment.20190729_171830.002|Scenario3|Activity 1|# 10|base.save(var,value) - PASS stored 'Insert into info values("Sundar Pichai", "https://en.wikipedia.org/wiki/Sundar_Pichai,https://www.britannica.com/biography/Sundar-Pichai,https://www.crunchbase.com/person/sundar-pichai,https://www.instagram.com/sundarpichai/?hl=en,https://www.businesstoday.in/current/corporate/sundar-pichai.../289327.html");' as ${query}
2019-07-29 17:18:38,820|I|Thread-1|secondAssignment.20190729_171830.002|Scenario3|Activity 1|# 11|rdbms.runSQL(var,db,sql) - executing runSQL(var,db,sql)(queryResult, mydb, create table student (id int primary key, name text, dob DATE, address text))
2019-07-29 17:18:38,822|I|Thread-1|secondAssignment.20190729_171830.002|Scenario3|Activity 1|# 11|rdbms.runSQL(var,db,sql) - reusing established connection 'mydb'
2019-07-29 17:18:38,836|I|Thread-1|secondAssignment.20190729_171830.002|Scenario3|Activity 1|# 11|rdbms.runSQL(var,db,sql) - executed query in 13 ms with ERROR Error occurred when executing 'create table student (id int primary key, name text, dob DATE, address text)': [SQLITE_ERROR] SQL error or missing database (table student already exists)
2019-07-29 17:18:38,842|I|Thread-1|secondAssignment.20190729_171830.002|Scenario3|Activity 1|# 11|rdbms.runSQL(var,db,sql) - PASS executed SQL 'create table student (id int primary key, name text, dob DATE, address text)'; stored result as ${queryResult}
2019-07-29 17:18:39,444|I|Thread-1|secondAssignment.20190729_171830.002|Scenario3|Activity 1|# 12|rdbms.runSQLs(var,db,sqls - executing runSQLs(var,db,sqls)(insertQueries, mydb, insert into student values(101, "Deepankar", '30-AUG-1994', "Hyderabad");insert into student values(102, "Deepak", '19-JAN-1995', "Lucknow"); insert into student values(103, "Sanyam", '12-JUL-1998', "Lucknow");)
2019-07-29 17:18:39,448|I|Thread-1|secondAssignment.20190729_171830.002|Scenario3|Activity 1|# 12|rdbms.runSQLs(var,db,sqls - found 3 qualified query(s) to execute
2019-07-29 17:18:39,450|I|Thread-1|secondAssignment.20190729_171830.002|Scenario3|Activity 1|# 12|rdbms.runSQLs(var,db,sqls - reusing established connection 'mydb'
2019-07-29 17:18:39,452|I|Thread-1|Executing - insert into student values(101, "Deepankar", '30-AUG-1994', "Hyderabad")
2019-07-29 17:18:39,459|I|Thread-1|Executing - insert into student values(102, "Deepak", '19-JAN-1995', "Lucknow")
2019-07-29 17:18:39,459|I|Thread-1|Executing - insert into student values(103, "Sanyam", '12-JUL-1998', "Lucknow")
2019-07-29 17:18:39,459|I|Thread-1|secondAssignment.20190729_171830.002|Scenario3|Activity 1|# 12|rdbms.runSQLs(var,db,sqls - PASS executed 3 SQL(s); 3 results stored as ${insertQueries}
2019-07-29 17:18:40,059|I|Thread-1|secondAssignment.20190729_171830.002|Scenario3|Activity 1|# 13|rdbms.saveResult(db,sql,o - executing saveResult(db,sql,output)(mydb, select * from student;, $(syspath|out|fullpath)/student.csv)
2019-07-29 17:18:40,061|I|Thread-1|secondAssignment.20190729_171830.002|Scenario3|Activity 1|# 13|rdbms.saveResult(db,sql,o - reusing established connection 'mydb'
2019-07-29 17:18:40,065|I|Thread-1|secondAssignment.20190729_171830.002|Scenario3|Activity 1|# 13|rdbms.saveResult(db,sql,o - executed query in 3 ms with 3 row(s)
2019-07-29 17:18:40,080|I|Thread-1|secondAssignment.20190729_171830.002|Scenario3|Activity 1|# 13|rdbms.saveResult(db,sql,o - PASS executed SQL 'select * from student;'; stored result to 'C:\projects\secondAssignment\output\20190729_171809\student.csv'
2019-07-29 17:18:40,210|I|Thread-1|[secondAssignment.20190729_171830.002|Scenario3] saving test scenario
2019-07-29 17:18:40,273|I|Thread-1|[20190729_171809] 
/-TEST COMPLETE-----------------------------------------------------------------
| Test Output:    C:\projects\secondAssignment\output\20190729_171809\secondAssignment.20190729_171830.002.xlsx
| Iteration:      2
\-------------------------------------------------------------------------------
» Execution Time: 8270 ms
» Test Steps:     9
» Error(s):       0



2019-07-29 17:18:40,795|I|Thread-1|[20190729_171809] create directory C:\projects\secondAssignment\output\20190729_171809\captures
2019-07-29 17:18:40,795|I|Thread-1|[20190729_171809] create directory C:\projects\secondAssignment\output\20190729_171809\logs
2019-07-29 17:18:41,210|I|Thread-1|[20190729_171809] merging test data to tmp file C:\projects\secondAssignment\output\20190729_171809\secondAssignment.20190729_171840.003.xlsx
2019-07-29 17:18:41,210|I|Thread-1|refetching data from C:\projects\secondAssignment\artifact\data\secondAssignment.data.xlsx
2019-07-29 17:18:41,321|I|Thread-1|[20190729_171809] test script and test data merged to C:\projects\secondAssignment\output\20190729_171809\secondAssignment.20190729_171840.003.xlsx
2019-07-29 17:18:41,493|I|Thread-1|STARTS
2019-07-29 17:18:41,493|I|Thread-1|secondAssignment.20190729_171840.003 - executing iteration #3 of 4; Iteration Id 3
2019-07-29 17:18:41,493|I|Thread-1|secondAssignment.20190729_171840.003|Scenario3 - executing test scenario
2019-07-29 17:18:41,493|I|Thread-1|secondAssignment.20190729_171840.003|Scenario3|Activity 1 - executing activity
2019-07-29 17:18:42,101|I|Thread-1|secondAssignment.20190729_171840.003|Scenario3|Activity 1|#  5|web.open(url) - executing open(url)(https://www.google.com/)
2019-07-29 17:18:43,033|I|Thread-1|current browser window handle:CDwindow-B279D610E6EB8D0155E06B04131AB1E4
2019-07-29 17:18:43,064|I|Thread-1|secondAssignment.20190729_171840.003|Scenario3|Activity 1|#  5|web.open(url) - PASS opened URL https://www.google.com/
2019-07-29 17:18:43,679|I|Thread-1|secondAssignment.20190729_171840.003|Scenario3|Activity 1|#  6|web.type(locator,value) - executing type(locator,value)(//*[@id="tsf"]/div[2]/div/div[1]/div/div[1]/input, ${my_var})
2019-07-29 17:18:43,873|I|Thread-1|secondAssignment.20190729_171840.003|Scenario3|Activity 1|#  6|web.type(locator,value) - PASS typed text at '//*[@id="tsf"]/div[2]/div/div[1]/div/div[1]/input'
2019-07-29 17:18:44,487|I|Thread-1|secondAssignment.20190729_171840.003|Scenario3|Activity 1|#  7|web.click(locator) - executing click(locator)(//*[@id="tsf"]/div[2]/div/div[3]/center/input[1])
2019-07-29 17:18:44,518|I|Thread-1|clicking '//*[@id="tsf"]/div[2]/div/div[3]/center/input[1]'...
2019-07-29 17:18:44,565|I|Thread-1|click target via JS, @id=
2019-07-29 17:18:45,856|I|Thread-1|clicked -> true
2019-07-29 17:18:45,857|I|Thread-1|secondAssignment.20190729_171840.003|Scenario3|Activity 1|#  7|web.click(locator) - PASS click via JS event
2019-07-29 17:18:46,461|I|Thread-1|secondAssignment.20190729_171840.003|Scenario3|Activity 1|#  8|web.saveTextArray(var,loc - executing saveTextArray(var,locator)(linkArray, //*[@class = "iUh30"])
2019-07-29 17:18:46,633|I|Thread-1|secondAssignment.20190729_171840.003|Scenario3|Activity 1|#  8|web.saveTextArray(var,loc - PASS stored content of '//*[@class = "iUh30"]' as ${linkArray}
2019-07-29 17:18:47,237|I|Thread-1|secondAssignment.20190729_171840.003|Scenario3|Activity 1|#  9|base.verbose(text) - executing verbose(text)($(array|length|${linkArray}))
2019-07-29 17:18:47,237|I|Thread-1|secondAssignment.20190729_171840.003|Scenario3|Activity 1|#  9|base.verbose(text) - 10
2019-07-29 17:18:47,237|I|Thread-1|secondAssignment.20190729_171840.003|Scenario3|Activity 1|#  9|base.verbose(text) - PASS 
2019-07-29 17:18:47,847|I|Thread-1|secondAssignment.20190729_171840.003|Scenario3|Activity 1|# 10|base.save(var,value) - executing save(var,value)(query, Insert into info values("${my_var}", "${linkArray}");)
2019-07-29 17:18:47,847|I|Thread-1|secondAssignment.20190729_171840.003|Scenario3|Activity 1|# 10|base.save(var,value) - PASS stored 'Insert into info values("Bill Gates", "https://en.wikipedia.org/wiki/Bill_Gates,https://www.gatesnotes.com/,https://www.forbes.com/profile/bill-gates/,,,,,https://www.biographyonline.net/business/bill-gates.html,https://www.youtube.com/channel/UCnEiGCE13SUI7ZvojTAVBKw,https://www.biography.com/business-figure/bill-gates");' as ${query}
2019-07-29 17:18:48,448|I|Thread-1|secondAssignment.20190729_171840.003|Scenario3|Activity 1|# 11|rdbms.runSQL(var,db,sql) - executing runSQL(var,db,sql)(queryResult, mydb, create table student (id int primary key, name text, dob DATE, address text))
2019-07-29 17:18:48,449|I|Thread-1|secondAssignment.20190729_171840.003|Scenario3|Activity 1|# 11|rdbms.runSQL(var,db,sql) - reusing established connection 'mydb'
2019-07-29 17:18:48,449|I|Thread-1|secondAssignment.20190729_171840.003|Scenario3|Activity 1|# 11|rdbms.runSQL(var,db,sql) - executed query in 0 ms with ERROR Error occurred when executing 'create table student (id int primary key, name text, dob DATE, address text)': [SQLITE_ERROR] SQL error or missing database (table student already exists)
2019-07-29 17:18:48,450|I|Thread-1|secondAssignment.20190729_171840.003|Scenario3|Activity 1|# 11|rdbms.runSQL(var,db,sql) - PASS executed SQL 'create table student (id int primary key, name text, dob DATE, address text)'; stored result as ${queryResult}
2019-07-29 17:18:49,063|I|Thread-1|secondAssignment.20190729_171840.003|Scenario3|Activity 1|# 12|rdbms.runSQLs(var,db,sqls - executing runSQLs(var,db,sqls)(insertQueries, mydb, insert into student values(101, "Deepankar", '30-AUG-1994', "Hyderabad");insert into student values(102, "Deepak", '19-JAN-1995', "Lucknow"); insert into student values(103, "Sanyam", '12-JUL-1998', "Lucknow");)
2019-07-29 17:18:49,063|I|Thread-1|secondAssignment.20190729_171840.003|Scenario3|Activity 1|# 12|rdbms.runSQLs(var,db,sqls - found 3 qualified query(s) to execute
2019-07-29 17:18:49,063|I|Thread-1|secondAssignment.20190729_171840.003|Scenario3|Activity 1|# 12|rdbms.runSQLs(var,db,sqls - reusing established connection 'mydb'
2019-07-29 17:18:49,063|I|Thread-1|Executing - insert into student values(101, "Deepankar", '30-AUG-1994', "Hyderabad")
2019-07-29 17:18:49,063|I|Thread-1|Executing - insert into student values(102, "Deepak", '19-JAN-1995', "Lucknow")
2019-07-29 17:18:49,063|I|Thread-1|Executing - insert into student values(103, "Sanyam", '12-JUL-1998', "Lucknow")
2019-07-29 17:18:49,063|I|Thread-1|secondAssignment.20190729_171840.003|Scenario3|Activity 1|# 12|rdbms.runSQLs(var,db,sqls - PASS executed 3 SQL(s); 3 results stored as ${insertQueries}
2019-07-29 17:18:49,682|I|Thread-1|secondAssignment.20190729_171840.003|Scenario3|Activity 1|# 13|rdbms.saveResult(db,sql,o - executing saveResult(db,sql,output)(mydb, select * from student;, $(syspath|out|fullpath)/student.csv)
2019-07-29 17:18:49,682|I|Thread-1|secondAssignment.20190729_171840.003|Scenario3|Activity 1|# 13|rdbms.saveResult(db,sql,o - reusing established connection 'mydb'
2019-07-29 17:18:49,691|I|Thread-1|secondAssignment.20190729_171840.003|Scenario3|Activity 1|# 13|rdbms.saveResult(db,sql,o - executed query in 9 ms with 3 row(s)
2019-07-29 17:18:49,712|I|Thread-1|secondAssignment.20190729_171840.003|Scenario3|Activity 1|# 13|rdbms.saveResult(db,sql,o - PASS executed SQL 'select * from student;'; stored result to 'C:\projects\secondAssignment\output\20190729_171809\student.csv'
2019-07-29 17:18:49,864|I|Thread-1|[secondAssignment.20190729_171840.003|Scenario3] saving test scenario
2019-07-29 17:18:49,919|I|Thread-1|[20190729_171809] 
/-TEST COMPLETE-----------------------------------------------------------------
| Test Output:    C:\projects\secondAssignment\output\20190729_171809\secondAssignment.20190729_171840.003.xlsx
| Iteration:      3
\-------------------------------------------------------------------------------
» Execution Time: 8426 ms
» Test Steps:     9
» Error(s):       0



2019-07-29 17:18:50,311|I|Thread-1|[20190729_171809] create directory C:\projects\secondAssignment\output\20190729_171809\captures
2019-07-29 17:18:50,311|I|Thread-1|[20190729_171809] create directory C:\projects\secondAssignment\output\20190729_171809\logs
2019-07-29 17:18:50,676|I|Thread-1|[20190729_171809] merging test data to tmp file C:\projects\secondAssignment\output\20190729_171809\secondAssignment.20190729_171850.004.xlsx
2019-07-29 17:18:50,676|I|Thread-1|refetching data from C:\projects\secondAssignment\artifact\data\secondAssignment.data.xlsx
2019-07-29 17:18:50,786|I|Thread-1|[20190729_171809] test script and test data merged to C:\projects\secondAssignment\output\20190729_171809\secondAssignment.20190729_171850.004.xlsx
2019-07-29 17:18:50,981|I|Thread-1|STARTS
2019-07-29 17:18:50,981|I|Thread-1|secondAssignment.20190729_171850.004 - executing iteration #4 of 4; Iteration Id 4
2019-07-29 17:18:50,981|I|Thread-1|secondAssignment.20190729_171850.004|Scenario3 - executing test scenario
2019-07-29 17:18:50,981|I|Thread-1|secondAssignment.20190729_171850.004|Scenario3|Activity 1 - executing activity
2019-07-29 17:18:51,582|I|Thread-1|secondAssignment.20190729_171850.004|Scenario3|Activity 1|#  5|web.open(url) - executing open(url)(https://www.google.com/)
2019-07-29 17:18:52,577|I|Thread-1|current browser window handle:CDwindow-B279D610E6EB8D0155E06B04131AB1E4
2019-07-29 17:18:52,587|I|Thread-1|secondAssignment.20190729_171850.004|Scenario3|Activity 1|#  5|web.open(url) - PASS opened URL https://www.google.com/
2019-07-29 17:18:53,188|I|Thread-1|secondAssignment.20190729_171850.004|Scenario3|Activity 1|#  6|web.type(locator,value) - executing type(locator,value)(//*[@id="tsf"]/div[2]/div/div[1]/div/div[1]/input, ${my_var})
2019-07-29 17:18:53,380|I|Thread-1|secondAssignment.20190729_171850.004|Scenario3|Activity 1|#  6|web.type(locator,value) - PASS typed text at '//*[@id="tsf"]/div[2]/div/div[1]/div/div[1]/input'
2019-07-29 17:18:53,982|I|Thread-1|secondAssignment.20190729_171850.004|Scenario3|Activity 1|#  7|web.click(locator) - executing click(locator)(//*[@id="tsf"]/div[2]/div/div[3]/center/input[1])
2019-07-29 17:18:54,037|I|Thread-1|clicking '//*[@id="tsf"]/div[2]/div/div[3]/center/input[1]'...
2019-07-29 17:18:54,071|I|Thread-1|click target via JS, @id=
2019-07-29 17:18:55,288|I|Thread-1|clicked -> true
2019-07-29 17:18:55,289|I|Thread-1|secondAssignment.20190729_171850.004|Scenario3|Activity 1|#  7|web.click(locator) - PASS click via JS event
2019-07-29 17:18:55,889|I|Thread-1|secondAssignment.20190729_171850.004|Scenario3|Activity 1|#  8|web.saveTextArray(var,loc - executing saveTextArray(var,locator)(linkArray, //*[@class = "iUh30"])
2019-07-29 17:18:56,091|I|Thread-1|secondAssignment.20190729_171850.004|Scenario3|Activity 1|#  8|web.saveTextArray(var,loc - PASS stored content of '//*[@class = "iUh30"]' as ${linkArray}
2019-07-29 17:18:56,701|I|Thread-1|secondAssignment.20190729_171850.004|Scenario3|Activity 1|#  9|base.verbose(text) - executing verbose(text)($(array|length|${linkArray}))
2019-07-29 17:18:56,701|I|Thread-1|secondAssignment.20190729_171850.004|Scenario3|Activity 1|#  9|base.verbose(text) - 7
2019-07-29 17:18:56,701|I|Thread-1|secondAssignment.20190729_171850.004|Scenario3|Activity 1|#  9|base.verbose(text) - PASS 
2019-07-29 17:18:57,312|I|Thread-1|secondAssignment.20190729_171850.004|Scenario3|Activity 1|# 10|base.save(var,value) - executing save(var,value)(query, Insert into info values("${my_var}", "${linkArray}");)
2019-07-29 17:18:57,312|I|Thread-1|secondAssignment.20190729_171850.004|Scenario3|Activity 1|# 10|base.save(var,value) - PASS stored 'Insert into info values("Sachin Tendulkar", "https://en.wikipedia.org/wiki/Sachin_Tendulkar,https://www.cricbuzz.com/profiles/25/sachin-tendulkar,www.espncricinfo.com/india/content/player/35320.html,,,,");' as ${query}
2019-07-29 17:18:57,941|I|Thread-1|secondAssignment.20190729_171850.004|Scenario3|Activity 1|# 11|rdbms.runSQL(var,db,sql) - executing runSQL(var,db,sql)(queryResult, mydb, create table student (id int primary key, name text, dob DATE, address text))
2019-07-29 17:18:57,941|I|Thread-1|secondAssignment.20190729_171850.004|Scenario3|Activity 1|# 11|rdbms.runSQL(var,db,sql) - reusing established connection 'mydb'
2019-07-29 17:18:57,941|I|Thread-1|secondAssignment.20190729_171850.004|Scenario3|Activity 1|# 11|rdbms.runSQL(var,db,sql) - executed query in 0 ms with ERROR Error occurred when executing 'create table student (id int primary key, name text, dob DATE, address text)': [SQLITE_ERROR] SQL error or missing database (table student already exists)
2019-07-29 17:18:57,951|I|Thread-1|secondAssignment.20190729_171850.004|Scenario3|Activity 1|# 11|rdbms.runSQL(var,db,sql) - PASS executed SQL 'create table student (id int primary key, name text, dob DATE, address text)'; stored result as ${queryResult}
2019-07-29 17:18:58,552|I|Thread-1|secondAssignment.20190729_171850.004|Scenario3|Activity 1|# 12|rdbms.runSQLs(var,db,sqls - executing runSQLs(var,db,sqls)(insertQueries, mydb, insert into student values(101, "Deepankar", '30-AUG-1994', "Hyderabad");insert into student values(102, "Deepak", '19-JAN-1995', "Lucknow"); insert into student values(103, "Sanyam", '12-JUL-1998', "Lucknow");)
2019-07-29 17:18:58,552|I|Thread-1|secondAssignment.20190729_171850.004|Scenario3|Activity 1|# 12|rdbms.runSQLs(var,db,sqls - found 3 qualified query(s) to execute
2019-07-29 17:18:58,552|I|Thread-1|secondAssignment.20190729_171850.004|Scenario3|Activity 1|# 12|rdbms.runSQLs(var,db,sqls - reusing established connection 'mydb'
2019-07-29 17:18:58,552|I|Thread-1|Executing - insert into student values(101, "Deepankar", '30-AUG-1994', "Hyderabad")
2019-07-29 17:18:58,561|I|Thread-1|Executing - insert into student values(102, "Deepak", '19-JAN-1995', "Lucknow")
2019-07-29 17:18:58,561|I|Thread-1|Executing - insert into student values(103, "Sanyam", '12-JUL-1998', "Lucknow")
2019-07-29 17:18:58,561|I|Thread-1|secondAssignment.20190729_171850.004|Scenario3|Activity 1|# 12|rdbms.runSQLs(var,db,sqls - PASS executed 3 SQL(s); 3 results stored as ${insertQueries}
2019-07-29 17:18:59,162|I|Thread-1|secondAssignment.20190729_171850.004|Scenario3|Activity 1|# 13|rdbms.saveResult(db,sql,o - executing saveResult(db,sql,output)(mydb, select * from student;, $(syspath|out|fullpath)/student.csv)
2019-07-29 17:18:59,162|I|Thread-1|secondAssignment.20190729_171850.004|Scenario3|Activity 1|# 13|rdbms.saveResult(db,sql,o - reusing established connection 'mydb'
2019-07-29 17:18:59,171|I|Thread-1|secondAssignment.20190729_171850.004|Scenario3|Activity 1|# 13|rdbms.saveResult(db,sql,o - executed query in 9 ms with 3 row(s)
2019-07-29 17:18:59,186|I|Thread-1|secondAssignment.20190729_171850.004|Scenario3|Activity 1|# 13|rdbms.saveResult(db,sql,o - PASS executed SQL 'select * from student;'; stored result to 'C:\projects\secondAssignment\output\20190729_171809\student.csv'
2019-07-29 17:18:59,301|I|Thread-1|[secondAssignment.20190729_171850.004|Scenario3] saving test scenario
2019-07-29 17:18:59,342|I|Thread-1|[20190729_171809] 
/-TEST COMPLETE-----------------------------------------------------------------
| Test Output:    C:\projects\secondAssignment\output\20190729_171809\secondAssignment.20190729_171850.004.xlsx
| Iteration:      4
\-------------------------------------------------------------------------------
» Execution Time: 8361 ms
» Test Steps:     9
» Error(s):       0



2019-07-29 17:18:59,691|I|Thread-1|[20190729_171809] 
/-TEST COMPLETE-----------------------------------------------------------------
| Test Script:    C:\projects\secondAssignment\artifact\script\secondAssignment.xlsx
\-------------------------------------------------------------------------------
» Execution Time: 50314 ms
» Iterations:     [1,2,3,4] total 4
» Test Steps:     36
» Passed:         36
» Error(s):       0
» Iteration 1 of 4: C:\projects\secondAssignment\output\20190729_171809\secondAssignment.20190729_171810.001.xlsx
» Iteration 2 of 4: C:\projects\secondAssignment\output\20190729_171809\secondAssignment.20190729_171830.002.xlsx
» Iteration 3 of 4: C:\projects\secondAssignment\output\20190729_171809\secondAssignment.20190729_171840.003.xlsx
» Iteration 4 of 4: C:\projects\secondAssignment\output\20190729_171809\secondAssignment.20190729_171850.004.xlsx



2019-07-29 17:19:00,581|I|main|[20190729_171809] [C:\projects\secondAssignment\artifact\script\secondAssignment.xlsx] now completed
2019-07-29 17:19:00,581|I|main|[20190729_171809] all execution thread(s) have terminated
2019-07-29 17:19:00,581|I|main|[20190729_171809] test run completed in about 51 seconds
2019-07-29 17:19:00,715|I|main|No predefined nexial-setup found
2019-07-29 17:19:00,756|I|main|outputBase not set; output-to-cloud DISABLED!
2019-07-29 17:19:00,756|I|main|accessKey not set; output-to-cloud DISABLED!
2019-07-29 17:19:00,756|I|main|secretKey not set; output-to-cloud DISABLED!
2019-07-29 17:19:00,756|I|main|generating HTML output for this execution to C:\projects\secondAssignment\output\20190729_171809\execution-output.html
2019-07-29 17:19:01,643|I|main|generating JUnit XML output for this execution to C:\projects\secondAssignment\output\20190729_171809\junit.xml
2019-07-29 17:19:01,681|I|main|generated JUnit report for this execution: C:\projects\secondAssignment\output\20190729_171809\junit.xml
2019-07-29 17:19:01,697|I|main|nexial mailer not enabled: nexial.enableEmail=false
2019-07-29 17:19:01,697|I|main|skipped email notification as configured
2019-07-29 17:19:01,697|I|main|exiting Nexial...
2019-07-29 17:19:01,697|I|main|shutdown starts...
2019-07-29 17:19:01,697|I|main|Shutting down 'chrome' webdriver...
2019-07-29 17:19:11,679|I|main|shutdown ends...
2019-07-29 17:19:11,680|I|main|

/-END OF EXECUTION--------------------------------------------------------------
| » Execution Time: 51 sec.
| » Test Steps....: 36
| » Passed........: 36
| » Failed........: 0
| » Success Rate..: 100.00%
\----------------------------------------------------------nexial-core 2.4_0567-

2019-07-29 17:19:11,681|I|main|ALL PASSED!
2019-07-29 17:19:11,682|I|main|End of Execution:
NEXIAL_OUTPUT:         C:\projects\secondAssignment\output\20190729_171809
NEXIAL_EXECUTION_HTML: C:\projects\secondAssignment\output\20190729_171809\execution-output.html
NEXIAL_JUNIT_XML:      C:\projects\secondAssignment\output\20190729_171809\junit.xml
NEXIAL_SUCCESS_RATE:   100.00%
NEXIAL_EXIT_STATUS:    0
