2019-07-29 16:02:52,352|I|Thread-1|(DELAYED) nexial-core 2.4_0567 starting up...
2019-07-29 16:02:52,355|I|Thread-1|(DELAYED) data file resolved as C:\Users\DEEPAN~1.PAT\AppData\Local\Temp\gqlNI\secondAssignment.data.xlsx
2019-07-29 16:02:52,356|I|Thread-1|(DELAYED) input files and output directory resolved...
2019-07-29 16:02:52,356|I|Thread-1|(DELAYED) No predefined nexial-setup found
2019-07-29 16:02:52,356|I|Thread-1|(DELAYED) [20190729_160252] [C:\projects\secondAssignment\artifact\script\secondAssignment.xlsx] resolve RUN ID as 20190729_160252
2019-07-29 16:02:52,356|I|Thread-1|(DELAYED) [20190729_160252] [C:\projects\secondAssignment\artifact\script\secondAssignment.xlsx] new thread started
2019-07-29 16:02:52,356|I|Thread-1|No predefined nexial-setup found
2019-07-29 16:02:52,430|I|Thread-1|outputBase not set; output-to-cloud DISABLED!
2019-07-29 16:02:52,430|I|Thread-1|accessKey not set; output-to-cloud DISABLED!
2019-07-29 16:02:52,431|I|Thread-1|secretKey not set; output-to-cloud DISABLED!
2019-07-29 16:02:52,460|I|Thread-1|missing REQUIRED configuration; sms DISABLED!
2019-07-29 16:02:53,211|I|Thread-1|[20190729_160252] executing C:\projects\secondAssignment\artifact\script\secondAssignment.xlsx with 1 iteration(s)
2019-07-29 16:02:53,216|I|Thread-1|[20190729_160252] create directory C:\projects\secondAssignment\output\20190729_160252\captures
2019-07-29 16:02:53,217|I|Thread-1|[20190729_160252] create directory C:\projects\secondAssignment\output\20190729_160252\logs
2019-07-29 16:02:54,536|I|Thread-1|[20190729_160252] merging test data to tmp file C:\projects\secondAssignment\output\20190729_160252\secondAssignment.20190729_160253.001.xlsx
2019-07-29 16:02:54,537|I|Thread-1|refetching data from C:\projects\secondAssignment\artifact\data\secondAssignment.data.xlsx
2019-07-29 16:02:54,847|I|Thread-1|[20190729_160252] test script and test data merged to C:\projects\secondAssignment\output\20190729_160252\secondAssignment.20190729_160253.001.xlsx
2019-07-29 16:02:55,557|I|Thread-1|STARTS
2019-07-29 16:02:55,590|I|Thread-1|secondAssignment.20190729_160253.001 - executing iteration #1 of 1; Iteration Id 1
2019-07-29 16:02:55,600|I|Thread-1|secondAssignment.20190729_160253.001|Scenario2 - executing test scenario
2019-07-29 16:02:55,601|I|Thread-1|secondAssignment.20190729_160253.001|Scenario2|Activity 1 - executing activity
2019-07-29 16:02:56,205|I|Thread-1|secondAssignment.20190729_160253.001|Scenario2|Activity 1|#  5|web.open(url) - executing open(url)(https://www.google.com/)
2019-07-29 16:02:56,209|I|Thread-1|No valid instance of webdriver, initializing...
2019-07-29 16:02:56,211|I|Thread-1|init chrome
2019-07-29 16:03:01,973|I|Thread-1|browser initialization completed for 'chrome'
2019-07-29 16:03:01,983|I|Thread-1|setting browser polling wait time to 800 ms
2019-07-29 16:03:01,987|I|Thread-1|setting browser page load timeout to 10000 ms
2019-07-29 16:03:03,724|I|Thread-1|current browser window handle:CDwindow-3081EC1CA97DE79B5372EC6A5CF2D3E9
2019-07-29 16:03:03,744|I|Thread-1|secondAssignment.20190729_160253.001|Scenario2|Activity 1|#  5|web.open(url) - PASS opened URL https://www.google.com/
2019-07-29 16:03:04,349|I|Thread-1|secondAssignment.20190729_160253.001|Scenario2|Activity 1|#  6|web.type(locator,value) - executing type(locator,value)(//*[@id="tsf"]/div[2]/div/div[1]/div/div[1]/input, ATMECS)
2019-07-29 16:03:04,535|I|Thread-1|secondAssignment.20190729_160253.001|Scenario2|Activity 1|#  6|web.type(locator,value) - PASS typed text at '//*[@id="tsf"]/div[2]/div/div[1]/div/div[1]/input'
2019-07-29 16:03:05,141|I|Thread-1|secondAssignment.20190729_160253.001|Scenario2|Activity 1|#  7|web.click(locator) - executing click(locator)(//*[@id="tsf"]/div[2]/div/div[3]/center/input[1])
2019-07-29 16:03:05,163|I|Thread-1|clicking '//*[@id="tsf"]/div[2]/div/div[3]/center/input[1]'...
2019-07-29 16:03:05,174|I|Thread-1|click target via JS, @id=
2019-07-29 16:03:06,840|I|Thread-1|clicked -> true
2019-07-29 16:03:06,844|I|Thread-1|secondAssignment.20190729_160253.001|Scenario2|Activity 1|#  7|web.click(locator) - PASS click via JS event
2019-07-29 16:03:07,447|I|Thread-1|secondAssignment.20190729_160253.001|Scenario2|Activity 1|#  8|web.saveTextArray(var,loc - executing saveTextArray(var,locator)(linkArray, //*[@class = "iUh30"])
2019-07-29 16:03:07,631|I|Thread-1|secondAssignment.20190729_160253.001|Scenario2|Activity 1|#  8|web.saveTextArray(var,loc - PASS stored content of '//*[@class = "iUh30"]' as ${linkArray}
2019-07-29 16:03:08,235|I|Thread-1|secondAssignment.20190729_160253.001|Scenario2|Activity 1|#  9|base.verbose(text) - executing verbose(text)($(array|length|${linkArray}))
2019-07-29 16:03:08,255|I|Thread-1|secondAssignment.20190729_160253.001|Scenario2|Activity 1|#  9|base.verbose(text) - 11
2019-07-29 16:03:08,474|I|Thread-1|secondAssignment.20190729_160253.001|Scenario2|Activity 1|#  9|base.verbose(text) - PASS 
2019-07-29 16:03:08,697|I|Thread-1|[secondAssignment.20190729_160253.001|Scenario2] saving test scenario
2019-07-29 16:03:08,818|I|Thread-1|[20190729_160252] 
/-TEST COMPLETE-----------------------------------------------------------------
| Test Output:    C:\projects\secondAssignment\output\20190729_160252\secondAssignment.20190729_160253.001.xlsx
| Iteration:      1
\-------------------------------------------------------------------------------
» Execution Time: 13223 ms
» Test Steps:     5
» Error(s):       0



2019-07-29 16:03:09,469|I|Thread-1|[20190729_160252] 
/-TEST COMPLETE-----------------------------------------------------------------
| Test Script:    C:\projects\secondAssignment\artifact\script\secondAssignment.xlsx
\-------------------------------------------------------------------------------
» Execution Time: 17305 ms
» Iterations:     [1] total 1
» Test Steps:     5
» Passed:         5
» Error(s):       0
» Iteration 1 of 1: C:\projects\secondAssignment\output\20190729_160252\secondAssignment.20190729_160253.001.xlsx



2019-07-29 16:03:10,122|I|main|[20190729_160252] [C:\projects\secondAssignment\artifact\script\secondAssignment.xlsx] now completed
2019-07-29 16:03:10,124|I|main|[20190729_160252] all execution thread(s) have terminated
2019-07-29 16:03:10,128|I|main|[20190729_160252] test run completed in about 18 seconds
2019-07-29 16:03:10,237|I|main|No predefined nexial-setup found
2019-07-29 16:03:10,278|I|main|outputBase not set; output-to-cloud DISABLED!
2019-07-29 16:03:10,280|I|main|accessKey not set; output-to-cloud DISABLED!
2019-07-29 16:03:10,280|I|main|secretKey not set; output-to-cloud DISABLED!
2019-07-29 16:03:10,281|I|main|generating HTML output for this execution to C:\projects\secondAssignment\output\20190729_160252\execution-output.html
2019-07-29 16:03:11,107|I|main|generating JUnit XML output for this execution to C:\projects\secondAssignment\output\20190729_160252\junit.xml
2019-07-29 16:03:11,170|I|main|generated JUnit report for this execution: C:\projects\secondAssignment\output\20190729_160252\junit.xml
2019-07-29 16:03:11,172|I|main|nexial mailer not enabled: nexial.enableEmail=false
2019-07-29 16:03:11,173|I|main|skipped email notification as configured
2019-07-29 16:03:11,176|I|main|exiting Nexial...
2019-07-29 16:03:11,176|I|main|shutdown starts...
2019-07-29 16:03:11,178|I|main|Shutting down 'chrome' webdriver...
2019-07-29 16:03:20,891|I|main|shutdown ends...
2019-07-29 16:03:20,895|I|main|

/-END OF EXECUTION--------------------------------------------------------------
| » Execution Time: 18 sec.
| » Test Steps....: 5
| » Passed........: 5
| » Failed........: 0
| » Success Rate..: 100.00%
\----------------------------------------------------------nexial-core 2.4_0567-

2019-07-29 16:03:20,898|I|main|ALL PASSED!
2019-07-29 16:03:20,905|I|main|End of Execution:
NEXIAL_OUTPUT:         C:\projects\secondAssignment\output\20190729_160252
NEXIAL_EXECUTION_HTML: C:\projects\secondAssignment\output\20190729_160252\execution-output.html
NEXIAL_JUNIT_XML:      C:\projects\secondAssignment\output\20190729_160252\junit.xml
NEXIAL_SUCCESS_RATE:   100.00%
NEXIAL_EXIT_STATUS:    0
