2019-07-29 16:13:55,192|I|Thread-1|(DELAYED) nexial-core 2.4_0567 starting up...
2019-07-29 16:13:55,196|I|Thread-1|(DELAYED) data file resolved as C:\Users\DEEPAN~1.PAT\AppData\Local\Temp\uyebn\secondAssignment.data.xlsx
2019-07-29 16:13:55,196|I|Thread-1|(DELAYED) input files and output directory resolved...
2019-07-29 16:13:55,196|I|Thread-1|(DELAYED) No predefined nexial-setup found
2019-07-29 16:13:55,196|I|Thread-1|(DELAYED) [20190729_161354] [C:\projects\secondAssignment\artifact\script\secondAssignment.xlsx] resolve RUN ID as 20190729_161354
2019-07-29 16:13:55,196|I|Thread-1|(DELAYED) [20190729_161354] [C:\projects\secondAssignment\artifact\script\secondAssignment.xlsx] new thread started
2019-07-29 16:13:55,197|I|Thread-1|No predefined nexial-setup found
2019-07-29 16:13:55,267|I|Thread-1|outputBase not set; output-to-cloud DISABLED!
2019-07-29 16:13:55,268|I|Thread-1|accessKey not set; output-to-cloud DISABLED!
2019-07-29 16:13:55,269|I|Thread-1|secretKey not set; output-to-cloud DISABLED!
2019-07-29 16:13:55,293|I|Thread-1|missing REQUIRED configuration; sms DISABLED!
2019-07-29 16:13:56,063|I|Thread-1|[20190729_161354] executing C:\projects\secondAssignment\artifact\script\secondAssignment.xlsx with 1 iteration(s)
2019-07-29 16:13:56,069|I|Thread-1|[20190729_161354] create directory C:\projects\secondAssignment\output\20190729_161354\captures
2019-07-29 16:13:56,070|I|Thread-1|[20190729_161354] create directory C:\projects\secondAssignment\output\20190729_161354\logs
2019-07-29 16:13:57,411|I|Thread-1|[20190729_161354] merging test data to tmp file C:\projects\secondAssignment\output\20190729_161354\secondAssignment.20190729_161356.001.xlsx
2019-07-29 16:13:57,413|I|Thread-1|refetching data from C:\projects\secondAssignment\artifact\data\secondAssignment.data.xlsx
2019-07-29 16:13:57,757|I|Thread-1|[20190729_161354] test script and test data merged to C:\projects\secondAssignment\output\20190729_161354\secondAssignment.20190729_161356.001.xlsx
2019-07-29 16:13:58,386|I|Thread-1|STARTS
2019-07-29 16:13:58,411|I|Thread-1|secondAssignment.20190729_161356.001 - executing iteration #1 of 1; Iteration Id 1
2019-07-29 16:13:58,419|I|Thread-1|secondAssignment.20190729_161356.001|Scenario2 - executing test scenario
2019-07-29 16:13:58,421|I|Thread-1|secondAssignment.20190729_161356.001|Scenario2|Activity 1 - executing activity
2019-07-29 16:13:59,024|I|Thread-1|secondAssignment.20190729_161356.001|Scenario2|Activity 1|#  5|web.open(url) - executing open(url)(https://www.google.com/)
2019-07-29 16:13:59,037|I|Thread-1|No valid instance of webdriver, initializing...
2019-07-29 16:13:59,044|I|Thread-1|init chrome
2019-07-29 16:14:05,024|I|Thread-1|browser initialization completed for 'chrome'
2019-07-29 16:14:05,033|I|Thread-1|setting browser polling wait time to 800 ms
2019-07-29 16:14:05,036|I|Thread-1|setting browser page load timeout to 10000 ms
2019-07-29 16:14:06,802|I|Thread-1|current browser window handle:CDwindow-02F634890710C4D7E3DF055462A124F0
2019-07-29 16:14:06,824|I|Thread-1|secondAssignment.20190729_161356.001|Scenario2|Activity 1|#  5|web.open(url) - PASS opened URL https://www.google.com/
2019-07-29 16:14:07,427|I|Thread-1|secondAssignment.20190729_161356.001|Scenario2|Activity 1|#  6|web.type(locator,value) - executing type(locator,value)(//*[@id="tsf"]/div[2]/div/div[1]/div/div[1]/input, ATMECS)
2019-07-29 16:14:07,661|I|Thread-1|secondAssignment.20190729_161356.001|Scenario2|Activity 1|#  6|web.type(locator,value) - PASS typed text at '//*[@id="tsf"]/div[2]/div/div[1]/div/div[1]/input'
2019-07-29 16:14:08,265|I|Thread-1|secondAssignment.20190729_161356.001|Scenario2|Activity 1|#  7|web.click(locator) - executing click(locator)(//*[@id="tsf"]/div[2]/div/div[3]/center/input[1])
2019-07-29 16:14:08,287|I|Thread-1|clicking '//*[@id="tsf"]/div[2]/div/div[3]/center/input[1]'...
2019-07-29 16:14:08,298|I|Thread-1|click target via JS, @id=
2019-07-29 16:14:09,713|I|Thread-1|clicked -> true
2019-07-29 16:14:09,715|I|Thread-1|secondAssignment.20190729_161356.001|Scenario2|Activity 1|#  7|web.click(locator) - PASS click via JS event
2019-07-29 16:14:10,316|I|Thread-1|secondAssignment.20190729_161356.001|Scenario2|Activity 1|#  8|web.saveTextArray(var,loc - executing saveTextArray(var,locator)(linkArray, //*[@class = "iUh30"])
2019-07-29 16:14:10,513|I|Thread-1|secondAssignment.20190729_161356.001|Scenario2|Activity 1|#  8|web.saveTextArray(var,loc - PASS stored content of '//*[@class = "iUh30"]' as ${linkArray}
2019-07-29 16:14:11,118|I|Thread-1|secondAssignment.20190729_161356.001|Scenario2|Activity 1|#  9|base.verbose(text) - executing verbose(text)($(array|length|${linkArray}))
2019-07-29 16:14:11,124|I|Thread-1|secondAssignment.20190729_161356.001|Scenario2|Activity 1|#  9|base.verbose(text) - 11
2019-07-29 16:14:11,320|I|Thread-1|secondAssignment.20190729_161356.001|Scenario2|Activity 1|#  9|base.verbose(text) - PASS 
2019-07-29 16:14:11,925|I|Thread-1|secondAssignment.20190729_161356.001|Scenario2|Activity 1|# 10|base.save(var,value) - executing save(var,value)(query, Insert into info values("ATMECS", ${linkArray});)
2019-07-29 16:14:11,930|I|Thread-1|secondAssignment.20190729_161356.001|Scenario2|Activity 1|# 10|base.save(var,value) - PASS stored 'Insert into info values("ATMECS", www.atmecs.com/,https://www.glassdoor.co.in/Reviews/ATMECS-Reviews-E1318180.htm,https://www.glassdoor.co.in/.../Working-at-ATMECS-EI_IE1318180.11,17.htm,https://in.linkedin.com/company/atmecs-inc,https://mapr.com/partners/partner/atmecs-technologies-pvt-ltd/,https://www.glassdoor.com/Overview/Working-at-ATMECS-EI_IE1318180.11,17.htm,https://www.naukri.com/atmecs-technologies-pvt-ltd-jobs-careers-1089084,https://www.indeed.co.in/cmp/Atmecs-Technologies/reviews,https://www.ambitionbox.com/reviews/atmecs-technologies-reviews);' as ${query}
2019-07-29 16:14:12,535|I|Thread-1|secondAssignment.20190729_161356.001|Scenario2|Activity 1|# 11|rdbms.runSQL(var,db,sql) - executing runSQL(var,db,sql)(queryResult, mydb, ${query})
2019-07-29 16:14:12,609|I|Thread-1|secondAssignment.20190729_161356.001|Scenario2|Activity 1|# 11|rdbms.runSQL(var,db,sql) - new connection established for 'mydb'
2019-07-29 16:14:12,916|I|Thread-1|secondAssignment.20190729_161356.001|Scenario2|Activity 1|# 11|rdbms.runSQL(var,db,sql) - executed query in 303 ms with ERROR Error occurred when executing 'Insert into info values("ATMECS", www.atmecs.com/,https://www.glassdoor.co.in/Reviews/ATMECS-Reviews-E1318180.htm,https://www.glassdoor.co.in/.../Working-at-ATMECS-EI_IE1318180.11,17.htm,https://in.linkedin.com/company/atmecs-inc,https://mapr.com/partners/partner/atmecs-technologies-pvt-ltd/,https://www.glassdoor.com/Overview/Working-at-ATMECS-EI_IE1318180.11,17.htm,https://www.naukri.com/atmecs-technologies-pvt-ltd-jobs-careers-1089084,https://www.indeed.co.in/cmp/Atmecs-Technologies/reviews,https://www.ambitionbox.com/reviews/atmecs-technologies-reviews);': [SQLITE_ERROR] SQL error or missing database (near ",": syntax error)
2019-07-29 16:14:12,923|I|Thread-1|secondAssignment.20190729_161356.001|Scenario2|Activity 1|# 11|rdbms.runSQL(var,db,sql) - PASS executed SQL 'Insert into info values("ATMECS", www.atmecs.com/,https://www.glassdoor.co.in/Reviews/ATMECS-Reviews-E1318180.htm,https://www.glassdoor.co.in/.../Working-at-ATMECS-EI_IE1318180.11,17.htm,https://in.linkedin.com/company/atmecs-inc,https://mapr.com/partners/partner/atmecs-technologies-pvt-ltd/,https://www.glassdoor.com/Overview/Working-at-ATMECS-EI_IE1318180.11,17.htm,https://www.naukri.com/atmecs-technologies-pvt-ltd-jobs-careers-1089084,https://www.indeed.co.in/cmp/Atmecs-Technologies/reviews,https://www.ambitionbox.com/reviews/atmecs-technologies-reviews);'; stored result as ${queryResult}
2019-07-29 16:14:13,532|I|Thread-1|secondAssignment.20190729_161356.001|Scenario2|Activity 1|# 12|rdbms.runSQL(var,db,sql) - executing runSQL(var,db,sql)(selectQuery, mydb, select * from info;)
2019-07-29 16:14:13,539|I|Thread-1|secondAssignment.20190729_161356.001|Scenario2|Activity 1|# 12|rdbms.runSQL(var,db,sql) - reusing established connection 'mydb'
2019-07-29 16:14:13,580|I|Thread-1|secondAssignment.20190729_161356.001|Scenario2|Activity 1|# 12|rdbms.runSQL(var,db,sql) - executed query in 31 ms with 0 row(s)
2019-07-29 16:14:13,611|I|Thread-1|secondAssignment.20190729_161356.001|Scenario2|Activity 1|# 12|rdbms.runSQL(var,db,sql) - PASS executed SQL 'select * from info;'; stored result as ${selectQuery}
2019-07-29 16:14:14,214|I|Thread-1|secondAssignment.20190729_161356.001|Scenario2|Activity 1|# 13|rdbms.resultToCSV(var,csv - executing resultToCSV(var,csvFile,delim,showHeader)(selectQuery, $(syspath|out|fullpath)/result.csv, |, true)
2019-07-29 16:14:14,312|I|Thread-1|secondAssignment.20190729_161356.001|Scenario2|Activity 1|# 13|rdbms.resultToCSV(var,csv - FAIL Unknown type found for variable 'selectQuery': org.nexial.core.plugins.db.JdbcResult
2019-07-29 16:14:14,777|I|Thread-1|[secondAssignment.20190729_161356.001|Scenario2] saving test scenario
2019-07-29 16:14:14,871|I|Thread-1|[20190729_161354] 
/-TEST COMPLETE-----------------------------------------------------------------
| Test Output:    C:\projects\secondAssignment\output\20190729_161354\secondAssignment.20190729_161356.001.xlsx
| Iteration:      1
\-------------------------------------------------------------------------------
» Execution Time: 16456 ms
» Test Steps:     9
» Error(s):       1



2019-07-29 16:14:15,730|I|Thread-1|[20190729_161354] 
/-TEST COMPLETE-----------------------------------------------------------------
| Test Script:    C:\projects\secondAssignment\artifact\script\secondAssignment.xlsx
\-------------------------------------------------------------------------------
» Execution Time: 20726 ms
» Iterations:     [1] total 1
» Test Steps:     9
» Passed:         8
» Error(s):       1
» Iteration 1 of 1: C:\projects\secondAssignment\output\20190729_161354\secondAssignment.20190729_161356.001.xlsx



2019-07-29 16:14:15,966|I|main|[20190729_161354] [C:\projects\secondAssignment\artifact\script\secondAssignment.xlsx] now completed
2019-07-29 16:14:15,967|I|main|[20190729_161354] all execution thread(s) have terminated
2019-07-29 16:14:15,967|I|main|[20190729_161354] test run completed in about 21 seconds
2019-07-29 16:14:16,053|I|main|No predefined nexial-setup found
2019-07-29 16:14:16,089|I|main|outputBase not set; output-to-cloud DISABLED!
2019-07-29 16:14:16,089|I|main|accessKey not set; output-to-cloud DISABLED!
2019-07-29 16:14:16,090|I|main|secretKey not set; output-to-cloud DISABLED!
2019-07-29 16:14:16,091|I|main|generating HTML output for this execution to C:\projects\secondAssignment\output\20190729_161354\execution-output.html
2019-07-29 16:14:16,808|I|main|generating JUnit XML output for this execution to C:\projects\secondAssignment\output\20190729_161354\junit.xml
2019-07-29 16:14:16,855|I|main|generated JUnit report for this execution: C:\projects\secondAssignment\output\20190729_161354\junit.xml
2019-07-29 16:14:16,856|I|main|nexial mailer not enabled: nexial.enableEmail=false
2019-07-29 16:14:16,857|I|main|skipped email notification as configured
2019-07-29 16:14:16,857|I|main|exiting Nexial...
2019-07-29 16:14:16,858|I|main|shutdown starts...
2019-07-29 16:14:16,860|I|main|Shutting down 'chrome' webdriver...
2019-07-29 16:14:26,603|I|main|shutdown ends...
2019-07-29 16:14:26,609|I|main|

/-END OF EXECUTION--------------------------------------------------------------
| » Execution Time: 21 sec.
| » Test Steps....: 9
| » Passed........: 8
| » Failed........: 1
| » Success Rate..: 88.89%
\----------------------------------------------------------nexial-core 2.4_0567-

2019-07-29 16:14:26,614|E|main|failure found; success rate is 88.89%
2019-07-29 16:14:26,617|I|main|End of Execution:
NEXIAL_OUTPUT:         C:\projects\secondAssignment\output\20190729_161354
NEXIAL_EXECUTION_HTML: C:\projects\secondAssignment\output\20190729_161354\execution-output.html
NEXIAL_JUNIT_XML:      C:\projects\secondAssignment\output\20190729_161354\junit.xml
NEXIAL_SUCCESS_RATE:   88.89%
NEXIAL_EXIT_STATUS:    -13
