2019-07-22 18:46:09,612|I|Thread-1|(DELAYED) nexial-core dev_0581 starting up...
2019-07-22 18:46:09,612|I|Thread-1|(DELAYED) data file resolved as C:\Users\DEEPAN~1\AppData\Local\Temp\yoUPs\firstEvaluation.data.xlsx
2019-07-22 18:46:09,612|I|Thread-1|(DELAYED) input files and output directory resolved...
2019-07-22 18:46:09,612|I|Thread-1|(DELAYED) No predefined nexial-setup found
2019-07-22 18:46:09,612|I|Thread-1|(DELAYED) [20190722_184609] [C:\projects\firstEvaluation\artifact\script\firstEvaluation.xlsx] resolve RUN ID as 20190722_184609
2019-07-22 18:46:09,612|I|Thread-1|(DELAYED) [20190722_184609] [C:\projects\firstEvaluation\artifact\script\firstEvaluation.xlsx] new thread started
2019-07-22 18:46:09,612|I|Thread-1|No predefined nexial-setup found
2019-07-22 18:46:09,662|I|Thread-1|outputBase not set; output-to-cloud DISABLED!
2019-07-22 18:46:09,667|I|Thread-1|accessKey not set; output-to-cloud DISABLED!
2019-07-22 18:46:09,667|I|Thread-1|secretKey not set; output-to-cloud DISABLED!
2019-07-22 18:46:09,677|I|Thread-1|missing REQUIRED configuration; sms DISABLED!
2019-07-22 18:46:10,362|I|Thread-1|[20190722_184609] executing C:\projects\firstEvaluation\artifact\script\firstEvaluation.xlsx with 1 iteration(s)
2019-07-22 18:46:10,367|I|Thread-1|[20190722_184609] create directory C:\projects\firstEvaluation\output\20190722_184609\captures
2019-07-22 18:46:10,367|I|Thread-1|[20190722_184609] create directory C:\projects\firstEvaluation\output\20190722_184609\logs
2019-07-22 18:46:10,727|I|Thread-1|[20190722_184609] merging test data to tmp file C:\projects\firstEvaluation\output\20190722_184609\firstEvaluation.20190722_184610.001.xlsx
2019-07-22 18:46:10,727|I|Thread-1|refetching data from C:\projects\firstEvaluation\artifact\data\firstEvaluation.data.xlsx
2019-07-22 18:46:10,882|I|Thread-1|[20190722_184609] test script and test data merged to C:\projects\firstEvaluation\output\20190722_184609\firstEvaluation.20190722_184610.001.xlsx
2019-07-22 18:46:11,435|I|Thread-1|STARTS
2019-07-22 18:46:11,465|I|Thread-1|firstEvaluation.20190722_184610.001 - executing iteration #1 of 1; Iteration Id 1
2019-07-22 18:46:11,475|I|Thread-1|firstEvaluation.20190722_184610.001|JsonScenario - executing test scenario
2019-07-22 18:46:11,475|I|Thread-1|firstEvaluation.20190722_184610.001|JsonScenario|Activity 1 - executing activity
2019-07-22 18:46:12,077|I|Thread-1|firstEvaluation.20190722_184610.001|JsonScenario|Activity 1|#  5|json.storeValues(json,jso - executing storeValues(json,jsonpath,var)($(syspath|data|fullpath)/example_2.json, products[supplier=Wisozk Inc].product_name, productNames)
2019-07-22 18:46:12,152|I|Thread-1|firstEvaluation.20190722_184610.001|JsonScenario|Activity 1|#  5|json.storeValues(json,jso - PASS EXPECTED match against 'products[supplier=Wisozk Inc].product_name' stored to ${productNames}
2019-07-22 18:46:12,757|I|Thread-1|firstEvaluation.20190722_184610.001|JsonScenario|Activity 1|#  6|base.verbose(text) - executing verbose(text)(${productNames})
2019-07-22 18:46:12,757|I|Thread-1|firstEvaluation.20190722_184610.001|JsonScenario|Activity 1|#  6|base.verbose(text) - ["sildenafil citrate","Mountain Juniperus ashei"]
2019-07-22 18:46:12,892|I|Thread-1|firstEvaluation.20190722_184610.001|JsonScenario|Activity 1|#  6|base.verbose(text) - PASS 
2019-07-22 18:46:12,892|I|Thread-1|firstEvaluation.20190722_184610.001|JsonScenario|Activity 2 - executing activity
2019-07-22 18:46:13,494|I|Thread-1|firstEvaluation.20190722_184610.001|JsonScenario|Activity 2|#  7|json.storeValues(json,jso - executing storeValues(json,jsonpath,var)($(syspath|data|fullpath)/example_2.json, products[supplier=Wisozk Inc].quantity, quantityList)
2019-07-22 18:46:13,494|I|Thread-1|firstEvaluation.20190722_184610.001|JsonScenario|Activity 2|#  7|json.storeValues(json,jso - PASS EXPECTED match against 'products[supplier=Wisozk Inc].quantity' stored to ${quantityList}
2019-07-22 18:46:14,098|I|Thread-1|firstEvaluation.20190722_184610.001|JsonScenario|Activity 2|#  8|json.storeValues(json,jso - executing storeValues(json,jsonpath,var)($(syspath|data|fullpath)/example_2.json, products[supplier=Wisozk Inc].unit_cost, costList)
2019-07-22 18:46:14,098|I|Thread-1|firstEvaluation.20190722_184610.001|JsonScenario|Activity 2|#  8|json.storeValues(json,jso - PASS EXPECTED match against 'products[supplier=Wisozk Inc].unit_cost' stored to ${costList}
2019-07-22 18:46:14,703|I|Thread-1|firstEvaluation.20190722_184610.001|JsonScenario|Activity 2|#  9|base.save(var,value) - executing save(var,value)(unit_costList, [LIST${costList} => replaceRegex([$],)])
2019-07-22 18:46:14,703|I|Thread-1|firstEvaluation.20190722_184610.001|JsonScenario|Activity 2|#  9|base.save(var,value) - PASS stored '[LIST["$10.47","$8.74"] => replaceRegex([$],)]' as ${unit_costList}
2019-07-22 18:46:15,306|I|Thread-1|firstEvaluation.20190722_184610.001|JsonScenario|Activity 2|# 10|base.verbose(text) - executing verbose(text)(${unit_costList})
2019-07-22 18:46:15,306|I|Thread-1|firstEvaluation.20190722_184610.001|JsonScenario|Activity 2|# 10|base.verbose(text) - [LIST["$10.47","$8.74"] => replaceRegex([$],)]
2019-07-22 18:46:15,306|I|Thread-1|firstEvaluation.20190722_184610.001|JsonScenario|Activity 2|# 10|base.verbose(text) - PASS 
2019-07-22 18:46:15,909|I|Thread-1|firstEvaluation.20190722_184610.001|JsonScenario|Activity 2|# 11|base.save(var,value) - executing save(var,value)(sumTotal, 0)
2019-07-22 18:46:15,909|I|Thread-1|firstEvaluation.20190722_184610.001|JsonScenario|Activity 2|# 11|base.save(var,value) - PASS stored '0' as ${sumTotal}
2019-07-22 18:46:16,511|I|Thread-1|firstEvaluation.20190722_184610.001|JsonScenario|Activity 2|# 12|base.save(var,value) - executing save(var,value)(counter, 0)
2019-07-22 18:46:16,511|I|Thread-1|firstEvaluation.20190722_184610.001|JsonScenario|Activity 2|# 12|base.save(var,value) - PASS stored '0' as ${counter}
2019-07-22 18:46:17,116|I|Thread-1|firstEvaluation.20190722_184610.001|JsonScenario|Activity 2|# 13|base.save(var,value) - executing save(var,value)(length, $(array|length|${quantityList}))
2019-07-22 18:46:17,116|I|Thread-1|firstEvaluation.20190722_184610.001|JsonScenario|Activity 2|# 13|base.save(var,value) - PASS stored '2' as ${length}
2019-07-22 18:46:17,719|I|Thread-1|firstEvaluation.20190722_184610.001|JsonScenario|Activity 2|# 14|base.save(var,value) - executing save(var,value)(mulValue, 0)
2019-07-22 18:46:17,719|I|Thread-1|firstEvaluation.20190722_184610.001|JsonScenario|Activity 2|# 14|base.save(var,value) - PASS stored '0' as ${mulValue}
2019-07-22 18:46:18,322|I|Thread-1|firstEvaluation.20190722_184610.001|JsonScenario|Activity 2|# 15|base.verbose(text) - executing verbose(text)(${unit_costList})
2019-07-22 18:46:18,323|I|Thread-1|firstEvaluation.20190722_184610.001|JsonScenario|Activity 2|# 15|base.verbose(text) - [LIST["$10.47","$8.74"] => replaceRegex([$],)]
2019-07-22 18:46:18,323|I|Thread-1|firstEvaluation.20190722_184610.001|JsonScenario|Activity 2|# 15|base.verbose(text) - PASS 
2019-07-22 18:46:18,924|I|Thread-1|firstEvaluation.20190722_184610.001|JsonScenario|Activity 2|# 16|base.repeatUntil(steps,ma - executing repeatUntil(steps,maxWaitMs)(6, -1)
2019-07-22 18:46:18,924|I|Thread-1|firstEvaluation.20190722_184610.001|JsonScenario|Activity 2|# 17|base.assertEqual(expected - 
<[repeat-until] entering loop #1 --------------------------------------------->
2019-07-22 18:46:18,924|I|Thread-1|firstEvaluation.20190722_184610.001|JsonScenario|Activity 2|# 17|base.assertEqual(expected - executing assertEqual(expected,actual)(${length}, ${counter})
2019-07-22 18:46:18,924|I|Thread-1|firstEvaluation.20190722_184610.001|JsonScenario|Activity 2|# 18|base.save(var,value) - executing save(var,value)(unit_cost, $(array|item|${unit_costList}|${counter}))
2019-07-22 18:46:18,928|I|Thread-1|firstEvaluation.20190722_184610.001|JsonScenario|Activity 2|# 18|base.save(var,value) - [repeat-until] PASS stored '"$10.47"' as ${unit_cost}
2019-07-22 18:46:18,928|I|Thread-1|firstEvaluation.20190722_184610.001|JsonScenario|Activity 2|# 19|base.save(var,value) - executing save(var,value)(quantity, $(array|item|${quantityList}|${counter}))
2019-07-22 18:46:18,928|I|Thread-1|firstEvaluation.20190722_184610.001|JsonScenario|Activity 2|# 19|base.save(var,value) - [repeat-until] PASS stored '261' as ${quantity}
2019-07-22 18:46:18,928|I|Thread-1|firstEvaluation.20190722_184610.001|JsonScenario|Activity 2|# 20|base.save(var,value) - executing save(var,value)(mulValue, [NUMBER(${unit_cost}) => multiply(${quantity})])
2019-07-22 18:46:18,943|I|Thread-1|firstEvaluation.20190722_184610.001|JsonScenario|Activity 2|# 20|base.save(var,value) - [repeat-until] PASS stored '2732.67' as ${mulValue}
2019-07-22 18:46:18,943|I|Thread-1|firstEvaluation.20190722_184610.001|JsonScenario|Activity 2|# 21|base.save(var,value) - executing save(var,value)(sumTotal, [NUMBER(${sumTotal}) => add(${mulValue})])
2019-07-22 18:46:18,943|I|Thread-1|firstEvaluation.20190722_184610.001|JsonScenario|Activity 2|# 21|base.save(var,value) - [repeat-until] PASS stored '2732.67' as ${sumTotal}
2019-07-22 18:46:18,943|I|Thread-1|firstEvaluation.20190722_184610.001|JsonScenario|Activity 2|# 22|number.increment(var,amou - executing increment(var,amount)(counter, 1)
2019-07-22 18:46:18,948|I|Thread-1|firstEvaluation.20190722_184610.001|JsonScenario|Activity 2|# 22|number.increment(var,amou - [repeat-until] PASS incremented ${counter} by 1 to 1
2019-07-22 18:46:18,948|I|Thread-1|firstEvaluation.20190722_184610.001|JsonScenario|Activity 2|# 17|base.assertEqual(expected - 
<[repeat-until] entering loop #2 --------------------------------------------->
2019-07-22 18:46:18,948|I|Thread-1|firstEvaluation.20190722_184610.001|JsonScenario|Activity 2|# 17|base.assertEqual(expected - executing assertEqual(expected,actual)(${length}, ${counter})
2019-07-22 18:46:18,953|I|Thread-1|firstEvaluation.20190722_184610.001|JsonScenario|Activity 2|# 18|base.save(var,value) - executing save(var,value)(unit_cost, $(array|item|${unit_costList}|${counter}))
2019-07-22 18:46:18,958|I|Thread-1|firstEvaluation.20190722_184610.001|JsonScenario|Activity 2|# 18|base.save(var,value) - [repeat-until] PASS stored '"$8.74"' as ${unit_cost}
2019-07-22 18:46:18,958|I|Thread-1|firstEvaluation.20190722_184610.001|JsonScenario|Activity 2|# 19|base.save(var,value) - executing save(var,value)(quantity, $(array|item|${quantityList}|${counter}))
2019-07-22 18:46:18,958|I|Thread-1|firstEvaluation.20190722_184610.001|JsonScenario|Activity 2|# 19|base.save(var,value) - [repeat-until] PASS stored '292' as ${quantity}
2019-07-22 18:46:18,958|I|Thread-1|firstEvaluation.20190722_184610.001|JsonScenario|Activity 2|# 20|base.save(var,value) - executing save(var,value)(mulValue, [NUMBER(${unit_cost}) => multiply(${quantity})])
2019-07-22 18:46:18,958|I|Thread-1|firstEvaluation.20190722_184610.001|JsonScenario|Activity 2|# 20|base.save(var,value) - [repeat-until] PASS stored '2552.08' as ${mulValue}
2019-07-22 18:46:18,958|I|Thread-1|firstEvaluation.20190722_184610.001|JsonScenario|Activity 2|# 21|base.save(var,value) - executing save(var,value)(sumTotal, [NUMBER(${sumTotal}) => add(${mulValue})])
2019-07-22 18:46:18,963|I|Thread-1|firstEvaluation.20190722_184610.001|JsonScenario|Activity 2|# 21|base.save(var,value) - [repeat-until] PASS stored '5284.75' as ${sumTotal}
2019-07-22 18:46:18,963|I|Thread-1|firstEvaluation.20190722_184610.001|JsonScenario|Activity 2|# 22|number.increment(var,amou - executing increment(var,amount)(counter, 1)
2019-07-22 18:46:18,963|I|Thread-1|firstEvaluation.20190722_184610.001|JsonScenario|Activity 2|# 22|number.increment(var,amou - [repeat-until] PASS incremented ${counter} by 1 to 2
2019-07-22 18:46:18,963|I|Thread-1|firstEvaluation.20190722_184610.001|JsonScenario|Activity 2|# 17|base.assertEqual(expected - 
<[repeat-until] entering loop #3 --------------------------------------------->
2019-07-22 18:46:18,963|I|Thread-1|firstEvaluation.20190722_184610.001|JsonScenario|Activity 2|# 17|base.assertEqual(expected - executing assertEqual(expected,actual)(${length}, ${counter})
2019-07-22 18:46:18,973|I|Thread-1|firstEvaluation.20190722_184610.001|JsonScenario|Activity 2|# 16|base.repeatUntil(steps,ma - PASS repeat-until execution completed
2019-07-22 18:46:19,574|I|Thread-1|firstEvaluation.20190722_184610.001|JsonScenario|Activity 2|# 23|base.verbose(text) - executing verbose(text)(${sumTotal})
2019-07-22 18:46:19,574|I|Thread-1|firstEvaluation.20190722_184610.001|JsonScenario|Activity 2|# 23|base.verbose(text) - 5284.75
2019-07-22 18:46:19,574|I|Thread-1|firstEvaluation.20190722_184610.001|JsonScenario|Activity 2|# 23|base.verbose(text) - PASS 
2019-07-22 18:46:19,574|I|Thread-1|firstEvaluation.20190722_184610.001|JsonScenario|Activity 3 - executing activity
2019-07-22 18:46:20,181|I|Thread-1|firstEvaluation.20190722_184610.001|JsonScenario|Activity 3|# 24|io.readFile(var,file) - executing readFile(var,file)(jsonFile, $(syspath|data|fullpath)/example_2.json)
2019-07-22 18:46:20,181|I|Thread-1|firstEvaluation.20190722_184610.001|JsonScenario|Activity 3|# 24|io.readFile(var,file) - PASS Content read from 'C:\projects\firstEvaluation\artifact\data\example_2.json' to ${jsonFile}
2019-07-22 18:46:20,790|I|Thread-1|firstEvaluation.20190722_184610.001|JsonScenario|Activity 3|# 25|base.save(var,value) - executing save(var,value)(var, [JSON(${jsonFile} => extract(products[unit_cost => ascending])])
2019-07-22 18:46:20,845|I|Thread-1|firstEvaluation.20190722_184610.001|JsonScenario|Activity 3|# 25|base.save(var,value) - PASS stored '[JSON({
	"products": 
		[{
  			"_id": {
 			   "orderid": "5968dd23fc13ae04d9000001"
  				},
  			"product_name": "sildenafil citrate",
  			"supplier": "Wisozk Inc",
  			"quantity": 261,
  			"unit_cost": "$10.47"
		}, 
		{
 			"_id": {
    			  "orderid": "5968dd23fc13ae04d9000002"
  				},
 			  "product_name": "Mountain Juniperus ashei",
  			  "supplier": "Wisozk Inc",
			  "quantity": 292,
			  "unit_cost": "$8.74"
		},
		{
			 "_id": {
			    "orderid": "5968dd23fc13ae04d9000003"
				},
			    "product_name": "Dextromathorphan HBr",
			    "supplier": "Schmitt-Weissnat",
  		            "quantity": 211,
  			    "unit_cost": "$20.53"
		},
		{
			 "_id": {
			    "orderid": "5968dd23fc13ae04d9000004"
 				 },
  			    "product_name": "Dextromathorphan HBr",
			    "supplier": "SC-Pharmacy",
			    "quantity": 211,
			    "unit_cost": "$20.53"
		}]
} => extract(products[unit_cost => ascending])]' as ${var}
2019-07-22 18:46:21,451|I|Thread-1|firstEvaluation.20190722_184610.001|JsonScenario|Activity 3|# 26|json.storeValues(json,jso - executing storeValues(json,jsonpath,var)(${var}, products.product_name, result)
2019-07-22 18:46:21,451|E|Thread-1|Error converting string to JSON object: Expected a ',' or ']' at 7 [character 8 line 1]
org.json.JSONException: Expected a ',' or ']' at 7 [character 8 line 1]
	at org.json.JSONTokener.syntaxError(JSONTokener.java:505)
	at org.json.JSONArray.<init>(JSONArray.java:130)
	at org.json.JSONArray.<init>(JSONArray.java:147)
	at org.nexial.core.utils.JsonUtils.toJSONArray(JsonUtils.java:85)
	at org.nexial.core.plugins.json.JsonCommand.resolveToJSONObject(JsonCommand.java:318)
	at org.nexial.core.plugins.json.JsonCommand.toJSONObject(JsonCommand.java:441)
	at org.nexial.core.plugins.json.JsonCommand.sanityCheck(JsonCommand.java:445)
	at org.nexial.core.plugins.json.JsonCommand.find(JsonCommand.java:449)
	at org.nexial.core.plugins.json.JsonCommand.extractJsonValue(JsonCommand.java:384)
	at org.nexial.core.plugins.json.JsonCommand.storeValues(JsonCommand.java:123)
	at sun.reflect.NativeMethodAccessorImpl.invoke0(Native Method)
	at sun.reflect.NativeMethodAccessorImpl.invoke(Unknown Source)
	at sun.reflect.DelegatingMethodAccessorImpl.invoke(Unknown Source)
	at java.lang.reflect.Method.invoke(Unknown Source)
	at org.nexial.core.plugins.base.BaseCommand.execute(BaseCommand.java:156)
	at org.nexial.core.model.TestStep.invokeCommand(TestStep.java:327)
	at org.nexial.core.model.TestStep.execute(TestStep.java:169)
	at org.nexial.core.model.TestCase.execute(TestCase.java:94)
	at org.nexial.core.model.TestScenario.execute(TestScenario.java:130)
	at org.nexial.core.model.ExecutionContext.execute(ExecutionContext.java:1184)
	at org.nexial.core.ExecutionThread.run(ExecutionThread.java:174)
2019-07-22 18:46:21,456|E|Thread-1|JSON string in error is as follows:
[JSON({
	"products": 
		[{
  			"_id": {
 			   "orderid": "5968dd23fc13ae04d9000001"
  				},
  			"product_name": "sildenafil citrate",
  			"supplier": "Wisozk Inc",
  			"quantity": 261,
  			"unit_cost": "$10.47"
		}, 
		{
 			"_id": {
    			  "orderid": "5968dd23fc13ae04d9000002"
  				},
 			  "product_name": "Mountain Juniperus ashei",
  			  "supplier": "Wisozk Inc",
			  "quantity": 292,
			  "unit_cost": "$8.74"
		},
		{
			 "_id": {
			    "orderid": "5968dd23fc13ae04d9000003"
				},
			    "product_name": "Dextromathorphan HBr",
			    "supplier": "Schmitt-Weissnat",
  		            "quantity": 211,
  			    "unit_cost": "$20.53"
		},
		{
			 "_id": {
			    "orderid": "5968dd23fc13ae04d9000004"
 				 },
  			    "product_name": "Dextromathorphan HBr",
			    "supplier": "SC-Pharmacy",
			    "quantity": 211,
			    "unit_cost": "$20.53"
		}]
} => extract(products[unit_cost => ascending])]
2019-07-22 18:46:21,496|E|Thread-1|firstEvaluation.20190722_184610.001|JsonScenario|Activity 3|# 26|json.storeValues(json,jso - FAIL invalid/malformed json: {[JSON({
	"products": 
		[{
  			"_id": {
 			   "orderid": "5968dd23fc13ae04d9000001"
  				},
  			"product_name": "sildenafil citrate",
  			"supplier": "Wisozk Inc",
  			"quantity": 261,
  			"unit_cost": "$10.47"
		}, 
		{
 			"_id": {
    			  "orderid": "5968dd23fc13ae04d9000002"
  				},
 			  "product_name": "Mountain Juniperus ashei",
  			  "supplier": "Wisozk Inc",
			  "quantity": 292,
			  "unit_cost": "$8.74"
		},
		{
			 "_id": {
			    "orderid": "5968dd23fc13ae04d9000003"
				},
			    "product_name": "Dextromathorphan HBr",
			    "supplier": "Schmitt-Weissnat",
  		            "quantity": 211,
  			    "unit_cost": "$20.53"
		},
		{
			 "_id": {
			    "orderid": "5968dd23fc13ae04d9000004"
 				 },
  			    "product_name": "Dextromathorphan HBr",
			    "supplier": "SC-Pharmacy",
			    "quantity": 211,
			    "unit_cost": "$20.53"
		}]
} => extract(products[unit_cost => ascending])]}
2019-07-22 18:46:22,097|I|Thread-1|firstEvaluation.20190722_184610.001|JsonScenario|Activity 3|# 27|base.verbose(text) - executing verbose(text)(${result})
2019-07-22 18:46:22,097|I|Thread-1|firstEvaluation.20190722_184610.001|JsonScenario|Activity 3|# 27|base.verbose(text) - 
2019-07-22 18:46:22,097|I|Thread-1|firstEvaluation.20190722_184610.001|JsonScenario|Activity 3|# 27|base.verbose(text) - PASS 
2019-07-22 18:46:22,097|I|Thread-1|firstEvaluation.20190722_184610.001|JsonScenario|Activity 4 - executing activity
2019-07-22 18:46:22,700|I|Thread-1|firstEvaluation.20190722_184610.001|JsonScenario|Activity 4|# 28|json.storeValues(json,jso - executing storeValues(json,jsonpath,var)($(syspath|data|fullpath)/example_2.json, products[product_name=Dextromathorphan HBr].supplier, supplierList)
2019-07-22 18:46:22,700|I|Thread-1|firstEvaluation.20190722_184610.001|JsonScenario|Activity 4|# 28|json.storeValues(json,jso - PASS EXPECTED match against 'products[product_name=Dextromathorphan HBr].supplier' stored to ${supplierList}
2019-07-22 18:46:23,303|I|Thread-1|firstEvaluation.20190722_184610.001|JsonScenario|Activity 4|# 29|base.verbose(text) - executing verbose(text)(${supplierList})
2019-07-22 18:46:23,303|I|Thread-1|firstEvaluation.20190722_184610.001|JsonScenario|Activity 4|# 29|base.verbose(text) - ["Schmitt-Weissnat","SC-Pharmacy"]
2019-07-22 18:46:23,303|I|Thread-1|firstEvaluation.20190722_184610.001|JsonScenario|Activity 4|# 29|base.verbose(text) - PASS 
2019-07-22 18:46:23,303|I|Thread-1|firstEvaluation.20190722_184610.001|JsonScenario|Activity 5 - executing activity
2019-07-22 18:46:23,908|I|Thread-1|firstEvaluation.20190722_184610.001|JsonScenario|Activity 5|# 30|json.storeValues(json,jso - executing storeValues(json,jsonpath,var)($(syspath|data|fullpath)/example_2.json, products.product_name, productList)
2019-07-22 18:46:23,937|I|Thread-1|firstEvaluation.20190722_184610.001|JsonScenario|Activity 5|# 30|json.storeValues(json,jso - PASS EXPECTED match against 'products.product_name' stored to ${productList}
2019-07-22 18:46:24,541|I|Thread-1|firstEvaluation.20190722_184610.001|JsonScenario|Activity 5|# 31|json.storeValues(json,jso - executing storeValues(json,jsonpath,var)($(syspath|data|fullpath)/example_2.json, products.unit_cost, costList)
2019-07-22 18:46:24,541|I|Thread-1|firstEvaluation.20190722_184610.001|JsonScenario|Activity 5|# 31|json.storeValues(json,jso - PASS EXPECTED match against 'products.unit_cost' stored to ${costList}
2019-07-22 18:46:25,143|I|Thread-1|firstEvaluation.20190722_184610.001|JsonScenario|Activity 5|# 32|base.save(var,value) - executing save(var,value)(unit_costList, [LIST${costList} => replaceRegex([$],)])
2019-07-22 18:46:25,143|I|Thread-1|firstEvaluation.20190722_184610.001|JsonScenario|Activity 5|# 32|base.save(var,value) - PASS stored '[LIST["$10.47","$8.74","$20.53","$20.53"] => replaceRegex([$],)]' as ${unit_costList}
2019-07-22 18:46:25,745|I|Thread-1|firstEvaluation.20190722_184610.001|JsonScenario|Activity 5|# 33|base.save(var,value) - executing save(var,value)(counter, 0)
2019-07-22 18:46:25,745|I|Thread-1|firstEvaluation.20190722_184610.001|JsonScenario|Activity 5|# 33|base.save(var,value) - PASS stored '0' as ${counter}
2019-07-22 18:46:26,347|I|Thread-1|firstEvaluation.20190722_184610.001|JsonScenario|Activity 5|# 34|base.save(var,value) - executing save(var,value)(finalList, abcd)
2019-07-22 18:46:26,347|I|Thread-1|firstEvaluation.20190722_184610.001|JsonScenario|Activity 5|# 34|base.save(var,value) - PASS stored 'abcd' as ${finalList}
2019-07-22 18:46:26,951|I|Thread-1|firstEvaluation.20190722_184610.001|JsonScenario|Activity 5|# 35|base.repeatUntil(steps,ma - executing repeatUntil(steps,maxWaitMs)(6, -1)
2019-07-22 18:46:26,951|I|Thread-1|firstEvaluation.20190722_184610.001|JsonScenario|Activity 5|# 36|base.assertEqual(expected - 
<[repeat-until] entering loop #1 --------------------------------------------->
2019-07-22 18:46:26,951|I|Thread-1|firstEvaluation.20190722_184610.001|JsonScenario|Activity 5|# 36|base.assertEqual(expected - executing assertEqual(expected,actual)($(array|length|${unit_costList}), ${counter})
2019-07-22 18:46:26,951|I|Thread-1|firstEvaluation.20190722_184610.001|JsonScenario|Activity 5|# 37|base.save(var,value) - executing save(var,value)(value, $(array|item|${unit_costList}|${counter}))
2019-07-22 18:46:26,955|I|Thread-1|firstEvaluation.20190722_184610.001|JsonScenario|Activity 5|# 37|base.save(var,value) - [repeat-until] PASS stored '"$10.47"' as ${value}
2019-07-22 18:46:26,955|I|Thread-1|firstEvaluation.20190722_184610.001|JsonScenario|Activity 5|# 38|base.save(var,value) - executing save(var,value)(cost, [TEXT(${value}) => remove($) remove(") ])
2019-07-22 18:46:26,955|I|Thread-1|firstEvaluation.20190722_184610.001|JsonScenario|Activity 5|# 38|base.save(var,value) - [repeat-until] PASS stored '10.47' as ${cost}
2019-07-22 18:46:26,960|I|Thread-1|firstEvaluation.20190722_184610.001|JsonScenario|Activity 5|# 39|base.verbose(text) - executing verbose(text)(${cost})
2019-07-22 18:46:26,960|I|Thread-1|firstEvaluation.20190722_184610.001|JsonScenario|Activity 5|# 39|base.verbose(text) - 10.47
2019-07-22 18:46:26,960|I|Thread-1|firstEvaluation.20190722_184610.001|JsonScenario|Activity 5|# 39|base.verbose(text) - [repeat-until] PASS 10.47
2019-07-22 18:46:26,960|I|Thread-1|firstEvaluation.20190722_184610.001|JsonScenario|Activity 5|# 40|base.verbose(text) - executing verbose(text)([LIST(finalList) => append($(array|item|${productList}|${counter}))])
2019-07-22 18:46:26,965|I|Thread-1|evaluating flow control:	SkipIf(10.47>20)		=> NOT MATCHED
2019-07-22 18:46:26,970|I|Thread-1|firstEvaluation.20190722_184610.001|JsonScenario|Activity 5|# 40|base.verbose(text) - finalList,"sildenafil citrate"
2019-07-22 18:46:26,970|I|Thread-1|firstEvaluation.20190722_184610.001|JsonScenario|Activity 5|# 40|base.verbose(text) - [repeat-until] PASS finalList,"sildenafil citrate"
2019-07-22 18:46:26,970|I|Thread-1|firstEvaluation.20190722_184610.001|JsonScenario|Activity 5|# 41|number.increment(var,amou - executing increment(var,amount)(counter, 1)
2019-07-22 18:46:26,970|I|Thread-1|firstEvaluation.20190722_184610.001|JsonScenario|Activity 5|# 41|number.increment(var,amou - [repeat-until] PASS incremented ${counter} by 1 to 1
2019-07-22 18:46:26,970|I|Thread-1|firstEvaluation.20190722_184610.001|JsonScenario|Activity 5|# 36|base.assertEqual(expected - 
<[repeat-until] entering loop #2 --------------------------------------------->
2019-07-22 18:46:26,970|I|Thread-1|firstEvaluation.20190722_184610.001|JsonScenario|Activity 5|# 36|base.assertEqual(expected - executing assertEqual(expected,actual)($(array|length|${unit_costList}), ${counter})
2019-07-22 18:46:26,970|I|Thread-1|firstEvaluation.20190722_184610.001|JsonScenario|Activity 5|# 37|base.save(var,value) - executing save(var,value)(value, $(array|item|${unit_costList}|${counter}))
2019-07-22 18:46:26,975|I|Thread-1|firstEvaluation.20190722_184610.001|JsonScenario|Activity 5|# 37|base.save(var,value) - [repeat-until] PASS stored '"$8.74"' as ${value}
2019-07-22 18:46:26,975|I|Thread-1|firstEvaluation.20190722_184610.001|JsonScenario|Activity 5|# 38|base.save(var,value) - executing save(var,value)(cost, [TEXT(${value}) => remove($) remove(") ])
2019-07-22 18:46:26,975|I|Thread-1|firstEvaluation.20190722_184610.001|JsonScenario|Activity 5|# 38|base.save(var,value) - [repeat-until] PASS stored '8.74' as ${cost}
2019-07-22 18:46:26,980|I|Thread-1|firstEvaluation.20190722_184610.001|JsonScenario|Activity 5|# 39|base.verbose(text) - executing verbose(text)(${cost})
2019-07-22 18:46:26,980|I|Thread-1|firstEvaluation.20190722_184610.001|JsonScenario|Activity 5|# 39|base.verbose(text) - 8.74
2019-07-22 18:46:26,980|I|Thread-1|firstEvaluation.20190722_184610.001|JsonScenario|Activity 5|# 39|base.verbose(text) - [repeat-until] PASS 8.74
2019-07-22 18:46:26,980|I|Thread-1|firstEvaluation.20190722_184610.001|JsonScenario|Activity 5|# 40|base.verbose(text) - executing verbose(text)([LIST(finalList) => append($(array|item|${productList}|${counter}))])
2019-07-22 18:46:26,985|I|Thread-1|evaluating flow control:	SkipIf(8.74>20)		=> NOT MATCHED
2019-07-22 18:46:26,985|I|Thread-1|firstEvaluation.20190722_184610.001|JsonScenario|Activity 5|# 40|base.verbose(text) - finalList,"Mountain Juniperus ashei"
2019-07-22 18:46:26,985|I|Thread-1|firstEvaluation.20190722_184610.001|JsonScenario|Activity 5|# 40|base.verbose(text) - [repeat-until] PASS finalList,"Mountain Juniperus ashei"
2019-07-22 18:46:26,985|I|Thread-1|firstEvaluation.20190722_184610.001|JsonScenario|Activity 5|# 41|number.increment(var,amou - executing increment(var,amount)(counter, 1)
2019-07-22 18:46:26,985|I|Thread-1|firstEvaluation.20190722_184610.001|JsonScenario|Activity 5|# 41|number.increment(var,amou - [repeat-until] PASS incremented ${counter} by 1 to 2
2019-07-22 18:46:26,985|I|Thread-1|firstEvaluation.20190722_184610.001|JsonScenario|Activity 5|# 36|base.assertEqual(expected - 
<[repeat-until] entering loop #3 --------------------------------------------->
2019-07-22 18:46:26,985|I|Thread-1|firstEvaluation.20190722_184610.001|JsonScenario|Activity 5|# 36|base.assertEqual(expected - executing assertEqual(expected,actual)($(array|length|${unit_costList}), ${counter})
2019-07-22 18:46:26,985|I|Thread-1|firstEvaluation.20190722_184610.001|JsonScenario|Activity 5|# 37|base.save(var,value) - executing save(var,value)(value, $(array|item|${unit_costList}|${counter}))
2019-07-22 18:46:26,985|I|Thread-1|firstEvaluation.20190722_184610.001|JsonScenario|Activity 5|# 37|base.save(var,value) - [repeat-until] PASS stored '"$20.53"' as ${value}
2019-07-22 18:46:26,985|I|Thread-1|firstEvaluation.20190722_184610.001|JsonScenario|Activity 5|# 38|base.save(var,value) - executing save(var,value)(cost, [TEXT(${value}) => remove($) remove(") ])
2019-07-22 18:46:26,990|I|Thread-1|firstEvaluation.20190722_184610.001|JsonScenario|Activity 5|# 38|base.save(var,value) - [repeat-until] PASS stored '20.53' as ${cost}
2019-07-22 18:46:26,990|I|Thread-1|firstEvaluation.20190722_184610.001|JsonScenario|Activity 5|# 39|base.verbose(text) - executing verbose(text)(${cost})
2019-07-22 18:46:26,990|I|Thread-1|firstEvaluation.20190722_184610.001|JsonScenario|Activity 5|# 39|base.verbose(text) - 20.53
2019-07-22 18:46:26,990|I|Thread-1|firstEvaluation.20190722_184610.001|JsonScenario|Activity 5|# 39|base.verbose(text) - [repeat-until] PASS 20.53
2019-07-22 18:46:26,990|I|Thread-1|firstEvaluation.20190722_184610.001|JsonScenario|Activity 5|# 40|base.verbose(text) - executing verbose(text)([LIST(finalList) => append($(array|item|${productList}|${counter}))])
2019-07-22 18:46:26,990|I|Thread-1|evaluating flow control:	SkipIf(20.53>20)		=> MATCHED
2019-07-22 18:46:26,990|I|Thread-1|firstEvaluation.20190722_184610.001|JsonScenario|Activity 5|# 40|base.verbose(text) - [repeat-until] SKIPPED current step skipped: SkipIf(${cost} > 20)
2019-07-22 18:46:27,000|I|Thread-1|firstEvaluation.20190722_184610.001|JsonScenario|Activity 5|# 41|number.increment(var,amou - executing increment(var,amount)(counter, 1)
2019-07-22 18:46:27,005|I|Thread-1|firstEvaluation.20190722_184610.001|JsonScenario|Activity 5|# 41|number.increment(var,amou - [repeat-until] PASS incremented ${counter} by 1 to 3
2019-07-22 18:46:27,005|I|Thread-1|firstEvaluation.20190722_184610.001|JsonScenario|Activity 5|# 36|base.assertEqual(expected - 
<[repeat-until] entering loop #4 --------------------------------------------->
2019-07-22 18:46:27,005|I|Thread-1|firstEvaluation.20190722_184610.001|JsonScenario|Activity 5|# 36|base.assertEqual(expected - executing assertEqual(expected,actual)($(array|length|${unit_costList}), ${counter})
2019-07-22 18:46:27,005|I|Thread-1|firstEvaluation.20190722_184610.001|JsonScenario|Activity 5|# 37|base.save(var,value) - executing save(var,value)(value, $(array|item|${unit_costList}|${counter}))
2019-07-22 18:46:27,005|I|Thread-1|firstEvaluation.20190722_184610.001|JsonScenario|Activity 5|# 37|base.save(var,value) - [repeat-until] PASS stored '"$20.53"' as ${value}
2019-07-22 18:46:27,005|I|Thread-1|firstEvaluation.20190722_184610.001|JsonScenario|Activity 5|# 38|base.save(var,value) - executing save(var,value)(cost, [TEXT(${value}) => remove($) remove(") ])
2019-07-22 18:46:27,005|I|Thread-1|firstEvaluation.20190722_184610.001|JsonScenario|Activity 5|# 38|base.save(var,value) - [repeat-until] PASS stored '20.53' as ${cost}
2019-07-22 18:46:27,010|I|Thread-1|firstEvaluation.20190722_184610.001|JsonScenario|Activity 5|# 39|base.verbose(text) - executing verbose(text)(${cost})
2019-07-22 18:46:27,010|I|Thread-1|firstEvaluation.20190722_184610.001|JsonScenario|Activity 5|# 39|base.verbose(text) - 20.53
2019-07-22 18:46:27,010|I|Thread-1|firstEvaluation.20190722_184610.001|JsonScenario|Activity 5|# 39|base.verbose(text) - [repeat-until] PASS 20.53
2019-07-22 18:46:27,010|I|Thread-1|firstEvaluation.20190722_184610.001|JsonScenario|Activity 5|# 40|base.verbose(text) - executing verbose(text)([LIST(finalList) => append($(array|item|${productList}|${counter}))])
2019-07-22 18:46:27,010|I|Thread-1|evaluating flow control:	SkipIf(20.53>20)		=> MATCHED
2019-07-22 18:46:27,010|I|Thread-1|firstEvaluation.20190722_184610.001|JsonScenario|Activity 5|# 40|base.verbose(text) - [repeat-until] SKIPPED current step skipped: SkipIf(${cost} > 20)
2019-07-22 18:46:27,010|I|Thread-1|firstEvaluation.20190722_184610.001|JsonScenario|Activity 5|# 41|number.increment(var,amou - executing increment(var,amount)(counter, 1)
2019-07-22 18:46:27,010|I|Thread-1|firstEvaluation.20190722_184610.001|JsonScenario|Activity 5|# 41|number.increment(var,amou - [repeat-until] PASS incremented ${counter} by 1 to 4
2019-07-22 18:46:27,010|I|Thread-1|firstEvaluation.20190722_184610.001|JsonScenario|Activity 5|# 36|base.assertEqual(expected - 
<[repeat-until] entering loop #5 --------------------------------------------->
2019-07-22 18:46:27,015|I|Thread-1|firstEvaluation.20190722_184610.001|JsonScenario|Activity 5|# 36|base.assertEqual(expected - executing assertEqual(expected,actual)($(array|length|${unit_costList}), ${counter})
2019-07-22 18:46:27,020|I|Thread-1|firstEvaluation.20190722_184610.001|JsonScenario|Activity 5|# 35|base.repeatUntil(steps,ma - PASS repeat-until execution completed
2019-07-22 18:46:27,624|I|Thread-1|firstEvaluation.20190722_184610.001|JsonScenario|Activity 5|# 42|base.verbose(text) - executing verbose(text)(${finalList})
2019-07-22 18:46:27,624|I|Thread-1|firstEvaluation.20190722_184610.001|JsonScenario|Activity 5|# 42|base.verbose(text) - abcd
2019-07-22 18:46:27,624|I|Thread-1|firstEvaluation.20190722_184610.001|JsonScenario|Activity 5|# 42|base.verbose(text) - PASS 
2019-07-22 18:46:27,819|I|Thread-1|[firstEvaluation.20190722_184610.001|JsonScenario] saving test scenario
2019-07-22 18:46:27,894|I|Thread-1|firstEvaluation.20190722_184610.001|XMLScenario - executing test scenario
2019-07-22 18:46:27,899|I|Thread-1|firstEvaluation.20190722_184610.001|XMLScenario|Activity 1 - executing activity
2019-07-22 18:46:28,504|I|Thread-1|firstEvaluation.20190722_184610.001|XMLScenario|Activity 1|#  5|io.readFile(var,file) - executing readFile(var,file)(xmlFile, $(syspath|data|fullpath)/example_1.xml)
2019-07-22 18:46:28,504|I|Thread-1|firstEvaluation.20190722_184610.001|XMLScenario|Activity 1|#  5|io.readFile(var,file) - PASS Content read from 'C:\projects\firstEvaluation\artifact\data\example_1.xml' to ${xmlFile}
2019-07-22 18:46:29,108|I|Thread-1|firstEvaluation.20190722_184610.001|XMLScenario|Activity 1|#  6|xml.storeValues(xml,xpath - executing storeValues(xml,xpath,var)($(syspath|data|fullpath)/example_1.xml, catalog.book[[TEXT(catalog.book.publish_date) => remove(-)] between [20001201|20001231].title, bookList)
2019-07-22 18:46:29,183|E|Thread-1|firstEvaluation.20190722_184610.001|XMLScenario|Activity 1|#  6|xml.storeValues(xml,xpath - FAIL Error while filtering XML via xpath 'catalog.book[catalog.book.publish_date.title': Unable to compile 'catalog.book[catalog.book.publish_date.title'. See Cause.
2019-07-22 18:46:29,786|I|Thread-1|firstEvaluation.20190722_184610.001|XMLScenario|Activity 1|#  7|base.verbose(text) - executing verbose(text)(${bookList})
2019-07-22 18:46:29,786|I|Thread-1|firstEvaluation.20190722_184610.001|XMLScenario|Activity 1|#  7|base.verbose(text) - 
2019-07-22 18:46:29,786|I|Thread-1|firstEvaluation.20190722_184610.001|XMLScenario|Activity 1|#  7|base.verbose(text) - PASS 
2019-07-22 18:46:29,811|I|Thread-1|[firstEvaluation.20190722_184610.001|XMLScenario] saving test scenario
2019-07-22 18:46:29,876|I|Thread-1|[20190722_184609] 
/-TEST COMPLETE-----------------------------------------------------------------
| Test Output:    C:\projects\firstEvaluation\output\20190722_184609\firstEvaluation.20190722_184610.001.xlsx
| Iteration:      1
\-------------------------------------------------------------------------------
» Execution Time: 18411 ms
» Test Steps:     29
» Error(s):       2



2019-07-22 18:46:31,778|I|Thread-1|[20190722_184609] 
/-TEST COMPLETE-----------------------------------------------------------------
| Test Script:    C:\projects\firstEvaluation\artifact\script\firstEvaluation.xlsx
\-------------------------------------------------------------------------------
» Execution Time: 22278 ms
» Iterations:     [1] total 1
» Test Steps:     29
» Passed:         27
» Error(s):       2
» Iteration 1 of 1: C:\projects\firstEvaluation\output\20190722_184609\firstEvaluation.20190722_184610.001.xlsx



2019-07-22 18:46:32,514|I|main|[20190722_184609] [C:\projects\firstEvaluation\artifact\script\firstEvaluation.xlsx] now completed
2019-07-22 18:46:32,514|I|main|[20190722_184609] all execution thread(s) have terminated
2019-07-22 18:46:32,514|I|main|[20190722_184609] test run completed in about 23 seconds
2019-07-22 18:46:32,559|I|main|No predefined nexial-setup found
2019-07-22 18:46:32,579|I|main|outputBase not set; output-to-cloud DISABLED!
2019-07-22 18:46:32,579|I|main|accessKey not set; output-to-cloud DISABLED!
2019-07-22 18:46:32,584|I|main|secretKey not set; output-to-cloud DISABLED!
2019-07-22 18:46:32,584|I|main|generating HTML output for this execution to C:\projects\firstEvaluation\output\20190722_184609\execution-output.html
2019-07-22 18:46:33,162|I|main|generating JUnit XML output for this execution to C:\projects\firstEvaluation\output\20190722_184609\junit.xml
2019-07-22 18:46:33,182|I|main|generated JUnit report for this execution: C:\projects\firstEvaluation\output\20190722_184609\junit.xml
2019-07-22 18:46:33,227|I|main|nexial mailer not enabled: nexial.enableEmail=false
2019-07-22 18:46:33,227|I|main|skipped email notification as configured
2019-07-22 18:46:33,227|I|main|exiting Nexial...
2019-07-22 18:46:33,232|I|main|

/-END OF EXECUTION--------------------------------------------------------------
| » Execution Time: 23 sec.
| » Test Steps....: 29
| » Passed........: 27
| » Failed........: 2
| » Success Rate..: 93.10%
\----------------------------------------------------------nexial-core dev_0581-

2019-07-22 18:46:33,232|E|main|failure found; success rate is 93.10%
2019-07-22 18:46:33,232|I|main|End of Execution:
NEXIAL_OUTPUT:         C:\projects\firstEvaluation\output\20190722_184609
NEXIAL_EXECUTION_HTML: C:\projects\firstEvaluation\output\20190722_184609\execution-output.html
NEXIAL_JUNIT_XML:      C:\projects\firstEvaluation\output\20190722_184609\junit.xml
NEXIAL_SUCCESS_RATE:   93.10%
NEXIAL_EXIT_STATUS:    -13
