2019-07-22 16:16:50,023|I|Thread-1|(DELAYED) nexial-core dev_0581 starting up...
2019-07-22 16:16:50,025|I|Thread-1|(DELAYED) data file resolved as C:\Users\DEEPAN~1\AppData\Local\Temp\ITRzL\firstEvaluation.data.xlsx
2019-07-22 16:16:50,026|I|Thread-1|(DELAYED) input files and output directory resolved...
2019-07-22 16:16:50,026|I|Thread-1|(DELAYED) No predefined nexial-setup found
2019-07-22 16:16:50,026|I|Thread-1|(DELAYED) [20190722_161649] [C:\projects\firstEvaluation\artifact\script\firstEvaluation.xlsx] resolve RUN ID as 20190722_161649
2019-07-22 16:16:50,026|I|Thread-1|(DELAYED) [20190722_161649] [C:\projects\firstEvaluation\artifact\script\firstEvaluation.xlsx] new thread started
2019-07-22 16:16:50,026|I|Thread-1|No predefined nexial-setup found
2019-07-22 16:16:50,081|I|Thread-1|outputBase not set; output-to-cloud DISABLED!
2019-07-22 16:16:50,081|I|Thread-1|accessKey not set; output-to-cloud DISABLED!
2019-07-22 16:16:50,081|I|Thread-1|secretKey not set; output-to-cloud DISABLED!
2019-07-22 16:16:50,099|I|Thread-1|missing REQUIRED configuration; sms DISABLED!
2019-07-22 16:16:50,794|I|Thread-1|[20190722_161649] executing C:\projects\firstEvaluation\artifact\script\firstEvaluation.xlsx with 1 iteration(s)
2019-07-22 16:16:50,797|I|Thread-1|[20190722_161649] create directory C:\projects\firstEvaluation\output\20190722_161649\captures
2019-07-22 16:16:50,797|I|Thread-1|[20190722_161649] create directory C:\projects\firstEvaluation\output\20190722_161649\logs
2019-07-22 16:16:51,154|I|Thread-1|[20190722_161649] merging test data to tmp file C:\projects\firstEvaluation\output\20190722_161649\firstEvaluation.20190722_161650.001.xlsx
2019-07-22 16:16:51,154|I|Thread-1|refetching data from C:\projects\firstEvaluation\artifact\data\firstEvaluation.data.xlsx
2019-07-22 16:16:51,309|I|Thread-1|[20190722_161649] test script and test data merged to C:\projects\firstEvaluation\output\20190722_161649\firstEvaluation.20190722_161650.001.xlsx
2019-07-22 16:16:51,852|I|Thread-1|STARTS
2019-07-22 16:16:51,880|I|Thread-1|firstEvaluation.20190722_161650.001 - executing iteration #1 of 1; Iteration Id 1
2019-07-22 16:16:51,886|I|Thread-1|firstEvaluation.20190722_161650.001|JsonScenario - executing test scenario
2019-07-22 16:16:51,886|I|Thread-1|firstEvaluation.20190722_161650.001|JsonScenario|Activity 1 - executing activity
2019-07-22 16:16:52,488|I|Thread-1|firstEvaluation.20190722_161650.001|JsonScenario|Activity 1|#  5|json.storeValues(json,jso - executing storeValues(json,jsonpath,var)($(syspath|data|fullpath)/example_2.json, products[supplier=Wisozk Inc].product_name, productNames)
2019-07-22 16:16:52,561|I|Thread-1|firstEvaluation.20190722_161650.001|JsonScenario|Activity 1|#  5|json.storeValues(json,jso - PASS EXPECTED match against 'products[supplier=Wisozk Inc].product_name' stored to ${productNames}
2019-07-22 16:16:53,163|I|Thread-1|firstEvaluation.20190722_161650.001|JsonScenario|Activity 1|#  6|base.verbose(text) - executing verbose(text)(${productNames})
2019-07-22 16:16:53,164|I|Thread-1|firstEvaluation.20190722_161650.001|JsonScenario|Activity 1|#  6|base.verbose(text) - ["sildenafil citrate","Mountain Juniperus ashei"]
2019-07-22 16:16:53,299|I|Thread-1|firstEvaluation.20190722_161650.001|JsonScenario|Activity 1|#  6|base.verbose(text) - PASS 
2019-07-22 16:16:53,301|I|Thread-1|firstEvaluation.20190722_161650.001|JsonScenario|Activity 2 - executing activity
2019-07-22 16:16:53,903|I|Thread-1|firstEvaluation.20190722_161650.001|JsonScenario|Activity 2|#  7|json.storeValues(json,jso - executing storeValues(json,jsonpath,var)($(syspath|data|fullpath)/example_2.json, products[supplier=Wisozk Inc].quantity, quantityList)
2019-07-22 16:16:53,906|I|Thread-1|firstEvaluation.20190722_161650.001|JsonScenario|Activity 2|#  7|json.storeValues(json,jso - PASS EXPECTED match against 'products[supplier=Wisozk Inc].quantity' stored to ${quantityList}
2019-07-22 16:16:54,507|I|Thread-1|firstEvaluation.20190722_161650.001|JsonScenario|Activity 2|#  8|json.storeValues(json,jso - executing storeValues(json,jsonpath,var)($(syspath|data|fullpath)/example_2.json, products[supplier=Wisozk Inc].unit_cost, costList)
2019-07-22 16:16:54,510|I|Thread-1|firstEvaluation.20190722_161650.001|JsonScenario|Activity 2|#  8|json.storeValues(json,jso - PASS EXPECTED match against 'products[supplier=Wisozk Inc].unit_cost' stored to ${costList}
2019-07-22 16:16:55,111|I|Thread-1|firstEvaluation.20190722_161650.001|JsonScenario|Activity 2|#  9|base.save(var,value) - executing save(var,value)(unit_costList, [LIST${costList} => replaceRegex([$],)])
2019-07-22 16:16:55,113|I|Thread-1|firstEvaluation.20190722_161650.001|JsonScenario|Activity 2|#  9|base.save(var,value) - PASS stored '[LIST["$10.47","$8.74"] => replaceRegex([$],)]' as ${unit_costList}
2019-07-22 16:16:55,714|I|Thread-1|firstEvaluation.20190722_161650.001|JsonScenario|Activity 2|# 10|base.verbose(text) - executing verbose(text)(${unit_costList})
2019-07-22 16:16:55,715|I|Thread-1|firstEvaluation.20190722_161650.001|JsonScenario|Activity 2|# 10|base.verbose(text) - [LIST["$10.47","$8.74"] => replaceRegex([$],)]
2019-07-22 16:16:55,716|I|Thread-1|firstEvaluation.20190722_161650.001|JsonScenario|Activity 2|# 10|base.verbose(text) - PASS 
2019-07-22 16:16:56,317|I|Thread-1|firstEvaluation.20190722_161650.001|JsonScenario|Activity 2|# 11|base.save(var,value) - executing save(var,value)(sumTotal, 0)
2019-07-22 16:16:56,318|I|Thread-1|firstEvaluation.20190722_161650.001|JsonScenario|Activity 2|# 11|base.save(var,value) - PASS stored '0' as ${sumTotal}
2019-07-22 16:16:56,920|I|Thread-1|firstEvaluation.20190722_161650.001|JsonScenario|Activity 2|# 12|base.save(var,value) - executing save(var,value)(counter, 0)
2019-07-22 16:16:56,921|I|Thread-1|firstEvaluation.20190722_161650.001|JsonScenario|Activity 2|# 12|base.save(var,value) - PASS stored '0' as ${counter}
2019-07-22 16:16:57,523|I|Thread-1|firstEvaluation.20190722_161650.001|JsonScenario|Activity 2|# 13|base.save(var,value) - executing save(var,value)(length, $(array|length|${quantityList}))
2019-07-22 16:16:57,525|I|Thread-1|firstEvaluation.20190722_161650.001|JsonScenario|Activity 2|# 13|base.save(var,value) - PASS stored '2' as ${length}
2019-07-22 16:16:58,126|I|Thread-1|firstEvaluation.20190722_161650.001|JsonScenario|Activity 2|# 14|base.save(var,value) - executing save(var,value)(mulValue, 0)
2019-07-22 16:16:58,128|I|Thread-1|firstEvaluation.20190722_161650.001|JsonScenario|Activity 2|# 14|base.save(var,value) - PASS stored '0' as ${mulValue}
2019-07-22 16:16:58,729|I|Thread-1|firstEvaluation.20190722_161650.001|JsonScenario|Activity 2|# 15|base.verbose(text) - executing verbose(text)(${unit_costList})
2019-07-22 16:16:58,731|I|Thread-1|firstEvaluation.20190722_161650.001|JsonScenario|Activity 2|# 15|base.verbose(text) - [LIST["$10.47","$8.74"] => replaceRegex([$],)]
2019-07-22 16:16:58,734|I|Thread-1|firstEvaluation.20190722_161650.001|JsonScenario|Activity 2|# 15|base.verbose(text) - PASS 
2019-07-22 16:16:59,337|I|Thread-1|firstEvaluation.20190722_161650.001|JsonScenario|Activity 2|# 16|base.repeatUntil(steps,ma - executing repeatUntil(steps,maxWaitMs)(6, -1)
2019-07-22 16:16:59,338|I|Thread-1|firstEvaluation.20190722_161650.001|JsonScenario|Activity 2|# 17|base.assertEqual(expected - 
<[repeat-until] entering loop #1 --------------------------------------------->
2019-07-22 16:16:59,339|I|Thread-1|firstEvaluation.20190722_161650.001|JsonScenario|Activity 2|# 17|base.assertEqual(expected - executing assertEqual(expected,actual)(${length}, ${counter})
2019-07-22 16:16:59,340|I|Thread-1|firstEvaluation.20190722_161650.001|JsonScenario|Activity 2|# 18|base.save(var,value) - executing save(var,value)(unit_cost, $(array|item|${unit_costList}|${counter}))
2019-07-22 16:16:59,341|I|Thread-1|firstEvaluation.20190722_161650.001|JsonScenario|Activity 2|# 18|base.save(var,value) - [repeat-until] PASS stored '"$10.47"' as ${unit_cost}
2019-07-22 16:16:59,342|I|Thread-1|firstEvaluation.20190722_161650.001|JsonScenario|Activity 2|# 19|base.save(var,value) - executing save(var,value)(quantity, $(array|item|${quantityList}|${counter}))
2019-07-22 16:16:59,343|I|Thread-1|firstEvaluation.20190722_161650.001|JsonScenario|Activity 2|# 19|base.save(var,value) - [repeat-until] PASS stored '261' as ${quantity}
2019-07-22 16:16:59,344|I|Thread-1|firstEvaluation.20190722_161650.001|JsonScenario|Activity 2|# 20|base.save(var,value) - executing save(var,value)(mulValue, [NUMBER(${unit_cost}) => multiply(${quantity})])
2019-07-22 16:16:59,357|I|Thread-1|firstEvaluation.20190722_161650.001|JsonScenario|Activity 2|# 20|base.save(var,value) - [repeat-until] PASS stored '2732.67' as ${mulValue}
2019-07-22 16:16:59,357|I|Thread-1|firstEvaluation.20190722_161650.001|JsonScenario|Activity 2|# 21|base.save(var,value) - executing save(var,value)(sumTotal, [NUMBER(${sumTotal}) => add(${mulValue})])
2019-07-22 16:16:59,359|I|Thread-1|firstEvaluation.20190722_161650.001|JsonScenario|Activity 2|# 21|base.save(var,value) - [repeat-until] PASS stored '2732.67' as ${sumTotal}
2019-07-22 16:16:59,359|I|Thread-1|firstEvaluation.20190722_161650.001|JsonScenario|Activity 2|# 22|number.increment(var,amou - executing increment(var,amount)(counter, 1)
2019-07-22 16:16:59,362|I|Thread-1|firstEvaluation.20190722_161650.001|JsonScenario|Activity 2|# 22|number.increment(var,amou - [repeat-until] PASS incremented ${counter} by 1 to 1
2019-07-22 16:16:59,364|I|Thread-1|firstEvaluation.20190722_161650.001|JsonScenario|Activity 2|# 17|base.assertEqual(expected - 
<[repeat-until] entering loop #2 --------------------------------------------->
2019-07-22 16:16:59,364|I|Thread-1|firstEvaluation.20190722_161650.001|JsonScenario|Activity 2|# 17|base.assertEqual(expected - executing assertEqual(expected,actual)(${length}, ${counter})
2019-07-22 16:16:59,365|I|Thread-1|firstEvaluation.20190722_161650.001|JsonScenario|Activity 2|# 18|base.save(var,value) - executing save(var,value)(unit_cost, $(array|item|${unit_costList}|${counter}))
2019-07-22 16:16:59,369|I|Thread-1|firstEvaluation.20190722_161650.001|JsonScenario|Activity 2|# 18|base.save(var,value) - [repeat-until] PASS stored '"$8.74"' as ${unit_cost}
2019-07-22 16:16:59,371|I|Thread-1|firstEvaluation.20190722_161650.001|JsonScenario|Activity 2|# 19|base.save(var,value) - executing save(var,value)(quantity, $(array|item|${quantityList}|${counter}))
2019-07-22 16:16:59,372|I|Thread-1|firstEvaluation.20190722_161650.001|JsonScenario|Activity 2|# 19|base.save(var,value) - [repeat-until] PASS stored '292' as ${quantity}
2019-07-22 16:16:59,375|I|Thread-1|firstEvaluation.20190722_161650.001|JsonScenario|Activity 2|# 20|base.save(var,value) - executing save(var,value)(mulValue, [NUMBER(${unit_cost}) => multiply(${quantity})])
2019-07-22 16:16:59,376|I|Thread-1|firstEvaluation.20190722_161650.001|JsonScenario|Activity 2|# 20|base.save(var,value) - [repeat-until] PASS stored '2552.08' as ${mulValue}
2019-07-22 16:16:59,377|I|Thread-1|firstEvaluation.20190722_161650.001|JsonScenario|Activity 2|# 21|base.save(var,value) - executing save(var,value)(sumTotal, [NUMBER(${sumTotal}) => add(${mulValue})])
2019-07-22 16:16:59,378|I|Thread-1|firstEvaluation.20190722_161650.001|JsonScenario|Activity 2|# 21|base.save(var,value) - [repeat-until] PASS stored '5284.75' as ${sumTotal}
2019-07-22 16:16:59,378|I|Thread-1|firstEvaluation.20190722_161650.001|JsonScenario|Activity 2|# 22|number.increment(var,amou - executing increment(var,amount)(counter, 1)
2019-07-22 16:16:59,379|I|Thread-1|firstEvaluation.20190722_161650.001|JsonScenario|Activity 2|# 22|number.increment(var,amou - [repeat-until] PASS incremented ${counter} by 1 to 2
2019-07-22 16:16:59,380|I|Thread-1|firstEvaluation.20190722_161650.001|JsonScenario|Activity 2|# 17|base.assertEqual(expected - 
<[repeat-until] entering loop #3 --------------------------------------------->
2019-07-22 16:16:59,380|I|Thread-1|firstEvaluation.20190722_161650.001|JsonScenario|Activity 2|# 17|base.assertEqual(expected - executing assertEqual(expected,actual)(${length}, ${counter})
2019-07-22 16:16:59,381|I|Thread-1|firstEvaluation.20190722_161650.001|JsonScenario|Activity 2|# 16|base.repeatUntil(steps,ma - PASS repeat-until execution completed
2019-07-22 16:16:59,981|I|Thread-1|firstEvaluation.20190722_161650.001|JsonScenario|Activity 2|# 23|base.verbose(text) - executing verbose(text)(${sumTotal})
2019-07-22 16:16:59,982|I|Thread-1|firstEvaluation.20190722_161650.001|JsonScenario|Activity 2|# 23|base.verbose(text) - 5284.75
2019-07-22 16:16:59,984|I|Thread-1|firstEvaluation.20190722_161650.001|JsonScenario|Activity 2|# 23|base.verbose(text) - PASS 
2019-07-22 16:16:59,986|I|Thread-1|firstEvaluation.20190722_161650.001|JsonScenario|Activity 3 - executing activity
2019-07-22 16:17:00,587|I|Thread-1|firstEvaluation.20190722_161650.001|JsonScenario|Activity 3|# 24|base.save(var,value) - executing save(var,value)(jsonFile, $(syspath|data|fullpath)/example_2.json)
2019-07-22 16:17:00,590|I|Thread-1|firstEvaluation.20190722_161650.001|JsonScenario|Activity 3|# 24|base.save(var,value) - PASS stored 'C:\projects\firstEvaluation\artifact\data\example_2.json' as ${jsonFile}
2019-07-22 16:17:01,191|I|Thread-1|firstEvaluation.20190722_161650.001|JsonScenario|Activity 3|# 25|base.save(var,value) - executing save(var,value)(var, [JSON(${jsonFile} => extract(products[unit_cost => ascending])])
2019-07-22 16:17:01,193|I|Thread-1|firstEvaluation.20190722_161650.001|JsonScenario|Activity 3|# 25|base.save(var,value) - PASS stored '[JSON(C:\projects\firstEvaluation\artifact\data\example_2.json => extract(products[unit_cost => ascending])]' as ${var}
2019-07-22 16:17:01,794|I|Thread-1|firstEvaluation.20190722_161650.001|JsonScenario|Activity 3|# 26|json.storeValues(json,jso - executing storeValues(json,jsonpath,var)(var, products.product_name, result)
2019-07-22 16:17:01,801|E|Thread-1|Error converting string to JSON object: A JSONObject text must begin with '{' at 1 [character 2 line 1]
org.json.JSONException: A JSONObject text must begin with '{' at 1 [character 2 line 1]
	at org.json.JSONTokener.syntaxError(JSONTokener.java:505)
	at org.json.JSONObject.<init>(JSONObject.java:214)
	at org.json.JSONObject.<init>(JSONObject.java:357)
	at org.nexial.core.utils.JsonUtils.toJSONObject(JsonUtils.java:75)
	at org.nexial.core.plugins.json.JsonCommand.resolveToJSONObject(JsonCommand.java:323)
	at org.nexial.core.plugins.json.JsonCommand.toJSONObject(JsonCommand.java:441)
	at org.nexial.core.plugins.json.JsonCommand.sanityCheck(JsonCommand.java:445)
	at org.nexial.core.plugins.json.JsonCommand.find(JsonCommand.java:449)
	at org.nexial.core.plugins.json.JsonCommand.extractJsonValue(JsonCommand.java:384)
	at org.nexial.core.plugins.json.JsonCommand.storeValues(JsonCommand.java:123)
	at sun.reflect.NativeMethodAccessorImpl.invoke0(Native Method)
	at sun.reflect.NativeMethodAccessorImpl.invoke(Unknown Source)
	at sun.reflect.DelegatingMethodAccessorImpl.invoke(Unknown Source)
	at java.lang.reflect.Method.invoke(Unknown Source)
	at org.nexial.core.plugins.base.BaseCommand.execute(BaseCommand.java:156)
	at org.nexial.core.model.TestStep.invokeCommand(TestStep.java:327)
	at org.nexial.core.model.TestStep.execute(TestStep.java:169)
	at org.nexial.core.model.TestCase.execute(TestCase.java:94)
	at org.nexial.core.model.TestScenario.execute(TestScenario.java:130)
	at org.nexial.core.model.ExecutionContext.execute(ExecutionContext.java:1184)
	at org.nexial.core.ExecutionThread.run(ExecutionThread.java:174)
2019-07-22 16:17:01,803|E|Thread-1|JSON string in error is as follows:
var
2019-07-22 16:17:01,807|E|Thread-1|firstEvaluation.20190722_161650.001|JsonScenario|Activity 3|# 26|json.storeValues(json,jso - FAIL EXPECTED match against 'products.product_name' was not found
2019-07-22 16:17:02,409|I|Thread-1|firstEvaluation.20190722_161650.001|JsonScenario|Activity 3|# 27|base.verbose(text) - executing verbose(text)(result)
2019-07-22 16:17:02,410|I|Thread-1|firstEvaluation.20190722_161650.001|JsonScenario|Activity 3|# 27|base.verbose(text) - result
2019-07-22 16:17:02,412|I|Thread-1|firstEvaluation.20190722_161650.001|JsonScenario|Activity 3|# 27|base.verbose(text) - PASS 
2019-07-22 16:17:02,412|I|Thread-1|firstEvaluation.20190722_161650.001|JsonScenario|Activity 4 - executing activity
2019-07-22 16:17:03,014|I|Thread-1|firstEvaluation.20190722_161650.001|JsonScenario|Activity 4|# 28|json.storeValues(json,jso - executing storeValues(json,jsonpath,var)($(syspath|data|fullpath)/example_2.json, products[product_name=Dextromathorphan HBr].supplier, supplierList)
2019-07-22 16:17:03,020|I|Thread-1|firstEvaluation.20190722_161650.001|JsonScenario|Activity 4|# 28|json.storeValues(json,jso - PASS EXPECTED match against 'products[product_name=Dextromathorphan HBr].supplier' stored to ${supplierList}
2019-07-22 16:17:03,621|I|Thread-1|firstEvaluation.20190722_161650.001|JsonScenario|Activity 4|# 29|base.verbose(text) - executing verbose(text)(${supplierList})
2019-07-22 16:17:03,621|I|Thread-1|firstEvaluation.20190722_161650.001|JsonScenario|Activity 4|# 29|base.verbose(text) - ["Schmitt-Weissnat","SC-Pharmacy"]
2019-07-22 16:17:03,623|I|Thread-1|firstEvaluation.20190722_161650.001|JsonScenario|Activity 4|# 29|base.verbose(text) - PASS 
2019-07-22 16:17:03,624|I|Thread-1|firstEvaluation.20190722_161650.001|JsonScenario|Activity 5 - executing activity
2019-07-22 16:17:04,225|I|Thread-1|firstEvaluation.20190722_161650.001|JsonScenario|Activity 5|# 30|json.storeValues(json,jso - executing storeValues(json,jsonpath,var)($(syspath|data|fullpath)/example_2.json, products.product_name, productList)
2019-07-22 16:17:04,254|I|Thread-1|firstEvaluation.20190722_161650.001|JsonScenario|Activity 5|# 30|json.storeValues(json,jso - PASS EXPECTED match against 'products.product_name' stored to ${productList}
2019-07-22 16:17:04,856|I|Thread-1|firstEvaluation.20190722_161650.001|JsonScenario|Activity 5|# 31|json.storeValues(json,jso - executing storeValues(json,jsonpath,var)($(syspath|data|fullpath)/example_2.json, products.unit_cost, costList)
2019-07-22 16:17:04,858|I|Thread-1|firstEvaluation.20190722_161650.001|JsonScenario|Activity 5|# 31|json.storeValues(json,jso - PASS EXPECTED match against 'products.unit_cost' stored to ${costList}
2019-07-22 16:17:05,459|I|Thread-1|firstEvaluation.20190722_161650.001|JsonScenario|Activity 5|# 32|base.save(var,value) - executing save(var,value)(unit_costList, [LIST${costList} => replaceRegex([$],)])
2019-07-22 16:17:05,462|I|Thread-1|firstEvaluation.20190722_161650.001|JsonScenario|Activity 5|# 32|base.save(var,value) - PASS stored '[LIST["$10.47","$8.74","$20.53","$20.53"] => replaceRegex([$],)]' as ${unit_costList}
2019-07-22 16:17:06,064|I|Thread-1|firstEvaluation.20190722_161650.001|JsonScenario|Activity 5|# 33|base.save(var,value) - executing save(var,value)(counter, 0)
2019-07-22 16:17:06,066|I|Thread-1|firstEvaluation.20190722_161650.001|JsonScenario|Activity 5|# 33|base.save(var,value) - PASS stored '0' as ${counter}
2019-07-22 16:17:06,667|I|Thread-1|firstEvaluation.20190722_161650.001|JsonScenario|Activity 5|# 34|base.repeatUntil(steps,ma - executing repeatUntil(steps,maxWaitMs)(6, -1)
2019-07-22 16:17:06,670|I|Thread-1|firstEvaluation.20190722_161650.001|JsonScenario|Activity 5|# 35|base.assertEqual(expected - 
<[repeat-until] entering loop #1 --------------------------------------------->
2019-07-22 16:17:06,670|I|Thread-1|firstEvaluation.20190722_161650.001|JsonScenario|Activity 5|# 35|base.assertEqual(expected - executing assertEqual(expected,actual)($(array|length|${unit_costList}), ${counter})
2019-07-22 16:17:06,670|I|Thread-1|firstEvaluation.20190722_161650.001|JsonScenario|Activity 5|# 36|base.save(var,value) - executing save(var,value)(value, $(array|item|${unit_costList}|${counter}))
2019-07-22 16:17:06,672|I|Thread-1|firstEvaluation.20190722_161650.001|JsonScenario|Activity 5|# 36|base.save(var,value) - [repeat-until] PASS stored '"$10.47"' as ${value}
2019-07-22 16:17:06,672|I|Thread-1|firstEvaluation.20190722_161650.001|JsonScenario|Activity 5|# 37|base.save(var,value) - executing save(var,value)(cost, [TEXT(${value}) => remove($)])
2019-07-22 16:17:06,675|I|Thread-1|firstEvaluation.20190722_161650.001|JsonScenario|Activity 5|# 37|base.save(var,value) - [repeat-until] PASS stored '"10.47"' as ${cost}
2019-07-22 16:17:06,677|I|Thread-1|firstEvaluation.20190722_161650.001|JsonScenario|Activity 5|# 38|base.verbose(text) - executing verbose(text)(${cost})
2019-07-22 16:17:06,682|I|Thread-1|firstEvaluation.20190722_161650.001|JsonScenario|Activity 5|# 38|base.verbose(text) - "10.47"
2019-07-22 16:17:06,682|I|Thread-1|firstEvaluation.20190722_161650.001|JsonScenario|Activity 5|# 38|base.verbose(text) - [repeat-until] PASS "10.47"
2019-07-22 16:17:06,683|I|Thread-1|firstEvaluation.20190722_161650.001|JsonScenario|Activity 5|# 39|base.verbose(text) - executing verbose(text)($(array|item|${productList}|${counter}))
2019-07-22 16:17:06,684|E|Thread-1|evaluating flow control:	SkipIf [>] - NOT A NUMBER: "$10.47"
2019-07-22 16:17:06,685|I|Thread-1|evaluating flow control:	SkipIf("$10.47">20)		=> NOT MATCHED
2019-07-22 16:17:06,685|I|Thread-1|firstEvaluation.20190722_161650.001|JsonScenario|Activity 5|# 39|base.verbose(text) - "sildenafil citrate"
2019-07-22 16:17:06,685|I|Thread-1|firstEvaluation.20190722_161650.001|JsonScenario|Activity 5|# 39|base.verbose(text) - [repeat-until] PASS "sildenafil citrate"
2019-07-22 16:17:06,686|I|Thread-1|firstEvaluation.20190722_161650.001|JsonScenario|Activity 5|# 40|number.increment(var,amou - executing increment(var,amount)(counter, 1)
2019-07-22 16:17:06,686|I|Thread-1|firstEvaluation.20190722_161650.001|JsonScenario|Activity 5|# 40|number.increment(var,amou - [repeat-until] PASS incremented ${counter} by 1 to 1
2019-07-22 16:17:06,687|I|Thread-1|firstEvaluation.20190722_161650.001|JsonScenario|Activity 5|# 35|base.assertEqual(expected - 
<[repeat-until] entering loop #2 --------------------------------------------->
2019-07-22 16:17:06,688|I|Thread-1|firstEvaluation.20190722_161650.001|JsonScenario|Activity 5|# 35|base.assertEqual(expected - executing assertEqual(expected,actual)($(array|length|${unit_costList}), ${counter})
2019-07-22 16:17:06,688|I|Thread-1|firstEvaluation.20190722_161650.001|JsonScenario|Activity 5|# 36|base.save(var,value) - executing save(var,value)(value, $(array|item|${unit_costList}|${counter}))
2019-07-22 16:17:06,688|I|Thread-1|firstEvaluation.20190722_161650.001|JsonScenario|Activity 5|# 36|base.save(var,value) - [repeat-until] PASS stored '"$8.74"' as ${value}
2019-07-22 16:17:06,689|I|Thread-1|firstEvaluation.20190722_161650.001|JsonScenario|Activity 5|# 37|base.save(var,value) - executing save(var,value)(cost, [TEXT(${value}) => remove($)])
2019-07-22 16:17:06,689|I|Thread-1|firstEvaluation.20190722_161650.001|JsonScenario|Activity 5|# 37|base.save(var,value) - [repeat-until] PASS stored '"8.74"' as ${cost}
2019-07-22 16:17:06,689|I|Thread-1|firstEvaluation.20190722_161650.001|JsonScenario|Activity 5|# 38|base.verbose(text) - executing verbose(text)(${cost})
2019-07-22 16:17:06,699|I|Thread-1|firstEvaluation.20190722_161650.001|JsonScenario|Activity 5|# 38|base.verbose(text) - "8.74"
2019-07-22 16:17:06,701|I|Thread-1|firstEvaluation.20190722_161650.001|JsonScenario|Activity 5|# 38|base.verbose(text) - [repeat-until] PASS "8.74"
2019-07-22 16:17:06,702|I|Thread-1|firstEvaluation.20190722_161650.001|JsonScenario|Activity 5|# 39|base.verbose(text) - executing verbose(text)($(array|item|${productList}|${counter}))
2019-07-22 16:17:06,702|E|Thread-1|evaluating flow control:	SkipIf [>] - NOT A NUMBER: "$8.74"
2019-07-22 16:17:06,703|I|Thread-1|evaluating flow control:	SkipIf("$8.74">20)		=> NOT MATCHED
2019-07-22 16:17:06,703|I|Thread-1|firstEvaluation.20190722_161650.001|JsonScenario|Activity 5|# 39|base.verbose(text) - "Mountain Juniperus ashei"
2019-07-22 16:17:06,703|I|Thread-1|firstEvaluation.20190722_161650.001|JsonScenario|Activity 5|# 39|base.verbose(text) - [repeat-until] PASS "Mountain Juniperus ashei"
2019-07-22 16:17:06,703|I|Thread-1|firstEvaluation.20190722_161650.001|JsonScenario|Activity 5|# 40|number.increment(var,amou - executing increment(var,amount)(counter, 1)
2019-07-22 16:17:06,704|I|Thread-1|firstEvaluation.20190722_161650.001|JsonScenario|Activity 5|# 40|number.increment(var,amou - [repeat-until] PASS incremented ${counter} by 1 to 2
2019-07-22 16:17:06,704|I|Thread-1|firstEvaluation.20190722_161650.001|JsonScenario|Activity 5|# 35|base.assertEqual(expected - 
<[repeat-until] entering loop #3 --------------------------------------------->
2019-07-22 16:17:06,704|I|Thread-1|firstEvaluation.20190722_161650.001|JsonScenario|Activity 5|# 35|base.assertEqual(expected - executing assertEqual(expected,actual)($(array|length|${unit_costList}), ${counter})
2019-07-22 16:17:06,705|I|Thread-1|firstEvaluation.20190722_161650.001|JsonScenario|Activity 5|# 36|base.save(var,value) - executing save(var,value)(value, $(array|item|${unit_costList}|${counter}))
2019-07-22 16:17:06,705|I|Thread-1|firstEvaluation.20190722_161650.001|JsonScenario|Activity 5|# 36|base.save(var,value) - [repeat-until] PASS stored '"$20.53"' as ${value}
2019-07-22 16:17:06,706|I|Thread-1|firstEvaluation.20190722_161650.001|JsonScenario|Activity 5|# 37|base.save(var,value) - executing save(var,value)(cost, [TEXT(${value}) => remove($)])
2019-07-22 16:17:06,706|I|Thread-1|firstEvaluation.20190722_161650.001|JsonScenario|Activity 5|# 37|base.save(var,value) - [repeat-until] PASS stored '"20.53"' as ${cost}
2019-07-22 16:17:06,706|I|Thread-1|firstEvaluation.20190722_161650.001|JsonScenario|Activity 5|# 38|base.verbose(text) - executing verbose(text)(${cost})
2019-07-22 16:17:06,707|I|Thread-1|firstEvaluation.20190722_161650.001|JsonScenario|Activity 5|# 38|base.verbose(text) - "20.53"
2019-07-22 16:17:06,716|I|Thread-1|firstEvaluation.20190722_161650.001|JsonScenario|Activity 5|# 38|base.verbose(text) - [repeat-until] PASS "20.53"
2019-07-22 16:17:06,716|I|Thread-1|firstEvaluation.20190722_161650.001|JsonScenario|Activity 5|# 39|base.verbose(text) - executing verbose(text)($(array|item|${productList}|${counter}))
2019-07-22 16:17:06,717|E|Thread-1|evaluating flow control:	SkipIf [>] - NOT A NUMBER: "$20.53"
2019-07-22 16:17:06,717|I|Thread-1|evaluating flow control:	SkipIf("$20.53">20)		=> NOT MATCHED
2019-07-22 16:17:06,718|I|Thread-1|firstEvaluation.20190722_161650.001|JsonScenario|Activity 5|# 39|base.verbose(text) - "Dextromathorphan HBr"
2019-07-22 16:17:06,718|I|Thread-1|firstEvaluation.20190722_161650.001|JsonScenario|Activity 5|# 39|base.verbose(text) - [repeat-until] PASS "Dextromathorphan HBr"
2019-07-22 16:17:06,719|I|Thread-1|firstEvaluation.20190722_161650.001|JsonScenario|Activity 5|# 40|number.increment(var,amou - executing increment(var,amount)(counter, 1)
2019-07-22 16:17:06,719|I|Thread-1|firstEvaluation.20190722_161650.001|JsonScenario|Activity 5|# 40|number.increment(var,amou - [repeat-until] PASS incremented ${counter} by 1 to 3
2019-07-22 16:17:06,720|I|Thread-1|firstEvaluation.20190722_161650.001|JsonScenario|Activity 5|# 35|base.assertEqual(expected - 
<[repeat-until] entering loop #4 --------------------------------------------->
2019-07-22 16:17:06,720|I|Thread-1|firstEvaluation.20190722_161650.001|JsonScenario|Activity 5|# 35|base.assertEqual(expected - executing assertEqual(expected,actual)($(array|length|${unit_costList}), ${counter})
2019-07-22 16:17:06,720|I|Thread-1|firstEvaluation.20190722_161650.001|JsonScenario|Activity 5|# 36|base.save(var,value) - executing save(var,value)(value, $(array|item|${unit_costList}|${counter}))
2019-07-22 16:17:06,721|I|Thread-1|firstEvaluation.20190722_161650.001|JsonScenario|Activity 5|# 36|base.save(var,value) - [repeat-until] PASS stored '"$20.53"' as ${value}
2019-07-22 16:17:06,721|I|Thread-1|firstEvaluation.20190722_161650.001|JsonScenario|Activity 5|# 37|base.save(var,value) - executing save(var,value)(cost, [TEXT(${value}) => remove($)])
2019-07-22 16:17:06,722|I|Thread-1|firstEvaluation.20190722_161650.001|JsonScenario|Activity 5|# 37|base.save(var,value) - [repeat-until] PASS stored '"20.53"' as ${cost}
2019-07-22 16:17:06,722|I|Thread-1|firstEvaluation.20190722_161650.001|JsonScenario|Activity 5|# 38|base.verbose(text) - executing verbose(text)(${cost})
2019-07-22 16:17:06,722|I|Thread-1|firstEvaluation.20190722_161650.001|JsonScenario|Activity 5|# 38|base.verbose(text) - "20.53"
2019-07-22 16:17:06,722|I|Thread-1|firstEvaluation.20190722_161650.001|JsonScenario|Activity 5|# 38|base.verbose(text) - [repeat-until] PASS "20.53"
2019-07-22 16:17:06,723|I|Thread-1|firstEvaluation.20190722_161650.001|JsonScenario|Activity 5|# 39|base.verbose(text) - executing verbose(text)($(array|item|${productList}|${counter}))
2019-07-22 16:17:06,723|E|Thread-1|evaluating flow control:	SkipIf [>] - NOT A NUMBER: "$20.53"
2019-07-22 16:17:06,723|I|Thread-1|evaluating flow control:	SkipIf("$20.53">20)		=> NOT MATCHED
2019-07-22 16:17:06,723|I|Thread-1|firstEvaluation.20190722_161650.001|JsonScenario|Activity 5|# 39|base.verbose(text) - "Dextromathorphan HBr"
2019-07-22 16:17:06,724|I|Thread-1|firstEvaluation.20190722_161650.001|JsonScenario|Activity 5|# 39|base.verbose(text) - [repeat-until] PASS "Dextromathorphan HBr"
2019-07-22 16:17:06,733|I|Thread-1|firstEvaluation.20190722_161650.001|JsonScenario|Activity 5|# 40|number.increment(var,amou - executing increment(var,amount)(counter, 1)
2019-07-22 16:17:06,734|I|Thread-1|firstEvaluation.20190722_161650.001|JsonScenario|Activity 5|# 40|number.increment(var,amou - [repeat-until] PASS incremented ${counter} by 1 to 4
2019-07-22 16:17:06,734|I|Thread-1|firstEvaluation.20190722_161650.001|JsonScenario|Activity 5|# 35|base.assertEqual(expected - 
<[repeat-until] entering loop #5 --------------------------------------------->
2019-07-22 16:17:06,735|I|Thread-1|firstEvaluation.20190722_161650.001|JsonScenario|Activity 5|# 35|base.assertEqual(expected - executing assertEqual(expected,actual)($(array|length|${unit_costList}), ${counter})
2019-07-22 16:17:06,736|I|Thread-1|firstEvaluation.20190722_161650.001|JsonScenario|Activity 5|# 34|base.repeatUntil(steps,ma - PASS repeat-until execution completed
2019-07-22 16:17:06,923|I|Thread-1|[firstEvaluation.20190722_161650.001|JsonScenario] saving test scenario
2019-07-22 16:17:07,004|I|Thread-1|firstEvaluation.20190722_161650.001|XMLScenario - executing test scenario
2019-07-22 16:17:07,006|I|Thread-1|firstEvaluation.20190722_161650.001|XMLScenario|Activity 1 - executing activity
2019-07-22 16:17:07,607|I|Thread-1|firstEvaluation.20190722_161650.001|XMLScenario|Activity 1|#  5|xml.storeValues(xml,xpath - executing storeValues(xml,xpath,var)($(syspath|data|fullpath)/example_1.xml)
2019-07-22 16:17:07,614|E|Thread-1|firstEvaluation.20190722_161650.001|XMLScenario|Activity 1|#  5|xml.storeValues(xml,xpath - FAIL MISMATCHED parameters - xml.storeValues EXPECTS 3 but found 1
2019-07-22 16:17:07,633|I|Thread-1|[firstEvaluation.20190722_161650.001|XMLScenario] saving test scenario
2019-07-22 16:17:07,695|I|Thread-1|[20190722_161649] 
/-TEST COMPLETE-----------------------------------------------------------------
| Test Output:    C:\projects\firstEvaluation\output\20190722_161649\firstEvaluation.20190722_161650.001.xlsx
| Iteration:      1
\-------------------------------------------------------------------------------
» Execution Time: 15812 ms
» Test Steps:     25
» Error(s):       2



2019-07-22 16:17:09,568|I|Thread-1|[20190722_161649] 
/-TEST COMPLETE-----------------------------------------------------------------
| Test Script:    C:\projects\firstEvaluation\artifact\script\firstEvaluation.xlsx
\-------------------------------------------------------------------------------
» Execution Time: 19647 ms
» Iterations:     [1] total 1
» Test Steps:     25
» Passed:         23
» Error(s):       2
» Iteration 1 of 1: C:\projects\firstEvaluation\output\20190722_161649\firstEvaluation.20190722_161650.001.xlsx



2019-07-22 16:17:09,874|I|main|[20190722_161649] [C:\projects\firstEvaluation\artifact\script\firstEvaluation.xlsx] now completed
2019-07-22 16:17:09,874|I|main|[20190722_161649] all execution thread(s) have terminated
2019-07-22 16:17:09,874|I|main|[20190722_161649] test run completed in about 20 seconds
2019-07-22 16:17:09,919|I|main|No predefined nexial-setup found
2019-07-22 16:17:09,952|I|main|outputBase not set; output-to-cloud DISABLED!
2019-07-22 16:17:09,952|I|main|accessKey not set; output-to-cloud DISABLED!
2019-07-22 16:17:09,952|I|main|secretKey not set; output-to-cloud DISABLED!
2019-07-22 16:17:09,952|I|main|generating HTML output for this execution to C:\projects\firstEvaluation\output\20190722_161649\execution-output.html
2019-07-22 16:17:10,621|I|main|generating JUnit XML output for this execution to C:\projects\firstEvaluation\output\20190722_161649\junit.xml
2019-07-22 16:17:10,665|I|main|generated JUnit report for this execution: C:\projects\firstEvaluation\output\20190722_161649\junit.xml
2019-07-22 16:17:10,693|I|main|nexial mailer not enabled: nexial.enableEmail=false
2019-07-22 16:17:10,694|I|main|skipped email notification as configured
2019-07-22 16:17:10,695|I|main|exiting Nexial...
2019-07-22 16:17:10,696|I|main|

/-END OF EXECUTION--------------------------------------------------------------
| » Execution Time: 20 sec.
| » Test Steps....: 25
| » Passed........: 23
| » Failed........: 2
| » Success Rate..: 92.00%
\----------------------------------------------------------nexial-core dev_0581-

2019-07-22 16:17:10,696|E|main|failure found; success rate is 92.00%
2019-07-22 16:17:10,696|I|main|End of Execution:
NEXIAL_OUTPUT:         C:\projects\firstEvaluation\output\20190722_161649
NEXIAL_EXECUTION_HTML: C:\projects\firstEvaluation\output\20190722_161649\execution-output.html
NEXIAL_JUNIT_XML:      C:\projects\firstEvaluation\output\20190722_161649\junit.xml
NEXIAL_SUCCESS_RATE:   92.00%
NEXIAL_EXIT_STATUS:    -13
