2019-07-29 16:02:13,158|I|Thread-1|(DELAYED) nexial-core 2.4_0567 starting up...
2019-07-29 16:02:13,161|I|Thread-1|(DELAYED) data file resolved as C:\Users\DEEPAN~1.PAT\AppData\Local\Temp\bajmX\secondAssignment.data.xlsx
2019-07-29 16:02:13,161|I|Thread-1|(DELAYED) input files and output directory resolved...
2019-07-29 16:02:13,161|I|Thread-1|(DELAYED) No predefined nexial-setup found
2019-07-29 16:02:13,161|I|Thread-1|(DELAYED) [20190729_160212] [C:\projects\secondAssignment\artifact\script\secondAssignment.xlsx] resolve RUN ID as 20190729_160212
2019-07-29 16:02:13,161|I|Thread-1|(DELAYED) [20190729_160212] [C:\projects\secondAssignment\artifact\script\secondAssignment.xlsx] new thread started
2019-07-29 16:02:13,161|I|Thread-1|No predefined nexial-setup found
2019-07-29 16:02:13,240|I|Thread-1|outputBase not set; output-to-cloud DISABLED!
2019-07-29 16:02:13,240|I|Thread-1|accessKey not set; output-to-cloud DISABLED!
2019-07-29 16:02:13,241|I|Thread-1|secretKey not set; output-to-cloud DISABLED!
2019-07-29 16:02:13,270|I|Thread-1|missing REQUIRED configuration; sms DISABLED!
2019-07-29 16:02:13,989|I|Thread-1|[20190729_160212] executing C:\projects\secondAssignment\artifact\script\secondAssignment.xlsx with 1 iteration(s)
2019-07-29 16:02:13,995|I|Thread-1|[20190729_160212] create directory C:\projects\secondAssignment\output\20190729_160212\captures
2019-07-29 16:02:13,996|I|Thread-1|[20190729_160212] create directory C:\projects\secondAssignment\output\20190729_160212\logs
2019-07-29 16:02:15,336|I|Thread-1|[20190729_160212] merging test data to tmp file C:\projects\secondAssignment\output\20190729_160212\secondAssignment.20190729_160213.001.xlsx
2019-07-29 16:02:15,337|I|Thread-1|refetching data from C:\projects\secondAssignment\artifact\data\secondAssignment.data.xlsx
2019-07-29 16:02:15,650|I|Thread-1|[20190729_160212] test script and test data merged to C:\projects\secondAssignment\output\20190729_160212\secondAssignment.20190729_160213.001.xlsx
2019-07-29 16:02:16,178|I|Thread-1|STARTS
2019-07-29 16:02:16,197|I|Thread-1|secondAssignment.20190729_160213.001 - executing iteration #1 of 1; Iteration Id 1
2019-07-29 16:02:16,206|I|Thread-1|secondAssignment.20190729_160213.001|Scenario2 - executing test scenario
2019-07-29 16:02:16,208|I|Thread-1|secondAssignment.20190729_160213.001|Scenario2|Activity 1 - executing activity
2019-07-29 16:02:16,811|I|Thread-1|secondAssignment.20190729_160213.001|Scenario2|Activity 1|#  5|web.open(url) - executing open(url)(https://www.google.com/)
2019-07-29 16:02:16,825|I|Thread-1|No valid instance of webdriver, initializing...
2019-07-29 16:02:16,832|I|Thread-1|init chrome
2019-07-29 16:02:22,754|I|Thread-1|browser initialization completed for 'chrome'
2019-07-29 16:02:22,764|I|Thread-1|setting browser polling wait time to 800 ms
2019-07-29 16:02:22,768|I|Thread-1|setting browser page load timeout to 10000 ms
2019-07-29 16:02:25,436|I|Thread-1|current browser window handle:CDwindow-C12C7B548F994122F17C2D6C78DE9601
2019-07-29 16:02:25,454|I|Thread-1|secondAssignment.20190729_160213.001|Scenario2|Activity 1|#  5|web.open(url) - PASS opened URL https://www.google.com/
2019-07-29 16:02:26,057|I|Thread-1|secondAssignment.20190729_160213.001|Scenario2|Activity 1|#  6|web.type(locator,value) - executing type(locator,value)(//*[@id="tsf"]/div[2]/div/div[1]/div/div[1]/input, ATMECS)
2019-07-29 16:02:26,932|E|Thread-1|secondAssignment.20190729_160213.001|Scenario2|Activity 1|#  6|web.type(locator,value) - EXECUTING COMMAND: web.type(locator,value)('//*[@id="tsf"]/div[2]/div/div[1]/div/div[1]/input', 'ATMECS')
Specified element not found: no such element: Unable to locate element: {"method":"xpath","selector":"//*[@id="tsf"]/div[2]/div/div[1]/div/div[1]/input"}   (Session info: chrome=75.0.3770.142)...
2019-07-29 16:02:27,137|I|Thread-1|secondAssignment.20190729_160213.001|Scenario2|Activity 1|#  6|web.type(locator,value) - FAIL EXECUTING COMMAND: web.type(locator,value)('//*[@id="tsf"]/div[2]/div/div[1]/div/div[1]/input', 'ATMECS')
Specified element not found: no such element: Unable to locate element: {"method":"xpath","selector":"//*[@id="tsf"]/div[2]/div/div[1]/div/div[1]/input"}   (Session info: chrome=75.0.3770.142)...
2019-07-29 16:02:27,741|I|Thread-1|secondAssignment.20190729_160213.001|Scenario2|Activity 1|#  7|web.click(locator) - executing click(locator)(//*[@id="tsf"]/div[2]/div/div[3]/center/input[1])
2019-07-29 16:02:27,810|I|Thread-1|clicking '//*[@id="tsf"]/div[2]/div/div[3]/center/input[1]'...
2019-07-29 16:02:27,843|I|Thread-1|click target via JS, @id=
2019-07-29 16:02:27,865|I|Thread-1|clicked -> true
2019-07-29 16:02:27,866|I|Thread-1|secondAssignment.20190729_160213.001|Scenario2|Activity 1|#  7|web.click(locator) - PASS click via JS event
2019-07-29 16:02:28,468|I|Thread-1|secondAssignment.20190729_160213.001|Scenario2|Activity 1|#  8|web.saveTextArray(var,loc - executing saveTextArray(var,locator)(linkArray, //*[@class = "iUh30"])
2019-07-29 16:02:29,349|I|Thread-1|secondAssignment.20190729_160213.001|Scenario2|Activity 1|#  8|web.saveTextArray(var,loc - PASS stored content of '//*[@class = "iUh30"]' as ${linkArray}
2019-07-29 16:02:29,957|I|Thread-1|secondAssignment.20190729_160213.001|Scenario2|Activity 1|#  9|base.verbose(text) - executing verbose(text)($(array|length|${linkArray}))
2019-07-29 16:02:29,976|I|Thread-1|secondAssignment.20190729_160213.001|Scenario2|Activity 1|#  9|base.verbose(text) - 0
2019-07-29 16:02:29,986|I|Thread-1|secondAssignment.20190729_160213.001|Scenario2|Activity 1|#  9|base.verbose(text) - PASS 
2019-07-29 16:02:30,182|I|Thread-1|[secondAssignment.20190729_160213.001|Scenario2] saving test scenario
2019-07-29 16:02:30,273|I|Thread-1|[20190729_160212] 
/-TEST COMPLETE-----------------------------------------------------------------
| Test Output:    C:\projects\secondAssignment\output\20190729_160212\secondAssignment.20190729_160213.001.xlsx
| Iteration:      1
\-------------------------------------------------------------------------------
» Execution Time: 14070 ms
» Test Steps:     5
» Error(s):       1



2019-07-29 16:02:31,058|I|Thread-1|[20190729_160212] 
/-TEST COMPLETE-----------------------------------------------------------------
| Test Script:    C:\projects\secondAssignment\artifact\script\secondAssignment.xlsx
\-------------------------------------------------------------------------------
» Execution Time: 18064 ms
» Iterations:     [1] total 1
» Test Steps:     5
» Passed:         4
» Error(s):       1
» Iteration 1 of 1: C:\projects\secondAssignment\output\20190729_160212\secondAssignment.20190729_160213.001.xlsx



2019-07-29 16:02:31,964|I|main|[20190729_160212] [C:\projects\secondAssignment\artifact\script\secondAssignment.xlsx] now completed
2019-07-29 16:02:31,967|I|main|[20190729_160212] all execution thread(s) have terminated
2019-07-29 16:02:31,970|I|main|[20190729_160212] test run completed in about 19 seconds
2019-07-29 16:02:32,058|I|main|No predefined nexial-setup found
2019-07-29 16:02:32,090|I|main|outputBase not set; output-to-cloud DISABLED!
2019-07-29 16:02:32,090|I|main|accessKey not set; output-to-cloud DISABLED!
2019-07-29 16:02:32,091|I|main|secretKey not set; output-to-cloud DISABLED!
2019-07-29 16:02:32,092|I|main|generating HTML output for this execution to C:\projects\secondAssignment\output\20190729_160212\execution-output.html
2019-07-29 16:02:32,792|I|main|generating JUnit XML output for this execution to C:\projects\secondAssignment\output\20190729_160212\junit.xml
2019-07-29 16:02:32,841|I|main|generated JUnit report for this execution: C:\projects\secondAssignment\output\20190729_160212\junit.xml
2019-07-29 16:02:32,843|I|main|nexial mailer not enabled: nexial.enableEmail=false
2019-07-29 16:02:32,843|I|main|skipped email notification as configured
2019-07-29 16:02:32,845|I|main|exiting Nexial...
2019-07-29 16:02:32,846|I|main|shutdown starts...
2019-07-29 16:02:32,848|I|main|Shutting down 'chrome' webdriver...
2019-07-29 16:02:42,536|I|main|shutdown ends...
2019-07-29 16:02:42,540|I|main|

/-END OF EXECUTION--------------------------------------------------------------
| » Execution Time: 19 sec.
| » Test Steps....: 5
| » Passed........: 4
| » Failed........: 1
| » Success Rate..: 80.00%
\----------------------------------------------------------nexial-core 2.4_0567-

2019-07-29 16:02:42,546|E|main|failure found; success rate is 80.00%
2019-07-29 16:02:42,551|I|main|End of Execution:
NEXIAL_OUTPUT:         C:\projects\secondAssignment\output\20190729_160212
NEXIAL_EXECUTION_HTML: C:\projects\secondAssignment\output\20190729_160212\execution-output.html
NEXIAL_JUNIT_XML:      C:\projects\secondAssignment\output\20190729_160212\junit.xml
NEXIAL_SUCCESS_RATE:   80.00%
NEXIAL_EXIT_STATUS:    -13
