2019-07-29 10:53:38,121|I|Thread-1|(DELAYED) nexial-core 2.4_0567 starting up...
2019-07-29 10:53:38,125|I|Thread-1|(DELAYED) data file resolved as C:\Users\DEEPAN~1.PAT\AppData\Local\Temp\WqDbj\secondAssignment.data.xlsx
2019-07-29 10:53:38,125|I|Thread-1|(DELAYED) input files and output directory resolved...
2019-07-29 10:53:38,125|I|Thread-1|(DELAYED) No predefined nexial-setup found
2019-07-29 10:53:38,125|I|Thread-1|(DELAYED) [20190729_105337] [C:\projects\secondAssignment\artifact\script\secondAssignment.xlsx] resolve RUN ID as 20190729_105337
2019-07-29 10:53:38,125|I|Thread-1|(DELAYED) [20190729_105337] [C:\projects\secondAssignment\artifact\script\secondAssignment.xlsx] new thread started
2019-07-29 10:53:38,126|I|Thread-1|No predefined nexial-setup found
2019-07-29 10:53:38,193|I|Thread-1|outputBase not set; output-to-cloud DISABLED!
2019-07-29 10:53:38,194|I|Thread-1|accessKey not set; output-to-cloud DISABLED!
2019-07-29 10:53:38,194|I|Thread-1|secretKey not set; output-to-cloud DISABLED!
2019-07-29 10:53:38,215|I|Thread-1|missing REQUIRED configuration; sms DISABLED!
2019-07-29 10:53:39,028|I|Thread-1|[20190729_105337] executing C:\projects\secondAssignment\artifact\script\secondAssignment.xlsx with 1 iteration(s)
2019-07-29 10:53:39,042|I|Thread-1|[20190729_105337] create directory C:\projects\secondAssignment\output\20190729_105337\captures
2019-07-29 10:53:39,042|I|Thread-1|[20190729_105337] create directory C:\projects\secondAssignment\output\20190729_105337\logs
2019-07-29 10:53:39,802|I|Thread-1|[20190729_105337] merging test data to tmp file C:\projects\secondAssignment\output\20190729_105337\secondAssignment.20190729_105339.001.xlsx
2019-07-29 10:53:39,803|I|Thread-1|refetching data from C:\projects\secondAssignment\artifact\data\secondAssignment.data.xlsx
2019-07-29 10:53:40,121|I|Thread-1|[20190729_105337] test script and test data merged to C:\projects\secondAssignment\output\20190729_105337\secondAssignment.20190729_105339.001.xlsx
2019-07-29 10:53:40,860|I|Thread-1|STARTS
2019-07-29 10:53:40,887|I|Thread-1|secondAssignment.20190729_105339.001 - executing iteration #1 of 1; Iteration Id 1
2019-07-29 10:53:40,896|I|Thread-1|secondAssignment.20190729_105339.001|Scenario - executing test scenario
2019-07-29 10:53:40,898|I|Thread-1|secondAssignment.20190729_105339.001|Scenario|Activity 1 - executing activity
2019-07-29 10:53:41,500|I|Thread-1|secondAssignment.20190729_105339.001|Scenario|Activity 1|#  5|web.open(url) - executing open(url)(https://opensource-demo.orangehrmlive.com/)
2019-07-29 10:53:41,505|I|Thread-1|No valid instance of webdriver, initializing...
2019-07-29 10:53:41,508|I|Thread-1|init chrome
2019-07-29 10:53:47,409|I|Thread-1|browser initialization completed for 'chrome'
2019-07-29 10:53:47,419|I|Thread-1|setting browser polling wait time to 800 ms
2019-07-29 10:53:47,423|I|Thread-1|setting browser page load timeout to 10000 ms
2019-07-29 10:53:51,745|I|Thread-1|current browser window handle:CDwindow-E3F7203A82FAB012FF4A5FD6C35438D1
2019-07-29 10:53:51,768|I|Thread-1|secondAssignment.20190729_105339.001|Scenario|Activity 1|#  5|web.open(url) - PASS opened URL https://opensource-demo.orangehrmlive.com/
2019-07-29 10:53:52,372|I|Thread-1|secondAssignment.20190729_105339.001|Scenario|Activity 1|#  6|web.type(locator,value) - executing type(locator,value)(//*[@id="txtUsername"], Admin)
2019-07-29 10:53:52,570|I|Thread-1|secondAssignment.20190729_105339.001|Scenario|Activity 1|#  6|web.type(locator,value) - PASS typed text at '//*[@id="txtUsername"]'
2019-07-29 10:53:53,181|I|Thread-1|secondAssignment.20190729_105339.001|Scenario|Activity 1|#  7|web.type(locator,value) - executing type(locator,value)(//*[@id="txtPassword"], admin123)
2019-07-29 10:53:53,346|I|Thread-1|secondAssignment.20190729_105339.001|Scenario|Activity 1|#  7|web.type(locator,value) - PASS typed text at '//*[@id="txtPassword"]'
2019-07-29 10:53:53,949|I|Thread-1|secondAssignment.20190729_105339.001|Scenario|Activity 1|#  8|web.click(locator) - executing click(locator)(//*[@id="btnLogin"])
2019-07-29 10:53:53,986|I|Thread-1|clicking '//*[@id="btnLogin"]'...
2019-07-29 10:53:54,004|I|Thread-1|click target via JS, @id=btnLogin
2019-07-29 10:53:55,755|I|Thread-1|clicked -> true
2019-07-29 10:53:55,757|I|Thread-1|secondAssignment.20190729_105339.001|Scenario|Activity 1|#  8|web.click(locator) - PASS click via JS event
2019-07-29 10:53:56,362|I|Thread-1|secondAssignment.20190729_105339.001|Scenario|Activity 1|#  9|web.click(locator) - executing click(locator)(//*[@id="menu_pim_viewPimModule"]/b)
2019-07-29 10:53:57,395|I|Thread-1|clicking '//*[@id="menu_pim_viewPimModule"]/b'...
2019-07-29 10:53:57,407|I|Thread-1|click target via JS, @id=
2019-07-29 10:53:58,622|I|Thread-1|clicked -> true
2019-07-29 10:53:58,625|I|Thread-1|secondAssignment.20190729_105339.001|Scenario|Activity 1|#  9|web.click(locator) - PASS click via JS event
2019-07-29 10:53:59,228|I|Thread-1|secondAssignment.20190729_105339.001|Scenario|Activity 1|# 10|web.click(locator) - executing click(locator)(//*[@id="btnAdd"])
2019-07-29 10:53:59,289|I|Thread-1|clicking '//*[@id="btnAdd"]'...
2019-07-29 10:53:59,304|I|Thread-1|click target via JS, @id=btnAdd
2019-07-29 10:53:59,990|I|Thread-1|clicked -> true
2019-07-29 10:53:59,991|I|Thread-1|secondAssignment.20190729_105339.001|Scenario|Activity 1|# 10|web.click(locator) - PASS click via JS event
2019-07-29 10:54:00,592|I|Thread-1|secondAssignment.20190729_105339.001|Scenario|Activity 1|# 11|web.type(locator,value) - executing type(locator,value)(//*[@id="firstName"], Deepankar)
2019-07-29 10:54:00,782|I|Thread-1|secondAssignment.20190729_105339.001|Scenario|Activity 1|# 11|web.type(locator,value) - PASS typed text at '//*[@id="firstName"]'
2019-07-29 10:54:01,386|I|Thread-1|secondAssignment.20190729_105339.001|Scenario|Activity 1|# 12|web.type(locator,value) - executing type(locator,value)(//*[@id="lastName"], Pathak)
2019-07-29 10:54:01,564|I|Thread-1|secondAssignment.20190729_105339.001|Scenario|Activity 1|# 12|web.type(locator,value) - PASS typed text at '//*[@id="lastName"]'
2019-07-29 10:54:02,169|I|Thread-1|secondAssignment.20190729_105339.001|Scenario|Activity 1|# 13|web.type(locator,value) - executing type(locator,value)(//*[@id="employeeId"], 1055)
2019-07-29 10:54:02,377|I|Thread-1|secondAssignment.20190729_105339.001|Scenario|Activity 1|# 13|web.type(locator,value) - PASS typed text at '//*[@id="employeeId"]'
2019-07-29 10:54:02,981|I|Thread-1|secondAssignment.20190729_105339.001|Scenario|Activity 1|# 14|web.click(locator) - executing click(locator)(//*[@id="chkLogin"])
2019-07-29 10:54:03,036|I|Thread-1|clicking '//*[@id="chkLogin"]'...
2019-07-29 10:54:03,054|I|Thread-1|click target via JS, @id=chkLogin
2019-07-29 10:54:03,081|I|Thread-1|clicked -> true
2019-07-29 10:54:03,082|I|Thread-1|secondAssignment.20190729_105339.001|Scenario|Activity 1|# 14|web.click(locator) - PASS click via JS event
2019-07-29 10:54:03,685|I|Thread-1|secondAssignment.20190729_105339.001|Scenario|Activity 1|# 15|web.type(locator,value) - executing type(locator,value)(//*[@id="user_name"], deep3008)
2019-07-29 10:54:03,842|I|Thread-1|secondAssignment.20190729_105339.001|Scenario|Activity 1|# 15|web.type(locator,value) - PASS typed text at '//*[@id="user_name"]'
2019-07-29 10:54:04,447|I|Thread-1|secondAssignment.20190729_105339.001|Scenario|Activity 1|# 16|web.type(locator,value) - executing type(locator,value)(//*[@id="user_password"], deepankar)
2019-07-29 10:54:04,662|I|Thread-1|secondAssignment.20190729_105339.001|Scenario|Activity 1|# 16|web.type(locator,value) - PASS typed text at '//*[@id="user_password"]'
2019-07-29 10:54:05,265|I|Thread-1|secondAssignment.20190729_105339.001|Scenario|Activity 1|# 17|web.type(locator,value) - executing type(locator,value)(//*[@id="re_password"], deepankar)
2019-07-29 10:54:05,494|I|Thread-1|secondAssignment.20190729_105339.001|Scenario|Activity 1|# 17|web.type(locator,value) - PASS typed text at '//*[@id="re_password"]'
2019-07-29 10:54:06,097|I|Thread-1|secondAssignment.20190729_105339.001|Scenario|Activity 1|# 18|web.click(locator) - executing click(locator)(//*[@id="btnSave"])
2019-07-29 10:54:06,146|I|Thread-1|clicking '//*[@id="btnSave"]'...
2019-07-29 10:54:06,167|I|Thread-1|click target via JS, @id=btnSave
2019-07-29 10:54:07,118|I|Thread-1|clicked -> true
2019-07-29 10:54:07,122|I|Thread-1|secondAssignment.20190729_105339.001|Scenario|Activity 1|# 18|web.click(locator) - PASS click via JS event
2019-07-29 10:54:07,726|I|Thread-1|secondAssignment.20190729_105339.001|Scenario|Activity 1|# 19|web.click(locator) - executing click(locator)(//*[@id="menu_admin_viewAdminModule"]/b)
2019-07-29 10:54:07,780|I|Thread-1|clicking '//*[@id="menu_admin_viewAdminModule"]/b'...
2019-07-29 10:54:07,796|I|Thread-1|click target via JS, @id=
2019-07-29 10:54:08,955|I|Thread-1|clicked -> true
2019-07-29 10:54:08,957|I|Thread-1|secondAssignment.20190729_105339.001|Scenario|Activity 1|# 19|web.click(locator) - PASS click via JS event
2019-07-29 10:54:09,560|I|Thread-1|secondAssignment.20190729_105339.001|Scenario|Activity 1|# 20|web.type(locator,value) - executing type(locator,value)(//*[@id="searchSystemUser_userName"], deep3008)
2019-07-29 10:54:09,737|I|Thread-1|secondAssignment.20190729_105339.001|Scenario|Activity 1|# 20|web.type(locator,value) - PASS typed text at '//*[@id="searchSystemUser_userName"]'
2019-07-29 10:54:10,340|I|Thread-1|secondAssignment.20190729_105339.001|Scenario|Activity 1|# 21|web.type(locator,value) - executing type(locator,value)(//*[@id="searchSystemUser_employeeName_empName"], Deepankar Pathak)
2019-07-29 10:54:10,532|I|Thread-1|secondAssignment.20190729_105339.001|Scenario|Activity 1|# 21|web.type(locator,value) - PASS typed text at '//*[@id="searchSystemUser_employeeName_empName"]'
2019-07-29 10:54:11,137|I|Thread-1|secondAssignment.20190729_105339.001|Scenario|Activity 1|# 22|web.click(locator) - executing click(locator)(//*[@id="searchBtn"])
2019-07-29 10:54:11,181|I|Thread-1|clicking '//*[@id="searchBtn"]'...
2019-07-29 10:54:11,193|I|Thread-1|click target via JS, @id=searchBtn
2019-07-29 10:54:11,611|I|Thread-1|clicked -> true
2019-07-29 10:54:11,611|I|Thread-1|secondAssignment.20190729_105339.001|Scenario|Activity 1|# 22|web.click(locator) - PASS click via JS event
2019-07-29 10:54:11,889|I|Thread-1|[secondAssignment.20190729_105339.001|Scenario] saving test scenario
2019-07-29 10:54:12,031|I|Thread-1|[20190729_105337] 
/-TEST COMPLETE-----------------------------------------------------------------
| Test Output:    C:\projects\secondAssignment\output\20190729_105337\secondAssignment.20190729_105339.001.xlsx
| Iteration:      1
\-------------------------------------------------------------------------------
» Execution Time: 31139 ms
» Test Steps:     18
» Error(s):       0



2019-07-29 10:54:13,001|I|Thread-1|[20190729_105337] 
/-TEST COMPLETE-----------------------------------------------------------------
| Test Script:    C:\projects\secondAssignment\artifact\script\secondAssignment.xlsx
\-------------------------------------------------------------------------------
» Execution Time: 35087 ms
» Iterations:     [1] total 1
» Test Steps:     18
» Passed:         18
» Error(s):       0
» Iteration 1 of 1: C:\projects\secondAssignment\output\20190729_105337\secondAssignment.20190729_105339.001.xlsx



2019-07-29 10:54:13,873|I|main|[20190729_105337] [C:\projects\secondAssignment\artifact\script\secondAssignment.xlsx] now completed
2019-07-29 10:54:13,876|I|main|[20190729_105337] all execution thread(s) have terminated
2019-07-29 10:54:13,878|I|main|[20190729_105337] test run completed in about 36 seconds
2019-07-29 10:54:13,995|I|main|No predefined nexial-setup found
2019-07-29 10:54:14,032|I|main|outputBase not set; output-to-cloud DISABLED!
2019-07-29 10:54:14,033|I|main|accessKey not set; output-to-cloud DISABLED!
2019-07-29 10:54:14,033|I|main|secretKey not set; output-to-cloud DISABLED!
2019-07-29 10:54:14,035|I|main|generating HTML output for this execution to C:\projects\secondAssignment\output\20190729_105337\execution-output.html
2019-07-29 10:54:14,738|I|main|generating JUnit XML output for this execution to C:\projects\secondAssignment\output\20190729_105337\junit.xml
2019-07-29 10:54:14,797|I|main|generated JUnit report for this execution: C:\projects\secondAssignment\output\20190729_105337\junit.xml
2019-07-29 10:54:14,798|I|main|nexial mailer not enabled: nexial.enableEmail=false
2019-07-29 10:54:14,799|I|main|skipped email notification as configured
2019-07-29 10:54:14,800|I|main|exiting Nexial...
2019-07-29 10:54:14,802|I|main|shutdown starts...
2019-07-29 10:54:14,805|I|main|Shutting down 'chrome' webdriver...
2019-07-29 10:54:20,498|I|main|shutdown ends...
2019-07-29 10:54:20,518|I|main|

/-END OF EXECUTION--------------------------------------------------------------
| » Execution Time: 36 sec.
| » Test Steps....: 18
| » Passed........: 18
| » Failed........: 0
| » Success Rate..: 100.00%
\----------------------------------------------------------nexial-core 2.4_0567-

2019-07-29 10:54:20,520|I|main|ALL PASSED!
2019-07-29 10:54:20,525|I|main|End of Execution:
NEXIAL_OUTPUT:         C:\projects\secondAssignment\output\20190729_105337
NEXIAL_EXECUTION_HTML: C:\projects\secondAssignment\output\20190729_105337\execution-output.html
NEXIAL_JUNIT_XML:      C:\projects\secondAssignment\output\20190729_105337\junit.xml
NEXIAL_SUCCESS_RATE:   100.00%
NEXIAL_EXIT_STATUS:    0
