2019-07-29 11:44:05,040|I|Thread-1|(DELAYED) nexial-core 2.4_0567 starting up...
2019-07-29 11:44:05,045|I|Thread-1|(DELAYED) data file resolved as C:\Users\DEEPAN~1.PAT\AppData\Local\Temp\Crduq\secondAssignment.data.xlsx
2019-07-29 11:44:05,045|I|Thread-1|(DELAYED) input files and output directory resolved...
2019-07-29 11:44:05,045|I|Thread-1|(DELAYED) No predefined nexial-setup found
2019-07-29 11:44:05,045|I|Thread-1|(DELAYED) [20190729_114404] [C:\projects\secondAssignment\artifact\script\secondAssignment.xlsx] resolve RUN ID as 20190729_114404
2019-07-29 11:44:05,045|I|Thread-1|(DELAYED) [20190729_114404] [C:\projects\secondAssignment\artifact\script\secondAssignment.xlsx] new thread started
2019-07-29 11:44:05,045|I|Thread-1|No predefined nexial-setup found
2019-07-29 11:44:05,129|I|Thread-1|outputBase not set; output-to-cloud DISABLED!
2019-07-29 11:44:05,130|I|Thread-1|accessKey not set; output-to-cloud DISABLED!
2019-07-29 11:44:05,130|I|Thread-1|secretKey not set; output-to-cloud DISABLED!
2019-07-29 11:44:05,151|I|Thread-1|missing REQUIRED configuration; sms DISABLED!
2019-07-29 11:44:05,906|I|Thread-1|[20190729_114404] executing C:\projects\secondAssignment\artifact\script\secondAssignment.xlsx with 1 iteration(s)
2019-07-29 11:44:05,912|I|Thread-1|[20190729_114404] create directory C:\projects\secondAssignment\output\20190729_114404\captures
2019-07-29 11:44:05,913|I|Thread-1|[20190729_114404] create directory C:\projects\secondAssignment\output\20190729_114404\logs
2019-07-29 11:44:06,626|I|Thread-1|[20190729_114404] merging test data to tmp file C:\projects\secondAssignment\output\20190729_114404\secondAssignment.20190729_114405.001.xlsx
2019-07-29 11:44:06,628|I|Thread-1|refetching data from C:\projects\secondAssignment\artifact\data\secondAssignment.data.xlsx
2019-07-29 11:44:06,936|I|Thread-1|[20190729_114404] test script and test data merged to C:\projects\secondAssignment\output\20190729_114404\secondAssignment.20190729_114405.001.xlsx
2019-07-29 11:44:07,671|I|Thread-1|STARTS
2019-07-29 11:44:07,702|I|Thread-1|secondAssignment.20190729_114405.001 - executing iteration #1 of 1; Iteration Id 1
2019-07-29 11:44:07,709|I|Thread-1|secondAssignment.20190729_114405.001|Scenario - executing test scenario
2019-07-29 11:44:07,711|I|Thread-1|secondAssignment.20190729_114405.001|Scenario|Activity 1 - executing activity
2019-07-29 11:44:08,313|I|Thread-1|secondAssignment.20190729_114405.001|Scenario|Activity 1|#  5|web.open(url) - executing open(url)(https://opensource-demo.orangehrmlive.com/)
2019-07-29 11:44:08,319|I|Thread-1|No valid instance of webdriver, initializing...
2019-07-29 11:44:08,321|I|Thread-1|init chrome
2019-07-29 11:44:14,239|I|Thread-1|browser initialization completed for 'chrome'
2019-07-29 11:44:14,249|I|Thread-1|setting browser polling wait time to 800 ms
2019-07-29 11:44:14,252|I|Thread-1|setting browser page load timeout to 10000 ms
2019-07-29 11:44:18,893|I|Thread-1|current browser window handle:CDwindow-C2ED97D5222EA82BC612EC87F085A728
2019-07-29 11:44:18,912|I|Thread-1|secondAssignment.20190729_114405.001|Scenario|Activity 1|#  5|web.open(url) - PASS opened URL https://opensource-demo.orangehrmlive.com/
2019-07-29 11:44:19,516|I|Thread-1|secondAssignment.20190729_114405.001|Scenario|Activity 1|#  6|web.type(locator,value) - executing type(locator,value)(//*[@id="txtUsername"], Admin)
2019-07-29 11:44:19,686|I|Thread-1|secondAssignment.20190729_114405.001|Scenario|Activity 1|#  6|web.type(locator,value) - PASS typed text at '//*[@id="txtUsername"]'
2019-07-29 11:44:20,289|I|Thread-1|secondAssignment.20190729_114405.001|Scenario|Activity 1|#  7|web.type(locator,value) - executing type(locator,value)(//*[@id="txtPassword"], admin123)
2019-07-29 11:44:20,434|I|Thread-1|secondAssignment.20190729_114405.001|Scenario|Activity 1|#  7|web.type(locator,value) - PASS typed text at '//*[@id="txtPassword"]'
2019-07-29 11:44:21,036|I|Thread-1|secondAssignment.20190729_114405.001|Scenario|Activity 1|#  8|web.click(locator) - executing click(locator)(//*[@id="btnLogin"])
2019-07-29 11:44:21,085|I|Thread-1|clicking '//*[@id="btnLogin"]'...
2019-07-29 11:44:21,098|I|Thread-1|click target via JS, @id=btnLogin
2019-07-29 11:44:24,734|I|Thread-1|clicked -> true
2019-07-29 11:44:24,735|I|Thread-1|secondAssignment.20190729_114405.001|Scenario|Activity 1|#  8|web.click(locator) - PASS click via JS event
2019-07-29 11:44:25,338|I|Thread-1|secondAssignment.20190729_114405.001|Scenario|Activity 1|#  9|web.click(locator) - executing click(locator)(//*[@id="menu_pim_viewPimModule"]/b)
2019-07-29 11:44:25,396|I|Thread-1|clicking '//*[@id="menu_pim_viewPimModule"]/b'...
2019-07-29 11:44:25,413|I|Thread-1|click target via JS, @id=
2019-07-29 11:44:26,694|I|Thread-1|clicked -> true
2019-07-29 11:44:26,696|I|Thread-1|secondAssignment.20190729_114405.001|Scenario|Activity 1|#  9|web.click(locator) - PASS click via JS event
2019-07-29 11:44:27,302|I|Thread-1|secondAssignment.20190729_114405.001|Scenario|Activity 1|# 10|web.click(locator) - executing click(locator)(//*[@id="btnAdd"])
2019-07-29 11:44:27,349|I|Thread-1|clicking '//*[@id="btnAdd"]'...
2019-07-29 11:44:27,361|I|Thread-1|click target via JS, @id=btnAdd
2019-07-29 11:44:28,067|I|Thread-1|clicked -> true
2019-07-29 11:44:28,068|I|Thread-1|secondAssignment.20190729_114405.001|Scenario|Activity 1|# 10|web.click(locator) - PASS click via JS event
2019-07-29 11:44:28,672|I|Thread-1|secondAssignment.20190729_114405.001|Scenario|Activity 1|# 11|web.type(locator,value) - executing type(locator,value)(//*[@id="firstName"], Deepankar)
2019-07-29 11:44:28,848|I|Thread-1|secondAssignment.20190729_114405.001|Scenario|Activity 1|# 11|web.type(locator,value) - PASS typed text at '//*[@id="firstName"]'
2019-07-29 11:44:29,452|I|Thread-1|secondAssignment.20190729_114405.001|Scenario|Activity 1|# 12|web.type(locator,value) - executing type(locator,value)(//*[@id="lastName"], Pathak)
2019-07-29 11:44:29,630|I|Thread-1|secondAssignment.20190729_114405.001|Scenario|Activity 1|# 12|web.type(locator,value) - PASS typed text at '//*[@id="lastName"]'
2019-07-29 11:44:30,233|I|Thread-1|secondAssignment.20190729_114405.001|Scenario|Activity 1|# 13|web.type(locator,value) - executing type(locator,value)(//*[@id="employeeId"], 1060)
2019-07-29 11:44:30,420|I|Thread-1|secondAssignment.20190729_114405.001|Scenario|Activity 1|# 13|web.type(locator,value) - PASS typed text at '//*[@id="employeeId"]'
2019-07-29 11:44:31,024|I|Thread-1|secondAssignment.20190729_114405.001|Scenario|Activity 1|# 14|web.click(locator) - executing click(locator)(//*[@id="chkLogin"])
2019-07-29 11:44:31,067|I|Thread-1|clicking '//*[@id="chkLogin"]'...
2019-07-29 11:44:31,081|I|Thread-1|click target via JS, @id=chkLogin
2019-07-29 11:44:31,111|I|Thread-1|clicked -> true
2019-07-29 11:44:31,113|I|Thread-1|secondAssignment.20190729_114405.001|Scenario|Activity 1|# 14|web.click(locator) - PASS click via JS event
2019-07-29 11:44:31,715|I|Thread-1|secondAssignment.20190729_114405.001|Scenario|Activity 1|# 15|web.type(locator,value) - executing type(locator,value)(//*[@id="user_name"], deepankar.pathak)
2019-07-29 11:44:31,906|I|Thread-1|secondAssignment.20190729_114405.001|Scenario|Activity 1|# 15|web.type(locator,value) - PASS typed text at '//*[@id="user_name"]'
2019-07-29 11:44:32,510|I|Thread-1|secondAssignment.20190729_114405.001|Scenario|Activity 1|# 16|web.type(locator,value) - executing type(locator,value)(//*[@id="user_password"], deepankar)
2019-07-29 11:44:32,682|I|Thread-1|secondAssignment.20190729_114405.001|Scenario|Activity 1|# 16|web.type(locator,value) - PASS typed text at '//*[@id="user_password"]'
2019-07-29 11:44:33,287|I|Thread-1|secondAssignment.20190729_114405.001|Scenario|Activity 1|# 17|web.type(locator,value) - executing type(locator,value)(//*[@id="re_password"], deepankar)
2019-07-29 11:44:33,453|I|Thread-1|secondAssignment.20190729_114405.001|Scenario|Activity 1|# 17|web.type(locator,value) - PASS typed text at '//*[@id="re_password"]'
2019-07-29 11:44:34,057|I|Thread-1|secondAssignment.20190729_114405.001|Scenario|Activity 1|# 18|web.click(locator) - executing click(locator)(//*[@id="btnSave"])
2019-07-29 11:44:34,103|I|Thread-1|clicking '//*[@id="btnSave"]'...
2019-07-29 11:44:34,121|I|Thread-1|click target via JS, @id=btnSave
2019-07-29 11:44:35,144|I|Thread-1|clicked -> true
2019-07-29 11:44:35,147|I|Thread-1|secondAssignment.20190729_114405.001|Scenario|Activity 1|# 18|web.click(locator) - PASS click via JS event
2019-07-29 11:44:35,756|I|Thread-1|secondAssignment.20190729_114405.001|Scenario|Activity 1|# 19|web.click(locator) - executing click(locator)(//*[@id="menu_admin_viewAdminModule"]/b)
2019-07-29 11:44:35,805|I|Thread-1|clicking '//*[@id="menu_admin_viewAdminModule"]/b'...
2019-07-29 11:44:35,821|I|Thread-1|click target via JS, @id=
2019-07-29 11:44:37,026|I|Thread-1|clicked -> true
2019-07-29 11:44:37,029|I|Thread-1|secondAssignment.20190729_114405.001|Scenario|Activity 1|# 19|web.click(locator) - PASS click via JS event
2019-07-29 11:44:37,630|I|Thread-1|secondAssignment.20190729_114405.001|Scenario|Activity 1|# 20|web.type(locator,value) - executing type(locator,value)(//*[@id="searchSystemUser_userName"], deepankar.pathak)
2019-07-29 11:44:37,818|I|Thread-1|secondAssignment.20190729_114405.001|Scenario|Activity 1|# 20|web.type(locator,value) - PASS typed text at '//*[@id="searchSystemUser_userName"]'
2019-07-29 11:44:38,422|I|Thread-1|secondAssignment.20190729_114405.001|Scenario|Activity 1|# 21|web.type(locator,value) - executing type(locator,value)(//*[@id="searchSystemUser_employeeName_empName"], Deepankar Pathak)
2019-07-29 11:44:38,609|I|Thread-1|secondAssignment.20190729_114405.001|Scenario|Activity 1|# 21|web.type(locator,value) - PASS typed text at '//*[@id="searchSystemUser_employeeName_empName"]'
2019-07-29 11:44:39,212|I|Thread-1|secondAssignment.20190729_114405.001|Scenario|Activity 1|# 22|web.click(locator) - executing click(locator)(//*[@id="searchBtn"])
2019-07-29 11:44:39,264|I|Thread-1|clicking '//*[@id="searchBtn"]'...
2019-07-29 11:44:39,277|I|Thread-1|click target via JS, @id=searchBtn
2019-07-29 11:44:39,700|I|Thread-1|clicked -> true
2019-07-29 11:44:39,701|I|Thread-1|secondAssignment.20190729_114405.001|Scenario|Activity 1|# 22|web.click(locator) - PASS click via JS event
2019-07-29 11:44:40,303|I|Thread-1|secondAssignment.20190729_114405.001|Scenario|Activity 1|# 23|web.click(locator) - executing click(locator)(//*[@id="menu_leave_viewLeaveModule"]/b)
2019-07-29 11:44:40,359|I|Thread-1|clicking '//*[@id="menu_leave_viewLeaveModule"]/b'...
2019-07-29 11:44:40,374|I|Thread-1|click target via JS, @id=
2019-07-29 11:44:41,880|I|Thread-1|clicked -> true
2019-07-29 11:44:41,882|I|Thread-1|secondAssignment.20190729_114405.001|Scenario|Activity 1|# 23|web.click(locator) - PASS click via JS event
2019-07-29 11:44:42,485|I|Thread-1|secondAssignment.20190729_114405.001|Scenario|Activity 1|# 24|web.click(locator) - executing click(locator)(//*[@id="menu_leave_assignLeave"])
2019-07-29 11:44:42,542|I|Thread-1|clicking '//*[@id="menu_leave_assignLeave"]'...
2019-07-29 11:44:42,551|I|Thread-1|click target via JS, @id=menu_leave_assignLeave
2019-07-29 11:44:43,292|I|Thread-1|clicked -> true
2019-07-29 11:44:43,293|I|Thread-1|secondAssignment.20190729_114405.001|Scenario|Activity 1|# 24|web.click(locator) - PASS click via JS event
2019-07-29 11:44:43,895|I|Thread-1|secondAssignment.20190729_114405.001|Scenario|Activity 1|# 25|web.type(locator,value) - executing type(locator,value)(//*[@id="assignleave_txtEmployee_empName"], Deepankar Pathak)
2019-07-29 11:44:44,119|I|Thread-1|secondAssignment.20190729_114405.001|Scenario|Activity 1|# 25|web.type(locator,value) - PASS typed text at '//*[@id="assignleave_txtEmployee_empName"]'
2019-07-29 11:44:44,723|I|Thread-1|secondAssignment.20190729_114405.001|Scenario|Activity 1|# 26|web.select(locator,text) - executing select(locator,text)(//*[@id="assignleave_txtLeaveType"], Vacation US)
2019-07-29 11:44:44,890|I|Thread-1|secondAssignment.20190729_114405.001|Scenario|Activity 1|# 26|web.select(locator,text) - PASS selected 'Vacation US' from '//*[@id="assignleave_txtLeaveType"]'
2019-07-29 11:44:45,495|I|Thread-1|secondAssignment.20190729_114405.001|Scenario|Activity 1|# 27|web.click(locator) - executing click(locator)(//*[@id="frmLeaveApply"]/fieldset/ol/li[4]/img)
2019-07-29 11:44:45,554|I|Thread-1|clicking '//*[@id="frmLeaveApply"]/fieldset/ol/li[4]/img'...
2019-07-29 11:44:45,566|I|Thread-1|click target via JS, @id=
2019-07-29 11:44:45,624|I|Thread-1|clicked -> true
2019-07-29 11:44:45,626|I|Thread-1|secondAssignment.20190729_114405.001|Scenario|Activity 1|# 27|web.click(locator) - PASS click via JS event
2019-07-29 11:44:46,228|I|Thread-1|secondAssignment.20190729_114405.001|Scenario|Activity 1|# 28|web.click(locator) - executing click(locator)(//*[@id="ui-datepicker-div"]/table/tbody/tr[5]/td[2]/a)
2019-07-29 11:44:46,278|I|Thread-1|clicking '//*[@id="ui-datepicker-div"]/table/tbody/tr[5]/td[2]/a'...
2019-07-29 11:44:46,292|I|Thread-1|click target via JS, @id=
2019-07-29 11:44:46,313|I|Thread-1|clicked -> true
2019-07-29 11:44:46,314|I|Thread-1|secondAssignment.20190729_114405.001|Scenario|Activity 1|# 28|web.click(locator) - PASS click via JS event
2019-07-29 11:44:46,918|I|Thread-1|secondAssignment.20190729_114405.001|Scenario|Activity 1|# 29|web.click(locator) - executing click(locator)(//*[@id="frmLeaveApply"]/fieldset/ol/li[5]/img)
2019-07-29 11:44:46,981|I|Thread-1|clicking '//*[@id="frmLeaveApply"]/fieldset/ol/li[5]/img'...
2019-07-29 11:44:47,009|I|Thread-1|click target via JS, @id=
2019-07-29 11:44:47,097|I|Thread-1|clicked -> true
2019-07-29 11:44:47,099|I|Thread-1|secondAssignment.20190729_114405.001|Scenario|Activity 1|# 29|web.click(locator) - PASS click via JS event
2019-07-29 11:44:47,707|I|Thread-1|secondAssignment.20190729_114405.001|Scenario|Activity 1|# 30|web.click(locator) - executing click(locator)(//*[@id="ui-datepicker-div"]/table/tbody/tr[5]/td[3]/a)
2019-07-29 11:44:47,765|I|Thread-1|clicking '//*[@id="ui-datepicker-div"]/table/tbody/tr[5]/td[3]/a'...
2019-07-29 11:44:47,781|I|Thread-1|click target via JS, @id=
2019-07-29 11:44:47,820|I|Thread-1|clicked -> true
2019-07-29 11:44:47,821|I|Thread-1|secondAssignment.20190729_114405.001|Scenario|Activity 1|# 30|web.click(locator) - PASS click via JS event
2019-07-29 11:44:48,424|I|Thread-1|secondAssignment.20190729_114405.001|Scenario|Activity 1|# 31|web.type(locator,value) - executing type(locator,value)(//*[@id="assignleave_txtComment"], Sick Leave)
2019-07-29 11:44:48,593|I|Thread-1|secondAssignment.20190729_114405.001|Scenario|Activity 1|# 31|web.type(locator,value) - PASS typed text at '//*[@id="assignleave_txtComment"]'
2019-07-29 11:44:49,196|I|Thread-1|secondAssignment.20190729_114405.001|Scenario|Activity 1|# 32|web.click(locator) - executing click(locator)(//*[@id="assignBtn"])
2019-07-29 11:44:49,262|I|Thread-1|clicking '//*[@id="assignBtn"]'...
2019-07-29 11:44:49,269|I|Thread-1|click target via JS, @id=assignBtn
2019-07-29 11:44:49,289|I|Thread-1|clicked -> true
2019-07-29 11:44:49,290|I|Thread-1|secondAssignment.20190729_114405.001|Scenario|Activity 1|# 32|web.click(locator) - PASS click via JS event
2019-07-29 11:44:49,891|I|Thread-1|secondAssignment.20190729_114405.001|Scenario|Activity 1|# 33|web.click(locator) - executing click(locator)(//*[@id="confirmOkButton"])
2019-07-29 11:44:49,938|I|Thread-1|clicking '//*[@id="confirmOkButton"]'...
2019-07-29 11:44:49,953|I|Thread-1|click target via JS, @id=confirmOkButton
2019-07-29 11:44:51,242|I|Thread-1|clicked -> true
2019-07-29 11:44:51,244|I|Thread-1|secondAssignment.20190729_114405.001|Scenario|Activity 1|# 33|web.click(locator) - PASS click via JS event
2019-07-29 11:44:51,646|I|Thread-1|[secondAssignment.20190729_114405.001|Scenario] saving test scenario
2019-07-29 11:44:51,722|I|Thread-1|[20190729_114404] 
/-TEST COMPLETE-----------------------------------------------------------------
| Test Output:    C:\projects\secondAssignment\output\20190729_114404\secondAssignment.20190729_114405.001.xlsx
| Iteration:      1
\-------------------------------------------------------------------------------
» Execution Time: 44015 ms
» Test Steps:     29
» Error(s):       0



2019-07-29 11:44:52,570|I|Thread-1|[20190729_114404] 
/-TEST COMPLETE-----------------------------------------------------------------
| Test Script:    C:\projects\secondAssignment\artifact\script\secondAssignment.xlsx
\-------------------------------------------------------------------------------
» Execution Time: 47713 ms
» Iterations:     [1] total 1
» Test Steps:     29
» Passed:         29
» Error(s):       0
» Iteration 1 of 1: C:\projects\secondAssignment\output\20190729_114404\secondAssignment.20190729_114405.001.xlsx



2019-07-29 11:44:52,819|I|main|[20190729_114404] [C:\projects\secondAssignment\artifact\script\secondAssignment.xlsx] now completed
2019-07-29 11:44:52,820|I|main|[20190729_114404] all execution thread(s) have terminated
2019-07-29 11:44:52,820|I|main|[20190729_114404] test run completed in about 48 seconds
2019-07-29 11:44:52,907|I|main|No predefined nexial-setup found
2019-07-29 11:44:52,959|I|main|outputBase not set; output-to-cloud DISABLED!
2019-07-29 11:44:52,960|I|main|accessKey not set; output-to-cloud DISABLED!
2019-07-29 11:44:52,961|I|main|secretKey not set; output-to-cloud DISABLED!
2019-07-29 11:44:52,962|I|main|generating HTML output for this execution to C:\projects\secondAssignment\output\20190729_114404\execution-output.html
2019-07-29 11:44:53,632|I|main|generating JUnit XML output for this execution to C:\projects\secondAssignment\output\20190729_114404\junit.xml
2019-07-29 11:44:53,687|I|main|generated JUnit report for this execution: C:\projects\secondAssignment\output\20190729_114404\junit.xml
2019-07-29 11:44:53,688|I|main|nexial mailer not enabled: nexial.enableEmail=false
2019-07-29 11:44:53,689|I|main|skipped email notification as configured
2019-07-29 11:44:53,692|I|main|exiting Nexial...
2019-07-29 11:44:53,693|I|main|shutdown starts...
2019-07-29 11:44:53,696|I|main|Shutting down 'chrome' webdriver...
2019-07-29 11:44:59,408|I|main|shutdown ends...
2019-07-29 11:44:59,412|I|main|

/-END OF EXECUTION--------------------------------------------------------------
| » Execution Time: 48 sec.
| » Test Steps....: 29
| » Passed........: 29
| » Failed........: 0
| » Success Rate..: 100.00%
\----------------------------------------------------------nexial-core 2.4_0567-

2019-07-29 11:44:59,414|I|main|ALL PASSED!
2019-07-29 11:44:59,416|I|main|End of Execution:
NEXIAL_OUTPUT:         C:\projects\secondAssignment\output\20190729_114404
NEXIAL_EXECUTION_HTML: C:\projects\secondAssignment\output\20190729_114404\execution-output.html
NEXIAL_JUNIT_XML:      C:\projects\secondAssignment\output\20190729_114404\junit.xml
NEXIAL_SUCCESS_RATE:   100.00%
NEXIAL_EXIT_STATUS:    0
