2019-07-18 17:36:57,812|I|Thread-1|(DELAYED) nexial-core 2.4_0567 starting up...
2019-07-18 17:36:57,815|I|Thread-1|(DELAYED) data file resolved as C:\Users\DEEPAN~1.PAT\AppData\Local\Temp\XhEBE\myFirstProject.data.xlsx
2019-07-18 17:36:57,815|I|Thread-1|(DELAYED) input files and output directory resolved...
2019-07-18 17:36:57,815|I|Thread-1|(DELAYED) No predefined nexial-setup found
2019-07-18 17:36:57,815|I|Thread-1|(DELAYED) [20190718_173657] [C:\projects\myFirstProject\artifact\script\myFirstProject.xlsx] resolve RUN ID as 20190718_173657
2019-07-18 17:36:57,815|I|Thread-1|(DELAYED) [20190718_173657] [C:\projects\myFirstProject\artifact\script\myFirstProject.xlsx] new thread started
2019-07-18 17:36:57,816|I|Thread-1|No predefined nexial-setup found
2019-07-18 17:36:57,885|I|Thread-1|outputBase not set; output-to-cloud DISABLED!
2019-07-18 17:36:57,886|I|Thread-1|accessKey not set; output-to-cloud DISABLED!
2019-07-18 17:36:57,886|I|Thread-1|secretKey not set; output-to-cloud DISABLED!
2019-07-18 17:36:57,912|I|Thread-1|missing REQUIRED configuration; sms DISABLED!
2019-07-18 17:36:58,664|I|Thread-1|[20190718_173657] executing C:\projects\myFirstProject\artifact\script\myFirstProject.xlsx with 1 iteration(s)
2019-07-18 17:36:58,669|I|Thread-1|[20190718_173657] create directory C:\projects\myFirstProject\output\20190718_173657\captures
2019-07-18 17:36:58,670|I|Thread-1|[20190718_173657] create directory C:\projects\myFirstProject\output\20190718_173657\logs
2019-07-18 17:37:08,343|I|Thread-1|[20190718_173657] merging test data to tmp file C:\projects\myFirstProject\output\20190718_173657\myFirstProject.20190718_173658.001.xlsx
2019-07-18 17:37:08,344|I|Thread-1|refetching data from C:\projects\myFirstProject\artifact\data\myFirstProject.data.xlsx
2019-07-18 17:37:09,255|I|Thread-1|[20190718_173657] test script and test data merged to C:\projects\myFirstProject\output\20190718_173657\myFirstProject.20190718_173658.001.xlsx
2019-07-18 17:37:17,098|I|Thread-1|STARTS
2019-07-18 17:37:17,116|I|Thread-1|myFirstProject.20190718_173658.001 - executing iteration #1 of 1; Iteration Id 1
2019-07-18 17:37:17,123|I|Thread-1|myFirstProject.20190718_173658.001|Scenario - executing test scenario
2019-07-18 17:37:17,124|I|Thread-1|myFirstProject.20190718_173658.001|Scenario|Activity 1 - executing activity
2019-07-18 17:37:17,726|I|Thread-1|myFirstProject.20190718_173658.001|Scenario|Activity 1|#  5|base.verbose(text) - executing verbose(text)(Hello World! It's now $(sysdate|now|yyyy-MM-dd HH:mm:ss.S))
2019-07-18 17:37:17,836|I|Thread-1|myFirstProject.20190718_173658.001|Scenario|Activity 1|#  5|base.verbose(text) - Hello World! It's now 2019-07-18 17:37:17.747
2019-07-18 17:37:17,992|I|Thread-1|myFirstProject.20190718_173658.001|Scenario|Activity 1|#  5|base.verbose(text) - PASS 
2019-07-18 17:37:18,987|I|Thread-1|[myFirstProject.20190718_173658.001|Scenario] saving test scenario
2019-07-18 17:37:19,181|I|Thread-1|[20190718_173657] 
/-TEST COMPLETE-----------------------------------------------------------------
| Test Output:    C:\projects\myFirstProject\output\20190718_173657\myFirstProject.20190718_173658.001.xlsx
| Iteration:      1
\-------------------------------------------------------------------------------
» Execution Time: 2058 ms
» Test Steps:     1
» Error(s):       0



2019-07-18 17:38:43,645|I|Thread-1|[20190718_173657] 
/-TEST COMPLETE-----------------------------------------------------------------
| Test Script:    C:\projects\myFirstProject\artifact\script\myFirstProject.xlsx
\-------------------------------------------------------------------------------
» Execution Time: 106050 ms
» Iterations:     [1] total 1
» Test Steps:     1
» Passed:         1
» Error(s):       0
» Iteration 1 of 1: C:\projects\myFirstProject\output\20190718_173657\myFirstProject.20190718_173658.001.xlsx



2019-07-18 17:38:44,644|I|main|[20190718_173657] [C:\projects\myFirstProject\artifact\script\myFirstProject.xlsx] now completed
2019-07-18 17:38:44,645|I|main|[20190718_173657] all execution thread(s) have terminated
2019-07-18 17:38:44,646|I|main|[20190718_173657] test run completed in about 107 seconds
2019-07-18 17:38:44,727|I|main|No predefined nexial-setup found
2019-07-18 17:38:44,759|I|main|outputBase not set; output-to-cloud DISABLED!
2019-07-18 17:38:44,759|I|main|accessKey not set; output-to-cloud DISABLED!
2019-07-18 17:38:44,760|I|main|secretKey not set; output-to-cloud DISABLED!
2019-07-18 17:38:44,760|I|main|generating HTML output for this execution to C:\projects\myFirstProject\output\20190718_173657\execution-output.html
2019-07-18 17:38:45,275|I|main|generating JUnit XML output for this execution to C:\projects\myFirstProject\output\20190718_173657\junit.xml
2019-07-18 17:38:45,315|I|main|generated JUnit report for this execution: C:\projects\myFirstProject\output\20190718_173657\junit.xml
2019-07-18 17:38:45,318|I|main|nexial mailer not enabled: nexial.enableEmail=false
2019-07-18 17:38:45,319|I|main|skipped email notification as configured
2019-07-18 17:38:45,320|I|main|exiting Nexial...
2019-07-18 17:38:45,322|I|main|

/-END OF EXECUTION--------------------------------------------------------------
| » Execution Time: 107 sec.
| » Test Steps....: 1
| » Passed........: 1
| » Failed........: 0
| » Success Rate..: 100.00%
\----------------------------------------------------------nexial-core 2.4_0567-

2019-07-18 17:38:45,325|I|main|ALL PASSED!
2019-07-18 17:38:45,329|I|main|End of Execution:
NEXIAL_OUTPUT:         C:\projects\myFirstProject\output\20190718_173657
NEXIAL_EXECUTION_HTML: C:\projects\myFirstProject\output\20190718_173657\execution-output.html
NEXIAL_JUNIT_XML:      C:\projects\myFirstProject\output\20190718_173657\junit.xml
NEXIAL_SUCCESS_RATE:   100.00%
NEXIAL_EXIT_STATUS:    0
