2019-07-20 13:55:26,451|I|Thread-1|(DELAYED) nexial-core dev_0581 starting up...
2019-07-20 13:55:26,453|I|Thread-1|(DELAYED) data file resolved as C:\Users\DEEPAN~1\AppData\Local\Temp\MTWZa\firstEvaluation.data.xlsx
2019-07-20 13:55:26,453|I|Thread-1|(DELAYED) input files and output directory resolved...
2019-07-20 13:55:26,453|I|Thread-1|(DELAYED) No predefined nexial-setup found
2019-07-20 13:55:26,453|I|Thread-1|(DELAYED) [20190720_135526] [C:\projects\firstEvaluation\artifact\script\firstEvaluation.xlsx] resolve RUN ID as 20190720_135526
2019-07-20 13:55:26,453|I|Thread-1|(DELAYED) [20190720_135526] [C:\projects\firstEvaluation\artifact\script\firstEvaluation.xlsx] new thread started
2019-07-20 13:55:26,454|I|Thread-1|No predefined nexial-setup found
2019-07-20 13:55:26,501|I|Thread-1|outputBase not set; output-to-cloud DISABLED!
2019-07-20 13:55:26,502|I|Thread-1|accessKey not set; output-to-cloud DISABLED!
2019-07-20 13:55:26,502|I|Thread-1|secretKey not set; output-to-cloud DISABLED!
2019-07-20 13:55:26,516|I|Thread-1|missing REQUIRED configuration; sms DISABLED!
2019-07-20 13:55:27,235|I|Thread-1|[20190720_135526] executing C:\projects\firstEvaluation\artifact\script\firstEvaluation.xlsx with 1 iteration(s)
2019-07-20 13:55:27,239|I|Thread-1|[20190720_135526] create directory C:\projects\firstEvaluation\output\20190720_135526\captures
2019-07-20 13:55:27,239|I|Thread-1|[20190720_135526] create directory C:\projects\firstEvaluation\output\20190720_135526\logs
2019-07-20 13:55:27,502|I|Thread-1|[20190720_135526] merging test data to tmp file C:\projects\firstEvaluation\output\20190720_135526\firstEvaluation.20190720_135527.001.xlsx
2019-07-20 13:55:27,503|I|Thread-1|refetching data from C:\projects\firstEvaluation\artifact\data\firstEvaluation.data.xlsx
2019-07-20 13:55:27,659|I|Thread-1|[20190720_135526] test script and test data merged to C:\projects\firstEvaluation\output\20190720_135526\firstEvaluation.20190720_135527.001.xlsx
2019-07-20 13:55:28,163|I|Thread-1|STARTS
2019-07-20 13:55:28,177|I|Thread-1|firstEvaluation.20190720_135527.001 - executing iteration #1 of 1; Iteration Id 1
2019-07-20 13:55:28,182|I|Thread-1|firstEvaluation.20190720_135527.001|JsonScenario - executing test scenario
2019-07-20 13:55:28,183|I|Thread-1|firstEvaluation.20190720_135527.001|JsonScenario|Activity 1 - executing activity
2019-07-20 13:55:28,789|I|Thread-1|firstEvaluation.20190720_135527.001|JsonScenario|Activity 1|#  5|json.storeValues(json,jso - executing storeValues(json,jsonpath,var)($(syspath|data|fullpath)/example_2.json, products[supplier=Wisozk Inc].product_name, productNames)
2019-07-20 13:55:28,874|I|Thread-1|firstEvaluation.20190720_135527.001|JsonScenario|Activity 1|#  5|json.storeValues(json,jso - PASS EXPECTED match against 'products[supplier=Wisozk Inc].product_name' stored to ${productNames}
2019-07-20 13:55:29,475|I|Thread-1|firstEvaluation.20190720_135527.001|JsonScenario|Activity 1|#  6|base.verbose(text) - executing verbose(text)(${productNames})
2019-07-20 13:55:29,478|I|Thread-1|firstEvaluation.20190720_135527.001|JsonScenario|Activity 1|#  6|base.verbose(text) - ["sildenafil citrate","Mountain Juniperus ashei"]
2019-07-20 13:55:29,624|I|Thread-1|firstEvaluation.20190720_135527.001|JsonScenario|Activity 1|#  6|base.verbose(text) - PASS 
2019-07-20 13:55:29,630|I|Thread-1|firstEvaluation.20190720_135527.001|JsonScenario|Activity 2 - executing activity
2019-07-20 13:55:30,232|I|Thread-1|firstEvaluation.20190720_135527.001|JsonScenario|Activity 2|#  7|json.storeValues(json,jso - executing storeValues(json,jsonpath,var)($(syspath|data|fullpath)/example_2.json, products[supplier=Wisozk Inc].quantity, quantityList)
2019-07-20 13:55:30,236|I|Thread-1|firstEvaluation.20190720_135527.001|JsonScenario|Activity 2|#  7|json.storeValues(json,jso - PASS EXPECTED match against 'products[supplier=Wisozk Inc].quantity' stored to ${quantityList}
2019-07-20 13:55:30,837|I|Thread-1|firstEvaluation.20190720_135527.001|JsonScenario|Activity 2|#  8|json.storeValues(json,jso - executing storeValues(json,jsonpath,var)($(syspath|data|fullpath)/example_2.json, products[supplier=Wisozk Inc].unit_cost, unit_costList)
2019-07-20 13:55:30,843|I|Thread-1|firstEvaluation.20190720_135527.001|JsonScenario|Activity 2|#  8|json.storeValues(json,jso - PASS EXPECTED match against 'products[supplier=Wisozk Inc].unit_cost' stored to ${unit_costList}
2019-07-20 13:55:31,445|I|Thread-1|firstEvaluation.20190720_135527.001|JsonScenario|Activity 2|#  9|base.save(var,value) - executing save(var,value)(sumTotal, 0)
2019-07-20 13:55:31,447|I|Thread-1|firstEvaluation.20190720_135527.001|JsonScenario|Activity 2|#  9|base.save(var,value) - PASS stored '0' as ${sumTotal}
2019-07-20 13:55:32,048|I|Thread-1|firstEvaluation.20190720_135527.001|JsonScenario|Activity 2|# 10|base.save(var,value) - executing save(var,value)(counter, 0)
2019-07-20 13:55:32,050|I|Thread-1|firstEvaluation.20190720_135527.001|JsonScenario|Activity 2|# 10|base.save(var,value) - PASS stored '0' as ${counter}
2019-07-20 13:55:32,652|I|Thread-1|firstEvaluation.20190720_135527.001|JsonScenario|Activity 2|# 11|base.save(var,value) - executing save(var,value)(length, $(array|length|${quantityList}))
2019-07-20 13:55:32,655|I|Thread-1|firstEvaluation.20190720_135527.001|JsonScenario|Activity 2|# 11|base.save(var,value) - PASS stored '2' as ${length}
2019-07-20 13:55:33,257|I|Thread-1|firstEvaluation.20190720_135527.001|JsonScenario|Activity 2|# 12|base.save(var,value) - executing save(var,value)(mulValue, 0)
2019-07-20 13:55:33,259|I|Thread-1|firstEvaluation.20190720_135527.001|JsonScenario|Activity 2|# 12|base.save(var,value) - PASS stored '0' as ${mulValue}
2019-07-20 13:55:33,861|I|Thread-1|firstEvaluation.20190720_135527.001|JsonScenario|Activity 2|# 13|base.verbose(text) - executing verbose(text)(${unit_costList})
2019-07-20 13:55:33,862|I|Thread-1|firstEvaluation.20190720_135527.001|JsonScenario|Activity 2|# 13|base.verbose(text) - [10.47,8.74]
2019-07-20 13:55:33,864|I|Thread-1|firstEvaluation.20190720_135527.001|JsonScenario|Activity 2|# 13|base.verbose(text) - PASS 
2019-07-20 13:55:34,064|I|Thread-1|[firstEvaluation.20190720_135527.001|JsonScenario] saving test scenario
2019-07-20 13:55:34,147|I|Thread-1|[20190720_135526] 
/-TEST COMPLETE-----------------------------------------------------------------
| Test Output:    C:\projects\firstEvaluation\output\20190720_135526\firstEvaluation.20190720_135527.001.xlsx
| Iteration:      1
\-------------------------------------------------------------------------------
» Execution Time: 5962 ms
» Test Steps:     9
» Error(s):       0



2019-07-20 13:55:36,097|I|Thread-1|[20190720_135526] 
/-TEST COMPLETE-----------------------------------------------------------------
| Test Script:    C:\projects\firstEvaluation\artifact\script\firstEvaluation.xlsx
\-------------------------------------------------------------------------------
» Execution Time: 9741 ms
» Iterations:     [1] total 1
» Test Steps:     9
» Passed:         9
» Error(s):       0
» Iteration 1 of 1: C:\projects\firstEvaluation\output\20190720_135526\firstEvaluation.20190720_135527.001.xlsx



2019-07-20 13:55:36,315|I|main|[20190720_135526] [C:\projects\firstEvaluation\artifact\script\firstEvaluation.xlsx] now completed
2019-07-20 13:55:36,316|I|main|[20190720_135526] all execution thread(s) have terminated
2019-07-20 13:55:36,316|I|main|[20190720_135526] test run completed in about 10 seconds
2019-07-20 13:55:36,369|I|main|No predefined nexial-setup found
2019-07-20 13:55:36,397|I|main|outputBase not set; output-to-cloud DISABLED!
2019-07-20 13:55:36,398|I|main|accessKey not set; output-to-cloud DISABLED!
2019-07-20 13:55:36,399|I|main|secretKey not set; output-to-cloud DISABLED!
2019-07-20 13:55:36,399|I|main|generating HTML output for this execution to C:\projects\firstEvaluation\output\20190720_135526\execution-output.html
2019-07-20 13:55:37,024|I|main|generating JUnit XML output for this execution to C:\projects\firstEvaluation\output\20190720_135526\junit.xml
2019-07-20 13:55:37,073|I|main|generated JUnit report for this execution: C:\projects\firstEvaluation\output\20190720_135526\junit.xml
2019-07-20 13:55:37,191|I|main|nexial mailer not enabled: nexial.enableEmail=false
2019-07-20 13:55:37,192|I|main|skipped email notification as configured
2019-07-20 13:55:37,194|I|main|exiting Nexial...
2019-07-20 13:55:37,195|I|main|

/-END OF EXECUTION--------------------------------------------------------------
| » Execution Time: 10 sec.
| » Test Steps....: 9
| » Passed........: 9
| » Failed........: 0
| » Success Rate..: 100.00%
\----------------------------------------------------------nexial-core dev_0581-

2019-07-20 13:55:37,196|I|main|ALL PASSED!
2019-07-20 13:55:37,198|I|main|End of Execution:
NEXIAL_OUTPUT:         C:\projects\firstEvaluation\output\20190720_135526
NEXIAL_EXECUTION_HTML: C:\projects\firstEvaluation\output\20190720_135526\execution-output.html
NEXIAL_JUNIT_XML:      C:\projects\firstEvaluation\output\20190720_135526\junit.xml
NEXIAL_SUCCESS_RATE:   100.00%
NEXIAL_EXIT_STATUS:    0
