2019-07-29 15:59:12,088|I|Thread-1|(DELAYED) nexial-core 2.4_0567 starting up...
2019-07-29 15:59:12,104|I|Thread-1|(DELAYED) data file resolved as C:\Users\DEEPAN~1.PAT\AppData\Local\Temp\kvPTo\secondAssignment.data.xlsx
2019-07-29 15:59:12,104|I|Thread-1|(DELAYED) input files and output directory resolved...
2019-07-29 15:59:12,104|I|Thread-1|(DELAYED) No predefined nexial-setup found
2019-07-29 15:59:12,104|I|Thread-1|(DELAYED) [20190729_155911] [C:\projects\secondAssignment\artifact\script\secondAssignment.xlsx] resolve RUN ID as 20190729_155911
2019-07-29 15:59:12,104|I|Thread-1|(DELAYED) [20190729_155911] [C:\projects\secondAssignment\artifact\script\secondAssignment.xlsx] new thread started
2019-07-29 15:59:12,104|I|Thread-1|No predefined nexial-setup found
2019-07-29 15:59:12,182|I|Thread-1|outputBase not set; output-to-cloud DISABLED!
2019-07-29 15:59:12,182|I|Thread-1|accessKey not set; output-to-cloud DISABLED!
2019-07-29 15:59:12,182|I|Thread-1|secretKey not set; output-to-cloud DISABLED!
2019-07-29 15:59:12,213|I|Thread-1|missing REQUIRED configuration; sms DISABLED!
2019-07-29 15:59:12,974|I|Thread-1|[20190729_155911] executing C:\projects\secondAssignment\artifact\script\secondAssignment.xlsx with 1 iteration(s)
2019-07-29 15:59:12,979|I|Thread-1|[20190729_155911] create directory C:\projects\secondAssignment\output\20190729_155911\captures
2019-07-29 15:59:12,981|I|Thread-1|[20190729_155911] create directory C:\projects\secondAssignment\output\20190729_155911\logs
2019-07-29 15:59:14,259|I|Thread-1|[20190729_155911] merging test data to tmp file C:\projects\secondAssignment\output\20190729_155911\secondAssignment.20190729_155912.001.xlsx
2019-07-29 15:59:14,260|I|Thread-1|refetching data from C:\projects\secondAssignment\artifact\data\secondAssignment.data.xlsx
2019-07-29 15:59:14,546|I|Thread-1|[20190729_155911] test script and test data merged to C:\projects\secondAssignment\output\20190729_155911\secondAssignment.20190729_155912.001.xlsx
2019-07-29 15:59:15,034|I|Thread-1|STARTS
2019-07-29 15:59:15,053|I|Thread-1|secondAssignment.20190729_155912.001 - executing iteration #1 of 1; Iteration Id 1
2019-07-29 15:59:15,061|I|Thread-1|secondAssignment.20190729_155912.001|Scenario2 - executing test scenario
2019-07-29 15:59:15,062|I|Thread-1|secondAssignment.20190729_155912.001|Scenario2|Activity 1 - executing activity
2019-07-29 15:59:15,665|I|Thread-1|secondAssignment.20190729_155912.001|Scenario2|Activity 1|#  5|web.open(url) - executing open(url)(https://www.google.com/)
2019-07-29 15:59:15,678|I|Thread-1|No valid instance of webdriver, initializing...
2019-07-29 15:59:15,685|I|Thread-1|init chrome
2019-07-29 15:59:21,816|I|Thread-1|browser initialization completed for 'chrome'
2019-07-29 15:59:21,823|I|Thread-1|setting browser polling wait time to 800 ms
2019-07-29 15:59:21,828|I|Thread-1|setting browser page load timeout to 10000 ms
2019-07-29 15:59:23,612|I|Thread-1|current browser window handle:CDwindow-9A5FA5FFDE8E71AFA5C1DC833A826F3D
2019-07-29 15:59:23,631|I|Thread-1|secondAssignment.20190729_155912.001|Scenario2|Activity 1|#  5|web.open(url) - PASS opened URL https://www.google.com/
2019-07-29 15:59:24,235|I|Thread-1|secondAssignment.20190729_155912.001|Scenario2|Activity 1|#  6|web.type(locator,value) - executing type(locator,value)(//*[@id="tsf"]/div[2]/div/div[1]/div/div[1]/input, ATMECS)
2019-07-29 15:59:24,470|I|Thread-1|secondAssignment.20190729_155912.001|Scenario2|Activity 1|#  6|web.type(locator,value) - PASS typed text at '//*[@id="tsf"]/div[2]/div/div[1]/div/div[1]/input'
2019-07-29 15:59:25,077|I|Thread-1|secondAssignment.20190729_155912.001|Scenario2|Activity 1|#  7|web.click(locator) - executing click(locator)(//*[@id="tsf"]/div[2]/div/div[3]/center/input[1])
2019-07-29 15:59:25,145|I|Thread-1|clicking '//*[@id="tsf"]/div[2]/div/div[3]/center/input[1]'...
2019-07-29 15:59:25,163|I|Thread-1|click target via JS, @id=
2019-07-29 15:59:27,937|I|Thread-1|clicked -> true
2019-07-29 15:59:27,938|I|Thread-1|secondAssignment.20190729_155912.001|Scenario2|Activity 1|#  7|web.click(locator) - PASS click via JS event
2019-07-29 15:59:28,540|I|Thread-1|secondAssignment.20190729_155912.001|Scenario2|Activity 1|#  8|web.saveTextArray(var,loc - executing saveTextArray(var,locator)(${linkArray}, //*[@class = "iUh30"])
2019-07-29 15:59:28,746|I|Thread-1|secondAssignment.20190729_155912.001|Scenario2|Activity 1|#  8|web.saveTextArray(var,loc - FAIL Invalid variable name: 
2019-07-29 15:59:29,351|I|Thread-1|secondAssignment.20190729_155912.001|Scenario2|Activity 1|#  9|base.verbose(text) - executing verbose(text)(${linkArray})
2019-07-29 15:59:29,354|I|Thread-1|secondAssignment.20190729_155912.001|Scenario2|Activity 1|#  9|base.verbose(text) - 
2019-07-29 15:59:29,357|I|Thread-1|secondAssignment.20190729_155912.001|Scenario2|Activity 1|#  9|base.verbose(text) - PASS 
2019-07-29 15:59:29,633|I|Thread-1|[secondAssignment.20190729_155912.001|Scenario2] saving test scenario
2019-07-29 15:59:29,787|I|Thread-1|[20190729_155911] 
/-TEST COMPLETE-----------------------------------------------------------------
| Test Output:    C:\projects\secondAssignment\output\20190729_155911\secondAssignment.20190729_155912.001.xlsx
| Iteration:      1
\-------------------------------------------------------------------------------
» Execution Time: 14726 ms
» Test Steps:     5
» Error(s):       1



2019-07-29 15:59:30,883|I|Thread-1|[20190729_155911] 
/-TEST COMPLETE-----------------------------------------------------------------
| Test Script:    C:\projects\secondAssignment\artifact\script\secondAssignment.xlsx
\-------------------------------------------------------------------------------
» Execution Time: 18959 ms
» Iterations:     [1] total 1
» Test Steps:     5
» Passed:         4
» Error(s):       1
» Iteration 1 of 1: C:\projects\secondAssignment\output\20190729_155911\secondAssignment.20190729_155912.001.xlsx



2019-07-29 15:59:30,896|I|main|[20190729_155911] [C:\projects\secondAssignment\artifact\script\secondAssignment.xlsx] now completed
2019-07-29 15:59:30,897|I|main|[20190729_155911] all execution thread(s) have terminated
2019-07-29 15:59:30,898|I|main|[20190729_155911] test run completed in about 19 seconds
2019-07-29 15:59:30,988|I|main|No predefined nexial-setup found
2019-07-29 15:59:31,032|I|main|outputBase not set; output-to-cloud DISABLED!
2019-07-29 15:59:31,034|I|main|accessKey not set; output-to-cloud DISABLED!
2019-07-29 15:59:31,035|I|main|secretKey not set; output-to-cloud DISABLED!
2019-07-29 15:59:31,036|I|main|generating HTML output for this execution to C:\projects\secondAssignment\output\20190729_155911\execution-output.html
2019-07-29 15:59:31,958|I|main|generating JUnit XML output for this execution to C:\projects\secondAssignment\output\20190729_155911\junit.xml
2019-07-29 15:59:32,030|I|main|generated JUnit report for this execution: C:\projects\secondAssignment\output\20190729_155911\junit.xml
2019-07-29 15:59:32,033|I|main|nexial mailer not enabled: nexial.enableEmail=false
2019-07-29 15:59:32,034|I|main|skipped email notification as configured
2019-07-29 15:59:32,037|I|main|exiting Nexial...
2019-07-29 15:59:32,037|I|main|shutdown starts...
2019-07-29 15:59:32,040|I|main|Shutting down 'chrome' webdriver...
2019-07-29 16:00:06,526|I|main|shutdown ends...
2019-07-29 16:00:06,533|I|main|

/-END OF EXECUTION--------------------------------------------------------------
| » Execution Time: 19 sec.
| » Test Steps....: 5
| » Passed........: 4
| » Failed........: 1
| » Success Rate..: 80.00%
\----------------------------------------------------------nexial-core 2.4_0567-

2019-07-29 16:00:06,540|E|main|failure found; success rate is 80.00%
2019-07-29 16:00:06,544|I|main|End of Execution:
NEXIAL_OUTPUT:         C:\projects\secondAssignment\output\20190729_155911
NEXIAL_EXECUTION_HTML: C:\projects\secondAssignment\output\20190729_155911\execution-output.html
NEXIAL_JUNIT_XML:      C:\projects\secondAssignment\output\20190729_155911\junit.xml
NEXIAL_SUCCESS_RATE:   80.00%
NEXIAL_EXIT_STATUS:    -13
