2019-07-20 15:33:47,244|I|Thread-1|(DELAYED) nexial-core dev_0581 starting up...
2019-07-20 15:33:47,249|I|Thread-1|(DELAYED) data file resolved as C:\Users\DEEPAN~1\AppData\Local\Temp\hbjpQ\firstEvaluation.data.xlsx
2019-07-20 15:33:47,249|I|Thread-1|(DELAYED) input files and output directory resolved...
2019-07-20 15:33:47,249|I|Thread-1|(DELAYED) No predefined nexial-setup found
2019-07-20 15:33:47,249|I|Thread-1|(DELAYED) [20190720_153347] [C:\projects\firstEvaluation\artifact\script\firstEvaluation.xlsx] resolve RUN ID as 20190720_153347
2019-07-20 15:33:47,249|I|Thread-1|(DELAYED) [20190720_153347] [C:\projects\firstEvaluation\artifact\script\firstEvaluation.xlsx] new thread started
2019-07-20 15:33:47,249|I|Thread-1|No predefined nexial-setup found
2019-07-20 15:33:47,304|I|Thread-1|outputBase not set; output-to-cloud DISABLED!
2019-07-20 15:33:47,304|I|Thread-1|accessKey not set; output-to-cloud DISABLED!
2019-07-20 15:33:47,309|I|Thread-1|secretKey not set; output-to-cloud DISABLED!
2019-07-20 15:33:47,329|I|Thread-1|missing REQUIRED configuration; sms DISABLED!
2019-07-20 15:33:48,029|I|Thread-1|[20190720_153347] executing C:\projects\firstEvaluation\artifact\script\firstEvaluation.xlsx with 1 iteration(s)
2019-07-20 15:33:48,034|I|Thread-1|[20190720_153347] create directory C:\projects\firstEvaluation\output\20190720_153347\captures
2019-07-20 15:33:48,035|I|Thread-1|[20190720_153347] create directory C:\projects\firstEvaluation\output\20190720_153347\logs
2019-07-20 15:33:48,329|I|Thread-1|[20190720_153347] merging test data to tmp file C:\projects\firstEvaluation\output\20190720_153347\firstEvaluation.20190720_153348.001.xlsx
2019-07-20 15:33:48,329|I|Thread-1|refetching data from C:\projects\firstEvaluation\artifact\data\firstEvaluation.data.xlsx
2019-07-20 15:33:48,489|I|Thread-1|[20190720_153347] test script and test data merged to C:\projects\firstEvaluation\output\20190720_153347\firstEvaluation.20190720_153348.001.xlsx
2019-07-20 15:33:48,983|I|Thread-1|STARTS
2019-07-20 15:33:49,007|I|Thread-1|firstEvaluation.20190720_153348.001 - executing iteration #1 of 1; Iteration Id 1
2019-07-20 15:33:49,016|I|Thread-1|firstEvaluation.20190720_153348.001|JsonScenario - executing test scenario
2019-07-20 15:33:49,017|I|Thread-1|firstEvaluation.20190720_153348.001|JsonScenario|Activity 1 - executing activity
2019-07-20 15:33:49,622|I|Thread-1|firstEvaluation.20190720_153348.001|JsonScenario|Activity 1|#  5|json.storeValues(json,jso - executing storeValues(json,jsonpath,var)($(syspath|data|fullpath)/example_2.json, products[supplier=Wisozk Inc].product_name, productNames)
2019-07-20 15:33:49,697|I|Thread-1|firstEvaluation.20190720_153348.001|JsonScenario|Activity 1|#  5|json.storeValues(json,jso - PASS EXPECTED match against 'products[supplier=Wisozk Inc].product_name' stored to ${productNames}
2019-07-20 15:33:50,297|I|Thread-1|firstEvaluation.20190720_153348.001|JsonScenario|Activity 1|#  6|base.verbose(text) - executing verbose(text)(${productNames})
2019-07-20 15:33:50,298|I|Thread-1|firstEvaluation.20190720_153348.001|JsonScenario|Activity 1|#  6|base.verbose(text) - ["sildenafil citrate","Mountain Juniperus ashei"]
2019-07-20 15:33:50,479|I|Thread-1|firstEvaluation.20190720_153348.001|JsonScenario|Activity 1|#  6|base.verbose(text) - PASS 
2019-07-20 15:33:50,484|I|Thread-1|firstEvaluation.20190720_153348.001|JsonScenario|Activity 2 - executing activity
2019-07-20 15:33:51,090|I|Thread-1|firstEvaluation.20190720_153348.001|JsonScenario|Activity 2|#  7|json.storeValues(json,jso - executing storeValues(json,jsonpath,var)($(syspath|data|fullpath)/example_2.json, products[supplier=Wisozk Inc].quantity, quantityList)
2019-07-20 15:33:51,090|I|Thread-1|firstEvaluation.20190720_153348.001|JsonScenario|Activity 2|#  7|json.storeValues(json,jso - PASS EXPECTED match against 'products[supplier=Wisozk Inc].quantity' stored to ${quantityList}
2019-07-20 15:33:51,697|I|Thread-1|firstEvaluation.20190720_153348.001|JsonScenario|Activity 2|#  8|json.storeValues(json,jso - executing storeValues(json,jsonpath,var)($(syspath|data|fullpath)/example_2.json, products[supplier=Wisozk Inc].unit_cost, unit_costList)
2019-07-20 15:33:51,697|I|Thread-1|firstEvaluation.20190720_153348.001|JsonScenario|Activity 2|#  8|json.storeValues(json,jso - PASS EXPECTED match against 'products[supplier=Wisozk Inc].unit_cost' stored to ${unit_costList}
2019-07-20 15:33:52,305|I|Thread-1|firstEvaluation.20190720_153348.001|JsonScenario|Activity 2|#  9|base.save(var,value) - executing save(var,value)(sumTotal, 0)
2019-07-20 15:33:52,305|I|Thread-1|firstEvaluation.20190720_153348.001|JsonScenario|Activity 2|#  9|base.save(var,value) - PASS stored '0' as ${sumTotal}
2019-07-20 15:33:52,908|I|Thread-1|firstEvaluation.20190720_153348.001|JsonScenario|Activity 2|# 10|base.save(var,value) - executing save(var,value)(counter, 1)
2019-07-20 15:33:52,908|I|Thread-1|firstEvaluation.20190720_153348.001|JsonScenario|Activity 2|# 10|base.save(var,value) - PASS stored '1' as ${counter}
2019-07-20 15:33:53,511|I|Thread-1|firstEvaluation.20190720_153348.001|JsonScenario|Activity 2|# 11|base.save(var,value) - executing save(var,value)(length, $(array|length|${quantityList}))
2019-07-20 15:33:53,511|I|Thread-1|firstEvaluation.20190720_153348.001|JsonScenario|Activity 2|# 11|base.save(var,value) - PASS stored '2' as ${length}
2019-07-20 15:33:54,111|I|Thread-1|firstEvaluation.20190720_153348.001|JsonScenario|Activity 2|# 12|base.save(var,value) - executing save(var,value)(mulValue, 0)
2019-07-20 15:33:54,113|I|Thread-1|firstEvaluation.20190720_153348.001|JsonScenario|Activity 2|# 12|base.save(var,value) - PASS stored '0' as ${mulValue}
2019-07-20 15:33:54,715|I|Thread-1|firstEvaluation.20190720_153348.001|JsonScenario|Activity 2|# 13|base.verbose(text) - executing verbose(text)(${unit_costList})
2019-07-20 15:33:54,715|I|Thread-1|firstEvaluation.20190720_153348.001|JsonScenario|Activity 2|# 13|base.verbose(text) - [10.47,8.74]
2019-07-20 15:33:54,715|I|Thread-1|firstEvaluation.20190720_153348.001|JsonScenario|Activity 2|# 13|base.verbose(text) - PASS 
2019-07-20 15:33:55,316|I|Thread-1|firstEvaluation.20190720_153348.001|JsonScenario|Activity 2|# 14|base.repeatUntil(steps,ma - executing repeatUntil(steps,maxWaitMs)(6, -1)
2019-07-20 15:33:55,318|I|Thread-1|firstEvaluation.20190720_153348.001|JsonScenario|Activity 2|# 15|base.assertEqual(expected - 
<[repeat-until] entering loop #1 --------------------------------------------->
2019-07-20 15:33:55,319|I|Thread-1|firstEvaluation.20190720_153348.001|JsonScenario|Activity 2|# 15|base.assertEqual(expected - executing assertEqual(expected,actual)(${length}, ${counter})
2019-07-20 15:33:55,320|I|Thread-1|firstEvaluation.20190720_153348.001|JsonScenario|Activity 2|# 16|base.save(var,value) - executing save(var,value)(unit_cost, $(array|item|${unit_costList}|${counter}))
2019-07-20 15:33:55,322|I|Thread-1|firstEvaluation.20190720_153348.001|JsonScenario|Activity 2|# 16|base.save(var,value) - [repeat-until] PASS stored '8.74' as ${unit_cost}
2019-07-20 15:33:55,323|I|Thread-1|firstEvaluation.20190720_153348.001|JsonScenario|Activity 2|# 17|base.save(var,value) - executing save(var,value)(quantity, $(array|item|${quantityList}|${counter}))
2019-07-20 15:33:55,324|I|Thread-1|firstEvaluation.20190720_153348.001|JsonScenario|Activity 2|# 17|base.save(var,value) - [repeat-until] PASS stored '292' as ${quantity}
2019-07-20 15:33:55,325|I|Thread-1|firstEvaluation.20190720_153348.001|JsonScenario|Activity 2|# 18|base.save(var,value) - executing save(var,value)(mulValue, [NUMBER(${unit_cost}) => multiply(${quantity})])
2019-07-20 15:33:55,342|I|Thread-1|firstEvaluation.20190720_153348.001|JsonScenario|Activity 2|# 18|base.save(var,value) - [repeat-until] PASS stored '2552.08' as ${mulValue}
2019-07-20 15:33:55,343|I|Thread-1|firstEvaluation.20190720_153348.001|JsonScenario|Activity 2|# 19|base.save(var,value) - executing save(var,value)(sumTotal, [NUMBER(${sumTotal}) => add(${mulValue})])
2019-07-20 15:33:55,345|I|Thread-1|firstEvaluation.20190720_153348.001|JsonScenario|Activity 2|# 19|base.save(var,value) - [repeat-until] PASS stored '2552.08' as ${sumTotal}
2019-07-20 15:33:55,346|I|Thread-1|firstEvaluation.20190720_153348.001|JsonScenario|Activity 2|# 20|number.increment(var,amou - executing increment(var,amount)(counter, 1)
2019-07-20 15:33:55,349|I|Thread-1|firstEvaluation.20190720_153348.001|JsonScenario|Activity 2|# 20|number.increment(var,amou - [repeat-until] PASS incremented ${counter} by 1 to 2
2019-07-20 15:33:55,354|I|Thread-1|firstEvaluation.20190720_153348.001|JsonScenario|Activity 2|# 15|base.assertEqual(expected - 
<[repeat-until] entering loop #2 --------------------------------------------->
2019-07-20 15:33:55,354|I|Thread-1|firstEvaluation.20190720_153348.001|JsonScenario|Activity 2|# 15|base.assertEqual(expected - executing assertEqual(expected,actual)(${length}, ${counter})
2019-07-20 15:33:55,360|I|Thread-1|firstEvaluation.20190720_153348.001|JsonScenario|Activity 2|# 14|base.repeatUntil(steps,ma - PASS repeat-until execution completed
2019-07-20 15:33:55,962|I|Thread-1|firstEvaluation.20190720_153348.001|JsonScenario|Activity 2|# 21|base.verbose(text) - executing verbose(text)(${sumTotal})
2019-07-20 15:33:55,962|I|Thread-1|firstEvaluation.20190720_153348.001|JsonScenario|Activity 2|# 21|base.verbose(text) - 2552.08
2019-07-20 15:33:55,967|I|Thread-1|firstEvaluation.20190720_153348.001|JsonScenario|Activity 2|# 21|base.verbose(text) - PASS 
2019-07-20 15:33:56,120|I|Thread-1|[firstEvaluation.20190720_153348.001|JsonScenario] saving test scenario
2019-07-20 15:33:56,193|I|Thread-1|[20190720_153347] 
/-TEST COMPLETE-----------------------------------------------------------------
| Test Output:    C:\projects\firstEvaluation\output\20190720_153347\firstEvaluation.20190720_153348.001.xlsx
| Iteration:      1
\-------------------------------------------------------------------------------
» Execution Time: 7179 ms
» Test Steps:     11
» Error(s):       0



2019-07-20 15:33:58,063|I|Thread-1|[20190720_153347] 
/-TEST COMPLETE-----------------------------------------------------------------
| Test Script:    C:\projects\firstEvaluation\artifact\script\firstEvaluation.xlsx
\-------------------------------------------------------------------------------
» Execution Time: 10914 ms
» Iterations:     [1] total 1
» Test Steps:     11
» Passed:         11
» Error(s):       0
» Iteration 1 of 1: C:\projects\firstEvaluation\output\20190720_153347\firstEvaluation.20190720_153348.001.xlsx



2019-07-20 15:33:58,123|I|main|[20190720_153347] [C:\projects\firstEvaluation\artifact\script\firstEvaluation.xlsx] now completed
2019-07-20 15:33:58,125|I|main|[20190720_153347] all execution thread(s) have terminated
2019-07-20 15:33:58,130|I|main|[20190720_153347] test run completed in about 11 seconds
2019-07-20 15:33:58,177|I|main|No predefined nexial-setup found
2019-07-20 15:33:58,200|I|main|outputBase not set; output-to-cloud DISABLED!
2019-07-20 15:33:58,200|I|main|accessKey not set; output-to-cloud DISABLED!
2019-07-20 15:33:58,200|I|main|secretKey not set; output-to-cloud DISABLED!
2019-07-20 15:33:58,200|I|main|generating HTML output for this execution to C:\projects\firstEvaluation\output\20190720_153347\execution-output.html
2019-07-20 15:33:58,816|I|main|generating JUnit XML output for this execution to C:\projects\firstEvaluation\output\20190720_153347\junit.xml
2019-07-20 15:33:58,861|I|main|generated JUnit report for this execution: C:\projects\firstEvaluation\output\20190720_153347\junit.xml
2019-07-20 15:33:58,901|I|main|nexial mailer not enabled: nexial.enableEmail=false
2019-07-20 15:33:58,901|I|main|skipped email notification as configured
2019-07-20 15:33:58,901|I|main|exiting Nexial...
2019-07-20 15:33:58,906|I|main|

/-END OF EXECUTION--------------------------------------------------------------
| » Execution Time: 11 sec.
| » Test Steps....: 11
| » Passed........: 11
| » Failed........: 0
| » Success Rate..: 100.00%
\----------------------------------------------------------nexial-core dev_0581-

2019-07-20 15:33:58,906|I|main|ALL PASSED!
2019-07-20 15:33:58,906|I|main|End of Execution:
NEXIAL_OUTPUT:         C:\projects\firstEvaluation\output\20190720_153347
NEXIAL_EXECUTION_HTML: C:\projects\firstEvaluation\output\20190720_153347\execution-output.html
NEXIAL_JUNIT_XML:      C:\projects\firstEvaluation\output\20190720_153347\junit.xml
NEXIAL_SUCCESS_RATE:   100.00%
NEXIAL_EXIT_STATUS:    0
