2019-07-22 16:34:07,044|I|Thread-1|(DELAYED) nexial-core dev_0581 starting up...
2019-07-22 16:34:07,047|I|Thread-1|(DELAYED) data file resolved as C:\Users\DEEPAN~1\AppData\Local\Temp\TRDAi\firstEvaluation.data.xlsx
2019-07-22 16:34:07,047|I|Thread-1|(DELAYED) input files and output directory resolved...
2019-07-22 16:34:07,047|I|Thread-1|(DELAYED) No predefined nexial-setup found
2019-07-22 16:34:07,047|I|Thread-1|(DELAYED) [20190722_163406] [C:\projects\firstEvaluation\artifact\script\firstEvaluation.xlsx] resolve RUN ID as 20190722_163406
2019-07-22 16:34:07,047|I|Thread-1|(DELAYED) [20190722_163406] [C:\projects\firstEvaluation\artifact\script\firstEvaluation.xlsx] new thread started
2019-07-22 16:34:07,047|I|Thread-1|No predefined nexial-setup found
2019-07-22 16:34:07,109|I|Thread-1|outputBase not set; output-to-cloud DISABLED!
2019-07-22 16:34:07,109|I|Thread-1|accessKey not set; output-to-cloud DISABLED!
2019-07-22 16:34:07,109|I|Thread-1|secretKey not set; output-to-cloud DISABLED!
2019-07-22 16:34:07,126|I|Thread-1|missing REQUIRED configuration; sms DISABLED!
2019-07-22 16:34:07,787|I|Thread-1|[20190722_163406] executing C:\projects\firstEvaluation\artifact\script\firstEvaluation.xlsx with 1 iteration(s)
2019-07-22 16:34:07,791|I|Thread-1|[20190722_163406] create directory C:\projects\firstEvaluation\output\20190722_163406\captures
2019-07-22 16:34:07,791|I|Thread-1|[20190722_163406] create directory C:\projects\firstEvaluation\output\20190722_163406\logs
2019-07-22 16:34:08,148|I|Thread-1|[20190722_163406] merging test data to tmp file C:\projects\firstEvaluation\output\20190722_163406\firstEvaluation.20190722_163407.001.xlsx
2019-07-22 16:34:08,149|I|Thread-1|refetching data from C:\projects\firstEvaluation\artifact\data\firstEvaluation.data.xlsx
2019-07-22 16:34:08,303|I|Thread-1|[20190722_163406] test script and test data merged to C:\projects\firstEvaluation\output\20190722_163406\firstEvaluation.20190722_163407.001.xlsx
2019-07-22 16:34:08,846|I|Thread-1|STARTS
2019-07-22 16:34:08,874|I|Thread-1|firstEvaluation.20190722_163407.001 - executing iteration #1 of 1; Iteration Id 1
2019-07-22 16:34:08,880|I|Thread-1|firstEvaluation.20190722_163407.001|JsonScenario - executing test scenario
2019-07-22 16:34:08,880|I|Thread-1|firstEvaluation.20190722_163407.001|JsonScenario|Activity 1 - executing activity
2019-07-22 16:34:09,481|I|Thread-1|firstEvaluation.20190722_163407.001|JsonScenario|Activity 1|#  5|json.storeValues(json,jso - executing storeValues(json,jsonpath,var)($(syspath|data|fullpath)/example_2.json, products[supplier=Wisozk Inc].product_name, productNames)
2019-07-22 16:34:09,555|I|Thread-1|firstEvaluation.20190722_163407.001|JsonScenario|Activity 1|#  5|json.storeValues(json,jso - PASS EXPECTED match against 'products[supplier=Wisozk Inc].product_name' stored to ${productNames}
2019-07-22 16:34:10,156|I|Thread-1|firstEvaluation.20190722_163407.001|JsonScenario|Activity 1|#  6|base.verbose(text) - executing verbose(text)(${productNames})
2019-07-22 16:34:10,158|I|Thread-1|firstEvaluation.20190722_163407.001|JsonScenario|Activity 1|#  6|base.verbose(text) - ["sildenafil citrate","Mountain Juniperus ashei"]
2019-07-22 16:34:10,296|I|Thread-1|firstEvaluation.20190722_163407.001|JsonScenario|Activity 1|#  6|base.verbose(text) - PASS 
2019-07-22 16:34:10,297|I|Thread-1|firstEvaluation.20190722_163407.001|JsonScenario|Activity 2 - executing activity
2019-07-22 16:34:10,898|I|Thread-1|firstEvaluation.20190722_163407.001|JsonScenario|Activity 2|#  7|json.storeValues(json,jso - executing storeValues(json,jsonpath,var)($(syspath|data|fullpath)/example_2.json, products[supplier=Wisozk Inc].quantity, quantityList)
2019-07-22 16:34:10,901|I|Thread-1|firstEvaluation.20190722_163407.001|JsonScenario|Activity 2|#  7|json.storeValues(json,jso - PASS EXPECTED match against 'products[supplier=Wisozk Inc].quantity' stored to ${quantityList}
2019-07-22 16:34:11,503|I|Thread-1|firstEvaluation.20190722_163407.001|JsonScenario|Activity 2|#  8|json.storeValues(json,jso - executing storeValues(json,jsonpath,var)($(syspath|data|fullpath)/example_2.json, products[supplier=Wisozk Inc].unit_cost, costList)
2019-07-22 16:34:11,506|I|Thread-1|firstEvaluation.20190722_163407.001|JsonScenario|Activity 2|#  8|json.storeValues(json,jso - PASS EXPECTED match against 'products[supplier=Wisozk Inc].unit_cost' stored to ${costList}
2019-07-22 16:34:12,107|I|Thread-1|firstEvaluation.20190722_163407.001|JsonScenario|Activity 2|#  9|base.save(var,value) - executing save(var,value)(unit_costList, [LIST${costList} => replaceRegex([$],)])
2019-07-22 16:34:12,109|I|Thread-1|firstEvaluation.20190722_163407.001|JsonScenario|Activity 2|#  9|base.save(var,value) - PASS stored '[LIST["$10.47","$8.74"] => replaceRegex([$],)]' as ${unit_costList}
2019-07-22 16:34:12,711|I|Thread-1|firstEvaluation.20190722_163407.001|JsonScenario|Activity 2|# 10|base.verbose(text) - executing verbose(text)(${unit_costList})
2019-07-22 16:34:12,712|I|Thread-1|firstEvaluation.20190722_163407.001|JsonScenario|Activity 2|# 10|base.verbose(text) - [LIST["$10.47","$8.74"] => replaceRegex([$],)]
2019-07-22 16:34:12,713|I|Thread-1|firstEvaluation.20190722_163407.001|JsonScenario|Activity 2|# 10|base.verbose(text) - PASS 
2019-07-22 16:34:13,315|I|Thread-1|firstEvaluation.20190722_163407.001|JsonScenario|Activity 2|# 11|base.save(var,value) - executing save(var,value)(sumTotal, 0)
2019-07-22 16:34:13,316|I|Thread-1|firstEvaluation.20190722_163407.001|JsonScenario|Activity 2|# 11|base.save(var,value) - PASS stored '0' as ${sumTotal}
2019-07-22 16:34:13,917|I|Thread-1|firstEvaluation.20190722_163407.001|JsonScenario|Activity 2|# 12|base.save(var,value) - executing save(var,value)(counter, 0)
2019-07-22 16:34:13,918|I|Thread-1|firstEvaluation.20190722_163407.001|JsonScenario|Activity 2|# 12|base.save(var,value) - PASS stored '0' as ${counter}
2019-07-22 16:34:14,519|I|Thread-1|firstEvaluation.20190722_163407.001|JsonScenario|Activity 2|# 13|base.save(var,value) - executing save(var,value)(length, $(array|length|${quantityList}))
2019-07-22 16:34:14,523|I|Thread-1|firstEvaluation.20190722_163407.001|JsonScenario|Activity 2|# 13|base.save(var,value) - PASS stored '2' as ${length}
2019-07-22 16:34:15,124|I|Thread-1|firstEvaluation.20190722_163407.001|JsonScenario|Activity 2|# 14|base.save(var,value) - executing save(var,value)(mulValue, 0)
2019-07-22 16:34:15,125|I|Thread-1|firstEvaluation.20190722_163407.001|JsonScenario|Activity 2|# 14|base.save(var,value) - PASS stored '0' as ${mulValue}
2019-07-22 16:34:15,726|I|Thread-1|firstEvaluation.20190722_163407.001|JsonScenario|Activity 2|# 15|base.verbose(text) - executing verbose(text)(${unit_costList})
2019-07-22 16:34:15,728|I|Thread-1|firstEvaluation.20190722_163407.001|JsonScenario|Activity 2|# 15|base.verbose(text) - [LIST["$10.47","$8.74"] => replaceRegex([$],)]
2019-07-22 16:34:15,729|I|Thread-1|firstEvaluation.20190722_163407.001|JsonScenario|Activity 2|# 15|base.verbose(text) - PASS 
2019-07-22 16:34:16,332|I|Thread-1|firstEvaluation.20190722_163407.001|JsonScenario|Activity 2|# 16|base.repeatUntil(steps,ma - executing repeatUntil(steps,maxWaitMs)(6, -1)
2019-07-22 16:34:16,333|I|Thread-1|firstEvaluation.20190722_163407.001|JsonScenario|Activity 2|# 17|base.assertEqual(expected - 
<[repeat-until] entering loop #1 --------------------------------------------->
2019-07-22 16:34:16,333|I|Thread-1|firstEvaluation.20190722_163407.001|JsonScenario|Activity 2|# 17|base.assertEqual(expected - executing assertEqual(expected,actual)(${length}, ${counter})
2019-07-22 16:34:16,334|I|Thread-1|firstEvaluation.20190722_163407.001|JsonScenario|Activity 2|# 18|base.save(var,value) - executing save(var,value)(unit_cost, $(array|item|${unit_costList}|${counter}))
2019-07-22 16:34:16,335|I|Thread-1|firstEvaluation.20190722_163407.001|JsonScenario|Activity 2|# 18|base.save(var,value) - [repeat-until] PASS stored '"$10.47"' as ${unit_cost}
2019-07-22 16:34:16,336|I|Thread-1|firstEvaluation.20190722_163407.001|JsonScenario|Activity 2|# 19|base.save(var,value) - executing save(var,value)(quantity, $(array|item|${quantityList}|${counter}))
2019-07-22 16:34:16,337|I|Thread-1|firstEvaluation.20190722_163407.001|JsonScenario|Activity 2|# 19|base.save(var,value) - [repeat-until] PASS stored '261' as ${quantity}
2019-07-22 16:34:16,338|I|Thread-1|firstEvaluation.20190722_163407.001|JsonScenario|Activity 2|# 20|base.save(var,value) - executing save(var,value)(mulValue, [NUMBER(${unit_cost}) => multiply(${quantity})])
2019-07-22 16:34:16,352|I|Thread-1|firstEvaluation.20190722_163407.001|JsonScenario|Activity 2|# 20|base.save(var,value) - [repeat-until] PASS stored '2732.67' as ${mulValue}
2019-07-22 16:34:16,352|I|Thread-1|firstEvaluation.20190722_163407.001|JsonScenario|Activity 2|# 21|base.save(var,value) - executing save(var,value)(sumTotal, [NUMBER(${sumTotal}) => add(${mulValue})])
2019-07-22 16:34:16,356|I|Thread-1|firstEvaluation.20190722_163407.001|JsonScenario|Activity 2|# 21|base.save(var,value) - [repeat-until] PASS stored '2732.67' as ${sumTotal}
2019-07-22 16:34:16,356|I|Thread-1|firstEvaluation.20190722_163407.001|JsonScenario|Activity 2|# 22|number.increment(var,amou - executing increment(var,amount)(counter, 1)
2019-07-22 16:34:16,358|I|Thread-1|firstEvaluation.20190722_163407.001|JsonScenario|Activity 2|# 22|number.increment(var,amou - [repeat-until] PASS incremented ${counter} by 1 to 1
2019-07-22 16:34:16,359|I|Thread-1|firstEvaluation.20190722_163407.001|JsonScenario|Activity 2|# 17|base.assertEqual(expected - 
<[repeat-until] entering loop #2 --------------------------------------------->
2019-07-22 16:34:16,359|I|Thread-1|firstEvaluation.20190722_163407.001|JsonScenario|Activity 2|# 17|base.assertEqual(expected - executing assertEqual(expected,actual)(${length}, ${counter})
2019-07-22 16:34:16,361|I|Thread-1|firstEvaluation.20190722_163407.001|JsonScenario|Activity 2|# 18|base.save(var,value) - executing save(var,value)(unit_cost, $(array|item|${unit_costList}|${counter}))
2019-07-22 16:34:16,361|I|Thread-1|firstEvaluation.20190722_163407.001|JsonScenario|Activity 2|# 18|base.save(var,value) - [repeat-until] PASS stored '"$8.74"' as ${unit_cost}
2019-07-22 16:34:16,362|I|Thread-1|firstEvaluation.20190722_163407.001|JsonScenario|Activity 2|# 19|base.save(var,value) - executing save(var,value)(quantity, $(array|item|${quantityList}|${counter}))
2019-07-22 16:34:16,371|I|Thread-1|firstEvaluation.20190722_163407.001|JsonScenario|Activity 2|# 19|base.save(var,value) - [repeat-until] PASS stored '292' as ${quantity}
2019-07-22 16:34:16,372|I|Thread-1|firstEvaluation.20190722_163407.001|JsonScenario|Activity 2|# 20|base.save(var,value) - executing save(var,value)(mulValue, [NUMBER(${unit_cost}) => multiply(${quantity})])
2019-07-22 16:34:16,373|I|Thread-1|firstEvaluation.20190722_163407.001|JsonScenario|Activity 2|# 20|base.save(var,value) - [repeat-until] PASS stored '2552.08' as ${mulValue}
2019-07-22 16:34:16,373|I|Thread-1|firstEvaluation.20190722_163407.001|JsonScenario|Activity 2|# 21|base.save(var,value) - executing save(var,value)(sumTotal, [NUMBER(${sumTotal}) => add(${mulValue})])
2019-07-22 16:34:16,374|I|Thread-1|firstEvaluation.20190722_163407.001|JsonScenario|Activity 2|# 21|base.save(var,value) - [repeat-until] PASS stored '5284.75' as ${sumTotal}
2019-07-22 16:34:16,375|I|Thread-1|firstEvaluation.20190722_163407.001|JsonScenario|Activity 2|# 22|number.increment(var,amou - executing increment(var,amount)(counter, 1)
2019-07-22 16:34:16,376|I|Thread-1|firstEvaluation.20190722_163407.001|JsonScenario|Activity 2|# 22|number.increment(var,amou - [repeat-until] PASS incremented ${counter} by 1 to 2
2019-07-22 16:34:16,377|I|Thread-1|firstEvaluation.20190722_163407.001|JsonScenario|Activity 2|# 17|base.assertEqual(expected - 
<[repeat-until] entering loop #3 --------------------------------------------->
2019-07-22 16:34:16,378|I|Thread-1|firstEvaluation.20190722_163407.001|JsonScenario|Activity 2|# 17|base.assertEqual(expected - executing assertEqual(expected,actual)(${length}, ${counter})
2019-07-22 16:34:16,383|I|Thread-1|firstEvaluation.20190722_163407.001|JsonScenario|Activity 2|# 16|base.repeatUntil(steps,ma - PASS repeat-until execution completed
2019-07-22 16:34:16,988|I|Thread-1|firstEvaluation.20190722_163407.001|JsonScenario|Activity 2|# 23|base.verbose(text) - executing verbose(text)(${sumTotal})
2019-07-22 16:34:16,988|I|Thread-1|firstEvaluation.20190722_163407.001|JsonScenario|Activity 2|# 23|base.verbose(text) - 5284.75
2019-07-22 16:34:16,990|I|Thread-1|firstEvaluation.20190722_163407.001|JsonScenario|Activity 2|# 23|base.verbose(text) - PASS 
2019-07-22 16:34:16,991|I|Thread-1|firstEvaluation.20190722_163407.001|JsonScenario|Activity 3 - executing activity
2019-07-22 16:34:17,593|I|Thread-1|firstEvaluation.20190722_163407.001|JsonScenario|Activity 3|# 24|base.save(var,value) - executing save(var,value)(jsonFile, $(syspath|data|fullpath)/example_2.json)
2019-07-22 16:34:17,595|I|Thread-1|firstEvaluation.20190722_163407.001|JsonScenario|Activity 3|# 24|base.save(var,value) - PASS stored 'C:\projects\firstEvaluation\artifact\data\example_2.json' as ${jsonFile}
2019-07-22 16:34:18,195|I|Thread-1|firstEvaluation.20190722_163407.001|JsonScenario|Activity 3|# 25|base.save(var,value) - executing save(var,value)(var, [JSON(${jsonFile} => extract(products[unit_cost => ascending])])
2019-07-22 16:34:18,199|I|Thread-1|firstEvaluation.20190722_163407.001|JsonScenario|Activity 3|# 25|base.save(var,value) - PASS stored '[JSON(C:\projects\firstEvaluation\artifact\data\example_2.json => extract(products[unit_cost => ascending])]' as ${var}
2019-07-22 16:34:18,799|I|Thread-1|firstEvaluation.20190722_163407.001|JsonScenario|Activity 3|# 26|json.storeValues(json,jso - executing storeValues(json,jsonpath,var)(var, products.product_name, result)
2019-07-22 16:34:18,802|E|Thread-1|Error converting string to JSON object: A JSONObject text must begin with '{' at 1 [character 2 line 1]
org.json.JSONException: A JSONObject text must begin with '{' at 1 [character 2 line 1]
	at org.json.JSONTokener.syntaxError(JSONTokener.java:505)
	at org.json.JSONObject.<init>(JSONObject.java:214)
	at org.json.JSONObject.<init>(JSONObject.java:357)
	at org.nexial.core.utils.JsonUtils.toJSONObject(JsonUtils.java:75)
	at org.nexial.core.plugins.json.JsonCommand.resolveToJSONObject(JsonCommand.java:323)
	at org.nexial.core.plugins.json.JsonCommand.toJSONObject(JsonCommand.java:441)
	at org.nexial.core.plugins.json.JsonCommand.sanityCheck(JsonCommand.java:445)
	at org.nexial.core.plugins.json.JsonCommand.find(JsonCommand.java:449)
	at org.nexial.core.plugins.json.JsonCommand.extractJsonValue(JsonCommand.java:384)
	at org.nexial.core.plugins.json.JsonCommand.storeValues(JsonCommand.java:123)
	at sun.reflect.NativeMethodAccessorImpl.invoke0(Native Method)
	at sun.reflect.NativeMethodAccessorImpl.invoke(Unknown Source)
	at sun.reflect.DelegatingMethodAccessorImpl.invoke(Unknown Source)
	at java.lang.reflect.Method.invoke(Unknown Source)
	at org.nexial.core.plugins.base.BaseCommand.execute(BaseCommand.java:156)
	at org.nexial.core.model.TestStep.invokeCommand(TestStep.java:327)
	at org.nexial.core.model.TestStep.execute(TestStep.java:169)
	at org.nexial.core.model.TestCase.execute(TestCase.java:94)
	at org.nexial.core.model.TestScenario.execute(TestScenario.java:130)
	at org.nexial.core.model.ExecutionContext.execute(ExecutionContext.java:1184)
	at org.nexial.core.ExecutionThread.run(ExecutionThread.java:174)
2019-07-22 16:34:18,804|E|Thread-1|JSON string in error is as follows:
var
2019-07-22 16:34:18,806|E|Thread-1|firstEvaluation.20190722_163407.001|JsonScenario|Activity 3|# 26|json.storeValues(json,jso - FAIL EXPECTED match against 'products.product_name' was not found
2019-07-22 16:34:19,407|I|Thread-1|firstEvaluation.20190722_163407.001|JsonScenario|Activity 3|# 27|base.verbose(text) - executing verbose(text)(result)
2019-07-22 16:34:19,408|I|Thread-1|firstEvaluation.20190722_163407.001|JsonScenario|Activity 3|# 27|base.verbose(text) - result
2019-07-22 16:34:19,409|I|Thread-1|firstEvaluation.20190722_163407.001|JsonScenario|Activity 3|# 27|base.verbose(text) - PASS 
2019-07-22 16:34:19,409|I|Thread-1|firstEvaluation.20190722_163407.001|JsonScenario|Activity 4 - executing activity
2019-07-22 16:34:20,010|I|Thread-1|firstEvaluation.20190722_163407.001|JsonScenario|Activity 4|# 28|json.storeValues(json,jso - executing storeValues(json,jsonpath,var)($(syspath|data|fullpath)/example_2.json, products[product_name=Dextromathorphan HBr].supplier, supplierList)
2019-07-22 16:34:20,014|I|Thread-1|firstEvaluation.20190722_163407.001|JsonScenario|Activity 4|# 28|json.storeValues(json,jso - PASS EXPECTED match against 'products[product_name=Dextromathorphan HBr].supplier' stored to ${supplierList}
2019-07-22 16:34:20,614|I|Thread-1|firstEvaluation.20190722_163407.001|JsonScenario|Activity 4|# 29|base.verbose(text) - executing verbose(text)(${supplierList})
2019-07-22 16:34:20,615|I|Thread-1|firstEvaluation.20190722_163407.001|JsonScenario|Activity 4|# 29|base.verbose(text) - ["Schmitt-Weissnat","SC-Pharmacy"]
2019-07-22 16:34:20,616|I|Thread-1|firstEvaluation.20190722_163407.001|JsonScenario|Activity 4|# 29|base.verbose(text) - PASS 
2019-07-22 16:34:20,617|I|Thread-1|firstEvaluation.20190722_163407.001|JsonScenario|Activity 5 - executing activity
2019-07-22 16:34:21,219|I|Thread-1|firstEvaluation.20190722_163407.001|JsonScenario|Activity 5|# 30|json.storeValues(json,jso - executing storeValues(json,jsonpath,var)($(syspath|data|fullpath)/example_2.json, products.product_name, productList)
2019-07-22 16:34:21,252|I|Thread-1|firstEvaluation.20190722_163407.001|JsonScenario|Activity 5|# 30|json.storeValues(json,jso - PASS EXPECTED match against 'products.product_name' stored to ${productList}
2019-07-22 16:34:21,854|I|Thread-1|firstEvaluation.20190722_163407.001|JsonScenario|Activity 5|# 31|json.storeValues(json,jso - executing storeValues(json,jsonpath,var)($(syspath|data|fullpath)/example_2.json, products.unit_cost, costList)
2019-07-22 16:34:21,857|I|Thread-1|firstEvaluation.20190722_163407.001|JsonScenario|Activity 5|# 31|json.storeValues(json,jso - PASS EXPECTED match against 'products.unit_cost' stored to ${costList}
2019-07-22 16:34:22,457|I|Thread-1|firstEvaluation.20190722_163407.001|JsonScenario|Activity 5|# 32|base.save(var,value) - executing save(var,value)(unit_costList, [LIST${costList} => replaceRegex([$],)])
2019-07-22 16:34:22,459|I|Thread-1|firstEvaluation.20190722_163407.001|JsonScenario|Activity 5|# 32|base.save(var,value) - PASS stored '[LIST["$10.47","$8.74","$20.53","$20.53"] => replaceRegex([$],)]' as ${unit_costList}
2019-07-22 16:34:23,060|I|Thread-1|firstEvaluation.20190722_163407.001|JsonScenario|Activity 5|# 33|base.save(var,value) - executing save(var,value)(counter, 0)
2019-07-22 16:34:23,061|I|Thread-1|firstEvaluation.20190722_163407.001|JsonScenario|Activity 5|# 33|base.save(var,value) - PASS stored '0' as ${counter}
2019-07-22 16:34:23,662|I|Thread-1|firstEvaluation.20190722_163407.001|JsonScenario|Activity 5|# 34|base.repeatUntil(steps,ma - executing repeatUntil(steps,maxWaitMs)(7, -1)
2019-07-22 16:34:23,664|I|Thread-1|firstEvaluation.20190722_163407.001|JsonScenario|Activity 5|# 35|base.assertEqual(expected - 
<[repeat-until] entering loop #1 --------------------------------------------->
2019-07-22 16:34:23,665|I|Thread-1|firstEvaluation.20190722_163407.001|JsonScenario|Activity 5|# 35|base.assertEqual(expected - executing assertEqual(expected,actual)($(array|length|${unit_costList}), ${counter})
2019-07-22 16:34:23,665|I|Thread-1|firstEvaluation.20190722_163407.001|JsonScenario|Activity 5|# 36|base.save(var,value) - executing save(var,value)(value, $(array|item|${unit_costList}|${counter}))
2019-07-22 16:34:23,666|I|Thread-1|firstEvaluation.20190722_163407.001|JsonScenario|Activity 5|# 36|base.save(var,value) - [repeat-until] PASS stored '"$10.47"' as ${value}
2019-07-22 16:34:23,667|I|Thread-1|firstEvaluation.20190722_163407.001|JsonScenario|Activity 5|# 37|base.save(var,value) - executing save(var,value)(cost, [TEXT(${value}) => remove($) remove(") ])
2019-07-22 16:34:23,669|I|Thread-1|firstEvaluation.20190722_163407.001|JsonScenario|Activity 5|# 37|base.save(var,value) - [repeat-until] PASS stored '10.47' as ${cost}
2019-07-22 16:34:23,671|I|Thread-1|firstEvaluation.20190722_163407.001|JsonScenario|Activity 5|# 38|base .save(var,value) - executing save(var,value)(cost, [NUMBER(${cost}) => multiply(1)])
2019-07-22 16:34:23,671|I|Thread-1|firstEvaluation.20190722_163407.001|JsonScenario|Activity 5|# 39|base.verbose(text) - executing verbose(text)(${cost})
2019-07-22 16:34:23,671|I|Thread-1|firstEvaluation.20190722_163407.001|JsonScenario|Activity 5|# 39|base.verbose(text) - 10.47
2019-07-22 16:34:23,681|I|Thread-1|firstEvaluation.20190722_163407.001|JsonScenario|Activity 5|# 39|base.verbose(text) - [repeat-until] PASS 10.47
2019-07-22 16:34:23,681|I|Thread-1|firstEvaluation.20190722_163407.001|JsonScenario|Activity 5|# 40|base.verbose(text) - executing verbose(text)([LIST(${finalList}) => append($(array|item|${productList}|${counter}))])
2019-07-22 16:34:23,684|I|Thread-1|evaluating flow control:	SkipIf(10.47>20)		=> NOT MATCHED
2019-07-22 16:34:23,684|I|Thread-1|firstEvaluation.20190722_163407.001|JsonScenario|Activity 5|# 40|base.verbose(text) - [LIST() => append("sildenafil citrate")]
2019-07-22 16:34:23,685|I|Thread-1|firstEvaluation.20190722_163407.001|JsonScenario|Activity 5|# 40|base.verbose(text) - [repeat-until] PASS [LIST() => append("sildenafil citrate")]
2019-07-22 16:34:23,685|I|Thread-1|firstEvaluation.20190722_163407.001|JsonScenario|Activity 5|# 41|number.increment(var,amou - executing increment(var,amount)(counter, 1)
2019-07-22 16:34:23,685|I|Thread-1|firstEvaluation.20190722_163407.001|JsonScenario|Activity 5|# 41|number.increment(var,amou - [repeat-until] PASS incremented ${counter} by 1 to 1
2019-07-22 16:34:23,686|I|Thread-1|firstEvaluation.20190722_163407.001|JsonScenario|Activity 5|# 35|base.assertEqual(expected - 
<[repeat-until] entering loop #2 --------------------------------------------->
2019-07-22 16:34:23,686|I|Thread-1|firstEvaluation.20190722_163407.001|JsonScenario|Activity 5|# 35|base.assertEqual(expected - executing assertEqual(expected,actual)($(array|length|${unit_costList}), ${counter})
2019-07-22 16:34:23,687|I|Thread-1|firstEvaluation.20190722_163407.001|JsonScenario|Activity 5|# 36|base.save(var,value) - executing save(var,value)(value, $(array|item|${unit_costList}|${counter}))
2019-07-22 16:34:23,687|I|Thread-1|firstEvaluation.20190722_163407.001|JsonScenario|Activity 5|# 36|base.save(var,value) - [repeat-until] PASS stored '"$8.74"' as ${value}
2019-07-22 16:34:23,688|I|Thread-1|firstEvaluation.20190722_163407.001|JsonScenario|Activity 5|# 37|base.save(var,value) - executing save(var,value)(cost, [TEXT(${value}) => remove($) remove(") ])
2019-07-22 16:34:23,689|I|Thread-1|firstEvaluation.20190722_163407.001|JsonScenario|Activity 5|# 37|base.save(var,value) - [repeat-until] PASS stored '8.74' as ${cost}
2019-07-22 16:34:23,689|I|Thread-1|firstEvaluation.20190722_163407.001|JsonScenario|Activity 5|# 38|base .save(var,value) - executing save(var,value)(cost, [NUMBER(${cost}) => multiply(1)])
2019-07-22 16:34:23,695|I|Thread-1|firstEvaluation.20190722_163407.001|JsonScenario|Activity 5|# 39|base.verbose(text) - executing verbose(text)(${cost})
2019-07-22 16:34:23,697|I|Thread-1|firstEvaluation.20190722_163407.001|JsonScenario|Activity 5|# 39|base.verbose(text) - 8.74
2019-07-22 16:34:23,698|I|Thread-1|firstEvaluation.20190722_163407.001|JsonScenario|Activity 5|# 39|base.verbose(text) - [repeat-until] PASS 8.74
2019-07-22 16:34:23,698|I|Thread-1|firstEvaluation.20190722_163407.001|JsonScenario|Activity 5|# 40|base.verbose(text) - executing verbose(text)([LIST(${finalList}) => append($(array|item|${productList}|${counter}))])
2019-07-22 16:34:23,699|I|Thread-1|evaluating flow control:	SkipIf(8.74>20)		=> NOT MATCHED
2019-07-22 16:34:23,699|I|Thread-1|firstEvaluation.20190722_163407.001|JsonScenario|Activity 5|# 40|base.verbose(text) - [LIST() => append("Mountain Juniperus ashei")]
2019-07-22 16:34:23,700|I|Thread-1|firstEvaluation.20190722_163407.001|JsonScenario|Activity 5|# 40|base.verbose(text) - [repeat-until] PASS [LIST() => append("Mountain Juniperus ashei")]
2019-07-22 16:34:23,700|I|Thread-1|firstEvaluation.20190722_163407.001|JsonScenario|Activity 5|# 41|number.increment(var,amou - executing increment(var,amount)(counter, 1)
2019-07-22 16:34:23,701|I|Thread-1|firstEvaluation.20190722_163407.001|JsonScenario|Activity 5|# 41|number.increment(var,amou - [repeat-until] PASS incremented ${counter} by 1 to 2
2019-07-22 16:34:23,701|I|Thread-1|firstEvaluation.20190722_163407.001|JsonScenario|Activity 5|# 35|base.assertEqual(expected - 
<[repeat-until] entering loop #3 --------------------------------------------->
2019-07-22 16:34:23,701|I|Thread-1|firstEvaluation.20190722_163407.001|JsonScenario|Activity 5|# 35|base.assertEqual(expected - executing assertEqual(expected,actual)($(array|length|${unit_costList}), ${counter})
2019-07-22 16:34:23,702|I|Thread-1|firstEvaluation.20190722_163407.001|JsonScenario|Activity 5|# 36|base.save(var,value) - executing save(var,value)(value, $(array|item|${unit_costList}|${counter}))
2019-07-22 16:34:23,703|I|Thread-1|firstEvaluation.20190722_163407.001|JsonScenario|Activity 5|# 36|base.save(var,value) - [repeat-until] PASS stored '"$20.53"' as ${value}
2019-07-22 16:34:23,709|I|Thread-1|firstEvaluation.20190722_163407.001|JsonScenario|Activity 5|# 37|base.save(var,value) - executing save(var,value)(cost, [TEXT(${value}) => remove($) remove(") ])
2019-07-22 16:34:23,712|I|Thread-1|firstEvaluation.20190722_163407.001|JsonScenario|Activity 5|# 37|base.save(var,value) - [repeat-until] PASS stored '20.53' as ${cost}
2019-07-22 16:34:23,712|I|Thread-1|firstEvaluation.20190722_163407.001|JsonScenario|Activity 5|# 38|base .save(var,value) - executing save(var,value)(cost, [NUMBER(${cost}) => multiply(1)])
2019-07-22 16:34:23,713|I|Thread-1|firstEvaluation.20190722_163407.001|JsonScenario|Activity 5|# 39|base.verbose(text) - executing verbose(text)(${cost})
2019-07-22 16:34:23,713|I|Thread-1|firstEvaluation.20190722_163407.001|JsonScenario|Activity 5|# 39|base.verbose(text) - 20.53
2019-07-22 16:34:23,713|I|Thread-1|firstEvaluation.20190722_163407.001|JsonScenario|Activity 5|# 39|base.verbose(text) - [repeat-until] PASS 20.53
2019-07-22 16:34:23,714|I|Thread-1|firstEvaluation.20190722_163407.001|JsonScenario|Activity 5|# 40|base.verbose(text) - executing verbose(text)([LIST(${finalList}) => append($(array|item|${productList}|${counter}))])
2019-07-22 16:34:23,715|I|Thread-1|evaluating flow control:	SkipIf(20.53>20)		=> MATCHED
2019-07-22 16:34:23,716|I|Thread-1|firstEvaluation.20190722_163407.001|JsonScenario|Activity 5|# 40|base.verbose(text) - [repeat-until] SKIPPED current step skipped: SkipIf(${cost} > 20)
2019-07-22 16:34:23,717|I|Thread-1|firstEvaluation.20190722_163407.001|JsonScenario|Activity 5|# 41|number.increment(var,amou - executing increment(var,amount)(counter, 1)
2019-07-22 16:34:23,720|I|Thread-1|firstEvaluation.20190722_163407.001|JsonScenario|Activity 5|# 41|number.increment(var,amou - [repeat-until] PASS incremented ${counter} by 1 to 3
2019-07-22 16:34:23,721|I|Thread-1|firstEvaluation.20190722_163407.001|JsonScenario|Activity 5|# 35|base.assertEqual(expected - 
<[repeat-until] entering loop #4 --------------------------------------------->
2019-07-22 16:34:23,721|I|Thread-1|firstEvaluation.20190722_163407.001|JsonScenario|Activity 5|# 35|base.assertEqual(expected - executing assertEqual(expected,actual)($(array|length|${unit_costList}), ${counter})
2019-07-22 16:34:23,722|I|Thread-1|firstEvaluation.20190722_163407.001|JsonScenario|Activity 5|# 36|base.save(var,value) - executing save(var,value)(value, $(array|item|${unit_costList}|${counter}))
2019-07-22 16:34:23,724|I|Thread-1|firstEvaluation.20190722_163407.001|JsonScenario|Activity 5|# 36|base.save(var,value) - [repeat-until] PASS stored '"$20.53"' as ${value}
2019-07-22 16:34:23,725|I|Thread-1|firstEvaluation.20190722_163407.001|JsonScenario|Activity 5|# 37|base.save(var,value) - executing save(var,value)(cost, [TEXT(${value}) => remove($) remove(") ])
2019-07-22 16:34:23,729|I|Thread-1|firstEvaluation.20190722_163407.001|JsonScenario|Activity 5|# 37|base.save(var,value) - [repeat-until] PASS stored '20.53' as ${cost}
2019-07-22 16:34:23,732|I|Thread-1|firstEvaluation.20190722_163407.001|JsonScenario|Activity 5|# 38|base .save(var,value) - executing save(var,value)(cost, [NUMBER(${cost}) => multiply(1)])
2019-07-22 16:34:23,732|I|Thread-1|firstEvaluation.20190722_163407.001|JsonScenario|Activity 5|# 39|base.verbose(text) - executing verbose(text)(${cost})
2019-07-22 16:34:23,733|I|Thread-1|firstEvaluation.20190722_163407.001|JsonScenario|Activity 5|# 39|base.verbose(text) - 20.53
2019-07-22 16:34:23,733|I|Thread-1|firstEvaluation.20190722_163407.001|JsonScenario|Activity 5|# 39|base.verbose(text) - [repeat-until] PASS 20.53
2019-07-22 16:34:23,733|I|Thread-1|firstEvaluation.20190722_163407.001|JsonScenario|Activity 5|# 40|base.verbose(text) - executing verbose(text)([LIST(${finalList}) => append($(array|item|${productList}|${counter}))])
2019-07-22 16:34:23,734|I|Thread-1|evaluating flow control:	SkipIf(20.53>20)		=> MATCHED
2019-07-22 16:34:23,734|I|Thread-1|firstEvaluation.20190722_163407.001|JsonScenario|Activity 5|# 40|base.verbose(text) - [repeat-until] SKIPPED current step skipped: SkipIf(${cost} > 20)
2019-07-22 16:34:23,734|I|Thread-1|firstEvaluation.20190722_163407.001|JsonScenario|Activity 5|# 41|number.increment(var,amou - executing increment(var,amount)(counter, 1)
2019-07-22 16:34:23,735|I|Thread-1|firstEvaluation.20190722_163407.001|JsonScenario|Activity 5|# 41|number.increment(var,amou - [repeat-until] PASS incremented ${counter} by 1 to 4
2019-07-22 16:34:23,735|I|Thread-1|firstEvaluation.20190722_163407.001|JsonScenario|Activity 5|# 35|base.assertEqual(expected - 
<[repeat-until] entering loop #5 --------------------------------------------->
2019-07-22 16:34:23,735|I|Thread-1|firstEvaluation.20190722_163407.001|JsonScenario|Activity 5|# 35|base.assertEqual(expected - executing assertEqual(expected,actual)($(array|length|${unit_costList}), ${counter})
2019-07-22 16:34:23,736|I|Thread-1|firstEvaluation.20190722_163407.001|JsonScenario|Activity 5|# 34|base.repeatUntil(steps,ma - PASS repeat-until execution completed
2019-07-22 16:34:24,337|I|Thread-1|firstEvaluation.20190722_163407.001|JsonScenario|Activity 5|# 42|base.verbose(text) - executing verbose(text)(${finalList})
2019-07-22 16:34:24,339|I|Thread-1|firstEvaluation.20190722_163407.001|JsonScenario|Activity 5|# 42|base.verbose(text) - 
2019-07-22 16:34:24,343|I|Thread-1|firstEvaluation.20190722_163407.001|JsonScenario|Activity 5|# 42|base.verbose(text) - PASS 
2019-07-22 16:34:24,531|I|Thread-1|[firstEvaluation.20190722_163407.001|JsonScenario] saving test scenario
2019-07-22 16:34:24,609|I|Thread-1|firstEvaluation.20190722_163407.001|XMLScenario - executing test scenario
2019-07-22 16:34:24,611|I|Thread-1|firstEvaluation.20190722_163407.001|XMLScenario|Activity 1 - executing activity
2019-07-22 16:34:25,211|I|Thread-1|firstEvaluation.20190722_163407.001|XMLScenario|Activity 1|#  5|xml.storeValues(xml,xpath - executing storeValues(xml,xpath,var)($(syspath|data|fullpath)/example_1.xml)
2019-07-22 16:34:25,213|E|Thread-1|firstEvaluation.20190722_163407.001|XMLScenario|Activity 1|#  5|xml.storeValues(xml,xpath - FAIL MISMATCHED parameters - xml.storeValues EXPECTS 3 but found 1
2019-07-22 16:34:25,243|I|Thread-1|[firstEvaluation.20190722_163407.001|XMLScenario] saving test scenario
2019-07-22 16:34:25,315|I|Thread-1|[20190722_163406] 
/-TEST COMPLETE-----------------------------------------------------------------
| Test Output:    C:\projects\firstEvaluation\output\20190722_163406\firstEvaluation.20190722_163407.001.xlsx
| Iteration:      1
\-------------------------------------------------------------------------------
» Execution Time: 16435 ms
» Test Steps:     26
» Error(s):       2



2019-07-22 16:34:27,232|I|Thread-1|[20190722_163406] 
/-TEST COMPLETE-----------------------------------------------------------------
| Test Script:    C:\projects\firstEvaluation\artifact\script\firstEvaluation.xlsx
\-------------------------------------------------------------------------------
» Execution Time: 20310 ms
» Iterations:     [1] total 1
» Test Steps:     26
» Passed:         24
» Error(s):       2
» Iteration 1 of 1: C:\projects\firstEvaluation\output\20190722_163406\firstEvaluation.20190722_163407.001.xlsx



2019-07-22 16:34:27,892|I|main|[20190722_163406] [C:\projects\firstEvaluation\artifact\script\firstEvaluation.xlsx] now completed
2019-07-22 16:34:27,892|I|main|[20190722_163406] all execution thread(s) have terminated
2019-07-22 16:34:27,892|I|main|[20190722_163406] test run completed in about 21 seconds
2019-07-22 16:34:27,937|I|main|No predefined nexial-setup found
2019-07-22 16:34:27,964|I|main|outputBase not set; output-to-cloud DISABLED!
2019-07-22 16:34:27,965|I|main|accessKey not set; output-to-cloud DISABLED!
2019-07-22 16:34:27,966|I|main|secretKey not set; output-to-cloud DISABLED!
2019-07-22 16:34:27,966|I|main|generating HTML output for this execution to C:\projects\firstEvaluation\output\20190722_163406\execution-output.html
2019-07-22 16:34:28,542|I|main|generating JUnit XML output for this execution to C:\projects\firstEvaluation\output\20190722_163406\junit.xml
2019-07-22 16:34:28,586|I|main|generated JUnit report for this execution: C:\projects\firstEvaluation\output\20190722_163406\junit.xml
2019-07-22 16:34:28,631|I|main|nexial mailer not enabled: nexial.enableEmail=false
2019-07-22 16:34:28,631|I|main|skipped email notification as configured
2019-07-22 16:34:28,633|I|main|exiting Nexial...
2019-07-22 16:34:28,634|I|main|

/-END OF EXECUTION--------------------------------------------------------------
| » Execution Time: 21 sec.
| » Test Steps....: 26
| » Passed........: 24
| » Failed........: 2
| » Success Rate..: 92.31%
\----------------------------------------------------------nexial-core dev_0581-

2019-07-22 16:34:28,634|E|main|failure found; success rate is 92.31%
2019-07-22 16:34:28,634|I|main|End of Execution:
NEXIAL_OUTPUT:         C:\projects\firstEvaluation\output\20190722_163406
NEXIAL_EXECUTION_HTML: C:\projects\firstEvaluation\output\20190722_163406\execution-output.html
NEXIAL_JUNIT_XML:      C:\projects\firstEvaluation\output\20190722_163406\junit.xml
NEXIAL_SUCCESS_RATE:   92.31%
NEXIAL_EXIT_STATUS:    -13
