2019-07-29 16:18:40,541|I|Thread-1|(DELAYED) nexial-core 2.4_0567 starting up...
2019-07-29 16:18:40,544|I|Thread-1|(DELAYED) data file resolved as C:\Users\DEEPAN~1.PAT\AppData\Local\Temp\ARmbY\secondAssignment.data.xlsx
2019-07-29 16:18:40,544|I|Thread-1|(DELAYED) input files and output directory resolved...
2019-07-29 16:18:40,544|I|Thread-1|(DELAYED) No predefined nexial-setup found
2019-07-29 16:18:40,544|I|Thread-1|(DELAYED) [20190729_161840] [C:\projects\secondAssignment\artifact\script\secondAssignment.xlsx] resolve RUN ID as 20190729_161840
2019-07-29 16:18:40,544|I|Thread-1|(DELAYED) [20190729_161840] [C:\projects\secondAssignment\artifact\script\secondAssignment.xlsx] new thread started
2019-07-29 16:18:40,544|I|Thread-1|No predefined nexial-setup found
2019-07-29 16:18:40,636|I|Thread-1|outputBase not set; output-to-cloud DISABLED!
2019-07-29 16:18:40,637|I|Thread-1|accessKey not set; output-to-cloud DISABLED!
2019-07-29 16:18:40,638|I|Thread-1|secretKey not set; output-to-cloud DISABLED!
2019-07-29 16:18:40,665|I|Thread-1|missing REQUIRED configuration; sms DISABLED!
2019-07-29 16:18:41,432|I|Thread-1|[20190729_161840] executing C:\projects\secondAssignment\artifact\script\secondAssignment.xlsx with 1 iteration(s)
2019-07-29 16:18:41,438|I|Thread-1|[20190729_161840] create directory C:\projects\secondAssignment\output\20190729_161840\captures
2019-07-29 16:18:41,439|I|Thread-1|[20190729_161840] create directory C:\projects\secondAssignment\output\20190729_161840\logs
2019-07-29 16:18:42,771|I|Thread-1|[20190729_161840] merging test data to tmp file C:\projects\secondAssignment\output\20190729_161840\secondAssignment.20190729_161841.001.xlsx
2019-07-29 16:18:42,773|I|Thread-1|refetching data from C:\projects\secondAssignment\artifact\data\secondAssignment.data.xlsx
2019-07-29 16:18:43,074|I|Thread-1|[20190729_161840] test script and test data merged to C:\projects\secondAssignment\output\20190729_161840\secondAssignment.20190729_161841.001.xlsx
2019-07-29 16:18:43,684|I|Thread-1|STARTS
2019-07-29 16:18:43,705|I|Thread-1|secondAssignment.20190729_161841.001 - executing iteration #1 of 1; Iteration Id 1
2019-07-29 16:18:43,712|I|Thread-1|secondAssignment.20190729_161841.001|Scenario2 - executing test scenario
2019-07-29 16:18:43,713|I|Thread-1|secondAssignment.20190729_161841.001|Scenario2|Activity 1 - executing activity
2019-07-29 16:18:44,318|I|Thread-1|secondAssignment.20190729_161841.001|Scenario2|Activity 1|#  5|web.open(url) - executing open(url)(https://www.google.com/)
2019-07-29 16:18:44,323|I|Thread-1|No valid instance of webdriver, initializing...
2019-07-29 16:18:44,325|I|Thread-1|init chrome
2019-07-29 16:18:50,149|I|Thread-1|browser initialization completed for 'chrome'
2019-07-29 16:18:50,157|I|Thread-1|setting browser polling wait time to 800 ms
2019-07-29 16:18:50,161|I|Thread-1|setting browser page load timeout to 10000 ms
2019-07-29 16:18:51,787|I|Thread-1|current browser window handle:CDwindow-31C1F46E600FC7EF76173D1A8BE50029
2019-07-29 16:18:51,802|I|Thread-1|secondAssignment.20190729_161841.001|Scenario2|Activity 1|#  5|web.open(url) - PASS opened URL https://www.google.com/
2019-07-29 16:18:52,404|I|Thread-1|secondAssignment.20190729_161841.001|Scenario2|Activity 1|#  6|web.type(locator,value) - executing type(locator,value)(//*[@id="tsf"]/div[2]/div/div[1]/div/div[1]/input, ATMECS)
2019-07-29 16:18:52,644|I|Thread-1|secondAssignment.20190729_161841.001|Scenario2|Activity 1|#  6|web.type(locator,value) - PASS typed text at '//*[@id="tsf"]/div[2]/div/div[1]/div/div[1]/input'
2019-07-29 16:18:53,248|I|Thread-1|secondAssignment.20190729_161841.001|Scenario2|Activity 1|#  7|web.click(locator) - executing click(locator)(//*[@id="tsf"]/div[2]/div/div[3]/center/input[1])
2019-07-29 16:18:53,300|I|Thread-1|clicking '//*[@id="tsf"]/div[2]/div/div[3]/center/input[1]'...
2019-07-29 16:18:53,317|I|Thread-1|click target via JS, @id=
2019-07-29 16:18:54,604|I|Thread-1|clicked -> true
2019-07-29 16:18:54,605|I|Thread-1|secondAssignment.20190729_161841.001|Scenario2|Activity 1|#  7|web.click(locator) - PASS click via JS event
2019-07-29 16:18:55,208|I|Thread-1|secondAssignment.20190729_161841.001|Scenario2|Activity 1|#  8|web.saveTextArray(var,loc - executing saveTextArray(var,locator)(linkArray, //*[@class = "iUh30"])
2019-07-29 16:18:55,387|I|Thread-1|secondAssignment.20190729_161841.001|Scenario2|Activity 1|#  8|web.saveTextArray(var,loc - PASS stored content of '//*[@class = "iUh30"]' as ${linkArray}
2019-07-29 16:18:55,991|I|Thread-1|secondAssignment.20190729_161841.001|Scenario2|Activity 1|#  9|base.verbose(text) - executing verbose(text)($(array|length|${linkArray}))
2019-07-29 16:18:55,998|I|Thread-1|secondAssignment.20190729_161841.001|Scenario2|Activity 1|#  9|base.verbose(text) - 11
2019-07-29 16:18:56,239|I|Thread-1|secondAssignment.20190729_161841.001|Scenario2|Activity 1|#  9|base.verbose(text) - PASS 
2019-07-29 16:18:56,843|I|Thread-1|secondAssignment.20190729_161841.001|Scenario2|Activity 1|# 10|base.save(var,value) - executing save(var,value)(query, Insert into info values("ATMECS", ${linkArray});)
2019-07-29 16:18:56,848|I|Thread-1|secondAssignment.20190729_161841.001|Scenario2|Activity 1|# 10|base.save(var,value) - PASS stored 'Insert into info values("ATMECS", www.atmecs.com/,https://www.glassdoor.co.in/Reviews/ATMECS-Reviews-E1318180.htm,https://www.glassdoor.co.in/.../Working-at-ATMECS-EI_IE1318180.11,17.htm,https://in.linkedin.com/company/atmecs-inc,https://mapr.com/partners/partner/atmecs-technologies-pvt-ltd/,https://www.glassdoor.com/Overview/Working-at-ATMECS-EI_IE1318180.11,17.htm,https://www.naukri.com/atmecs-technologies-pvt-ltd-jobs-careers-1089084,https://www.indeed.co.in/cmp/Atmecs-Technologies/reviews,https://www.ambitionbox.com/reviews/atmecs-technologies-reviews);' as ${query}
2019-07-29 16:18:57,452|I|Thread-1|secondAssignment.20190729_161841.001|Scenario2|Activity 1|# 11|rdbms.runSQL(var,db,sql) - executing runSQL(var,db,sql)(queryResult, mydb, ${query})
2019-07-29 16:18:57,519|I|Thread-1|secondAssignment.20190729_161841.001|Scenario2|Activity 1|# 11|rdbms.runSQL(var,db,sql) - new connection established for 'mydb'
2019-07-29 16:18:57,932|I|Thread-1|secondAssignment.20190729_161841.001|Scenario2|Activity 1|# 11|rdbms.runSQL(var,db,sql) - executed query in 410 ms with ERROR Error occurred when executing 'Insert into info values("ATMECS", www.atmecs.com/,https://www.glassdoor.co.in/Reviews/ATMECS-Reviews-E1318180.htm,https://www.glassdoor.co.in/.../Working-at-ATMECS-EI_IE1318180.11,17.htm,https://in.linkedin.com/company/atmecs-inc,https://mapr.com/partners/partner/atmecs-technologies-pvt-ltd/,https://www.glassdoor.com/Overview/Working-at-ATMECS-EI_IE1318180.11,17.htm,https://www.naukri.com/atmecs-technologies-pvt-ltd-jobs-careers-1089084,https://www.indeed.co.in/cmp/Atmecs-Technologies/reviews,https://www.ambitionbox.com/reviews/atmecs-technologies-reviews);': [SQLITE_ERROR] SQL error or missing database (near ",": syntax error)
2019-07-29 16:18:57,940|I|Thread-1|secondAssignment.20190729_161841.001|Scenario2|Activity 1|# 11|rdbms.runSQL(var,db,sql) - PASS executed SQL 'Insert into info values("ATMECS", www.atmecs.com/,https://www.glassdoor.co.in/Reviews/ATMECS-Reviews-E1318180.htm,https://www.glassdoor.co.in/.../Working-at-ATMECS-EI_IE1318180.11,17.htm,https://in.linkedin.com/company/atmecs-inc,https://mapr.com/partners/partner/atmecs-technologies-pvt-ltd/,https://www.glassdoor.com/Overview/Working-at-ATMECS-EI_IE1318180.11,17.htm,https://www.naukri.com/atmecs-technologies-pvt-ltd-jobs-careers-1089084,https://www.indeed.co.in/cmp/Atmecs-Technologies/reviews,https://www.ambitionbox.com/reviews/atmecs-technologies-reviews);'; stored result as ${queryResult}
2019-07-29 16:18:58,546|I|Thread-1|secondAssignment.20190729_161841.001|Scenario2|Activity 1|# 12|base.save(var,value) - executing save(var,value)(selectQuery, select * from info;)
2019-07-29 16:18:58,568|I|Thread-1|secondAssignment.20190729_161841.001|Scenario2|Activity 1|# 12|base.save(var,value) - PASS stored 'select * from info;' as ${selectQuery}
2019-07-29 16:18:59,176|I|Thread-1|secondAssignment.20190729_161841.001|Scenario2|Activity 1|# 13|rdbms.runSQL(var,db,sql) - executing runSQL(var,db,sql)(queryResult, mydb, select * from info;)
2019-07-29 16:18:59,184|I|Thread-1|secondAssignment.20190729_161841.001|Scenario2|Activity 1|# 13|rdbms.runSQL(var,db,sql) - reusing established connection 'mydb'
2019-07-29 16:18:59,201|I|Thread-1|secondAssignment.20190729_161841.001|Scenario2|Activity 1|# 13|rdbms.runSQL(var,db,sql) - executed query in 8 ms with 0 row(s)
2019-07-29 16:18:59,208|I|Thread-1|secondAssignment.20190729_161841.001|Scenario2|Activity 1|# 13|rdbms.runSQL(var,db,sql) - PASS executed SQL 'select * from info;'; stored result as ${queryResult}
2019-07-29 16:18:59,811|I|Thread-1|secondAssignment.20190729_161841.001|Scenario2|Activity 1|# 14|rdbms.resultToCSV(var,csv - executing resultToCSV(var,csvFile,delim,showHeader)(queryResult, $(syspath|out|fullpath)/result.csv, |, true)
2019-07-29 16:18:59,901|I|Thread-1|secondAssignment.20190729_161841.001|Scenario2|Activity 1|# 14|rdbms.resultToCSV(var,csv - FAIL Unknown type found for variable 'queryResult': org.nexial.core.plugins.db.JdbcResult
2019-07-29 16:19:00,331|I|Thread-1|[secondAssignment.20190729_161841.001|Scenario2] saving test scenario
2019-07-29 16:19:00,435|I|Thread-1|[20190729_161840] 
/-TEST COMPLETE-----------------------------------------------------------------
| Test Output:    C:\projects\secondAssignment\output\20190729_161840\secondAssignment.20190729_161841.001.xlsx
| Iteration:      1
\-------------------------------------------------------------------------------
» Execution Time: 16725 ms
» Test Steps:     10
» Error(s):       1



2019-07-29 16:19:01,276|I|Thread-1|[20190729_161840] 
/-TEST COMPLETE-----------------------------------------------------------------
| Test Script:    C:\projects\secondAssignment\artifact\script\secondAssignment.xlsx
\-------------------------------------------------------------------------------
» Execution Time: 20919 ms
» Iterations:     [1] total 1
» Test Steps:     10
» Passed:         9
» Error(s):       1
» Iteration 1 of 1: C:\projects\secondAssignment\output\20190729_161840\secondAssignment.20190729_161841.001.xlsx



2019-07-29 16:19:01,316|I|main|[20190729_161840] [C:\projects\secondAssignment\artifact\script\secondAssignment.xlsx] now completed
2019-07-29 16:19:01,317|I|main|[20190729_161840] all execution thread(s) have terminated
2019-07-29 16:19:01,318|I|main|[20190729_161840] test run completed in about 21 seconds
2019-07-29 16:19:01,392|I|main|No predefined nexial-setup found
2019-07-29 16:19:01,430|I|main|outputBase not set; output-to-cloud DISABLED!
2019-07-29 16:19:01,431|I|main|accessKey not set; output-to-cloud DISABLED!
2019-07-29 16:19:01,431|I|main|secretKey not set; output-to-cloud DISABLED!
2019-07-29 16:19:01,433|I|main|generating HTML output for this execution to C:\projects\secondAssignment\output\20190729_161840\execution-output.html
2019-07-29 16:19:02,143|I|main|generating JUnit XML output for this execution to C:\projects\secondAssignment\output\20190729_161840\junit.xml
2019-07-29 16:19:02,185|I|main|generated JUnit report for this execution: C:\projects\secondAssignment\output\20190729_161840\junit.xml
2019-07-29 16:19:02,186|I|main|nexial mailer not enabled: nexial.enableEmail=false
2019-07-29 16:19:02,188|I|main|skipped email notification as configured
2019-07-29 16:19:02,189|I|main|exiting Nexial...
2019-07-29 16:19:02,190|I|main|shutdown starts...
2019-07-29 16:19:02,192|I|main|Shutting down 'chrome' webdriver...
2019-07-29 16:19:07,903|I|main|shutdown ends...
2019-07-29 16:19:07,908|I|main|

/-END OF EXECUTION--------------------------------------------------------------
| » Execution Time: 21 sec.
| » Test Steps....: 10
| » Passed........: 9
| » Failed........: 1
| » Success Rate..: 90.00%
\----------------------------------------------------------nexial-core 2.4_0567-

2019-07-29 16:19:07,910|E|main|failure found; success rate is 90.00%
2019-07-29 16:19:07,919|I|main|End of Execution:
NEXIAL_OUTPUT:         C:\projects\secondAssignment\output\20190729_161840
NEXIAL_EXECUTION_HTML: C:\projects\secondAssignment\output\20190729_161840\execution-output.html
NEXIAL_JUNIT_XML:      C:\projects\secondAssignment\output\20190729_161840\junit.xml
NEXIAL_SUCCESS_RATE:   90.00%
NEXIAL_EXIT_STATUS:    -13
