2019-07-29 17:02:15,045|I|Thread-1|(DELAYED) nexial-core 2.4_0567 starting up...
2019-07-29 17:02:15,048|I|Thread-1|(DELAYED) data file resolved as C:\Users\DEEPAN~1.PAT\AppData\Local\Temp\UvsXC\secondAssignment.data.xlsx
2019-07-29 17:02:15,048|I|Thread-1|(DELAYED) input files and output directory resolved...
2019-07-29 17:02:15,048|I|Thread-1|(DELAYED) No predefined nexial-setup found
2019-07-29 17:02:15,048|I|Thread-1|(DELAYED) [20190729_170214] [C:\projects\secondAssignment\artifact\script\secondAssignment.xlsx] resolve RUN ID as 20190729_170214
2019-07-29 17:02:15,048|I|Thread-1|(DELAYED) [20190729_170214] [C:\projects\secondAssignment\artifact\script\secondAssignment.xlsx] new thread started
2019-07-29 17:02:15,049|I|Thread-1|No predefined nexial-setup found
2019-07-29 17:02:15,120|I|Thread-1|outputBase not set; output-to-cloud DISABLED!
2019-07-29 17:02:15,121|I|Thread-1|accessKey not set; output-to-cloud DISABLED!
2019-07-29 17:02:15,121|I|Thread-1|secretKey not set; output-to-cloud DISABLED!
2019-07-29 17:02:15,170|I|Thread-1|missing REQUIRED configuration; sms DISABLED!
2019-07-29 17:02:16,018|I|Thread-1|[20190729_170214] executing C:\projects\secondAssignment\artifact\script\secondAssignment.xlsx with 4 iteration(s)
2019-07-29 17:02:16,024|I|Thread-1|[20190729_170214] create directory C:\projects\secondAssignment\output\20190729_170214\captures
2019-07-29 17:02:16,025|I|Thread-1|[20190729_170214] create directory C:\projects\secondAssignment\output\20190729_170214\logs
2019-07-29 17:02:17,669|I|Thread-1|[20190729_170214] merging test data to tmp file C:\projects\secondAssignment\output\20190729_170214\secondAssignment.20190729_170216.001.xlsx
2019-07-29 17:02:17,670|I|Thread-1|refetching data from C:\projects\secondAssignment\artifact\data\secondAssignment.data.xlsx
2019-07-29 17:02:18,041|I|Thread-1|[20190729_170214] test script and test data merged to C:\projects\secondAssignment\output\20190729_170214\secondAssignment.20190729_170216.001.xlsx
2019-07-29 17:02:18,618|I|Thread-1|STARTS
2019-07-29 17:02:18,640|I|Thread-1|secondAssignment.20190729_170216.001 - executing iteration #1 of 4; Iteration Id 1
2019-07-29 17:02:18,650|I|Thread-1|secondAssignment.20190729_170216.001|Scenario2 - executing test scenario
2019-07-29 17:02:18,651|I|Thread-1|secondAssignment.20190729_170216.001|Scenario2|Activity 1 - executing activity
2019-07-29 17:02:19,254|I|Thread-1|secondAssignment.20190729_170216.001|Scenario2|Activity 1|#  5|web.open(url) - executing open(url)(https://www.google.com/)
2019-07-29 17:02:19,257|I|Thread-1|No valid instance of webdriver, initializing...
2019-07-29 17:02:19,258|I|Thread-1|init chrome
2019-07-29 17:02:25,488|I|Thread-1|browser initialization completed for 'chrome'
2019-07-29 17:02:25,495|I|Thread-1|setting browser polling wait time to 800 ms
2019-07-29 17:02:25,499|I|Thread-1|setting browser page load timeout to 10000 ms
2019-07-29 17:02:27,020|I|Thread-1|current browser window handle:CDwindow-8C3FB68C25EB757E48CCC93339ED4D06
2019-07-29 17:02:27,038|I|Thread-1|secondAssignment.20190729_170216.001|Scenario2|Activity 1|#  5|web.open(url) - PASS opened URL https://www.google.com/
2019-07-29 17:02:27,644|I|Thread-1|secondAssignment.20190729_170216.001|Scenario2|Activity 1|#  6|web.type(locator,value) - executing type(locator,value)(//*[@id="tsf"]/div[2]/div/div[1]/div/div[1]/input, ${my_var})
2019-07-29 17:02:28,102|I|Thread-1|secondAssignment.20190729_170216.001|Scenario2|Activity 1|#  6|web.type(locator,value) - PASS typed text at '//*[@id="tsf"]/div[2]/div/div[1]/div/div[1]/input'
2019-07-29 17:02:28,717|I|Thread-1|secondAssignment.20190729_170216.001|Scenario2|Activity 1|#  7|web.click(locator) - executing click(locator)(//*[@id="tsf"]/div[2]/div/div[3]/center/input[1])
2019-07-29 17:02:28,735|I|Thread-1|clicking '//*[@id="tsf"]/div[2]/div/div[3]/center/input[1]'...
2019-07-29 17:02:28,746|I|Thread-1|click target via JS, @id=
2019-07-29 17:02:30,121|I|Thread-1|clicked -> true
2019-07-29 17:02:30,122|I|Thread-1|secondAssignment.20190729_170216.001|Scenario2|Activity 1|#  7|web.click(locator) - PASS click via JS event
2019-07-29 17:02:30,724|I|Thread-1|secondAssignment.20190729_170216.001|Scenario2|Activity 1|#  8|web.saveTextArray(var,loc - executing saveTextArray(var,locator)(linkArray, //*[@class = "iUh30"])
2019-07-29 17:02:30,928|I|Thread-1|secondAssignment.20190729_170216.001|Scenario2|Activity 1|#  8|web.saveTextArray(var,loc - PASS stored content of '//*[@class = "iUh30"]' as ${linkArray}
2019-07-29 17:02:31,532|I|Thread-1|secondAssignment.20190729_170216.001|Scenario2|Activity 1|#  9|base.verbose(text) - executing verbose(text)($(array|length|${linkArray}))
2019-07-29 17:02:31,537|I|Thread-1|secondAssignment.20190729_170216.001|Scenario2|Activity 1|#  9|base.verbose(text) - 11
2019-07-29 17:02:31,541|I|Thread-1|secondAssignment.20190729_170216.001|Scenario2|Activity 1|#  9|base.verbose(text) - PASS 
2019-07-29 17:02:32,142|I|Thread-1|secondAssignment.20190729_170216.001|Scenario2|Activity 1|# 10|base.save(var,value) - executing save(var,value)(query, Insert into info values("${my_var}", "${linkArray}");)
2019-07-29 17:02:32,156|I|Thread-1|secondAssignment.20190729_170216.001|Scenario2|Activity 1|# 10|base.save(var,value) - PASS stored 'Insert into info values("ATMECS", "www.atmecs.com/,https://www.glassdoor.co.in/Reviews/ATMECS-Reviews-E1318180.htm,https://www.glassdoor.co.in/.../Working-at-ATMECS-EI_IE1318180.11,17.htm,https://in.linkedin.com/company/atmecs-inc,https://mapr.com/partners/partner/atmecs-technologies-pvt-ltd/,https://www.glassdoor.com/Overview/Working-at-ATMECS-EI_IE1318180.11,17.htm,https://www.naukri.com/atmecs-technologies-pvt-ltd-jobs-careers-1089084,https://www.indeed.co.in/cmp/Atmecs-Technologies/reviews,https://www.ambitionbox.com/reviews/atmecs-technologies-reviews");' as ${query}
2019-07-29 17:02:32,769|I|Thread-1|secondAssignment.20190729_170216.001|Scenario2|Activity 1|# 11|rdbms.runSQL(var,db,sql) - executing runSQL(var,db,sql)(queryResult, mydb, ${query})
2019-07-29 17:02:32,882|I|Thread-1|secondAssignment.20190729_170216.001|Scenario2|Activity 1|# 11|rdbms.runSQL(var,db,sql) - new connection established for 'mydb'
2019-07-29 17:02:33,316|I|Thread-1|secondAssignment.20190729_170216.001|Scenario2|Activity 1|# 11|rdbms.runSQL(var,db,sql) - executed query in 433 ms with 1 row(s)
2019-07-29 17:02:33,320|I|Thread-1|secondAssignment.20190729_170216.001|Scenario2|Activity 1|# 11|rdbms.runSQL(var,db,sql) - PASS executed SQL 'Insert into info values("ATMECS", "www.atmecs.com/,https://www.glassdoor.co.in/Reviews/ATMECS-Reviews-E1318180.htm,https://www.glassdoor.co.in/.../Working-at-ATMECS-EI_IE1318180.11,17.htm,https://in.linkedin.com/company/atmecs-inc,https://mapr.com/partners/partner/atmecs-technologies-pvt-ltd/,https://www.glassdoor.com/Overview/Working-at-ATMECS-EI_IE1318180.11,17.htm,https://www.naukri.com/atmecs-technologies-pvt-ltd-jobs-careers-1089084,https://www.indeed.co.in/cmp/Atmecs-Technologies/reviews,https://www.ambitionbox.com/reviews/atmecs-technologies-reviews");'; stored result as ${queryResult}
2019-07-29 17:02:33,921|I|Thread-1|secondAssignment.20190729_170216.001|Scenario2|Activity 1|# 12|base.save(var,value) - executing save(var,value)(selectQuery, select * from info;)
2019-07-29 17:02:33,926|I|Thread-1|secondAssignment.20190729_170216.001|Scenario2|Activity 1|# 12|base.save(var,value) - PASS stored 'select * from info;' as ${selectQuery}
2019-07-29 17:02:34,528|I|Thread-1|secondAssignment.20190729_170216.001|Scenario2|Activity 1|# 13|rdbms.runSQL(var,db,sql) - executing runSQL(var,db,sql)(queryResult, mydb, ${selectQuery})
2019-07-29 17:02:34,530|I|Thread-1|secondAssignment.20190729_170216.001|Scenario2|Activity 1|# 13|rdbms.runSQL(var,db,sql) - reusing established connection 'mydb'
2019-07-29 17:02:34,542|I|Thread-1|secondAssignment.20190729_170216.001|Scenario2|Activity 1|# 13|rdbms.runSQL(var,db,sql) - executed query in 8 ms with 1 row(s)
2019-07-29 17:02:34,546|I|Thread-1|secondAssignment.20190729_170216.001|Scenario2|Activity 1|# 13|rdbms.runSQL(var,db,sql) - PASS executed SQL 'select * from info;'; stored result as ${queryResult}
2019-07-29 17:02:35,148|I|Thread-1|secondAssignment.20190729_170216.001|Scenario2|Activity 1|# 14|rdbms.saveResult(db,sql,o - executing saveResult(db,sql,output)(mydb, ${selectQuery}, $(syspath|out|fullpath)/FinalResult.csv)
2019-07-29 17:02:35,160|I|Thread-1|secondAssignment.20190729_170216.001|Scenario2|Activity 1|# 14|rdbms.saveResult(db,sql,o - reusing established connection 'mydb'
2019-07-29 17:02:35,195|I|Thread-1|secondAssignment.20190729_170216.001|Scenario2|Activity 1|# 14|rdbms.saveResult(db,sql,o - executed query in 33 ms with 1 row(s)
2019-07-29 17:02:35,275|I|Thread-1|secondAssignment.20190729_170216.001|Scenario2|Activity 1|# 14|rdbms.saveResult(db,sql,o - PASS executed SQL 'select * from info;'; stored result to 'C:\projects\secondAssignment\output\20190729_170214\FinalResult.csv'
2019-07-29 17:02:35,876|I|Thread-1|secondAssignment.20190729_170216.001|Scenario2|Activity 1|# 15|rdbms.runSQL(var,db,sql) - executing runSQL(var,db,sql)(deleteQuery, mydb, delete from info; )
2019-07-29 17:02:35,880|I|Thread-1|secondAssignment.20190729_170216.001|Scenario2|Activity 1|# 15|rdbms.runSQL(var,db,sql) - reusing established connection 'mydb'
2019-07-29 17:02:35,987|I|Thread-1|secondAssignment.20190729_170216.001|Scenario2|Activity 1|# 15|rdbms.runSQL(var,db,sql) - executed query in 104 ms with 1 row(s)
2019-07-29 17:02:35,992|I|Thread-1|secondAssignment.20190729_170216.001|Scenario2|Activity 1|# 15|rdbms.runSQL(var,db,sql) - PASS executed SQL 'delete from info; '; stored result as ${deleteQuery}
2019-07-29 17:02:36,484|I|Thread-1|[secondAssignment.20190729_170216.001|Scenario2] saving test scenario
2019-07-29 17:02:36,611|I|Thread-1|[20190729_170214] 
/-TEST COMPLETE-----------------------------------------------------------------
| Test Output:    C:\projects\secondAssignment\output\20190729_170214\secondAssignment.20190729_170216.001.xlsx
| Iteration:      1
\-------------------------------------------------------------------------------
» Execution Time: 17964 ms
» Test Steps:     11
» Error(s):       0



2019-07-29 17:02:37,439|I|Thread-1|[20190729_170214] create directory C:\projects\secondAssignment\output\20190729_170214\captures
2019-07-29 17:02:37,439|I|Thread-1|[20190729_170214] create directory C:\projects\secondAssignment\output\20190729_170214\logs
2019-07-29 17:02:38,051|I|Thread-1|[20190729_170214] merging test data to tmp file C:\projects\secondAssignment\output\20190729_170214\secondAssignment.20190729_170237.002.xlsx
2019-07-29 17:02:38,052|I|Thread-1|refetching data from C:\projects\secondAssignment\artifact\data\secondAssignment.data.xlsx
2019-07-29 17:02:38,207|I|Thread-1|[20190729_170214] test script and test data merged to C:\projects\secondAssignment\output\20190729_170214\secondAssignment.20190729_170237.002.xlsx
2019-07-29 17:02:38,527|I|Thread-1|STARTS
2019-07-29 17:02:38,535|I|Thread-1|secondAssignment.20190729_170237.002 - executing iteration #2 of 4; Iteration Id 2
2019-07-29 17:02:38,535|I|Thread-1|secondAssignment.20190729_170237.002|Scenario2 - executing test scenario
2019-07-29 17:02:38,536|I|Thread-1|secondAssignment.20190729_170237.002|Scenario2|Activity 1 - executing activity
2019-07-29 17:02:39,137|I|Thread-1|secondAssignment.20190729_170237.002|Scenario2|Activity 1|#  5|web.open(url) - executing open(url)(https://www.google.com/)
2019-07-29 17:02:40,079|I|Thread-1|current browser window handle:CDwindow-8C3FB68C25EB757E48CCC93339ED4D06
2019-07-29 17:02:40,090|I|Thread-1|secondAssignment.20190729_170237.002|Scenario2|Activity 1|#  5|web.open(url) - PASS opened URL https://www.google.com/
2019-07-29 17:02:40,692|I|Thread-1|secondAssignment.20190729_170237.002|Scenario2|Activity 1|#  6|web.type(locator,value) - executing type(locator,value)(//*[@id="tsf"]/div[2]/div/div[1]/div/div[1]/input, ${my_var})
2019-07-29 17:02:40,949|I|Thread-1|secondAssignment.20190729_170237.002|Scenario2|Activity 1|#  6|web.type(locator,value) - PASS typed text at '//*[@id="tsf"]/div[2]/div/div[1]/div/div[1]/input'
2019-07-29 17:02:41,551|I|Thread-1|secondAssignment.20190729_170237.002|Scenario2|Activity 1|#  7|web.click(locator) - executing click(locator)(//*[@id="tsf"]/div[2]/div/div[3]/center/input[1])
2019-07-29 17:02:41,600|I|Thread-1|clicking '//*[@id="tsf"]/div[2]/div/div[3]/center/input[1]'...
2019-07-29 17:02:41,615|I|Thread-1|click target via JS, @id=
2019-07-29 17:02:42,823|I|Thread-1|clicked -> true
2019-07-29 17:02:42,824|I|Thread-1|secondAssignment.20190729_170237.002|Scenario2|Activity 1|#  7|web.click(locator) - PASS click via JS event
2019-07-29 17:02:43,425|I|Thread-1|secondAssignment.20190729_170237.002|Scenario2|Activity 1|#  8|web.saveTextArray(var,loc - executing saveTextArray(var,locator)(linkArray, //*[@class = "iUh30"])
2019-07-29 17:02:43,546|I|Thread-1|secondAssignment.20190729_170237.002|Scenario2|Activity 1|#  8|web.saveTextArray(var,loc - PASS stored content of '//*[@class = "iUh30"]' as ${linkArray}
2019-07-29 17:02:44,149|I|Thread-1|secondAssignment.20190729_170237.002|Scenario2|Activity 1|#  9|base.verbose(text) - executing verbose(text)($(array|length|${linkArray}))
2019-07-29 17:02:44,152|I|Thread-1|secondAssignment.20190729_170237.002|Scenario2|Activity 1|#  9|base.verbose(text) - 5
2019-07-29 17:02:44,157|I|Thread-1|secondAssignment.20190729_170237.002|Scenario2|Activity 1|#  9|base.verbose(text) - PASS 
2019-07-29 17:02:44,758|I|Thread-1|secondAssignment.20190729_170237.002|Scenario2|Activity 1|# 10|base.save(var,value) - executing save(var,value)(query, Insert into info values("${my_var}", "${linkArray}");)
2019-07-29 17:02:44,766|I|Thread-1|secondAssignment.20190729_170237.002|Scenario2|Activity 1|# 10|base.save(var,value) - PASS stored 'Insert into info values("Sundar Pichai", "https://en.wikipedia.org/wiki/Sundar_Pichai,https://www.britannica.com/biography/Sundar-Pichai,https://www.crunchbase.com/person/sundar-pichai,https://www.instagram.com/sundarpichai/?hl=en,https://www.businesstoday.in/current/corporate/sundar-pichai.../289327.html");' as ${query}
2019-07-29 17:02:45,370|I|Thread-1|secondAssignment.20190729_170237.002|Scenario2|Activity 1|# 11|rdbms.runSQL(var,db,sql) - executing runSQL(var,db,sql)(queryResult, mydb, ${query})
2019-07-29 17:02:45,378|I|Thread-1|secondAssignment.20190729_170237.002|Scenario2|Activity 1|# 11|rdbms.runSQL(var,db,sql) - reusing established connection 'mydb'
2019-07-29 17:02:45,516|I|Thread-1|secondAssignment.20190729_170237.002|Scenario2|Activity 1|# 11|rdbms.runSQL(var,db,sql) - executed query in 136 ms with 1 row(s)
2019-07-29 17:02:45,526|I|Thread-1|secondAssignment.20190729_170237.002|Scenario2|Activity 1|# 11|rdbms.runSQL(var,db,sql) - PASS executed SQL 'Insert into info values("Sundar Pichai", "https://en.wikipedia.org/wiki/Sundar_Pichai,https://www.britannica.com/biography/Sundar-Pichai,https://www.crunchbase.com/person/sundar-pichai,https://www.instagram.com/sundarpichai/?hl=en,https://www.businesstoday.in/current/corporate/sundar-pichai.../289327.html");'; stored result as ${queryResult}
2019-07-29 17:02:46,131|I|Thread-1|secondAssignment.20190729_170237.002|Scenario2|Activity 1|# 12|base.save(var,value) - executing save(var,value)(selectQuery, select * from info;)
2019-07-29 17:02:46,136|I|Thread-1|secondAssignment.20190729_170237.002|Scenario2|Activity 1|# 12|base.save(var,value) - PASS stored 'select * from info;' as ${selectQuery}
2019-07-29 17:02:46,739|I|Thread-1|secondAssignment.20190729_170237.002|Scenario2|Activity 1|# 13|rdbms.runSQL(var,db,sql) - executing runSQL(var,db,sql)(queryResult, mydb, ${selectQuery})
2019-07-29 17:02:46,745|I|Thread-1|secondAssignment.20190729_170237.002|Scenario2|Activity 1|# 13|rdbms.runSQL(var,db,sql) - reusing established connection 'mydb'
2019-07-29 17:02:46,751|I|Thread-1|secondAssignment.20190729_170237.002|Scenario2|Activity 1|# 13|rdbms.runSQL(var,db,sql) - executed query in 3 ms with 1 row(s)
2019-07-29 17:02:46,756|I|Thread-1|secondAssignment.20190729_170237.002|Scenario2|Activity 1|# 13|rdbms.runSQL(var,db,sql) - PASS executed SQL 'select * from info;'; stored result as ${queryResult}
2019-07-29 17:02:47,358|I|Thread-1|secondAssignment.20190729_170237.002|Scenario2|Activity 1|# 14|rdbms.saveResult(db,sql,o - executing saveResult(db,sql,output)(mydb, ${selectQuery}, $(syspath|out|fullpath)/FinalResult.csv)
2019-07-29 17:02:47,363|I|Thread-1|secondAssignment.20190729_170237.002|Scenario2|Activity 1|# 14|rdbms.saveResult(db,sql,o - reusing established connection 'mydb'
2019-07-29 17:02:47,371|I|Thread-1|secondAssignment.20190729_170237.002|Scenario2|Activity 1|# 14|rdbms.saveResult(db,sql,o - executed query in 5 ms with 1 row(s)
2019-07-29 17:02:47,399|I|Thread-1|secondAssignment.20190729_170237.002|Scenario2|Activity 1|# 14|rdbms.saveResult(db,sql,o - PASS executed SQL 'select * from info;'; stored result to 'C:\projects\secondAssignment\output\20190729_170214\FinalResult.csv'
2019-07-29 17:02:48,005|I|Thread-1|secondAssignment.20190729_170237.002|Scenario2|Activity 1|# 15|rdbms.runSQL(var,db,sql) - executing runSQL(var,db,sql)(deleteQuery, mydb, delete from info; )
2019-07-29 17:02:48,007|I|Thread-1|secondAssignment.20190729_170237.002|Scenario2|Activity 1|# 15|rdbms.runSQL(var,db,sql) - reusing established connection 'mydb'
2019-07-29 17:02:48,115|I|Thread-1|secondAssignment.20190729_170237.002|Scenario2|Activity 1|# 15|rdbms.runSQL(var,db,sql) - executed query in 106 ms with 1 row(s)
2019-07-29 17:02:48,117|I|Thread-1|secondAssignment.20190729_170237.002|Scenario2|Activity 1|# 15|rdbms.runSQL(var,db,sql) - PASS executed SQL 'delete from info; '; stored result as ${deleteQuery}
2019-07-29 17:02:48,278|I|Thread-1|[secondAssignment.20190729_170237.002|Scenario2] saving test scenario
2019-07-29 17:02:48,355|I|Thread-1|[20190729_170214] 
/-TEST COMPLETE-----------------------------------------------------------------
| Test Output:    C:\projects\secondAssignment\output\20190729_170214\secondAssignment.20190729_170237.002.xlsx
| Iteration:      2
\-------------------------------------------------------------------------------
» Execution Time: 9815 ms
» Test Steps:     11
» Error(s):       0



2019-07-29 17:02:48,878|I|Thread-1|[20190729_170214] create directory C:\projects\secondAssignment\output\20190729_170214\captures
2019-07-29 17:02:48,878|I|Thread-1|[20190729_170214] create directory C:\projects\secondAssignment\output\20190729_170214\logs
2019-07-29 17:02:49,373|I|Thread-1|[20190729_170214] merging test data to tmp file C:\projects\secondAssignment\output\20190729_170214\secondAssignment.20190729_170248.003.xlsx
2019-07-29 17:02:49,373|I|Thread-1|refetching data from C:\projects\secondAssignment\artifact\data\secondAssignment.data.xlsx
2019-07-29 17:02:49,494|I|Thread-1|[20190729_170214] test script and test data merged to C:\projects\secondAssignment\output\20190729_170214\secondAssignment.20190729_170248.003.xlsx
2019-07-29 17:02:49,733|I|Thread-1|STARTS
2019-07-29 17:02:49,736|I|Thread-1|secondAssignment.20190729_170248.003 - executing iteration #3 of 4; Iteration Id 3
2019-07-29 17:02:49,739|I|Thread-1|secondAssignment.20190729_170248.003|Scenario2 - executing test scenario
2019-07-29 17:02:49,740|I|Thread-1|secondAssignment.20190729_170248.003|Scenario2|Activity 1 - executing activity
2019-07-29 17:02:50,340|I|Thread-1|secondAssignment.20190729_170248.003|Scenario2|Activity 1|#  5|web.open(url) - executing open(url)(https://www.google.com/)
2019-07-29 17:02:51,271|I|Thread-1|current browser window handle:CDwindow-8C3FB68C25EB757E48CCC93339ED4D06
2019-07-29 17:02:51,281|I|Thread-1|secondAssignment.20190729_170248.003|Scenario2|Activity 1|#  5|web.open(url) - PASS opened URL https://www.google.com/
2019-07-29 17:02:51,883|I|Thread-1|secondAssignment.20190729_170248.003|Scenario2|Activity 1|#  6|web.type(locator,value) - executing type(locator,value)(//*[@id="tsf"]/div[2]/div/div[1]/div/div[1]/input, ${my_var})
2019-07-29 17:02:52,068|I|Thread-1|secondAssignment.20190729_170248.003|Scenario2|Activity 1|#  6|web.type(locator,value) - PASS typed text at '//*[@id="tsf"]/div[2]/div/div[1]/div/div[1]/input'
2019-07-29 17:02:52,669|I|Thread-1|secondAssignment.20190729_170248.003|Scenario2|Activity 1|#  7|web.click(locator) - executing click(locator)(//*[@id="tsf"]/div[2]/div/div[3]/center/input[1])
2019-07-29 17:02:52,690|I|Thread-1|clicking '//*[@id="tsf"]/div[2]/div/div[3]/center/input[1]'...
2019-07-29 17:02:52,704|I|Thread-1|click target via JS, @id=
2019-07-29 17:02:54,241|I|Thread-1|clicked -> true
2019-07-29 17:02:54,242|I|Thread-1|secondAssignment.20190729_170248.003|Scenario2|Activity 1|#  7|web.click(locator) - PASS click via JS event
2019-07-29 17:02:54,842|I|Thread-1|secondAssignment.20190729_170248.003|Scenario2|Activity 1|#  8|web.saveTextArray(var,loc - executing saveTextArray(var,locator)(linkArray, //*[@class = "iUh30"])
2019-07-29 17:02:55,050|I|Thread-1|secondAssignment.20190729_170248.003|Scenario2|Activity 1|#  8|web.saveTextArray(var,loc - PASS stored content of '//*[@class = "iUh30"]' as ${linkArray}
2019-07-29 17:02:55,660|I|Thread-1|secondAssignment.20190729_170248.003|Scenario2|Activity 1|#  9|base.verbose(text) - executing verbose(text)($(array|length|${linkArray}))
2019-07-29 17:02:55,665|I|Thread-1|secondAssignment.20190729_170248.003|Scenario2|Activity 1|#  9|base.verbose(text) - 10
2019-07-29 17:02:55,669|I|Thread-1|secondAssignment.20190729_170248.003|Scenario2|Activity 1|#  9|base.verbose(text) - PASS 
2019-07-29 17:02:56,270|I|Thread-1|secondAssignment.20190729_170248.003|Scenario2|Activity 1|# 10|base.save(var,value) - executing save(var,value)(query, Insert into info values("${my_var}", "${linkArray}");)
2019-07-29 17:02:56,285|I|Thread-1|secondAssignment.20190729_170248.003|Scenario2|Activity 1|# 10|base.save(var,value) - PASS stored 'Insert into info values("Bill Gates", "https://en.wikipedia.org/wiki/Bill_Gates,https://www.gatesnotes.com/,https://www.forbes.com/profile/bill-gates/,,,,,https://www.biographyonline.net/business/bill-gates.html,https://www.youtube.com/channel/UCnEiGCE13SUI7ZvojTAVBKw,https://www.biography.com/business-figure/bill-gates");' as ${query}
2019-07-29 17:02:56,888|I|Thread-1|secondAssignment.20190729_170248.003|Scenario2|Activity 1|# 11|rdbms.runSQL(var,db,sql) - executing runSQL(var,db,sql)(queryResult, mydb, ${query})
2019-07-29 17:02:56,895|I|Thread-1|secondAssignment.20190729_170248.003|Scenario2|Activity 1|# 11|rdbms.runSQL(var,db,sql) - reusing established connection 'mydb'
2019-07-29 17:02:57,009|I|Thread-1|secondAssignment.20190729_170248.003|Scenario2|Activity 1|# 11|rdbms.runSQL(var,db,sql) - executed query in 112 ms with 1 row(s)
2019-07-29 17:02:57,019|I|Thread-1|secondAssignment.20190729_170248.003|Scenario2|Activity 1|# 11|rdbms.runSQL(var,db,sql) - PASS executed SQL 'Insert into info values("Bill Gates", "https://en.wikipedia.org/wiki/Bill_Gates,https://www.gatesnotes.com/,https://www.forbes.com/profile/bill-gates/,,,,,https://www.biographyonline.net/business/bill-gates.html,https://www.youtube.com/channel/UCnEiGCE13SUI7ZvojTAVBKw,https://www.biography.com/business-figure/bill-gates");'; stored result as ${queryResult}
2019-07-29 17:02:57,621|I|Thread-1|secondAssignment.20190729_170248.003|Scenario2|Activity 1|# 12|base.save(var,value) - executing save(var,value)(selectQuery, select * from info;)
2019-07-29 17:02:57,622|I|Thread-1|secondAssignment.20190729_170248.003|Scenario2|Activity 1|# 12|base.save(var,value) - PASS stored 'select * from info;' as ${selectQuery}
2019-07-29 17:02:58,223|I|Thread-1|secondAssignment.20190729_170248.003|Scenario2|Activity 1|# 13|rdbms.runSQL(var,db,sql) - executing runSQL(var,db,sql)(queryResult, mydb, ${selectQuery})
2019-07-29 17:02:58,224|I|Thread-1|secondAssignment.20190729_170248.003|Scenario2|Activity 1|# 13|rdbms.runSQL(var,db,sql) - reusing established connection 'mydb'
2019-07-29 17:02:58,225|I|Thread-1|secondAssignment.20190729_170248.003|Scenario2|Activity 1|# 13|rdbms.runSQL(var,db,sql) - executed query in 1 ms with 1 row(s)
2019-07-29 17:02:58,226|I|Thread-1|secondAssignment.20190729_170248.003|Scenario2|Activity 1|# 13|rdbms.runSQL(var,db,sql) - PASS executed SQL 'select * from info;'; stored result as ${queryResult}
2019-07-29 17:02:58,828|I|Thread-1|secondAssignment.20190729_170248.003|Scenario2|Activity 1|# 14|rdbms.saveResult(db,sql,o - executing saveResult(db,sql,output)(mydb, ${selectQuery}, $(syspath|out|fullpath)/FinalResult.csv)
2019-07-29 17:02:58,831|I|Thread-1|secondAssignment.20190729_170248.003|Scenario2|Activity 1|# 14|rdbms.saveResult(db,sql,o - reusing established connection 'mydb'
2019-07-29 17:02:58,837|I|Thread-1|secondAssignment.20190729_170248.003|Scenario2|Activity 1|# 14|rdbms.saveResult(db,sql,o - executed query in 6 ms with 1 row(s)
2019-07-29 17:02:58,855|I|Thread-1|secondAssignment.20190729_170248.003|Scenario2|Activity 1|# 14|rdbms.saveResult(db,sql,o - PASS executed SQL 'select * from info;'; stored result to 'C:\projects\secondAssignment\output\20190729_170214\FinalResult.csv'
2019-07-29 17:02:59,458|I|Thread-1|secondAssignment.20190729_170248.003|Scenario2|Activity 1|# 15|rdbms.runSQL(var,db,sql) - executing runSQL(var,db,sql)(deleteQuery, mydb, delete from info; )
2019-07-29 17:02:59,463|I|Thread-1|secondAssignment.20190729_170248.003|Scenario2|Activity 1|# 15|rdbms.runSQL(var,db,sql) - reusing established connection 'mydb'
2019-07-29 17:02:59,595|I|Thread-1|secondAssignment.20190729_170248.003|Scenario2|Activity 1|# 15|rdbms.runSQL(var,db,sql) - executed query in 130 ms with 1 row(s)
2019-07-29 17:02:59,597|I|Thread-1|secondAssignment.20190729_170248.003|Scenario2|Activity 1|# 15|rdbms.runSQL(var,db,sql) - PASS executed SQL 'delete from info; '; stored result as ${deleteQuery}
2019-07-29 17:02:59,743|I|Thread-1|[secondAssignment.20190729_170248.003|Scenario2] saving test scenario
2019-07-29 17:02:59,797|I|Thread-1|[20190729_170214] 
/-TEST COMPLETE-----------------------------------------------------------------
| Test Output:    C:\projects\secondAssignment\output\20190729_170214\secondAssignment.20190729_170248.003.xlsx
| Iteration:      3
\-------------------------------------------------------------------------------
» Execution Time: 10059 ms
» Test Steps:     11
» Error(s):       0



2019-07-29 17:03:00,224|I|Thread-1|[20190729_170214] create directory C:\projects\secondAssignment\output\20190729_170214\captures
2019-07-29 17:03:00,224|I|Thread-1|[20190729_170214] create directory C:\projects\secondAssignment\output\20190729_170214\logs
2019-07-29 17:03:00,630|I|Thread-1|[20190729_170214] merging test data to tmp file C:\projects\secondAssignment\output\20190729_170214\secondAssignment.20190729_170300.004.xlsx
2019-07-29 17:03:00,630|I|Thread-1|refetching data from C:\projects\secondAssignment\artifact\data\secondAssignment.data.xlsx
2019-07-29 17:03:00,769|I|Thread-1|[20190729_170214] test script and test data merged to C:\projects\secondAssignment\output\20190729_170214\secondAssignment.20190729_170300.004.xlsx
2019-07-29 17:03:00,977|I|Thread-1|STARTS
2019-07-29 17:03:00,979|I|Thread-1|secondAssignment.20190729_170300.004 - executing iteration #4 of 4; Iteration Id 4
2019-07-29 17:03:00,980|I|Thread-1|secondAssignment.20190729_170300.004|Scenario2 - executing test scenario
2019-07-29 17:03:00,980|I|Thread-1|secondAssignment.20190729_170300.004|Scenario2|Activity 1 - executing activity
2019-07-29 17:03:01,582|I|Thread-1|secondAssignment.20190729_170300.004|Scenario2|Activity 1|#  5|web.open(url) - executing open(url)(https://www.google.com/)
2019-07-29 17:03:02,516|I|Thread-1|current browser window handle:CDwindow-8C3FB68C25EB757E48CCC93339ED4D06
2019-07-29 17:03:02,523|I|Thread-1|secondAssignment.20190729_170300.004|Scenario2|Activity 1|#  5|web.open(url) - PASS opened URL https://www.google.com/
2019-07-29 17:03:03,126|I|Thread-1|secondAssignment.20190729_170300.004|Scenario2|Activity 1|#  6|web.type(locator,value) - executing type(locator,value)(//*[@id="tsf"]/div[2]/div/div[1]/div/div[1]/input, ${my_var})
2019-07-29 17:03:03,393|I|Thread-1|secondAssignment.20190729_170300.004|Scenario2|Activity 1|#  6|web.type(locator,value) - PASS typed text at '//*[@id="tsf"]/div[2]/div/div[1]/div/div[1]/input'
2019-07-29 17:03:03,994|I|Thread-1|secondAssignment.20190729_170300.004|Scenario2|Activity 1|#  7|web.click(locator) - executing click(locator)(//*[@id="tsf"]/div[2]/div/div[3]/center/input[1])
2019-07-29 17:03:04,012|I|Thread-1|clicking '//*[@id="tsf"]/div[2]/div/div[3]/center/input[1]'...
2019-07-29 17:03:04,023|I|Thread-1|click target via JS, @id=
2019-07-29 17:03:05,468|I|Thread-1|clicked -> true
2019-07-29 17:03:05,469|I|Thread-1|secondAssignment.20190729_170300.004|Scenario2|Activity 1|#  7|web.click(locator) - PASS click via JS event
2019-07-29 17:03:06,070|I|Thread-1|secondAssignment.20190729_170300.004|Scenario2|Activity 1|#  8|web.saveTextArray(var,loc - executing saveTextArray(var,locator)(linkArray, //*[@class = "iUh30"])
2019-07-29 17:03:06,245|I|Thread-1|secondAssignment.20190729_170300.004|Scenario2|Activity 1|#  8|web.saveTextArray(var,loc - PASS stored content of '//*[@class = "iUh30"]' as ${linkArray}
2019-07-29 17:03:06,847|I|Thread-1|secondAssignment.20190729_170300.004|Scenario2|Activity 1|#  9|base.verbose(text) - executing verbose(text)($(array|length|${linkArray}))
2019-07-29 17:03:06,852|I|Thread-1|secondAssignment.20190729_170300.004|Scenario2|Activity 1|#  9|base.verbose(text) - 7
2019-07-29 17:03:06,855|I|Thread-1|secondAssignment.20190729_170300.004|Scenario2|Activity 1|#  9|base.verbose(text) - PASS 
2019-07-29 17:03:07,458|I|Thread-1|secondAssignment.20190729_170300.004|Scenario2|Activity 1|# 10|base.save(var,value) - executing save(var,value)(query, Insert into info values("${my_var}", "${linkArray}");)
2019-07-29 17:03:07,463|I|Thread-1|secondAssignment.20190729_170300.004|Scenario2|Activity 1|# 10|base.save(var,value) - PASS stored 'Insert into info values("Sachin Tendulkar", "https://en.wikipedia.org/wiki/Sachin_Tendulkar,https://www.cricbuzz.com/profiles/25/sachin-tendulkar,www.espncricinfo.com/india/content/player/35320.html,,,,");' as ${query}
2019-07-29 17:03:08,067|I|Thread-1|secondAssignment.20190729_170300.004|Scenario2|Activity 1|# 11|rdbms.runSQL(var,db,sql) - executing runSQL(var,db,sql)(queryResult, mydb, ${query})
2019-07-29 17:03:08,072|I|Thread-1|secondAssignment.20190729_170300.004|Scenario2|Activity 1|# 11|rdbms.runSQL(var,db,sql) - reusing established connection 'mydb'
2019-07-29 17:03:08,229|I|Thread-1|secondAssignment.20190729_170300.004|Scenario2|Activity 1|# 11|rdbms.runSQL(var,db,sql) - executed query in 154 ms with 1 row(s)
2019-07-29 17:03:08,235|I|Thread-1|secondAssignment.20190729_170300.004|Scenario2|Activity 1|# 11|rdbms.runSQL(var,db,sql) - PASS executed SQL 'Insert into info values("Sachin Tendulkar", "https://en.wikipedia.org/wiki/Sachin_Tendulkar,https://www.cricbuzz.com/profiles/25/sachin-tendulkar,www.espncricinfo.com/india/content/player/35320.html,,,,");'; stored result as ${queryResult}
2019-07-29 17:03:08,837|I|Thread-1|secondAssignment.20190729_170300.004|Scenario2|Activity 1|# 12|base.save(var,value) - executing save(var,value)(selectQuery, select * from info;)
2019-07-29 17:03:08,843|I|Thread-1|secondAssignment.20190729_170300.004|Scenario2|Activity 1|# 12|base.save(var,value) - PASS stored 'select * from info;' as ${selectQuery}
2019-07-29 17:03:09,444|I|Thread-1|secondAssignment.20190729_170300.004|Scenario2|Activity 1|# 13|rdbms.runSQL(var,db,sql) - executing runSQL(var,db,sql)(queryResult, mydb, ${selectQuery})
2019-07-29 17:03:09,448|I|Thread-1|secondAssignment.20190729_170300.004|Scenario2|Activity 1|# 13|rdbms.runSQL(var,db,sql) - reusing established connection 'mydb'
2019-07-29 17:03:09,451|I|Thread-1|secondAssignment.20190729_170300.004|Scenario2|Activity 1|# 13|rdbms.runSQL(var,db,sql) - executed query in 2 ms with 1 row(s)
2019-07-29 17:03:09,462|I|Thread-1|secondAssignment.20190729_170300.004|Scenario2|Activity 1|# 13|rdbms.runSQL(var,db,sql) - PASS executed SQL 'select * from info;'; stored result as ${queryResult}
2019-07-29 17:03:10,064|I|Thread-1|secondAssignment.20190729_170300.004|Scenario2|Activity 1|# 14|rdbms.saveResult(db,sql,o - executing saveResult(db,sql,output)(mydb, ${selectQuery}, $(syspath|out|fullpath)/FinalResult.csv)
2019-07-29 17:03:10,068|I|Thread-1|secondAssignment.20190729_170300.004|Scenario2|Activity 1|# 14|rdbms.saveResult(db,sql,o - reusing established connection 'mydb'
2019-07-29 17:03:10,081|I|Thread-1|secondAssignment.20190729_170300.004|Scenario2|Activity 1|# 14|rdbms.saveResult(db,sql,o - executed query in 11 ms with 1 row(s)
2019-07-29 17:03:10,103|I|Thread-1|secondAssignment.20190729_170300.004|Scenario2|Activity 1|# 14|rdbms.saveResult(db,sql,o - PASS executed SQL 'select * from info;'; stored result to 'C:\projects\secondAssignment\output\20190729_170214\FinalResult.csv'
2019-07-29 17:03:10,706|I|Thread-1|secondAssignment.20190729_170300.004|Scenario2|Activity 1|# 15|rdbms.runSQL(var,db,sql) - executing runSQL(var,db,sql)(deleteQuery, mydb, delete from info; )
2019-07-29 17:03:10,709|I|Thread-1|secondAssignment.20190729_170300.004|Scenario2|Activity 1|# 15|rdbms.runSQL(var,db,sql) - reusing established connection 'mydb'
2019-07-29 17:03:10,833|I|Thread-1|secondAssignment.20190729_170300.004|Scenario2|Activity 1|# 15|rdbms.runSQL(var,db,sql) - executed query in 122 ms with 1 row(s)
2019-07-29 17:03:10,836|I|Thread-1|secondAssignment.20190729_170300.004|Scenario2|Activity 1|# 15|rdbms.runSQL(var,db,sql) - PASS executed SQL 'delete from info; '; stored result as ${deleteQuery}
2019-07-29 17:03:10,984|I|Thread-1|[secondAssignment.20190729_170300.004|Scenario2] saving test scenario
2019-07-29 17:03:11,035|I|Thread-1|[20190729_170214] 
/-TEST COMPLETE-----------------------------------------------------------------
| Test Output:    C:\projects\secondAssignment\output\20190729_170214\secondAssignment.20190729_170300.004.xlsx
| Iteration:      4
\-------------------------------------------------------------------------------
» Execution Time: 10054 ms
» Test Steps:     11
» Error(s):       0



2019-07-29 17:03:11,441|I|Thread-1|[20190729_170214] 
/-TEST COMPLETE-----------------------------------------------------------------
| Test Script:    C:\projects\secondAssignment\artifact\script\secondAssignment.xlsx
\-------------------------------------------------------------------------------
» Execution Time: 56629 ms
» Iterations:     [1,2,3,4] total 4
» Test Steps:     44
» Passed:         44
» Error(s):       0
» Iteration 1 of 4: C:\projects\secondAssignment\output\20190729_170214\secondAssignment.20190729_170216.001.xlsx
» Iteration 2 of 4: C:\projects\secondAssignment\output\20190729_170214\secondAssignment.20190729_170237.002.xlsx
» Iteration 3 of 4: C:\projects\secondAssignment\output\20190729_170214\secondAssignment.20190729_170248.003.xlsx
» Iteration 4 of 4: C:\projects\secondAssignment\output\20190729_170214\secondAssignment.20190729_170300.004.xlsx



2019-07-29 17:03:11,799|I|main|[20190729_170214] [C:\projects\secondAssignment\artifact\script\secondAssignment.xlsx] now completed
2019-07-29 17:03:11,802|I|main|[20190729_170214] all execution thread(s) have terminated
2019-07-29 17:03:11,803|I|main|[20190729_170214] test run completed in about 57 seconds
2019-07-29 17:03:11,906|I|main|No predefined nexial-setup found
2019-07-29 17:03:11,948|I|main|outputBase not set; output-to-cloud DISABLED!
2019-07-29 17:03:11,948|I|main|accessKey not set; output-to-cloud DISABLED!
2019-07-29 17:03:11,948|I|main|secretKey not set; output-to-cloud DISABLED!
2019-07-29 17:03:11,949|I|main|generating HTML output for this execution to C:\projects\secondAssignment\output\20190729_170214\execution-output.html
2019-07-29 17:03:12,652|I|main|generating JUnit XML output for this execution to C:\projects\secondAssignment\output\20190729_170214\junit.xml
2019-07-29 17:03:12,696|I|main|generated JUnit report for this execution: C:\projects\secondAssignment\output\20190729_170214\junit.xml
2019-07-29 17:03:12,696|I|main|nexial mailer not enabled: nexial.enableEmail=false
2019-07-29 17:03:12,696|I|main|skipped email notification as configured
2019-07-29 17:03:12,697|I|main|exiting Nexial...
2019-07-29 17:03:12,697|I|main|shutdown starts...
2019-07-29 17:03:12,698|I|main|Shutting down 'chrome' webdriver...
2019-07-29 17:03:22,395|I|main|shutdown ends...
2019-07-29 17:03:22,396|I|main|

/-END OF EXECUTION--------------------------------------------------------------
| » Execution Time: 57 sec.
| » Test Steps....: 44
| » Passed........: 44
| » Failed........: 0
| » Success Rate..: 100.00%
\----------------------------------------------------------nexial-core 2.4_0567-

2019-07-29 17:03:22,398|I|main|ALL PASSED!
2019-07-29 17:03:22,399|I|main|End of Execution:
NEXIAL_OUTPUT:         C:\projects\secondAssignment\output\20190729_170214
NEXIAL_EXECUTION_HTML: C:\projects\secondAssignment\output\20190729_170214\execution-output.html
NEXIAL_JUNIT_XML:      C:\projects\secondAssignment\output\20190729_170214\junit.xml
NEXIAL_SUCCESS_RATE:   100.00%
NEXIAL_EXIT_STATUS:    0
