2019-07-20 17:13:46,000|I|Thread-1|(DELAYED) nexial-core dev_0581 starting up...
2019-07-20 17:13:46,000|I|Thread-1|(DELAYED) data file resolved as C:\Users\DEEPAN~1\AppData\Local\Temp\TnrFW\firstEvaluation.data.xlsx
2019-07-20 17:13:46,000|I|Thread-1|(DELAYED) input files and output directory resolved...
2019-07-20 17:13:46,000|I|Thread-1|(DELAYED) No predefined nexial-setup found
2019-07-20 17:13:46,000|I|Thread-1|(DELAYED) [20190720_171345] [C:\projects\firstEvaluation\artifact\script\firstEvaluation.xlsx] resolve RUN ID as 20190720_171345
2019-07-20 17:13:46,000|I|Thread-1|(DELAYED) [20190720_171345] [C:\projects\firstEvaluation\artifact\script\firstEvaluation.xlsx] new thread started
2019-07-20 17:13:46,005|I|Thread-1|No predefined nexial-setup found
2019-07-20 17:13:46,064|I|Thread-1|outputBase not set; output-to-cloud DISABLED!
2019-07-20 17:13:46,066|I|Thread-1|accessKey not set; output-to-cloud DISABLED!
2019-07-20 17:13:46,072|I|Thread-1|secretKey not set; output-to-cloud DISABLED!
2019-07-20 17:13:46,092|I|Thread-1|missing REQUIRED configuration; sms DISABLED!
2019-07-20 17:13:46,840|I|Thread-1|[20190720_171345] executing C:\projects\firstEvaluation\artifact\script\firstEvaluation.xlsx with 1 iteration(s)
2019-07-20 17:13:46,845|I|Thread-1|[20190720_171345] create directory C:\projects\firstEvaluation\output\20190720_171345\captures
2019-07-20 17:13:46,845|I|Thread-1|[20190720_171345] create directory C:\projects\firstEvaluation\output\20190720_171345\logs
2019-07-20 17:13:47,175|I|Thread-1|[20190720_171345] merging test data to tmp file C:\projects\firstEvaluation\output\20190720_171345\firstEvaluation.20190720_171346.001.xlsx
2019-07-20 17:13:47,176|I|Thread-1|refetching data from C:\projects\firstEvaluation\artifact\data\firstEvaluation.data.xlsx
2019-07-20 17:13:47,334|I|Thread-1|[20190720_171345] test script and test data merged to C:\projects\firstEvaluation\output\20190720_171345\firstEvaluation.20190720_171346.001.xlsx
2019-07-20 17:13:47,839|I|Thread-1|STARTS
2019-07-20 17:13:47,864|I|Thread-1|firstEvaluation.20190720_171346.001 - executing iteration #1 of 1; Iteration Id 1
2019-07-20 17:13:47,874|I|Thread-1|firstEvaluation.20190720_171346.001|JsonScenario - executing test scenario
2019-07-20 17:13:47,874|I|Thread-1|firstEvaluation.20190720_171346.001|JsonScenario|Activity 1 - executing activity
2019-07-20 17:13:48,481|I|Thread-1|firstEvaluation.20190720_171346.001|JsonScenario|Activity 1|#  5|json.storeValues(json,jso - executing storeValues(json,jsonpath,var)($(syspath|data|fullpath)/example_2.json, products[supplier=Wisozk Inc].product_name, productNames)
2019-07-20 17:13:48,601|I|Thread-1|firstEvaluation.20190720_171346.001|JsonScenario|Activity 1|#  5|json.storeValues(json,jso - PASS EXPECTED match against 'products[supplier=Wisozk Inc].product_name' stored to ${productNames}
2019-07-20 17:13:49,207|I|Thread-1|firstEvaluation.20190720_171346.001|JsonScenario|Activity 1|#  6|base.verbose(text) - executing verbose(text)(${productNames})
2019-07-20 17:13:49,209|I|Thread-1|firstEvaluation.20190720_171346.001|JsonScenario|Activity 1|#  6|base.verbose(text) - ["sildenafil citrate","Mountain Juniperus ashei"]
2019-07-20 17:13:49,354|I|Thread-1|firstEvaluation.20190720_171346.001|JsonScenario|Activity 1|#  6|base.verbose(text) - PASS 
2019-07-20 17:13:49,354|I|Thread-1|firstEvaluation.20190720_171346.001|JsonScenario|Activity 2 - executing activity
2019-07-20 17:13:49,960|I|Thread-1|firstEvaluation.20190720_171346.001|JsonScenario|Activity 2|#  7|json.storeValues(json,jso - executing storeValues(json,jsonpath,var)($(syspath|data|fullpath)/example_2.json, products[supplier=Wisozk Inc].quantity, quantityList)
2019-07-20 17:13:49,960|I|Thread-1|firstEvaluation.20190720_171346.001|JsonScenario|Activity 2|#  7|json.storeValues(json,jso - PASS EXPECTED match against 'products[supplier=Wisozk Inc].quantity' stored to ${quantityList}
2019-07-20 17:13:50,565|I|Thread-1|firstEvaluation.20190720_171346.001|JsonScenario|Activity 2|#  8|json.storeValues(json,jso - executing storeValues(json,jsonpath,var)($(syspath|data|fullpath)/example_2.json, products[supplier=Wisozk Inc].unit_cost, costList)
2019-07-20 17:13:50,565|I|Thread-1|firstEvaluation.20190720_171346.001|JsonScenario|Activity 2|#  8|json.storeValues(json,jso - PASS EXPECTED match against 'products[supplier=Wisozk Inc].unit_cost' stored to ${costList}
2019-07-20 17:13:51,171|I|Thread-1|firstEvaluation.20190720_171346.001|JsonScenario|Activity 2|#  9|base.save(var,value) - executing save(var,value)(unit_costList, [LIST${costList} => replaceRegex([$],)])
2019-07-20 17:13:51,171|I|Thread-1|firstEvaluation.20190720_171346.001|JsonScenario|Activity 2|#  9|base.save(var,value) - PASS stored '[LIST["$10.47","$8.74"] => replaceRegex([$],)]' as ${unit_costList}
2019-07-20 17:13:51,773|I|Thread-1|firstEvaluation.20190720_171346.001|JsonScenario|Activity 2|# 10|base.verbose(text) - executing verbose(text)(${unit_costList})
2019-07-20 17:13:51,773|I|Thread-1|firstEvaluation.20190720_171346.001|JsonScenario|Activity 2|# 10|base.verbose(text) - [LIST["$10.47","$8.74"] => replaceRegex([$],)]
2019-07-20 17:13:51,778|I|Thread-1|firstEvaluation.20190720_171346.001|JsonScenario|Activity 2|# 10|base.verbose(text) - PASS 
2019-07-20 17:13:52,380|I|Thread-1|firstEvaluation.20190720_171346.001|JsonScenario|Activity 2|# 11|base.save(var,value) - executing save(var,value)(sumTotal, 0)
2019-07-20 17:13:52,380|I|Thread-1|firstEvaluation.20190720_171346.001|JsonScenario|Activity 2|# 11|base.save(var,value) - PASS stored '0' as ${sumTotal}
2019-07-20 17:13:52,982|I|Thread-1|firstEvaluation.20190720_171346.001|JsonScenario|Activity 2|# 12|base.save(var,value) - executing save(var,value)(counter, 0)
2019-07-20 17:13:52,982|I|Thread-1|firstEvaluation.20190720_171346.001|JsonScenario|Activity 2|# 12|base.save(var,value) - PASS stored '0' as ${counter}
2019-07-20 17:13:53,583|I|Thread-1|firstEvaluation.20190720_171346.001|JsonScenario|Activity 2|# 13|base.save(var,value) - executing save(var,value)(length, $(array|length|${quantityList}))
2019-07-20 17:13:53,583|I|Thread-1|firstEvaluation.20190720_171346.001|JsonScenario|Activity 2|# 13|base.save(var,value) - PASS stored '2' as ${length}
2019-07-20 17:13:54,184|I|Thread-1|firstEvaluation.20190720_171346.001|JsonScenario|Activity 2|# 14|base.save(var,value) - executing save(var,value)(mulValue, 0)
2019-07-20 17:13:54,185|I|Thread-1|firstEvaluation.20190720_171346.001|JsonScenario|Activity 2|# 14|base.save(var,value) - PASS stored '0' as ${mulValue}
2019-07-20 17:13:54,791|I|Thread-1|firstEvaluation.20190720_171346.001|JsonScenario|Activity 2|# 15|base.verbose(text) - executing verbose(text)(${unit_costList})
2019-07-20 17:13:54,796|I|Thread-1|firstEvaluation.20190720_171346.001|JsonScenario|Activity 2|# 15|base.verbose(text) - [LIST["$10.47","$8.74"] => replaceRegex([$],)]
2019-07-20 17:13:54,796|I|Thread-1|firstEvaluation.20190720_171346.001|JsonScenario|Activity 2|# 15|base.verbose(text) - PASS 
2019-07-20 17:13:55,404|I|Thread-1|firstEvaluation.20190720_171346.001|JsonScenario|Activity 2|# 16|base.repeatUntil(steps,ma - executing repeatUntil(steps,maxWaitMs)(6, -1)
2019-07-20 17:13:55,404|I|Thread-1|firstEvaluation.20190720_171346.001|JsonScenario|Activity 2|# 17|base.assertEqual(expected - 
<[repeat-until] entering loop #1 --------------------------------------------->
2019-07-20 17:13:55,404|I|Thread-1|firstEvaluation.20190720_171346.001|JsonScenario|Activity 2|# 17|base.assertEqual(expected - executing assertEqual(expected,actual)(${length}, ${counter})
2019-07-20 17:13:55,404|I|Thread-1|firstEvaluation.20190720_171346.001|JsonScenario|Activity 2|# 18|base.save(var,value) - executing save(var,value)(unit_cost, $(array|item|${unit_costList}|${counter}))
2019-07-20 17:13:55,409|I|Thread-1|firstEvaluation.20190720_171346.001|JsonScenario|Activity 2|# 18|base.save(var,value) - [repeat-until] PASS stored '"$10.47"' as ${unit_cost}
2019-07-20 17:13:55,409|I|Thread-1|firstEvaluation.20190720_171346.001|JsonScenario|Activity 2|# 19|base.save(var,value) - executing save(var,value)(quantity, $(array|item|${quantityList}|${counter}))
2019-07-20 17:13:55,414|I|Thread-1|firstEvaluation.20190720_171346.001|JsonScenario|Activity 2|# 19|base.save(var,value) - [repeat-until] PASS stored '261' as ${quantity}
2019-07-20 17:13:55,419|I|Thread-1|firstEvaluation.20190720_171346.001|JsonScenario|Activity 2|# 20|base.save(var,value) - executing save(var,value)(mulValue, [NUMBER(${unit_cost}) => multiply(${quantity})])
2019-07-20 17:13:55,434|I|Thread-1|firstEvaluation.20190720_171346.001|JsonScenario|Activity 2|# 20|base.save(var,value) - [repeat-until] PASS stored '2732.67' as ${mulValue}
2019-07-20 17:13:55,444|I|Thread-1|firstEvaluation.20190720_171346.001|JsonScenario|Activity 2|# 21|base.save(var,value) - executing save(var,value)(sumTotal, [NUMBER(${sumTotal}) => add(${mulValue})])
2019-07-20 17:13:55,449|I|Thread-1|firstEvaluation.20190720_171346.001|JsonScenario|Activity 2|# 21|base.save(var,value) - [repeat-until] PASS stored '2732.67' as ${sumTotal}
2019-07-20 17:13:55,454|I|Thread-1|firstEvaluation.20190720_171346.001|JsonScenario|Activity 2|# 22|number.increment(var,amou - executing increment(var,amount)(counter, 1)
2019-07-20 17:13:55,454|I|Thread-1|firstEvaluation.20190720_171346.001|JsonScenario|Activity 2|# 22|number.increment(var,amou - [repeat-until] PASS incremented ${counter} by 1 to 1
2019-07-20 17:13:55,454|I|Thread-1|firstEvaluation.20190720_171346.001|JsonScenario|Activity 2|# 17|base.assertEqual(expected - 
<[repeat-until] entering loop #2 --------------------------------------------->
2019-07-20 17:13:55,459|I|Thread-1|firstEvaluation.20190720_171346.001|JsonScenario|Activity 2|# 17|base.assertEqual(expected - executing assertEqual(expected,actual)(${length}, ${counter})
2019-07-20 17:13:55,464|I|Thread-1|firstEvaluation.20190720_171346.001|JsonScenario|Activity 2|# 18|base.save(var,value) - executing save(var,value)(unit_cost, $(array|item|${unit_costList}|${counter}))
2019-07-20 17:13:55,469|I|Thread-1|firstEvaluation.20190720_171346.001|JsonScenario|Activity 2|# 18|base.save(var,value) - [repeat-until] PASS stored '"$8.74"' as ${unit_cost}
2019-07-20 17:13:55,469|I|Thread-1|firstEvaluation.20190720_171346.001|JsonScenario|Activity 2|# 19|base.save(var,value) - executing save(var,value)(quantity, $(array|item|${quantityList}|${counter}))
2019-07-20 17:13:55,469|I|Thread-1|firstEvaluation.20190720_171346.001|JsonScenario|Activity 2|# 19|base.save(var,value) - [repeat-until] PASS stored '292' as ${quantity}
2019-07-20 17:13:55,474|I|Thread-1|firstEvaluation.20190720_171346.001|JsonScenario|Activity 2|# 20|base.save(var,value) - executing save(var,value)(mulValue, [NUMBER(${unit_cost}) => multiply(${quantity})])
2019-07-20 17:13:55,481|I|Thread-1|firstEvaluation.20190720_171346.001|JsonScenario|Activity 2|# 20|base.save(var,value) - [repeat-until] PASS stored '2552.08' as ${mulValue}
2019-07-20 17:13:55,481|I|Thread-1|firstEvaluation.20190720_171346.001|JsonScenario|Activity 2|# 21|base.save(var,value) - executing save(var,value)(sumTotal, [NUMBER(${sumTotal}) => add(${mulValue})])
2019-07-20 17:13:55,486|I|Thread-1|firstEvaluation.20190720_171346.001|JsonScenario|Activity 2|# 21|base.save(var,value) - [repeat-until] PASS stored '5284.75' as ${sumTotal}
2019-07-20 17:13:55,486|I|Thread-1|firstEvaluation.20190720_171346.001|JsonScenario|Activity 2|# 22|number.increment(var,amou - executing increment(var,amount)(counter, 1)
2019-07-20 17:13:55,486|I|Thread-1|firstEvaluation.20190720_171346.001|JsonScenario|Activity 2|# 22|number.increment(var,amou - [repeat-until] PASS incremented ${counter} by 1 to 2
2019-07-20 17:13:55,486|I|Thread-1|firstEvaluation.20190720_171346.001|JsonScenario|Activity 2|# 17|base.assertEqual(expected - 
<[repeat-until] entering loop #3 --------------------------------------------->
2019-07-20 17:13:55,496|I|Thread-1|firstEvaluation.20190720_171346.001|JsonScenario|Activity 2|# 17|base.assertEqual(expected - executing assertEqual(expected,actual)(${length}, ${counter})
2019-07-20 17:13:55,501|I|Thread-1|firstEvaluation.20190720_171346.001|JsonScenario|Activity 2|# 16|base.repeatUntil(steps,ma - PASS repeat-until execution completed
2019-07-20 17:13:56,101|I|Thread-1|firstEvaluation.20190720_171346.001|JsonScenario|Activity 2|# 23|base.verbose(text) - executing verbose(text)(${sumTotal})
2019-07-20 17:13:56,102|I|Thread-1|firstEvaluation.20190720_171346.001|JsonScenario|Activity 2|# 23|base.verbose(text) - 5284.75
2019-07-20 17:13:56,104|I|Thread-1|firstEvaluation.20190720_171346.001|JsonScenario|Activity 2|# 23|base.verbose(text) - PASS 
2019-07-20 17:13:56,106|I|Thread-1|firstEvaluation.20190720_171346.001|JsonScenario|Activity 3 - executing activity
2019-07-20 17:13:56,707|I|Thread-1|firstEvaluation.20190720_171346.001|JsonScenario|Activity 3|# 24|base.save(var,value) - executing save(var,value)(jsonFile, $(syspath|data|fullpath)/example_2.json)
2019-07-20 17:13:56,707|I|Thread-1|firstEvaluation.20190720_171346.001|JsonScenario|Activity 3|# 24|base.save(var,value) - PASS stored 'C:\projects\firstEvaluation\artifact\data\example_2.json' as ${jsonFile}
2019-07-20 17:13:57,312|I|Thread-1|firstEvaluation.20190720_171346.001|JsonScenario|Activity 3|# 25|base.save(var,value) - executing save(var,value)(var, [JSON(${jsonFile} => extract(products[unit_cost => $10.47])])
2019-07-20 17:13:57,312|I|Thread-1|firstEvaluation.20190720_171346.001|JsonScenario|Activity 3|# 25|base.save(var,value) - PASS stored '[JSON(C:\projects\firstEvaluation\artifact\data\example_2.json => extract(products[unit_cost => $10.47])]' as ${var}
2019-07-20 17:13:57,919|I|Thread-1|firstEvaluation.20190720_171346.001|JsonScenario|Activity 3|# 26|io.readFile(var,file) - executing readFile(var,file)(newvar, $(syspath|data|fullpath)/example_2.json)
2019-07-20 17:13:57,919|I|Thread-1|firstEvaluation.20190720_171346.001|JsonScenario|Activity 3|# 26|io.readFile(var,file) - PASS Content read from 'C:\projects\firstEvaluation\artifact\data\example_2.json' to ${newvar}
2019-07-20 17:13:58,523|I|Thread-1|firstEvaluation.20190720_171346.001|JsonScenario|Activity 3|# 27|base.verbose(text) - executing verbose(text)(${newvar})
2019-07-20 17:13:58,523|I|Thread-1|firstEvaluation.20190720_171346.001|JsonScenario|Activity 3|# 27|base.verbose(text) - {
	"products": 
		[{
  			"_id": {
 			   "orderid": "5968dd23fc13ae04d9000001"
  				},
  			"product_name": "sildenafil citrate",
  			"supplier": "Wisozk Inc",
  			"quantity": 261,
  			"unit_cost": "$10.47"
		}, 
		{
 			"_id": {
    			  "orderid": "5968dd23fc13ae04d9000002"
  				},
 			  "product_name": "Mountain Juniperus ashei",
  			  "supplier": "Wisozk Inc",
			  "quantity": 292,
			  "unit_cost": "$8.74"
		},
		{
			 "_id": {
			    "orderid": "5968dd23fc13ae04d9000003"
				},
			    "product_name": "Dextromathorphan HBr",
			    "supplier": "Schmitt-Weissnat",
  		            "quantity": 211,
  			    "unit_cost": "$20.53"
		},
		{
			 "_id": {
			    "orderid": "5968dd23fc13ae04d9000004"
 				 },
  			    "product_name": "Dextromathorphan HBr",
			    "supplier": "SC-Pharmacy",
			    "quantity": 211,
			    "unit_cost": "$20.53"
		}]
}
2019-07-20 17:13:58,632|I|Thread-1|firstEvaluation.20190720_171346.001|JsonScenario|Activity 3|# 27|base.verbose(text) - PASS 
2019-07-20 17:13:58,813|I|Thread-1|[firstEvaluation.20190720_171346.001|JsonScenario] saving test scenario
2019-07-20 17:13:58,883|I|Thread-1|[20190720_171345] 
/-TEST COMPLETE-----------------------------------------------------------------
| Test Output:    C:\projects\firstEvaluation\output\20190720_171345\firstEvaluation.20190720_171346.001.xlsx
| Iteration:      1
\-------------------------------------------------------------------------------
» Execution Time: 11014 ms
» Test Steps:     17
» Error(s):       0



2019-07-20 17:14:00,852|I|Thread-1|[20190720_171345] 
/-TEST COMPLETE-----------------------------------------------------------------
| Test Script:    C:\projects\firstEvaluation\artifact\script\firstEvaluation.xlsx
\-------------------------------------------------------------------------------
» Execution Time: 14963 ms
» Iterations:     [1] total 1
» Test Steps:     17
» Passed:         17
» Error(s):       0
» Iteration 1 of 1: C:\projects\firstEvaluation\output\20190720_171345\firstEvaluation.20190720_171346.001.xlsx



2019-07-20 17:14:00,884|I|main|[20190720_171345] [C:\projects\firstEvaluation\artifact\script\firstEvaluation.xlsx] now completed
2019-07-20 17:14:00,884|I|main|[20190720_171345] all execution thread(s) have terminated
2019-07-20 17:14:00,885|I|main|[20190720_171345] test run completed in about 15 seconds
2019-07-20 17:14:00,945|I|main|No predefined nexial-setup found
2019-07-20 17:14:00,976|I|main|outputBase not set; output-to-cloud DISABLED!
2019-07-20 17:14:00,977|I|main|accessKey not set; output-to-cloud DISABLED!
2019-07-20 17:14:00,978|I|main|secretKey not set; output-to-cloud DISABLED!
2019-07-20 17:14:00,978|I|main|generating HTML output for this execution to C:\projects\firstEvaluation\output\20190720_171345\execution-output.html
2019-07-20 17:14:01,664|I|main|generating JUnit XML output for this execution to C:\projects\firstEvaluation\output\20190720_171345\junit.xml
2019-07-20 17:14:01,719|I|main|generated JUnit report for this execution: C:\projects\firstEvaluation\output\20190720_171345\junit.xml
2019-07-20 17:14:01,754|I|main|nexial mailer not enabled: nexial.enableEmail=false
2019-07-20 17:14:01,754|I|main|skipped email notification as configured
2019-07-20 17:14:01,754|I|main|exiting Nexial...
2019-07-20 17:14:01,759|I|main|

/-END OF EXECUTION--------------------------------------------------------------
| » Execution Time: 15 sec.
| » Test Steps....: 17
| » Passed........: 17
| » Failed........: 0
| » Success Rate..: 100.00%
\----------------------------------------------------------nexial-core dev_0581-

2019-07-20 17:14:01,759|I|main|ALL PASSED!
2019-07-20 17:14:01,759|I|main|End of Execution:
NEXIAL_OUTPUT:         C:\projects\firstEvaluation\output\20190720_171345
NEXIAL_EXECUTION_HTML: C:\projects\firstEvaluation\output\20190720_171345\execution-output.html
NEXIAL_JUNIT_XML:      C:\projects\firstEvaluation\output\20190720_171345\junit.xml
NEXIAL_SUCCESS_RATE:   100.00%
NEXIAL_EXIT_STATUS:    0
