2019-07-19 14:41:40,363|I|Thread-1|(DELAYED) nexial-core 2.4_0567 starting up...
2019-07-19 14:41:40,367|I|Thread-1|(DELAYED) validating test script as C:\projects\exampleProject\artifact\script\exampleProject.xlsx
2019-07-19 14:41:40,367|I|Thread-1|(DELAYED) validating data file as C:\projects\exampleProject\artifact\data\exampleProject.data.xlsx
2019-07-19 14:41:40,367|I|Thread-1|(DELAYED) input files and output directory resolved...
2019-07-19 14:41:40,368|I|Thread-1|(DELAYED) No predefined nexial-setup found
2019-07-19 14:41:40,368|I|Thread-1|(DELAYED) [20190719_144140] [C:\projects\exampleProject\artifact\script\exampleProject.xlsx] resolve RUN ID as 20190719_144140
2019-07-19 14:41:40,368|I|Thread-1|(DELAYED) [20190719_144140] [C:\projects\exampleProject\artifact\script\exampleProject.xlsx] new thread started
2019-07-19 14:41:40,368|I|Thread-1|No predefined nexial-setup found
2019-07-19 14:41:40,452|I|Thread-1|outputBase not set; output-to-cloud DISABLED!
2019-07-19 14:41:40,453|I|Thread-1|accessKey not set; output-to-cloud DISABLED!
2019-07-19 14:41:40,453|I|Thread-1|secretKey not set; output-to-cloud DISABLED!
2019-07-19 14:41:40,484|I|Thread-1|missing REQUIRED configuration; sms DISABLED!
2019-07-19 14:41:41,241|I|Thread-1|[20190719_144140] executing C:\projects\exampleProject\artifact\script\exampleProject.xlsx with 1 iteration(s)
2019-07-19 14:41:41,244|I|Thread-1|[20190719_144140] create directory C:\projects\exampleProject\output\20190719_144140\captures
2019-07-19 14:41:41,246|I|Thread-1|[20190719_144140] create directory C:\projects\exampleProject\output\20190719_144140\logs
2019-07-19 14:41:42,475|I|Thread-1|[20190719_144140] merging test data to tmp file C:\projects\exampleProject\output\20190719_144140\exampleProject-plan.001,exampleProject.20190719_144141.001.xlsx
2019-07-19 14:41:42,480|I|Thread-1|refetching data from C:\projects\exampleProject\artifact\data\exampleProject.data.xlsx
2019-07-19 14:41:42,764|I|Thread-1|[20190719_144140] test script and test data merged to C:\projects\exampleProject\output\20190719_144140\exampleProject-plan.001,exampleProject.20190719_144141.001.xlsx
2019-07-19 14:41:43,423|I|Thread-1|STARTS
2019-07-19 14:41:43,452|I|Thread-1|exampleProject-plan.001,exampleProject.20190719_144141.001 - executing iteration #1 of 1; Iteration Id 1
2019-07-19 14:41:43,461|I|Thread-1|exampleProject-plan.001,exampleProject.20190719_144141.001|Scenario1 - executing test scenario
2019-07-19 14:41:43,464|I|Thread-1|exampleProject-plan.001,exampleProject.20190719_144141.001|Scenario1|Activity 1 - executing activity
2019-07-19 14:41:44,066|I|Thread-1|exampleProject-plan.001,exampleProject.20190719_144141.001|Scenario1|Activity 1|#  5|base.save(var,value) - executing save(var,value)(marks, 100,90,65,55,82,91,12,45,78,43,78)
2019-07-19 14:41:44,090|I|Thread-1|exampleProject-plan.001,exampleProject.20190719_144141.001|Scenario1|Activity 1|#  5|base.save(var,value) - PASS stored '100,90,65,55,82,91,12,45,78,43,78' as ${marks}
2019-07-19 14:41:44,693|I|Thread-1|exampleProject-plan.001,exampleProject.20190719_144141.001|Scenario1|Activity 1|#  6|number.max(var,array) - executing max(var,array)(maxValue, ${marks})
2019-07-19 14:41:44,880|I|Thread-1|exampleProject-plan.001,exampleProject.20190719_144141.001|Scenario1|Activity 1|#  6|number.max(var,array) - PASS max saved to variable 'maxValue' as 100.0
2019-07-19 14:41:45,482|I|Thread-1|exampleProject-plan.001,exampleProject.20190719_144141.001|Scenario1|Activity 1|#  7|base.verbose(text) - executing verbose(text)( ${maxValue})
2019-07-19 14:41:45,488|I|Thread-1|exampleProject-plan.001,exampleProject.20190719_144141.001|Scenario1|Activity 1|#  7|base.verbose(text) -  100.0
2019-07-19 14:41:45,501|I|Thread-1|exampleProject-plan.001,exampleProject.20190719_144141.001|Scenario1|Activity 1|#  7|base.verbose(text) - PASS 
2019-07-19 14:41:46,103|I|Thread-1|exampleProject-plan.001,exampleProject.20190719_144141.001|Scenario1|Activity 1|#  8|number.min(var,array) - executing min(var,array)(minValue, ${marks})
2019-07-19 14:41:46,116|I|Thread-1|exampleProject-plan.001,exampleProject.20190719_144141.001|Scenario1|Activity 1|#  8|number.min(var,array) - PASS min saved to variable 'minValue' as 12.0
2019-07-19 14:41:46,721|I|Thread-1|exampleProject-plan.001,exampleProject.20190719_144141.001|Scenario1|Activity 1|#  9|base.verbose(text) - executing verbose(text)( ${minValue} )
2019-07-19 14:41:46,727|I|Thread-1|exampleProject-plan.001,exampleProject.20190719_144141.001|Scenario1|Activity 1|#  9|base.verbose(text) -  12.0 
2019-07-19 14:41:46,742|I|Thread-1|exampleProject-plan.001,exampleProject.20190719_144141.001|Scenario1|Activity 1|#  9|base.verbose(text) - PASS 
2019-07-19 14:41:47,350|I|Thread-1|exampleProject-plan.001,exampleProject.20190719_144141.001|Scenario1|Activity 1|# 10|number.assertGreater(num1 - executing assertGreater(num1,num2)(50, ${minValue})
2019-07-19 14:41:47,363|I|Thread-1|exampleProject-plan.001,exampleProject.20190719_144141.001|Scenario1|Activity 1|# 10|number.assertGreater(num1 - PASS 50 is greater than 12.0
2019-07-19 14:41:47,968|I|Thread-1|exampleProject-plan.001,exampleProject.20190719_144141.001|Scenario1|Activity 1|# 11|number.assertLesser(num1, - executing assertLesser(num1,num2)(12, ${minValue})
2019-07-19 14:41:47,985|I|Thread-1|exampleProject-plan.001,exampleProject.20190719_144141.001|Scenario1|Activity 1|# 11|number.assertLesser(num1, - FAIL 12 is NOT less than 12.0
2019-07-19 14:41:48,590|I|Thread-1|exampleProject-plan.001,exampleProject.20190719_144141.001|Scenario1|Activity 1|# 12|number.average(var,array) - executing average(var,array)(averageMarks, ${marks})
2019-07-19 14:41:48,611|I|Thread-1|exampleProject-plan.001,exampleProject.20190719_144141.001|Scenario1|Activity 1|# 12|number.average(var,array) - PASS average saved to variable 'averageMarks' as 67.18181818181819
2019-07-19 14:41:49,219|I|Thread-1|exampleProject-plan.001,exampleProject.20190719_144141.001|Scenario1|Activity 1|# 13|base.verbose(text) - executing verbose(text)(${averageMarks})
2019-07-19 14:41:49,224|I|Thread-1|exampleProject-plan.001,exampleProject.20190719_144141.001|Scenario1|Activity 1|# 13|base.verbose(text) - 67.18181818181819
2019-07-19 14:41:49,234|I|Thread-1|exampleProject-plan.001,exampleProject.20190719_144141.001|Scenario1|Activity 1|# 13|base.verbose(text) - PASS 
2019-07-19 14:41:49,840|I|Thread-1|exampleProject-plan.001,exampleProject.20190719_144141.001|Scenario1|Activity 1|# 14|number.ceiling(var) - executing ceiling(var)(averageMarks)
2019-07-19 14:41:49,848|I|Thread-1|exampleProject-plan.001,exampleProject.20190719_144141.001|Scenario1|Activity 1|# 14|number.ceiling(var) - PASS Variable 'averageMarks' has been round up to 68
2019-07-19 14:41:50,454|I|Thread-1|exampleProject-plan.001,exampleProject.20190719_144141.001|Scenario1|Activity 1|# 15|base.verbose(text) - executing verbose(text)(Average rounded marks are :: ${averageMarks})
2019-07-19 14:41:50,458|I|Thread-1|exampleProject-plan.001,exampleProject.20190719_144141.001|Scenario1|Activity 1|# 15|base.verbose(text) - Average rounded marks are :: 68
2019-07-19 14:41:50,470|I|Thread-1|exampleProject-plan.001,exampleProject.20190719_144141.001|Scenario1|Activity 1|# 15|base.verbose(text) - PASS 
2019-07-19 14:41:50,691|I|Thread-1|[exampleProject-plan.001,exampleProject.20190719_144141.001|Scenario1] saving test scenario
2019-07-19 14:41:50,805|I|Thread-1|[20190719_144140] 
/-TEST COMPLETE-----------------------------------------------------------------
| Test Output:    C:\projects\exampleProject\output\20190719_144140\exampleProject-plan.001,exampleProject.20190719_144141.001.xlsx
| Iteration:      1
\-------------------------------------------------------------------------------
» Execution Time: 7346 ms
» Test Steps:     11
» Error(s):       1



2019-07-19 14:41:55,925|I|Thread-1|[20190719_144140] 
/-TEST COMPLETE-----------------------------------------------------------------
| Test Script:    C:\projects\exampleProject\artifact\script\exampleProject.xlsx
\-------------------------------------------------------------------------------
» Execution Time: 15757 ms
» Iterations:     [1] total 1
» Test Steps:     11
» Passed:         10
» Error(s):       1
» Iteration 1 of 1: C:\projects\exampleProject\output\20190719_144140\exampleProject-plan.001,exampleProject.20190719_144141.001.xlsx



2019-07-19 14:41:56,128|I|main|[20190719_144140] [C:\projects\exampleProject\artifact\script\exampleProject.xlsx] now completed
2019-07-19 14:41:56,131|I|main|[20190719_144140] all execution thread(s) have terminated
2019-07-19 14:41:56,133|I|main|[20190719_144140] test run completed in about 16 seconds
2019-07-19 14:41:56,232|I|main|No predefined nexial-setup found
2019-07-19 14:41:56,271|I|main|outputBase not set; output-to-cloud DISABLED!
2019-07-19 14:41:56,271|I|main|accessKey not set; output-to-cloud DISABLED!
2019-07-19 14:41:56,272|I|main|secretKey not set; output-to-cloud DISABLED!
2019-07-19 14:41:56,272|I|main|generating HTML output for this execution to C:\projects\exampleProject\output\20190719_144140\execution-output.html
2019-07-19 14:41:56,977|I|main|generating JUnit XML output for this execution to C:\projects\exampleProject\output\20190719_144140\junit.xml
2019-07-19 14:41:57,019|I|main|generated JUnit report for this execution: C:\projects\exampleProject\output\20190719_144140\junit.xml
2019-07-19 14:41:57,023|I|main|nexial mailer not enabled: nexial.enableEmail=false
2019-07-19 14:41:57,024|I|main|skipped email notification as configured
2019-07-19 14:41:57,025|I|main|exiting Nexial...
2019-07-19 14:41:57,027|I|main|

/-END OF EXECUTION--------------------------------------------------------------
| » Execution Time: 16 sec.
| » Test Steps....: 11
| » Passed........: 10
| » Failed........: 1
| » Success Rate..: 90.91%
\----------------------------------------------------------nexial-core 2.4_0567-

2019-07-19 14:41:57,028|E|main|failure found; success rate is 90.91%
2019-07-19 14:41:57,033|I|main|End of Execution:
NEXIAL_OUTPUT:         C:\projects\exampleProject\output\20190719_144140
NEXIAL_EXECUTION_HTML: C:\projects\exampleProject\output\20190719_144140\execution-output.html
NEXIAL_JUNIT_XML:      C:\projects\exampleProject\output\20190719_144140\junit.xml
NEXIAL_SUCCESS_RATE:   90.91%
NEXIAL_EXIT_STATUS:    -13
