2019-07-29 11:23:54,224|I|Thread-1|(DELAYED) nexial-core 2.4_0567 starting up...
2019-07-29 11:23:54,227|I|Thread-1|(DELAYED) data file resolved as C:\Users\DEEPAN~1.PAT\AppData\Local\Temp\NcJuu\secondAssignment.data.xlsx
2019-07-29 11:23:54,227|I|Thread-1|(DELAYED) input files and output directory resolved...
2019-07-29 11:23:54,227|I|Thread-1|(DELAYED) No predefined nexial-setup found
2019-07-29 11:23:54,227|I|Thread-1|(DELAYED) [20190729_112353] [C:\projects\secondAssignment\artifact\script\secondAssignment.xlsx] resolve RUN ID as 20190729_112353
2019-07-29 11:23:54,227|I|Thread-1|(DELAYED) [20190729_112353] [C:\projects\secondAssignment\artifact\script\secondAssignment.xlsx] new thread started
2019-07-29 11:23:54,228|I|Thread-1|No predefined nexial-setup found
2019-07-29 11:23:54,298|I|Thread-1|outputBase not set; output-to-cloud DISABLED!
2019-07-29 11:23:54,298|I|Thread-1|accessKey not set; output-to-cloud DISABLED!
2019-07-29 11:23:54,299|I|Thread-1|secretKey not set; output-to-cloud DISABLED!
2019-07-29 11:23:54,327|I|Thread-1|missing REQUIRED configuration; sms DISABLED!
2019-07-29 11:23:55,133|I|Thread-1|[20190729_112353] executing C:\projects\secondAssignment\artifact\script\secondAssignment.xlsx with 1 iteration(s)
2019-07-29 11:23:55,137|I|Thread-1|[20190729_112353] create directory C:\projects\secondAssignment\output\20190729_112353\captures
2019-07-29 11:23:55,139|I|Thread-1|[20190729_112353] create directory C:\projects\secondAssignment\output\20190729_112353\logs
2019-07-29 11:23:55,839|I|Thread-1|[20190729_112353] merging test data to tmp file C:\projects\secondAssignment\output\20190729_112353\secondAssignment.20190729_112355.001.xlsx
2019-07-29 11:23:55,840|I|Thread-1|refetching data from C:\projects\secondAssignment\artifact\data\secondAssignment.data.xlsx
2019-07-29 11:23:56,174|I|Thread-1|[20190729_112353] test script and test data merged to C:\projects\secondAssignment\output\20190729_112353\secondAssignment.20190729_112355.001.xlsx
2019-07-29 11:23:56,977|I|Thread-1|STARTS
2019-07-29 11:23:57,000|I|Thread-1|secondAssignment.20190729_112355.001 - executing iteration #1 of 1; Iteration Id 1
2019-07-29 11:23:57,008|I|Thread-1|secondAssignment.20190729_112355.001|Scenario - executing test scenario
2019-07-29 11:23:57,010|I|Thread-1|secondAssignment.20190729_112355.001|Scenario|Activity 1 - executing activity
2019-07-29 11:23:57,614|I|Thread-1|secondAssignment.20190729_112355.001|Scenario|Activity 1|#  5|web.open(url) - executing open(url)(https://opensource-demo.orangehrmlive.com/)
2019-07-29 11:23:57,619|I|Thread-1|No valid instance of webdriver, initializing...
2019-07-29 11:23:57,621|I|Thread-1|init chrome
2019-07-29 11:24:03,672|I|Thread-1|browser initialization completed for 'chrome'
2019-07-29 11:24:03,682|I|Thread-1|setting browser polling wait time to 800 ms
2019-07-29 11:24:03,686|I|Thread-1|setting browser page load timeout to 10000 ms
2019-07-29 11:24:08,143|I|Thread-1|current browser window handle:CDwindow-18B51627D32B553B83B9FACA8367C5AE
2019-07-29 11:24:08,159|I|Thread-1|secondAssignment.20190729_112355.001|Scenario|Activity 1|#  5|web.open(url) - PASS opened URL https://opensource-demo.orangehrmlive.com/
2019-07-29 11:24:08,762|I|Thread-1|secondAssignment.20190729_112355.001|Scenario|Activity 1|#  6|web.type(locator,value) - executing type(locator,value)(//*[@id="txtUsername"], Admin)
2019-07-29 11:24:08,952|I|Thread-1|secondAssignment.20190729_112355.001|Scenario|Activity 1|#  6|web.type(locator,value) - PASS typed text at '//*[@id="txtUsername"]'
2019-07-29 11:24:09,555|I|Thread-1|secondAssignment.20190729_112355.001|Scenario|Activity 1|#  7|web.type(locator,value) - executing type(locator,value)(//*[@id="txtPassword"], admin123)
2019-07-29 11:24:09,716|I|Thread-1|secondAssignment.20190729_112355.001|Scenario|Activity 1|#  7|web.type(locator,value) - PASS typed text at '//*[@id="txtPassword"]'
2019-07-29 11:24:10,321|I|Thread-1|secondAssignment.20190729_112355.001|Scenario|Activity 1|#  8|web.click(locator) - executing click(locator)(//*[@id="btnLogin"])
2019-07-29 11:24:10,386|I|Thread-1|clicking '//*[@id="btnLogin"]'...
2019-07-29 11:24:10,408|I|Thread-1|click target via JS, @id=btnLogin
2019-07-29 11:24:14,062|I|Thread-1|clicked -> true
2019-07-29 11:24:14,063|I|Thread-1|secondAssignment.20190729_112355.001|Scenario|Activity 1|#  8|web.click(locator) - PASS click via JS event
2019-07-29 11:24:14,665|I|Thread-1|secondAssignment.20190729_112355.001|Scenario|Activity 1|#  9|web.click(locator) - executing click(locator)(//*[@id="menu_pim_viewPimModule"]/b)
2019-07-29 11:24:14,732|I|Thread-1|clicking '//*[@id="menu_pim_viewPimModule"]/b'...
2019-07-29 11:24:14,745|I|Thread-1|click target via JS, @id=
2019-07-29 11:24:16,062|I|Thread-1|clicked -> true
2019-07-29 11:24:16,064|I|Thread-1|secondAssignment.20190729_112355.001|Scenario|Activity 1|#  9|web.click(locator) - PASS click via JS event
2019-07-29 11:24:16,666|I|Thread-1|secondAssignment.20190729_112355.001|Scenario|Activity 1|# 10|web.click(locator) - executing click(locator)(//*[@id="btnAdd"])
2019-07-29 11:24:16,716|I|Thread-1|clicking '//*[@id="btnAdd"]'...
2019-07-29 11:24:16,736|I|Thread-1|click target via JS, @id=btnAdd
2019-07-29 11:24:17,436|I|Thread-1|clicked -> true
2019-07-29 11:24:17,437|I|Thread-1|secondAssignment.20190729_112355.001|Scenario|Activity 1|# 10|web.click(locator) - PASS click via JS event
2019-07-29 11:24:18,038|I|Thread-1|secondAssignment.20190729_112355.001|Scenario|Activity 1|# 11|web.type(locator,value) - executing type(locator,value)(//*[@id="firstName"], Deepankar)
2019-07-29 11:24:18,221|I|Thread-1|secondAssignment.20190729_112355.001|Scenario|Activity 1|# 11|web.type(locator,value) - PASS typed text at '//*[@id="firstName"]'
2019-07-29 11:24:18,824|I|Thread-1|secondAssignment.20190729_112355.001|Scenario|Activity 1|# 12|web.type(locator,value) - executing type(locator,value)(//*[@id="lastName"], Pathak)
2019-07-29 11:24:19,034|I|Thread-1|secondAssignment.20190729_112355.001|Scenario|Activity 1|# 12|web.type(locator,value) - PASS typed text at '//*[@id="lastName"]'
2019-07-29 11:24:19,637|I|Thread-1|secondAssignment.20190729_112355.001|Scenario|Activity 1|# 13|web.type(locator,value) - executing type(locator,value)(//*[@id="employeeId"], 1055)
2019-07-29 11:24:19,810|I|Thread-1|secondAssignment.20190729_112355.001|Scenario|Activity 1|# 13|web.type(locator,value) - PASS typed text at '//*[@id="employeeId"]'
2019-07-29 11:24:20,413|I|Thread-1|secondAssignment.20190729_112355.001|Scenario|Activity 1|# 14|web.click(locator) - executing click(locator)(//*[@id="chkLogin"])
2019-07-29 11:24:20,463|I|Thread-1|clicking '//*[@id="chkLogin"]'...
2019-07-29 11:24:20,478|I|Thread-1|click target via JS, @id=chkLogin
2019-07-29 11:24:20,498|I|Thread-1|clicked -> true
2019-07-29 11:24:20,499|I|Thread-1|secondAssignment.20190729_112355.001|Scenario|Activity 1|# 14|web.click(locator) - PASS click via JS event
2019-07-29 11:24:21,100|I|Thread-1|secondAssignment.20190729_112355.001|Scenario|Activity 1|# 15|web.type(locator,value) - executing type(locator,value)(//*[@id="user_name"], deepankar.pathak)
2019-07-29 11:24:21,286|I|Thread-1|secondAssignment.20190729_112355.001|Scenario|Activity 1|# 15|web.type(locator,value) - PASS typed text at '//*[@id="user_name"]'
2019-07-29 11:24:21,890|I|Thread-1|secondAssignment.20190729_112355.001|Scenario|Activity 1|# 16|web.type(locator,value) - executing type(locator,value)(//*[@id="user_password"], deepankar)
2019-07-29 11:24:22,080|I|Thread-1|secondAssignment.20190729_112355.001|Scenario|Activity 1|# 16|web.type(locator,value) - PASS typed text at '//*[@id="user_password"]'
2019-07-29 11:24:22,683|I|Thread-1|secondAssignment.20190729_112355.001|Scenario|Activity 1|# 17|web.type(locator,value) - executing type(locator,value)(//*[@id="re_password"], deepankar)
2019-07-29 11:24:22,855|I|Thread-1|secondAssignment.20190729_112355.001|Scenario|Activity 1|# 17|web.type(locator,value) - PASS typed text at '//*[@id="re_password"]'
2019-07-29 11:24:23,459|I|Thread-1|secondAssignment.20190729_112355.001|Scenario|Activity 1|# 18|web.click(locator) - executing click(locator)(//*[@id="btnSave"])
2019-07-29 11:24:23,519|I|Thread-1|clicking '//*[@id="btnSave"]'...
2019-07-29 11:24:23,538|I|Thread-1|click target via JS, @id=btnSave
2019-07-29 11:24:24,502|I|Thread-1|clicked -> true
2019-07-29 11:24:24,505|I|Thread-1|secondAssignment.20190729_112355.001|Scenario|Activity 1|# 18|web.click(locator) - PASS click via JS event
2019-07-29 11:24:25,108|I|Thread-1|secondAssignment.20190729_112355.001|Scenario|Activity 1|# 19|web.click(locator) - executing click(locator)(//*[@id="menu_admin_viewAdminModule"]/b)
2019-07-29 11:24:25,165|I|Thread-1|clicking '//*[@id="menu_admin_viewAdminModule"]/b'...
2019-07-29 11:24:25,180|I|Thread-1|click target via JS, @id=
2019-07-29 11:24:26,375|I|Thread-1|clicked -> true
2019-07-29 11:24:26,380|I|Thread-1|secondAssignment.20190729_112355.001|Scenario|Activity 1|# 19|web.click(locator) - PASS click via JS event
2019-07-29 11:24:26,988|I|Thread-1|secondAssignment.20190729_112355.001|Scenario|Activity 1|# 20|web.type(locator,value) - executing type(locator,value)(//*[@id="searchSystemUser_userName"], deep3008)
2019-07-29 11:24:27,158|I|Thread-1|secondAssignment.20190729_112355.001|Scenario|Activity 1|# 20|web.type(locator,value) - PASS typed text at '//*[@id="searchSystemUser_userName"]'
2019-07-29 11:24:27,763|I|Thread-1|secondAssignment.20190729_112355.001|Scenario|Activity 1|# 21|web.type(locator,value) - executing type(locator,value)(//*[@id="searchSystemUser_employeeName_empName"], Deepankar Pathak)
2019-07-29 11:24:27,982|I|Thread-1|secondAssignment.20190729_112355.001|Scenario|Activity 1|# 21|web.type(locator,value) - PASS typed text at '//*[@id="searchSystemUser_employeeName_empName"]'
2019-07-29 11:24:28,585|I|Thread-1|secondAssignment.20190729_112355.001|Scenario|Activity 1|# 22|web.click(locator) - executing click(locator)(//*[@id="searchBtn"])
2019-07-29 11:24:28,633|I|Thread-1|clicking '//*[@id="searchBtn"]'...
2019-07-29 11:24:28,642|I|Thread-1|click target via JS, @id=searchBtn
2019-07-29 11:24:29,040|I|Thread-1|clicked -> true
2019-07-29 11:24:29,041|I|Thread-1|secondAssignment.20190729_112355.001|Scenario|Activity 1|# 22|web.click(locator) - PASS click via JS event
2019-07-29 11:24:29,343|I|Thread-1|[secondAssignment.20190729_112355.001|Scenario] saving test scenario
2019-07-29 11:24:29,442|I|Thread-1|[20190729_112353] 
/-TEST COMPLETE-----------------------------------------------------------------
| Test Output:    C:\projects\secondAssignment\output\20190729_112353\secondAssignment.20190729_112355.001.xlsx
| Iteration:      1
\-------------------------------------------------------------------------------
» Execution Time: 32437 ms
» Test Steps:     18
» Error(s):       0



2019-07-29 11:24:30,257|I|Thread-1|[20190729_112353] 
/-TEST COMPLETE-----------------------------------------------------------------
| Test Script:    C:\projects\secondAssignment\artifact\script\secondAssignment.xlsx
\-------------------------------------------------------------------------------
» Execution Time: 36219 ms
» Iterations:     [1] total 1
» Test Steps:     18
» Passed:         18
» Error(s):       0
» Iteration 1 of 1: C:\projects\secondAssignment\output\20190729_112353\secondAssignment.20190729_112355.001.xlsx



2019-07-29 11:24:31,025|I|main|[20190729_112353] [C:\projects\secondAssignment\artifact\script\secondAssignment.xlsx] now completed
2019-07-29 11:24:31,027|I|main|[20190729_112353] all execution thread(s) have terminated
2019-07-29 11:24:31,028|I|main|[20190729_112353] test run completed in about 37 seconds
2019-07-29 11:24:31,115|I|main|No predefined nexial-setup found
2019-07-29 11:24:31,164|I|main|outputBase not set; output-to-cloud DISABLED!
2019-07-29 11:24:31,165|I|main|accessKey not set; output-to-cloud DISABLED!
2019-07-29 11:24:31,166|I|main|secretKey not set; output-to-cloud DISABLED!
2019-07-29 11:24:31,167|I|main|generating HTML output for this execution to C:\projects\secondAssignment\output\20190729_112353\execution-output.html
2019-07-29 11:24:31,855|I|main|generating JUnit XML output for this execution to C:\projects\secondAssignment\output\20190729_112353\junit.xml
2019-07-29 11:24:31,925|I|main|generated JUnit report for this execution: C:\projects\secondAssignment\output\20190729_112353\junit.xml
2019-07-29 11:24:31,927|I|main|nexial mailer not enabled: nexial.enableEmail=false
2019-07-29 11:24:31,928|I|main|skipped email notification as configured
2019-07-29 11:24:31,930|I|main|exiting Nexial...
2019-07-29 11:24:31,931|I|main|shutdown starts...
2019-07-29 11:24:31,932|I|main|Shutting down 'chrome' webdriver...
2019-07-29 11:24:37,647|I|main|shutdown ends...
2019-07-29 11:24:37,651|I|main|

/-END OF EXECUTION--------------------------------------------------------------
| » Execution Time: 37 sec.
| » Test Steps....: 18
| » Passed........: 18
| » Failed........: 0
| » Success Rate..: 100.00%
\----------------------------------------------------------nexial-core 2.4_0567-

2019-07-29 11:24:37,653|I|main|ALL PASSED!
2019-07-29 11:24:37,657|I|main|End of Execution:
NEXIAL_OUTPUT:         C:\projects\secondAssignment\output\20190729_112353
NEXIAL_EXECUTION_HTML: C:\projects\secondAssignment\output\20190729_112353\execution-output.html
NEXIAL_JUNIT_XML:      C:\projects\secondAssignment\output\20190729_112353\junit.xml
NEXIAL_SUCCESS_RATE:   100.00%
NEXIAL_EXIT_STATUS:    0
