2019-07-29 16:47:44,798|I|Thread-1|(DELAYED) nexial-core 2.4_0567 starting up...
2019-07-29 16:47:44,803|I|Thread-1|(DELAYED) data file resolved as C:\Users\DEEPAN~1.PAT\AppData\Local\Temp\naHiA\secondAssignment.data.xlsx
2019-07-29 16:47:44,803|I|Thread-1|(DELAYED) input files and output directory resolved...
2019-07-29 16:47:44,803|I|Thread-1|(DELAYED) No predefined nexial-setup found
2019-07-29 16:47:44,803|I|Thread-1|(DELAYED) [20190729_164744] [C:\projects\secondAssignment\artifact\script\secondAssignment.xlsx] resolve RUN ID as 20190729_164744
2019-07-29 16:47:44,803|I|Thread-1|(DELAYED) [20190729_164744] [C:\projects\secondAssignment\artifact\script\secondAssignment.xlsx] new thread started
2019-07-29 16:47:44,803|I|Thread-1|No predefined nexial-setup found
2019-07-29 16:47:44,919|I|Thread-1|outputBase not set; output-to-cloud DISABLED!
2019-07-29 16:47:44,922|I|Thread-1|accessKey not set; output-to-cloud DISABLED!
2019-07-29 16:47:44,924|I|Thread-1|secretKey not set; output-to-cloud DISABLED!
2019-07-29 16:47:44,965|I|Thread-1|missing REQUIRED configuration; sms DISABLED!
2019-07-29 16:47:46,095|I|Thread-1|[20190729_164744] executing C:\projects\secondAssignment\artifact\script\secondAssignment.xlsx with 1 iteration(s)
2019-07-29 16:47:46,106|I|Thread-1|[20190729_164744] create directory C:\projects\secondAssignment\output\20190729_164744\captures
2019-07-29 16:47:46,108|I|Thread-1|[20190729_164744] create directory C:\projects\secondAssignment\output\20190729_164744\logs
2019-07-29 16:47:48,070|I|Thread-1|[20190729_164744] merging test data to tmp file C:\projects\secondAssignment\output\20190729_164744\secondAssignment.20190729_164746.001.xlsx
2019-07-29 16:47:48,077|I|Thread-1|refetching data from C:\projects\secondAssignment\artifact\data\secondAssignment.data.xlsx
2019-07-29 16:47:48,568|I|Thread-1|[20190729_164744] test script and test data merged to C:\projects\secondAssignment\output\20190729_164744\secondAssignment.20190729_164746.001.xlsx
2019-07-29 16:47:49,337|I|Thread-1|STARTS
2019-07-29 16:47:49,388|I|Thread-1|secondAssignment.20190729_164746.001 - executing iteration #1 of 1; Iteration Id 1
2019-07-29 16:47:49,403|I|Thread-1|secondAssignment.20190729_164746.001|Scenario2 - executing test scenario
2019-07-29 16:47:49,406|I|Thread-1|secondAssignment.20190729_164746.001|Scenario2|Activity 1 - executing activity
2019-07-29 16:47:50,013|I|Thread-1|secondAssignment.20190729_164746.001|Scenario2|Activity 1|#  5|web.open(url) - executing open(url)(https://www.google.com/)
2019-07-29 16:47:50,019|I|Thread-1|No valid instance of webdriver, initializing...
2019-07-29 16:47:50,021|I|Thread-1|init chrome
2019-07-29 16:47:56,313|I|Thread-1|browser initialization completed for 'chrome'
2019-07-29 16:47:56,330|I|Thread-1|setting browser polling wait time to 800 ms
2019-07-29 16:47:56,333|I|Thread-1|setting browser page load timeout to 10000 ms
2019-07-29 16:47:58,078|I|Thread-1|current browser window handle:CDwindow-54D37C5DF6301A32A786273964C898E4
2019-07-29 16:47:58,105|I|Thread-1|secondAssignment.20190729_164746.001|Scenario2|Activity 1|#  5|web.open(url) - PASS opened URL https://www.google.com/
2019-07-29 16:47:58,714|I|Thread-1|secondAssignment.20190729_164746.001|Scenario2|Activity 1|#  6|web.type(locator,value) - executing type(locator,value)(//*[@id="tsf"]/div[2]/div/div[1]/div/div[1]/input, ATMECS)
2019-07-29 16:47:58,942|I|Thread-1|secondAssignment.20190729_164746.001|Scenario2|Activity 1|#  6|web.type(locator,value) - PASS typed text at '//*[@id="tsf"]/div[2]/div/div[1]/div/div[1]/input'
2019-07-29 16:47:59,547|I|Thread-1|secondAssignment.20190729_164746.001|Scenario2|Activity 1|#  7|web.click(locator) - executing click(locator)(//*[@id="tsf"]/div[2]/div/div[3]/center/input[1])
2019-07-29 16:47:59,591|I|Thread-1|clicking '//*[@id="tsf"]/div[2]/div/div[3]/center/input[1]'...
2019-07-29 16:47:59,610|I|Thread-1|click target via JS, @id=
2019-07-29 16:48:01,177|I|Thread-1|clicked -> true
2019-07-29 16:48:01,180|I|Thread-1|secondAssignment.20190729_164746.001|Scenario2|Activity 1|#  7|web.click(locator) - PASS click via JS event
2019-07-29 16:48:01,783|I|Thread-1|secondAssignment.20190729_164746.001|Scenario2|Activity 1|#  8|web.saveTextArray(var,loc - executing saveTextArray(var,locator)(linkArray, //*[@class = "iUh30"])
2019-07-29 16:48:01,977|I|Thread-1|secondAssignment.20190729_164746.001|Scenario2|Activity 1|#  8|web.saveTextArray(var,loc - PASS stored content of '//*[@class = "iUh30"]' as ${linkArray}
2019-07-29 16:48:02,580|I|Thread-1|secondAssignment.20190729_164746.001|Scenario2|Activity 1|#  9|base.verbose(text) - executing verbose(text)($(array|length|${linkArray}))
2019-07-29 16:48:02,589|I|Thread-1|secondAssignment.20190729_164746.001|Scenario2|Activity 1|#  9|base.verbose(text) - 11
2019-07-29 16:48:02,795|I|Thread-1|secondAssignment.20190729_164746.001|Scenario2|Activity 1|#  9|base.verbose(text) - PASS 
2019-07-29 16:48:03,397|I|Thread-1|secondAssignment.20190729_164746.001|Scenario2|Activity 1|# 10|base.save(var,value) - executing save(var,value)(query, Insert into info values(ATMECS, ${linkArray});)
2019-07-29 16:48:03,413|I|Thread-1|secondAssignment.20190729_164746.001|Scenario2|Activity 1|# 10|base.save(var,value) - PASS stored 'Insert into info values(ATMECS, www.atmecs.com/,https://www.glassdoor.co.in/Reviews/ATMECS-Reviews-E1318180.htm,https://www.glassdoor.co.in/.../Working-at-ATMECS-EI_IE1318180.11,17.htm,https://in.linkedin.com/company/atmecs-inc,https://mapr.com/partners/partner/atmecs-technologies-pvt-ltd/,https://www.glassdoor.com/Overview/Working-at-ATMECS-EI_IE1318180.11,17.htm,https://www.naukri.com/atmecs-technologies-pvt-ltd-jobs-careers-1089084,https://www.indeed.co.in/cmp/Atmecs-Technologies/reviews,https://www.ambitionbox.com/reviews/atmecs-technologies-reviews);' as ${query}
2019-07-29 16:48:04,032|I|Thread-1|secondAssignment.20190729_164746.001|Scenario2|Activity 1|# 11|rdbms.runSQL(var,db,sql) - executing runSQL(var,db,sql)(queryResult, mydb, ${query})
2019-07-29 16:48:04,136|I|Thread-1|secondAssignment.20190729_164746.001|Scenario2|Activity 1|# 11|rdbms.runSQL(var,db,sql) - new connection established for 'mydb'
2019-07-29 16:48:04,528|I|Thread-1|secondAssignment.20190729_164746.001|Scenario2|Activity 1|# 11|rdbms.runSQL(var,db,sql) - executed query in 389 ms with ERROR Error occurred when executing 'Insert into info values(ATMECS, www.atmecs.com/,https://www.glassdoor.co.in/Reviews/ATMECS-Reviews-E1318180.htm,https://www.glassdoor.co.in/.../Working-at-ATMECS-EI_IE1318180.11,17.htm,https://in.linkedin.com/company/atmecs-inc,https://mapr.com/partners/partner/atmecs-technologies-pvt-ltd/,https://www.glassdoor.com/Overview/Working-at-ATMECS-EI_IE1318180.11,17.htm,https://www.naukri.com/atmecs-technologies-pvt-ltd-jobs-careers-1089084,https://www.indeed.co.in/cmp/Atmecs-Technologies/reviews,https://www.ambitionbox.com/reviews/atmecs-technologies-reviews);': [SQLITE_ERROR] SQL error or missing database (near ",": syntax error)
2019-07-29 16:48:04,547|I|Thread-1|secondAssignment.20190729_164746.001|Scenario2|Activity 1|# 11|rdbms.runSQL(var,db,sql) - PASS executed SQL 'Insert into info values(ATMECS, www.atmecs.com/,https://www.glassdoor.co.in/Reviews/ATMECS-Reviews-E1318180.htm,https://www.glassdoor.co.in/.../Working-at-ATMECS-EI_IE1318180.11,17.htm,https://in.linkedin.com/company/atmecs-inc,https://mapr.com/partners/partner/atmecs-technologies-pvt-ltd/,https://www.glassdoor.com/Overview/Working-at-ATMECS-EI_IE1318180.11,17.htm,https://www.naukri.com/atmecs-technologies-pvt-ltd-jobs-careers-1089084,https://www.indeed.co.in/cmp/Atmecs-Technologies/reviews,https://www.ambitionbox.com/reviews/atmecs-technologies-reviews);'; stored result as ${queryResult}
2019-07-29 16:48:05,156|I|Thread-1|secondAssignment.20190729_164746.001|Scenario2|Activity 1|# 12|base.save(var,value) - executing save(var,value)(selectQuery, select * from info;)
2019-07-29 16:48:05,165|I|Thread-1|secondAssignment.20190729_164746.001|Scenario2|Activity 1|# 12|base.save(var,value) - PASS stored 'select * from info;' as ${selectQuery}
2019-07-29 16:48:05,771|I|Thread-1|secondAssignment.20190729_164746.001|Scenario2|Activity 1|# 13|rdbms.runSQL(var,db,sql) - executing runSQL(var,db,sql)(queryResult, mydb, ${selectQuery})
2019-07-29 16:48:05,775|I|Thread-1|secondAssignment.20190729_164746.001|Scenario2|Activity 1|# 13|rdbms.runSQL(var,db,sql) - reusing established connection 'mydb'
2019-07-29 16:48:05,783|I|Thread-1|secondAssignment.20190729_164746.001|Scenario2|Activity 1|# 13|rdbms.runSQL(var,db,sql) - executed query in 6 ms with 0 row(s)
2019-07-29 16:48:05,788|I|Thread-1|secondAssignment.20190729_164746.001|Scenario2|Activity 1|# 13|rdbms.runSQL(var,db,sql) - PASS executed SQL 'select * from info;'; stored result as ${queryResult}
2019-07-29 16:48:06,392|I|Thread-1|secondAssignment.20190729_164746.001|Scenario2|Activity 1|# 14|rdbms.saveResult(db,sql,o - executing saveResult(db,sql,output)(mydb, ${selectQuery}, $(syspath|out|fullpath)/ATMECS.csv)
2019-07-29 16:48:06,402|I|Thread-1|secondAssignment.20190729_164746.001|Scenario2|Activity 1|# 14|rdbms.saveResult(db,sql,o - reusing established connection 'mydb'
2019-07-29 16:48:06,408|I|Thread-1|secondAssignment.20190729_164746.001|Scenario2|Activity 1|# 14|rdbms.saveResult(db,sql,o - executed query in 1 ms with 0 row(s)
2019-07-29 16:48:06,510|I|Thread-1|secondAssignment.20190729_164746.001|Scenario2|Activity 1|# 14|rdbms.saveResult(db,sql,o - PASS executed SQL 'select * from info;'; stored result to 'C:\projects\secondAssignment\output\20190729_164744\ATMECS.csv'
2019-07-29 16:48:07,264|I|Thread-1|[secondAssignment.20190729_164746.001|Scenario2] saving test scenario
2019-07-29 16:48:07,434|I|Thread-1|[20190729_164744] 
/-TEST COMPLETE-----------------------------------------------------------------
| Test Output:    C:\projects\secondAssignment\output\20190729_164744\secondAssignment.20190729_164746.001.xlsx
| Iteration:      1
\-------------------------------------------------------------------------------
» Execution Time: 18039 ms
» Test Steps:     10
» Error(s):       0



2019-07-29 16:48:08,552|I|Thread-1|[20190729_164744] 
/-TEST COMPLETE-----------------------------------------------------------------
| Test Script:    C:\projects\secondAssignment\artifact\script\secondAssignment.xlsx
\-------------------------------------------------------------------------------
» Execution Time: 24049 ms
» Iterations:     [1] total 1
» Test Steps:     10
» Passed:         10
» Error(s):       0
» Iteration 1 of 1: C:\projects\secondAssignment\output\20190729_164744\secondAssignment.20190729_164746.001.xlsx



2019-07-29 16:48:09,461|I|main|[20190729_164744] [C:\projects\secondAssignment\artifact\script\secondAssignment.xlsx] now completed
2019-07-29 16:48:09,462|I|main|[20190729_164744] all execution thread(s) have terminated
2019-07-29 16:48:09,463|I|main|[20190729_164744] test run completed in about 25 seconds
2019-07-29 16:48:09,598|I|main|No predefined nexial-setup found
2019-07-29 16:48:09,658|I|main|outputBase not set; output-to-cloud DISABLED!
2019-07-29 16:48:09,660|I|main|accessKey not set; output-to-cloud DISABLED!
2019-07-29 16:48:09,661|I|main|secretKey not set; output-to-cloud DISABLED!
2019-07-29 16:48:09,662|I|main|generating HTML output for this execution to C:\projects\secondAssignment\output\20190729_164744\execution-output.html
2019-07-29 16:48:10,957|I|main|generating JUnit XML output for this execution to C:\projects\secondAssignment\output\20190729_164744\junit.xml
2019-07-29 16:48:11,044|I|main|generated JUnit report for this execution: C:\projects\secondAssignment\output\20190729_164744\junit.xml
2019-07-29 16:48:11,046|I|main|nexial mailer not enabled: nexial.enableEmail=false
2019-07-29 16:48:11,047|I|main|skipped email notification as configured
2019-07-29 16:48:11,049|I|main|exiting Nexial...
2019-07-29 16:48:11,049|I|main|shutdown starts...
2019-07-29 16:48:11,055|I|main|Shutting down 'chrome' webdriver...
2019-07-29 16:48:20,685|I|main|shutdown ends...
2019-07-29 16:48:20,689|I|main|

/-END OF EXECUTION--------------------------------------------------------------
| » Execution Time: 25 sec.
| » Test Steps....: 10
| » Passed........: 10
| » Failed........: 0
| » Success Rate..: 100.00%
\----------------------------------------------------------nexial-core 2.4_0567-

2019-07-29 16:48:20,690|I|main|ALL PASSED!
2019-07-29 16:48:20,692|I|main|End of Execution:
NEXIAL_OUTPUT:         C:\projects\secondAssignment\output\20190729_164744
NEXIAL_EXECUTION_HTML: C:\projects\secondAssignment\output\20190729_164744\execution-output.html
NEXIAL_JUNIT_XML:      C:\projects\secondAssignment\output\20190729_164744\junit.xml
NEXIAL_SUCCESS_RATE:   100.00%
NEXIAL_EXIT_STATUS:    0
