2019-07-19 14:26:02,906|I|Thread-1|(DELAYED) nexial-core 2.4_0567 starting up...
2019-07-19 14:26:02,909|I|Thread-1|(DELAYED) data file resolved as C:\Users\DEEPAN~1.PAT\AppData\Local\Temp\YnKrp\exampleProject.data.xlsx
2019-07-19 14:26:02,910|I|Thread-1|(DELAYED) input files and output directory resolved...
2019-07-19 14:26:02,910|I|Thread-1|(DELAYED) No predefined nexial-setup found
2019-07-19 14:26:02,910|I|Thread-1|(DELAYED) [20190719_142602] [C:\projects\exampleProject\artifact\script\exampleProject.xlsx] resolve RUN ID as 20190719_142602
2019-07-19 14:26:02,910|I|Thread-1|(DELAYED) [20190719_142602] [C:\projects\exampleProject\artifact\script\exampleProject.xlsx] new thread started
2019-07-19 14:26:02,910|I|Thread-1|No predefined nexial-setup found
2019-07-19 14:26:02,992|I|Thread-1|outputBase not set; output-to-cloud DISABLED!
2019-07-19 14:26:02,992|I|Thread-1|accessKey not set; output-to-cloud DISABLED!
2019-07-19 14:26:02,992|I|Thread-1|secretKey not set; output-to-cloud DISABLED!
2019-07-19 14:26:03,023|I|Thread-1|missing REQUIRED configuration; sms DISABLED!
2019-07-19 14:26:03,785|I|Thread-1|[20190719_142602] executing C:\projects\exampleProject\artifact\script\exampleProject.xlsx with 1 iteration(s)
2019-07-19 14:26:03,785|I|Thread-1|[20190719_142602] create directory C:\projects\exampleProject\output\20190719_142602\captures
2019-07-19 14:26:03,785|I|Thread-1|[20190719_142602] create directory C:\projects\exampleProject\output\20190719_142602\logs
2019-07-19 14:26:04,474|I|Thread-1|[20190719_142602] merging test data to tmp file C:\projects\exampleProject\output\20190719_142602\exampleProject.20190719_142603.001.xlsx
2019-07-19 14:26:04,475|I|Thread-1|refetching data from C:\projects\exampleProject\artifact\data\exampleProject.data.xlsx
2019-07-19 14:26:04,779|I|Thread-1|[20190719_142602] test script and test data merged to C:\projects\exampleProject\output\20190719_142602\exampleProject.20190719_142603.001.xlsx
2019-07-19 14:26:05,427|I|Thread-1|STARTS
2019-07-19 14:26:05,449|I|Thread-1|exampleProject.20190719_142603.001 - executing iteration #1 of 1; Iteration Id 1
2019-07-19 14:26:05,459|I|Thread-1|exampleProject.20190719_142603.001|Scenario - executing test scenario
2019-07-19 14:26:05,461|I|Thread-1|exampleProject.20190719_142603.001|Scenario|Activity 1 - executing activity
2019-07-19 14:26:06,064|I|Thread-1|exampleProject.20190719_142603.001|Scenario|Activity 1|#  5|base.save(var,value) - executing save(var,value)(marks, 100,90,65,55,82,91,12,45,78,43,78)
2019-07-19 14:26:06,071|I|Thread-1|exampleProject.20190719_142603.001|Scenario|Activity 1|#  5|base.save(var,value) - PASS stored '100,90,65,55,82,91,12,45,78,43,78' as ${marks}
2019-07-19 14:26:06,673|I|Thread-1|exampleProject.20190719_142603.001|Scenario|Activity 1|#  6|number.max(var,array) - executing max(var,array)(maxValue, ${marks})
2019-07-19 14:26:06,861|I|Thread-1|exampleProject.20190719_142603.001|Scenario|Activity 1|#  6|number.max(var,array) - PASS max saved to variable 'maxValue' as 100.0
2019-07-19 14:26:07,464|I|Thread-1|exampleProject.20190719_142603.001|Scenario|Activity 1|#  7|base.verbose(text) - executing verbose(text)(Maximum marks are :: ${maxValue})
2019-07-19 14:26:07,469|I|Thread-1|exampleProject.20190719_142603.001|Scenario|Activity 1|#  7|base.verbose(text) - Maximum marks are :: 100.0
2019-07-19 14:26:07,482|I|Thread-1|exampleProject.20190719_142603.001|Scenario|Activity 1|#  7|base.verbose(text) - PASS 
2019-07-19 14:26:08,090|I|Thread-1|exampleProject.20190719_142603.001|Scenario|Activity 1|#  8|number.min(var,array) - executing min(var,array)(minValue, ${marks})
2019-07-19 14:26:08,104|I|Thread-1|exampleProject.20190719_142603.001|Scenario|Activity 1|#  8|number.min(var,array) - PASS min saved to variable 'minValue' as 12.0
2019-07-19 14:26:08,708|I|Thread-1|exampleProject.20190719_142603.001|Scenario|Activity 1|#  9|base.verbose(text) - executing verbose(text)(Minimum marks are :: ${minValue} )
2019-07-19 14:26:08,714|I|Thread-1|exampleProject.20190719_142603.001|Scenario|Activity 1|#  9|base.verbose(text) - Minimum marks are :: 12.0 
2019-07-19 14:26:08,730|I|Thread-1|exampleProject.20190719_142603.001|Scenario|Activity 1|#  9|base.verbose(text) - PASS 
2019-07-19 14:26:09,340|I|Thread-1|exampleProject.20190719_142603.001|Scenario|Activity 1|# 10|number.assertGreater(num1 - executing assertGreater(num1,num2)(50, ${minValue})
2019-07-19 14:26:09,355|I|Thread-1|exampleProject.20190719_142603.001|Scenario|Activity 1|# 10|number.assertGreater(num1 - PASS 50 is greater than 12.0
2019-07-19 14:26:09,960|I|Thread-1|exampleProject.20190719_142603.001|Scenario|Activity 1|# 11|number.assertLesser(num1, - executing assertLesser(num1,num2)(12, ${minValue})
2019-07-19 14:26:09,977|I|Thread-1|exampleProject.20190719_142603.001|Scenario|Activity 1|# 11|number.assertLesser(num1, - FAIL 12 is NOT less than 12.0
2019-07-19 14:26:10,589|I|Thread-1|exampleProject.20190719_142603.001|Scenario|Activity 1|# 12|number.average(var,array) - executing average(var,array)(averageMarks, ${marks})
2019-07-19 14:26:10,605|I|Thread-1|exampleProject.20190719_142603.001|Scenario|Activity 1|# 12|number.average(var,array) - PASS average saved to variable 'averageMarks' as 67.18181818181819
2019-07-19 14:26:11,212|I|Thread-1|exampleProject.20190719_142603.001|Scenario|Activity 1|# 13|base.verbose(text) - executing verbose(text)(Average Marks are :: ${averageMarks})
2019-07-19 14:26:11,218|I|Thread-1|exampleProject.20190719_142603.001|Scenario|Activity 1|# 13|base.verbose(text) - Average Marks are :: 67.18181818181819
2019-07-19 14:26:11,231|I|Thread-1|exampleProject.20190719_142603.001|Scenario|Activity 1|# 13|base.verbose(text) - PASS 
2019-07-19 14:26:11,839|I|Thread-1|exampleProject.20190719_142603.001|Scenario|Activity 1|# 14|number.ceiling(var) - executing ceiling(var)(averageMarks)
2019-07-19 14:26:11,848|I|Thread-1|exampleProject.20190719_142603.001|Scenario|Activity 1|# 14|number.ceiling(var) - PASS Variable 'averageMarks' has been round up to 68
2019-07-19 14:26:12,453|I|Thread-1|exampleProject.20190719_142603.001|Scenario|Activity 1|# 15|base.verbose(text) - executing verbose(text)(Average rounded marks are :: ${averageMarks})
2019-07-19 14:26:12,458|I|Thread-1|exampleProject.20190719_142603.001|Scenario|Activity 1|# 15|base.verbose(text) - Average rounded marks are :: 68
2019-07-19 14:26:12,467|I|Thread-1|exampleProject.20190719_142603.001|Scenario|Activity 1|# 15|base.verbose(text) - PASS 
2019-07-19 14:26:12,775|I|Thread-1|[exampleProject.20190719_142603.001|Scenario] saving test scenario
2019-07-19 14:26:12,879|I|Thread-1|[20190719_142602] 
/-TEST COMPLETE-----------------------------------------------------------------
| Test Output:    C:\projects\exampleProject\output\20190719_142602\exampleProject.20190719_142603.001.xlsx
| Iteration:      1
\-------------------------------------------------------------------------------
» Execution Time: 7422 ms
» Test Steps:     11
» Error(s):       1



2019-07-19 14:26:15,700|I|Thread-1|[20190719_142602] 
/-TEST COMPLETE-----------------------------------------------------------------
| Test Script:    C:\projects\exampleProject\artifact\script\exampleProject.xlsx
\-------------------------------------------------------------------------------
» Execution Time: 13019 ms
» Iterations:     [1] total 1
» Test Steps:     11
» Passed:         10
» Error(s):       1
» Iteration 1 of 1: C:\projects\exampleProject\output\20190719_142602\exampleProject.20190719_142603.001.xlsx



2019-07-19 14:26:16,665|I|main|[20190719_142602] [C:\projects\exampleProject\artifact\script\exampleProject.xlsx] now completed
2019-07-19 14:26:16,668|I|main|[20190719_142602] all execution thread(s) have terminated
2019-07-19 14:26:16,670|I|main|[20190719_142602] test run completed in about 14 seconds
2019-07-19 14:26:16,763|I|main|No predefined nexial-setup found
2019-07-19 14:26:16,804|I|main|outputBase not set; output-to-cloud DISABLED!
2019-07-19 14:26:16,806|I|main|accessKey not set; output-to-cloud DISABLED!
2019-07-19 14:26:16,806|I|main|secretKey not set; output-to-cloud DISABLED!
2019-07-19 14:26:16,807|I|main|generating HTML output for this execution to C:\projects\exampleProject\output\20190719_142602\execution-output.html
2019-07-19 14:26:17,510|I|main|generating JUnit XML output for this execution to C:\projects\exampleProject\output\20190719_142602\junit.xml
2019-07-19 14:26:17,568|I|main|generated JUnit report for this execution: C:\projects\exampleProject\output\20190719_142602\junit.xml
2019-07-19 14:26:17,573|I|main|nexial mailer not enabled: nexial.enableEmail=false
2019-07-19 14:26:17,576|I|main|skipped email notification as configured
2019-07-19 14:26:17,581|I|main|exiting Nexial...
2019-07-19 14:26:17,585|I|main|

/-END OF EXECUTION--------------------------------------------------------------
| » Execution Time: 14 sec.
| » Test Steps....: 11
| » Passed........: 10
| » Failed........: 1
| » Success Rate..: 90.91%
\----------------------------------------------------------nexial-core 2.4_0567-

2019-07-19 14:26:17,592|E|main|failure found; success rate is 90.91%
2019-07-19 14:26:17,596|I|main|End of Execution:
NEXIAL_OUTPUT:         C:\projects\exampleProject\output\20190719_142602
NEXIAL_EXECUTION_HTML: C:\projects\exampleProject\output\20190719_142602\execution-output.html
NEXIAL_JUNIT_XML:      C:\projects\exampleProject\output\20190719_142602\junit.xml
NEXIAL_SUCCESS_RATE:   90.91%
NEXIAL_EXIT_STATUS:    -13
