2019-07-29 16:23:49,004|I|Thread-1|(DELAYED) nexial-core 2.4_0567 starting up...
2019-07-29 16:23:49,008|I|Thread-1|(DELAYED) data file resolved as C:\Users\DEEPAN~1.PAT\AppData\Local\Temp\peztf\secondAssignment.data.xlsx
2019-07-29 16:23:49,008|I|Thread-1|(DELAYED) input files and output directory resolved...
2019-07-29 16:23:49,008|I|Thread-1|(DELAYED) No predefined nexial-setup found
2019-07-29 16:23:49,008|I|Thread-1|(DELAYED) [20190729_162348] [C:\projects\secondAssignment\artifact\script\secondAssignment.xlsx] resolve RUN ID as 20190729_162348
2019-07-29 16:23:49,008|I|Thread-1|(DELAYED) [20190729_162348] [C:\projects\secondAssignment\artifact\script\secondAssignment.xlsx] new thread started
2019-07-29 16:23:49,008|I|Thread-1|No predefined nexial-setup found
2019-07-29 16:23:49,074|I|Thread-1|outputBase not set; output-to-cloud DISABLED!
2019-07-29 16:23:49,075|I|Thread-1|accessKey not set; output-to-cloud DISABLED!
2019-07-29 16:23:49,076|I|Thread-1|secretKey not set; output-to-cloud DISABLED!
2019-07-29 16:23:49,103|I|Thread-1|missing REQUIRED configuration; sms DISABLED!
2019-07-29 16:23:49,875|I|Thread-1|[20190729_162348] executing C:\projects\secondAssignment\artifact\script\secondAssignment.xlsx with 1 iteration(s)
2019-07-29 16:23:49,881|I|Thread-1|[20190729_162348] create directory C:\projects\secondAssignment\output\20190729_162348\captures
2019-07-29 16:23:49,882|I|Thread-1|[20190729_162348] create directory C:\projects\secondAssignment\output\20190729_162348\logs
2019-07-29 16:23:51,360|I|Thread-1|[20190729_162348] merging test data to tmp file C:\projects\secondAssignment\output\20190729_162348\secondAssignment.20190729_162349.001.xlsx
2019-07-29 16:23:51,362|I|Thread-1|refetching data from C:\projects\secondAssignment\artifact\data\secondAssignment.data.xlsx
2019-07-29 16:23:51,653|I|Thread-1|[20190729_162348] test script and test data merged to C:\projects\secondAssignment\output\20190729_162348\secondAssignment.20190729_162349.001.xlsx
2019-07-29 16:23:52,238|I|Thread-1|STARTS
2019-07-29 16:23:52,261|I|Thread-1|secondAssignment.20190729_162349.001 - executing iteration #1 of 1; Iteration Id 1
2019-07-29 16:23:52,269|I|Thread-1|secondAssignment.20190729_162349.001|Scenario2 - executing test scenario
2019-07-29 16:23:52,270|I|Thread-1|secondAssignment.20190729_162349.001|Scenario2|Activity 1 - executing activity
2019-07-29 16:23:52,875|I|Thread-1|secondAssignment.20190729_162349.001|Scenario2|Activity 1|#  5|web.open(url) - executing open(url)(https://www.google.com/)
2019-07-29 16:23:52,887|I|Thread-1|No valid instance of webdriver, initializing...
2019-07-29 16:23:52,894|I|Thread-1|init chrome
2019-07-29 16:23:58,746|I|Thread-1|browser initialization completed for 'chrome'
2019-07-29 16:23:58,755|I|Thread-1|setting browser polling wait time to 800 ms
2019-07-29 16:23:58,759|I|Thread-1|setting browser page load timeout to 10000 ms
2019-07-29 16:24:00,873|I|Thread-1|current browser window handle:CDwindow-29C99EF359F3E98BD9342881DB04408C
2019-07-29 16:24:00,898|I|Thread-1|secondAssignment.20190729_162349.001|Scenario2|Activity 1|#  5|web.open(url) - PASS opened URL https://www.google.com/
2019-07-29 16:24:01,506|I|Thread-1|secondAssignment.20190729_162349.001|Scenario2|Activity 1|#  6|web.type(locator,value) - executing type(locator,value)(//*[@id="tsf"]/div[2]/div/div[1]/div/div[1]/input, ATMECS)
2019-07-29 16:24:01,686|I|Thread-1|secondAssignment.20190729_162349.001|Scenario2|Activity 1|#  6|web.type(locator,value) - PASS typed text at '//*[@id="tsf"]/div[2]/div/div[1]/div/div[1]/input'
2019-07-29 16:24:02,296|I|Thread-1|secondAssignment.20190729_162349.001|Scenario2|Activity 1|#  7|web.click(locator) - executing click(locator)(//*[@id="tsf"]/div[2]/div/div[3]/center/input[1])
2019-07-29 16:24:02,316|I|Thread-1|clicking '//*[@id="tsf"]/div[2]/div/div[3]/center/input[1]'...
2019-07-29 16:24:02,326|I|Thread-1|click target via JS, @id=
2019-07-29 16:24:03,794|I|Thread-1|clicked -> true
2019-07-29 16:24:03,795|I|Thread-1|secondAssignment.20190729_162349.001|Scenario2|Activity 1|#  7|web.click(locator) - PASS click via JS event
2019-07-29 16:24:04,397|I|Thread-1|secondAssignment.20190729_162349.001|Scenario2|Activity 1|#  8|web.saveTextArray(var,loc - executing saveTextArray(var,locator)(linkArray, //*[@class = "iUh30"])
2019-07-29 16:24:04,570|I|Thread-1|secondAssignment.20190729_162349.001|Scenario2|Activity 1|#  8|web.saveTextArray(var,loc - PASS stored content of '//*[@class = "iUh30"]' as ${linkArray}
2019-07-29 16:24:05,175|I|Thread-1|secondAssignment.20190729_162349.001|Scenario2|Activity 1|#  9|base.verbose(text) - executing verbose(text)($(array|length|${linkArray}))
2019-07-29 16:24:05,181|I|Thread-1|secondAssignment.20190729_162349.001|Scenario2|Activity 1|#  9|base.verbose(text) - 11
2019-07-29 16:24:05,370|I|Thread-1|secondAssignment.20190729_162349.001|Scenario2|Activity 1|#  9|base.verbose(text) - PASS 
2019-07-29 16:24:05,973|I|Thread-1|secondAssignment.20190729_162349.001|Scenario2|Activity 1|# 10|base.save(var,value) - executing save(var,value)(query, Insert into info values("ATMECS", ${linkArray});)
2019-07-29 16:24:05,992|I|Thread-1|secondAssignment.20190729_162349.001|Scenario2|Activity 1|# 10|base.save(var,value) - PASS stored 'Insert into info values("ATMECS", www.atmecs.com/,https://www.glassdoor.co.in/Reviews/ATMECS-Reviews-E1318180.htm,https://www.glassdoor.co.in/.../Working-at-ATMECS-EI_IE1318180.11,17.htm,https://in.linkedin.com/company/atmecs-inc,https://mapr.com/partners/partner/atmecs-technologies-pvt-ltd/,https://www.glassdoor.com/Overview/Working-at-ATMECS-EI_IE1318180.11,17.htm,https://www.naukri.com/atmecs-technologies-pvt-ltd-jobs-careers-1089084,https://www.indeed.co.in/cmp/Atmecs-Technologies/reviews,https://www.ambitionbox.com/reviews/atmecs-technologies-reviews);' as ${query}
2019-07-29 16:24:06,609|I|Thread-1|secondAssignment.20190729_162349.001|Scenario2|Activity 1|# 11|rdbms.runSQL(var,db,sql) - executing runSQL(var,db,sql)(queryResult, mydb, ${query})
2019-07-29 16:24:06,683|I|Thread-1|secondAssignment.20190729_162349.001|Scenario2|Activity 1|# 11|rdbms.runSQL(var,db,sql) - new connection established for 'mydb'
2019-07-29 16:24:06,955|I|Thread-1|secondAssignment.20190729_162349.001|Scenario2|Activity 1|# 11|rdbms.runSQL(var,db,sql) - executed query in 269 ms with ERROR Error occurred when executing 'Insert into info values("ATMECS", www.atmecs.com/,https://www.glassdoor.co.in/Reviews/ATMECS-Reviews-E1318180.htm,https://www.glassdoor.co.in/.../Working-at-ATMECS-EI_IE1318180.11,17.htm,https://in.linkedin.com/company/atmecs-inc,https://mapr.com/partners/partner/atmecs-technologies-pvt-ltd/,https://www.glassdoor.com/Overview/Working-at-ATMECS-EI_IE1318180.11,17.htm,https://www.naukri.com/atmecs-technologies-pvt-ltd-jobs-careers-1089084,https://www.indeed.co.in/cmp/Atmecs-Technologies/reviews,https://www.ambitionbox.com/reviews/atmecs-technologies-reviews);': [SQLITE_ERROR] SQL error or missing database (near ",": syntax error)
2019-07-29 16:24:06,962|I|Thread-1|secondAssignment.20190729_162349.001|Scenario2|Activity 1|# 11|rdbms.runSQL(var,db,sql) - PASS executed SQL 'Insert into info values("ATMECS", www.atmecs.com/,https://www.glassdoor.co.in/Reviews/ATMECS-Reviews-E1318180.htm,https://www.glassdoor.co.in/.../Working-at-ATMECS-EI_IE1318180.11,17.htm,https://in.linkedin.com/company/atmecs-inc,https://mapr.com/partners/partner/atmecs-technologies-pvt-ltd/,https://www.glassdoor.com/Overview/Working-at-ATMECS-EI_IE1318180.11,17.htm,https://www.naukri.com/atmecs-technologies-pvt-ltd-jobs-careers-1089084,https://www.indeed.co.in/cmp/Atmecs-Technologies/reviews,https://www.ambitionbox.com/reviews/atmecs-technologies-reviews);'; stored result as ${queryResult}
2019-07-29 16:24:07,569|I|Thread-1|secondAssignment.20190729_162349.001|Scenario2|Activity 1|# 12|base.save(var,value) - executing save(var,value)(selectQuery, select * from info;)
2019-07-29 16:24:07,587|I|Thread-1|secondAssignment.20190729_162349.001|Scenario2|Activity 1|# 12|base.save(var,value) - PASS stored 'select * from info;' as ${selectQuery}
2019-07-29 16:24:08,202|I|Thread-1|secondAssignment.20190729_162349.001|Scenario2|Activity 1|# 13|rdbms.runSQL(var,db,sql) - executing runSQL(var,db,sql)(queryResult, mydb, ${selectQuery})
2019-07-29 16:24:08,205|I|Thread-1|secondAssignment.20190729_162349.001|Scenario2|Activity 1|# 13|rdbms.runSQL(var,db,sql) - reusing established connection 'mydb'
2019-07-29 16:24:08,210|I|Thread-1|secondAssignment.20190729_162349.001|Scenario2|Activity 1|# 13|rdbms.runSQL(var,db,sql) - executed query in 3 ms with 0 row(s)
2019-07-29 16:24:08,215|I|Thread-1|secondAssignment.20190729_162349.001|Scenario2|Activity 1|# 13|rdbms.runSQL(var,db,sql) - PASS executed SQL 'select * from info;'; stored result as ${queryResult}
2019-07-29 16:24:08,817|I|Thread-1|secondAssignment.20190729_162349.001|Scenario2|Activity 1|# 14|rdbms.saveResult(db,sql,o - executing saveResult(db,sql,output)(mydb, ${selectQuery}, $(syspath|out|fullpath)/result.csv)
2019-07-29 16:24:08,829|I|Thread-1|secondAssignment.20190729_162349.001|Scenario2|Activity 1|# 14|rdbms.saveResult(db,sql,o - reusing established connection 'mydb'
2019-07-29 16:24:08,841|I|Thread-1|secondAssignment.20190729_162349.001|Scenario2|Activity 1|# 14|rdbms.saveResult(db,sql,o - executed query in 1 ms with 0 row(s)
2019-07-29 16:24:08,974|I|Thread-1|secondAssignment.20190729_162349.001|Scenario2|Activity 1|# 14|rdbms.saveResult(db,sql,o - PASS executed SQL 'select * from info;'; stored result to 'C:\projects\secondAssignment\output\20190729_162348\result.csv'
2019-07-29 16:24:09,477|I|Thread-1|[secondAssignment.20190729_162349.001|Scenario2] saving test scenario
2019-07-29 16:24:09,607|I|Thread-1|[20190729_162348] 
/-TEST COMPLETE-----------------------------------------------------------------
| Test Output:    C:\projects\secondAssignment\output\20190729_162348\secondAssignment.20190729_162349.001.xlsx
| Iteration:      1
\-------------------------------------------------------------------------------
» Execution Time: 17341 ms
» Test Steps:     10
» Error(s):       0



2019-07-29 16:24:10,354|I|Thread-1|[20190729_162348] 
/-TEST COMPLETE-----------------------------------------------------------------
| Test Script:    C:\projects\secondAssignment\artifact\script\secondAssignment.xlsx
\-------------------------------------------------------------------------------
» Execution Time: 21532 ms
» Iterations:     [1] total 1
» Test Steps:     10
» Passed:         10
» Error(s):       0
» Iteration 1 of 1: C:\projects\secondAssignment\output\20190729_162348\secondAssignment.20190729_162349.001.xlsx



2019-07-29 16:24:10,781|I|main|[20190729_162348] [C:\projects\secondAssignment\artifact\script\secondAssignment.xlsx] now completed
2019-07-29 16:24:10,783|I|main|[20190729_162348] all execution thread(s) have terminated
2019-07-29 16:24:10,785|I|main|[20190729_162348] test run completed in about 22 seconds
2019-07-29 16:24:10,878|I|main|No predefined nexial-setup found
2019-07-29 16:24:10,909|I|main|outputBase not set; output-to-cloud DISABLED!
2019-07-29 16:24:10,910|I|main|accessKey not set; output-to-cloud DISABLED!
2019-07-29 16:24:10,910|I|main|secretKey not set; output-to-cloud DISABLED!
2019-07-29 16:24:10,911|I|main|generating HTML output for this execution to C:\projects\secondAssignment\output\20190729_162348\execution-output.html
2019-07-29 16:24:11,721|I|main|generating JUnit XML output for this execution to C:\projects\secondAssignment\output\20190729_162348\junit.xml
2019-07-29 16:24:11,777|I|main|generated JUnit report for this execution: C:\projects\secondAssignment\output\20190729_162348\junit.xml
2019-07-29 16:24:11,779|I|main|nexial mailer not enabled: nexial.enableEmail=false
2019-07-29 16:24:11,780|I|main|skipped email notification as configured
2019-07-29 16:24:11,781|I|main|exiting Nexial...
2019-07-29 16:24:11,782|I|main|shutdown starts...
2019-07-29 16:24:11,784|I|main|Shutting down 'chrome' webdriver...
2019-07-29 16:24:21,716|I|main|shutdown ends...
2019-07-29 16:24:21,719|I|main|

/-END OF EXECUTION--------------------------------------------------------------
| » Execution Time: 22 sec.
| » Test Steps....: 10
| » Passed........: 10
| » Failed........: 0
| » Success Rate..: 100.00%
\----------------------------------------------------------nexial-core 2.4_0567-

2019-07-29 16:24:21,721|I|main|ALL PASSED!
2019-07-29 16:24:21,727|I|main|End of Execution:
NEXIAL_OUTPUT:         C:\projects\secondAssignment\output\20190729_162348
NEXIAL_EXECUTION_HTML: C:\projects\secondAssignment\output\20190729_162348\execution-output.html
NEXIAL_JUNIT_XML:      C:\projects\secondAssignment\output\20190729_162348\junit.xml
NEXIAL_SUCCESS_RATE:   100.00%
NEXIAL_EXIT_STATUS:    0
