2019-07-19 14:23:01,503|I|Thread-1|(DELAYED) nexial-core 2.4_0567 starting up...
2019-07-19 14:23:01,506|I|Thread-1|(DELAYED) data file resolved as C:\Users\DEEPAN~1.PAT\AppData\Local\Temp\xdDDr\exampleProject.data.xlsx
2019-07-19 14:23:01,506|I|Thread-1|(DELAYED) input files and output directory resolved...
2019-07-19 14:23:01,506|I|Thread-1|(DELAYED) No predefined nexial-setup found
2019-07-19 14:23:01,506|I|Thread-1|(DELAYED) [20190719_142301] [C:\projects\exampleProject\artifact\script\exampleProject.xlsx] resolve RUN ID as 20190719_142301
2019-07-19 14:23:01,507|I|Thread-1|(DELAYED) [20190719_142301] [C:\projects\exampleProject\artifact\script\exampleProject.xlsx] new thread started
2019-07-19 14:23:01,507|I|Thread-1|No predefined nexial-setup found
2019-07-19 14:23:01,600|I|Thread-1|outputBase not set; output-to-cloud DISABLED!
2019-07-19 14:23:01,601|I|Thread-1|accessKey not set; output-to-cloud DISABLED!
2019-07-19 14:23:01,602|I|Thread-1|secretKey not set; output-to-cloud DISABLED!
2019-07-19 14:23:01,632|I|Thread-1|missing REQUIRED configuration; sms DISABLED!
2019-07-19 14:23:02,406|I|Thread-1|[20190719_142301] executing C:\projects\exampleProject\artifact\script\exampleProject.xlsx with 1 iteration(s)
2019-07-19 14:23:02,410|I|Thread-1|[20190719_142301] create directory C:\projects\exampleProject\output\20190719_142301\captures
2019-07-19 14:23:02,411|I|Thread-1|[20190719_142301] create directory C:\projects\exampleProject\output\20190719_142301\logs
2019-07-19 14:23:03,132|I|Thread-1|[20190719_142301] merging test data to tmp file C:\projects\exampleProject\output\20190719_142301\exampleProject.20190719_142302.001.xlsx
2019-07-19 14:23:03,134|I|Thread-1|refetching data from C:\projects\exampleProject\artifact\data\exampleProject.data.xlsx
2019-07-19 14:23:03,456|I|Thread-1|[20190719_142301] test script and test data merged to C:\projects\exampleProject\output\20190719_142301\exampleProject.20190719_142302.001.xlsx
2019-07-19 14:23:04,042|I|Thread-1|STARTS
2019-07-19 14:23:04,065|I|Thread-1|exampleProject.20190719_142302.001 - executing iteration #1 of 1; Iteration Id 1
2019-07-19 14:23:04,074|I|Thread-1|exampleProject.20190719_142302.001|Scenario - executing test scenario
2019-07-19 14:23:04,076|I|Thread-1|exampleProject.20190719_142302.001|Scenario|Activity 1 - executing activity
2019-07-19 14:23:04,678|I|Thread-1|exampleProject.20190719_142302.001|Scenario|Activity 1|#  5|base.save(var,value) - executing save(var,value)(marks, 100,90,65,55,82,91,12,45,78,43,78)
2019-07-19 14:23:04,686|I|Thread-1|exampleProject.20190719_142302.001|Scenario|Activity 1|#  5|base.save(var,value) - PASS stored '100,90,65,55,82,91,12,45,78,43,78' as ${marks}
2019-07-19 14:23:05,289|I|Thread-1|exampleProject.20190719_142302.001|Scenario|Activity 1|#  6|number.max(var,array) - executing max(var,array)(maxValue, ${marks})
2019-07-19 14:23:05,462|I|Thread-1|exampleProject.20190719_142302.001|Scenario|Activity 1|#  6|number.max(var,array) - PASS max saved to variable 'maxValue' as 100.0
2019-07-19 14:23:06,064|I|Thread-1|exampleProject.20190719_142302.001|Scenario|Activity 1|#  7|base.verbose(text) - executing verbose(text)(Maximum marks are :: ${maxValue})
2019-07-19 14:23:06,071|I|Thread-1|exampleProject.20190719_142302.001|Scenario|Activity 1|#  7|base.verbose(text) - Maximum marks are :: 100.0
2019-07-19 14:23:06,086|I|Thread-1|exampleProject.20190719_142302.001|Scenario|Activity 1|#  7|base.verbose(text) - PASS 
2019-07-19 14:23:06,694|I|Thread-1|exampleProject.20190719_142302.001|Scenario|Activity 1|#  8|number.min(var,array) - executing min(var,array)(minValue, ${marks})
2019-07-19 14:23:06,709|I|Thread-1|exampleProject.20190719_142302.001|Scenario|Activity 1|#  8|number.min(var,array) - PASS min saved to variable 'minValue' as 12.0
2019-07-19 14:23:07,313|I|Thread-1|exampleProject.20190719_142302.001|Scenario|Activity 1|#  9|base.verbose(text) - executing verbose(text)(Minimum marks are :: ${minValue} )
2019-07-19 14:23:07,318|I|Thread-1|exampleProject.20190719_142302.001|Scenario|Activity 1|#  9|base.verbose(text) - Minimum marks are :: 12.0 
2019-07-19 14:23:07,332|I|Thread-1|exampleProject.20190719_142302.001|Scenario|Activity 1|#  9|base.verbose(text) - PASS 
2019-07-19 14:23:07,940|I|Thread-1|exampleProject.20190719_142302.001|Scenario|Activity 1|# 10|number.assertGreater(num1 - executing assertGreater(num1,num2)(${minValue}, 50)
2019-07-19 14:23:07,961|I|Thread-1|exampleProject.20190719_142302.001|Scenario|Activity 1|# 10|number.assertGreater(num1 - FAIL 12.0 is NOT greater than 50
2019-07-19 14:23:08,567|I|Thread-1|exampleProject.20190719_142302.001|Scenario|Activity 1|# 11|number.assertLesser(num1, - executing assertLesser(num1,num2)(${minValue}, 0)
2019-07-19 14:23:08,583|I|Thread-1|exampleProject.20190719_142302.001|Scenario|Activity 1|# 11|number.assertLesser(num1, - FAIL 12.0 is NOT less than 0
2019-07-19 14:23:09,188|I|Thread-1|exampleProject.20190719_142302.001|Scenario|Activity 1|# 12|number.average(var,array) - executing average(var,array)(averageMarks, ${marks})
2019-07-19 14:23:09,235|I|Thread-1|exampleProject.20190719_142302.001|Scenario|Activity 1|# 12|number.average(var,array) - PASS average saved to variable 'averageMarks' as 67.18181818181819
2019-07-19 14:23:09,840|I|Thread-1|exampleProject.20190719_142302.001|Scenario|Activity 1|# 13|base.verbose(text) - executing verbose(text)(Average Marks are :: ${averageMarks})
2019-07-19 14:23:09,846|I|Thread-1|exampleProject.20190719_142302.001|Scenario|Activity 1|# 13|base.verbose(text) - Average Marks are :: 67.18181818181819
2019-07-19 14:23:09,858|I|Thread-1|exampleProject.20190719_142302.001|Scenario|Activity 1|# 13|base.verbose(text) - PASS 
2019-07-19 14:23:10,465|I|Thread-1|exampleProject.20190719_142302.001|Scenario|Activity 1|# 14|number.ceiling(var) - executing ceiling(var)(${averageMarks})
2019-07-19 14:23:10,474|I|Thread-1|exampleProject.20190719_142302.001|Scenario|Activity 1|# 14|number.ceiling(var) - FAIL not valid number: 67.18181818181819
2019-07-19 14:23:11,083|I|Thread-1|exampleProject.20190719_142302.001|Scenario|Activity 1|# 15|base.verbose(text) - executing verbose(text)(Average rounded marks are :: ${averageMarks})
2019-07-19 14:23:11,088|I|Thread-1|exampleProject.20190719_142302.001|Scenario|Activity 1|# 15|base.verbose(text) - Average rounded marks are :: 67.18181818181819
2019-07-19 14:23:11,096|I|Thread-1|exampleProject.20190719_142302.001|Scenario|Activity 1|# 15|base.verbose(text) - PASS 
2019-07-19 14:23:11,356|I|Thread-1|[exampleProject.20190719_142302.001|Scenario] saving test scenario
2019-07-19 14:23:11,450|I|Thread-1|[20190719_142301] 
/-TEST COMPLETE-----------------------------------------------------------------
| Test Output:    C:\projects\exampleProject\output\20190719_142301\exampleProject.20190719_142302.001.xlsx
| Iteration:      1
\-------------------------------------------------------------------------------
» Execution Time: 7383 ms
» Test Steps:     11
» Error(s):       3



2019-07-19 14:23:15,055|I|Thread-1|[20190719_142301] 
/-TEST COMPLETE-----------------------------------------------------------------
| Test Script:    C:\projects\exampleProject\artifact\script\exampleProject.xlsx
\-------------------------------------------------------------------------------
» Execution Time: 13736 ms
» Iterations:     [1] total 1
» Test Steps:     11
» Passed:         8
» Error(s):       3
» Iteration 1 of 1: C:\projects\exampleProject\output\20190719_142301\exampleProject.20190719_142302.001.xlsx



2019-07-19 14:23:15,281|I|main|[20190719_142301] [C:\projects\exampleProject\artifact\script\exampleProject.xlsx] now completed
2019-07-19 14:23:15,283|I|main|[20190719_142301] all execution thread(s) have terminated
2019-07-19 14:23:15,285|I|main|[20190719_142301] test run completed in about 14 seconds
2019-07-19 14:23:15,409|I|main|No predefined nexial-setup found
2019-07-19 14:23:15,450|I|main|outputBase not set; output-to-cloud DISABLED!
2019-07-19 14:23:15,450|I|main|accessKey not set; output-to-cloud DISABLED!
2019-07-19 14:23:15,451|I|main|secretKey not set; output-to-cloud DISABLED!
2019-07-19 14:23:15,452|I|main|generating HTML output for this execution to C:\projects\exampleProject\output\20190719_142301\execution-output.html
2019-07-19 14:23:16,106|I|main|generating JUnit XML output for this execution to C:\projects\exampleProject\output\20190719_142301\junit.xml
2019-07-19 14:23:16,152|I|main|generated JUnit report for this execution: C:\projects\exampleProject\output\20190719_142301\junit.xml
2019-07-19 14:23:16,156|I|main|nexial mailer not enabled: nexial.enableEmail=false
2019-07-19 14:23:16,157|I|main|skipped email notification as configured
2019-07-19 14:23:16,159|I|main|exiting Nexial...
2019-07-19 14:23:16,161|I|main|

/-END OF EXECUTION--------------------------------------------------------------
| » Execution Time: 14 sec.
| » Test Steps....: 11
| » Passed........: 8
| » Failed........: 3
| » Success Rate..: 72.73%
\----------------------------------------------------------nexial-core 2.4_0567-

2019-07-19 14:23:16,163|E|main|failure found; success rate is 72.73%
2019-07-19 14:23:16,166|I|main|End of Execution:
NEXIAL_OUTPUT:         C:\projects\exampleProject\output\20190719_142301
NEXIAL_EXECUTION_HTML: C:\projects\exampleProject\output\20190719_142301\execution-output.html
NEXIAL_JUNIT_XML:      C:\projects\exampleProject\output\20190719_142301\junit.xml
NEXIAL_SUCCESS_RATE:   72.73%
NEXIAL_EXIT_STATUS:    -13
