2019-07-20 17:33:08,179|I|Thread-1|(DELAYED) nexial-core dev_0581 starting up...
2019-07-20 17:33:08,182|I|Thread-1|(DELAYED) data file resolved as C:\Users\DEEPAN~1\AppData\Local\Temp\Ncvhz\firstEvaluation.data.xlsx
2019-07-20 17:33:08,182|I|Thread-1|(DELAYED) input files and output directory resolved...
2019-07-20 17:33:08,182|I|Thread-1|(DELAYED) No predefined nexial-setup found
2019-07-20 17:33:08,182|I|Thread-1|(DELAYED) [20190720_173307] [C:\projects\firstEvaluation\artifact\script\firstEvaluation.xlsx] resolve RUN ID as 20190720_173307
2019-07-20 17:33:08,182|I|Thread-1|(DELAYED) [20190720_173307] [C:\projects\firstEvaluation\artifact\script\firstEvaluation.xlsx] new thread started
2019-07-20 17:33:08,182|I|Thread-1|No predefined nexial-setup found
2019-07-20 17:33:08,245|I|Thread-1|outputBase not set; output-to-cloud DISABLED!
2019-07-20 17:33:08,245|I|Thread-1|accessKey not set; output-to-cloud DISABLED!
2019-07-20 17:33:08,246|I|Thread-1|secretKey not set; output-to-cloud DISABLED!
2019-07-20 17:33:08,269|I|Thread-1|missing REQUIRED configuration; sms DISABLED!
2019-07-20 17:33:09,046|I|Thread-1|[20190720_173307] executing C:\projects\firstEvaluation\artifact\script\firstEvaluation.xlsx with 1 iteration(s)
2019-07-20 17:33:09,050|I|Thread-1|[20190720_173307] create directory C:\projects\firstEvaluation\output\20190720_173307\captures
2019-07-20 17:33:09,051|I|Thread-1|[20190720_173307] create directory C:\projects\firstEvaluation\output\20190720_173307\logs
2019-07-20 17:33:09,378|I|Thread-1|[20190720_173307] merging test data to tmp file C:\projects\firstEvaluation\output\20190720_173307\firstEvaluation.20190720_173309.001.xlsx
2019-07-20 17:33:09,379|I|Thread-1|refetching data from C:\projects\firstEvaluation\artifact\data\firstEvaluation.data.xlsx
2019-07-20 17:33:09,542|I|Thread-1|[20190720_173307] test script and test data merged to C:\projects\firstEvaluation\output\20190720_173307\firstEvaluation.20190720_173309.001.xlsx
2019-07-20 17:33:10,037|I|Thread-1|STARTS
2019-07-20 17:33:10,060|I|Thread-1|firstEvaluation.20190720_173309.001 - executing iteration #1 of 1; Iteration Id 1
2019-07-20 17:33:10,069|I|Thread-1|firstEvaluation.20190720_173309.001|JsonScenario - executing test scenario
2019-07-20 17:33:10,070|I|Thread-1|firstEvaluation.20190720_173309.001|JsonScenario|Activity 1 - executing activity
2019-07-20 17:33:10,679|I|Thread-1|firstEvaluation.20190720_173309.001|JsonScenario|Activity 1|#  5|json.storeValues(json,jso - executing storeValues(json,jsonpath,var)($(syspath|data|fullpath)/example_2.json, products[supplier=Wisozk Inc].product_name, productNames)
2019-07-20 17:33:10,760|I|Thread-1|firstEvaluation.20190720_173309.001|JsonScenario|Activity 1|#  5|json.storeValues(json,jso - PASS EXPECTED match against 'products[supplier=Wisozk Inc].product_name' stored to ${productNames}
2019-07-20 17:33:11,362|I|Thread-1|firstEvaluation.20190720_173309.001|JsonScenario|Activity 1|#  6|base.verbose(text) - executing verbose(text)(${productNames})
2019-07-20 17:33:11,364|I|Thread-1|firstEvaluation.20190720_173309.001|JsonScenario|Activity 1|#  6|base.verbose(text) - ["sildenafil citrate","Mountain Juniperus ashei"]
2019-07-20 17:33:11,508|I|Thread-1|firstEvaluation.20190720_173309.001|JsonScenario|Activity 1|#  6|base.verbose(text) - PASS 
2019-07-20 17:33:11,510|I|Thread-1|firstEvaluation.20190720_173309.001|JsonScenario|Activity 2 - executing activity
2019-07-20 17:33:12,111|I|Thread-1|firstEvaluation.20190720_173309.001|JsonScenario|Activity 2|#  7|json.storeValues(json,jso - executing storeValues(json,jsonpath,var)($(syspath|data|fullpath)/example_2.json, products[supplier=Wisozk Inc].quantity, quantityList)
2019-07-20 17:33:12,115|I|Thread-1|firstEvaluation.20190720_173309.001|JsonScenario|Activity 2|#  7|json.storeValues(json,jso - PASS EXPECTED match against 'products[supplier=Wisozk Inc].quantity' stored to ${quantityList}
2019-07-20 17:33:12,717|I|Thread-1|firstEvaluation.20190720_173309.001|JsonScenario|Activity 2|#  8|json.storeValues(json,jso - executing storeValues(json,jsonpath,var)($(syspath|data|fullpath)/example_2.json, products[supplier=Wisozk Inc].unit_cost, costList)
2019-07-20 17:33:12,721|I|Thread-1|firstEvaluation.20190720_173309.001|JsonScenario|Activity 2|#  8|json.storeValues(json,jso - PASS EXPECTED match against 'products[supplier=Wisozk Inc].unit_cost' stored to ${costList}
2019-07-20 17:33:13,322|I|Thread-1|firstEvaluation.20190720_173309.001|JsonScenario|Activity 2|#  9|base.save(var,value) - executing save(var,value)(unit_costList, [LIST${costList} => replaceRegex([$],)])
2019-07-20 17:33:13,325|I|Thread-1|firstEvaluation.20190720_173309.001|JsonScenario|Activity 2|#  9|base.save(var,value) - PASS stored '[LIST["$10.47","$8.74"] => replaceRegex([$],)]' as ${unit_costList}
2019-07-20 17:33:13,927|I|Thread-1|firstEvaluation.20190720_173309.001|JsonScenario|Activity 2|# 10|base.verbose(text) - executing verbose(text)(${unit_costList})
2019-07-20 17:33:13,928|I|Thread-1|firstEvaluation.20190720_173309.001|JsonScenario|Activity 2|# 10|base.verbose(text) - [LIST["$10.47","$8.74"] => replaceRegex([$],)]
2019-07-20 17:33:13,930|I|Thread-1|firstEvaluation.20190720_173309.001|JsonScenario|Activity 2|# 10|base.verbose(text) - PASS 
2019-07-20 17:33:14,532|I|Thread-1|firstEvaluation.20190720_173309.001|JsonScenario|Activity 2|# 11|base.save(var,value) - executing save(var,value)(sumTotal, 0)
2019-07-20 17:33:14,534|I|Thread-1|firstEvaluation.20190720_173309.001|JsonScenario|Activity 2|# 11|base.save(var,value) - PASS stored '0' as ${sumTotal}
2019-07-20 17:33:15,135|I|Thread-1|firstEvaluation.20190720_173309.001|JsonScenario|Activity 2|# 12|base.save(var,value) - executing save(var,value)(counter, 0)
2019-07-20 17:33:15,137|I|Thread-1|firstEvaluation.20190720_173309.001|JsonScenario|Activity 2|# 12|base.save(var,value) - PASS stored '0' as ${counter}
2019-07-20 17:33:15,738|I|Thread-1|firstEvaluation.20190720_173309.001|JsonScenario|Activity 2|# 13|base.save(var,value) - executing save(var,value)(length, $(array|length|${quantityList}))
2019-07-20 17:33:15,745|I|Thread-1|firstEvaluation.20190720_173309.001|JsonScenario|Activity 2|# 13|base.save(var,value) - PASS stored '2' as ${length}
2019-07-20 17:33:16,347|I|Thread-1|firstEvaluation.20190720_173309.001|JsonScenario|Activity 2|# 14|base.save(var,value) - executing save(var,value)(mulValue, 0)
2019-07-20 17:33:16,348|I|Thread-1|firstEvaluation.20190720_173309.001|JsonScenario|Activity 2|# 14|base.save(var,value) - PASS stored '0' as ${mulValue}
2019-07-20 17:33:16,951|I|Thread-1|firstEvaluation.20190720_173309.001|JsonScenario|Activity 2|# 15|base.verbose(text) - executing verbose(text)(${unit_costList})
2019-07-20 17:33:16,954|I|Thread-1|firstEvaluation.20190720_173309.001|JsonScenario|Activity 2|# 15|base.verbose(text) - [LIST["$10.47","$8.74"] => replaceRegex([$],)]
2019-07-20 17:33:16,959|I|Thread-1|firstEvaluation.20190720_173309.001|JsonScenario|Activity 2|# 15|base.verbose(text) - PASS 
2019-07-20 17:33:17,560|I|Thread-1|firstEvaluation.20190720_173309.001|JsonScenario|Activity 2|# 16|base.repeatUntil(steps,ma - executing repeatUntil(steps,maxWaitMs)(6, -1)
2019-07-20 17:33:17,562|I|Thread-1|firstEvaluation.20190720_173309.001|JsonScenario|Activity 2|# 17|base.assertEqual(expected - 
<[repeat-until] entering loop #1 --------------------------------------------->
2019-07-20 17:33:17,563|I|Thread-1|firstEvaluation.20190720_173309.001|JsonScenario|Activity 2|# 17|base.assertEqual(expected - executing assertEqual(expected,actual)(${length}, ${counter})
2019-07-20 17:33:17,566|I|Thread-1|firstEvaluation.20190720_173309.001|JsonScenario|Activity 2|# 18|base.save(var,value) - executing save(var,value)(unit_cost, $(array|item|${unit_costList}|${counter}))
2019-07-20 17:33:17,567|I|Thread-1|firstEvaluation.20190720_173309.001|JsonScenario|Activity 2|# 18|base.save(var,value) - [repeat-until] PASS stored '"$10.47"' as ${unit_cost}
2019-07-20 17:33:17,568|I|Thread-1|firstEvaluation.20190720_173309.001|JsonScenario|Activity 2|# 19|base.save(var,value) - executing save(var,value)(quantity, $(array|item|${quantityList}|${counter}))
2019-07-20 17:33:17,570|I|Thread-1|firstEvaluation.20190720_173309.001|JsonScenario|Activity 2|# 19|base.save(var,value) - [repeat-until] PASS stored '261' as ${quantity}
2019-07-20 17:33:17,577|I|Thread-1|firstEvaluation.20190720_173309.001|JsonScenario|Activity 2|# 20|base.save(var,value) - executing save(var,value)(mulValue, [NUMBER(${unit_cost}) => multiply(${quantity})])
2019-07-20 17:33:17,595|I|Thread-1|firstEvaluation.20190720_173309.001|JsonScenario|Activity 2|# 20|base.save(var,value) - [repeat-until] PASS stored '2732.67' as ${mulValue}
2019-07-20 17:33:17,596|I|Thread-1|firstEvaluation.20190720_173309.001|JsonScenario|Activity 2|# 21|base.save(var,value) - executing save(var,value)(sumTotal, [NUMBER(${sumTotal}) => add(${mulValue})])
2019-07-20 17:33:17,606|I|Thread-1|firstEvaluation.20190720_173309.001|JsonScenario|Activity 2|# 21|base.save(var,value) - [repeat-until] PASS stored '2732.67' as ${sumTotal}
2019-07-20 17:33:17,607|I|Thread-1|firstEvaluation.20190720_173309.001|JsonScenario|Activity 2|# 22|number.increment(var,amou - executing increment(var,amount)(counter, 1)
2019-07-20 17:33:17,621|I|Thread-1|firstEvaluation.20190720_173309.001|JsonScenario|Activity 2|# 22|number.increment(var,amou - [repeat-until] PASS incremented ${counter} by 1 to 1
2019-07-20 17:33:17,622|I|Thread-1|firstEvaluation.20190720_173309.001|JsonScenario|Activity 2|# 17|base.assertEqual(expected - 
<[repeat-until] entering loop #2 --------------------------------------------->
2019-07-20 17:33:17,628|I|Thread-1|firstEvaluation.20190720_173309.001|JsonScenario|Activity 2|# 17|base.assertEqual(expected - executing assertEqual(expected,actual)(${length}, ${counter})
2019-07-20 17:33:17,629|I|Thread-1|firstEvaluation.20190720_173309.001|JsonScenario|Activity 2|# 18|base.save(var,value) - executing save(var,value)(unit_cost, $(array|item|${unit_costList}|${counter}))
2019-07-20 17:33:17,638|I|Thread-1|firstEvaluation.20190720_173309.001|JsonScenario|Activity 2|# 18|base.save(var,value) - [repeat-until] PASS stored '"$8.74"' as ${unit_cost}
2019-07-20 17:33:17,640|I|Thread-1|firstEvaluation.20190720_173309.001|JsonScenario|Activity 2|# 19|base.save(var,value) - executing save(var,value)(quantity, $(array|item|${quantityList}|${counter}))
2019-07-20 17:33:17,641|I|Thread-1|firstEvaluation.20190720_173309.001|JsonScenario|Activity 2|# 19|base.save(var,value) - [repeat-until] PASS stored '292' as ${quantity}
2019-07-20 17:33:17,643|I|Thread-1|firstEvaluation.20190720_173309.001|JsonScenario|Activity 2|# 20|base.save(var,value) - executing save(var,value)(mulValue, [NUMBER(${unit_cost}) => multiply(${quantity})])
2019-07-20 17:33:17,646|I|Thread-1|firstEvaluation.20190720_173309.001|JsonScenario|Activity 2|# 20|base.save(var,value) - [repeat-until] PASS stored '2552.08' as ${mulValue}
2019-07-20 17:33:17,654|I|Thread-1|firstEvaluation.20190720_173309.001|JsonScenario|Activity 2|# 21|base.save(var,value) - executing save(var,value)(sumTotal, [NUMBER(${sumTotal}) => add(${mulValue})])
2019-07-20 17:33:17,656|I|Thread-1|firstEvaluation.20190720_173309.001|JsonScenario|Activity 2|# 21|base.save(var,value) - [repeat-until] PASS stored '5284.75' as ${sumTotal}
2019-07-20 17:33:17,660|I|Thread-1|firstEvaluation.20190720_173309.001|JsonScenario|Activity 2|# 22|number.increment(var,amou - executing increment(var,amount)(counter, 1)
2019-07-20 17:33:17,666|I|Thread-1|firstEvaluation.20190720_173309.001|JsonScenario|Activity 2|# 22|number.increment(var,amou - [repeat-until] PASS incremented ${counter} by 1 to 2
2019-07-20 17:33:17,670|I|Thread-1|firstEvaluation.20190720_173309.001|JsonScenario|Activity 2|# 17|base.assertEqual(expected - 
<[repeat-until] entering loop #3 --------------------------------------------->
2019-07-20 17:33:17,674|I|Thread-1|firstEvaluation.20190720_173309.001|JsonScenario|Activity 2|# 17|base.assertEqual(expected - executing assertEqual(expected,actual)(${length}, ${counter})
2019-07-20 17:33:17,676|I|Thread-1|firstEvaluation.20190720_173309.001|JsonScenario|Activity 2|# 16|base.repeatUntil(steps,ma - PASS repeat-until execution completed
2019-07-20 17:33:18,278|I|Thread-1|firstEvaluation.20190720_173309.001|JsonScenario|Activity 2|# 23|base.verbose(text) - executing verbose(text)(${sumTotal})
2019-07-20 17:33:18,285|I|Thread-1|firstEvaluation.20190720_173309.001|JsonScenario|Activity 2|# 23|base.verbose(text) - 5284.75
2019-07-20 17:33:18,287|I|Thread-1|firstEvaluation.20190720_173309.001|JsonScenario|Activity 2|# 23|base.verbose(text) - PASS 
2019-07-20 17:33:18,291|I|Thread-1|firstEvaluation.20190720_173309.001|JsonScenario|Activity 3 - executing activity
2019-07-20 17:33:18,892|I|Thread-1|firstEvaluation.20190720_173309.001|JsonScenario|Activity 3|# 24|base.save(var,value) - executing save(var,value)(jsonFile, $(syspath|data|fullpath)/example_2.json)
2019-07-20 17:33:18,895|I|Thread-1|firstEvaluation.20190720_173309.001|JsonScenario|Activity 3|# 24|base.save(var,value) - PASS stored 'C:\projects\firstEvaluation\artifact\data\example_2.json' as ${jsonFile}
2019-07-20 17:33:19,496|I|Thread-1|firstEvaluation.20190720_173309.001|JsonScenario|Activity 3|# 25|base.save(var,value) - executing save(var,value)(var, [JSON(${jsonFile} => extract(products[unit_cost => ascending])])
2019-07-20 17:33:19,499|I|Thread-1|firstEvaluation.20190720_173309.001|JsonScenario|Activity 3|# 25|base.save(var,value) - PASS stored '[JSON(C:\projects\firstEvaluation\artifact\data\example_2.json => extract(products[unit_cost => ascending])]' as ${var}
2019-07-20 17:33:20,100|I|Thread-1|firstEvaluation.20190720_173309.001|JsonScenario|Activity 3|# 26|json.storeValues(json,jso - executing storeValues(json,jsonpath,var)(var, products.product_name, result)
2019-07-20 17:33:20,104|E|Thread-1|Error converting string to JSON object: A JSONObject text must begin with '{' at 1 [character 2 line 1]
org.json.JSONException: A JSONObject text must begin with '{' at 1 [character 2 line 1]
	at org.json.JSONTokener.syntaxError(JSONTokener.java:505)
	at org.json.JSONObject.<init>(JSONObject.java:214)
	at org.json.JSONObject.<init>(JSONObject.java:357)
	at org.nexial.core.utils.JsonUtils.toJSONObject(JsonUtils.java:75)
	at org.nexial.core.plugins.json.JsonCommand.resolveToJSONObject(JsonCommand.java:323)
	at org.nexial.core.plugins.json.JsonCommand.toJSONObject(JsonCommand.java:441)
	at org.nexial.core.plugins.json.JsonCommand.sanityCheck(JsonCommand.java:445)
	at org.nexial.core.plugins.json.JsonCommand.find(JsonCommand.java:449)
	at org.nexial.core.plugins.json.JsonCommand.extractJsonValue(JsonCommand.java:384)
	at org.nexial.core.plugins.json.JsonCommand.storeValues(JsonCommand.java:123)
	at sun.reflect.NativeMethodAccessorImpl.invoke0(Native Method)
	at sun.reflect.NativeMethodAccessorImpl.invoke(Unknown Source)
	at sun.reflect.DelegatingMethodAccessorImpl.invoke(Unknown Source)
	at java.lang.reflect.Method.invoke(Unknown Source)
	at org.nexial.core.plugins.base.BaseCommand.execute(BaseCommand.java:156)
	at org.nexial.core.model.TestStep.invokeCommand(TestStep.java:327)
	at org.nexial.core.model.TestStep.execute(TestStep.java:169)
	at org.nexial.core.model.TestCase.execute(TestCase.java:94)
	at org.nexial.core.model.TestScenario.execute(TestScenario.java:130)
	at org.nexial.core.model.ExecutionContext.execute(ExecutionContext.java:1184)
	at org.nexial.core.ExecutionThread.run(ExecutionThread.java:174)
2019-07-20 17:33:20,124|E|Thread-1|JSON string in error is as follows:
var
2019-07-20 17:33:20,129|E|Thread-1|firstEvaluation.20190720_173309.001|JsonScenario|Activity 3|# 26|json.storeValues(json,jso - FAIL EXPECTED match against 'products.product_name' was not found
2019-07-20 17:33:20,736|I|Thread-1|firstEvaluation.20190720_173309.001|JsonScenario|Activity 3|# 27|base.verbose(text) - executing verbose(text)(result)
2019-07-20 17:33:20,738|I|Thread-1|firstEvaluation.20190720_173309.001|JsonScenario|Activity 3|# 27|base.verbose(text) - result
2019-07-20 17:33:20,740|I|Thread-1|firstEvaluation.20190720_173309.001|JsonScenario|Activity 3|# 27|base.verbose(text) - PASS 
2019-07-20 17:33:20,741|I|Thread-1|firstEvaluation.20190720_173309.001|JsonScenario|Activity 4 - executing activity
2019-07-20 17:33:21,342|I|Thread-1|firstEvaluation.20190720_173309.001|JsonScenario|Activity 4|# 28|json.storeValues(json,jso - executing storeValues(json,jsonpath,var)($(syspath|data|fullpath)/example_2.json, products[product_name = Dextromathorphan HBr].supplier, supplierList)
2019-07-20 17:33:21,347|E|Thread-1|firstEvaluation.20190720_173309.001|JsonScenario|Activity 4|# 28|json.storeValues(json,jso - FAIL EXPECTED match against 'products[product_name = Dextromathorphan HBr].supplier' was not found
2019-07-20 17:33:21,949|I|Thread-1|firstEvaluation.20190720_173309.001|JsonScenario|Activity 4|# 29|base.verbose(text) - executing verbose(text)(${supplierList})
2019-07-20 17:33:21,950|I|Thread-1|firstEvaluation.20190720_173309.001|JsonScenario|Activity 4|# 29|base.verbose(text) - 
2019-07-20 17:33:21,951|I|Thread-1|firstEvaluation.20190720_173309.001|JsonScenario|Activity 4|# 29|base.verbose(text) - PASS 
2019-07-20 17:33:22,171|I|Thread-1|[firstEvaluation.20190720_173309.001|JsonScenario] saving test scenario
2019-07-20 17:33:22,250|I|Thread-1|[20190720_173307] 
/-TEST COMPLETE-----------------------------------------------------------------
| Test Output:    C:\projects\firstEvaluation\output\20190720_173307\firstEvaluation.20190720_173309.001.xlsx
| Iteration:      1
\-------------------------------------------------------------------------------
» Execution Time: 12183 ms
» Test Steps:     19
» Error(s):       2



2019-07-20 17:33:24,134|I|Thread-1|[20190720_173307] 
/-TEST COMPLETE-----------------------------------------------------------------
| Test Script:    C:\projects\firstEvaluation\artifact\script\firstEvaluation.xlsx
\-------------------------------------------------------------------------------
» Execution Time: 16101 ms
» Iterations:     [1] total 1
» Test Steps:     19
» Passed:         17
» Error(s):       2
» Iteration 1 of 1: C:\projects\firstEvaluation\output\20190720_173307\firstEvaluation.20190720_173309.001.xlsx



2019-07-20 17:33:24,982|I|main|[20190720_173307] [C:\projects\firstEvaluation\artifact\script\firstEvaluation.xlsx] now completed
2019-07-20 17:33:24,982|I|main|[20190720_173307] all execution thread(s) have terminated
2019-07-20 17:33:24,983|I|main|[20190720_173307] test run completed in about 17 seconds
2019-07-20 17:33:25,033|I|main|No predefined nexial-setup found
2019-07-20 17:33:25,058|I|main|outputBase not set; output-to-cloud DISABLED!
2019-07-20 17:33:25,059|I|main|accessKey not set; output-to-cloud DISABLED!
2019-07-20 17:33:25,059|I|main|secretKey not set; output-to-cloud DISABLED!
2019-07-20 17:33:25,060|I|main|generating HTML output for this execution to C:\projects\firstEvaluation\output\20190720_173307\execution-output.html
2019-07-20 17:33:25,653|I|main|generating JUnit XML output for this execution to C:\projects\firstEvaluation\output\20190720_173307\junit.xml
2019-07-20 17:33:25,700|I|main|generated JUnit report for this execution: C:\projects\firstEvaluation\output\20190720_173307\junit.xml
2019-07-20 17:33:25,733|I|main|nexial mailer not enabled: nexial.enableEmail=false
2019-07-20 17:33:25,734|I|main|skipped email notification as configured
2019-07-20 17:33:25,736|I|main|exiting Nexial...
2019-07-20 17:33:25,737|I|main|

/-END OF EXECUTION--------------------------------------------------------------
| » Execution Time: 17 sec.
| » Test Steps....: 19
| » Passed........: 17
| » Failed........: 2
| » Success Rate..: 89.47%
\----------------------------------------------------------nexial-core dev_0581-

2019-07-20 17:33:25,738|E|main|failure found; success rate is 89.47%
2019-07-20 17:33:25,740|I|main|End of Execution:
NEXIAL_OUTPUT:         C:\projects\firstEvaluation\output\20190720_173307
NEXIAL_EXECUTION_HTML: C:\projects\firstEvaluation\output\20190720_173307\execution-output.html
NEXIAL_JUNIT_XML:      C:\projects\firstEvaluation\output\20190720_173307\junit.xml
NEXIAL_SUCCESS_RATE:   89.47%
NEXIAL_EXIT_STATUS:    -13
