2019-07-22 13:24:35,921|I|Thread-1|(DELAYED) nexial-core dev_0581 starting up...
2019-07-22 13:24:35,924|I|Thread-1|(DELAYED) data file resolved as C:\Users\DEEPAN~1\AppData\Local\Temp\dlTFX\firstEvaluation.data.xlsx
2019-07-22 13:24:35,924|I|Thread-1|(DELAYED) input files and output directory resolved...
2019-07-22 13:24:35,924|I|Thread-1|(DELAYED) No predefined nexial-setup found
2019-07-22 13:24:35,924|I|Thread-1|(DELAYED) [20190722_132435] [C:\projects\firstEvaluation\artifact\script\firstEvaluation.xlsx] resolve RUN ID as 20190722_132435
2019-07-22 13:24:35,924|I|Thread-1|(DELAYED) [20190722_132435] [C:\projects\firstEvaluation\artifact\script\firstEvaluation.xlsx] new thread started
2019-07-22 13:24:35,924|I|Thread-1|No predefined nexial-setup found
2019-07-22 13:24:35,977|I|Thread-1|outputBase not set; output-to-cloud DISABLED!
2019-07-22 13:24:35,977|I|Thread-1|accessKey not set; output-to-cloud DISABLED!
2019-07-22 13:24:35,978|I|Thread-1|secretKey not set; output-to-cloud DISABLED!
2019-07-22 13:24:35,996|I|Thread-1|missing REQUIRED configuration; sms DISABLED!
2019-07-22 13:24:36,690|I|Thread-1|[20190722_132435] executing C:\projects\firstEvaluation\artifact\script\firstEvaluation.xlsx with 1 iteration(s)
2019-07-22 13:24:36,694|I|Thread-1|[20190722_132435] create directory C:\projects\firstEvaluation\output\20190722_132435\captures
2019-07-22 13:24:36,694|I|Thread-1|[20190722_132435] create directory C:\projects\firstEvaluation\output\20190722_132435\logs
2019-07-22 13:24:37,042|I|Thread-1|[20190722_132435] merging test data to tmp file C:\projects\firstEvaluation\output\20190722_132435\firstEvaluation.20190722_132436.001.xlsx
2019-07-22 13:24:37,042|I|Thread-1|refetching data from C:\projects\firstEvaluation\artifact\data\firstEvaluation.data.xlsx
2019-07-22 13:24:37,197|I|Thread-1|[20190722_132435] test script and test data merged to C:\projects\firstEvaluation\output\20190722_132435\firstEvaluation.20190722_132436.001.xlsx
2019-07-22 13:24:37,748|I|Thread-1|STARTS
2019-07-22 13:24:37,776|I|Thread-1|firstEvaluation.20190722_132436.001 - executing iteration #1 of 1; Iteration Id 1
2019-07-22 13:24:37,782|I|Thread-1|firstEvaluation.20190722_132436.001|JsonScenario - executing test scenario
2019-07-22 13:24:37,782|I|Thread-1|firstEvaluation.20190722_132436.001|JsonScenario|Activity 1 - executing activity
2019-07-22 13:24:38,384|I|Thread-1|firstEvaluation.20190722_132436.001|JsonScenario|Activity 1|#  5|json.storeValues(json,jso - executing storeValues(json,jsonpath,var)($(syspath|data|fullpath)/example_2.json, products[supplier=Wisozk Inc].product_name, productNames)
2019-07-22 13:24:38,459|I|Thread-1|firstEvaluation.20190722_132436.001|JsonScenario|Activity 1|#  5|json.storeValues(json,jso - PASS EXPECTED match against 'products[supplier=Wisozk Inc].product_name' stored to ${productNames}
2019-07-22 13:24:39,061|I|Thread-1|firstEvaluation.20190722_132436.001|JsonScenario|Activity 1|#  6|base.verbose(text) - executing verbose(text)(${productNames})
2019-07-22 13:24:39,061|I|Thread-1|firstEvaluation.20190722_132436.001|JsonScenario|Activity 1|#  6|base.verbose(text) - ["sildenafil citrate","Mountain Juniperus ashei"]
2019-07-22 13:24:39,197|I|Thread-1|firstEvaluation.20190722_132436.001|JsonScenario|Activity 1|#  6|base.verbose(text) - PASS 
2019-07-22 13:24:39,199|I|Thread-1|firstEvaluation.20190722_132436.001|JsonScenario|Activity 2 - executing activity
2019-07-22 13:24:39,799|I|Thread-1|firstEvaluation.20190722_132436.001|JsonScenario|Activity 2|#  7|json.storeValues(json,jso - executing storeValues(json,jsonpath,var)($(syspath|data|fullpath)/example_2.json, products[supplier=Wisozk Inc].quantity, quantityList)
2019-07-22 13:24:39,803|I|Thread-1|firstEvaluation.20190722_132436.001|JsonScenario|Activity 2|#  7|json.storeValues(json,jso - PASS EXPECTED match against 'products[supplier=Wisozk Inc].quantity' stored to ${quantityList}
2019-07-22 13:24:40,404|I|Thread-1|firstEvaluation.20190722_132436.001|JsonScenario|Activity 2|#  8|json.storeValues(json,jso - executing storeValues(json,jsonpath,var)($(syspath|data|fullpath)/example_2.json, products[supplier=Wisozk Inc].unit_cost, costList)
2019-07-22 13:24:40,407|I|Thread-1|firstEvaluation.20190722_132436.001|JsonScenario|Activity 2|#  8|json.storeValues(json,jso - PASS EXPECTED match against 'products[supplier=Wisozk Inc].unit_cost' stored to ${costList}
2019-07-22 13:24:41,007|I|Thread-1|firstEvaluation.20190722_132436.001|JsonScenario|Activity 2|#  9|base.save(var,value) - executing save(var,value)(unit_costList, [LIST${costList} => replaceRegex([$],)])
2019-07-22 13:24:41,010|I|Thread-1|firstEvaluation.20190722_132436.001|JsonScenario|Activity 2|#  9|base.save(var,value) - PASS stored '[LIST["$10.47","$8.74"] => replaceRegex([$],)]' as ${unit_costList}
2019-07-22 13:24:41,612|I|Thread-1|firstEvaluation.20190722_132436.001|JsonScenario|Activity 2|# 10|base.verbose(text) - executing verbose(text)(${unit_costList})
2019-07-22 13:24:41,614|I|Thread-1|firstEvaluation.20190722_132436.001|JsonScenario|Activity 2|# 10|base.verbose(text) - [LIST["$10.47","$8.74"] => replaceRegex([$],)]
2019-07-22 13:24:41,615|I|Thread-1|firstEvaluation.20190722_132436.001|JsonScenario|Activity 2|# 10|base.verbose(text) - PASS 
2019-07-22 13:24:42,217|I|Thread-1|firstEvaluation.20190722_132436.001|JsonScenario|Activity 2|# 11|base.save(var,value) - executing save(var,value)(sumTotal, 0)
2019-07-22 13:24:42,218|I|Thread-1|firstEvaluation.20190722_132436.001|JsonScenario|Activity 2|# 11|base.save(var,value) - PASS stored '0' as ${sumTotal}
2019-07-22 13:24:42,820|I|Thread-1|firstEvaluation.20190722_132436.001|JsonScenario|Activity 2|# 12|base.save(var,value) - executing save(var,value)(counter, 0)
2019-07-22 13:24:42,822|I|Thread-1|firstEvaluation.20190722_132436.001|JsonScenario|Activity 2|# 12|base.save(var,value) - PASS stored '0' as ${counter}
2019-07-22 13:24:43,423|I|Thread-1|firstEvaluation.20190722_132436.001|JsonScenario|Activity 2|# 13|base.save(var,value) - executing save(var,value)(length, $(array|length|${quantityList}))
2019-07-22 13:24:43,425|I|Thread-1|firstEvaluation.20190722_132436.001|JsonScenario|Activity 2|# 13|base.save(var,value) - PASS stored '2' as ${length}
2019-07-22 13:24:44,027|I|Thread-1|firstEvaluation.20190722_132436.001|JsonScenario|Activity 2|# 14|base.save(var,value) - executing save(var,value)(mulValue, 0)
2019-07-22 13:24:44,028|I|Thread-1|firstEvaluation.20190722_132436.001|JsonScenario|Activity 2|# 14|base.save(var,value) - PASS stored '0' as ${mulValue}
2019-07-22 13:24:44,629|I|Thread-1|firstEvaluation.20190722_132436.001|JsonScenario|Activity 2|# 15|base.verbose(text) - executing verbose(text)(${unit_costList})
2019-07-22 13:24:44,630|I|Thread-1|firstEvaluation.20190722_132436.001|JsonScenario|Activity 2|# 15|base.verbose(text) - [LIST["$10.47","$8.74"] => replaceRegex([$],)]
2019-07-22 13:24:44,632|I|Thread-1|firstEvaluation.20190722_132436.001|JsonScenario|Activity 2|# 15|base.verbose(text) - PASS 
2019-07-22 13:24:45,233|I|Thread-1|firstEvaluation.20190722_132436.001|JsonScenario|Activity 2|# 16|base.repeatUntil(steps,ma - executing repeatUntil(steps,maxWaitMs)(6, -1)
2019-07-22 13:24:45,234|I|Thread-1|firstEvaluation.20190722_132436.001|JsonScenario|Activity 2|# 17|base.assertEqual(expected - 
<[repeat-until] entering loop #1 --------------------------------------------->
2019-07-22 13:24:45,234|I|Thread-1|firstEvaluation.20190722_132436.001|JsonScenario|Activity 2|# 17|base.assertEqual(expected - executing assertEqual(expected,actual)(${length}, ${counter})
2019-07-22 13:24:45,235|I|Thread-1|firstEvaluation.20190722_132436.001|JsonScenario|Activity 2|# 18|base.save(var,value) - executing save(var,value)(unit_cost, $(array|item|${unit_costList}|${counter}))
2019-07-22 13:24:45,236|I|Thread-1|firstEvaluation.20190722_132436.001|JsonScenario|Activity 2|# 18|base.save(var,value) - [repeat-until] PASS stored '"$10.47"' as ${unit_cost}
2019-07-22 13:24:45,237|I|Thread-1|firstEvaluation.20190722_132436.001|JsonScenario|Activity 2|# 19|base.save(var,value) - executing save(var,value)(quantity, $(array|item|${quantityList}|${counter}))
2019-07-22 13:24:45,238|I|Thread-1|firstEvaluation.20190722_132436.001|JsonScenario|Activity 2|# 19|base.save(var,value) - [repeat-until] PASS stored '261' as ${quantity}
2019-07-22 13:24:45,239|I|Thread-1|firstEvaluation.20190722_132436.001|JsonScenario|Activity 2|# 20|base.save(var,value) - executing save(var,value)(mulValue, [NUMBER(${unit_cost}) => multiply(${quantity})])
2019-07-22 13:24:45,253|I|Thread-1|firstEvaluation.20190722_132436.001|JsonScenario|Activity 2|# 20|base.save(var,value) - [repeat-until] PASS stored '2732.67' as ${mulValue}
2019-07-22 13:24:45,254|I|Thread-1|firstEvaluation.20190722_132436.001|JsonScenario|Activity 2|# 21|base.save(var,value) - executing save(var,value)(sumTotal, [NUMBER(${sumTotal}) => add(${mulValue})])
2019-07-22 13:24:45,257|I|Thread-1|firstEvaluation.20190722_132436.001|JsonScenario|Activity 2|# 21|base.save(var,value) - [repeat-until] PASS stored '2732.67' as ${sumTotal}
2019-07-22 13:24:45,258|I|Thread-1|firstEvaluation.20190722_132436.001|JsonScenario|Activity 2|# 22|number.increment(var,amou - executing increment(var,amount)(counter, 1)
2019-07-22 13:24:45,259|I|Thread-1|firstEvaluation.20190722_132436.001|JsonScenario|Activity 2|# 22|number.increment(var,amou - [repeat-until] PASS incremented ${counter} by 1 to 1
2019-07-22 13:24:45,260|I|Thread-1|firstEvaluation.20190722_132436.001|JsonScenario|Activity 2|# 17|base.assertEqual(expected - 
<[repeat-until] entering loop #2 --------------------------------------------->
2019-07-22 13:24:45,261|I|Thread-1|firstEvaluation.20190722_132436.001|JsonScenario|Activity 2|# 17|base.assertEqual(expected - executing assertEqual(expected,actual)(${length}, ${counter})
2019-07-22 13:24:45,262|I|Thread-1|firstEvaluation.20190722_132436.001|JsonScenario|Activity 2|# 18|base.save(var,value) - executing save(var,value)(unit_cost, $(array|item|${unit_costList}|${counter}))
2019-07-22 13:24:45,263|I|Thread-1|firstEvaluation.20190722_132436.001|JsonScenario|Activity 2|# 18|base.save(var,value) - [repeat-until] PASS stored '"$8.74"' as ${unit_cost}
2019-07-22 13:24:45,265|I|Thread-1|firstEvaluation.20190722_132436.001|JsonScenario|Activity 2|# 19|base.save(var,value) - executing save(var,value)(quantity, $(array|item|${quantityList}|${counter}))
2019-07-22 13:24:45,273|I|Thread-1|firstEvaluation.20190722_132436.001|JsonScenario|Activity 2|# 19|base.save(var,value) - [repeat-until] PASS stored '292' as ${quantity}
2019-07-22 13:24:45,273|I|Thread-1|firstEvaluation.20190722_132436.001|JsonScenario|Activity 2|# 20|base.save(var,value) - executing save(var,value)(mulValue, [NUMBER(${unit_cost}) => multiply(${quantity})])
2019-07-22 13:24:45,274|I|Thread-1|firstEvaluation.20190722_132436.001|JsonScenario|Activity 2|# 20|base.save(var,value) - [repeat-until] PASS stored '2552.08' as ${mulValue}
2019-07-22 13:24:45,275|I|Thread-1|firstEvaluation.20190722_132436.001|JsonScenario|Activity 2|# 21|base.save(var,value) - executing save(var,value)(sumTotal, [NUMBER(${sumTotal}) => add(${mulValue})])
2019-07-22 13:24:45,276|I|Thread-1|firstEvaluation.20190722_132436.001|JsonScenario|Activity 2|# 21|base.save(var,value) - [repeat-until] PASS stored '5284.75' as ${sumTotal}
2019-07-22 13:24:45,276|I|Thread-1|firstEvaluation.20190722_132436.001|JsonScenario|Activity 2|# 22|number.increment(var,amou - executing increment(var,amount)(counter, 1)
2019-07-22 13:24:45,277|I|Thread-1|firstEvaluation.20190722_132436.001|JsonScenario|Activity 2|# 22|number.increment(var,amou - [repeat-until] PASS incremented ${counter} by 1 to 2
2019-07-22 13:24:45,278|I|Thread-1|firstEvaluation.20190722_132436.001|JsonScenario|Activity 2|# 17|base.assertEqual(expected - 
<[repeat-until] entering loop #3 --------------------------------------------->
2019-07-22 13:24:45,278|I|Thread-1|firstEvaluation.20190722_132436.001|JsonScenario|Activity 2|# 17|base.assertEqual(expected - executing assertEqual(expected,actual)(${length}, ${counter})
2019-07-22 13:24:45,279|I|Thread-1|firstEvaluation.20190722_132436.001|JsonScenario|Activity 2|# 16|base.repeatUntil(steps,ma - PASS repeat-until execution completed
2019-07-22 13:24:45,880|I|Thread-1|firstEvaluation.20190722_132436.001|JsonScenario|Activity 2|# 23|base.verbose(text) - executing verbose(text)(${sumTotal})
2019-07-22 13:24:45,881|I|Thread-1|firstEvaluation.20190722_132436.001|JsonScenario|Activity 2|# 23|base.verbose(text) - 5284.75
2019-07-22 13:24:45,883|I|Thread-1|firstEvaluation.20190722_132436.001|JsonScenario|Activity 2|# 23|base.verbose(text) - PASS 
2019-07-22 13:24:45,883|I|Thread-1|firstEvaluation.20190722_132436.001|JsonScenario|Activity 3 - executing activity
2019-07-22 13:24:46,485|I|Thread-1|firstEvaluation.20190722_132436.001|JsonScenario|Activity 3|# 24|base.save(var,value) - executing save(var,value)(jsonFile, $(syspath|data|fullpath)/example_2.json)
2019-07-22 13:24:46,487|I|Thread-1|firstEvaluation.20190722_132436.001|JsonScenario|Activity 3|# 24|base.save(var,value) - PASS stored 'C:\projects\firstEvaluation\artifact\data\example_2.json' as ${jsonFile}
2019-07-22 13:24:47,089|I|Thread-1|firstEvaluation.20190722_132436.001|JsonScenario|Activity 3|# 25|base.save(var,value) - executing save(var,value)(var, [JSON(${jsonFile} => extract(products[unit_cost => ascending])])
2019-07-22 13:24:47,091|I|Thread-1|firstEvaluation.20190722_132436.001|JsonScenario|Activity 3|# 25|base.save(var,value) - PASS stored '[JSON(C:\projects\firstEvaluation\artifact\data\example_2.json => extract(products[unit_cost => ascending])]' as ${var}
2019-07-22 13:24:47,691|I|Thread-1|firstEvaluation.20190722_132436.001|JsonScenario|Activity 3|# 26|json.storeValues(json,jso - executing storeValues(json,jsonpath,var)(var, products.product_name, result)
2019-07-22 13:24:47,694|E|Thread-1|Error converting string to JSON object: A JSONObject text must begin with '{' at 1 [character 2 line 1]
org.json.JSONException: A JSONObject text must begin with '{' at 1 [character 2 line 1]
	at org.json.JSONTokener.syntaxError(JSONTokener.java:505)
	at org.json.JSONObject.<init>(JSONObject.java:214)
	at org.json.JSONObject.<init>(JSONObject.java:357)
	at org.nexial.core.utils.JsonUtils.toJSONObject(JsonUtils.java:75)
	at org.nexial.core.plugins.json.JsonCommand.resolveToJSONObject(JsonCommand.java:323)
	at org.nexial.core.plugins.json.JsonCommand.toJSONObject(JsonCommand.java:441)
	at org.nexial.core.plugins.json.JsonCommand.sanityCheck(JsonCommand.java:445)
	at org.nexial.core.plugins.json.JsonCommand.find(JsonCommand.java:449)
	at org.nexial.core.plugins.json.JsonCommand.extractJsonValue(JsonCommand.java:384)
	at org.nexial.core.plugins.json.JsonCommand.storeValues(JsonCommand.java:123)
	at sun.reflect.NativeMethodAccessorImpl.invoke0(Native Method)
	at sun.reflect.NativeMethodAccessorImpl.invoke(Unknown Source)
	at sun.reflect.DelegatingMethodAccessorImpl.invoke(Unknown Source)
	at java.lang.reflect.Method.invoke(Unknown Source)
	at org.nexial.core.plugins.base.BaseCommand.execute(BaseCommand.java:156)
	at org.nexial.core.model.TestStep.invokeCommand(TestStep.java:327)
	at org.nexial.core.model.TestStep.execute(TestStep.java:169)
	at org.nexial.core.model.TestCase.execute(TestCase.java:94)
	at org.nexial.core.model.TestScenario.execute(TestScenario.java:130)
	at org.nexial.core.model.ExecutionContext.execute(ExecutionContext.java:1184)
	at org.nexial.core.ExecutionThread.run(ExecutionThread.java:174)
2019-07-22 13:24:47,696|E|Thread-1|JSON string in error is as follows:
var
2019-07-22 13:24:47,698|E|Thread-1|firstEvaluation.20190722_132436.001|JsonScenario|Activity 3|# 26|json.storeValues(json,jso - FAIL EXPECTED match against 'products.product_name' was not found
2019-07-22 13:24:48,299|I|Thread-1|firstEvaluation.20190722_132436.001|JsonScenario|Activity 3|# 27|base.verbose(text) - executing verbose(text)(result)
2019-07-22 13:24:48,300|I|Thread-1|firstEvaluation.20190722_132436.001|JsonScenario|Activity 3|# 27|base.verbose(text) - result
2019-07-22 13:24:48,300|I|Thread-1|firstEvaluation.20190722_132436.001|JsonScenario|Activity 3|# 27|base.verbose(text) - PASS 
2019-07-22 13:24:48,302|I|Thread-1|firstEvaluation.20190722_132436.001|JsonScenario|Activity 4 - executing activity
2019-07-22 13:24:48,903|I|Thread-1|firstEvaluation.20190722_132436.001|JsonScenario|Activity 4|# 28|json.storeValues(json,jso - executing storeValues(json,jsonpath,var)($(syspath|data|fullpath)/example_2.json, products[product_name=Dextromathorphan HBr].supplier, supplierList)
2019-07-22 13:24:48,906|I|Thread-1|firstEvaluation.20190722_132436.001|JsonScenario|Activity 4|# 28|json.storeValues(json,jso - PASS EXPECTED match against 'products[product_name=Dextromathorphan HBr].supplier' stored to ${supplierList}
2019-07-22 13:24:49,508|I|Thread-1|firstEvaluation.20190722_132436.001|JsonScenario|Activity 4|# 29|base.verbose(text) - executing verbose(text)(${supplierList})
2019-07-22 13:24:49,509|I|Thread-1|firstEvaluation.20190722_132436.001|JsonScenario|Activity 4|# 29|base.verbose(text) - ["Schmitt-Weissnat","SC-Pharmacy"]
2019-07-22 13:24:49,510|I|Thread-1|firstEvaluation.20190722_132436.001|JsonScenario|Activity 4|# 29|base.verbose(text) - PASS 
2019-07-22 13:24:49,511|I|Thread-1|firstEvaluation.20190722_132436.001|JsonScenario|Activity 5 - executing activity
2019-07-22 13:24:50,113|I|Thread-1|firstEvaluation.20190722_132436.001|JsonScenario|Activity 5|# 30|json.storeValues(json,jso - executing storeValues(json,jsonpath,var)($(syspath|data|fullpath)/example_2.json, products.product_name, productList)
2019-07-22 13:24:50,142|I|Thread-1|firstEvaluation.20190722_132436.001|JsonScenario|Activity 5|# 30|json.storeValues(json,jso - PASS EXPECTED match against 'products.product_name' stored to ${productList}
2019-07-22 13:24:50,744|I|Thread-1|firstEvaluation.20190722_132436.001|JsonScenario|Activity 5|# 31|json.storeValues(json,jso - executing storeValues(json,jsonpath,var)($(syspath|data|fullpath)/example_2.json, products.unit_cost, costList)
2019-07-22 13:24:50,746|I|Thread-1|firstEvaluation.20190722_132436.001|JsonScenario|Activity 5|# 31|json.storeValues(json,jso - PASS EXPECTED match against 'products.unit_cost' stored to ${costList}
2019-07-22 13:24:51,350|I|Thread-1|firstEvaluation.20190722_132436.001|JsonScenario|Activity 5|# 32|base.save(var,value) - executing save(var,value)(unit_costList, [LIST${costList} => replaceRegex([$],)])
2019-07-22 13:24:51,354|I|Thread-1|firstEvaluation.20190722_132436.001|JsonScenario|Activity 5|# 32|base.save(var,value) - PASS stored '[LIST["$10.47","$8.74","$20.53","$20.53"] => replaceRegex([$],)]' as ${unit_costList}
2019-07-22 13:24:51,955|I|Thread-1|firstEvaluation.20190722_132436.001|JsonScenario|Activity 5|# 33|base.save(var,value) - executing save(var,value)(counter, 0)
2019-07-22 13:24:51,956|I|Thread-1|firstEvaluation.20190722_132436.001|JsonScenario|Activity 5|# 33|base.save(var,value) - PASS stored '0' as ${counter}
2019-07-22 13:24:52,558|I|Thread-1|firstEvaluation.20190722_132436.001|JsonScenario|Activity 5|# 34|base.repeatUntil(steps,ma - executing repeatUntil(steps,maxWaitMs)(5, -1)
2019-07-22 13:24:52,558|I|Thread-1|firstEvaluation.20190722_132436.001|JsonScenario|Activity 5|# 35|base.assertEqual(expected - 
<[repeat-until] entering loop #1 --------------------------------------------->
2019-07-22 13:24:52,559|I|Thread-1|firstEvaluation.20190722_132436.001|JsonScenario|Activity 5|# 35|base.assertEqual(expected - executing assertEqual(expected,actual)($(array|length|${unit_costList}), ${counter})
2019-07-22 13:24:52,559|I|Thread-1|firstEvaluation.20190722_132436.001|JsonScenario|Activity 5|# 36|base.save(var,value) - executing save(var,value)(value, $(array|item|${unit_costList}|${counter}))
2019-07-22 13:24:52,560|I|Thread-1|firstEvaluation.20190722_132436.001|JsonScenario|Activity 5|# 36|base.save(var,value) - [repeat-until] PASS stored '"$10.47"' as ${value}
2019-07-22 13:24:52,561|I|Thread-1|firstEvaluation.20190722_132436.001|JsonScenario|Activity 5|# 37|base.save(var,value) - executing save(var,value)(cost, [TEXT(value) => remove($)])
2019-07-22 13:24:52,564|I|Thread-1|firstEvaluation.20190722_132436.001|JsonScenario|Activity 5|# 37|base.save(var,value) - [repeat-until] PASS stored 'value' as ${cost}
2019-07-22 13:24:52,565|I|Thread-1|firstEvaluation.20190722_132436.001|JsonScenario|Activity 5|# 38|base.verbose(text) - executing verbose(text)($(array|item|${productList}|${counter}))
2019-07-22 13:24:52,568|E|Thread-1|evaluating flow control:	SkipIf [<] - NOT A NUMBER: cost
2019-07-22 13:24:52,569|I|Thread-1|evaluating flow control:	SkipIf(cost<20)		=> NOT MATCHED
2019-07-22 13:24:52,569|I|Thread-1|firstEvaluation.20190722_132436.001|JsonScenario|Activity 5|# 38|base.verbose(text) - "sildenafil citrate"
2019-07-22 13:24:52,570|I|Thread-1|firstEvaluation.20190722_132436.001|JsonScenario|Activity 5|# 38|base.verbose(text) - [repeat-until] PASS "sildenafil citrate"
2019-07-22 13:24:52,571|I|Thread-1|firstEvaluation.20190722_132436.001|JsonScenario|Activity 5|# 39|number.increment(var,amou - executing increment(var,amount)(counter, 1)
2019-07-22 13:24:52,571|I|Thread-1|firstEvaluation.20190722_132436.001|JsonScenario|Activity 5|# 39|number.increment(var,amou - [repeat-until] PASS incremented ${counter} by 1 to 1
2019-07-22 13:24:52,571|I|Thread-1|firstEvaluation.20190722_132436.001|JsonScenario|Activity 5|# 35|base.assertEqual(expected - 
<[repeat-until] entering loop #2 --------------------------------------------->
2019-07-22 13:24:52,571|I|Thread-1|firstEvaluation.20190722_132436.001|JsonScenario|Activity 5|# 35|base.assertEqual(expected - executing assertEqual(expected,actual)($(array|length|${unit_costList}), ${counter})
2019-07-22 13:24:52,572|I|Thread-1|firstEvaluation.20190722_132436.001|JsonScenario|Activity 5|# 36|base.save(var,value) - executing save(var,value)(value, $(array|item|${unit_costList}|${counter}))
2019-07-22 13:24:52,573|I|Thread-1|firstEvaluation.20190722_132436.001|JsonScenario|Activity 5|# 36|base.save(var,value) - [repeat-until] PASS stored '"$8.74"' as ${value}
2019-07-22 13:24:52,573|I|Thread-1|firstEvaluation.20190722_132436.001|JsonScenario|Activity 5|# 37|base.save(var,value) - executing save(var,value)(cost, [TEXT(value) => remove($)])
2019-07-22 13:24:52,575|I|Thread-1|firstEvaluation.20190722_132436.001|JsonScenario|Activity 5|# 37|base.save(var,value) - [repeat-until] PASS stored 'value' as ${cost}
2019-07-22 13:24:52,576|I|Thread-1|firstEvaluation.20190722_132436.001|JsonScenario|Activity 5|# 38|base.verbose(text) - executing verbose(text)($(array|item|${productList}|${counter}))
2019-07-22 13:24:52,581|E|Thread-1|evaluating flow control:	SkipIf [<] - NOT A NUMBER: cost
2019-07-22 13:24:52,582|I|Thread-1|evaluating flow control:	SkipIf(cost<20)		=> NOT MATCHED
2019-07-22 13:24:52,582|I|Thread-1|firstEvaluation.20190722_132436.001|JsonScenario|Activity 5|# 38|base.verbose(text) - "Mountain Juniperus ashei"
2019-07-22 13:24:52,582|I|Thread-1|firstEvaluation.20190722_132436.001|JsonScenario|Activity 5|# 38|base.verbose(text) - [repeat-until] PASS "Mountain Juniperus ashei"
2019-07-22 13:24:52,583|I|Thread-1|firstEvaluation.20190722_132436.001|JsonScenario|Activity 5|# 39|number.increment(var,amou - executing increment(var,amount)(counter, 1)
2019-07-22 13:24:52,583|I|Thread-1|firstEvaluation.20190722_132436.001|JsonScenario|Activity 5|# 39|number.increment(var,amou - [repeat-until] PASS incremented ${counter} by 1 to 2
2019-07-22 13:24:52,584|I|Thread-1|firstEvaluation.20190722_132436.001|JsonScenario|Activity 5|# 35|base.assertEqual(expected - 
<[repeat-until] entering loop #3 --------------------------------------------->
2019-07-22 13:24:52,584|I|Thread-1|firstEvaluation.20190722_132436.001|JsonScenario|Activity 5|# 35|base.assertEqual(expected - executing assertEqual(expected,actual)($(array|length|${unit_costList}), ${counter})
2019-07-22 13:24:52,585|I|Thread-1|firstEvaluation.20190722_132436.001|JsonScenario|Activity 5|# 36|base.save(var,value) - executing save(var,value)(value, $(array|item|${unit_costList}|${counter}))
2019-07-22 13:24:52,585|I|Thread-1|firstEvaluation.20190722_132436.001|JsonScenario|Activity 5|# 36|base.save(var,value) - [repeat-until] PASS stored '"$20.53"' as ${value}
2019-07-22 13:24:52,585|I|Thread-1|firstEvaluation.20190722_132436.001|JsonScenario|Activity 5|# 37|base.save(var,value) - executing save(var,value)(cost, [TEXT(value) => remove($)])
2019-07-22 13:24:52,586|I|Thread-1|firstEvaluation.20190722_132436.001|JsonScenario|Activity 5|# 37|base.save(var,value) - [repeat-until] PASS stored 'value' as ${cost}
2019-07-22 13:24:52,586|I|Thread-1|firstEvaluation.20190722_132436.001|JsonScenario|Activity 5|# 38|base.verbose(text) - executing verbose(text)($(array|item|${productList}|${counter}))
2019-07-22 13:24:52,586|E|Thread-1|evaluating flow control:	SkipIf [<] - NOT A NUMBER: cost
2019-07-22 13:24:52,587|I|Thread-1|evaluating flow control:	SkipIf(cost<20)		=> NOT MATCHED
2019-07-22 13:24:52,587|I|Thread-1|firstEvaluation.20190722_132436.001|JsonScenario|Activity 5|# 38|base.verbose(text) - "Dextromathorphan HBr"
2019-07-22 13:24:52,587|I|Thread-1|firstEvaluation.20190722_132436.001|JsonScenario|Activity 5|# 38|base.verbose(text) - [repeat-until] PASS "Dextromathorphan HBr"
2019-07-22 13:24:52,587|I|Thread-1|firstEvaluation.20190722_132436.001|JsonScenario|Activity 5|# 39|number.increment(var,amou - executing increment(var,amount)(counter, 1)
2019-07-22 13:24:52,588|I|Thread-1|firstEvaluation.20190722_132436.001|JsonScenario|Activity 5|# 39|number.increment(var,amou - [repeat-until] PASS incremented ${counter} by 1 to 3
2019-07-22 13:24:52,588|I|Thread-1|firstEvaluation.20190722_132436.001|JsonScenario|Activity 5|# 35|base.assertEqual(expected - 
<[repeat-until] entering loop #4 --------------------------------------------->
2019-07-22 13:24:52,588|I|Thread-1|firstEvaluation.20190722_132436.001|JsonScenario|Activity 5|# 35|base.assertEqual(expected - executing assertEqual(expected,actual)($(array|length|${unit_costList}), ${counter})
2019-07-22 13:24:52,589|I|Thread-1|firstEvaluation.20190722_132436.001|JsonScenario|Activity 5|# 36|base.save(var,value) - executing save(var,value)(value, $(array|item|${unit_costList}|${counter}))
2019-07-22 13:24:52,589|I|Thread-1|firstEvaluation.20190722_132436.001|JsonScenario|Activity 5|# 36|base.save(var,value) - [repeat-until] PASS stored '"$20.53"' as ${value}
2019-07-22 13:24:52,601|I|Thread-1|firstEvaluation.20190722_132436.001|JsonScenario|Activity 5|# 37|base.save(var,value) - executing save(var,value)(cost, [TEXT(value) => remove($)])
2019-07-22 13:24:52,602|I|Thread-1|firstEvaluation.20190722_132436.001|JsonScenario|Activity 5|# 37|base.save(var,value) - [repeat-until] PASS stored 'value' as ${cost}
2019-07-22 13:24:52,602|I|Thread-1|firstEvaluation.20190722_132436.001|JsonScenario|Activity 5|# 38|base.verbose(text) - executing verbose(text)($(array|item|${productList}|${counter}))
2019-07-22 13:24:52,603|E|Thread-1|evaluating flow control:	SkipIf [<] - NOT A NUMBER: cost
2019-07-22 13:24:52,603|I|Thread-1|evaluating flow control:	SkipIf(cost<20)		=> NOT MATCHED
2019-07-22 13:24:52,603|I|Thread-1|firstEvaluation.20190722_132436.001|JsonScenario|Activity 5|# 38|base.verbose(text) - "Dextromathorphan HBr"
2019-07-22 13:24:52,604|I|Thread-1|firstEvaluation.20190722_132436.001|JsonScenario|Activity 5|# 38|base.verbose(text) - [repeat-until] PASS "Dextromathorphan HBr"
2019-07-22 13:24:52,604|I|Thread-1|firstEvaluation.20190722_132436.001|JsonScenario|Activity 5|# 39|number.increment(var,amou - executing increment(var,amount)(counter, 1)
2019-07-22 13:24:52,604|I|Thread-1|firstEvaluation.20190722_132436.001|JsonScenario|Activity 5|# 39|number.increment(var,amou - [repeat-until] PASS incremented ${counter} by 1 to 4
2019-07-22 13:24:52,605|I|Thread-1|firstEvaluation.20190722_132436.001|JsonScenario|Activity 5|# 35|base.assertEqual(expected - 
<[repeat-until] entering loop #5 --------------------------------------------->
2019-07-22 13:24:52,605|I|Thread-1|firstEvaluation.20190722_132436.001|JsonScenario|Activity 5|# 35|base.assertEqual(expected - executing assertEqual(expected,actual)($(array|length|${unit_costList}), ${counter})
2019-07-22 13:24:52,606|I|Thread-1|firstEvaluation.20190722_132436.001|JsonScenario|Activity 5|# 34|base.repeatUntil(steps,ma - PASS repeat-until execution completed
2019-07-22 13:24:52,790|I|Thread-1|[firstEvaluation.20190722_132436.001|JsonScenario] saving test scenario
2019-07-22 13:24:52,873|I|Thread-1|firstEvaluation.20190722_132436.001|XMLScenario - executing test scenario
2019-07-22 13:24:52,877|I|Thread-1|firstEvaluation.20190722_132436.001|XMLScenario|Activity 1 - executing activity
2019-07-22 13:24:53,479|I|Thread-1|firstEvaluation.20190722_132436.001|XMLScenario|Activity 1|#  5|xml.storeValues(xml,xpath - executing storeValues(xml,xpath,var)($(syspath|data|fullpath)/example_1.xml)
2019-07-22 13:24:53,482|E|Thread-1|firstEvaluation.20190722_132436.001|XMLScenario|Activity 1|#  5|xml.storeValues(xml,xpath - FAIL MISMATCHED parameters - xml.storeValues EXPECTS 3 but found 1
2019-07-22 13:24:53,500|I|Thread-1|[firstEvaluation.20190722_132436.001|XMLScenario] saving test scenario
2019-07-22 13:24:53,567|I|Thread-1|[20190722_132435] 
/-TEST COMPLETE-----------------------------------------------------------------
| Test Output:    C:\projects\firstEvaluation\output\20190722_132435\firstEvaluation.20190722_132436.001.xlsx
| Iteration:      1
\-------------------------------------------------------------------------------
» Execution Time: 15785 ms
» Test Steps:     25
» Error(s):       2



2019-07-22 13:24:55,461|I|Thread-1|[20190722_132435] 
/-TEST COMPLETE-----------------------------------------------------------------
| Test Script:    C:\projects\firstEvaluation\artifact\script\firstEvaluation.xlsx
\-------------------------------------------------------------------------------
» Execution Time: 19647 ms
» Iterations:     [1] total 1
» Test Steps:     25
» Passed:         23
» Error(s):       2
» Iteration 1 of 1: C:\projects\firstEvaluation\output\20190722_132435\firstEvaluation.20190722_132436.001.xlsx



2019-07-22 13:24:55,759|I|main|[20190722_132435] [C:\projects\firstEvaluation\artifact\script\firstEvaluation.xlsx] now completed
2019-07-22 13:24:55,759|I|main|[20190722_132435] all execution thread(s) have terminated
2019-07-22 13:24:55,759|I|main|[20190722_132435] test run completed in about 20 seconds
2019-07-22 13:24:55,804|I|main|No predefined nexial-setup found
2019-07-22 13:24:55,829|I|main|outputBase not set; output-to-cloud DISABLED!
2019-07-22 13:24:55,829|I|main|accessKey not set; output-to-cloud DISABLED!
2019-07-22 13:24:55,829|I|main|secretKey not set; output-to-cloud DISABLED!
2019-07-22 13:24:55,829|I|main|generating HTML output for this execution to C:\projects\firstEvaluation\output\20190722_132435\execution-output.html
2019-07-22 13:24:56,470|I|main|generating JUnit XML output for this execution to C:\projects\firstEvaluation\output\20190722_132435\junit.xml
2019-07-22 13:24:56,516|I|main|generated JUnit report for this execution: C:\projects\firstEvaluation\output\20190722_132435\junit.xml
2019-07-22 13:24:56,603|I|main|nexial mailer not enabled: nexial.enableEmail=false
2019-07-22 13:24:56,603|I|main|skipped email notification as configured
2019-07-22 13:24:56,605|I|main|exiting Nexial...
2019-07-22 13:24:56,605|I|main|

/-END OF EXECUTION--------------------------------------------------------------
| » Execution Time: 20 sec.
| » Test Steps....: 25
| » Passed........: 23
| » Failed........: 2
| » Success Rate..: 92.00%
\----------------------------------------------------------nexial-core dev_0581-

2019-07-22 13:24:56,605|E|main|failure found; success rate is 92.00%
2019-07-22 13:24:56,606|I|main|End of Execution:
NEXIAL_OUTPUT:         C:\projects\firstEvaluation\output\20190722_132435
NEXIAL_EXECUTION_HTML: C:\projects\firstEvaluation\output\20190722_132435\execution-output.html
NEXIAL_JUNIT_XML:      C:\projects\firstEvaluation\output\20190722_132435\junit.xml
NEXIAL_SUCCESS_RATE:   92.00%
NEXIAL_EXIT_STATUS:    -13
