2019-07-19 16:28:14,155|I|Thread-1|(DELAYED) nexial-core 2.4_0567 starting up...
2019-07-19 16:28:14,170|I|Thread-1|(DELAYED) validating test script as C:\projects\exampleProject\artifact\script\exampleProject.xlsx
2019-07-19 16:28:14,170|I|Thread-1|(DELAYED) validating data file as C:\projects\exampleProject\artifact\data\exampleProject.data.xlsx
2019-07-19 16:28:14,170|I|Thread-1|(DELAYED) input files and output directory resolved...
2019-07-19 16:28:14,170|I|Thread-1|(DELAYED) No predefined nexial-setup found
2019-07-19 16:28:14,170|I|Thread-1|(DELAYED) [20190719_162813] [C:\projects\exampleProject\artifact\script\exampleProject.xlsx] resolve RUN ID as 20190719_162813
2019-07-19 16:28:14,170|I|Thread-1|(DELAYED) [20190719_162813] [C:\projects\exampleProject\artifact\script\exampleProject.xlsx] new thread started
2019-07-19 16:28:14,170|I|Thread-1|No predefined nexial-setup found
2019-07-19 16:28:14,248|I|Thread-1|outputBase not set; output-to-cloud DISABLED!
2019-07-19 16:28:14,248|I|Thread-1|accessKey not set; output-to-cloud DISABLED!
2019-07-19 16:28:14,248|I|Thread-1|secretKey not set; output-to-cloud DISABLED!
2019-07-19 16:28:14,269|I|Thread-1|missing REQUIRED configuration; sms DISABLED!
2019-07-19 16:28:15,029|I|Thread-1|[20190719_162813] executing C:\projects\exampleProject\artifact\script\exampleProject.xlsx with 1 iteration(s)
2019-07-19 16:28:15,033|I|Thread-1|[20190719_162813] create directory C:\projects\exampleProject\output\20190719_162813\captures
2019-07-19 16:28:15,034|I|Thread-1|[20190719_162813] create directory C:\projects\exampleProject\output\20190719_162813\logs
2019-07-19 16:28:16,332|I|Thread-1|[20190719_162813] merging test data to tmp file C:\projects\exampleProject\output\20190719_162813\exampleProject-plan.001,exampleProject.20190719_162815.001.xlsx
2019-07-19 16:28:16,334|I|Thread-1|refetching data from C:\projects\exampleProject\artifact\data\exampleProject.data.xlsx
2019-07-19 16:28:16,627|I|Thread-1|[20190719_162813] test script and test data merged to C:\projects\exampleProject\output\20190719_162813\exampleProject-plan.001,exampleProject.20190719_162815.001.xlsx
2019-07-19 16:28:17,055|I|Thread-1|STARTS
2019-07-19 16:28:17,076|I|Thread-1|exampleProject-plan.001,exampleProject.20190719_162815.001 - executing iteration #1 of 1; Iteration Id 1
2019-07-19 16:28:17,085|I|Thread-1|exampleProject-plan.001,exampleProject.20190719_162815.001|Scenario4 - executing test scenario
2019-07-19 16:28:17,088|I|Thread-1|exampleProject-plan.001,exampleProject.20190719_162815.001|Scenario4|Activity 1 - executing activity
2019-07-19 16:28:17,690|I|Thread-1|exampleProject-plan.001,exampleProject.20190719_162815.001|Scenario4|Activity 1|#  5|io.readFile(var,file) - executing readFile(var,file)(fileContents, $(syspath))
2019-07-19 16:28:17,880|I|Thread-1|exampleProject-plan.001,exampleProject.20190719_162815.001|Scenario4|Activity 1|#  5|io.readFile(var,file) - FAIL unreadable file: $(syspath)
2019-07-19 16:28:18,482|I|Thread-1|exampleProject-plan.001,exampleProject.20190719_162815.001|Scenario4|Activity 1|#  6|base.verbose(text) - executing verbose(text)(${fileContents})
2019-07-19 16:28:18,488|I|Thread-1|exampleProject-plan.001,exampleProject.20190719_162815.001|Scenario4|Activity 1|#  6|base.verbose(text) - 
2019-07-19 16:28:18,508|I|Thread-1|exampleProject-plan.001,exampleProject.20190719_162815.001|Scenario4|Activity 1|#  6|base.verbose(text) - PASS 
2019-07-19 16:28:18,695|I|Thread-1|[exampleProject-plan.001,exampleProject.20190719_162815.001|Scenario4] saving test scenario
2019-07-19 16:28:18,801|I|Thread-1|[20190719_162813] 
/-TEST COMPLETE-----------------------------------------------------------------
| Test Output:    C:\projects\exampleProject\output\20190719_162813\exampleProject-plan.001,exampleProject.20190719_162815.001.xlsx
| Iteration:      1
\-------------------------------------------------------------------------------
» Execution Time: 1718 ms
» Test Steps:     2
» Error(s):       1



2019-07-19 16:28:20,949|I|Thread-1|[20190719_162813] 
/-TEST COMPLETE-----------------------------------------------------------------
| Test Script:    C:\projects\exampleProject\artifact\script\exampleProject.xlsx
\-------------------------------------------------------------------------------
» Execution Time: 6956 ms
» Iterations:     [1] total 1
» Test Steps:     2
» Passed:         1
» Error(s):       1
» Iteration 1 of 1: C:\projects\exampleProject\output\20190719_162813\exampleProject-plan.001,exampleProject.20190719_162815.001.xlsx



2019-07-19 16:28:21,925|I|main|[20190719_162813] [C:\projects\exampleProject\artifact\script\exampleProject.xlsx] now completed
2019-07-19 16:28:21,928|I|main|[20190719_162813] all execution thread(s) have terminated
2019-07-19 16:28:21,930|I|main|[20190719_162813] test run completed in about 8 seconds
2019-07-19 16:28:22,045|I|main|No predefined nexial-setup found
2019-07-19 16:28:22,087|I|main|outputBase not set; output-to-cloud DISABLED!
2019-07-19 16:28:22,089|I|main|accessKey not set; output-to-cloud DISABLED!
2019-07-19 16:28:22,089|I|main|secretKey not set; output-to-cloud DISABLED!
2019-07-19 16:28:22,090|I|main|generating HTML output for this execution to C:\projects\exampleProject\output\20190719_162813\execution-output.html
2019-07-19 16:28:22,786|I|main|generating JUnit XML output for this execution to C:\projects\exampleProject\output\20190719_162813\junit.xml
2019-07-19 16:28:22,911|I|main|generated JUnit report for this execution: C:\projects\exampleProject\output\20190719_162813\junit.xml
2019-07-19 16:28:22,934|I|main|nexial mailer not enabled: nexial.enableEmail=false
2019-07-19 16:28:22,935|I|main|skipped email notification as configured
2019-07-19 16:28:22,937|I|main|exiting Nexial...
2019-07-19 16:28:22,939|I|main|

/-END OF EXECUTION--------------------------------------------------------------
| » Execution Time: 8 sec.
| » Test Steps....: 2
| » Passed........: 1
| » Failed........: 1
| » Success Rate..: 50.00%
\----------------------------------------------------------nexial-core 2.4_0567-

2019-07-19 16:28:22,940|E|main|failure found; success rate is 50.00%
2019-07-19 16:28:22,942|I|main|End of Execution:
NEXIAL_OUTPUT:         C:\projects\exampleProject\output\20190719_162813
NEXIAL_EXECUTION_HTML: C:\projects\exampleProject\output\20190719_162813\execution-output.html
NEXIAL_JUNIT_XML:      C:\projects\exampleProject\output\20190719_162813\junit.xml
NEXIAL_SUCCESS_RATE:   50.00%
NEXIAL_EXIT_STATUS:    -13
