2019-07-20 17:09:14,709|I|Thread-1|(DELAYED) nexial-core dev_0581 starting up...
2019-07-20 17:09:14,714|I|Thread-1|(DELAYED) data file resolved as C:\Users\DEEPAN~1\AppData\Local\Temp\uzIzT\firstEvaluation.data.xlsx
2019-07-20 17:09:14,714|I|Thread-1|(DELAYED) input files and output directory resolved...
2019-07-20 17:09:14,714|I|Thread-1|(DELAYED) No predefined nexial-setup found
2019-07-20 17:09:14,714|I|Thread-1|(DELAYED) [20190720_170914] [C:\projects\firstEvaluation\artifact\script\firstEvaluation.xlsx] resolve RUN ID as 20190720_170914
2019-07-20 17:09:14,714|I|Thread-1|(DELAYED) [20190720_170914] [C:\projects\firstEvaluation\artifact\script\firstEvaluation.xlsx] new thread started
2019-07-20 17:09:14,714|I|Thread-1|No predefined nexial-setup found
2019-07-20 17:09:14,769|I|Thread-1|outputBase not set; output-to-cloud DISABLED!
2019-07-20 17:09:14,769|I|Thread-1|accessKey not set; output-to-cloud DISABLED!
2019-07-20 17:09:14,774|I|Thread-1|secretKey not set; output-to-cloud DISABLED!
2019-07-20 17:09:14,789|I|Thread-1|missing REQUIRED configuration; sms DISABLED!
2019-07-20 17:09:15,524|I|Thread-1|[20190720_170914] executing C:\projects\firstEvaluation\artifact\script\firstEvaluation.xlsx with 1 iteration(s)
2019-07-20 17:09:15,529|I|Thread-1|[20190720_170914] create directory C:\projects\firstEvaluation\output\20190720_170914\captures
2019-07-20 17:09:15,529|I|Thread-1|[20190720_170914] create directory C:\projects\firstEvaluation\output\20190720_170914\logs
2019-07-20 17:09:15,839|I|Thread-1|[20190720_170914] merging test data to tmp file C:\projects\firstEvaluation\output\20190720_170914\firstEvaluation.20190720_170915.001.xlsx
2019-07-20 17:09:15,839|I|Thread-1|refetching data from C:\projects\firstEvaluation\artifact\data\firstEvaluation.data.xlsx
2019-07-20 17:09:16,004|I|Thread-1|[20190720_170914] test script and test data merged to C:\projects\firstEvaluation\output\20190720_170914\firstEvaluation.20190720_170915.001.xlsx
2019-07-20 17:09:16,514|I|Thread-1|STARTS
2019-07-20 17:09:16,539|I|Thread-1|firstEvaluation.20190720_170915.001 - executing iteration #1 of 1; Iteration Id 1
2019-07-20 17:09:16,544|I|Thread-1|firstEvaluation.20190720_170915.001|JsonScenario - executing test scenario
2019-07-20 17:09:16,544|I|Thread-1|firstEvaluation.20190720_170915.001|JsonScenario|Activity 1 - executing activity
2019-07-20 17:09:17,149|I|Thread-1|firstEvaluation.20190720_170915.001|JsonScenario|Activity 1|#  5|json.storeValues(json,jso - executing storeValues(json,jsonpath,var)($(syspath|data|fullpath)/example_2.json, products[supplier=Wisozk Inc].product_name, productNames)
2019-07-20 17:09:17,229|I|Thread-1|firstEvaluation.20190720_170915.001|JsonScenario|Activity 1|#  5|json.storeValues(json,jso - PASS EXPECTED match against 'products[supplier=Wisozk Inc].product_name' stored to ${productNames}
2019-07-20 17:09:17,835|I|Thread-1|firstEvaluation.20190720_170915.001|JsonScenario|Activity 1|#  6|base.verbose(text) - executing verbose(text)(${productNames})
2019-07-20 17:09:17,835|I|Thread-1|firstEvaluation.20190720_170915.001|JsonScenario|Activity 1|#  6|base.verbose(text) - ["sildenafil citrate","Mountain Juniperus ashei"]
2019-07-20 17:09:17,980|I|Thread-1|firstEvaluation.20190720_170915.001|JsonScenario|Activity 1|#  6|base.verbose(text) - PASS 
2019-07-20 17:09:17,985|I|Thread-1|firstEvaluation.20190720_170915.001|JsonScenario|Activity 2 - executing activity
2019-07-20 17:09:18,588|I|Thread-1|firstEvaluation.20190720_170915.001|JsonScenario|Activity 2|#  7|json.storeValues(json,jso - executing storeValues(json,jsonpath,var)($(syspath|data|fullpath)/example_2.json, products[supplier=Wisozk Inc].quantity, quantityList)
2019-07-20 17:09:18,588|I|Thread-1|firstEvaluation.20190720_170915.001|JsonScenario|Activity 2|#  7|json.storeValues(json,jso - PASS EXPECTED match against 'products[supplier=Wisozk Inc].quantity' stored to ${quantityList}
2019-07-20 17:09:19,194|I|Thread-1|firstEvaluation.20190720_170915.001|JsonScenario|Activity 2|#  8|json.storeValues(json,jso - executing storeValues(json,jsonpath,var)($(syspath|data|fullpath)/example_2.json, products[supplier=Wisozk Inc].unit_cost, costList)
2019-07-20 17:09:19,199|I|Thread-1|firstEvaluation.20190720_170915.001|JsonScenario|Activity 2|#  8|json.storeValues(json,jso - PASS EXPECTED match against 'products[supplier=Wisozk Inc].unit_cost' stored to ${costList}
2019-07-20 17:09:19,800|I|Thread-1|firstEvaluation.20190720_170915.001|JsonScenario|Activity 2|#  9|base.save(var,value) - executing save(var,value)(unit_costList, [LIST${costList} => replaceRegex([$],)])
2019-07-20 17:09:19,800|I|Thread-1|firstEvaluation.20190720_170915.001|JsonScenario|Activity 2|#  9|base.save(var,value) - PASS stored '[LIST["$10.47","$8.74"] => replaceRegex([$],)]' as ${unit_costList}
2019-07-20 17:09:20,405|I|Thread-1|firstEvaluation.20190720_170915.001|JsonScenario|Activity 2|# 10|base.verbose(text) - executing verbose(text)(${unit_costList})
2019-07-20 17:09:20,405|I|Thread-1|firstEvaluation.20190720_170915.001|JsonScenario|Activity 2|# 10|base.verbose(text) - [LIST["$10.47","$8.74"] => replaceRegex([$],)]
2019-07-20 17:09:20,405|I|Thread-1|firstEvaluation.20190720_170915.001|JsonScenario|Activity 2|# 10|base.verbose(text) - PASS 
2019-07-20 17:09:21,006|I|Thread-1|firstEvaluation.20190720_170915.001|JsonScenario|Activity 2|# 11|base.save(var,value) - executing save(var,value)(sumTotal, 0)
2019-07-20 17:09:21,008|I|Thread-1|firstEvaluation.20190720_170915.001|JsonScenario|Activity 2|# 11|base.save(var,value) - PASS stored '0' as ${sumTotal}
2019-07-20 17:09:21,611|I|Thread-1|firstEvaluation.20190720_170915.001|JsonScenario|Activity 2|# 12|base.save(var,value) - executing save(var,value)(counter, 0)
2019-07-20 17:09:21,611|I|Thread-1|firstEvaluation.20190720_170915.001|JsonScenario|Activity 2|# 12|base.save(var,value) - PASS stored '0' as ${counter}
2019-07-20 17:09:22,212|I|Thread-1|firstEvaluation.20190720_170915.001|JsonScenario|Activity 2|# 13|base.save(var,value) - executing save(var,value)(length, $(array|length|${quantityList}))
2019-07-20 17:09:22,216|I|Thread-1|firstEvaluation.20190720_170915.001|JsonScenario|Activity 2|# 13|base.save(var,value) - PASS stored '2' as ${length}
2019-07-20 17:09:22,821|I|Thread-1|firstEvaluation.20190720_170915.001|JsonScenario|Activity 2|# 14|base.save(var,value) - executing save(var,value)(mulValue, 0)
2019-07-20 17:09:22,821|I|Thread-1|firstEvaluation.20190720_170915.001|JsonScenario|Activity 2|# 14|base.save(var,value) - PASS stored '0' as ${mulValue}
2019-07-20 17:09:23,426|I|Thread-1|firstEvaluation.20190720_170915.001|JsonScenario|Activity 2|# 15|base.verbose(text) - executing verbose(text)(${unit_costList})
2019-07-20 17:09:23,426|I|Thread-1|firstEvaluation.20190720_170915.001|JsonScenario|Activity 2|# 15|base.verbose(text) - [LIST["$10.47","$8.74"] => replaceRegex([$],)]
2019-07-20 17:09:23,431|I|Thread-1|firstEvaluation.20190720_170915.001|JsonScenario|Activity 2|# 15|base.verbose(text) - PASS 
2019-07-20 17:09:24,036|I|Thread-1|firstEvaluation.20190720_170915.001|JsonScenario|Activity 2|# 16|base.repeatUntil(steps,ma - executing repeatUntil(steps,maxWaitMs)(6, -1)
2019-07-20 17:09:24,037|I|Thread-1|firstEvaluation.20190720_170915.001|JsonScenario|Activity 2|# 17|base.assertEqual(expected - 
<[repeat-until] entering loop #1 --------------------------------------------->
2019-07-20 17:09:24,038|I|Thread-1|firstEvaluation.20190720_170915.001|JsonScenario|Activity 2|# 17|base.assertEqual(expected - executing assertEqual(expected,actual)(${length}, ${counter})
2019-07-20 17:09:24,040|I|Thread-1|firstEvaluation.20190720_170915.001|JsonScenario|Activity 2|# 18|base.save(var,value) - executing save(var,value)(unit_cost, $(array|item|${unit_costList}|${counter}))
2019-07-20 17:09:24,096|I|Thread-1|firstEvaluation.20190720_170915.001|JsonScenario|Activity 2|# 18|base.save(var,value) - [repeat-until] PASS stored '"$10.47"' as ${unit_cost}
2019-07-20 17:09:24,096|I|Thread-1|firstEvaluation.20190720_170915.001|JsonScenario|Activity 2|# 19|base.save(var,value) - executing save(var,value)(quantity, $(array|item|${quantityList}|${counter}))
2019-07-20 17:09:24,096|I|Thread-1|firstEvaluation.20190720_170915.001|JsonScenario|Activity 2|# 19|base.save(var,value) - [repeat-until] PASS stored '261' as ${quantity}
2019-07-20 17:09:24,101|I|Thread-1|firstEvaluation.20190720_170915.001|JsonScenario|Activity 2|# 20|base.save(var,value) - executing save(var,value)(mulValue, [NUMBER(${unit_cost}) => multiply(${quantity})])
2019-07-20 17:09:24,121|I|Thread-1|firstEvaluation.20190720_170915.001|JsonScenario|Activity 2|# 20|base.save(var,value) - [repeat-until] PASS stored '2732.67' as ${mulValue}
2019-07-20 17:09:24,121|I|Thread-1|firstEvaluation.20190720_170915.001|JsonScenario|Activity 2|# 21|base.save(var,value) - executing save(var,value)(sumTotal, [NUMBER(${sumTotal}) => add(${mulValue})])
2019-07-20 17:09:24,126|I|Thread-1|firstEvaluation.20190720_170915.001|JsonScenario|Activity 2|# 21|base.save(var,value) - [repeat-until] PASS stored '2732.67' as ${sumTotal}
2019-07-20 17:09:24,126|I|Thread-1|firstEvaluation.20190720_170915.001|JsonScenario|Activity 2|# 22|number.increment(var,amou - executing increment(var,amount)(counter, 1)
2019-07-20 17:09:24,131|I|Thread-1|firstEvaluation.20190720_170915.001|JsonScenario|Activity 2|# 22|number.increment(var,amou - [repeat-until] PASS incremented ${counter} by 1 to 1
2019-07-20 17:09:24,136|I|Thread-1|firstEvaluation.20190720_170915.001|JsonScenario|Activity 2|# 17|base.assertEqual(expected - 
<[repeat-until] entering loop #2 --------------------------------------------->
2019-07-20 17:09:24,141|I|Thread-1|firstEvaluation.20190720_170915.001|JsonScenario|Activity 2|# 17|base.assertEqual(expected - executing assertEqual(expected,actual)(${length}, ${counter})
2019-07-20 17:09:24,141|I|Thread-1|firstEvaluation.20190720_170915.001|JsonScenario|Activity 2|# 18|base.save(var,value) - executing save(var,value)(unit_cost, $(array|item|${unit_costList}|${counter}))
2019-07-20 17:09:24,141|I|Thread-1|firstEvaluation.20190720_170915.001|JsonScenario|Activity 2|# 18|base.save(var,value) - [repeat-until] PASS stored '"$8.74"' as ${unit_cost}
2019-07-20 17:09:24,141|I|Thread-1|firstEvaluation.20190720_170915.001|JsonScenario|Activity 2|# 19|base.save(var,value) - executing save(var,value)(quantity, $(array|item|${quantityList}|${counter}))
2019-07-20 17:09:24,146|I|Thread-1|firstEvaluation.20190720_170915.001|JsonScenario|Activity 2|# 19|base.save(var,value) - [repeat-until] PASS stored '292' as ${quantity}
2019-07-20 17:09:24,151|I|Thread-1|firstEvaluation.20190720_170915.001|JsonScenario|Activity 2|# 20|base.save(var,value) - executing save(var,value)(mulValue, [NUMBER(${unit_cost}) => multiply(${quantity})])
2019-07-20 17:09:24,156|I|Thread-1|firstEvaluation.20190720_170915.001|JsonScenario|Activity 2|# 20|base.save(var,value) - [repeat-until] PASS stored '2552.08' as ${mulValue}
2019-07-20 17:09:24,156|I|Thread-1|firstEvaluation.20190720_170915.001|JsonScenario|Activity 2|# 21|base.save(var,value) - executing save(var,value)(sumTotal, [NUMBER(${sumTotal}) => add(${mulValue})])
2019-07-20 17:09:24,156|I|Thread-1|firstEvaluation.20190720_170915.001|JsonScenario|Activity 2|# 21|base.save(var,value) - [repeat-until] PASS stored '5284.75' as ${sumTotal}
2019-07-20 17:09:24,161|I|Thread-1|firstEvaluation.20190720_170915.001|JsonScenario|Activity 2|# 22|number.increment(var,amou - executing increment(var,amount)(counter, 1)
2019-07-20 17:09:24,166|I|Thread-1|firstEvaluation.20190720_170915.001|JsonScenario|Activity 2|# 22|number.increment(var,amou - [repeat-until] PASS incremented ${counter} by 1 to 2
2019-07-20 17:09:24,166|I|Thread-1|firstEvaluation.20190720_170915.001|JsonScenario|Activity 2|# 17|base.assertEqual(expected - 
<[repeat-until] entering loop #3 --------------------------------------------->
2019-07-20 17:09:24,171|I|Thread-1|firstEvaluation.20190720_170915.001|JsonScenario|Activity 2|# 17|base.assertEqual(expected - executing assertEqual(expected,actual)(${length}, ${counter})
2019-07-20 17:09:24,171|I|Thread-1|firstEvaluation.20190720_170915.001|JsonScenario|Activity 2|# 16|base.repeatUntil(steps,ma - PASS repeat-until execution completed
2019-07-20 17:09:24,771|I|Thread-1|firstEvaluation.20190720_170915.001|JsonScenario|Activity 2|# 23|base.verbose(text) - executing verbose(text)(${sumTotal})
2019-07-20 17:09:24,771|I|Thread-1|firstEvaluation.20190720_170915.001|JsonScenario|Activity 2|# 23|base.verbose(text) - 5284.75
2019-07-20 17:09:24,771|I|Thread-1|firstEvaluation.20190720_170915.001|JsonScenario|Activity 2|# 23|base.verbose(text) - PASS 
2019-07-20 17:09:24,776|I|Thread-1|firstEvaluation.20190720_170915.001|JsonScenario|Activity 3 - executing activity
2019-07-20 17:09:25,381|I|Thread-1|firstEvaluation.20190720_170915.001|JsonScenario|Activity 3|# 24|base.save(var,value) - executing save(var,value)(jsonFile, $(syspath|data|fullpath)/example_2.json)
2019-07-20 17:09:25,381|I|Thread-1|firstEvaluation.20190720_170915.001|JsonScenario|Activity 3|# 24|base.save(var,value) - PASS stored 'C:\projects\firstEvaluation\artifact\data\example_2.json' as ${jsonFile}
2019-07-20 17:09:25,985|I|Thread-1|firstEvaluation.20190720_170915.001|JsonScenario|Activity 3|# 25|base.save(var,value) - executing save(var,value)(var, [JSON(${jsonFile} => extract(products[unit_cost => ascending])])
2019-07-20 17:09:25,985|I|Thread-1|firstEvaluation.20190720_170915.001|JsonScenario|Activity 3|# 25|base.save(var,value) - PASS stored '[JSON(C:\projects\firstEvaluation\artifact\data\example_2.json => extract(products[unit_cost => ascending])]' as ${var}
2019-07-20 17:09:26,585|I|Thread-1|firstEvaluation.20190720_170915.001|JsonScenario|Activity 3|# 26|base.verbose(text) - executing verbose(text)(${var})
2019-07-20 17:09:26,585|I|Thread-1|firstEvaluation.20190720_170915.001|JsonScenario|Activity 3|# 26|base.verbose(text) - [JSON(C:\projects\firstEvaluation\artifact\data\example_2.json => extract(products[unit_cost => ascending])]
2019-07-20 17:09:26,585|I|Thread-1|firstEvaluation.20190720_170915.001|JsonScenario|Activity 3|# 26|base.verbose(text) - PASS 
2019-07-20 17:09:26,765|I|Thread-1|[firstEvaluation.20190720_170915.001|JsonScenario] saving test scenario
2019-07-20 17:09:26,845|I|Thread-1|[20190720_170914] 
/-TEST COMPLETE-----------------------------------------------------------------
| Test Output:    C:\projects\firstEvaluation\output\20190720_170914\firstEvaluation.20190720_170915.001.xlsx
| Iteration:      1
\-------------------------------------------------------------------------------
» Execution Time: 10301 ms
» Test Steps:     16
» Error(s):       0



2019-07-20 17:09:28,819|I|Thread-1|[20190720_170914] 
/-TEST COMPLETE-----------------------------------------------------------------
| Test Script:    C:\projects\firstEvaluation\artifact\script\firstEvaluation.xlsx
\-------------------------------------------------------------------------------
» Execution Time: 14201 ms
» Iterations:     [1] total 1
» Test Steps:     16
» Passed:         16
» Error(s):       0
» Iteration 1 of 1: C:\projects\firstEvaluation\output\20190720_170914\firstEvaluation.20190720_170915.001.xlsx



2019-07-20 17:09:29,604|I|main|[20190720_170914] [C:\projects\firstEvaluation\artifact\script\firstEvaluation.xlsx] now completed
2019-07-20 17:09:29,604|I|main|[20190720_170914] all execution thread(s) have terminated
2019-07-20 17:09:29,610|I|main|[20190720_170914] test run completed in about 15 seconds
2019-07-20 17:09:29,659|I|main|No predefined nexial-setup found
2019-07-20 17:09:29,684|I|main|outputBase not set; output-to-cloud DISABLED!
2019-07-20 17:09:29,684|I|main|accessKey not set; output-to-cloud DISABLED!
2019-07-20 17:09:29,684|I|main|secretKey not set; output-to-cloud DISABLED!
2019-07-20 17:09:29,689|I|main|generating HTML output for this execution to C:\projects\firstEvaluation\output\20190720_170914\execution-output.html
2019-07-20 17:09:30,345|I|main|generating JUnit XML output for this execution to C:\projects\firstEvaluation\output\20190720_170914\junit.xml
2019-07-20 17:09:30,389|I|main|generated JUnit report for this execution: C:\projects\firstEvaluation\output\20190720_170914\junit.xml
2019-07-20 17:09:30,414|I|main|nexial mailer not enabled: nexial.enableEmail=false
2019-07-20 17:09:30,414|I|main|skipped email notification as configured
2019-07-20 17:09:30,419|I|main|exiting Nexial...
2019-07-20 17:09:30,419|I|main|

/-END OF EXECUTION--------------------------------------------------------------
| » Execution Time: 15 sec.
| » Test Steps....: 16
| » Passed........: 16
| » Failed........: 0
| » Success Rate..: 100.00%
\----------------------------------------------------------nexial-core dev_0581-

2019-07-20 17:09:30,419|I|main|ALL PASSED!
2019-07-20 17:09:30,424|I|main|End of Execution:
NEXIAL_OUTPUT:         C:\projects\firstEvaluation\output\20190720_170914
NEXIAL_EXECUTION_HTML: C:\projects\firstEvaluation\output\20190720_170914\execution-output.html
NEXIAL_JUNIT_XML:      C:\projects\firstEvaluation\output\20190720_170914\junit.xml
NEXIAL_SUCCESS_RATE:   100.00%
NEXIAL_EXIT_STATUS:    0
