2019-07-29 16:28:51,787|I|Thread-1|(DELAYED) nexial-core 2.4_0567 starting up...
2019-07-29 16:28:51,790|I|Thread-1|(DELAYED) data file resolved as C:\Users\DEEPAN~1.PAT\AppData\Local\Temp\eGPnN\secondAssignment.data.xlsx
2019-07-29 16:28:51,790|I|Thread-1|(DELAYED) input files and output directory resolved...
2019-07-29 16:28:51,790|I|Thread-1|(DELAYED) No predefined nexial-setup found
2019-07-29 16:28:51,790|I|Thread-1|(DELAYED) [20190729_162851] [C:\projects\secondAssignment\artifact\script\secondAssignment.xlsx] resolve RUN ID as 20190729_162851
2019-07-29 16:28:51,790|I|Thread-1|(DELAYED) [20190729_162851] [C:\projects\secondAssignment\artifact\script\secondAssignment.xlsx] new thread started
2019-07-29 16:28:51,791|I|Thread-1|No predefined nexial-setup found
2019-07-29 16:28:51,859|I|Thread-1|outputBase not set; output-to-cloud DISABLED!
2019-07-29 16:28:51,860|I|Thread-1|accessKey not set; output-to-cloud DISABLED!
2019-07-29 16:28:51,861|I|Thread-1|secretKey not set; output-to-cloud DISABLED!
2019-07-29 16:28:51,888|I|Thread-1|missing REQUIRED configuration; sms DISABLED!
2019-07-29 16:28:52,635|I|Thread-1|[20190729_162851] executing C:\projects\secondAssignment\artifact\script\secondAssignment.xlsx with 1 iteration(s)
2019-07-29 16:28:52,640|I|Thread-1|[20190729_162851] create directory C:\projects\secondAssignment\output\20190729_162851\captures
2019-07-29 16:28:52,642|I|Thread-1|[20190729_162851] create directory C:\projects\secondAssignment\output\20190729_162851\logs
2019-07-29 16:28:53,934|I|Thread-1|[20190729_162851] merging test data to tmp file C:\projects\secondAssignment\output\20190729_162851\secondAssignment.20190729_162852.001.xlsx
2019-07-29 16:28:53,934|I|Thread-1|refetching data from C:\projects\secondAssignment\artifact\data\secondAssignment.data.xlsx
2019-07-29 16:28:54,276|I|Thread-1|[20190729_162851] test script and test data merged to C:\projects\secondAssignment\output\20190729_162851\secondAssignment.20190729_162852.001.xlsx
2019-07-29 16:28:54,771|I|Thread-1|STARTS
2019-07-29 16:28:54,796|I|Thread-1|secondAssignment.20190729_162852.001 - executing iteration #1 of 1; Iteration Id 1
2019-07-29 16:28:54,804|I|Thread-1|secondAssignment.20190729_162852.001|Scenario2 - executing test scenario
2019-07-29 16:28:54,805|I|Thread-1|secondAssignment.20190729_162852.001|Scenario2|Activity 1 - executing activity
2019-07-29 16:28:55,407|I|Thread-1|secondAssignment.20190729_162852.001|Scenario2|Activity 1|#  5|web.open(url) - executing open(url)(https://www.google.com/)
2019-07-29 16:28:55,419|I|Thread-1|No valid instance of webdriver, initializing...
2019-07-29 16:28:55,427|I|Thread-1|init chrome
2019-07-29 16:29:01,318|I|Thread-1|browser initialization completed for 'chrome'
2019-07-29 16:29:01,328|I|Thread-1|setting browser polling wait time to 800 ms
2019-07-29 16:29:01,332|I|Thread-1|setting browser page load timeout to 10000 ms
2019-07-29 16:29:03,043|I|Thread-1|current browser window handle:CDwindow-B9CAF3E5D563B19F4E304692C16226ED
2019-07-29 16:29:03,057|I|Thread-1|secondAssignment.20190729_162852.001|Scenario2|Activity 1|#  5|web.open(url) - PASS opened URL https://www.google.com/
2019-07-29 16:29:03,659|I|Thread-1|secondAssignment.20190729_162852.001|Scenario2|Activity 1|#  6|web.type(locator,value) - executing type(locator,value)(//*[@id="tsf"]/div[2]/div/div[1]/div/div[1]/input, ATMECS)
2019-07-29 16:29:03,854|I|Thread-1|secondAssignment.20190729_162852.001|Scenario2|Activity 1|#  6|web.type(locator,value) - PASS typed text at '//*[@id="tsf"]/div[2]/div/div[1]/div/div[1]/input'
2019-07-29 16:29:04,457|I|Thread-1|secondAssignment.20190729_162852.001|Scenario2|Activity 1|#  7|web.click(locator) - executing click(locator)(//*[@id="tsf"]/div[2]/div/div[3]/center/input[1])
2019-07-29 16:29:04,517|I|Thread-1|clicking '//*[@id="tsf"]/div[2]/div/div[3]/center/input[1]'...
2019-07-29 16:29:04,539|I|Thread-1|click target via JS, @id=
2019-07-29 16:29:06,396|I|Thread-1|clicked -> true
2019-07-29 16:29:06,398|I|Thread-1|secondAssignment.20190729_162852.001|Scenario2|Activity 1|#  7|web.click(locator) - PASS click via JS event
2019-07-29 16:29:07,003|I|Thread-1|secondAssignment.20190729_162852.001|Scenario2|Activity 1|#  8|web.saveTextArray(var,loc - executing saveTextArray(var,locator)(linkArray, //*[@class = "iUh30"])
2019-07-29 16:29:07,181|I|Thread-1|secondAssignment.20190729_162852.001|Scenario2|Activity 1|#  8|web.saveTextArray(var,loc - PASS stored content of '//*[@class = "iUh30"]' as ${linkArray}
2019-07-29 16:29:07,784|I|Thread-1|secondAssignment.20190729_162852.001|Scenario2|Activity 1|#  9|base.verbose(text) - executing verbose(text)($(array|length|${linkArray}))
2019-07-29 16:29:07,791|I|Thread-1|secondAssignment.20190729_162852.001|Scenario2|Activity 1|#  9|base.verbose(text) - 11
2019-07-29 16:29:07,972|I|Thread-1|secondAssignment.20190729_162852.001|Scenario2|Activity 1|#  9|base.verbose(text) - PASS 
2019-07-29 16:29:08,574|I|Thread-1|secondAssignment.20190729_162852.001|Scenario2|Activity 1|# 10|base.save(var,value) - executing save(var,value)(query, Insert into info values("ATMECS", ${linkArray});)
2019-07-29 16:29:08,579|I|Thread-1|secondAssignment.20190729_162852.001|Scenario2|Activity 1|# 10|base.save(var,value) - PASS stored 'Insert into info values("ATMECS", www.atmecs.com/,https://www.glassdoor.co.in/Reviews/ATMECS-Reviews-E1318180.htm,https://www.glassdoor.co.in/.../Working-at-ATMECS-EI_IE1318180.11,17.htm,https://in.linkedin.com/company/atmecs-inc,https://mapr.com/partners/partner/atmecs-technologies-pvt-ltd/,https://www.glassdoor.com/Overview/Working-at-ATMECS-EI_IE1318180.11,17.htm,https://www.naukri.com/atmecs-technologies-pvt-ltd-jobs-careers-1089084,https://www.indeed.co.in/cmp/Atmecs-Technologies/reviews,https://www.ambitionbox.com/reviews/atmecs-technologies-reviews);' as ${query}
2019-07-29 16:29:09,187|I|Thread-1|secondAssignment.20190729_162852.001|Scenario2|Activity 1|# 11|rdbms.runSQL(var,db,sql) - executing runSQL(var,db,sql)(queryResult, mydb, ${query})
2019-07-29 16:29:09,257|I|Thread-1|secondAssignment.20190729_162852.001|Scenario2|Activity 1|# 11|rdbms.runSQL(var,db,sql) - new connection established for 'mydb'
2019-07-29 16:29:09,598|I|Thread-1|secondAssignment.20190729_162852.001|Scenario2|Activity 1|# 11|rdbms.runSQL(var,db,sql) - executed query in 338 ms with ERROR Error occurred when executing 'Insert into info values("ATMECS", www.atmecs.com/,https://www.glassdoor.co.in/Reviews/ATMECS-Reviews-E1318180.htm,https://www.glassdoor.co.in/.../Working-at-ATMECS-EI_IE1318180.11,17.htm,https://in.linkedin.com/company/atmecs-inc,https://mapr.com/partners/partner/atmecs-technologies-pvt-ltd/,https://www.glassdoor.com/Overview/Working-at-ATMECS-EI_IE1318180.11,17.htm,https://www.naukri.com/atmecs-technologies-pvt-ltd-jobs-careers-1089084,https://www.indeed.co.in/cmp/Atmecs-Technologies/reviews,https://www.ambitionbox.com/reviews/atmecs-technologies-reviews);': [SQLITE_ERROR] SQL error or missing database (near ",": syntax error)
2019-07-29 16:29:09,606|I|Thread-1|secondAssignment.20190729_162852.001|Scenario2|Activity 1|# 11|rdbms.runSQL(var,db,sql) - PASS executed SQL 'Insert into info values("ATMECS", www.atmecs.com/,https://www.glassdoor.co.in/Reviews/ATMECS-Reviews-E1318180.htm,https://www.glassdoor.co.in/.../Working-at-ATMECS-EI_IE1318180.11,17.htm,https://in.linkedin.com/company/atmecs-inc,https://mapr.com/partners/partner/atmecs-technologies-pvt-ltd/,https://www.glassdoor.com/Overview/Working-at-ATMECS-EI_IE1318180.11,17.htm,https://www.naukri.com/atmecs-technologies-pvt-ltd-jobs-careers-1089084,https://www.indeed.co.in/cmp/Atmecs-Technologies/reviews,https://www.ambitionbox.com/reviews/atmecs-technologies-reviews);'; stored result as ${queryResult}
2019-07-29 16:29:10,212|I|Thread-1|secondAssignment.20190729_162852.001|Scenario2|Activity 1|# 12|base.save(var,value) - executing save(var,value)(selectQuery, select * from info;)
2019-07-29 16:29:10,215|I|Thread-1|secondAssignment.20190729_162852.001|Scenario2|Activity 1|# 12|base.save(var,value) - PASS stored 'select * from info;' as ${selectQuery}
2019-07-29 16:29:10,818|I|Thread-1|secondAssignment.20190729_162852.001|Scenario2|Activity 1|# 13|rdbms.runSQL(var,db,sql) - executing runSQL(var,db,sql)(queryResult, mydb, ${selectQuery})
2019-07-29 16:29:10,829|I|Thread-1|secondAssignment.20190729_162852.001|Scenario2|Activity 1|# 13|rdbms.runSQL(var,db,sql) - reusing established connection 'mydb'
2019-07-29 16:29:10,843|I|Thread-1|secondAssignment.20190729_162852.001|Scenario2|Activity 1|# 13|rdbms.runSQL(var,db,sql) - executed query in 6 ms with 0 row(s)
2019-07-29 16:29:10,851|I|Thread-1|secondAssignment.20190729_162852.001|Scenario2|Activity 1|# 13|rdbms.runSQL(var,db,sql) - PASS executed SQL 'select * from info;'; stored result as ${queryResult}
2019-07-29 16:29:11,454|I|Thread-1|secondAssignment.20190729_162852.001|Scenario2|Activity 1|# 14|rdbms.saveResult(db,sql,o - executing saveResult(db,sql,output)(mydb, ${selectQuery}, $(syspath|out|fullpath)/ATMECS.csv)
2019-07-29 16:29:11,465|I|Thread-1|secondAssignment.20190729_162852.001|Scenario2|Activity 1|# 14|rdbms.saveResult(db,sql,o - reusing established connection 'mydb'
2019-07-29 16:29:11,474|I|Thread-1|secondAssignment.20190729_162852.001|Scenario2|Activity 1|# 14|rdbms.saveResult(db,sql,o - executed query in 1 ms with 0 row(s)
2019-07-29 16:29:11,571|I|Thread-1|secondAssignment.20190729_162852.001|Scenario2|Activity 1|# 14|rdbms.saveResult(db,sql,o - PASS executed SQL 'select * from info;'; stored result to 'C:\projects\secondAssignment\output\20190729_162851\ATMECS.csv'
2019-07-29 16:29:12,031|I|Thread-1|[secondAssignment.20190729_162852.001|Scenario2] saving test scenario
2019-07-29 16:29:12,154|I|Thread-1|[20190729_162851] 
/-TEST COMPLETE-----------------------------------------------------------------
| Test Output:    C:\projects\secondAssignment\output\20190729_162851\secondAssignment.20190729_162852.001.xlsx
| Iteration:      1
\-------------------------------------------------------------------------------
» Execution Time: 17353 ms
» Test Steps:     10
» Error(s):       0



2019-07-29 16:29:12,785|I|Thread-1|[20190729_162851] 
/-TEST COMPLETE-----------------------------------------------------------------
| Test Script:    C:\projects\secondAssignment\artifact\script\secondAssignment.xlsx
\-------------------------------------------------------------------------------
» Execution Time: 21185 ms
» Iterations:     [1] total 1
» Test Steps:     10
» Passed:         10
» Error(s):       0
» Iteration 1 of 1: C:\projects\secondAssignment\output\20190729_162851\secondAssignment.20190729_162852.001.xlsx



2019-07-29 16:29:13,546|I|main|[20190729_162851] [C:\projects\secondAssignment\artifact\script\secondAssignment.xlsx] now completed
2019-07-29 16:29:13,549|I|main|[20190729_162851] all execution thread(s) have terminated
2019-07-29 16:29:13,551|I|main|[20190729_162851] test run completed in about 22 seconds
2019-07-29 16:29:13,649|I|main|No predefined nexial-setup found
2019-07-29 16:29:13,682|I|main|outputBase not set; output-to-cloud DISABLED!
2019-07-29 16:29:13,683|I|main|accessKey not set; output-to-cloud DISABLED!
2019-07-29 16:29:13,683|I|main|secretKey not set; output-to-cloud DISABLED!
2019-07-29 16:29:13,685|I|main|generating HTML output for this execution to C:\projects\secondAssignment\output\20190729_162851\execution-output.html
2019-07-29 16:29:14,272|I|main|generating JUnit XML output for this execution to C:\projects\secondAssignment\output\20190729_162851\junit.xml
2019-07-29 16:29:14,322|I|main|generated JUnit report for this execution: C:\projects\secondAssignment\output\20190729_162851\junit.xml
2019-07-29 16:29:14,323|I|main|nexial mailer not enabled: nexial.enableEmail=false
2019-07-29 16:29:14,326|I|main|skipped email notification as configured
2019-07-29 16:29:14,329|I|main|exiting Nexial...
2019-07-29 16:29:14,330|I|main|shutdown starts...
2019-07-29 16:29:14,333|I|main|Shutting down 'chrome' webdriver...
2019-07-29 16:43:17,344|I|main|shutdown ends...
2019-07-29 16:43:17,349|I|main|

/-END OF EXECUTION--------------------------------------------------------------
| » Execution Time: 22 sec.
| » Test Steps....: 10
| » Passed........: 10
| » Failed........: 0
| » Success Rate..: 100.00%
\----------------------------------------------------------nexial-core 2.4_0567-

2019-07-29 16:43:17,350|I|main|ALL PASSED!
2019-07-29 16:43:17,353|I|main|End of Execution:
NEXIAL_OUTPUT:         C:\projects\secondAssignment\output\20190729_162851
NEXIAL_EXECUTION_HTML: C:\projects\secondAssignment\output\20190729_162851\execution-output.html
NEXIAL_JUNIT_XML:      C:\projects\secondAssignment\output\20190729_162851\junit.xml
NEXIAL_SUCCESS_RATE:   100.00%
NEXIAL_EXIT_STATUS:    0
