2019-07-29 11:40:02,876|I|Thread-1|(DELAYED) nexial-core 2.4_0567 starting up...
2019-07-29 11:40:02,876|I|Thread-1|(DELAYED) data file resolved as C:\Users\DEEPAN~1.PAT\AppData\Local\Temp\NOGQG\secondAssignment.data.xlsx
2019-07-29 11:40:02,876|I|Thread-1|(DELAYED) input files and output directory resolved...
2019-07-29 11:40:02,876|I|Thread-1|(DELAYED) No predefined nexial-setup found
2019-07-29 11:40:02,876|I|Thread-1|(DELAYED) [20190729_114002] [C:\projects\secondAssignment\artifact\script\secondAssignment.xlsx] resolve RUN ID as 20190729_114002
2019-07-29 11:40:02,876|I|Thread-1|(DELAYED) [20190729_114002] [C:\projects\secondAssignment\artifact\script\secondAssignment.xlsx] new thread started
2019-07-29 11:40:02,876|I|Thread-1|No predefined nexial-setup found
2019-07-29 11:40:02,954|I|Thread-1|outputBase not set; output-to-cloud DISABLED!
2019-07-29 11:40:02,954|I|Thread-1|accessKey not set; output-to-cloud DISABLED!
2019-07-29 11:40:02,954|I|Thread-1|secretKey not set; output-to-cloud DISABLED!
2019-07-29 11:40:02,986|I|Thread-1|missing REQUIRED configuration; sms DISABLED!
2019-07-29 11:40:03,751|I|Thread-1|[20190729_114002] executing C:\projects\secondAssignment\artifact\script\secondAssignment.xlsx with 1 iteration(s)
2019-07-29 11:40:03,751|I|Thread-1|[20190729_114002] create directory C:\projects\secondAssignment\output\20190729_114002\captures
2019-07-29 11:40:03,751|I|Thread-1|[20190729_114002] create directory C:\projects\secondAssignment\output\20190729_114002\logs
2019-07-29 11:40:04,485|I|Thread-1|[20190729_114002] merging test data to tmp file C:\projects\secondAssignment\output\20190729_114002\secondAssignment.20190729_114003.001.xlsx
2019-07-29 11:40:04,485|I|Thread-1|refetching data from C:\projects\secondAssignment\artifact\data\secondAssignment.data.xlsx
2019-07-29 11:40:04,798|I|Thread-1|[20190729_114002] test script and test data merged to C:\projects\secondAssignment\output\20190729_114002\secondAssignment.20190729_114003.001.xlsx
2019-07-29 11:40:05,564|I|Thread-1|STARTS
2019-07-29 11:40:05,596|I|Thread-1|secondAssignment.20190729_114003.001 - executing iteration #1 of 1; Iteration Id 1
2019-07-29 11:40:05,596|I|Thread-1|secondAssignment.20190729_114003.001|Scenario - executing test scenario
2019-07-29 11:40:05,596|I|Thread-1|secondAssignment.20190729_114003.001|Scenario|Activity 1 - executing activity
2019-07-29 11:40:06,205|I|Thread-1|secondAssignment.20190729_114003.001|Scenario|Activity 1|#  5|web.open(url) - executing open(url)(https://opensource-demo.orangehrmlive.com/)
2019-07-29 11:40:06,205|I|Thread-1|No valid instance of webdriver, initializing...
2019-07-29 11:40:06,205|I|Thread-1|init chrome
2019-07-29 11:40:12,185|I|Thread-1|browser initialization completed for 'chrome'
2019-07-29 11:40:12,217|I|Thread-1|setting browser polling wait time to 800 ms
2019-07-29 11:40:12,232|I|Thread-1|setting browser page load timeout to 10000 ms
2019-07-29 11:40:16,616|I|Thread-1|current browser window handle:CDwindow-9001226AFC0F72CA18EDC711AD5018AC
2019-07-29 11:40:16,648|I|Thread-1|secondAssignment.20190729_114003.001|Scenario|Activity 1|#  5|web.open(url) - PASS opened URL https://opensource-demo.orangehrmlive.com/
2019-07-29 11:40:17,269|I|Thread-1|secondAssignment.20190729_114003.001|Scenario|Activity 1|#  6|web.type(locator,value) - executing type(locator,value)(//*[@id="txtUsername"], Admin)
2019-07-29 11:40:17,454|I|Thread-1|secondAssignment.20190729_114003.001|Scenario|Activity 1|#  6|web.type(locator,value) - PASS typed text at '//*[@id="txtUsername"]'
2019-07-29 11:40:18,065|I|Thread-1|secondAssignment.20190729_114003.001|Scenario|Activity 1|#  7|web.type(locator,value) - executing type(locator,value)(//*[@id="txtPassword"], admin123)
2019-07-29 11:40:18,289|I|Thread-1|secondAssignment.20190729_114003.001|Scenario|Activity 1|#  7|web.type(locator,value) - PASS typed text at '//*[@id="txtPassword"]'
2019-07-29 11:40:18,900|I|Thread-1|secondAssignment.20190729_114003.001|Scenario|Activity 1|#  8|web.click(locator) - executing click(locator)(//*[@id="btnLogin"])
2019-07-29 11:40:18,963|I|Thread-1|clicking '//*[@id="btnLogin"]'...
2019-07-29 11:40:18,978|I|Thread-1|click target via JS, @id=btnLogin
2019-07-29 11:40:22,640|I|Thread-1|clicked -> true
2019-07-29 11:40:22,641|I|Thread-1|secondAssignment.20190729_114003.001|Scenario|Activity 1|#  8|web.click(locator) - PASS click via JS event
2019-07-29 11:40:23,243|I|Thread-1|secondAssignment.20190729_114003.001|Scenario|Activity 1|#  9|web.click(locator) - executing click(locator)(//*[@id="menu_pim_viewPimModule"]/b)
2019-07-29 11:40:23,303|I|Thread-1|clicking '//*[@id="menu_pim_viewPimModule"]/b'...
2019-07-29 11:40:23,315|I|Thread-1|click target via JS, @id=
2019-07-29 11:40:24,604|I|Thread-1|clicked -> true
2019-07-29 11:40:24,606|I|Thread-1|secondAssignment.20190729_114003.001|Scenario|Activity 1|#  9|web.click(locator) - PASS click via JS event
2019-07-29 11:40:25,211|I|Thread-1|secondAssignment.20190729_114003.001|Scenario|Activity 1|# 10|web.click(locator) - executing click(locator)(//*[@id="btnAdd"])
2019-07-29 11:40:25,275|I|Thread-1|clicking '//*[@id="btnAdd"]'...
2019-07-29 11:40:25,300|I|Thread-1|click target via JS, @id=btnAdd
2019-07-29 11:40:26,008|I|Thread-1|clicked -> true
2019-07-29 11:40:26,009|I|Thread-1|secondAssignment.20190729_114003.001|Scenario|Activity 1|# 10|web.click(locator) - PASS click via JS event
2019-07-29 11:40:26,612|I|Thread-1|secondAssignment.20190729_114003.001|Scenario|Activity 1|# 11|web.type(locator,value) - executing type(locator,value)(//*[@id="firstName"], Deepankar)
2019-07-29 11:40:26,791|I|Thread-1|secondAssignment.20190729_114003.001|Scenario|Activity 1|# 11|web.type(locator,value) - PASS typed text at '//*[@id="firstName"]'
2019-07-29 11:40:27,394|I|Thread-1|secondAssignment.20190729_114003.001|Scenario|Activity 1|# 12|web.type(locator,value) - executing type(locator,value)(//*[@id="lastName"], Pathak)
2019-07-29 11:40:27,576|I|Thread-1|secondAssignment.20190729_114003.001|Scenario|Activity 1|# 12|web.type(locator,value) - PASS typed text at '//*[@id="lastName"]'
2019-07-29 11:40:28,180|I|Thread-1|secondAssignment.20190729_114003.001|Scenario|Activity 1|# 13|web.type(locator,value) - executing type(locator,value)(//*[@id="employeeId"], 1060)
2019-07-29 11:40:28,370|I|Thread-1|secondAssignment.20190729_114003.001|Scenario|Activity 1|# 13|web.type(locator,value) - PASS typed text at '//*[@id="employeeId"]'
2019-07-29 11:40:28,974|I|Thread-1|secondAssignment.20190729_114003.001|Scenario|Activity 1|# 14|web.click(locator) - executing click(locator)(//*[@id="chkLogin"])
2019-07-29 11:40:29,036|I|Thread-1|clicking '//*[@id="chkLogin"]'...
2019-07-29 11:40:29,052|I|Thread-1|click target via JS, @id=chkLogin
2019-07-29 11:40:29,080|I|Thread-1|clicked -> true
2019-07-29 11:40:29,081|I|Thread-1|secondAssignment.20190729_114003.001|Scenario|Activity 1|# 14|web.click(locator) - PASS click via JS event
2019-07-29 11:40:29,685|I|Thread-1|secondAssignment.20190729_114003.001|Scenario|Activity 1|# 15|web.type(locator,value) - executing type(locator,value)(//*[@id="user_name"], deepankar.pathak)
2019-07-29 11:40:29,881|I|Thread-1|secondAssignment.20190729_114003.001|Scenario|Activity 1|# 15|web.type(locator,value) - PASS typed text at '//*[@id="user_name"]'
2019-07-29 11:40:30,484|I|Thread-1|secondAssignment.20190729_114003.001|Scenario|Activity 1|# 16|web.type(locator,value) - executing type(locator,value)(//*[@id="user_password"], deepankar)
2019-07-29 11:40:30,659|I|Thread-1|secondAssignment.20190729_114003.001|Scenario|Activity 1|# 16|web.type(locator,value) - PASS typed text at '//*[@id="user_password"]'
2019-07-29 11:40:31,263|I|Thread-1|secondAssignment.20190729_114003.001|Scenario|Activity 1|# 17|web.type(locator,value) - executing type(locator,value)(//*[@id="re_password"], deepankar)
2019-07-29 11:40:31,448|I|Thread-1|secondAssignment.20190729_114003.001|Scenario|Activity 1|# 17|web.type(locator,value) - PASS typed text at '//*[@id="re_password"]'
2019-07-29 11:40:32,052|I|Thread-1|secondAssignment.20190729_114003.001|Scenario|Activity 1|# 18|web.click(locator) - executing click(locator)(//*[@id="btnSave"])
2019-07-29 11:40:32,112|I|Thread-1|clicking '//*[@id="btnSave"]'...
2019-07-29 11:40:32,126|I|Thread-1|click target via JS, @id=btnSave
2019-07-29 11:40:33,093|I|Thread-1|clicked -> true
2019-07-29 11:40:33,095|I|Thread-1|secondAssignment.20190729_114003.001|Scenario|Activity 1|# 18|web.click(locator) - PASS click via JS event
2019-07-29 11:40:33,698|I|Thread-1|secondAssignment.20190729_114003.001|Scenario|Activity 1|# 19|web.click(locator) - executing click(locator)(//*[@id="menu_admin_viewAdminModule"]/b)
2019-07-29 11:40:33,756|I|Thread-1|clicking '//*[@id="menu_admin_viewAdminModule"]/b'...
2019-07-29 11:40:33,771|I|Thread-1|click target via JS, @id=
2019-07-29 11:40:34,980|I|Thread-1|clicked -> true
2019-07-29 11:40:34,983|I|Thread-1|secondAssignment.20190729_114003.001|Scenario|Activity 1|# 19|web.click(locator) - PASS click via JS event
2019-07-29 11:40:35,586|I|Thread-1|secondAssignment.20190729_114003.001|Scenario|Activity 1|# 20|web.type(locator,value) - executing type(locator,value)(//*[@id="searchSystemUser_userName"], deepankar.pathak)
2019-07-29 11:40:35,755|I|Thread-1|secondAssignment.20190729_114003.001|Scenario|Activity 1|# 20|web.type(locator,value) - PASS typed text at '//*[@id="searchSystemUser_userName"]'
2019-07-29 11:40:36,358|I|Thread-1|secondAssignment.20190729_114003.001|Scenario|Activity 1|# 21|web.type(locator,value) - executing type(locator,value)(//*[@id="searchSystemUser_employeeName_empName"], Deepankar Pathak)
2019-07-29 11:40:36,559|I|Thread-1|secondAssignment.20190729_114003.001|Scenario|Activity 1|# 21|web.type(locator,value) - PASS typed text at '//*[@id="searchSystemUser_employeeName_empName"]'
2019-07-29 11:40:37,162|I|Thread-1|secondAssignment.20190729_114003.001|Scenario|Activity 1|# 22|web.click(locator) - executing click(locator)(//*[@id="searchBtn"])
2019-07-29 11:40:37,218|I|Thread-1|clicking '//*[@id="searchBtn"]'...
2019-07-29 11:40:37,231|I|Thread-1|click target via JS, @id=searchBtn
2019-07-29 11:40:37,657|I|Thread-1|clicked -> true
2019-07-29 11:40:37,658|I|Thread-1|secondAssignment.20190729_114003.001|Scenario|Activity 1|# 22|web.click(locator) - PASS click via JS event
2019-07-29 11:40:38,260|I|Thread-1|secondAssignment.20190729_114003.001|Scenario|Activity 1|# 23|web.click(locator) - executing click(locator)(//*[@id="menu_leave_viewLeaveModule"]/b)
2019-07-29 11:40:38,318|I|Thread-1|clicking '//*[@id="menu_leave_viewLeaveModule"]/b'...
2019-07-29 11:40:38,333|I|Thread-1|click target via JS, @id=
2019-07-29 11:40:39,839|I|Thread-1|clicked -> true
2019-07-29 11:40:39,840|I|Thread-1|secondAssignment.20190729_114003.001|Scenario|Activity 1|# 23|web.click(locator) - PASS click via JS event
2019-07-29 11:40:40,444|I|Thread-1|secondAssignment.20190729_114003.001|Scenario|Activity 1|# 24|web.click(locator) - executing click(locator)(//*[@id="menu_leave_assignLeave"])
2019-07-29 11:40:40,508|I|Thread-1|clicking '//*[@id="menu_leave_assignLeave"]'...
2019-07-29 11:40:40,517|I|Thread-1|click target via JS, @id=menu_leave_assignLeave
2019-07-29 11:40:41,255|I|Thread-1|clicked -> true
2019-07-29 11:40:41,256|I|Thread-1|secondAssignment.20190729_114003.001|Scenario|Activity 1|# 24|web.click(locator) - PASS click via JS event
2019-07-29 11:40:41,857|I|Thread-1|secondAssignment.20190729_114003.001|Scenario|Activity 1|# 25|web.type(locator,value) - executing type(locator,value)(//*[@id="assignleave_txtEmployee_empName"], Deepankar Pathak)
2019-07-29 11:40:42,092|I|Thread-1|secondAssignment.20190729_114003.001|Scenario|Activity 1|# 25|web.type(locator,value) - PASS typed text at '//*[@id="assignleave_txtEmployee_empName"]'
2019-07-29 11:40:42,695|I|Thread-1|secondAssignment.20190729_114003.001|Scenario|Activity 1|# 26|web.select(locator,text) - executing select(locator,text)(//*[@id="assignleave_txtLeaveType"], Vacation US)
2019-07-29 11:40:42,870|I|Thread-1|secondAssignment.20190729_114003.001|Scenario|Activity 1|# 26|web.select(locator,text) - PASS selected 'Vacation US' from '//*[@id="assignleave_txtLeaveType"]'
2019-07-29 11:40:43,474|I|Thread-1|secondAssignment.20190729_114003.001|Scenario|Activity 1|# 27|web.click(locator) - executing click(locator)(//*[@id="frmLeaveApply"]/fieldset/ol/li[4]/img)
2019-07-29 11:40:43,523|I|Thread-1|clicking '//*[@id="frmLeaveApply"]/fieldset/ol/li[4]/img'...
2019-07-29 11:40:43,535|I|Thread-1|click target via JS, @id=
2019-07-29 11:40:43,580|I|Thread-1|clicked -> true
2019-07-29 11:40:43,581|I|Thread-1|secondAssignment.20190729_114003.001|Scenario|Activity 1|# 27|web.click(locator) - PASS click via JS event
2019-07-29 11:40:44,182|I|Thread-1|secondAssignment.20190729_114003.001|Scenario|Activity 1|# 28|web.click(locator) - executing click(locator)(//*[@id="ui-datepicker-div"]/table/tbody/tr[5]/td[2]/a)
2019-07-29 11:40:44,243|I|Thread-1|clicking '//*[@id="ui-datepicker-div"]/table/tbody/tr[5]/td[2]/a'...
2019-07-29 11:40:44,260|I|Thread-1|click target via JS, @id=
2019-07-29 11:40:44,292|I|Thread-1|clicked -> true
2019-07-29 11:40:44,294|I|Thread-1|secondAssignment.20190729_114003.001|Scenario|Activity 1|# 28|web.click(locator) - PASS click via JS event
2019-07-29 11:40:44,898|I|Thread-1|secondAssignment.20190729_114003.001|Scenario|Activity 1|# 29|web.click(locator) - executing click(locator)(//*[@id="frmLeaveApply"]/fieldset/ol/li[5]/img)
2019-07-29 11:40:44,954|I|Thread-1|clicking '//*[@id="frmLeaveApply"]/fieldset/ol/li[5]/img'...
2019-07-29 11:40:44,972|I|Thread-1|click target via JS, @id=
2019-07-29 11:40:45,012|I|Thread-1|clicked -> true
2019-07-29 11:40:45,013|I|Thread-1|secondAssignment.20190729_114003.001|Scenario|Activity 1|# 29|web.click(locator) - PASS click via JS event
2019-07-29 11:40:45,614|I|Thread-1|secondAssignment.20190729_114003.001|Scenario|Activity 1|# 30|web.click(locator) - executing click(locator)(//*[@id="ui-datepicker-div"]/table/tbody/tr[5]/td[3]/a)
2019-07-29 11:40:45,668|I|Thread-1|clicking '//*[@id="ui-datepicker-div"]/table/tbody/tr[5]/td[3]/a'...
2019-07-29 11:40:45,685|I|Thread-1|click target via JS, @id=
2019-07-29 11:40:45,709|I|Thread-1|clicked -> true
2019-07-29 11:40:45,710|I|Thread-1|secondAssignment.20190729_114003.001|Scenario|Activity 1|# 30|web.click(locator) - PASS click via JS event
2019-07-29 11:40:46,313|I|Thread-1|secondAssignment.20190729_114003.001|Scenario|Activity 1|# 31|web.type(locator,value) - executing type(locator,value)(//*[@id="assignleave_txtComment"], Sick Leave)
2019-07-29 11:40:46,506|I|Thread-1|secondAssignment.20190729_114003.001|Scenario|Activity 1|# 31|web.type(locator,value) - PASS typed text at '//*[@id="assignleave_txtComment"]'
2019-07-29 11:40:46,788|I|Thread-1|[secondAssignment.20190729_114003.001|Scenario] saving test scenario
2019-07-29 11:40:46,852|I|Thread-1|[20190729_114002] 
/-TEST COMPLETE-----------------------------------------------------------------
| Test Output:    C:\projects\secondAssignment\output\20190729_114002\secondAssignment.20190729_114003.001.xlsx
| Iteration:      1
\-------------------------------------------------------------------------------
» Execution Time: 41254 ms
» Test Steps:     27
» Error(s):       0



2019-07-29 11:40:47,849|I|Thread-1|[20190729_114002] 
/-TEST COMPLETE-----------------------------------------------------------------
| Test Script:    C:\projects\secondAssignment\artifact\script\secondAssignment.xlsx
\-------------------------------------------------------------------------------
» Execution Time: 45148 ms
» Iterations:     [1] total 1
» Test Steps:     27
» Passed:         27
» Error(s):       0
» Iteration 1 of 1: C:\projects\secondAssignment\output\20190729_114002\secondAssignment.20190729_114003.001.xlsx



2019-07-29 11:40:48,766|I|main|[20190729_114002] [C:\projects\secondAssignment\artifact\script\secondAssignment.xlsx] now completed
2019-07-29 11:40:48,769|I|main|[20190729_114002] all execution thread(s) have terminated
2019-07-29 11:40:48,770|I|main|[20190729_114002] test run completed in about 46 seconds
2019-07-29 11:40:48,893|I|main|No predefined nexial-setup found
2019-07-29 11:40:48,935|I|main|outputBase not set; output-to-cloud DISABLED!
2019-07-29 11:40:48,936|I|main|accessKey not set; output-to-cloud DISABLED!
2019-07-29 11:40:48,936|I|main|secretKey not set; output-to-cloud DISABLED!
2019-07-29 11:40:48,937|I|main|generating HTML output for this execution to C:\projects\secondAssignment\output\20190729_114002\execution-output.html
2019-07-29 11:40:49,684|I|main|generating JUnit XML output for this execution to C:\projects\secondAssignment\output\20190729_114002\junit.xml
2019-07-29 11:40:49,737|I|main|generated JUnit report for this execution: C:\projects\secondAssignment\output\20190729_114002\junit.xml
2019-07-29 11:40:49,739|I|main|nexial mailer not enabled: nexial.enableEmail=false
2019-07-29 11:40:49,739|I|main|skipped email notification as configured
2019-07-29 11:40:49,742|I|main|exiting Nexial...
2019-07-29 11:40:49,742|I|main|shutdown starts...
2019-07-29 11:40:49,745|I|main|Shutting down 'chrome' webdriver...
2019-07-29 11:40:55,471|I|main|shutdown ends...
2019-07-29 11:40:55,471|I|main|

/-END OF EXECUTION--------------------------------------------------------------
| » Execution Time: 46 sec.
| » Test Steps....: 27
| » Passed........: 27
| » Failed........: 0
| » Success Rate..: 100.00%
\----------------------------------------------------------nexial-core 2.4_0567-

2019-07-29 11:40:55,471|I|main|ALL PASSED!
2019-07-29 11:40:55,471|I|main|End of Execution:
NEXIAL_OUTPUT:         C:\projects\secondAssignment\output\20190729_114002
NEXIAL_EXECUTION_HTML: C:\projects\secondAssignment\output\20190729_114002\execution-output.html
NEXIAL_JUNIT_XML:      C:\projects\secondAssignment\output\20190729_114002\junit.xml
NEXIAL_SUCCESS_RATE:   100.00%
NEXIAL_EXIT_STATUS:    0
