2019-07-29 10:31:39,173|I|Thread-1|(DELAYED) nexial-core 2.4_0567 starting up...
2019-07-29 10:31:39,176|I|Thread-1|(DELAYED) data file resolved as C:\Users\DEEPAN~1.PAT\AppData\Local\Temp\OHvEW\secondAssignment.data.xlsx
2019-07-29 10:31:39,176|I|Thread-1|(DELAYED) input files and output directory resolved...
2019-07-29 10:31:39,176|I|Thread-1|(DELAYED) No predefined nexial-setup found
2019-07-29 10:31:39,176|I|Thread-1|(DELAYED) [20190729_103138] [C:\projects\secondAssignment\artifact\script\secondAssignment.xlsx] resolve RUN ID as 20190729_103138
2019-07-29 10:31:39,176|I|Thread-1|(DELAYED) [20190729_103138] [C:\projects\secondAssignment\artifact\script\secondAssignment.xlsx] new thread started
2019-07-29 10:31:39,176|I|Thread-1|No predefined nexial-setup found
2019-07-29 10:31:39,254|I|Thread-1|outputBase not set; output-to-cloud DISABLED!
2019-07-29 10:31:39,255|I|Thread-1|accessKey not set; output-to-cloud DISABLED!
2019-07-29 10:31:39,255|I|Thread-1|secretKey not set; output-to-cloud DISABLED!
2019-07-29 10:31:39,284|I|Thread-1|missing REQUIRED configuration; sms DISABLED!
2019-07-29 10:31:40,045|I|Thread-1|[20190729_103138] executing C:\projects\secondAssignment\artifact\script\secondAssignment.xlsx with 1 iteration(s)
2019-07-29 10:31:40,060|I|Thread-1|[20190729_103138] create directory C:\projects\secondAssignment\output\20190729_103138\captures
2019-07-29 10:31:40,062|I|Thread-1|[20190729_103138] create directory C:\projects\secondAssignment\output\20190729_103138\logs
2019-07-29 10:31:40,700|I|Thread-1|[20190729_103138] merging test data to tmp file C:\projects\secondAssignment\output\20190729_103138\secondAssignment.20190729_103140.001.xlsx
2019-07-29 10:31:40,702|I|Thread-1|refetching data from C:\projects\secondAssignment\artifact\data\secondAssignment.data.xlsx
2019-07-29 10:31:41,002|I|Thread-1|[20190729_103138] test script and test data merged to C:\projects\secondAssignment\output\20190729_103138\secondAssignment.20190729_103140.001.xlsx
2019-07-29 10:31:41,744|I|Thread-1|STARTS
2019-07-29 10:31:41,769|I|Thread-1|secondAssignment.20190729_103140.001 - executing iteration #1 of 1; Iteration Id 1
2019-07-29 10:31:41,778|I|Thread-1|secondAssignment.20190729_103140.001|Scenario - executing test scenario
2019-07-29 10:31:41,780|I|Thread-1|secondAssignment.20190729_103140.001|Scenario|Activity 1 - executing activity
2019-07-29 10:31:42,382|I|Thread-1|secondAssignment.20190729_103140.001|Scenario|Activity 1|#  5|web.open(url) - executing open(url)(https://opensource-demo.orangehrmlive.com/)
2019-07-29 10:31:42,386|I|Thread-1|No valid instance of webdriver, initializing...
2019-07-29 10:31:42,388|I|Thread-1|init chrome
2019-07-29 10:31:48,215|I|Thread-1|browser initialization completed for 'chrome'
2019-07-29 10:31:48,225|I|Thread-1|setting browser polling wait time to 800 ms
2019-07-29 10:31:48,229|I|Thread-1|setting browser page load timeout to 10000 ms
2019-07-29 10:31:51,619|I|Thread-1|current browser window handle:CDwindow-BB7ECD7BD90E14DD1A1E3CA9BC139302
2019-07-29 10:31:51,638|I|Thread-1|secondAssignment.20190729_103140.001|Scenario|Activity 1|#  5|web.open(url) - PASS opened URL https://opensource-demo.orangehrmlive.com/
2019-07-29 10:31:52,243|I|Thread-1|secondAssignment.20190729_103140.001|Scenario|Activity 1|#  6|web.type(locator,value) - executing type(locator,value)(//*[@id="txtUsername"], Admin)
2019-07-29 10:31:52,422|I|Thread-1|secondAssignment.20190729_103140.001|Scenario|Activity 1|#  6|web.type(locator,value) - PASS typed text at '//*[@id="txtUsername"]'
2019-07-29 10:31:53,028|I|Thread-1|secondAssignment.20190729_103140.001|Scenario|Activity 1|#  7|web.type(locator,value) - executing type(locator,value)(//*[@id="txtPassword"], admin123)
2019-07-29 10:31:53,186|I|Thread-1|secondAssignment.20190729_103140.001|Scenario|Activity 1|#  7|web.type(locator,value) - PASS typed text at '//*[@id="txtPassword"]'
2019-07-29 10:31:53,790|I|Thread-1|secondAssignment.20190729_103140.001|Scenario|Activity 1|#  8|web.click(locator) - executing click(locator)(//*[@id="btnLogin"])
2019-07-29 10:31:53,820|I|Thread-1|clicking '//*[@id="btnLogin"]'...
2019-07-29 10:31:53,833|I|Thread-1|click target via JS, @id=btnLogin
2019-07-29 10:31:55,343|I|Thread-1|clicked -> true
2019-07-29 10:31:55,346|I|Thread-1|secondAssignment.20190729_103140.001|Scenario|Activity 1|#  8|web.click(locator) - PASS click via JS event
2019-07-29 10:31:55,948|I|Thread-1|secondAssignment.20190729_103140.001|Scenario|Activity 1|#  9|web.click(locator) - executing click(locator)(//*[@id="menu_admin_viewAdminModule"]/b)
2019-07-29 10:31:56,935|I|Thread-1|clicking '//*[@id="menu_admin_viewAdminModule"]/b'...
2019-07-29 10:31:56,950|I|Thread-1|click target via JS, @id=
2019-07-29 10:31:58,157|I|Thread-1|clicked -> true
2019-07-29 10:31:58,159|I|Thread-1|secondAssignment.20190729_103140.001|Scenario|Activity 1|#  9|web.click(locator) - PASS click via JS event
2019-07-29 10:31:58,762|I|Thread-1|secondAssignment.20190729_103140.001|Scenario|Activity 1|# 10|web.click(locator) - executing click(locator)(//*[@id="btnAdd"])
2019-07-29 10:31:58,790|I|Thread-1|clicking '//*[@id="btnAdd"]'...
2019-07-29 10:31:58,805|I|Thread-1|click target via JS, @id=btnAdd
2019-07-29 10:31:59,502|I|Thread-1|clicked -> true
2019-07-29 10:31:59,504|I|Thread-1|secondAssignment.20190729_103140.001|Scenario|Activity 1|# 10|web.click(locator) - PASS click via JS event
2019-07-29 10:31:59,617|I|Thread-1|[secondAssignment.20190729_103140.001|Scenario] saving test scenario
2019-07-29 10:31:59,690|I|Thread-1|[20190729_103138] 
/-TEST COMPLETE-----------------------------------------------------------------
| Test Output:    C:\projects\secondAssignment\output\20190729_103138\secondAssignment.20190729_103140.001.xlsx
| Iteration:      1
\-------------------------------------------------------------------------------
» Execution Time: 17915 ms
» Test Steps:     6
» Error(s):       0



2019-07-29 10:32:00,559|I|Thread-1|[20190729_103138] 
/-TEST COMPLETE-----------------------------------------------------------------
| Test Script:    C:\projects\secondAssignment\artifact\script\secondAssignment.xlsx
\-------------------------------------------------------------------------------
» Execution Time: 21568 ms
» Iterations:     [1] total 1
» Test Steps:     6
» Passed:         6
» Error(s):       0
» Iteration 1 of 1: C:\projects\secondAssignment\output\20190729_103138\secondAssignment.20190729_103140.001.xlsx



2019-07-29 10:32:00,951|I|main|[20190729_103138] [C:\projects\secondAssignment\artifact\script\secondAssignment.xlsx] now completed
2019-07-29 10:32:00,952|I|main|[20190729_103138] all execution thread(s) have terminated
2019-07-29 10:32:00,952|I|main|[20190729_103138] test run completed in about 22 seconds
2019-07-29 10:32:01,032|I|main|No predefined nexial-setup found
2019-07-29 10:32:01,067|I|main|outputBase not set; output-to-cloud DISABLED!
2019-07-29 10:32:01,068|I|main|accessKey not set; output-to-cloud DISABLED!
2019-07-29 10:32:01,069|I|main|secretKey not set; output-to-cloud DISABLED!
2019-07-29 10:32:01,070|I|main|generating HTML output for this execution to C:\projects\secondAssignment\output\20190729_103138\execution-output.html
2019-07-29 10:32:01,853|I|main|generating JUnit XML output for this execution to C:\projects\secondAssignment\output\20190729_103138\junit.xml
2019-07-29 10:32:01,952|I|main|generated JUnit report for this execution: C:\projects\secondAssignment\output\20190729_103138\junit.xml
2019-07-29 10:32:01,954|I|main|nexial mailer not enabled: nexial.enableEmail=false
2019-07-29 10:32:01,955|I|main|skipped email notification as configured
2019-07-29 10:32:01,956|I|main|exiting Nexial...
2019-07-29 10:32:01,956|I|main|shutdown starts...
2019-07-29 10:32:01,958|I|main|Shutting down 'chrome' webdriver...
2019-07-29 10:32:07,684|I|main|shutdown ends...
2019-07-29 10:32:07,691|I|main|

/-END OF EXECUTION--------------------------------------------------------------
| » Execution Time: 22 sec.
| » Test Steps....: 6
| » Passed........: 6
| » Failed........: 0
| » Success Rate..: 100.00%
\----------------------------------------------------------nexial-core 2.4_0567-

2019-07-29 10:32:07,694|I|main|ALL PASSED!
2019-07-29 10:32:07,702|I|main|End of Execution:
NEXIAL_OUTPUT:         C:\projects\secondAssignment\output\20190729_103138
NEXIAL_EXECUTION_HTML: C:\projects\secondAssignment\output\20190729_103138\execution-output.html
NEXIAL_JUNIT_XML:      C:\projects\secondAssignment\output\20190729_103138\junit.xml
NEXIAL_SUCCESS_RATE:   100.00%
NEXIAL_EXIT_STATUS:    0
