2019-07-20 15:32:48,848|I|Thread-1|(DELAYED) nexial-core dev_0581 starting up...
2019-07-20 15:32:48,850|I|Thread-1|(DELAYED) data file resolved as C:\Users\DEEPAN~1\AppData\Local\Temp\yzmdJ\firstEvaluation.data.xlsx
2019-07-20 15:32:48,850|I|Thread-1|(DELAYED) input files and output directory resolved...
2019-07-20 15:32:48,850|I|Thread-1|(DELAYED) No predefined nexial-setup found
2019-07-20 15:32:48,850|I|Thread-1|(DELAYED) [20190720_153248] [C:\projects\firstEvaluation\artifact\script\firstEvaluation.xlsx] resolve RUN ID as 20190720_153248
2019-07-20 15:32:48,850|I|Thread-1|(DELAYED) [20190720_153248] [C:\projects\firstEvaluation\artifact\script\firstEvaluation.xlsx] new thread started
2019-07-20 15:32:48,869|I|Thread-1|No predefined nexial-setup found
2019-07-20 15:32:48,919|I|Thread-1|outputBase not set; output-to-cloud DISABLED!
2019-07-20 15:32:48,919|I|Thread-1|accessKey not set; output-to-cloud DISABLED!
2019-07-20 15:32:48,919|I|Thread-1|secretKey not set; output-to-cloud DISABLED!
2019-07-20 15:32:49,006|I|Thread-1|missing REQUIRED configuration; sms DISABLED!
2019-07-20 15:32:49,684|I|Thread-1|[20190720_153248] executing C:\projects\firstEvaluation\artifact\script\firstEvaluation.xlsx with 1 iteration(s)
2019-07-20 15:32:49,689|I|Thread-1|[20190720_153248] create directory C:\projects\firstEvaluation\output\20190720_153248\captures
2019-07-20 15:32:49,689|I|Thread-1|[20190720_153248] create directory C:\projects\firstEvaluation\output\20190720_153248\logs
2019-07-20 15:32:49,975|I|Thread-1|[20190720_153248] merging test data to tmp file C:\projects\firstEvaluation\output\20190720_153248\firstEvaluation.20190720_153249.001.xlsx
2019-07-20 15:32:49,975|I|Thread-1|refetching data from C:\projects\firstEvaluation\artifact\data\firstEvaluation.data.xlsx
2019-07-20 15:32:50,129|I|Thread-1|[20190720_153248] test script and test data merged to C:\projects\firstEvaluation\output\20190720_153248\firstEvaluation.20190720_153249.001.xlsx
2019-07-20 15:32:50,607|I|Thread-1|STARTS
2019-07-20 15:32:50,625|I|Thread-1|firstEvaluation.20190720_153249.001 - executing iteration #1 of 1; Iteration Id 1
2019-07-20 15:32:50,629|I|Thread-1|firstEvaluation.20190720_153249.001|JsonScenario - executing test scenario
2019-07-20 15:32:50,629|I|Thread-1|firstEvaluation.20190720_153249.001|JsonScenario|Activity 1 - executing activity
2019-07-20 15:32:51,230|I|Thread-1|firstEvaluation.20190720_153249.001|JsonScenario|Activity 1|#  5|json.storeValues(json,jso - executing storeValues(json,jsonpath,var)($(syspath|data|fullpath)/example_2.json, products[supplier=Wisozk Inc].product_name, productNames)
2019-07-20 15:32:51,300|I|Thread-1|firstEvaluation.20190720_153249.001|JsonScenario|Activity 1|#  5|json.storeValues(json,jso - PASS EXPECTED match against 'products[supplier=Wisozk Inc].product_name' stored to ${productNames}
2019-07-20 15:32:51,902|I|Thread-1|firstEvaluation.20190720_153249.001|JsonScenario|Activity 1|#  6|base.verbose(text) - executing verbose(text)(${productNames})
2019-07-20 15:32:51,902|I|Thread-1|firstEvaluation.20190720_153249.001|JsonScenario|Activity 1|#  6|base.verbose(text) - ["sildenafil citrate","Mountain Juniperus ashei"]
2019-07-20 15:32:52,046|I|Thread-1|firstEvaluation.20190720_153249.001|JsonScenario|Activity 1|#  6|base.verbose(text) - PASS 
2019-07-20 15:32:52,049|I|Thread-1|firstEvaluation.20190720_153249.001|JsonScenario|Activity 2 - executing activity
2019-07-20 15:32:52,651|I|Thread-1|firstEvaluation.20190720_153249.001|JsonScenario|Activity 2|#  7|json.storeValues(json,jso - executing storeValues(json,jsonpath,var)($(syspath|data|fullpath)/example_2.json, products[supplier=Wisozk Inc].quantity, quantityList)
2019-07-20 15:32:52,656|I|Thread-1|firstEvaluation.20190720_153249.001|JsonScenario|Activity 2|#  7|json.storeValues(json,jso - PASS EXPECTED match against 'products[supplier=Wisozk Inc].quantity' stored to ${quantityList}
2019-07-20 15:32:53,257|I|Thread-1|firstEvaluation.20190720_153249.001|JsonScenario|Activity 2|#  8|json.storeValues(json,jso - executing storeValues(json,jsonpath,var)($(syspath|data|fullpath)/example_2.json, products[supplier=Wisozk Inc].unit_cost, unit_costList)
2019-07-20 15:32:53,260|I|Thread-1|firstEvaluation.20190720_153249.001|JsonScenario|Activity 2|#  8|json.storeValues(json,jso - PASS EXPECTED match against 'products[supplier=Wisozk Inc].unit_cost' stored to ${unit_costList}
2019-07-20 15:32:53,866|I|Thread-1|firstEvaluation.20190720_153249.001|JsonScenario|Activity 2|#  9|base.save(var,value) - executing save(var,value)(sumTotal, 0)
2019-07-20 15:32:53,866|I|Thread-1|firstEvaluation.20190720_153249.001|JsonScenario|Activity 2|#  9|base.save(var,value) - PASS stored '0' as ${sumTotal}
2019-07-20 15:32:54,471|I|Thread-1|firstEvaluation.20190720_153249.001|JsonScenario|Activity 2|# 10|base.save(var,value) - executing save(var,value)(counter, 1)
2019-07-20 15:32:54,471|I|Thread-1|firstEvaluation.20190720_153249.001|JsonScenario|Activity 2|# 10|base.save(var,value) - PASS stored '1' as ${counter}
2019-07-20 15:32:55,072|I|Thread-1|firstEvaluation.20190720_153249.001|JsonScenario|Activity 2|# 11|base.save(var,value) - executing save(var,value)(length, $(array|length|${quantityList}))
2019-07-20 15:32:55,074|I|Thread-1|firstEvaluation.20190720_153249.001|JsonScenario|Activity 2|# 11|base.save(var,value) - PASS stored '2' as ${length}
2019-07-20 15:32:55,675|I|Thread-1|firstEvaluation.20190720_153249.001|JsonScenario|Activity 2|# 12|base.save(var,value) - executing save(var,value)(mulValue, 0)
2019-07-20 15:32:55,676|I|Thread-1|firstEvaluation.20190720_153249.001|JsonScenario|Activity 2|# 12|base.save(var,value) - PASS stored '0' as ${mulValue}
2019-07-20 15:32:56,278|I|Thread-1|firstEvaluation.20190720_153249.001|JsonScenario|Activity 2|# 13|base.verbose(text) - executing verbose(text)(${unit_costList})
2019-07-20 15:32:56,279|I|Thread-1|firstEvaluation.20190720_153249.001|JsonScenario|Activity 2|# 13|base.verbose(text) - [10.47,8.74]
2019-07-20 15:32:56,281|I|Thread-1|firstEvaluation.20190720_153249.001|JsonScenario|Activity 2|# 13|base.verbose(text) - PASS 
2019-07-20 15:32:56,885|I|Thread-1|firstEvaluation.20190720_153249.001|JsonScenario|Activity 2|# 14|base.repeatUntil(steps,ma - executing repeatUntil(steps,maxWaitMs)(6, -1)
2019-07-20 15:32:56,885|I|Thread-1|firstEvaluation.20190720_153249.001|JsonScenario|Activity 2|# 15|base.assertEqual(expected - 
<[repeat-until] entering loop #1 --------------------------------------------->
2019-07-20 15:32:56,885|I|Thread-1|firstEvaluation.20190720_153249.001|JsonScenario|Activity 2|# 15|base.assertEqual(expected - executing assertEqual(expected,actual)(${length}, ${counter})
2019-07-20 15:32:56,890|I|Thread-1|firstEvaluation.20190720_153249.001|JsonScenario|Activity 2|# 16|base.save(var,value) - executing save(var,value)(unit_cost, $(array|item|${unit_costList}|${counter}))
2019-07-20 15:32:56,890|I|Thread-1|firstEvaluation.20190720_153249.001|JsonScenario|Activity 2|# 16|base.save(var,value) - [repeat-until] PASS stored '8.74' as ${unit_cost}
2019-07-20 15:32:56,890|I|Thread-1|firstEvaluation.20190720_153249.001|JsonScenario|Activity 2|# 17|base.save(var,value) - executing save(var,value)(quantity, $(array|item|${quantityList}|0))
2019-07-20 15:32:56,895|I|Thread-1|firstEvaluation.20190720_153249.001|JsonScenario|Activity 2|# 17|base.save(var,value) - [repeat-until] PASS stored '261' as ${quantity}
2019-07-20 15:32:56,900|I|Thread-1|firstEvaluation.20190720_153249.001|JsonScenario|Activity 2|# 18|base.save(var,value) - executing save(var,value)(mulValue, [NUMBER(${unit_cost}) => multiply(${quantity})])
2019-07-20 15:32:56,915|I|Thread-1|firstEvaluation.20190720_153249.001|JsonScenario|Activity 2|# 18|base.save(var,value) - [repeat-until] PASS stored '2281.14' as ${mulValue}
2019-07-20 15:32:56,920|I|Thread-1|firstEvaluation.20190720_153249.001|JsonScenario|Activity 2|# 19|base.save(var,value) - executing save(var,value)(sumTotal, [NUMBER(${sumTotal}) => add(${mulValue})])
2019-07-20 15:32:56,925|I|Thread-1|firstEvaluation.20190720_153249.001|JsonScenario|Activity 2|# 19|base.save(var,value) - [repeat-until] PASS stored '2281.14' as ${sumTotal}
2019-07-20 15:32:56,930|I|Thread-1|firstEvaluation.20190720_153249.001|JsonScenario|Activity 2|# 20|number.increment(var,amou - executing increment(var,amount)(counter, 1)
2019-07-20 15:32:56,930|I|Thread-1|firstEvaluation.20190720_153249.001|JsonScenario|Activity 2|# 20|number.increment(var,amou - [repeat-until] PASS incremented ${counter} by 1 to 2
2019-07-20 15:32:56,935|I|Thread-1|firstEvaluation.20190720_153249.001|JsonScenario|Activity 2|# 15|base.assertEqual(expected - 
<[repeat-until] entering loop #2 --------------------------------------------->
2019-07-20 15:32:56,935|I|Thread-1|firstEvaluation.20190720_153249.001|JsonScenario|Activity 2|# 15|base.assertEqual(expected - executing assertEqual(expected,actual)(${length}, ${counter})
2019-07-20 15:32:56,995|I|Thread-1|firstEvaluation.20190720_153249.001|JsonScenario|Activity 2|# 14|base.repeatUntil(steps,ma - PASS repeat-until execution completed
2019-07-20 15:32:57,599|I|Thread-1|firstEvaluation.20190720_153249.001|JsonScenario|Activity 2|# 21|base.verbose(text) - executing verbose(text)(${sumTotal})
2019-07-20 15:32:57,599|I|Thread-1|firstEvaluation.20190720_153249.001|JsonScenario|Activity 2|# 21|base.verbose(text) - 2281.14
2019-07-20 15:32:57,599|I|Thread-1|firstEvaluation.20190720_153249.001|JsonScenario|Activity 2|# 21|base.verbose(text) - PASS 
2019-07-20 15:32:57,754|I|Thread-1|[firstEvaluation.20190720_153249.001|JsonScenario] saving test scenario
2019-07-20 15:32:57,891|I|Thread-1|[20190720_153248] 
/-TEST COMPLETE-----------------------------------------------------------------
| Test Output:    C:\projects\firstEvaluation\output\20190720_153248\firstEvaluation.20190720_153249.001.xlsx
| Iteration:      1
\-------------------------------------------------------------------------------
» Execution Time: 7261 ms
» Test Steps:     11
» Error(s):       0



2019-07-20 15:32:59,792|I|Thread-1|[20190720_153248] 
/-TEST COMPLETE-----------------------------------------------------------------
| Test Script:    C:\projects\firstEvaluation\artifact\script\firstEvaluation.xlsx
\-------------------------------------------------------------------------------
» Execution Time: 11048 ms
» Iterations:     [1] total 1
» Test Steps:     11
» Passed:         11
» Error(s):       0
» Iteration 1 of 1: C:\projects\firstEvaluation\output\20190720_153248\firstEvaluation.20190720_153249.001.xlsx



2019-07-20 15:33:00,725|I|main|[20190720_153248] [C:\projects\firstEvaluation\artifact\script\firstEvaluation.xlsx] now completed
2019-07-20 15:33:00,730|I|main|[20190720_153248] all execution thread(s) have terminated
2019-07-20 15:33:00,740|I|main|[20190720_153248] test run completed in about 12 seconds
2019-07-20 15:33:00,920|I|main|No predefined nexial-setup found
2019-07-20 15:33:00,980|I|main|outputBase not set; output-to-cloud DISABLED!
2019-07-20 15:33:00,985|I|main|accessKey not set; output-to-cloud DISABLED!
2019-07-20 15:33:00,985|I|main|secretKey not set; output-to-cloud DISABLED!
2019-07-20 15:33:00,985|I|main|generating HTML output for this execution to C:\projects\firstEvaluation\output\20190720_153248\execution-output.html
2019-07-20 15:33:01,629|I|main|generating JUnit XML output for this execution to C:\projects\firstEvaluation\output\20190720_153248\junit.xml
2019-07-20 15:33:01,674|I|main|generated JUnit report for this execution: C:\projects\firstEvaluation\output\20190720_153248\junit.xml
2019-07-20 15:33:01,725|I|main|nexial mailer not enabled: nexial.enableEmail=false
2019-07-20 15:33:01,725|I|main|skipped email notification as configured
2019-07-20 15:33:01,729|I|main|exiting Nexial...
2019-07-20 15:33:01,729|I|main|

/-END OF EXECUTION--------------------------------------------------------------
| » Execution Time: 12 sec.
| » Test Steps....: 11
| » Passed........: 11
| » Failed........: 0
| » Success Rate..: 100.00%
\----------------------------------------------------------nexial-core dev_0581-

2019-07-20 15:33:01,734|I|main|ALL PASSED!
2019-07-20 15:33:01,734|I|main|End of Execution:
NEXIAL_OUTPUT:         C:\projects\firstEvaluation\output\20190720_153248
NEXIAL_EXECUTION_HTML: C:\projects\firstEvaluation\output\20190720_153248\execution-output.html
NEXIAL_JUNIT_XML:      C:\projects\firstEvaluation\output\20190720_153248\junit.xml
NEXIAL_SUCCESS_RATE:   100.00%
NEXIAL_EXIT_STATUS:    0
