2019-07-29 10:57:06,489|I|Thread-1|(DELAYED) nexial-core 2.4_0567 starting up...
2019-07-29 10:57:06,493|I|Thread-1|(DELAYED) data file resolved as C:\Users\DEEPAN~1.PAT\AppData\Local\Temp\qKhIa\secondAssignment.data.xlsx
2019-07-29 10:57:06,493|I|Thread-1|(DELAYED) input files and output directory resolved...
2019-07-29 10:57:06,493|I|Thread-1|(DELAYED) No predefined nexial-setup found
2019-07-29 10:57:06,493|I|Thread-1|(DELAYED) [20190729_105706] [C:\projects\secondAssignment\artifact\script\secondAssignment.xlsx] resolve RUN ID as 20190729_105706
2019-07-29 10:57:06,493|I|Thread-1|(DELAYED) [20190729_105706] [C:\projects\secondAssignment\artifact\script\secondAssignment.xlsx] new thread started
2019-07-29 10:57:06,494|I|Thread-1|No predefined nexial-setup found
2019-07-29 10:57:06,587|I|Thread-1|outputBase not set; output-to-cloud DISABLED!
2019-07-29 10:57:06,588|I|Thread-1|accessKey not set; output-to-cloud DISABLED!
2019-07-29 10:57:06,588|I|Thread-1|secretKey not set; output-to-cloud DISABLED!
2019-07-29 10:57:06,614|I|Thread-1|missing REQUIRED configuration; sms DISABLED!
2019-07-29 10:57:07,417|I|Thread-1|[20190729_105706] executing C:\projects\secondAssignment\artifact\script\secondAssignment.xlsx with 1 iteration(s)
2019-07-29 10:57:07,423|I|Thread-1|[20190729_105706] create directory C:\projects\secondAssignment\output\20190729_105706\captures
2019-07-29 10:57:07,424|I|Thread-1|[20190729_105706] create directory C:\projects\secondAssignment\output\20190729_105706\logs
2019-07-29 10:57:08,106|I|Thread-1|[20190729_105706] merging test data to tmp file C:\projects\secondAssignment\output\20190729_105706\secondAssignment.20190729_105707.001.xlsx
2019-07-29 10:57:08,108|I|Thread-1|refetching data from C:\projects\secondAssignment\artifact\data\secondAssignment.data.xlsx
2019-07-29 10:57:08,426|I|Thread-1|[20190729_105706] test script and test data merged to C:\projects\secondAssignment\output\20190729_105706\secondAssignment.20190729_105707.001.xlsx
2019-07-29 10:57:09,217|I|Thread-1|STARTS
2019-07-29 10:57:09,244|I|Thread-1|secondAssignment.20190729_105707.001 - executing iteration #1 of 1; Iteration Id 1
2019-07-29 10:57:09,251|I|Thread-1|secondAssignment.20190729_105707.001|Scenario - executing test scenario
2019-07-29 10:57:09,254|I|Thread-1|secondAssignment.20190729_105707.001|Scenario|Activity 1 - executing activity
2019-07-29 10:57:09,857|I|Thread-1|secondAssignment.20190729_105707.001|Scenario|Activity 1|#  5|web.open(url) - executing open(url)(https://opensource-demo.orangehrmlive.com/)
2019-07-29 10:57:09,870|I|Thread-1|No valid instance of webdriver, initializing...
2019-07-29 10:57:09,877|I|Thread-1|init chrome
2019-07-29 10:57:15,721|I|Thread-1|browser initialization completed for 'chrome'
2019-07-29 10:57:15,729|I|Thread-1|setting browser polling wait time to 800 ms
2019-07-29 10:57:15,732|I|Thread-1|setting browser page load timeout to 10000 ms
2019-07-29 10:57:19,992|I|Thread-1|current browser window handle:CDwindow-4D7D4CB9B9957B4C772388D391ED3E58
2019-07-29 10:57:20,012|I|Thread-1|secondAssignment.20190729_105707.001|Scenario|Activity 1|#  5|web.open(url) - PASS opened URL https://opensource-demo.orangehrmlive.com/
2019-07-29 10:57:20,617|I|Thread-1|secondAssignment.20190729_105707.001|Scenario|Activity 1|#  6|web.type(locator,value) - executing type(locator,value)(//*[@id="txtUsername"], Admin)
2019-07-29 10:57:20,768|I|Thread-1|secondAssignment.20190729_105707.001|Scenario|Activity 1|#  6|web.type(locator,value) - PASS typed text at '//*[@id="txtUsername"]'
2019-07-29 10:57:21,373|I|Thread-1|secondAssignment.20190729_105707.001|Scenario|Activity 1|#  7|web.type(locator,value) - executing type(locator,value)(//*[@id="txtPassword"], admin123)
2019-07-29 10:57:21,514|I|Thread-1|secondAssignment.20190729_105707.001|Scenario|Activity 1|#  7|web.type(locator,value) - PASS typed text at '//*[@id="txtPassword"]'
2019-07-29 10:57:22,117|I|Thread-1|secondAssignment.20190729_105707.001|Scenario|Activity 1|#  8|web.click(locator) - executing click(locator)(//*[@id="btnLogin"])
2019-07-29 10:57:22,140|I|Thread-1|clicking '//*[@id="btnLogin"]'...
2019-07-29 10:57:22,151|I|Thread-1|click target via JS, @id=btnLogin
2019-07-29 10:57:23,889|I|Thread-1|clicked -> true
2019-07-29 10:57:23,891|I|Thread-1|secondAssignment.20190729_105707.001|Scenario|Activity 1|#  8|web.click(locator) - PASS click via JS event
2019-07-29 10:57:24,494|I|Thread-1|secondAssignment.20190729_105707.001|Scenario|Activity 1|#  9|web.click(locator) - executing click(locator)(//*[@id="menu_pim_viewPimModule"]/b)
2019-07-29 10:57:25,640|I|Thread-1|clicking '//*[@id="menu_pim_viewPimModule"]/b'...
2019-07-29 10:57:25,652|I|Thread-1|click target via JS, @id=
2019-07-29 10:57:26,911|I|Thread-1|clicked -> true
2019-07-29 10:57:26,912|I|Thread-1|secondAssignment.20190729_105707.001|Scenario|Activity 1|#  9|web.click(locator) - PASS click via JS event
2019-07-29 10:57:27,517|I|Thread-1|secondAssignment.20190729_105707.001|Scenario|Activity 1|# 10|web.click(locator) - executing click(locator)(//*[@id="btnAdd"])
2019-07-29 10:57:27,567|I|Thread-1|clicking '//*[@id="btnAdd"]'...
2019-07-29 10:57:27,577|I|Thread-1|click target via JS, @id=btnAdd
2019-07-29 10:57:28,275|I|Thread-1|clicked -> true
2019-07-29 10:57:28,276|I|Thread-1|secondAssignment.20190729_105707.001|Scenario|Activity 1|# 10|web.click(locator) - PASS click via JS event
2019-07-29 10:57:28,878|I|Thread-1|secondAssignment.20190729_105707.001|Scenario|Activity 1|# 11|web.type(locator,value) - executing type(locator,value)(//*[@id="firstName"], Deepankar)
2019-07-29 10:57:29,074|I|Thread-1|secondAssignment.20190729_105707.001|Scenario|Activity 1|# 11|web.type(locator,value) - PASS typed text at '//*[@id="firstName"]'
2019-07-29 10:57:29,677|I|Thread-1|secondAssignment.20190729_105707.001|Scenario|Activity 1|# 12|web.type(locator,value) - executing type(locator,value)(//*[@id="lastName"], Pathak)
2019-07-29 10:57:29,848|I|Thread-1|secondAssignment.20190729_105707.001|Scenario|Activity 1|# 12|web.type(locator,value) - PASS typed text at '//*[@id="lastName"]'
2019-07-29 10:57:30,452|I|Thread-1|secondAssignment.20190729_105707.001|Scenario|Activity 1|# 13|web.type(locator,value) - executing type(locator,value)(//*[@id="employeeId"], 1055)
2019-07-29 10:57:30,619|I|Thread-1|secondAssignment.20190729_105707.001|Scenario|Activity 1|# 13|web.type(locator,value) - PASS typed text at '//*[@id="employeeId"]'
2019-07-29 10:57:31,222|I|Thread-1|secondAssignment.20190729_105707.001|Scenario|Activity 1|# 14|web.click(locator) - executing click(locator)(//*[@id="chkLogin"])
2019-07-29 10:57:31,271|I|Thread-1|clicking '//*[@id="chkLogin"]'...
2019-07-29 10:57:31,284|I|Thread-1|click target via JS, @id=chkLogin
2019-07-29 10:57:31,303|I|Thread-1|clicked -> true
2019-07-29 10:57:31,304|I|Thread-1|secondAssignment.20190729_105707.001|Scenario|Activity 1|# 14|web.click(locator) - PASS click via JS event
2019-07-29 10:57:31,905|I|Thread-1|secondAssignment.20190729_105707.001|Scenario|Activity 1|# 15|web.type(locator,value) - executing type(locator,value)(//*[@id="user_name"], deep3008)
2019-07-29 10:57:32,077|I|Thread-1|secondAssignment.20190729_105707.001|Scenario|Activity 1|# 15|web.type(locator,value) - PASS typed text at '//*[@id="user_name"]'
2019-07-29 10:57:32,682|I|Thread-1|secondAssignment.20190729_105707.001|Scenario|Activity 1|# 16|web.type(locator,value) - executing type(locator,value)(//*[@id="user_password"], deepankar)
2019-07-29 10:57:32,873|I|Thread-1|secondAssignment.20190729_105707.001|Scenario|Activity 1|# 16|web.type(locator,value) - PASS typed text at '//*[@id="user_password"]'
2019-07-29 10:57:33,476|I|Thread-1|secondAssignment.20190729_105707.001|Scenario|Activity 1|# 17|web.type(locator,value) - executing type(locator,value)(//*[@id="re_password"], deepankar)
2019-07-29 10:57:33,661|I|Thread-1|secondAssignment.20190729_105707.001|Scenario|Activity 1|# 17|web.type(locator,value) - PASS typed text at '//*[@id="re_password"]'
2019-07-29 10:57:34,265|I|Thread-1|secondAssignment.20190729_105707.001|Scenario|Activity 1|# 18|web.click(locator) - executing click(locator)(//*[@id="btnSave"])
2019-07-29 10:57:34,312|I|Thread-1|clicking '//*[@id="btnSave"]'...
2019-07-29 10:57:34,324|I|Thread-1|click target via JS, @id=btnSave
2019-07-29 10:57:35,279|I|Thread-1|clicked -> true
2019-07-29 10:57:35,281|I|Thread-1|secondAssignment.20190729_105707.001|Scenario|Activity 1|# 18|web.click(locator) - PASS click via JS event
2019-07-29 10:57:35,886|I|Thread-1|secondAssignment.20190729_105707.001|Scenario|Activity 1|# 19|web.click(locator) - executing click(locator)(//*[@id="menu_admin_viewAdminModule"]/b)
2019-07-29 10:57:35,944|I|Thread-1|clicking '//*[@id="menu_admin_viewAdminModule"]/b'...
2019-07-29 10:57:35,958|I|Thread-1|click target via JS, @id=
2019-07-29 10:57:37,147|I|Thread-1|clicked -> true
2019-07-29 10:57:37,151|I|Thread-1|secondAssignment.20190729_105707.001|Scenario|Activity 1|# 19|web.click(locator) - PASS click via JS event
2019-07-29 10:57:37,755|I|Thread-1|secondAssignment.20190729_105707.001|Scenario|Activity 1|# 20|web.type(locator,value) - executing type(locator,value)(//*[@id="searchSystemUser_userName"], deep3008)
2019-07-29 10:57:37,945|I|Thread-1|secondAssignment.20190729_105707.001|Scenario|Activity 1|# 20|web.type(locator,value) - PASS typed text at '//*[@id="searchSystemUser_userName"]'
2019-07-29 10:57:38,549|I|Thread-1|secondAssignment.20190729_105707.001|Scenario|Activity 1|# 21|web.type(locator,value) - executing type(locator,value)(//*[@id="searchSystemUser_employeeName_empName"], Deepankar Pathak)
2019-07-29 10:57:38,749|I|Thread-1|secondAssignment.20190729_105707.001|Scenario|Activity 1|# 21|web.type(locator,value) - PASS typed text at '//*[@id="searchSystemUser_employeeName_empName"]'
2019-07-29 10:57:39,353|I|Thread-1|secondAssignment.20190729_105707.001|Scenario|Activity 1|# 22|web.click(locator) - executing click(locator)(//*[@id="searchBtn"])
2019-07-29 10:57:39,404|I|Thread-1|clicking '//*[@id="searchBtn"]'...
2019-07-29 10:57:39,418|I|Thread-1|click target via JS, @id=searchBtn
2019-07-29 10:57:39,864|I|Thread-1|clicked -> true
2019-07-29 10:57:39,866|I|Thread-1|secondAssignment.20190729_105707.001|Scenario|Activity 1|# 22|web.click(locator) - PASS click via JS event
2019-07-29 10:57:40,468|I|Thread-1|secondAssignment.20190729_105707.001|Scenario|Activity 1|# 23|web.click(locator) - executing click(locator)(//*[@id="ohrmList_chkSelectRecord_18"])
2019-07-29 10:57:40,515|I|Thread-1|clicking '//*[@id="ohrmList_chkSelectRecord_18"]'...
2019-07-29 10:57:40,529|I|Thread-1|click target via JS, @id=ohrmList_chkSelectRecord_18
2019-07-29 10:57:40,543|I|Thread-1|clicked -> true
2019-07-29 10:57:40,544|I|Thread-1|secondAssignment.20190729_105707.001|Scenario|Activity 1|# 23|web.click(locator) - PASS click via JS event
2019-07-29 10:57:41,147|I|Thread-1|secondAssignment.20190729_105707.001|Scenario|Activity 1|# 24|web.click(locator) - executing click(locator)(//*[@id="btnDelete"])
2019-07-29 10:57:41,199|I|Thread-1|clicking '//*[@id="btnDelete"]'...
2019-07-29 10:57:41,214|I|Thread-1|click target via JS, @id=btnDelete
2019-07-29 10:57:41,239|I|Thread-1|clicked -> true
2019-07-29 10:57:41,240|I|Thread-1|secondAssignment.20190729_105707.001|Scenario|Activity 1|# 24|web.click(locator) - PASS click via JS event
2019-07-29 10:57:41,843|I|Thread-1|secondAssignment.20190729_105707.001|Scenario|Activity 1|# 25|web.click(locator) - executing click(locator)(//*[@id="dialogDeleteBtn"])
2019-07-29 10:57:41,892|I|Thread-1|clicking '//*[@id="dialogDeleteBtn"]'...
2019-07-29 10:57:41,906|I|Thread-1|click target via JS, @id=dialogDeleteBtn
2019-07-29 10:57:42,587|I|Thread-1|clicked -> true
2019-07-29 10:57:42,590|I|Thread-1|secondAssignment.20190729_105707.001|Scenario|Activity 1|# 25|web.click(locator) - PASS click via JS event
2019-07-29 10:57:42,927|I|Thread-1|[secondAssignment.20190729_105707.001|Scenario] saving test scenario
2019-07-29 10:57:43,021|I|Thread-1|[20190729_105706] 
/-TEST COMPLETE-----------------------------------------------------------------
| Test Output:    C:\projects\secondAssignment\output\20190729_105706\secondAssignment.20190729_105707.001.xlsx
| Iteration:      1
\-------------------------------------------------------------------------------
» Execution Time: 33771 ms
» Test Steps:     21
» Error(s):       0



2019-07-29 10:57:43,732|I|Thread-1|[20190729_105706] 
/-TEST COMPLETE-----------------------------------------------------------------
| Test Script:    C:\projects\secondAssignment\artifact\script\secondAssignment.xlsx
\-------------------------------------------------------------------------------
» Execution Time: 37435 ms
» Iterations:     [1] total 1
» Test Steps:     21
» Passed:         21
» Error(s):       0
» Iteration 1 of 1: C:\projects\secondAssignment\output\20190729_105706\secondAssignment.20190729_105707.001.xlsx



2019-07-29 10:57:44,265|I|main|[20190729_105706] [C:\projects\secondAssignment\artifact\script\secondAssignment.xlsx] now completed
2019-07-29 10:57:44,268|I|main|[20190729_105706] all execution thread(s) have terminated
2019-07-29 10:57:44,270|I|main|[20190729_105706] test run completed in about 38 seconds
2019-07-29 10:57:44,379|I|main|No predefined nexial-setup found
2019-07-29 10:57:44,429|I|main|outputBase not set; output-to-cloud DISABLED!
2019-07-29 10:57:44,430|I|main|accessKey not set; output-to-cloud DISABLED!
2019-07-29 10:57:44,430|I|main|secretKey not set; output-to-cloud DISABLED!
2019-07-29 10:57:44,432|I|main|generating HTML output for this execution to C:\projects\secondAssignment\output\20190729_105706\execution-output.html
2019-07-29 10:57:45,169|I|main|generating JUnit XML output for this execution to C:\projects\secondAssignment\output\20190729_105706\junit.xml
2019-07-29 10:57:45,211|I|main|generated JUnit report for this execution: C:\projects\secondAssignment\output\20190729_105706\junit.xml
2019-07-29 10:57:45,213|I|main|nexial mailer not enabled: nexial.enableEmail=false
2019-07-29 10:57:45,215|I|main|skipped email notification as configured
2019-07-29 10:57:45,217|I|main|exiting Nexial...
2019-07-29 10:57:45,218|I|main|shutdown starts...
2019-07-29 10:57:45,221|I|main|Shutting down 'chrome' webdriver...
2019-07-29 10:57:50,947|I|main|shutdown ends...
2019-07-29 10:57:50,950|I|main|

/-END OF EXECUTION--------------------------------------------------------------
| » Execution Time: 38 sec.
| » Test Steps....: 21
| » Passed........: 21
| » Failed........: 0
| » Success Rate..: 100.00%
\----------------------------------------------------------nexial-core 2.4_0567-

2019-07-29 10:57:50,950|I|main|ALL PASSED!
2019-07-29 10:57:50,952|I|main|End of Execution:
NEXIAL_OUTPUT:         C:\projects\secondAssignment\output\20190729_105706
NEXIAL_EXECUTION_HTML: C:\projects\secondAssignment\output\20190729_105706\execution-output.html
NEXIAL_JUNIT_XML:      C:\projects\secondAssignment\output\20190729_105706\junit.xml
NEXIAL_SUCCESS_RATE:   100.00%
NEXIAL_EXIT_STATUS:    0
