2019-07-22 11:56:08,296|I|Thread-1|(DELAYED) nexial-core dev_0581 starting up...
2019-07-22 11:56:08,300|I|Thread-1|(DELAYED) data file resolved as C:\Users\DEEPAN~1\AppData\Local\Temp\VCNJw\firstEvaluation.data.xlsx
2019-07-22 11:56:08,300|I|Thread-1|(DELAYED) input files and output directory resolved...
2019-07-22 11:56:08,300|I|Thread-1|(DELAYED) No predefined nexial-setup found
2019-07-22 11:56:08,300|I|Thread-1|(DELAYED) [20190722_115608] [C:\projects\firstEvaluation\artifact\script\firstEvaluation.xlsx] resolve RUN ID as 20190722_115608
2019-07-22 11:56:08,300|I|Thread-1|(DELAYED) [20190722_115608] [C:\projects\firstEvaluation\artifact\script\firstEvaluation.xlsx] new thread started
2019-07-22 11:56:08,300|I|Thread-1|No predefined nexial-setup found
2019-07-22 11:56:08,352|I|Thread-1|outputBase not set; output-to-cloud DISABLED!
2019-07-22 11:56:08,352|I|Thread-1|accessKey not set; output-to-cloud DISABLED!
2019-07-22 11:56:08,352|I|Thread-1|secretKey not set; output-to-cloud DISABLED!
2019-07-22 11:56:08,368|I|Thread-1|missing REQUIRED configuration; sms DISABLED!
2019-07-22 11:56:09,072|I|Thread-1|[20190722_115608] executing C:\projects\firstEvaluation\artifact\script\firstEvaluation.xlsx with 1 iteration(s)
2019-07-22 11:56:09,076|I|Thread-1|[20190722_115608] create directory C:\projects\firstEvaluation\output\20190722_115608\captures
2019-07-22 11:56:09,080|I|Thread-1|[20190722_115608] create directory C:\projects\firstEvaluation\output\20190722_115608\logs
2019-07-22 11:56:09,450|I|Thread-1|[20190722_115608] merging test data to tmp file C:\projects\firstEvaluation\output\20190722_115608\firstEvaluation.20190722_115609.001.xlsx
2019-07-22 11:56:09,450|I|Thread-1|refetching data from C:\projects\firstEvaluation\artifact\data\firstEvaluation.data.xlsx
2019-07-22 11:56:09,606|I|Thread-1|[20190722_115608] test script and test data merged to C:\projects\firstEvaluation\output\20190722_115608\firstEvaluation.20190722_115609.001.xlsx
2019-07-22 11:56:10,136|I|Thread-1|STARTS
2019-07-22 11:56:10,156|I|Thread-1|firstEvaluation.20190722_115609.001 - executing iteration #1 of 1; Iteration Id 1
2019-07-22 11:56:10,160|I|Thread-1|firstEvaluation.20190722_115609.001|JsonScenario - executing test scenario
2019-07-22 11:56:10,164|I|Thread-1|firstEvaluation.20190722_115609.001|JsonScenario|Activity 1 - executing activity
2019-07-22 11:56:10,773|I|Thread-1|firstEvaluation.20190722_115609.001|JsonScenario|Activity 1|#  5|json.storeValues(json,jso - executing storeValues(json,jsonpath,var)($(syspath|data|fullpath)/example_2.json, products[supplier=Wisozk Inc].product_name, productNames)
2019-07-22 11:56:10,844|I|Thread-1|firstEvaluation.20190722_115609.001|JsonScenario|Activity 1|#  5|json.storeValues(json,jso - PASS EXPECTED match against 'products[supplier=Wisozk Inc].product_name' stored to ${productNames}
2019-07-22 11:56:11,449|I|Thread-1|firstEvaluation.20190722_115609.001|JsonScenario|Activity 1|#  6|base.verbose(text) - executing verbose(text)(${productNames})
2019-07-22 11:56:11,449|I|Thread-1|firstEvaluation.20190722_115609.001|JsonScenario|Activity 1|#  6|base.verbose(text) - ["sildenafil citrate","Mountain Juniperus ashei"]
2019-07-22 11:56:11,589|I|Thread-1|firstEvaluation.20190722_115609.001|JsonScenario|Activity 1|#  6|base.verbose(text) - PASS 
2019-07-22 11:56:11,593|I|Thread-1|firstEvaluation.20190722_115609.001|JsonScenario|Activity 2 - executing activity
2019-07-22 11:56:12,196|I|Thread-1|firstEvaluation.20190722_115609.001|JsonScenario|Activity 2|#  7|json.storeValues(json,jso - executing storeValues(json,jsonpath,var)($(syspath|data|fullpath)/example_2.json, products[supplier=Wisozk Inc].quantity, quantityList)
2019-07-22 11:56:12,199|I|Thread-1|firstEvaluation.20190722_115609.001|JsonScenario|Activity 2|#  7|json.storeValues(json,jso - PASS EXPECTED match against 'products[supplier=Wisozk Inc].quantity' stored to ${quantityList}
2019-07-22 11:56:12,800|I|Thread-1|firstEvaluation.20190722_115609.001|JsonScenario|Activity 2|#  8|json.storeValues(json,jso - executing storeValues(json,jsonpath,var)($(syspath|data|fullpath)/example_2.json, products[supplier=Wisozk Inc].unit_cost, costList)
2019-07-22 11:56:12,803|I|Thread-1|firstEvaluation.20190722_115609.001|JsonScenario|Activity 2|#  8|json.storeValues(json,jso - PASS EXPECTED match against 'products[supplier=Wisozk Inc].unit_cost' stored to ${costList}
2019-07-22 11:56:13,404|I|Thread-1|firstEvaluation.20190722_115609.001|JsonScenario|Activity 2|#  9|base.save(var,value) - executing save(var,value)(unit_costList, [LIST${costList} => replaceRegex([$],)])
2019-07-22 11:56:13,408|I|Thread-1|firstEvaluation.20190722_115609.001|JsonScenario|Activity 2|#  9|base.save(var,value) - PASS stored '[LIST["$10.47","$8.74"] => replaceRegex([$],)]' as ${unit_costList}
2019-07-22 11:56:14,013|I|Thread-1|firstEvaluation.20190722_115609.001|JsonScenario|Activity 2|# 10|base.verbose(text) - executing verbose(text)(${unit_costList})
2019-07-22 11:56:14,013|I|Thread-1|firstEvaluation.20190722_115609.001|JsonScenario|Activity 2|# 10|base.verbose(text) - [LIST["$10.47","$8.74"] => replaceRegex([$],)]
2019-07-22 11:56:14,020|I|Thread-1|firstEvaluation.20190722_115609.001|JsonScenario|Activity 2|# 10|base.verbose(text) - PASS 
2019-07-22 11:56:14,623|I|Thread-1|firstEvaluation.20190722_115609.001|JsonScenario|Activity 2|# 11|base.save(var,value) - executing save(var,value)(sumTotal, 0)
2019-07-22 11:56:14,623|I|Thread-1|firstEvaluation.20190722_115609.001|JsonScenario|Activity 2|# 11|base.save(var,value) - PASS stored '0' as ${sumTotal}
2019-07-22 11:56:15,224|I|Thread-1|firstEvaluation.20190722_115609.001|JsonScenario|Activity 2|# 12|base.save(var,value) - executing save(var,value)(counter, 0)
2019-07-22 11:56:15,224|I|Thread-1|firstEvaluation.20190722_115609.001|JsonScenario|Activity 2|# 12|base.save(var,value) - PASS stored '0' as ${counter}
2019-07-22 11:56:15,832|I|Thread-1|firstEvaluation.20190722_115609.001|JsonScenario|Activity 2|# 13|base.save(var,value) - executing save(var,value)(length, $(array|length|${quantityList}))
2019-07-22 11:56:15,840|I|Thread-1|firstEvaluation.20190722_115609.001|JsonScenario|Activity 2|# 13|base.save(var,value) - PASS stored '2' as ${length}
2019-07-22 11:56:16,444|I|Thread-1|firstEvaluation.20190722_115609.001|JsonScenario|Activity 2|# 14|base.save(var,value) - executing save(var,value)(mulValue, 0)
2019-07-22 11:56:16,444|I|Thread-1|firstEvaluation.20190722_115609.001|JsonScenario|Activity 2|# 14|base.save(var,value) - PASS stored '0' as ${mulValue}
2019-07-22 11:56:17,045|I|Thread-1|firstEvaluation.20190722_115609.001|JsonScenario|Activity 2|# 15|base.verbose(text) - executing verbose(text)(${unit_costList})
2019-07-22 11:56:17,045|I|Thread-1|firstEvaluation.20190722_115609.001|JsonScenario|Activity 2|# 15|base.verbose(text) - [LIST["$10.47","$8.74"] => replaceRegex([$],)]
2019-07-22 11:56:17,045|I|Thread-1|firstEvaluation.20190722_115609.001|JsonScenario|Activity 2|# 15|base.verbose(text) - PASS 
2019-07-22 11:56:17,650|I|Thread-1|firstEvaluation.20190722_115609.001|JsonScenario|Activity 2|# 16|base.repeatUntil(steps,ma - executing repeatUntil(steps,maxWaitMs)(6, -1)
2019-07-22 11:56:17,650|I|Thread-1|firstEvaluation.20190722_115609.001|JsonScenario|Activity 2|# 17|base.assertEqual(expected - 
<[repeat-until] entering loop #1 --------------------------------------------->
2019-07-22 11:56:17,650|I|Thread-1|firstEvaluation.20190722_115609.001|JsonScenario|Activity 2|# 17|base.assertEqual(expected - executing assertEqual(expected,actual)(${length}, ${counter})
2019-07-22 11:56:17,654|I|Thread-1|firstEvaluation.20190722_115609.001|JsonScenario|Activity 2|# 18|base.save(var,value) - executing save(var,value)(unit_cost, $(array|item|${unit_costList}|${counter}))
2019-07-22 11:56:17,654|I|Thread-1|firstEvaluation.20190722_115609.001|JsonScenario|Activity 2|# 18|base.save(var,value) - [repeat-until] PASS stored '"$10.47"' as ${unit_cost}
2019-07-22 11:56:17,654|I|Thread-1|firstEvaluation.20190722_115609.001|JsonScenario|Activity 2|# 19|base.save(var,value) - executing save(var,value)(quantity, $(array|item|${quantityList}|${counter}))
2019-07-22 11:56:17,658|I|Thread-1|firstEvaluation.20190722_115609.001|JsonScenario|Activity 2|# 19|base.save(var,value) - [repeat-until] PASS stored '261' as ${quantity}
2019-07-22 11:56:17,658|I|Thread-1|firstEvaluation.20190722_115609.001|JsonScenario|Activity 2|# 20|base.save(var,value) - executing save(var,value)(mulValue, [NUMBER(${unit_cost}) => multiply(${quantity})])
2019-07-22 11:56:17,674|I|Thread-1|firstEvaluation.20190722_115609.001|JsonScenario|Activity 2|# 20|base.save(var,value) - [repeat-until] PASS stored '2732.67' as ${mulValue}
2019-07-22 11:56:17,674|I|Thread-1|firstEvaluation.20190722_115609.001|JsonScenario|Activity 2|# 21|base.save(var,value) - executing save(var,value)(sumTotal, [NUMBER(${sumTotal}) => add(${mulValue})])
2019-07-22 11:56:17,678|I|Thread-1|firstEvaluation.20190722_115609.001|JsonScenario|Activity 2|# 21|base.save(var,value) - [repeat-until] PASS stored '2732.67' as ${sumTotal}
2019-07-22 11:56:17,678|I|Thread-1|firstEvaluation.20190722_115609.001|JsonScenario|Activity 2|# 22|number.increment(var,amou - executing increment(var,amount)(counter, 1)
2019-07-22 11:56:17,682|I|Thread-1|firstEvaluation.20190722_115609.001|JsonScenario|Activity 2|# 22|number.increment(var,amou - [repeat-until] PASS incremented ${counter} by 1 to 1
2019-07-22 11:56:17,682|I|Thread-1|firstEvaluation.20190722_115609.001|JsonScenario|Activity 2|# 17|base.assertEqual(expected - 
<[repeat-until] entering loop #2 --------------------------------------------->
2019-07-22 11:56:17,694|I|Thread-1|firstEvaluation.20190722_115609.001|JsonScenario|Activity 2|# 17|base.assertEqual(expected - executing assertEqual(expected,actual)(${length}, ${counter})
2019-07-22 11:56:17,694|I|Thread-1|firstEvaluation.20190722_115609.001|JsonScenario|Activity 2|# 18|base.save(var,value) - executing save(var,value)(unit_cost, $(array|item|${unit_costList}|${counter}))
2019-07-22 11:56:17,698|I|Thread-1|firstEvaluation.20190722_115609.001|JsonScenario|Activity 2|# 18|base.save(var,value) - [repeat-until] PASS stored '"$8.74"' as ${unit_cost}
2019-07-22 11:56:17,706|I|Thread-1|firstEvaluation.20190722_115609.001|JsonScenario|Activity 2|# 19|base.save(var,value) - executing save(var,value)(quantity, $(array|item|${quantityList}|${counter}))
2019-07-22 11:56:17,710|I|Thread-1|firstEvaluation.20190722_115609.001|JsonScenario|Activity 2|# 19|base.save(var,value) - [repeat-until] PASS stored '292' as ${quantity}
2019-07-22 11:56:17,718|I|Thread-1|firstEvaluation.20190722_115609.001|JsonScenario|Activity 2|# 20|base.save(var,value) - executing save(var,value)(mulValue, [NUMBER(${unit_cost}) => multiply(${quantity})])
2019-07-22 11:56:17,726|I|Thread-1|firstEvaluation.20190722_115609.001|JsonScenario|Activity 2|# 20|base.save(var,value) - [repeat-until] PASS stored '2552.08' as ${mulValue}
2019-07-22 11:56:17,726|I|Thread-1|firstEvaluation.20190722_115609.001|JsonScenario|Activity 2|# 21|base.save(var,value) - executing save(var,value)(sumTotal, [NUMBER(${sumTotal}) => add(${mulValue})])
2019-07-22 11:56:17,734|I|Thread-1|firstEvaluation.20190722_115609.001|JsonScenario|Activity 2|# 21|base.save(var,value) - [repeat-until] PASS stored '5284.75' as ${sumTotal}
2019-07-22 11:56:17,738|I|Thread-1|firstEvaluation.20190722_115609.001|JsonScenario|Activity 2|# 22|number.increment(var,amou - executing increment(var,amount)(counter, 1)
2019-07-22 11:56:17,746|I|Thread-1|firstEvaluation.20190722_115609.001|JsonScenario|Activity 2|# 22|number.increment(var,amou - [repeat-until] PASS incremented ${counter} by 1 to 2
2019-07-22 11:56:17,746|I|Thread-1|firstEvaluation.20190722_115609.001|JsonScenario|Activity 2|# 17|base.assertEqual(expected - 
<[repeat-until] entering loop #3 --------------------------------------------->
2019-07-22 11:56:17,746|I|Thread-1|firstEvaluation.20190722_115609.001|JsonScenario|Activity 2|# 17|base.assertEqual(expected - executing assertEqual(expected,actual)(${length}, ${counter})
2019-07-22 11:56:17,750|I|Thread-1|firstEvaluation.20190722_115609.001|JsonScenario|Activity 2|# 16|base.repeatUntil(steps,ma - PASS repeat-until execution completed
2019-07-22 11:56:18,361|I|Thread-1|firstEvaluation.20190722_115609.001|JsonScenario|Activity 2|# 23|base.verbose(text) - executing verbose(text)(${sumTotal})
2019-07-22 11:56:18,361|I|Thread-1|firstEvaluation.20190722_115609.001|JsonScenario|Activity 2|# 23|base.verbose(text) - 5284.75
2019-07-22 11:56:18,361|I|Thread-1|firstEvaluation.20190722_115609.001|JsonScenario|Activity 2|# 23|base.verbose(text) - PASS 
2019-07-22 11:56:18,365|I|Thread-1|firstEvaluation.20190722_115609.001|JsonScenario|Activity 3 - executing activity
2019-07-22 11:56:18,971|I|Thread-1|firstEvaluation.20190722_115609.001|JsonScenario|Activity 3|# 24|base.save(var,value) - executing save(var,value)(jsonFile, $(syspath|data|fullpath)/example_2.json)
2019-07-22 11:56:18,974|I|Thread-1|firstEvaluation.20190722_115609.001|JsonScenario|Activity 3|# 24|base.save(var,value) - PASS stored 'C:\projects\firstEvaluation\artifact\data\example_2.json' as ${jsonFile}
2019-07-22 11:56:19,575|I|Thread-1|firstEvaluation.20190722_115609.001|JsonScenario|Activity 3|# 25|base.save(var,value) - executing save(var,value)(var, [JSON(${jsonFile} => extract(products[unit_cost => ascending])])
2019-07-22 11:56:19,575|I|Thread-1|firstEvaluation.20190722_115609.001|JsonScenario|Activity 3|# 25|base.save(var,value) - PASS stored '[JSON(C:\projects\firstEvaluation\artifact\data\example_2.json => extract(products[unit_cost => ascending])]' as ${var}
2019-07-22 11:56:20,177|I|Thread-1|firstEvaluation.20190722_115609.001|JsonScenario|Activity 3|# 26|json.storeValues(json,jso - executing storeValues(json,jsonpath,var)(var, products.product_name, result)
2019-07-22 11:56:20,181|E|Thread-1|Error converting string to JSON object: A JSONObject text must begin with '{' at 1 [character 2 line 1]
org.json.JSONException: A JSONObject text must begin with '{' at 1 [character 2 line 1]
	at org.json.JSONTokener.syntaxError(JSONTokener.java:505)
	at org.json.JSONObject.<init>(JSONObject.java:214)
	at org.json.JSONObject.<init>(JSONObject.java:357)
	at org.nexial.core.utils.JsonUtils.toJSONObject(JsonUtils.java:75)
	at org.nexial.core.plugins.json.JsonCommand.resolveToJSONObject(JsonCommand.java:323)
	at org.nexial.core.plugins.json.JsonCommand.toJSONObject(JsonCommand.java:441)
	at org.nexial.core.plugins.json.JsonCommand.sanityCheck(JsonCommand.java:445)
	at org.nexial.core.plugins.json.JsonCommand.find(JsonCommand.java:449)
	at org.nexial.core.plugins.json.JsonCommand.extractJsonValue(JsonCommand.java:384)
	at org.nexial.core.plugins.json.JsonCommand.storeValues(JsonCommand.java:123)
	at sun.reflect.NativeMethodAccessorImpl.invoke0(Native Method)
	at sun.reflect.NativeMethodAccessorImpl.invoke(Unknown Source)
	at sun.reflect.DelegatingMethodAccessorImpl.invoke(Unknown Source)
	at java.lang.reflect.Method.invoke(Unknown Source)
	at org.nexial.core.plugins.base.BaseCommand.execute(BaseCommand.java:156)
	at org.nexial.core.model.TestStep.invokeCommand(TestStep.java:327)
	at org.nexial.core.model.TestStep.execute(TestStep.java:169)
	at org.nexial.core.model.TestCase.execute(TestCase.java:94)
	at org.nexial.core.model.TestScenario.execute(TestScenario.java:130)
	at org.nexial.core.model.ExecutionContext.execute(ExecutionContext.java:1184)
	at org.nexial.core.ExecutionThread.run(ExecutionThread.java:174)
2019-07-22 11:56:20,213|E|Thread-1|JSON string in error is as follows:
var
2019-07-22 11:56:20,225|E|Thread-1|firstEvaluation.20190722_115609.001|JsonScenario|Activity 3|# 26|json.storeValues(json,jso - FAIL EXPECTED match against 'products.product_name' was not found
2019-07-22 11:56:20,826|I|Thread-1|firstEvaluation.20190722_115609.001|JsonScenario|Activity 3|# 27|base.verbose(text) - executing verbose(text)(result)
2019-07-22 11:56:20,826|I|Thread-1|firstEvaluation.20190722_115609.001|JsonScenario|Activity 3|# 27|base.verbose(text) - result
2019-07-22 11:56:20,826|I|Thread-1|firstEvaluation.20190722_115609.001|JsonScenario|Activity 3|# 27|base.verbose(text) - PASS 
2019-07-22 11:56:20,830|I|Thread-1|firstEvaluation.20190722_115609.001|JsonScenario|Activity 4 - executing activity
2019-07-22 11:56:21,433|I|Thread-1|firstEvaluation.20190722_115609.001|JsonScenario|Activity 4|# 28|json.storeValues(json,jso - executing storeValues(json,jsonpath,var)($(syspath|data|fullpath)/example_2.json, products[product_name=Dextromathorphan HBr].supplier, supplierList)
2019-07-22 11:56:21,437|I|Thread-1|firstEvaluation.20190722_115609.001|JsonScenario|Activity 4|# 28|json.storeValues(json,jso - PASS EXPECTED match against 'products[product_name=Dextromathorphan HBr].supplier' stored to ${supplierList}
2019-07-22 11:56:22,039|I|Thread-1|firstEvaluation.20190722_115609.001|JsonScenario|Activity 4|# 29|base.verbose(text) - executing verbose(text)(${supplierList})
2019-07-22 11:56:22,039|I|Thread-1|firstEvaluation.20190722_115609.001|JsonScenario|Activity 4|# 29|base.verbose(text) - ["Schmitt-Weissnat","SC-Pharmacy"]
2019-07-22 11:56:22,039|I|Thread-1|firstEvaluation.20190722_115609.001|JsonScenario|Activity 4|# 29|base.verbose(text) - PASS 
2019-07-22 11:56:22,043|I|Thread-1|firstEvaluation.20190722_115609.001|JsonScenario|Activity 5 - executing activity
2019-07-22 11:56:22,645|I|Thread-1|firstEvaluation.20190722_115609.001|JsonScenario|Activity 5|# 30|json.storeValues(json,jso - executing storeValues(json,jsonpath,var)($(syspath|data|fullpath)/example_2.json, products[[TEXT(unit_cost) => removeRegex($)] < 20].product_name, result)
2019-07-22 11:56:22,745|E|Thread-1|firstEvaluation.20190722_115609.001|JsonScenario|Activity 5|# 30|json.storeValues(json,jso - FAIL EXPECTED match against 'products[unit_cost.product_name' was not found
2019-07-22 11:56:23,345|I|Thread-1|firstEvaluation.20190722_115609.001|JsonScenario|Activity 5|# 31|base.verbose(text) - executing verbose(text)(${result})
2019-07-22 11:56:23,345|I|Thread-1|firstEvaluation.20190722_115609.001|JsonScenario|Activity 5|# 31|base.verbose(text) - 
2019-07-22 11:56:23,353|I|Thread-1|firstEvaluation.20190722_115609.001|JsonScenario|Activity 5|# 31|base.verbose(text) - PASS 
2019-07-22 11:56:23,529|I|Thread-1|[firstEvaluation.20190722_115609.001|JsonScenario] saving test scenario
2019-07-22 11:56:23,617|I|Thread-1|[20190722_115608] 
/-TEST COMPLETE-----------------------------------------------------------------
| Test Output:    C:\projects\firstEvaluation\output\20190722_115608\firstEvaluation.20190722_115609.001.xlsx
| Iteration:      1
\-------------------------------------------------------------------------------
» Execution Time: 13453 ms
» Test Steps:     21
» Error(s):       2



2019-07-22 11:56:25,622|I|Thread-1|[20190722_115608] 
/-TEST COMPLETE-----------------------------------------------------------------
| Test Script:    C:\projects\firstEvaluation\artifact\script\firstEvaluation.xlsx
\-------------------------------------------------------------------------------
» Execution Time: 17415 ms
» Iterations:     [1] total 1
» Test Steps:     21
» Passed:         19
» Error(s):       2
» Iteration 1 of 1: C:\projects\firstEvaluation\output\20190722_115608\firstEvaluation.20190722_115609.001.xlsx



2019-07-22 11:56:26,180|I|main|[20190722_115608] [C:\projects\firstEvaluation\artifact\script\firstEvaluation.xlsx] now completed
2019-07-22 11:56:26,180|I|main|[20190722_115608] all execution thread(s) have terminated
2019-07-22 11:56:26,180|I|main|[20190722_115608] test run completed in about 18 seconds
2019-07-22 11:56:26,224|I|main|No predefined nexial-setup found
2019-07-22 11:56:26,256|I|main|outputBase not set; output-to-cloud DISABLED!
2019-07-22 11:56:26,260|I|main|accessKey not set; output-to-cloud DISABLED!
2019-07-22 11:56:26,260|I|main|secretKey not set; output-to-cloud DISABLED!
2019-07-22 11:56:26,260|I|main|generating HTML output for this execution to C:\projects\firstEvaluation\output\20190722_115608\execution-output.html
2019-07-22 11:56:27,022|I|main|generating JUnit XML output for this execution to C:\projects\firstEvaluation\output\20190722_115608\junit.xml
2019-07-22 11:56:27,074|I|main|generated JUnit report for this execution: C:\projects\firstEvaluation\output\20190722_115608\junit.xml
2019-07-22 11:56:27,138|I|main|nexial mailer not enabled: nexial.enableEmail=false
2019-07-22 11:56:27,142|I|main|skipped email notification as configured
2019-07-22 11:56:27,142|I|main|exiting Nexial...
2019-07-22 11:56:27,142|I|main|

/-END OF EXECUTION--------------------------------------------------------------
| » Execution Time: 18 sec.
| » Test Steps....: 21
| » Passed........: 19
| » Failed........: 2
| » Success Rate..: 90.48%
\----------------------------------------------------------nexial-core dev_0581-

2019-07-22 11:56:27,146|E|main|failure found; success rate is 90.48%
2019-07-22 11:56:27,146|I|main|End of Execution:
NEXIAL_OUTPUT:         C:\projects\firstEvaluation\output\20190722_115608
NEXIAL_EXECUTION_HTML: C:\projects\firstEvaluation\output\20190722_115608\execution-output.html
NEXIAL_JUNIT_XML:      C:\projects\firstEvaluation\output\20190722_115608\junit.xml
NEXIAL_SUCCESS_RATE:   90.48%
NEXIAL_EXIT_STATUS:    -13
