2019-07-20 16:31:10,313|I|Thread-1|(DELAYED) nexial-core dev_0581 starting up...
2019-07-20 16:31:10,317|I|Thread-1|(DELAYED) data file resolved as C:\Users\DEEPAN~1\AppData\Local\Temp\tqvtF\firstEvaluation.data.xlsx
2019-07-20 16:31:10,317|I|Thread-1|(DELAYED) input files and output directory resolved...
2019-07-20 16:31:10,317|I|Thread-1|(DELAYED) No predefined nexial-setup found
2019-07-20 16:31:10,317|I|Thread-1|(DELAYED) [20190720_163110] [C:\projects\firstEvaluation\artifact\script\firstEvaluation.xlsx] resolve RUN ID as 20190720_163110
2019-07-20 16:31:10,317|I|Thread-1|(DELAYED) [20190720_163110] [C:\projects\firstEvaluation\artifact\script\firstEvaluation.xlsx] new thread started
2019-07-20 16:31:10,318|I|Thread-1|No predefined nexial-setup found
2019-07-20 16:31:10,378|I|Thread-1|outputBase not set; output-to-cloud DISABLED!
2019-07-20 16:31:10,379|I|Thread-1|accessKey not set; output-to-cloud DISABLED!
2019-07-20 16:31:10,379|I|Thread-1|secretKey not set; output-to-cloud DISABLED!
2019-07-20 16:31:10,461|I|Thread-1|missing REQUIRED configuration; sms DISABLED!
2019-07-20 16:31:11,231|I|Thread-1|[20190720_163110] executing C:\projects\firstEvaluation\artifact\script\firstEvaluation.xlsx with 1 iteration(s)
2019-07-20 16:31:11,235|I|Thread-1|[20190720_163110] create directory C:\projects\firstEvaluation\output\20190720_163110\captures
2019-07-20 16:31:11,236|I|Thread-1|[20190720_163110] create directory C:\projects\firstEvaluation\output\20190720_163110\logs
2019-07-20 16:31:11,557|I|Thread-1|[20190720_163110] merging test data to tmp file C:\projects\firstEvaluation\output\20190720_163110\firstEvaluation.20190720_163111.001.xlsx
2019-07-20 16:31:11,558|I|Thread-1|refetching data from C:\projects\firstEvaluation\artifact\data\firstEvaluation.data.xlsx
2019-07-20 16:31:11,742|I|Thread-1|[20190720_163110] test script and test data merged to C:\projects\firstEvaluation\output\20190720_163110\firstEvaluation.20190720_163111.001.xlsx
2019-07-20 16:31:12,298|I|Thread-1|STARTS
2019-07-20 16:31:12,328|I|Thread-1|firstEvaluation.20190720_163111.001 - executing iteration #1 of 1; Iteration Id 1
2019-07-20 16:31:12,339|I|Thread-1|firstEvaluation.20190720_163111.001|JsonScenario - executing test scenario
2019-07-20 16:31:12,342|I|Thread-1|firstEvaluation.20190720_163111.001|JsonScenario|Activity 1 - executing activity
2019-07-20 16:31:12,945|I|Thread-1|firstEvaluation.20190720_163111.001|JsonScenario|Activity 1|#  5|json.storeValues(json,jso - executing storeValues(json,jsonpath,var)($(syspath|data|fullpath)/example_2.json, products[supplier=Wisozk Inc].product_name, productNames)
2019-07-20 16:31:13,062|I|Thread-1|firstEvaluation.20190720_163111.001|JsonScenario|Activity 1|#  5|json.storeValues(json,jso - PASS EXPECTED match against 'products[supplier=Wisozk Inc].product_name' stored to ${productNames}
2019-07-20 16:31:13,664|I|Thread-1|firstEvaluation.20190720_163111.001|JsonScenario|Activity 1|#  6|base.verbose(text) - executing verbose(text)(${productNames})
2019-07-20 16:31:13,666|I|Thread-1|firstEvaluation.20190720_163111.001|JsonScenario|Activity 1|#  6|base.verbose(text) - ["sildenafil citrate","Mountain Juniperus ashei"]
2019-07-20 16:31:13,821|I|Thread-1|firstEvaluation.20190720_163111.001|JsonScenario|Activity 1|#  6|base.verbose(text) - PASS 
2019-07-20 16:31:13,828|I|Thread-1|firstEvaluation.20190720_163111.001|JsonScenario|Activity 2 - executing activity
2019-07-20 16:31:14,429|I|Thread-1|firstEvaluation.20190720_163111.001|JsonScenario|Activity 2|#  7|json.storeValues(json,jso - executing storeValues(json,jsonpath,var)($(syspath|data|fullpath)/example_2.json, products[supplier=Wisozk Inc].quantity, quantityList)
2019-07-20 16:31:14,434|I|Thread-1|firstEvaluation.20190720_163111.001|JsonScenario|Activity 2|#  7|json.storeValues(json,jso - PASS EXPECTED match against 'products[supplier=Wisozk Inc].quantity' stored to ${quantityList}
2019-07-20 16:31:15,035|I|Thread-1|firstEvaluation.20190720_163111.001|JsonScenario|Activity 2|#  8|json.storeValues(json,jso - executing storeValues(json,jsonpath,var)($(syspath|data|fullpath)/example_2.json, products[supplier=Wisozk Inc].unit_cost, costList)
2019-07-20 16:31:15,041|I|Thread-1|firstEvaluation.20190720_163111.001|JsonScenario|Activity 2|#  8|json.storeValues(json,jso - PASS EXPECTED match against 'products[supplier=Wisozk Inc].unit_cost' stored to ${costList}
2019-07-20 16:31:15,643|I|Thread-1|firstEvaluation.20190720_163111.001|JsonScenario|Activity 2|#  9|base.save(var,value) - executing save(var,value)(unit_costList, [LIST${costList} => replaceRegex([$],)])
2019-07-20 16:31:15,645|I|Thread-1|firstEvaluation.20190720_163111.001|JsonScenario|Activity 2|#  9|base.save(var,value) - PASS stored '[LIST["$10.47","$8.74"] => replaceRegex([$],)]' as ${unit_costList}
2019-07-20 16:31:16,247|I|Thread-1|firstEvaluation.20190720_163111.001|JsonScenario|Activity 2|# 10|base.verbose(text) - executing verbose(text)(${unit_costList})
2019-07-20 16:31:16,249|I|Thread-1|firstEvaluation.20190720_163111.001|JsonScenario|Activity 2|# 10|base.verbose(text) - [LIST["$10.47","$8.74"] => replaceRegex([$],)]
2019-07-20 16:31:16,251|I|Thread-1|firstEvaluation.20190720_163111.001|JsonScenario|Activity 2|# 10|base.verbose(text) - PASS 
2019-07-20 16:31:16,853|I|Thread-1|firstEvaluation.20190720_163111.001|JsonScenario|Activity 2|# 11|base.save(var,value) - executing save(var,value)(sumTotal, 0)
2019-07-20 16:31:16,855|I|Thread-1|firstEvaluation.20190720_163111.001|JsonScenario|Activity 2|# 11|base.save(var,value) - PASS stored '0' as ${sumTotal}
2019-07-20 16:31:17,456|I|Thread-1|firstEvaluation.20190720_163111.001|JsonScenario|Activity 2|# 12|base.save(var,value) - executing save(var,value)(counter, 0)
2019-07-20 16:31:17,458|I|Thread-1|firstEvaluation.20190720_163111.001|JsonScenario|Activity 2|# 12|base.save(var,value) - PASS stored '0' as ${counter}
2019-07-20 16:31:18,060|I|Thread-1|firstEvaluation.20190720_163111.001|JsonScenario|Activity 2|# 13|base.save(var,value) - executing save(var,value)(length, $(array|length|${quantityList}))
2019-07-20 16:31:18,063|I|Thread-1|firstEvaluation.20190720_163111.001|JsonScenario|Activity 2|# 13|base.save(var,value) - PASS stored '2' as ${length}
2019-07-20 16:31:18,665|I|Thread-1|firstEvaluation.20190720_163111.001|JsonScenario|Activity 2|# 14|base.save(var,value) - executing save(var,value)(mulValue, 0)
2019-07-20 16:31:18,667|I|Thread-1|firstEvaluation.20190720_163111.001|JsonScenario|Activity 2|# 14|base.save(var,value) - PASS stored '0' as ${mulValue}
2019-07-20 16:31:19,270|I|Thread-1|firstEvaluation.20190720_163111.001|JsonScenario|Activity 2|# 15|base.verbose(text) - executing verbose(text)(${unit_costList})
2019-07-20 16:31:19,272|I|Thread-1|firstEvaluation.20190720_163111.001|JsonScenario|Activity 2|# 15|base.verbose(text) - [LIST["$10.47","$8.74"] => replaceRegex([$],)]
2019-07-20 16:31:19,274|I|Thread-1|firstEvaluation.20190720_163111.001|JsonScenario|Activity 2|# 15|base.verbose(text) - PASS 
2019-07-20 16:31:19,875|I|Thread-1|firstEvaluation.20190720_163111.001|JsonScenario|Activity 2|# 16|base.repeatUntil(steps,ma - executing repeatUntil(steps,maxWaitMs)(6, -1)
2019-07-20 16:31:19,877|I|Thread-1|firstEvaluation.20190720_163111.001|JsonScenario|Activity 2|# 17|base.assertEqual(expected - 
<[repeat-until] entering loop #1 --------------------------------------------->
2019-07-20 16:31:19,878|I|Thread-1|firstEvaluation.20190720_163111.001|JsonScenario|Activity 2|# 17|base.assertEqual(expected - executing assertEqual(expected,actual)(${length}, ${counter})
2019-07-20 16:31:19,880|I|Thread-1|firstEvaluation.20190720_163111.001|JsonScenario|Activity 2|# 18|base.save(var,value) - executing save(var,value)(unit_cost, $(array|item|${unit_costList}|${counter}))
2019-07-20 16:31:19,881|I|Thread-1|firstEvaluation.20190720_163111.001|JsonScenario|Activity 2|# 18|base.save(var,value) - [repeat-until] PASS stored '"$10.47"' as ${unit_cost}
2019-07-20 16:31:19,883|I|Thread-1|firstEvaluation.20190720_163111.001|JsonScenario|Activity 2|# 19|base.save(var,value) - executing save(var,value)(quantity, $(array|item|${quantityList}|${counter}))
2019-07-20 16:31:19,886|I|Thread-1|firstEvaluation.20190720_163111.001|JsonScenario|Activity 2|# 19|base.save(var,value) - [repeat-until] PASS stored '261' as ${quantity}
2019-07-20 16:31:19,893|I|Thread-1|firstEvaluation.20190720_163111.001|JsonScenario|Activity 2|# 20|base.save(var,value) - executing save(var,value)(mulValue, [NUMBER(${unit_cost}) => multiply(${quantity})])
2019-07-20 16:31:19,911|I|Thread-1|firstEvaluation.20190720_163111.001|JsonScenario|Activity 2|# 20|base.save(var,value) - [repeat-until] PASS stored '2732.67' as ${mulValue}
2019-07-20 16:31:19,913|I|Thread-1|firstEvaluation.20190720_163111.001|JsonScenario|Activity 2|# 21|base.save(var,value) - executing save(var,value)(sumTotal, [NUMBER(${sumTotal}) => add(${mulValue})])
2019-07-20 16:31:19,915|I|Thread-1|firstEvaluation.20190720_163111.001|JsonScenario|Activity 2|# 21|base.save(var,value) - [repeat-until] PASS stored '2732.67' as ${sumTotal}
2019-07-20 16:31:19,917|I|Thread-1|firstEvaluation.20190720_163111.001|JsonScenario|Activity 2|# 22|number.increment(var,amou - executing increment(var,amount)(counter, 1)
2019-07-20 16:31:19,923|I|Thread-1|firstEvaluation.20190720_163111.001|JsonScenario|Activity 2|# 22|number.increment(var,amou - [repeat-until] PASS incremented ${counter} by 1 to 1
2019-07-20 16:31:19,926|I|Thread-1|firstEvaluation.20190720_163111.001|JsonScenario|Activity 2|# 17|base.assertEqual(expected - 
<[repeat-until] entering loop #2 --------------------------------------------->
2019-07-20 16:31:19,930|I|Thread-1|firstEvaluation.20190720_163111.001|JsonScenario|Activity 2|# 17|base.assertEqual(expected - executing assertEqual(expected,actual)(${length}, ${counter})
2019-07-20 16:31:19,932|I|Thread-1|firstEvaluation.20190720_163111.001|JsonScenario|Activity 2|# 18|base.save(var,value) - executing save(var,value)(unit_cost, $(array|item|${unit_costList}|${counter}))
2019-07-20 16:31:19,942|I|Thread-1|firstEvaluation.20190720_163111.001|JsonScenario|Activity 2|# 18|base.save(var,value) - [repeat-until] PASS stored '"$8.74"' as ${unit_cost}
2019-07-20 16:31:19,943|I|Thread-1|firstEvaluation.20190720_163111.001|JsonScenario|Activity 2|# 19|base.save(var,value) - executing save(var,value)(quantity, $(array|item|${quantityList}|${counter}))
2019-07-20 16:31:19,947|I|Thread-1|firstEvaluation.20190720_163111.001|JsonScenario|Activity 2|# 19|base.save(var,value) - [repeat-until] PASS stored '292' as ${quantity}
2019-07-20 16:31:19,948|I|Thread-1|firstEvaluation.20190720_163111.001|JsonScenario|Activity 2|# 20|base.save(var,value) - executing save(var,value)(mulValue, [NUMBER(${unit_cost}) => multiply(${quantity})])
2019-07-20 16:31:19,958|I|Thread-1|firstEvaluation.20190720_163111.001|JsonScenario|Activity 2|# 20|base.save(var,value) - [repeat-until] PASS stored '2552.08' as ${mulValue}
2019-07-20 16:31:19,959|I|Thread-1|firstEvaluation.20190720_163111.001|JsonScenario|Activity 2|# 21|base.save(var,value) - executing save(var,value)(sumTotal, [NUMBER(${sumTotal}) => add(${mulValue})])
2019-07-20 16:31:19,965|I|Thread-1|firstEvaluation.20190720_163111.001|JsonScenario|Activity 2|# 21|base.save(var,value) - [repeat-until] PASS stored '5284.75' as ${sumTotal}
2019-07-20 16:31:19,975|I|Thread-1|firstEvaluation.20190720_163111.001|JsonScenario|Activity 2|# 22|number.increment(var,amou - executing increment(var,amount)(counter, 1)
2019-07-20 16:31:19,976|I|Thread-1|firstEvaluation.20190720_163111.001|JsonScenario|Activity 2|# 22|number.increment(var,amou - [repeat-until] PASS incremented ${counter} by 1 to 2
2019-07-20 16:31:19,978|I|Thread-1|firstEvaluation.20190720_163111.001|JsonScenario|Activity 2|# 17|base.assertEqual(expected - 
<[repeat-until] entering loop #3 --------------------------------------------->
2019-07-20 16:31:19,979|I|Thread-1|firstEvaluation.20190720_163111.001|JsonScenario|Activity 2|# 17|base.assertEqual(expected - executing assertEqual(expected,actual)(${length}, ${counter})
2019-07-20 16:31:19,980|I|Thread-1|firstEvaluation.20190720_163111.001|JsonScenario|Activity 2|# 16|base.repeatUntil(steps,ma - PASS repeat-until execution completed
2019-07-20 16:31:20,582|I|Thread-1|firstEvaluation.20190720_163111.001|JsonScenario|Activity 2|# 23|base.verbose(text) - executing verbose(text)(${sumTotal})
2019-07-20 16:31:20,584|I|Thread-1|firstEvaluation.20190720_163111.001|JsonScenario|Activity 2|# 23|base.verbose(text) - 5284.75
2019-07-20 16:31:20,586|I|Thread-1|firstEvaluation.20190720_163111.001|JsonScenario|Activity 2|# 23|base.verbose(text) - PASS 
2019-07-20 16:31:20,588|I|Thread-1|firstEvaluation.20190720_163111.001|JsonScenario|Activity 3 - executing activity
2019-07-20 16:31:21,190|I|Thread-1|firstEvaluation.20190720_163111.001|JsonScenario|Activity 3|# 24|base.save(var,value) - executing save(var,value)(jsonFile, $(syspath|data|fullpath)/example_2.json)
2019-07-20 16:31:21,192|I|Thread-1|firstEvaluation.20190720_163111.001|JsonScenario|Activity 3|# 24|base.save(var,value) - PASS stored 'C:\projects\firstEvaluation\artifact\data\example_2.json' as ${jsonFile}
2019-07-20 16:31:21,794|I|Thread-1|firstEvaluation.20190720_163111.001|JsonScenario|Activity 3|# 25|base.save(var,value) - executing save(var,value)(jsonPaths, unit_cost => ascending)
2019-07-20 16:31:21,796|I|Thread-1|firstEvaluation.20190720_163111.001|JsonScenario|Activity 3|# 25|base.save(var,value) - PASS stored 'unit_cost => ascending' as ${jsonPaths}
2019-07-20 16:31:22,398|I|Thread-1|firstEvaluation.20190720_163111.001|JsonScenario|Activity 3|# 26|base.verbose(text) - executing verbose(text)([JSON${jsonFile} => select(${jsonPaths})])
2019-07-20 16:31:22,399|I|Thread-1|firstEvaluation.20190720_163111.001|JsonScenario|Activity 3|# 26|base.verbose(text) - [JSONC:\projects\firstEvaluation\artifact\data\example_2.json => select(unit_cost => ascending)]
2019-07-20 16:31:22,401|I|Thread-1|firstEvaluation.20190720_163111.001|JsonScenario|Activity 3|# 26|base.verbose(text) - PASS 
2019-07-20 16:31:22,585|I|Thread-1|[firstEvaluation.20190720_163111.001|JsonScenario] saving test scenario
2019-07-20 16:31:22,670|I|Thread-1|[20190720_163110] 
/-TEST COMPLETE-----------------------------------------------------------------
| Test Output:    C:\projects\firstEvaluation\output\20190720_163110\firstEvaluation.20190720_163111.001.xlsx
| Iteration:      1
\-------------------------------------------------------------------------------
» Execution Time: 10332 ms
» Test Steps:     16
» Error(s):       0



2019-07-20 16:31:24,591|I|Thread-1|[20190720_163110] 
/-TEST COMPLETE-----------------------------------------------------------------
| Test Script:    C:\projects\firstEvaluation\artifact\script\firstEvaluation.xlsx
\-------------------------------------------------------------------------------
» Execution Time: 14391 ms
» Iterations:     [1] total 1
» Test Steps:     16
» Passed:         16
» Error(s):       0
» Iteration 1 of 1: C:\projects\firstEvaluation\output\20190720_163110\firstEvaluation.20190720_163111.001.xlsx



2019-07-20 16:31:25,160|I|main|[20190720_163110] [C:\projects\firstEvaluation\artifact\script\firstEvaluation.xlsx] now completed
2019-07-20 16:31:25,166|I|main|[20190720_163110] all execution thread(s) have terminated
2019-07-20 16:31:25,167|I|main|[20190720_163110] test run completed in about 15 seconds
2019-07-20 16:31:25,296|I|main|No predefined nexial-setup found
2019-07-20 16:31:25,339|I|main|outputBase not set; output-to-cloud DISABLED!
2019-07-20 16:31:25,340|I|main|accessKey not set; output-to-cloud DISABLED!
2019-07-20 16:31:25,340|I|main|secretKey not set; output-to-cloud DISABLED!
2019-07-20 16:31:25,341|I|main|generating HTML output for this execution to C:\projects\firstEvaluation\output\20190720_163110\execution-output.html
2019-07-20 16:31:26,403|I|main|generating JUnit XML output for this execution to C:\projects\firstEvaluation\output\20190720_163110\junit.xml
2019-07-20 16:31:26,452|I|main|generated JUnit report for this execution: C:\projects\firstEvaluation\output\20190720_163110\junit.xml
2019-07-20 16:31:26,491|I|main|nexial mailer not enabled: nexial.enableEmail=false
2019-07-20 16:31:26,492|I|main|skipped email notification as configured
2019-07-20 16:31:26,495|I|main|exiting Nexial...
2019-07-20 16:31:26,497|I|main|

/-END OF EXECUTION--------------------------------------------------------------
| » Execution Time: 15 sec.
| » Test Steps....: 16
| » Passed........: 16
| » Failed........: 0
| » Success Rate..: 100.00%
\----------------------------------------------------------nexial-core dev_0581-

2019-07-20 16:31:26,498|I|main|ALL PASSED!
2019-07-20 16:31:26,499|I|main|End of Execution:
NEXIAL_OUTPUT:         C:\projects\firstEvaluation\output\20190720_163110
NEXIAL_EXECUTION_HTML: C:\projects\firstEvaluation\output\20190720_163110\execution-output.html
NEXIAL_JUNIT_XML:      C:\projects\firstEvaluation\output\20190720_163110\junit.xml
NEXIAL_SUCCESS_RATE:   100.00%
NEXIAL_EXIT_STATUS:    0
