2019-07-23 11:21:13,933|I|Thread-1|(DELAYED) nexial-core 2.4_0567 starting up...
2019-07-23 11:21:13,938|I|Thread-1|(DELAYED) data file resolved as C:\Users\DEEPAN~1.PAT\AppData\Local\Temp\kGJEL\firstEvaluation.data.xlsx
2019-07-23 11:21:13,938|I|Thread-1|(DELAYED) input files and output directory resolved...
2019-07-23 11:21:13,939|I|Thread-1|(DELAYED) No predefined nexial-setup found
2019-07-23 11:21:13,939|I|Thread-1|(DELAYED) [20190723_112113] [C:\projects\firstEvaluation\artifact\script\firstEvaluation.xlsx] resolve RUN ID as 20190723_112113
2019-07-23 11:21:13,939|I|Thread-1|(DELAYED) [20190723_112113] [C:\projects\firstEvaluation\artifact\script\firstEvaluation.xlsx] new thread started
2019-07-23 11:21:13,939|I|Thread-1|No predefined nexial-setup found
2019-07-23 11:21:14,017|I|Thread-1|outputBase not set; output-to-cloud DISABLED!
2019-07-23 11:21:14,018|I|Thread-1|accessKey not set; output-to-cloud DISABLED!
2019-07-23 11:21:14,019|I|Thread-1|secretKey not set; output-to-cloud DISABLED!
2019-07-23 11:21:14,048|I|Thread-1|missing REQUIRED configuration; sms DISABLED!
2019-07-23 11:21:14,804|I|Thread-1|[20190723_112113] executing C:\projects\firstEvaluation\artifact\script\firstEvaluation.xlsx with 1 iteration(s)
2019-07-23 11:21:14,809|I|Thread-1|[20190723_112113] create directory C:\projects\firstEvaluation\output\20190723_112113\captures
2019-07-23 11:21:14,810|I|Thread-1|[20190723_112113] create directory C:\projects\firstEvaluation\output\20190723_112113\logs
2019-07-23 11:21:15,703|I|Thread-1|[20190723_112113] merging test data to tmp file C:\projects\firstEvaluation\output\20190723_112113\firstEvaluation.20190723_112114.001.xlsx
2019-07-23 11:21:15,705|I|Thread-1|refetching data from C:\projects\firstEvaluation\artifact\data\firstEvaluation.data.xlsx
2019-07-23 11:21:15,985|I|Thread-1|[20190723_112113] test script and test data merged to C:\projects\firstEvaluation\output\20190723_112113\firstEvaluation.20190723_112114.001.xlsx
2019-07-23 11:21:16,677|I|Thread-1|STARTS
2019-07-23 11:21:16,763|I|Thread-1|firstEvaluation.20190723_112114.001 - executing iteration #1 of 1; Iteration Id 1
2019-07-23 11:21:16,772|I|Thread-1|firstEvaluation.20190723_112114.001|JsonScenario - executing test scenario
2019-07-23 11:21:16,774|I|Thread-1|firstEvaluation.20190723_112114.001|JsonScenario|Activity 1 - executing activity
2019-07-23 11:21:17,378|I|Thread-1|firstEvaluation.20190723_112114.001|JsonScenario|Activity 1|#  5|json.storeValues(json,jso - executing storeValues(json,jsonpath,var)($(syspath|data|fullpath)/example_2.json, products[supplier=Wisozk Inc].product_name, productNames)
2019-07-23 11:21:17,491|I|Thread-1|firstEvaluation.20190723_112114.001|JsonScenario|Activity 1|#  5|json.storeValues(json,jso - PASS EXPECTED match against 'products[supplier=Wisozk Inc].product_name' stored to ${productNames}
2019-07-23 11:21:18,093|I|Thread-1|firstEvaluation.20190723_112114.001|JsonScenario|Activity 1|#  6|base.verbose(text) - executing verbose(text)(${productNames})
2019-07-23 11:21:18,098|I|Thread-1|firstEvaluation.20190723_112114.001|JsonScenario|Activity 1|#  6|base.verbose(text) - ["sildenafil citrate","Mountain Juniperus ashei"]
2019-07-23 11:21:18,272|I|Thread-1|firstEvaluation.20190723_112114.001|JsonScenario|Activity 1|#  6|base.verbose(text) - PASS 
2019-07-23 11:21:18,275|I|Thread-1|firstEvaluation.20190723_112114.001|JsonScenario|Activity 2 - executing activity
2019-07-23 11:21:18,877|I|Thread-1|firstEvaluation.20190723_112114.001|JsonScenario|Activity 2|#  7|json.storeValues(json,jso - executing storeValues(json,jsonpath,var)($(syspath|data|fullpath)/example_2.json, products[supplier=Wisozk Inc].quantity, quantityList)
2019-07-23 11:21:18,896|I|Thread-1|firstEvaluation.20190723_112114.001|JsonScenario|Activity 2|#  7|json.storeValues(json,jso - PASS EXPECTED match against 'products[supplier=Wisozk Inc].quantity' stored to ${quantityList}
2019-07-23 11:21:19,508|I|Thread-1|firstEvaluation.20190723_112114.001|JsonScenario|Activity 2|#  8|json.storeValues(json,jso - executing storeValues(json,jsonpath,var)($(syspath|data|fullpath)/example_2.json, products[supplier=Wisozk Inc].unit_cost, costList)
2019-07-23 11:21:19,527|I|Thread-1|firstEvaluation.20190723_112114.001|JsonScenario|Activity 2|#  8|json.storeValues(json,jso - PASS EXPECTED match against 'products[supplier=Wisozk Inc].unit_cost' stored to ${costList}
2019-07-23 11:21:20,136|I|Thread-1|firstEvaluation.20190723_112114.001|JsonScenario|Activity 2|#  9|base.save(var,value) - executing save(var,value)(unit_costList, [LIST${costList} => replaceRegex([$],)])
2019-07-23 11:21:20,148|I|Thread-1|firstEvaluation.20190723_112114.001|JsonScenario|Activity 2|#  9|base.save(var,value) - PASS stored '[LIST["$10.47","$8.74"] => replaceRegex([$],)]' as ${unit_costList}
2019-07-23 11:21:20,754|I|Thread-1|firstEvaluation.20190723_112114.001|JsonScenario|Activity 2|# 10|base.verbose(text) - executing verbose(text)(${unit_costList})
2019-07-23 11:21:20,759|I|Thread-1|firstEvaluation.20190723_112114.001|JsonScenario|Activity 2|# 10|base.verbose(text) - [LIST["$10.47","$8.74"] => replaceRegex([$],)]
2019-07-23 11:21:20,769|I|Thread-1|firstEvaluation.20190723_112114.001|JsonScenario|Activity 2|# 10|base.verbose(text) - PASS 
2019-07-23 11:21:21,375|I|Thread-1|firstEvaluation.20190723_112114.001|JsonScenario|Activity 2|# 11|base.save(var,value) - executing save(var,value)(sumTotal, 0)
2019-07-23 11:21:21,383|I|Thread-1|firstEvaluation.20190723_112114.001|JsonScenario|Activity 2|# 11|base.save(var,value) - PASS stored '0' as ${sumTotal}
2019-07-23 11:21:21,989|I|Thread-1|firstEvaluation.20190723_112114.001|JsonScenario|Activity 2|# 12|base.save(var,value) - executing save(var,value)(counter, 0)
2019-07-23 11:21:21,998|I|Thread-1|firstEvaluation.20190723_112114.001|JsonScenario|Activity 2|# 12|base.save(var,value) - PASS stored '0' as ${counter}
2019-07-23 11:21:22,604|I|Thread-1|firstEvaluation.20190723_112114.001|JsonScenario|Activity 2|# 13|base.save(var,value) - executing save(var,value)(length, $(array|length|${quantityList}))
2019-07-23 11:21:22,617|I|Thread-1|firstEvaluation.20190723_112114.001|JsonScenario|Activity 2|# 13|base.save(var,value) - PASS stored '2' as ${length}
2019-07-23 11:21:23,221|I|Thread-1|firstEvaluation.20190723_112114.001|JsonScenario|Activity 2|# 14|base.save(var,value) - executing save(var,value)(mulValue, 0)
2019-07-23 11:21:23,228|I|Thread-1|firstEvaluation.20190723_112114.001|JsonScenario|Activity 2|# 14|base.save(var,value) - PASS stored '0' as ${mulValue}
2019-07-23 11:21:23,837|I|Thread-1|firstEvaluation.20190723_112114.001|JsonScenario|Activity 2|# 15|base.verbose(text) - executing verbose(text)(${unit_costList})
2019-07-23 11:21:23,842|I|Thread-1|firstEvaluation.20190723_112114.001|JsonScenario|Activity 2|# 15|base.verbose(text) - [LIST["$10.47","$8.74"] => replaceRegex([$],)]
2019-07-23 11:21:23,853|I|Thread-1|firstEvaluation.20190723_112114.001|JsonScenario|Activity 2|# 15|base.verbose(text) - PASS 
2019-07-23 11:21:24,458|I|Thread-1|firstEvaluation.20190723_112114.001|JsonScenario|Activity 2|# 16|base.repeatUntil(steps,ma - executing repeatUntil(steps,maxWaitMs)(6, -1)
2019-07-23 11:21:24,462|I|Thread-1|firstEvaluation.20190723_112114.001|JsonScenario|Activity 2|# 17|base.assertEqual(expected - 
<[repeat-until] entering loop #1 --------------------------------------------->
2019-07-23 11:21:24,468|I|Thread-1|firstEvaluation.20190723_112114.001|JsonScenario|Activity 2|# 17|base.assertEqual(expected - executing assertEqual(expected,actual)(${length}, ${counter})
2019-07-23 11:21:24,477|I|Thread-1|firstEvaluation.20190723_112114.001|JsonScenario|Activity 2|# 18|base.save(var,value) - executing save(var,value)(unit_cost, $(array|item|${unit_costList}|${counter}))
2019-07-23 11:21:24,487|I|Thread-1|firstEvaluation.20190723_112114.001|JsonScenario|Activity 2|# 18|base.save(var,value) - [repeat-until] PASS stored '"$10.47"' as ${unit_cost}
2019-07-23 11:21:24,492|I|Thread-1|firstEvaluation.20190723_112114.001|JsonScenario|Activity 2|# 19|base.save(var,value) - executing save(var,value)(quantity, $(array|item|${quantityList}|${counter}))
2019-07-23 11:21:24,499|I|Thread-1|firstEvaluation.20190723_112114.001|JsonScenario|Activity 2|# 19|base.save(var,value) - [repeat-until] PASS stored '261' as ${quantity}
2019-07-23 11:21:24,502|I|Thread-1|firstEvaluation.20190723_112114.001|JsonScenario|Activity 2|# 20|base.save(var,value) - executing save(var,value)(mulValue, [NUMBER(${unit_cost}) => multiply(${quantity})])
2019-07-23 11:21:24,527|I|Thread-1|firstEvaluation.20190723_112114.001|JsonScenario|Activity 2|# 20|base.save(var,value) - [repeat-until] PASS stored '2732.67' as ${mulValue}
2019-07-23 11:21:24,528|I|Thread-1|firstEvaluation.20190723_112114.001|JsonScenario|Activity 2|# 21|base.save(var,value) - executing save(var,value)(sumTotal, [NUMBER(${sumTotal}) => add(${mulValue})])
2019-07-23 11:21:24,531|I|Thread-1|firstEvaluation.20190723_112114.001|JsonScenario|Activity 2|# 21|base.save(var,value) - [repeat-until] PASS stored '2732.67' as ${sumTotal}
2019-07-23 11:21:24,533|I|Thread-1|firstEvaluation.20190723_112114.001|JsonScenario|Activity 2|# 22|number.increment(var,amou - executing increment(var,amount)(counter, 1)
2019-07-23 11:21:24,579|I|Thread-1|firstEvaluation.20190723_112114.001|JsonScenario|Activity 2|# 22|number.increment(var,amou - [repeat-until] PASS incremented ${counter} by 1 to 1
2019-07-23 11:21:24,580|I|Thread-1|firstEvaluation.20190723_112114.001|JsonScenario|Activity 2|# 17|base.assertEqual(expected - 
<[repeat-until] entering loop #2 --------------------------------------------->
2019-07-23 11:21:24,582|I|Thread-1|firstEvaluation.20190723_112114.001|JsonScenario|Activity 2|# 17|base.assertEqual(expected - executing assertEqual(expected,actual)(${length}, ${counter})
2019-07-23 11:21:24,583|I|Thread-1|firstEvaluation.20190723_112114.001|JsonScenario|Activity 2|# 18|base.save(var,value) - executing save(var,value)(unit_cost, $(array|item|${unit_costList}|${counter}))
2019-07-23 11:21:24,586|I|Thread-1|firstEvaluation.20190723_112114.001|JsonScenario|Activity 2|# 18|base.save(var,value) - [repeat-until] PASS stored '"$8.74"' as ${unit_cost}
2019-07-23 11:21:24,588|I|Thread-1|firstEvaluation.20190723_112114.001|JsonScenario|Activity 2|# 19|base.save(var,value) - executing save(var,value)(quantity, $(array|item|${quantityList}|${counter}))
2019-07-23 11:21:24,593|I|Thread-1|firstEvaluation.20190723_112114.001|JsonScenario|Activity 2|# 19|base.save(var,value) - [repeat-until] PASS stored '292' as ${quantity}
2019-07-23 11:21:24,595|I|Thread-1|firstEvaluation.20190723_112114.001|JsonScenario|Activity 2|# 20|base.save(var,value) - executing save(var,value)(mulValue, [NUMBER(${unit_cost}) => multiply(${quantity})])
2019-07-23 11:21:24,598|I|Thread-1|firstEvaluation.20190723_112114.001|JsonScenario|Activity 2|# 20|base.save(var,value) - [repeat-until] PASS stored '2552.08' as ${mulValue}
2019-07-23 11:21:24,599|I|Thread-1|firstEvaluation.20190723_112114.001|JsonScenario|Activity 2|# 21|base.save(var,value) - executing save(var,value)(sumTotal, [NUMBER(${sumTotal}) => add(${mulValue})])
2019-07-23 11:21:24,604|I|Thread-1|firstEvaluation.20190723_112114.001|JsonScenario|Activity 2|# 21|base.save(var,value) - [repeat-until] PASS stored '5284.75' as ${sumTotal}
2019-07-23 11:21:24,606|I|Thread-1|firstEvaluation.20190723_112114.001|JsonScenario|Activity 2|# 22|number.increment(var,amou - executing increment(var,amount)(counter, 1)
2019-07-23 11:21:24,609|I|Thread-1|firstEvaluation.20190723_112114.001|JsonScenario|Activity 2|# 22|number.increment(var,amou - [repeat-until] PASS incremented ${counter} by 1 to 2
2019-07-23 11:21:24,610|I|Thread-1|firstEvaluation.20190723_112114.001|JsonScenario|Activity 2|# 17|base.assertEqual(expected - 
<[repeat-until] entering loop #3 --------------------------------------------->
2019-07-23 11:21:24,612|I|Thread-1|firstEvaluation.20190723_112114.001|JsonScenario|Activity 2|# 17|base.assertEqual(expected - executing assertEqual(expected,actual)(${length}, ${counter})
2019-07-23 11:21:24,616|I|Thread-1|firstEvaluation.20190723_112114.001|JsonScenario|Activity 2|# 16|base.repeatUntil(steps,ma - PASS repeat-until execution completed
2019-07-23 11:21:25,219|I|Thread-1|firstEvaluation.20190723_112114.001|JsonScenario|Activity 2|# 23|base.verbose(text) - executing verbose(text)(${sumTotal})
2019-07-23 11:21:25,223|I|Thread-1|firstEvaluation.20190723_112114.001|JsonScenario|Activity 2|# 23|base.verbose(text) - 5284.75
2019-07-23 11:21:25,234|I|Thread-1|firstEvaluation.20190723_112114.001|JsonScenario|Activity 2|# 23|base.verbose(text) - PASS 
2019-07-23 11:21:25,246|I|Thread-1|firstEvaluation.20190723_112114.001|JsonScenario|Activity 3 - executing activity
2019-07-23 11:21:25,849|I|Thread-1|firstEvaluation.20190723_112114.001|JsonScenario|Activity 3|# 24|io.readFile(var,file) - executing readFile(var,file)(jsonFile, $(syspath|data|fullpath)/example_2.json)
2019-07-23 11:21:25,864|I|Thread-1|firstEvaluation.20190723_112114.001|JsonScenario|Activity 3|# 24|io.readFile(var,file) - PASS Content read from 'C:\projects\firstEvaluation\artifact\data\example_2.json' to ${jsonFile}
2019-07-23 11:21:26,468|I|Thread-1|firstEvaluation.20190723_112114.001|JsonScenario|Activity 3|# 25|base.save(var,value) - executing save(var,value)(var, [JSON(${jsonFile} => extract(products[unit_cost => ascending])])
2019-07-23 11:21:26,571|I|Thread-1|firstEvaluation.20190723_112114.001|JsonScenario|Activity 3|# 25|base.save(var,value) - PASS stored '[JSON({
	"products": 
		[{
  			"_id": {
 			   "orderid": "5968dd23fc13ae04d9000001"
  				},
  			"product_name": "sildenafil citrate",
  			"supplier": "Wisozk Inc",
  			"quantity": 261,
  			"unit_cost": "$10.47"
		}, 
		{
 			"_id": {
    			  "orderid": "5968dd23fc13ae04d9000002"
  				},
 			  "product_name": "Mountain Juniperus ashei",
  			  "supplier": "Wisozk Inc",
			  "quantity": 292,
			  "unit_cost": "$8.74"
		},
		{
			 "_id": {
			    "orderid": "5968dd23fc13ae04d9000003"
				},
			    "product_name": "Dextromathorphan HBr",
			    "supplier": "Schmitt-Weissnat",
  		            "quantity": 211,
  			    "unit_cost": "$20.53"
		},
		{
			 "_id": {
			    "orderid": "5968dd23fc13ae04d9000004"
 				 },
  			    "product_name": "Dextromathorphan HBr",
			    "supplier": "SC-Pharmacy",
			    "quantity": 211,
			    "unit_cost": "$20.53"
		}]
} => extract(products[unit_cost => ascending])]' as ${var}
2019-07-23 11:21:27,210|I|Thread-1|firstEvaluation.20190723_112114.001|JsonScenario|Activity 3|# 26|json.storeValues(json,jso - executing storeValues(json,jsonpath,var)(${var}, products.product_name, result)
2019-07-23 11:21:27,223|E|Thread-1|Error converting string to JSON object: Expected a ',' or ']' at 7 [character 8 line 1]
org.json.JSONException: Expected a ',' or ']' at 7 [character 8 line 1]
	at org.json.JSONTokener.syntaxError(JSONTokener.java:505)
	at org.json.JSONArray.<init>(JSONArray.java:130)
	at org.json.JSONArray.<init>(JSONArray.java:147)
	at org.nexial.core.utils.JsonUtils.toJSONArray(JsonUtils.java:85)
	at org.nexial.core.plugins.json.JsonCommand.resolveToJSONObject(JsonCommand.java:318)
	at org.nexial.core.plugins.json.JsonCommand.toJSONObject(JsonCommand.java:441)
	at org.nexial.core.plugins.json.JsonCommand.sanityCheck(JsonCommand.java:445)
	at org.nexial.core.plugins.json.JsonCommand.find(JsonCommand.java:449)
	at org.nexial.core.plugins.json.JsonCommand.extractJsonValue(JsonCommand.java:384)
	at org.nexial.core.plugins.json.JsonCommand.storeValues(JsonCommand.java:123)
	at java.base/jdk.internal.reflect.NativeMethodAccessorImpl.invoke0(Native Method)
	at java.base/jdk.internal.reflect.NativeMethodAccessorImpl.invoke(NativeMethodAccessorImpl.java:62)
	at java.base/jdk.internal.reflect.DelegatingMethodAccessorImpl.invoke(DelegatingMethodAccessorImpl.java:43)
	at java.base/java.lang.reflect.Method.invoke(Method.java:566)
	at org.nexial.core.plugins.base.BaseCommand.execute(BaseCommand.java:154)
	at org.nexial.core.model.TestStep.invokeCommand(TestStep.java:325)
	at org.nexial.core.model.TestStep.execute(TestStep.java:165)
	at org.nexial.core.model.TestCase.execute(TestCase.java:94)
	at org.nexial.core.model.TestScenario.execute(TestScenario.java:130)
	at org.nexial.core.model.ExecutionContext.execute(ExecutionContext.java:1176)
	at org.nexial.core.ExecutionThread.run(ExecutionThread.java:174)
2019-07-23 11:21:27,279|E|Thread-1|JSON string in error is as follows:
[JSON({
	"products": 
		[{
  			"_id": {
 			   "orderid": "5968dd23fc13ae04d9000001"
  				},
  			"product_name": "sildenafil citrate",
  			"supplier": "Wisozk Inc",
  			"quantity": 261,
  			"unit_cost": "$10.47"
		}, 
		{
 			"_id": {
    			  "orderid": "5968dd23fc13ae04d9000002"
  				},
 			  "product_name": "Mountain Juniperus ashei",
  			  "supplier": "Wisozk Inc",
			  "quantity": 292,
			  "unit_cost": "$8.74"
		},
		{
			 "_id": {
			    "orderid": "5968dd23fc13ae04d9000003"
				},
			    "product_name": "Dextromathorphan HBr",
			    "supplier": "Schmitt-Weissnat",
  		            "quantity": 211,
  			    "unit_cost": "$20.53"
		},
		{
			 "_id": {
			    "orderid": "5968dd23fc13ae04d9000004"
 				 },
  			    "product_name": "Dextromathorphan HBr",
			    "supplier": "SC-Pharmacy",
			    "quantity": 211,
			    "unit_cost": "$20.53"
		}]
} => extract(products[unit_cost => ascending])]
2019-07-23 11:21:27,384|I|Thread-1|firstEvaluation.20190723_112114.001|JsonScenario|Activity 3|# 26|json.storeValues(json,jso - FAIL invalid/malformed json: {[JSON({
	"products": 
		[{
  			"_id": {
 			   "orderid": "5968dd23fc13ae04d9000001"
  				},
  			"product_name": "sildenafil citrate",
  			"supplier": "Wisozk Inc",
  			"quantity": 261,
  			"unit_cost": "$10.47"
		}, 
		{
 			"_id": {
    			  "orderid": "5968dd23fc13ae04d9000002"
  				},
 			  "product_name": "Mountain Juniperus ashei",
  			  "supplier": "Wisozk Inc",
			  "quantity": 292,
			  "unit_cost": "$8.74"
		},
		{
			 "_id": {
			    "orderid": "5968dd23fc13ae04d9000003"
				},
			    "product_name": "Dextromathorphan HBr",
			    "supplier": "Schmitt-Weissnat",
  		            "quantity": 211,
  			    "unit_cost": "$20.53"
		},
		{
			 "_id": {
			    "orderid": "5968dd23fc13ae04d9000004"
 				 },
  			    "product_name": "Dextromathorphan HBr",
			    "supplier": "SC-Pharmacy",
			    "quantity": 211,
			    "unit_cost": "$20.53"
		}]
} => extract(products[unit_cost => ascending])]}
2019-07-23 11:21:28,020|I|Thread-1|firstEvaluation.20190723_112114.001|JsonScenario|Activity 3|# 27|base.verbose(text) - executing verbose(text)(${result})
2019-07-23 11:21:28,024|I|Thread-1|firstEvaluation.20190723_112114.001|JsonScenario|Activity 3|# 27|base.verbose(text) - 
2019-07-23 11:21:28,033|I|Thread-1|firstEvaluation.20190723_112114.001|JsonScenario|Activity 3|# 27|base.verbose(text) - PASS 
2019-07-23 11:21:28,038|I|Thread-1|firstEvaluation.20190723_112114.001|JsonScenario|Activity 4 - executing activity
2019-07-23 11:21:28,642|I|Thread-1|firstEvaluation.20190723_112114.001|JsonScenario|Activity 4|# 28|json.storeValues(json,jso - executing storeValues(json,jsonpath,var)($(syspath|data|fullpath)/example_2.json, products[product_name=Dextromathorphan HBr].supplier, supplierList)
2019-07-23 11:21:28,659|I|Thread-1|firstEvaluation.20190723_112114.001|JsonScenario|Activity 4|# 28|json.storeValues(json,jso - PASS EXPECTED match against 'products[product_name=Dextromathorphan HBr].supplier' stored to ${supplierList}
2019-07-23 11:21:29,263|I|Thread-1|firstEvaluation.20190723_112114.001|JsonScenario|Activity 4|# 29|base.verbose(text) - executing verbose(text)(${supplierList})
2019-07-23 11:21:29,266|I|Thread-1|firstEvaluation.20190723_112114.001|JsonScenario|Activity 4|# 29|base.verbose(text) - ["Schmitt-Weissnat","SC-Pharmacy"]
2019-07-23 11:21:29,277|I|Thread-1|firstEvaluation.20190723_112114.001|JsonScenario|Activity 4|# 29|base.verbose(text) - PASS 
2019-07-23 11:21:29,281|I|Thread-1|firstEvaluation.20190723_112114.001|JsonScenario|Activity 5 - executing activity
2019-07-23 11:21:29,885|I|Thread-1|firstEvaluation.20190723_112114.001|JsonScenario|Activity 5|# 30|json.storeValues(json,jso - executing storeValues(json,jsonpath,var)($(syspath|data|fullpath)/example_2.json, products.product_name, productList)
2019-07-23 11:21:29,931|I|Thread-1|firstEvaluation.20190723_112114.001|JsonScenario|Activity 5|# 30|json.storeValues(json,jso - PASS EXPECTED match against 'products.product_name' stored to ${productList}
2019-07-23 11:21:30,533|I|Thread-1|firstEvaluation.20190723_112114.001|JsonScenario|Activity 5|# 31|json.storeValues(json,jso - executing storeValues(json,jsonpath,var)($(syspath|data|fullpath)/example_2.json, products.unit_cost, costList)
2019-07-23 11:21:30,547|I|Thread-1|firstEvaluation.20190723_112114.001|JsonScenario|Activity 5|# 31|json.storeValues(json,jso - PASS EXPECTED match against 'products.unit_cost' stored to ${costList}
2019-07-23 11:21:31,171|I|Thread-1|firstEvaluation.20190723_112114.001|JsonScenario|Activity 5|# 32|base.save(var,value) - executing save(var,value)(unit_costList, [LIST${costList} => replaceRegex([$],)])
2019-07-23 11:21:31,180|I|Thread-1|firstEvaluation.20190723_112114.001|JsonScenario|Activity 5|# 32|base.save(var,value) - PASS stored '[LIST["$10.47","$8.74","$20.53","$20.53"] => replaceRegex([$],)]' as ${unit_costList}
2019-07-23 11:21:31,788|I|Thread-1|firstEvaluation.20190723_112114.001|JsonScenario|Activity 5|# 33|base.save(var,value) - executing save(var,value)(counter, 0)
2019-07-23 11:21:31,796|I|Thread-1|firstEvaluation.20190723_112114.001|JsonScenario|Activity 5|# 33|base.save(var,value) - PASS stored '0' as ${counter}
2019-07-23 11:21:32,403|I|Thread-1|firstEvaluation.20190723_112114.001|JsonScenario|Activity 5|# 34|base.save(var,value) - executing save(var,value)(finalList, abcd)
2019-07-23 11:21:32,409|I|Thread-1|firstEvaluation.20190723_112114.001|JsonScenario|Activity 5|# 34|base.save(var,value) - PASS stored 'abcd' as ${finalList}
2019-07-23 11:21:33,012|I|Thread-1|firstEvaluation.20190723_112114.001|JsonScenario|Activity 5|# 35|base.repeatUntil(steps,ma - executing repeatUntil(steps,maxWaitMs)(6, -1)
2019-07-23 11:21:33,017|I|Thread-1|firstEvaluation.20190723_112114.001|JsonScenario|Activity 5|# 36|base.assertEqual(expected - 
<[repeat-until] entering loop #1 --------------------------------------------->
2019-07-23 11:21:33,025|I|Thread-1|firstEvaluation.20190723_112114.001|JsonScenario|Activity 5|# 36|base.assertEqual(expected - executing assertEqual(expected,actual)($(array|length|${unit_costList}), ${counter})
2019-07-23 11:21:33,031|I|Thread-1|firstEvaluation.20190723_112114.001|JsonScenario|Activity 5|# 37|base.save(var,value) - executing save(var,value)(value, $(array|item|${unit_costList}|${counter}))
2019-07-23 11:21:33,041|I|Thread-1|firstEvaluation.20190723_112114.001|JsonScenario|Activity 5|# 37|base.save(var,value) - [repeat-until] PASS stored '"$10.47"' as ${value}
2019-07-23 11:21:33,045|I|Thread-1|firstEvaluation.20190723_112114.001|JsonScenario|Activity 5|# 38|base.save(var,value) - executing save(var,value)(cost, [TEXT(${value}) => remove($) remove(") ])
2019-07-23 11:21:33,057|I|Thread-1|firstEvaluation.20190723_112114.001|JsonScenario|Activity 5|# 38|base.save(var,value) - [repeat-until] PASS stored '10.47' as ${cost}
2019-07-23 11:21:33,062|I|Thread-1|firstEvaluation.20190723_112114.001|JsonScenario|Activity 5|# 39|base.verbose(text) - executing verbose(text)(${cost})
2019-07-23 11:21:33,064|I|Thread-1|firstEvaluation.20190723_112114.001|JsonScenario|Activity 5|# 39|base.verbose(text) - 10.47
2019-07-23 11:21:33,068|I|Thread-1|firstEvaluation.20190723_112114.001|JsonScenario|Activity 5|# 39|base.verbose(text) - [repeat-until] PASS 10.47
2019-07-23 11:21:33,072|I|Thread-1|firstEvaluation.20190723_112114.001|JsonScenario|Activity 5|# 40|base.verbose(text) - executing verbose(text)([LIST(finalList) => append($(array|item|${productList}|${counter}))])
2019-07-23 11:21:33,076|I|Thread-1|evaluating flow control:	SkipIf(10.47>20)		=> NOT MATCHED
2019-07-23 11:21:33,081|I|Thread-1|firstEvaluation.20190723_112114.001|JsonScenario|Activity 5|# 40|base.verbose(text) - finalList,"sildenafil citrate"
2019-07-23 11:21:33,085|I|Thread-1|firstEvaluation.20190723_112114.001|JsonScenario|Activity 5|# 40|base.verbose(text) - [repeat-until] PASS finalList,"sildenafil citrate"
2019-07-23 11:21:33,086|I|Thread-1|firstEvaluation.20190723_112114.001|JsonScenario|Activity 5|# 41|number.increment(var,amou - executing increment(var,amount)(counter, 1)
2019-07-23 11:21:33,087|I|Thread-1|firstEvaluation.20190723_112114.001|JsonScenario|Activity 5|# 41|number.increment(var,amou - [repeat-until] PASS incremented ${counter} by 1 to 1
2019-07-23 11:21:33,089|I|Thread-1|firstEvaluation.20190723_112114.001|JsonScenario|Activity 5|# 36|base.assertEqual(expected - 
<[repeat-until] entering loop #2 --------------------------------------------->
2019-07-23 11:21:33,090|I|Thread-1|firstEvaluation.20190723_112114.001|JsonScenario|Activity 5|# 36|base.assertEqual(expected - executing assertEqual(expected,actual)($(array|length|${unit_costList}), ${counter})
2019-07-23 11:21:33,093|I|Thread-1|firstEvaluation.20190723_112114.001|JsonScenario|Activity 5|# 37|base.save(var,value) - executing save(var,value)(value, $(array|item|${unit_costList}|${counter}))
2019-07-23 11:21:33,095|I|Thread-1|firstEvaluation.20190723_112114.001|JsonScenario|Activity 5|# 37|base.save(var,value) - [repeat-until] PASS stored '"$8.74"' as ${value}
2019-07-23 11:21:33,096|I|Thread-1|firstEvaluation.20190723_112114.001|JsonScenario|Activity 5|# 38|base.save(var,value) - executing save(var,value)(cost, [TEXT(${value}) => remove($) remove(") ])
2019-07-23 11:21:33,098|I|Thread-1|firstEvaluation.20190723_112114.001|JsonScenario|Activity 5|# 38|base.save(var,value) - [repeat-until] PASS stored '8.74' as ${cost}
2019-07-23 11:21:33,102|I|Thread-1|firstEvaluation.20190723_112114.001|JsonScenario|Activity 5|# 39|base.verbose(text) - executing verbose(text)(${cost})
2019-07-23 11:21:33,104|I|Thread-1|firstEvaluation.20190723_112114.001|JsonScenario|Activity 5|# 39|base.verbose(text) - 8.74
2019-07-23 11:21:33,105|I|Thread-1|firstEvaluation.20190723_112114.001|JsonScenario|Activity 5|# 39|base.verbose(text) - [repeat-until] PASS 8.74
2019-07-23 11:21:33,106|I|Thread-1|firstEvaluation.20190723_112114.001|JsonScenario|Activity 5|# 40|base.verbose(text) - executing verbose(text)([LIST(finalList) => append($(array|item|${productList}|${counter}))])
2019-07-23 11:21:33,107|I|Thread-1|evaluating flow control:	SkipIf(8.74>20)		=> NOT MATCHED
2019-07-23 11:21:33,108|I|Thread-1|firstEvaluation.20190723_112114.001|JsonScenario|Activity 5|# 40|base.verbose(text) - finalList,"Mountain Juniperus ashei"
2019-07-23 11:21:33,109|I|Thread-1|firstEvaluation.20190723_112114.001|JsonScenario|Activity 5|# 40|base.verbose(text) - [repeat-until] PASS finalList,"Mountain Juniperus ashei"
2019-07-23 11:21:33,110|I|Thread-1|firstEvaluation.20190723_112114.001|JsonScenario|Activity 5|# 41|number.increment(var,amou - executing increment(var,amount)(counter, 1)
2019-07-23 11:21:33,114|I|Thread-1|firstEvaluation.20190723_112114.001|JsonScenario|Activity 5|# 41|number.increment(var,amou - [repeat-until] PASS incremented ${counter} by 1 to 2
2019-07-23 11:21:33,115|I|Thread-1|firstEvaluation.20190723_112114.001|JsonScenario|Activity 5|# 36|base.assertEqual(expected - 
<[repeat-until] entering loop #3 --------------------------------------------->
2019-07-23 11:21:33,117|I|Thread-1|firstEvaluation.20190723_112114.001|JsonScenario|Activity 5|# 36|base.assertEqual(expected - executing assertEqual(expected,actual)($(array|length|${unit_costList}), ${counter})
2019-07-23 11:21:33,118|I|Thread-1|firstEvaluation.20190723_112114.001|JsonScenario|Activity 5|# 37|base.save(var,value) - executing save(var,value)(value, $(array|item|${unit_costList}|${counter}))
2019-07-23 11:21:33,119|I|Thread-1|firstEvaluation.20190723_112114.001|JsonScenario|Activity 5|# 37|base.save(var,value) - [repeat-until] PASS stored '"$20.53"' as ${value}
2019-07-23 11:21:33,124|I|Thread-1|firstEvaluation.20190723_112114.001|JsonScenario|Activity 5|# 38|base.save(var,value) - executing save(var,value)(cost, [TEXT(${value}) => remove($) remove(") ])
2019-07-23 11:21:33,126|I|Thread-1|firstEvaluation.20190723_112114.001|JsonScenario|Activity 5|# 38|base.save(var,value) - [repeat-until] PASS stored '20.53' as ${cost}
2019-07-23 11:21:33,127|I|Thread-1|firstEvaluation.20190723_112114.001|JsonScenario|Activity 5|# 39|base.verbose(text) - executing verbose(text)(${cost})
2019-07-23 11:21:33,128|I|Thread-1|firstEvaluation.20190723_112114.001|JsonScenario|Activity 5|# 39|base.verbose(text) - 20.53
2019-07-23 11:21:33,129|I|Thread-1|firstEvaluation.20190723_112114.001|JsonScenario|Activity 5|# 39|base.verbose(text) - [repeat-until] PASS 20.53
2019-07-23 11:21:33,129|I|Thread-1|firstEvaluation.20190723_112114.001|JsonScenario|Activity 5|# 40|base.verbose(text) - executing verbose(text)([LIST(finalList) => append($(array|item|${productList}|${counter}))])
2019-07-23 11:21:33,135|I|Thread-1|evaluating flow control:	SkipIf(20.53>20)		=> MATCHED
2019-07-23 11:21:33,136|I|Thread-1|firstEvaluation.20190723_112114.001|JsonScenario|Activity 5|# 40|base.verbose(text) - skipped due to flow control SkipIf(${cost} > 20)
2019-07-23 11:21:33,137|I|Thread-1|firstEvaluation.20190723_112114.001|JsonScenario|Activity 5|# 40|base.verbose(text) - [repeat-until] SKIPPED current step skipped: SkipIf(${cost} > 20)
2019-07-23 11:21:33,138|I|Thread-1|firstEvaluation.20190723_112114.001|JsonScenario|Activity 5|# 41|number.increment(var,amou - executing increment(var,amount)(counter, 1)
2019-07-23 11:21:33,139|I|Thread-1|firstEvaluation.20190723_112114.001|JsonScenario|Activity 5|# 41|number.increment(var,amou - [repeat-until] PASS incremented ${counter} by 1 to 3
2019-07-23 11:21:33,140|I|Thread-1|firstEvaluation.20190723_112114.001|JsonScenario|Activity 5|# 36|base.assertEqual(expected - 
<[repeat-until] entering loop #4 --------------------------------------------->
2019-07-23 11:21:33,141|I|Thread-1|firstEvaluation.20190723_112114.001|JsonScenario|Activity 5|# 36|base.assertEqual(expected - executing assertEqual(expected,actual)($(array|length|${unit_costList}), ${counter})
2019-07-23 11:21:33,145|I|Thread-1|firstEvaluation.20190723_112114.001|JsonScenario|Activity 5|# 37|base.save(var,value) - executing save(var,value)(value, $(array|item|${unit_costList}|${counter}))
2019-07-23 11:21:33,147|I|Thread-1|firstEvaluation.20190723_112114.001|JsonScenario|Activity 5|# 37|base.save(var,value) - [repeat-until] PASS stored '"$20.53"' as ${value}
2019-07-23 11:21:33,148|I|Thread-1|firstEvaluation.20190723_112114.001|JsonScenario|Activity 5|# 38|base.save(var,value) - executing save(var,value)(cost, [TEXT(${value}) => remove($) remove(") ])
2019-07-23 11:21:33,150|I|Thread-1|firstEvaluation.20190723_112114.001|JsonScenario|Activity 5|# 38|base.save(var,value) - [repeat-until] PASS stored '20.53' as ${cost}
2019-07-23 11:21:33,151|I|Thread-1|firstEvaluation.20190723_112114.001|JsonScenario|Activity 5|# 39|base.verbose(text) - executing verbose(text)(${cost})
2019-07-23 11:21:33,152|I|Thread-1|firstEvaluation.20190723_112114.001|JsonScenario|Activity 5|# 39|base.verbose(text) - 20.53
2019-07-23 11:21:33,152|I|Thread-1|firstEvaluation.20190723_112114.001|JsonScenario|Activity 5|# 39|base.verbose(text) - [repeat-until] PASS 20.53
2019-07-23 11:21:33,155|I|Thread-1|firstEvaluation.20190723_112114.001|JsonScenario|Activity 5|# 40|base.verbose(text) - executing verbose(text)([LIST(finalList) => append($(array|item|${productList}|${counter}))])
2019-07-23 11:21:33,158|I|Thread-1|evaluating flow control:	SkipIf(20.53>20)		=> MATCHED
2019-07-23 11:21:33,158|I|Thread-1|firstEvaluation.20190723_112114.001|JsonScenario|Activity 5|# 40|base.verbose(text) - skipped due to flow control SkipIf(${cost} > 20)
2019-07-23 11:21:33,159|I|Thread-1|firstEvaluation.20190723_112114.001|JsonScenario|Activity 5|# 40|base.verbose(text) - [repeat-until] SKIPPED current step skipped: SkipIf(${cost} > 20)
2019-07-23 11:21:33,160|I|Thread-1|firstEvaluation.20190723_112114.001|JsonScenario|Activity 5|# 41|number.increment(var,amou - executing increment(var,amount)(counter, 1)
2019-07-23 11:21:33,161|I|Thread-1|firstEvaluation.20190723_112114.001|JsonScenario|Activity 5|# 41|number.increment(var,amou - [repeat-until] PASS incremented ${counter} by 1 to 4
2019-07-23 11:21:33,162|I|Thread-1|firstEvaluation.20190723_112114.001|JsonScenario|Activity 5|# 36|base.assertEqual(expected - 
<[repeat-until] entering loop #5 --------------------------------------------->
2019-07-23 11:21:33,163|I|Thread-1|firstEvaluation.20190723_112114.001|JsonScenario|Activity 5|# 36|base.assertEqual(expected - executing assertEqual(expected,actual)($(array|length|${unit_costList}), ${counter})
2019-07-23 11:21:33,169|I|Thread-1|firstEvaluation.20190723_112114.001|JsonScenario|Activity 5|# 35|base.repeatUntil(steps,ma - PASS repeat-until execution completed
2019-07-23 11:21:33,770|I|Thread-1|firstEvaluation.20190723_112114.001|JsonScenario|Activity 5|# 42|base.verbose(text) - executing verbose(text)(${finalList})
2019-07-23 11:21:33,776|I|Thread-1|firstEvaluation.20190723_112114.001|JsonScenario|Activity 5|# 42|base.verbose(text) - abcd
2019-07-23 11:21:33,782|I|Thread-1|firstEvaluation.20190723_112114.001|JsonScenario|Activity 5|# 42|base.verbose(text) - PASS 
2019-07-23 11:21:34,493|I|Thread-1|[firstEvaluation.20190723_112114.001|JsonScenario] saving test scenario
2019-07-23 11:21:34,592|I|Thread-1|firstEvaluation.20190723_112114.001|XMLScenario - executing test scenario
2019-07-23 11:21:34,594|I|Thread-1|firstEvaluation.20190723_112114.001|XMLScenario|Activity 1 - executing activity
2019-07-23 11:21:35,196|I|Thread-1|firstEvaluation.20190723_112114.001|XMLScenario|Activity 1|#  5|io.readFile(var,file) - executing readFile(var,file)(xmlFile, $(syspath|data|fullpath)/example_1.xml)
2019-07-23 11:21:35,214|I|Thread-1|firstEvaluation.20190723_112114.001|XMLScenario|Activity 1|#  5|io.readFile(var,file) - PASS Content read from 'C:\projects\firstEvaluation\artifact\data\example_1.xml' to ${xmlFile}
2019-07-23 11:21:35,818|I|Thread-1|firstEvaluation.20190723_112114.001|XMLScenario|Activity 1|#  6|xml.storeValues(xml,xpath - executing storeValues(xml,xpath,var)($(syspath|data|fullpath)/example_1.xml, /catalog/book[publish_date[starts-with(.,"2000-12-")] and ./title/text()]/title, bookList)
2019-07-23 11:21:35,935|I|Thread-1|firstEvaluation.20190723_112114.001|XMLScenario|Activity 1|#  6|xml.storeValues(xml,xpath - PASS XML matches saved to 'bookList'
2019-07-23 11:21:36,536|I|Thread-1|firstEvaluation.20190723_112114.001|XMLScenario|Activity 1|#  7|base.verbose(text) - executing verbose(text)(${bookList})
2019-07-23 11:21:36,539|I|Thread-1|firstEvaluation.20190723_112114.001|XMLScenario|Activity 1|#  7|base.verbose(text) - Midnight Rain,Creepy Crawlies,Microsoft .NET: The Programming Bible,MSXML3: A Comprehensive Guide
2019-07-23 11:21:36,551|I|Thread-1|firstEvaluation.20190723_112114.001|XMLScenario|Activity 1|#  7|base.verbose(text) - PASS 
2019-07-23 11:21:36,556|I|Thread-1|firstEvaluation.20190723_112114.001|XMLScenario|Activity 2 - executing activity
2019-07-23 11:21:37,163|I|Thread-1|firstEvaluation.20190723_112114.001|XMLScenario|Activity 2|#  8|xml.storeValue(xml,xpath, - executing storeValue(xml,xpath,var)($(syspath|data|fullpath)/example_1.xml, sum(/catalog/book[*]/price), totalPrice)
2019-07-23 11:21:37,187|I|Thread-1|firstEvaluation.20190723_112114.001|XMLScenario|Activity 2|#  8|xml.storeValue(xml,xpath, - PASS XML matches saved to 'totalPrice'
2019-07-23 11:21:37,789|I|Thread-1|firstEvaluation.20190723_112114.001|XMLScenario|Activity 2|#  9|base.verbose(text) - executing verbose(text)(${totalPrice})
2019-07-23 11:21:37,792|I|Thread-1|firstEvaluation.20190723_112114.001|XMLScenario|Activity 2|#  9|base.verbose(text) - 214.40000000000003
2019-07-23 11:21:37,802|I|Thread-1|firstEvaluation.20190723_112114.001|XMLScenario|Activity 2|#  9|base.verbose(text) - PASS 
2019-07-23 11:21:37,807|I|Thread-1|firstEvaluation.20190723_112114.001|XMLScenario|Activity 4 - executing activity
2019-07-23 11:21:38,414|I|Thread-1|firstEvaluation.20190723_112114.001|XMLScenario|Activity 4|# 10|xml.storeValues(xml,xpath - executing storeValues(xml,xpath,var)($(syspath|data|fullpath)/example_1.xml, /catalog/book[genre = Computer]/title, titleList)
2019-07-23 11:21:38,444|I|Thread-1|firstEvaluation.20190723_112114.001|XMLScenario|Activity 4|# 10|xml.storeValues(xml,xpath - FAIL XML does not contain structure as defined by '/catalog/book[genre = Computer]/title'
2019-07-23 11:21:39,047|I|Thread-1|firstEvaluation.20190723_112114.001|XMLScenario|Activity 4|# 11|base.verbose(text) - executing verbose(text)(${titleList})
2019-07-23 11:21:39,051|I|Thread-1|firstEvaluation.20190723_112114.001|XMLScenario|Activity 4|# 11|base.verbose(text) - 
2019-07-23 11:21:39,068|I|Thread-1|firstEvaluation.20190723_112114.001|XMLScenario|Activity 4|# 11|base.verbose(text) - PASS 
2019-07-23 11:21:39,676|I|Thread-1|firstEvaluation.20190723_112114.001|XMLScenario|Activity 4|# 12|xml.storeValues(xml,xpath - executing storeValues(xml,xpath,var)($(syspath|data|fullpath)/example_1.xml, /catalog/book[genre = Computer]/author, authorList)
2019-07-23 11:21:39,704|I|Thread-1|firstEvaluation.20190723_112114.001|XMLScenario|Activity 4|# 12|xml.storeValues(xml,xpath - FAIL XML does not contain structure as defined by '/catalog/book[genre = Computer]/author'
2019-07-23 11:21:40,308|I|Thread-1|firstEvaluation.20190723_112114.001|XMLScenario|Activity 4|# 13|base.verbose(text) - executing verbose(text)(${authorList})
2019-07-23 11:21:40,312|I|Thread-1|firstEvaluation.20190723_112114.001|XMLScenario|Activity 4|# 13|base.verbose(text) - 
2019-07-23 11:21:40,320|I|Thread-1|firstEvaluation.20190723_112114.001|XMLScenario|Activity 4|# 13|base.verbose(text) - PASS 
2019-07-23 11:21:40,462|I|Thread-1|[firstEvaluation.20190723_112114.001|XMLScenario] saving test scenario
2019-07-23 11:21:40,536|I|Thread-1|[20190723_112113] 
/-TEST COMPLETE-----------------------------------------------------------------
| Test Output:    C:\projects\firstEvaluation\output\20190723_112113\firstEvaluation.20190723_112114.001.xlsx
| Iteration:      1
\-------------------------------------------------------------------------------
» Execution Time: 23766 ms
» Test Steps:     35
» Error(s):       3



2019-07-23 11:21:43,247|I|Thread-1|[20190723_112113] 
/-TEST COMPLETE-----------------------------------------------------------------
| Test Script:    C:\projects\firstEvaluation\artifact\script\firstEvaluation.xlsx
\-------------------------------------------------------------------------------
» Execution Time: 29496 ms
» Iterations:     [1] total 1
» Test Steps:     35
» Passed:         32
» Error(s):       3
» Iteration 1 of 1: C:\projects\firstEvaluation\output\20190723_112113\firstEvaluation.20190723_112114.001.xlsx



2019-07-23 11:21:43,705|I|main|[20190723_112113] [C:\projects\firstEvaluation\artifact\script\firstEvaluation.xlsx] now completed
2019-07-23 11:21:43,708|I|main|[20190723_112113] all execution thread(s) have terminated
2019-07-23 11:21:43,711|I|main|[20190723_112113] test run completed in about 30 seconds
2019-07-23 11:21:43,814|I|main|No predefined nexial-setup found
2019-07-23 11:21:43,853|I|main|outputBase not set; output-to-cloud DISABLED!
2019-07-23 11:21:43,854|I|main|accessKey not set; output-to-cloud DISABLED!
2019-07-23 11:21:43,854|I|main|secretKey not set; output-to-cloud DISABLED!
2019-07-23 11:21:43,855|I|main|generating HTML output for this execution to C:\projects\firstEvaluation\output\20190723_112113\execution-output.html
2019-07-23 11:21:44,554|I|main|generating JUnit XML output for this execution to C:\projects\firstEvaluation\output\20190723_112113\junit.xml
2019-07-23 11:21:44,585|I|main|generated JUnit report for this execution: C:\projects\firstEvaluation\output\20190723_112113\junit.xml
2019-07-23 11:21:44,590|I|main|nexial mailer not enabled: nexial.enableEmail=false
2019-07-23 11:21:44,591|I|main|skipped email notification as configured
2019-07-23 11:21:44,596|I|main|exiting Nexial...
2019-07-23 11:21:44,599|I|main|

/-END OF EXECUTION--------------------------------------------------------------
| » Execution Time: 30 sec.
| » Test Steps....: 35
| » Passed........: 32
| » Failed........: 3
| » Success Rate..: 91.43%
\----------------------------------------------------------nexial-core 2.4_0567-

2019-07-23 11:21:44,600|E|main|failure found; success rate is 91.43%
2019-07-23 11:21:44,602|I|main|End of Execution:
NEXIAL_OUTPUT:         C:\projects\firstEvaluation\output\20190723_112113
NEXIAL_EXECUTION_HTML: C:\projects\firstEvaluation\output\20190723_112113\execution-output.html
NEXIAL_JUNIT_XML:      C:\projects\firstEvaluation\output\20190723_112113\junit.xml
NEXIAL_SUCCESS_RATE:   91.43%
NEXIAL_EXIT_STATUS:    -13
