2019-07-29 11:25:46,882|I|Thread-1|(DELAYED) nexial-core 2.4_0567 starting up...
2019-07-29 11:25:46,885|I|Thread-1|(DELAYED) data file resolved as C:\Users\DEEPAN~1.PAT\AppData\Local\Temp\adYoE\secondAssignment.data.xlsx
2019-07-29 11:25:46,885|I|Thread-1|(DELAYED) input files and output directory resolved...
2019-07-29 11:25:46,885|I|Thread-1|(DELAYED) No predefined nexial-setup found
2019-07-29 11:25:46,886|I|Thread-1|(DELAYED) [20190729_112546] [C:\projects\secondAssignment\artifact\script\secondAssignment.xlsx] resolve RUN ID as 20190729_112546
2019-07-29 11:25:46,886|I|Thread-1|(DELAYED) [20190729_112546] [C:\projects\secondAssignment\artifact\script\secondAssignment.xlsx] new thread started
2019-07-29 11:25:46,886|I|Thread-1|No predefined nexial-setup found
2019-07-29 11:25:46,953|I|Thread-1|outputBase not set; output-to-cloud DISABLED!
2019-07-29 11:25:46,954|I|Thread-1|accessKey not set; output-to-cloud DISABLED!
2019-07-29 11:25:46,955|I|Thread-1|secretKey not set; output-to-cloud DISABLED!
2019-07-29 11:25:46,977|I|Thread-1|missing REQUIRED configuration; sms DISABLED!
2019-07-29 11:25:47,870|I|Thread-1|[20190729_112546] executing C:\projects\secondAssignment\artifact\script\secondAssignment.xlsx with 1 iteration(s)
2019-07-29 11:25:47,877|I|Thread-1|[20190729_112546] create directory C:\projects\secondAssignment\output\20190729_112546\captures
2019-07-29 11:25:47,878|I|Thread-1|[20190729_112546] create directory C:\projects\secondAssignment\output\20190729_112546\logs
2019-07-29 11:25:48,618|I|Thread-1|[20190729_112546] merging test data to tmp file C:\projects\secondAssignment\output\20190729_112546\secondAssignment.20190729_112547.001.xlsx
2019-07-29 11:25:48,620|I|Thread-1|refetching data from C:\projects\secondAssignment\artifact\data\secondAssignment.data.xlsx
2019-07-29 11:25:48,951|I|Thread-1|[20190729_112546] test script and test data merged to C:\projects\secondAssignment\output\20190729_112546\secondAssignment.20190729_112547.001.xlsx
2019-07-29 11:25:49,666|I|Thread-1|STARTS
2019-07-29 11:25:49,694|I|Thread-1|secondAssignment.20190729_112547.001 - executing iteration #1 of 1; Iteration Id 1
2019-07-29 11:25:49,703|I|Thread-1|secondAssignment.20190729_112547.001|Scenario - executing test scenario
2019-07-29 11:25:49,705|I|Thread-1|secondAssignment.20190729_112547.001|Scenario|Activity 1 - executing activity
2019-07-29 11:25:50,307|I|Thread-1|secondAssignment.20190729_112547.001|Scenario|Activity 1|#  5|web.open(url) - executing open(url)(https://opensource-demo.orangehrmlive.com/)
2019-07-29 11:25:50,312|I|Thread-1|No valid instance of webdriver, initializing...
2019-07-29 11:25:50,316|I|Thread-1|init chrome
2019-07-29 11:25:56,209|I|Thread-1|browser initialization completed for 'chrome'
2019-07-29 11:25:56,220|I|Thread-1|setting browser polling wait time to 800 ms
2019-07-29 11:25:56,225|I|Thread-1|setting browser page load timeout to 10000 ms
2019-07-29 11:26:00,647|I|Thread-1|current browser window handle:CDwindow-A6B3A3311CA53077201DB18959B3C72D
2019-07-29 11:26:00,662|I|Thread-1|secondAssignment.20190729_112547.001|Scenario|Activity 1|#  5|web.open(url) - PASS opened URL https://opensource-demo.orangehrmlive.com/
2019-07-29 11:26:01,265|I|Thread-1|secondAssignment.20190729_112547.001|Scenario|Activity 1|#  6|web.type(locator,value) - executing type(locator,value)(//*[@id="txtUsername"], Admin)
2019-07-29 11:26:01,448|I|Thread-1|secondAssignment.20190729_112547.001|Scenario|Activity 1|#  6|web.type(locator,value) - PASS typed text at '//*[@id="txtUsername"]'
2019-07-29 11:26:02,052|I|Thread-1|secondAssignment.20190729_112547.001|Scenario|Activity 1|#  7|web.type(locator,value) - executing type(locator,value)(//*[@id="txtPassword"], admin123)
2019-07-29 11:26:02,209|I|Thread-1|secondAssignment.20190729_112547.001|Scenario|Activity 1|#  7|web.type(locator,value) - PASS typed text at '//*[@id="txtPassword"]'
2019-07-29 11:26:02,811|I|Thread-1|secondAssignment.20190729_112547.001|Scenario|Activity 1|#  8|web.click(locator) - executing click(locator)(//*[@id="btnLogin"])
2019-07-29 11:26:02,837|I|Thread-1|clicking '//*[@id="btnLogin"]'...
2019-07-29 11:26:02,850|I|Thread-1|click target via JS, @id=btnLogin
2019-07-29 11:26:04,541|I|Thread-1|clicked -> true
2019-07-29 11:26:04,542|I|Thread-1|secondAssignment.20190729_112547.001|Scenario|Activity 1|#  8|web.click(locator) - PASS click via JS event
2019-07-29 11:26:05,144|I|Thread-1|secondAssignment.20190729_112547.001|Scenario|Activity 1|#  9|web.click(locator) - executing click(locator)(//*[@id="menu_pim_viewPimModule"]/b)
2019-07-29 11:26:06,193|I|Thread-1|clicking '//*[@id="menu_pim_viewPimModule"]/b'...
2019-07-29 11:26:06,207|I|Thread-1|click target via JS, @id=
2019-07-29 11:26:07,487|I|Thread-1|clicked -> true
2019-07-29 11:26:07,488|I|Thread-1|secondAssignment.20190729_112547.001|Scenario|Activity 1|#  9|web.click(locator) - PASS click via JS event
2019-07-29 11:26:08,091|I|Thread-1|secondAssignment.20190729_112547.001|Scenario|Activity 1|# 10|web.click(locator) - executing click(locator)(//*[@id="btnAdd"])
2019-07-29 11:26:08,139|I|Thread-1|clicking '//*[@id="btnAdd"]'...
2019-07-29 11:26:08,152|I|Thread-1|click target via JS, @id=btnAdd
2019-07-29 11:26:08,851|I|Thread-1|clicked -> true
2019-07-29 11:26:08,852|I|Thread-1|secondAssignment.20190729_112547.001|Scenario|Activity 1|# 10|web.click(locator) - PASS click via JS event
2019-07-29 11:26:09,454|I|Thread-1|secondAssignment.20190729_112547.001|Scenario|Activity 1|# 11|web.type(locator,value) - executing type(locator,value)(//*[@id="firstName"], Deepankar)
2019-07-29 11:26:09,635|I|Thread-1|secondAssignment.20190729_112547.001|Scenario|Activity 1|# 11|web.type(locator,value) - PASS typed text at '//*[@id="firstName"]'
2019-07-29 11:26:10,238|I|Thread-1|secondAssignment.20190729_112547.001|Scenario|Activity 1|# 12|web.type(locator,value) - executing type(locator,value)(//*[@id="lastName"], Pathak)
2019-07-29 11:26:10,408|I|Thread-1|secondAssignment.20190729_112547.001|Scenario|Activity 1|# 12|web.type(locator,value) - PASS typed text at '//*[@id="lastName"]'
2019-07-29 11:26:11,011|I|Thread-1|secondAssignment.20190729_112547.001|Scenario|Activity 1|# 13|web.type(locator,value) - executing type(locator,value)(//*[@id="employeeId"], 1060)
2019-07-29 11:26:11,185|I|Thread-1|secondAssignment.20190729_112547.001|Scenario|Activity 1|# 13|web.type(locator,value) - PASS typed text at '//*[@id="employeeId"]'
2019-07-29 11:26:11,789|I|Thread-1|secondAssignment.20190729_112547.001|Scenario|Activity 1|# 14|web.click(locator) - executing click(locator)(//*[@id="chkLogin"])
2019-07-29 11:26:11,843|I|Thread-1|clicking '//*[@id="chkLogin"]'...
2019-07-29 11:26:11,860|I|Thread-1|click target via JS, @id=chkLogin
2019-07-29 11:26:11,893|I|Thread-1|clicked -> true
2019-07-29 11:26:11,895|I|Thread-1|secondAssignment.20190729_112547.001|Scenario|Activity 1|# 14|web.click(locator) - PASS click via JS event
2019-07-29 11:26:12,497|I|Thread-1|secondAssignment.20190729_112547.001|Scenario|Activity 1|# 15|web.type(locator,value) - executing type(locator,value)(//*[@id="user_name"], deepankar.pathak)
2019-07-29 11:26:12,680|I|Thread-1|secondAssignment.20190729_112547.001|Scenario|Activity 1|# 15|web.type(locator,value) - PASS typed text at '//*[@id="user_name"]'
2019-07-29 11:26:13,284|I|Thread-1|secondAssignment.20190729_112547.001|Scenario|Activity 1|# 16|web.type(locator,value) - executing type(locator,value)(//*[@id="user_password"], deepankar)
2019-07-29 11:26:13,463|I|Thread-1|secondAssignment.20190729_112547.001|Scenario|Activity 1|# 16|web.type(locator,value) - PASS typed text at '//*[@id="user_password"]'
2019-07-29 11:26:14,066|I|Thread-1|secondAssignment.20190729_112547.001|Scenario|Activity 1|# 17|web.type(locator,value) - executing type(locator,value)(//*[@id="re_password"], deepankar)
2019-07-29 11:26:14,293|I|Thread-1|secondAssignment.20190729_112547.001|Scenario|Activity 1|# 17|web.type(locator,value) - PASS typed text at '//*[@id="re_password"]'
2019-07-29 11:26:14,896|I|Thread-1|secondAssignment.20190729_112547.001|Scenario|Activity 1|# 18|web.click(locator) - executing click(locator)(//*[@id="btnSave"])
2019-07-29 11:26:14,941|I|Thread-1|clicking '//*[@id="btnSave"]'...
2019-07-29 11:26:14,956|I|Thread-1|click target via JS, @id=btnSave
2019-07-29 11:26:15,931|I|Thread-1|clicked -> true
2019-07-29 11:26:15,933|I|Thread-1|secondAssignment.20190729_112547.001|Scenario|Activity 1|# 18|web.click(locator) - PASS click via JS event
2019-07-29 11:26:16,544|I|Thread-1|secondAssignment.20190729_112547.001|Scenario|Activity 1|# 19|web.click(locator) - executing click(locator)(//*[@id="menu_admin_viewAdminModule"]/b)
2019-07-29 11:26:16,590|I|Thread-1|clicking '//*[@id="menu_admin_viewAdminModule"]/b'...
2019-07-29 11:26:16,615|I|Thread-1|click target via JS, @id=
2019-07-29 11:26:17,798|I|Thread-1|clicked -> true
2019-07-29 11:26:17,802|I|Thread-1|secondAssignment.20190729_112547.001|Scenario|Activity 1|# 19|web.click(locator) - PASS click via JS event
2019-07-29 11:26:18,405|I|Thread-1|secondAssignment.20190729_112547.001|Scenario|Activity 1|# 20|web.type(locator,value) - executing type(locator,value)(//*[@id="searchSystemUser_userName"], deepankar.pathak)
2019-07-29 11:26:18,579|I|Thread-1|secondAssignment.20190729_112547.001|Scenario|Activity 1|# 20|web.type(locator,value) - PASS typed text at '//*[@id="searchSystemUser_userName"]'
2019-07-29 11:26:19,183|I|Thread-1|secondAssignment.20190729_112547.001|Scenario|Activity 1|# 21|web.type(locator,value) - executing type(locator,value)(//*[@id="searchSystemUser_employeeName_empName"], Deepankar Pathak)
2019-07-29 11:26:19,390|I|Thread-1|secondAssignment.20190729_112547.001|Scenario|Activity 1|# 21|web.type(locator,value) - PASS typed text at '//*[@id="searchSystemUser_employeeName_empName"]'
2019-07-29 11:26:19,994|I|Thread-1|secondAssignment.20190729_112547.001|Scenario|Activity 1|# 22|web.click(locator) - executing click(locator)(//*[@id="searchBtn"])
2019-07-29 11:26:20,043|I|Thread-1|clicking '//*[@id="searchBtn"]'...
2019-07-29 11:26:20,058|I|Thread-1|click target via JS, @id=searchBtn
2019-07-29 11:26:20,469|I|Thread-1|clicked -> true
2019-07-29 11:26:20,470|I|Thread-1|secondAssignment.20190729_112547.001|Scenario|Activity 1|# 22|web.click(locator) - PASS click via JS event
2019-07-29 11:26:20,744|I|Thread-1|[secondAssignment.20190729_112547.001|Scenario] saving test scenario
2019-07-29 11:26:20,839|I|Thread-1|[20190729_112546] 
/-TEST COMPLETE-----------------------------------------------------------------
| Test Output:    C:\projects\secondAssignment\output\20190729_112546\secondAssignment.20190729_112547.001.xlsx
| Iteration:      1
\-------------------------------------------------------------------------------
» Execution Time: 31137 ms
» Test Steps:     18
» Error(s):       0



2019-07-29 11:26:21,728|I|Thread-1|[20190729_112546] 
/-TEST COMPLETE-----------------------------------------------------------------
| Test Script:    C:\projects\secondAssignment\artifact\script\secondAssignment.xlsx
\-------------------------------------------------------------------------------
» Execution Time: 35038 ms
» Iterations:     [1] total 1
» Test Steps:     18
» Passed:         18
» Error(s):       0
» Iteration 1 of 1: C:\projects\secondAssignment\output\20190729_112546\secondAssignment.20190729_112547.001.xlsx



2019-07-29 11:26:22,649|I|main|[20190729_112546] [C:\projects\secondAssignment\artifact\script\secondAssignment.xlsx] now completed
2019-07-29 11:26:22,651|I|main|[20190729_112546] all execution thread(s) have terminated
2019-07-29 11:26:22,653|I|main|[20190729_112546] test run completed in about 36 seconds
2019-07-29 11:26:22,772|I|main|No predefined nexial-setup found
2019-07-29 11:26:22,816|I|main|outputBase not set; output-to-cloud DISABLED!
2019-07-29 11:26:22,816|I|main|accessKey not set; output-to-cloud DISABLED!
2019-07-29 11:26:22,817|I|main|secretKey not set; output-to-cloud DISABLED!
2019-07-29 11:26:22,818|I|main|generating HTML output for this execution to C:\projects\secondAssignment\output\20190729_112546\execution-output.html
2019-07-29 11:26:23,550|I|main|generating JUnit XML output for this execution to C:\projects\secondAssignment\output\20190729_112546\junit.xml
2019-07-29 11:26:23,607|I|main|generated JUnit report for this execution: C:\projects\secondAssignment\output\20190729_112546\junit.xml
2019-07-29 11:26:23,608|I|main|nexial mailer not enabled: nexial.enableEmail=false
2019-07-29 11:26:23,609|I|main|skipped email notification as configured
2019-07-29 11:26:23,610|I|main|exiting Nexial...
2019-07-29 11:26:23,611|I|main|shutdown starts...
2019-07-29 11:26:23,612|I|main|Shutting down 'chrome' webdriver...
2019-07-29 11:26:29,275|I|main|shutdown ends...
2019-07-29 11:26:29,279|I|main|

/-END OF EXECUTION--------------------------------------------------------------
| » Execution Time: 36 sec.
| » Test Steps....: 18
| » Passed........: 18
| » Failed........: 0
| » Success Rate..: 100.00%
\----------------------------------------------------------nexial-core 2.4_0567-

2019-07-29 11:26:29,282|I|main|ALL PASSED!
2019-07-29 11:26:29,291|I|main|End of Execution:
NEXIAL_OUTPUT:         C:\projects\secondAssignment\output\20190729_112546
NEXIAL_EXECUTION_HTML: C:\projects\secondAssignment\output\20190729_112546\execution-output.html
NEXIAL_JUNIT_XML:      C:\projects\secondAssignment\output\20190729_112546\junit.xml
NEXIAL_SUCCESS_RATE:   100.00%
NEXIAL_EXIT_STATUS:    0
