2019-07-29 11:24:46,496|I|Thread-1|(DELAYED) nexial-core 2.4_0567 starting up...
2019-07-29 11:24:46,501|I|Thread-1|(DELAYED) data file resolved as C:\Users\DEEPAN~1.PAT\AppData\Local\Temp\kqYqn\secondAssignment.data.xlsx
2019-07-29 11:24:46,501|I|Thread-1|(DELAYED) input files and output directory resolved...
2019-07-29 11:24:46,501|I|Thread-1|(DELAYED) No predefined nexial-setup found
2019-07-29 11:24:46,501|I|Thread-1|(DELAYED) [20190729_112446] [C:\projects\secondAssignment\artifact\script\secondAssignment.xlsx] resolve RUN ID as 20190729_112446
2019-07-29 11:24:46,501|I|Thread-1|(DELAYED) [20190729_112446] [C:\projects\secondAssignment\artifact\script\secondAssignment.xlsx] new thread started
2019-07-29 11:24:46,501|I|Thread-1|No predefined nexial-setup found
2019-07-29 11:24:46,582|I|Thread-1|outputBase not set; output-to-cloud DISABLED!
2019-07-29 11:24:46,583|I|Thread-1|accessKey not set; output-to-cloud DISABLED!
2019-07-29 11:24:46,584|I|Thread-1|secretKey not set; output-to-cloud DISABLED!
2019-07-29 11:24:46,614|I|Thread-1|missing REQUIRED configuration; sms DISABLED!
2019-07-29 11:24:47,368|I|Thread-1|[20190729_112446] executing C:\projects\secondAssignment\artifact\script\secondAssignment.xlsx with 1 iteration(s)
2019-07-29 11:24:47,383|I|Thread-1|[20190729_112446] create directory C:\projects\secondAssignment\output\20190729_112446\captures
2019-07-29 11:24:47,384|I|Thread-1|[20190729_112446] create directory C:\projects\secondAssignment\output\20190729_112446\logs
2019-07-29 11:24:48,127|I|Thread-1|[20190729_112446] merging test data to tmp file C:\projects\secondAssignment\output\20190729_112446\secondAssignment.20190729_112447.001.xlsx
2019-07-29 11:24:48,129|I|Thread-1|refetching data from C:\projects\secondAssignment\artifact\data\secondAssignment.data.xlsx
2019-07-29 11:24:48,429|I|Thread-1|[20190729_112446] test script and test data merged to C:\projects\secondAssignment\output\20190729_112446\secondAssignment.20190729_112447.001.xlsx
2019-07-29 11:24:49,222|I|Thread-1|STARTS
2019-07-29 11:24:49,245|I|Thread-1|secondAssignment.20190729_112447.001 - executing iteration #1 of 1; Iteration Id 1
2019-07-29 11:24:49,253|I|Thread-1|secondAssignment.20190729_112447.001|Scenario - executing test scenario
2019-07-29 11:24:49,255|I|Thread-1|secondAssignment.20190729_112447.001|Scenario|Activity 1 - executing activity
2019-07-29 11:24:49,859|I|Thread-1|secondAssignment.20190729_112447.001|Scenario|Activity 1|#  5|web.open(url) - executing open(url)(https://opensource-demo.orangehrmlive.com/)
2019-07-29 11:24:49,863|I|Thread-1|No valid instance of webdriver, initializing...
2019-07-29 11:24:49,865|I|Thread-1|init chrome
2019-07-29 11:24:55,663|I|Thread-1|browser initialization completed for 'chrome'
2019-07-29 11:24:55,672|I|Thread-1|setting browser polling wait time to 800 ms
2019-07-29 11:24:55,677|I|Thread-1|setting browser page load timeout to 10000 ms
2019-07-29 11:24:59,966|I|Thread-1|current browser window handle:CDwindow-E1DEB090C148AEA110D0531994780DA3
2019-07-29 11:24:59,982|I|Thread-1|secondAssignment.20190729_112447.001|Scenario|Activity 1|#  5|web.open(url) - PASS opened URL https://opensource-demo.orangehrmlive.com/
2019-07-29 11:25:00,586|I|Thread-1|secondAssignment.20190729_112447.001|Scenario|Activity 1|#  6|web.type(locator,value) - executing type(locator,value)(//*[@id="txtUsername"], Admin)
2019-07-29 11:25:00,757|I|Thread-1|secondAssignment.20190729_112447.001|Scenario|Activity 1|#  6|web.type(locator,value) - PASS typed text at '//*[@id="txtUsername"]'
2019-07-29 11:25:01,362|I|Thread-1|secondAssignment.20190729_112447.001|Scenario|Activity 1|#  7|web.type(locator,value) - executing type(locator,value)(//*[@id="txtPassword"], admin123)
2019-07-29 11:25:01,506|I|Thread-1|secondAssignment.20190729_112447.001|Scenario|Activity 1|#  7|web.type(locator,value) - PASS typed text at '//*[@id="txtPassword"]'
2019-07-29 11:25:02,109|I|Thread-1|secondAssignment.20190729_112447.001|Scenario|Activity 1|#  8|web.click(locator) - executing click(locator)(//*[@id="btnLogin"])
2019-07-29 11:25:02,131|I|Thread-1|clicking '//*[@id="btnLogin"]'...
2019-07-29 11:25:02,142|I|Thread-1|click target via JS, @id=btnLogin
2019-07-29 11:25:04,030|I|Thread-1|clicked -> true
2019-07-29 11:25:04,032|I|Thread-1|secondAssignment.20190729_112447.001|Scenario|Activity 1|#  8|web.click(locator) - PASS click via JS event
2019-07-29 11:25:04,635|I|Thread-1|secondAssignment.20190729_112447.001|Scenario|Activity 1|#  9|web.click(locator) - executing click(locator)(//*[@id="menu_pim_viewPimModule"]/b)
2019-07-29 11:25:05,635|I|Thread-1|clicking '//*[@id="menu_pim_viewPimModule"]/b'...
2019-07-29 11:25:05,646|I|Thread-1|click target via JS, @id=
2019-07-29 11:25:06,924|I|Thread-1|clicked -> true
2019-07-29 11:25:06,927|I|Thread-1|secondAssignment.20190729_112447.001|Scenario|Activity 1|#  9|web.click(locator) - PASS click via JS event
2019-07-29 11:25:07,533|I|Thread-1|secondAssignment.20190729_112447.001|Scenario|Activity 1|# 10|web.click(locator) - executing click(locator)(//*[@id="btnAdd"])
2019-07-29 11:25:07,571|I|Thread-1|clicking '//*[@id="btnAdd"]'...
2019-07-29 11:25:07,583|I|Thread-1|click target via JS, @id=btnAdd
2019-07-29 11:25:08,280|I|Thread-1|clicked -> true
2019-07-29 11:25:08,281|I|Thread-1|secondAssignment.20190729_112447.001|Scenario|Activity 1|# 10|web.click(locator) - PASS click via JS event
2019-07-29 11:25:08,883|I|Thread-1|secondAssignment.20190729_112447.001|Scenario|Activity 1|# 11|web.type(locator,value) - executing type(locator,value)(//*[@id="firstName"], Deepankar)
2019-07-29 11:25:09,078|I|Thread-1|secondAssignment.20190729_112447.001|Scenario|Activity 1|# 11|web.type(locator,value) - PASS typed text at '//*[@id="firstName"]'
2019-07-29 11:25:09,681|I|Thread-1|secondAssignment.20190729_112447.001|Scenario|Activity 1|# 12|web.type(locator,value) - executing type(locator,value)(//*[@id="lastName"], Pathak)
2019-07-29 11:25:09,872|I|Thread-1|secondAssignment.20190729_112447.001|Scenario|Activity 1|# 12|web.type(locator,value) - PASS typed text at '//*[@id="lastName"]'
2019-07-29 11:25:10,476|I|Thread-1|secondAssignment.20190729_112447.001|Scenario|Activity 1|# 13|web.type(locator,value) - executing type(locator,value)(//*[@id="employeeId"], 1060)
2019-07-29 11:25:10,636|I|Thread-1|secondAssignment.20190729_112447.001|Scenario|Activity 1|# 13|web.type(locator,value) - PASS typed text at '//*[@id="employeeId"]'
2019-07-29 11:25:11,240|I|Thread-1|secondAssignment.20190729_112447.001|Scenario|Activity 1|# 14|web.click(locator) - executing click(locator)(//*[@id="chkLogin"])
2019-07-29 11:25:11,287|I|Thread-1|clicking '//*[@id="chkLogin"]'...
2019-07-29 11:25:11,303|I|Thread-1|click target via JS, @id=chkLogin
2019-07-29 11:25:11,323|I|Thread-1|clicked -> true
2019-07-29 11:25:11,324|I|Thread-1|secondAssignment.20190729_112447.001|Scenario|Activity 1|# 14|web.click(locator) - PASS click via JS event
2019-07-29 11:25:11,925|I|Thread-1|secondAssignment.20190729_112447.001|Scenario|Activity 1|# 15|web.type(locator,value) - executing type(locator,value)(//*[@id="user_name"], deepankar.pathak)
2019-07-29 11:25:12,111|I|Thread-1|secondAssignment.20190729_112447.001|Scenario|Activity 1|# 15|web.type(locator,value) - PASS typed text at '//*[@id="user_name"]'
2019-07-29 11:25:12,714|I|Thread-1|secondAssignment.20190729_112447.001|Scenario|Activity 1|# 16|web.type(locator,value) - executing type(locator,value)(//*[@id="user_password"], deepankar)
2019-07-29 11:25:12,972|I|Thread-1|secondAssignment.20190729_112447.001|Scenario|Activity 1|# 16|web.type(locator,value) - PASS typed text at '//*[@id="user_password"]'
2019-07-29 11:25:13,575|I|Thread-1|secondAssignment.20190729_112447.001|Scenario|Activity 1|# 17|web.type(locator,value) - executing type(locator,value)(//*[@id="re_password"], deepankar)
2019-07-29 11:25:13,732|I|Thread-1|secondAssignment.20190729_112447.001|Scenario|Activity 1|# 17|web.type(locator,value) - PASS typed text at '//*[@id="re_password"]'
2019-07-29 11:25:14,335|I|Thread-1|secondAssignment.20190729_112447.001|Scenario|Activity 1|# 18|web.click(locator) - executing click(locator)(//*[@id="btnSave"])
2019-07-29 11:25:14,392|I|Thread-1|clicking '//*[@id="btnSave"]'...
2019-07-29 11:25:14,409|I|Thread-1|click target via JS, @id=btnSave
2019-07-29 11:25:16,037|I|Thread-1|clicked -> true
2019-07-29 11:25:16,038|I|Thread-1|secondAssignment.20190729_112447.001|Scenario|Activity 1|# 18|web.click(locator) - PASS click via JS event
2019-07-29 11:25:16,640|I|Thread-1|secondAssignment.20190729_112447.001|Scenario|Activity 1|# 19|web.click(locator) - executing click(locator)(//*[@id="menu_admin_viewAdminModule"]/b)
2019-07-29 11:25:16,688|I|Thread-1|clicking '//*[@id="menu_admin_viewAdminModule"]/b'...
2019-07-29 11:25:16,703|I|Thread-1|click target via JS, @id=
2019-07-29 11:25:17,934|I|Thread-1|clicked -> true
2019-07-29 11:25:17,938|I|Thread-1|secondAssignment.20190729_112447.001|Scenario|Activity 1|# 19|web.click(locator) - PASS click via JS event
2019-07-29 11:25:18,543|I|Thread-1|secondAssignment.20190729_112447.001|Scenario|Activity 1|# 20|web.type(locator,value) - executing type(locator,value)(//*[@id="searchSystemUser_userName"], deep3008)
2019-07-29 11:25:18,725|I|Thread-1|secondAssignment.20190729_112447.001|Scenario|Activity 1|# 20|web.type(locator,value) - PASS typed text at '//*[@id="searchSystemUser_userName"]'
2019-07-29 11:25:19,330|I|Thread-1|secondAssignment.20190729_112447.001|Scenario|Activity 1|# 21|web.type(locator,value) - executing type(locator,value)(//*[@id="searchSystemUser_employeeName_empName"], Deepankar Pathak)
2019-07-29 11:25:19,581|I|Thread-1|secondAssignment.20190729_112447.001|Scenario|Activity 1|# 21|web.type(locator,value) - PASS typed text at '//*[@id="searchSystemUser_employeeName_empName"]'
2019-07-29 11:25:20,185|I|Thread-1|secondAssignment.20190729_112447.001|Scenario|Activity 1|# 22|web.click(locator) - executing click(locator)(//*[@id="searchBtn"])
2019-07-29 11:25:20,243|I|Thread-1|clicking '//*[@id="searchBtn"]'...
2019-07-29 11:25:20,256|I|Thread-1|click target via JS, @id=searchBtn
2019-07-29 11:25:20,684|I|Thread-1|clicked -> true
2019-07-29 11:25:20,686|I|Thread-1|secondAssignment.20190729_112447.001|Scenario|Activity 1|# 22|web.click(locator) - PASS click via JS event
2019-07-29 11:25:20,935|I|Thread-1|[secondAssignment.20190729_112447.001|Scenario] saving test scenario
2019-07-29 11:25:21,010|I|Thread-1|[20190729_112446] 
/-TEST COMPLETE-----------------------------------------------------------------
| Test Output:    C:\projects\secondAssignment\output\20190729_112446\secondAssignment.20190729_112447.001.xlsx
| Iteration:      1
\-------------------------------------------------------------------------------
» Execution Time: 31760 ms
» Test Steps:     18
» Error(s):       0



2019-07-29 11:25:21,730|I|Thread-1|[20190729_112446] 
/-TEST COMPLETE-----------------------------------------------------------------
| Test Script:    C:\projects\secondAssignment\artifact\script\secondAssignment.xlsx
\-------------------------------------------------------------------------------
» Execution Time: 35438 ms
» Iterations:     [1] total 1
» Test Steps:     18
» Passed:         18
» Error(s):       0
» Iteration 1 of 1: C:\projects\secondAssignment\output\20190729_112446\secondAssignment.20190729_112447.001.xlsx



2019-07-29 11:25:22,262|I|main|[20190729_112446] [C:\projects\secondAssignment\artifact\script\secondAssignment.xlsx] now completed
2019-07-29 11:25:22,265|I|main|[20190729_112446] all execution thread(s) have terminated
2019-07-29 11:25:22,268|I|main|[20190729_112446] test run completed in about 36 seconds
2019-07-29 11:25:22,367|I|main|No predefined nexial-setup found
2019-07-29 11:25:22,397|I|main|outputBase not set; output-to-cloud DISABLED!
2019-07-29 11:25:22,398|I|main|accessKey not set; output-to-cloud DISABLED!
2019-07-29 11:25:22,398|I|main|secretKey not set; output-to-cloud DISABLED!
2019-07-29 11:25:22,399|I|main|generating HTML output for this execution to C:\projects\secondAssignment\output\20190729_112446\execution-output.html
2019-07-29 11:25:23,079|I|main|generating JUnit XML output for this execution to C:\projects\secondAssignment\output\20190729_112446\junit.xml
2019-07-29 11:25:23,160|I|main|generated JUnit report for this execution: C:\projects\secondAssignment\output\20190729_112446\junit.xml
2019-07-29 11:25:23,162|I|main|nexial mailer not enabled: nexial.enableEmail=false
2019-07-29 11:25:23,162|I|main|skipped email notification as configured
2019-07-29 11:25:23,165|I|main|exiting Nexial...
2019-07-29 11:25:23,165|I|main|shutdown starts...
2019-07-29 11:25:23,166|I|main|Shutting down 'chrome' webdriver...
2019-07-29 11:25:28,877|I|main|shutdown ends...
2019-07-29 11:25:28,881|I|main|

/-END OF EXECUTION--------------------------------------------------------------
| » Execution Time: 36 sec.
| » Test Steps....: 18
| » Passed........: 18
| » Failed........: 0
| » Success Rate..: 100.00%
\----------------------------------------------------------nexial-core 2.4_0567-

2019-07-29 11:25:28,883|I|main|ALL PASSED!
2019-07-29 11:25:28,895|I|main|End of Execution:
NEXIAL_OUTPUT:         C:\projects\secondAssignment\output\20190729_112446
NEXIAL_EXECUTION_HTML: C:\projects\secondAssignment\output\20190729_112446\execution-output.html
NEXIAL_JUNIT_XML:      C:\projects\secondAssignment\output\20190729_112446\junit.xml
NEXIAL_SUCCESS_RATE:   100.00%
NEXIAL_EXIT_STATUS:    0
