2019-07-29 16:01:14,944|I|Thread-1|(DELAYED) nexial-core 2.4_0567 starting up...
2019-07-29 16:01:14,947|I|Thread-1|(DELAYED) data file resolved as C:\Users\DEEPAN~1.PAT\AppData\Local\Temp\cFXOJ\secondAssignment.data.xlsx
2019-07-29 16:01:14,947|I|Thread-1|(DELAYED) input files and output directory resolved...
2019-07-29 16:01:14,947|I|Thread-1|(DELAYED) No predefined nexial-setup found
2019-07-29 16:01:14,947|I|Thread-1|(DELAYED) [20190729_160114] [C:\projects\secondAssignment\artifact\script\secondAssignment.xlsx] resolve RUN ID as 20190729_160114
2019-07-29 16:01:14,947|I|Thread-1|(DELAYED) [20190729_160114] [C:\projects\secondAssignment\artifact\script\secondAssignment.xlsx] new thread started
2019-07-29 16:01:14,948|I|Thread-1|No predefined nexial-setup found
2019-07-29 16:01:15,022|I|Thread-1|outputBase not set; output-to-cloud DISABLED!
2019-07-29 16:01:15,023|I|Thread-1|accessKey not set; output-to-cloud DISABLED!
2019-07-29 16:01:15,024|I|Thread-1|secretKey not set; output-to-cloud DISABLED!
2019-07-29 16:01:15,049|I|Thread-1|missing REQUIRED configuration; sms DISABLED!
2019-07-29 16:01:15,803|I|Thread-1|[20190729_160114] executing C:\projects\secondAssignment\artifact\script\secondAssignment.xlsx with 1 iteration(s)
2019-07-29 16:01:15,808|I|Thread-1|[20190729_160114] create directory C:\projects\secondAssignment\output\20190729_160114\captures
2019-07-29 16:01:15,809|I|Thread-1|[20190729_160114] create directory C:\projects\secondAssignment\output\20190729_160114\logs
2019-07-29 16:01:17,359|I|Thread-1|[20190729_160114] merging test data to tmp file C:\projects\secondAssignment\output\20190729_160114\secondAssignment.20190729_160115.001.xlsx
2019-07-29 16:01:17,360|I|Thread-1|refetching data from C:\projects\secondAssignment\artifact\data\secondAssignment.data.xlsx
2019-07-29 16:01:17,646|I|Thread-1|[20190729_160114] test script and test data merged to C:\projects\secondAssignment\output\20190729_160114\secondAssignment.20190729_160115.001.xlsx
2019-07-29 16:01:18,194|I|Thread-1|STARTS
2019-07-29 16:01:18,219|I|Thread-1|secondAssignment.20190729_160115.001 - executing iteration #1 of 1; Iteration Id 1
2019-07-29 16:01:18,227|I|Thread-1|secondAssignment.20190729_160115.001|Scenario2 - executing test scenario
2019-07-29 16:01:18,228|I|Thread-1|secondAssignment.20190729_160115.001|Scenario2|Activity 1 - executing activity
2019-07-29 16:01:18,833|I|Thread-1|secondAssignment.20190729_160115.001|Scenario2|Activity 1|#  5|web.open(url) - executing open(url)(https://www.google.com/)
2019-07-29 16:01:18,837|I|Thread-1|No valid instance of webdriver, initializing...
2019-07-29 16:01:18,838|I|Thread-1|init chrome
2019-07-29 16:01:24,714|I|Thread-1|browser initialization completed for 'chrome'
2019-07-29 16:01:24,724|I|Thread-1|setting browser polling wait time to 800 ms
2019-07-29 16:01:24,728|I|Thread-1|setting browser page load timeout to 10000 ms
2019-07-29 16:01:26,448|I|Thread-1|current browser window handle:CDwindow-F5C37D41784F6427EDB1D3FCE9CC5231
2019-07-29 16:01:26,473|I|Thread-1|secondAssignment.20190729_160115.001|Scenario2|Activity 1|#  5|web.open(url) - PASS opened URL https://www.google.com/
2019-07-29 16:01:27,076|I|Thread-1|secondAssignment.20190729_160115.001|Scenario2|Activity 1|#  6|web.type(locator,value) - executing type(locator,value)(//*[@id="tsf"]/div[2]/div/div[1]/div/div[1]/input, ATMECS)
2019-07-29 16:01:27,244|I|Thread-1|secondAssignment.20190729_160115.001|Scenario2|Activity 1|#  6|web.type(locator,value) - PASS typed text at '//*[@id="tsf"]/div[2]/div/div[1]/div/div[1]/input'
2019-07-29 16:01:27,850|I|Thread-1|secondAssignment.20190729_160115.001|Scenario2|Activity 1|#  7|web.click(locator) - executing click(locator)(//*[@id="tsf"]/div[2]/div/div[3]/center/input[1])
2019-07-29 16:01:27,873|I|Thread-1|clicking '//*[@id="tsf"]/div[2]/div/div[3]/center/input[1]'...
2019-07-29 16:01:27,883|I|Thread-1|click target via JS, @id=
2019-07-29 16:01:29,589|I|Thread-1|clicked -> true
2019-07-29 16:01:29,590|I|Thread-1|secondAssignment.20190729_160115.001|Scenario2|Activity 1|#  7|web.click(locator) - PASS click via JS event
2019-07-29 16:01:30,193|I|Thread-1|secondAssignment.20190729_160115.001|Scenario2|Activity 1|#  8|web.saveTextArray(var,loc - executing saveTextArray(var,locator)(linkArray, //*[@class = "iUh30"])
2019-07-29 16:01:30,368|I|Thread-1|secondAssignment.20190729_160115.001|Scenario2|Activity 1|#  8|web.saveTextArray(var,loc - PASS stored content of '//*[@class = "iUh30"]' as ${linkArray}
2019-07-29 16:01:30,971|I|Thread-1|secondAssignment.20190729_160115.001|Scenario2|Activity 1|#  9|base.verbose(text) - executing verbose(text)($(array|count|${linkArray}))
2019-07-29 16:01:31,168|I|Thread-1|secondAssignment.20190729_160115.001|Scenario2|Activity 1|#  9|base.verbose(text) - FAIL Invalid built-in function $(array|count|${linkArray})  with 1 parameter(s) - invalid: 'count'
2019-07-29 16:01:31,367|I|Thread-1|[secondAssignment.20190729_160115.001|Scenario2] saving test scenario
2019-07-29 16:01:31,478|I|Thread-1|[20190729_160114] 
/-TEST COMPLETE-----------------------------------------------------------------
| Test Output:    C:\projects\secondAssignment\output\20190729_160114\secondAssignment.20190729_160115.001.xlsx
| Iteration:      1
\-------------------------------------------------------------------------------
» Execution Time: 13253 ms
» Test Steps:     5
» Error(s):       1



2019-07-29 16:01:32,282|I|Thread-1|[20190729_160114] 
/-TEST COMPLETE-----------------------------------------------------------------
| Test Script:    C:\projects\secondAssignment\artifact\script\secondAssignment.xlsx
\-------------------------------------------------------------------------------
» Execution Time: 17520 ms
» Iterations:     [1] total 1
» Test Steps:     5
» Passed:         4
» Error(s):       1
» Iteration 1 of 1: C:\projects\secondAssignment\output\20190729_160114\secondAssignment.20190729_160115.001.xlsx



2019-07-29 16:01:32,724|I|main|[20190729_160114] [C:\projects\secondAssignment\artifact\script\secondAssignment.xlsx] now completed
2019-07-29 16:01:32,727|I|main|[20190729_160114] all execution thread(s) have terminated
2019-07-29 16:01:32,729|I|main|[20190729_160114] test run completed in about 18 seconds
2019-07-29 16:01:32,825|I|main|No predefined nexial-setup found
2019-07-29 16:01:32,854|I|main|outputBase not set; output-to-cloud DISABLED!
2019-07-29 16:01:32,854|I|main|accessKey not set; output-to-cloud DISABLED!
2019-07-29 16:01:32,855|I|main|secretKey not set; output-to-cloud DISABLED!
2019-07-29 16:01:32,856|I|main|generating HTML output for this execution to C:\projects\secondAssignment\output\20190729_160114\execution-output.html
2019-07-29 16:01:33,511|I|main|generating JUnit XML output for this execution to C:\projects\secondAssignment\output\20190729_160114\junit.xml
2019-07-29 16:01:33,551|I|main|generated JUnit report for this execution: C:\projects\secondAssignment\output\20190729_160114\junit.xml
2019-07-29 16:01:33,552|I|main|nexial mailer not enabled: nexial.enableEmail=false
2019-07-29 16:01:33,552|I|main|skipped email notification as configured
2019-07-29 16:01:33,553|I|main|exiting Nexial...
2019-07-29 16:01:33,554|I|main|shutdown starts...
2019-07-29 16:01:33,555|I|main|Shutting down 'chrome' webdriver...
2019-07-29 16:01:43,244|I|main|shutdown ends...
2019-07-29 16:01:43,248|I|main|

/-END OF EXECUTION--------------------------------------------------------------
| » Execution Time: 18 sec.
| » Test Steps....: 5
| » Passed........: 4
| » Failed........: 1
| » Success Rate..: 80.00%
\----------------------------------------------------------nexial-core 2.4_0567-

2019-07-29 16:01:43,251|E|main|failure found; success rate is 80.00%
2019-07-29 16:01:43,258|I|main|End of Execution:
NEXIAL_OUTPUT:         C:\projects\secondAssignment\output\20190729_160114
NEXIAL_EXECUTION_HTML: C:\projects\secondAssignment\output\20190729_160114\execution-output.html
NEXIAL_JUNIT_XML:      C:\projects\secondAssignment\output\20190729_160114\junit.xml
NEXIAL_SUCCESS_RATE:   80.00%
NEXIAL_EXIT_STATUS:    -13
