2019-07-22 18:44:45,460|I|Thread-1|(DELAYED) nexial-core dev_0581 starting up...
2019-07-22 18:44:45,460|I|Thread-1|(DELAYED) data file resolved as C:\Users\DEEPAN~1\AppData\Local\Temp\BbJMX\firstEvaluation.data.xlsx
2019-07-22 18:44:45,460|I|Thread-1|(DELAYED) input files and output directory resolved...
2019-07-22 18:44:45,460|I|Thread-1|(DELAYED) No predefined nexial-setup found
2019-07-22 18:44:45,460|I|Thread-1|(DELAYED) [20190722_184445] [C:\projects\firstEvaluation\artifact\script\firstEvaluation.xlsx] resolve RUN ID as 20190722_184445
2019-07-22 18:44:45,460|I|Thread-1|(DELAYED) [20190722_184445] [C:\projects\firstEvaluation\artifact\script\firstEvaluation.xlsx] new thread started
2019-07-22 18:44:45,460|I|Thread-1|No predefined nexial-setup found
2019-07-22 18:44:45,525|I|Thread-1|outputBase not set; output-to-cloud DISABLED!
2019-07-22 18:44:45,525|I|Thread-1|accessKey not set; output-to-cloud DISABLED!
2019-07-22 18:44:45,525|I|Thread-1|secretKey not set; output-to-cloud DISABLED!
2019-07-22 18:44:45,545|I|Thread-1|missing REQUIRED configuration; sms DISABLED!
2019-07-22 18:44:46,206|I|Thread-1|[20190722_184445] executing C:\projects\firstEvaluation\artifact\script\firstEvaluation.xlsx with 1 iteration(s)
2019-07-22 18:44:46,211|I|Thread-1|[20190722_184445] create directory C:\projects\firstEvaluation\output\20190722_184445\captures
2019-07-22 18:44:46,211|I|Thread-1|[20190722_184445] create directory C:\projects\firstEvaluation\output\20190722_184445\logs
2019-07-22 18:44:46,571|I|Thread-1|[20190722_184445] merging test data to tmp file C:\projects\firstEvaluation\output\20190722_184445\firstEvaluation.20190722_184446.001.xlsx
2019-07-22 18:44:46,571|I|Thread-1|refetching data from C:\projects\firstEvaluation\artifact\data\firstEvaluation.data.xlsx
2019-07-22 18:44:46,726|I|Thread-1|[20190722_184445] test script and test data merged to C:\projects\firstEvaluation\output\20190722_184445\firstEvaluation.20190722_184446.001.xlsx
2019-07-22 18:44:47,266|I|Thread-1|STARTS
2019-07-22 18:44:47,291|I|Thread-1|firstEvaluation.20190722_184446.001 - executing iteration #1 of 1; Iteration Id 1
2019-07-22 18:44:47,306|I|Thread-1|firstEvaluation.20190722_184446.001|JsonScenario - executing test scenario
2019-07-22 18:44:47,306|I|Thread-1|firstEvaluation.20190722_184446.001|JsonScenario|Activity 1 - executing activity
2019-07-22 18:44:47,906|I|Thread-1|firstEvaluation.20190722_184446.001|JsonScenario|Activity 1|#  5|json.storeValues(json,jso - executing storeValues(json,jsonpath,var)($(syspath|data|fullpath)/example_2.json, products[supplier=Wisozk Inc].product_name, productNames)
2019-07-22 18:44:47,976|I|Thread-1|firstEvaluation.20190722_184446.001|JsonScenario|Activity 1|#  5|json.storeValues(json,jso - PASS EXPECTED match against 'products[supplier=Wisozk Inc].product_name' stored to ${productNames}
2019-07-22 18:44:48,580|I|Thread-1|firstEvaluation.20190722_184446.001|JsonScenario|Activity 1|#  6|base.verbose(text) - executing verbose(text)(${productNames})
2019-07-22 18:44:48,580|I|Thread-1|firstEvaluation.20190722_184446.001|JsonScenario|Activity 1|#  6|base.verbose(text) - ["sildenafil citrate","Mountain Juniperus ashei"]
2019-07-22 18:44:48,715|I|Thread-1|firstEvaluation.20190722_184446.001|JsonScenario|Activity 1|#  6|base.verbose(text) - PASS 
2019-07-22 18:44:48,720|I|Thread-1|firstEvaluation.20190722_184446.001|JsonScenario|Activity 2 - executing activity
2019-07-22 18:44:49,321|I|Thread-1|firstEvaluation.20190722_184446.001|JsonScenario|Activity 2|#  7|json.storeValues(json,jso - executing storeValues(json,jsonpath,var)($(syspath|data|fullpath)/example_2.json, products[supplier=Wisozk Inc].quantity, quantityList)
2019-07-22 18:44:49,321|I|Thread-1|firstEvaluation.20190722_184446.001|JsonScenario|Activity 2|#  7|json.storeValues(json,jso - PASS EXPECTED match against 'products[supplier=Wisozk Inc].quantity' stored to ${quantityList}
2019-07-22 18:44:49,922|I|Thread-1|firstEvaluation.20190722_184446.001|JsonScenario|Activity 2|#  8|json.storeValues(json,jso - executing storeValues(json,jsonpath,var)($(syspath|data|fullpath)/example_2.json, products[supplier=Wisozk Inc].unit_cost, costList)
2019-07-22 18:44:49,922|I|Thread-1|firstEvaluation.20190722_184446.001|JsonScenario|Activity 2|#  8|json.storeValues(json,jso - PASS EXPECTED match against 'products[supplier=Wisozk Inc].unit_cost' stored to ${costList}
2019-07-22 18:44:50,522|I|Thread-1|firstEvaluation.20190722_184446.001|JsonScenario|Activity 2|#  9|base.save(var,value) - executing save(var,value)(unit_costList, [LIST${costList} => replaceRegex([$],)])
2019-07-22 18:44:50,522|I|Thread-1|firstEvaluation.20190722_184446.001|JsonScenario|Activity 2|#  9|base.save(var,value) - PASS stored '[LIST["$10.47","$8.74"] => replaceRegex([$],)]' as ${unit_costList}
2019-07-22 18:44:51,123|I|Thread-1|firstEvaluation.20190722_184446.001|JsonScenario|Activity 2|# 10|base.verbose(text) - executing verbose(text)(${unit_costList})
2019-07-22 18:44:51,123|I|Thread-1|firstEvaluation.20190722_184446.001|JsonScenario|Activity 2|# 10|base.verbose(text) - [LIST["$10.47","$8.74"] => replaceRegex([$],)]
2019-07-22 18:44:51,123|I|Thread-1|firstEvaluation.20190722_184446.001|JsonScenario|Activity 2|# 10|base.verbose(text) - PASS 
2019-07-22 18:44:51,724|I|Thread-1|firstEvaluation.20190722_184446.001|JsonScenario|Activity 2|# 11|base.save(var,value) - executing save(var,value)(sumTotal, 0)
2019-07-22 18:44:51,724|I|Thread-1|firstEvaluation.20190722_184446.001|JsonScenario|Activity 2|# 11|base.save(var,value) - PASS stored '0' as ${sumTotal}
2019-07-22 18:44:52,328|I|Thread-1|firstEvaluation.20190722_184446.001|JsonScenario|Activity 2|# 12|base.save(var,value) - executing save(var,value)(counter, 0)
2019-07-22 18:44:52,328|I|Thread-1|firstEvaluation.20190722_184446.001|JsonScenario|Activity 2|# 12|base.save(var,value) - PASS stored '0' as ${counter}
2019-07-22 18:44:52,934|I|Thread-1|firstEvaluation.20190722_184446.001|JsonScenario|Activity 2|# 13|base.save(var,value) - executing save(var,value)(length, $(array|length|${quantityList}))
2019-07-22 18:44:52,934|I|Thread-1|firstEvaluation.20190722_184446.001|JsonScenario|Activity 2|# 13|base.save(var,value) - PASS stored '2' as ${length}
2019-07-22 18:44:53,536|I|Thread-1|firstEvaluation.20190722_184446.001|JsonScenario|Activity 2|# 14|base.save(var,value) - executing save(var,value)(mulValue, 0)
2019-07-22 18:44:53,536|I|Thread-1|firstEvaluation.20190722_184446.001|JsonScenario|Activity 2|# 14|base.save(var,value) - PASS stored '0' as ${mulValue}
2019-07-22 18:44:54,136|I|Thread-1|firstEvaluation.20190722_184446.001|JsonScenario|Activity 2|# 15|base.verbose(text) - executing verbose(text)(${unit_costList})
2019-07-22 18:44:54,136|I|Thread-1|firstEvaluation.20190722_184446.001|JsonScenario|Activity 2|# 15|base.verbose(text) - [LIST["$10.47","$8.74"] => replaceRegex([$],)]
2019-07-22 18:44:54,136|I|Thread-1|firstEvaluation.20190722_184446.001|JsonScenario|Activity 2|# 15|base.verbose(text) - PASS 
2019-07-22 18:44:54,737|I|Thread-1|firstEvaluation.20190722_184446.001|JsonScenario|Activity 2|# 16|base.repeatUntil(steps,ma - executing repeatUntil(steps,maxWaitMs)(6, -1)
2019-07-22 18:44:54,737|I|Thread-1|firstEvaluation.20190722_184446.001|JsonScenario|Activity 2|# 17|base.assertEqual(expected - 
<[repeat-until] entering loop #1 --------------------------------------------->
2019-07-22 18:44:54,742|I|Thread-1|firstEvaluation.20190722_184446.001|JsonScenario|Activity 2|# 17|base.assertEqual(expected - executing assertEqual(expected,actual)(${length}, ${counter})
2019-07-22 18:44:54,742|I|Thread-1|firstEvaluation.20190722_184446.001|JsonScenario|Activity 2|# 18|base.save(var,value) - executing save(var,value)(unit_cost, $(array|item|${unit_costList}|${counter}))
2019-07-22 18:44:54,742|I|Thread-1|firstEvaluation.20190722_184446.001|JsonScenario|Activity 2|# 18|base.save(var,value) - [repeat-until] PASS stored '"$10.47"' as ${unit_cost}
2019-07-22 18:44:54,742|I|Thread-1|firstEvaluation.20190722_184446.001|JsonScenario|Activity 2|# 19|base.save(var,value) - executing save(var,value)(quantity, $(array|item|${quantityList}|${counter}))
2019-07-22 18:44:54,747|I|Thread-1|firstEvaluation.20190722_184446.001|JsonScenario|Activity 2|# 19|base.save(var,value) - [repeat-until] PASS stored '261' as ${quantity}
2019-07-22 18:44:54,747|I|Thread-1|firstEvaluation.20190722_184446.001|JsonScenario|Activity 2|# 20|base.save(var,value) - executing save(var,value)(mulValue, [NUMBER(${unit_cost}) => multiply(${quantity})])
2019-07-22 18:44:54,762|I|Thread-1|firstEvaluation.20190722_184446.001|JsonScenario|Activity 2|# 20|base.save(var,value) - [repeat-until] PASS stored '2732.67' as ${mulValue}
2019-07-22 18:44:54,762|I|Thread-1|firstEvaluation.20190722_184446.001|JsonScenario|Activity 2|# 21|base.save(var,value) - executing save(var,value)(sumTotal, [NUMBER(${sumTotal}) => add(${mulValue})])
2019-07-22 18:44:54,762|I|Thread-1|firstEvaluation.20190722_184446.001|JsonScenario|Activity 2|# 21|base.save(var,value) - [repeat-until] PASS stored '2732.67' as ${sumTotal}
2019-07-22 18:44:54,762|I|Thread-1|firstEvaluation.20190722_184446.001|JsonScenario|Activity 2|# 22|number.increment(var,amou - executing increment(var,amount)(counter, 1)
2019-07-22 18:44:54,767|I|Thread-1|firstEvaluation.20190722_184446.001|JsonScenario|Activity 2|# 22|number.increment(var,amou - [repeat-until] PASS incremented ${counter} by 1 to 1
2019-07-22 18:44:54,767|I|Thread-1|firstEvaluation.20190722_184446.001|JsonScenario|Activity 2|# 17|base.assertEqual(expected - 
<[repeat-until] entering loop #2 --------------------------------------------->
2019-07-22 18:44:54,767|I|Thread-1|firstEvaluation.20190722_184446.001|JsonScenario|Activity 2|# 17|base.assertEqual(expected - executing assertEqual(expected,actual)(${length}, ${counter})
2019-07-22 18:44:54,767|I|Thread-1|firstEvaluation.20190722_184446.001|JsonScenario|Activity 2|# 18|base.save(var,value) - executing save(var,value)(unit_cost, $(array|item|${unit_costList}|${counter}))
2019-07-22 18:44:54,772|I|Thread-1|firstEvaluation.20190722_184446.001|JsonScenario|Activity 2|# 18|base.save(var,value) - [repeat-until] PASS stored '"$8.74"' as ${unit_cost}
2019-07-22 18:44:54,772|I|Thread-1|firstEvaluation.20190722_184446.001|JsonScenario|Activity 2|# 19|base.save(var,value) - executing save(var,value)(quantity, $(array|item|${quantityList}|${counter}))
2019-07-22 18:44:54,772|I|Thread-1|firstEvaluation.20190722_184446.001|JsonScenario|Activity 2|# 19|base.save(var,value) - [repeat-until] PASS stored '292' as ${quantity}
2019-07-22 18:44:54,777|I|Thread-1|firstEvaluation.20190722_184446.001|JsonScenario|Activity 2|# 20|base.save(var,value) - executing save(var,value)(mulValue, [NUMBER(${unit_cost}) => multiply(${quantity})])
2019-07-22 18:44:54,777|I|Thread-1|firstEvaluation.20190722_184446.001|JsonScenario|Activity 2|# 20|base.save(var,value) - [repeat-until] PASS stored '2552.08' as ${mulValue}
2019-07-22 18:44:54,777|I|Thread-1|firstEvaluation.20190722_184446.001|JsonScenario|Activity 2|# 21|base.save(var,value) - executing save(var,value)(sumTotal, [NUMBER(${sumTotal}) => add(${mulValue})])
2019-07-22 18:44:54,777|I|Thread-1|firstEvaluation.20190722_184446.001|JsonScenario|Activity 2|# 21|base.save(var,value) - [repeat-until] PASS stored '5284.75' as ${sumTotal}
2019-07-22 18:44:54,777|I|Thread-1|firstEvaluation.20190722_184446.001|JsonScenario|Activity 2|# 22|number.increment(var,amou - executing increment(var,amount)(counter, 1)
2019-07-22 18:44:54,782|I|Thread-1|firstEvaluation.20190722_184446.001|JsonScenario|Activity 2|# 22|number.increment(var,amou - [repeat-until] PASS incremented ${counter} by 1 to 2
2019-07-22 18:44:54,782|I|Thread-1|firstEvaluation.20190722_184446.001|JsonScenario|Activity 2|# 17|base.assertEqual(expected - 
<[repeat-until] entering loop #3 --------------------------------------------->
2019-07-22 18:44:54,782|I|Thread-1|firstEvaluation.20190722_184446.001|JsonScenario|Activity 2|# 17|base.assertEqual(expected - executing assertEqual(expected,actual)(${length}, ${counter})
2019-07-22 18:44:54,787|I|Thread-1|firstEvaluation.20190722_184446.001|JsonScenario|Activity 2|# 16|base.repeatUntil(steps,ma - PASS repeat-until execution completed
2019-07-22 18:44:55,391|I|Thread-1|firstEvaluation.20190722_184446.001|JsonScenario|Activity 2|# 23|base.verbose(text) - executing verbose(text)(${sumTotal})
2019-07-22 18:44:55,391|I|Thread-1|firstEvaluation.20190722_184446.001|JsonScenario|Activity 2|# 23|base.verbose(text) - 5284.75
2019-07-22 18:44:55,391|I|Thread-1|firstEvaluation.20190722_184446.001|JsonScenario|Activity 2|# 23|base.verbose(text) - PASS 
2019-07-22 18:44:55,396|I|Thread-1|firstEvaluation.20190722_184446.001|JsonScenario|Activity 3 - executing activity
2019-07-22 18:44:56,000|I|Thread-1|firstEvaluation.20190722_184446.001|JsonScenario|Activity 3|# 24|io.readFile(var,file) - executing readFile(var,file)(jsonFile, $(syspath|data|fullpath)/example_2.json)
2019-07-22 18:44:56,000|I|Thread-1|firstEvaluation.20190722_184446.001|JsonScenario|Activity 3|# 24|io.readFile(var,file) - PASS Content read from 'C:\projects\firstEvaluation\artifact\data\example_2.json' to ${jsonFile}
2019-07-22 18:44:56,604|I|Thread-1|firstEvaluation.20190722_184446.001|JsonScenario|Activity 3|# 25|base.save(var,value) - executing save(var,value)(var, [JSON(${jsonFile} => extract(products[unit_cost => ascending])])
2019-07-22 18:44:56,659|I|Thread-1|firstEvaluation.20190722_184446.001|JsonScenario|Activity 3|# 25|base.save(var,value) - PASS stored '[JSON({
	"products": 
		[{
  			"_id": {
 			   "orderid": "5968dd23fc13ae04d9000001"
  				},
  			"product_name": "sildenafil citrate",
  			"supplier": "Wisozk Inc",
  			"quantity": 261,
  			"unit_cost": "$10.47"
		}, 
		{
 			"_id": {
    			  "orderid": "5968dd23fc13ae04d9000002"
  				},
 			  "product_name": "Mountain Juniperus ashei",
  			  "supplier": "Wisozk Inc",
			  "quantity": 292,
			  "unit_cost": "$8.74"
		},
		{
			 "_id": {
			    "orderid": "5968dd23fc13ae04d9000003"
				},
			    "product_name": "Dextromathorphan HBr",
			    "supplier": "Schmitt-Weissnat",
  		            "quantity": 211,
  			    "unit_cost": "$20.53"
		},
		{
			 "_id": {
			    "orderid": "5968dd23fc13ae04d9000004"
 				 },
  			    "product_name": "Dextromathorphan HBr",
			    "supplier": "SC-Pharmacy",
			    "quantity": 211,
			    "unit_cost": "$20.53"
		}]
} => extract(products[unit_cost => ascending])]' as ${var}
2019-07-22 18:44:57,259|I|Thread-1|firstEvaluation.20190722_184446.001|JsonScenario|Activity 3|# 26|json.storeValues(json,jso - executing storeValues(json,jsonpath,var)(${var}, products.product_name, result)
2019-07-22 18:44:57,259|E|Thread-1|Error converting string to JSON object: Expected a ',' or ']' at 7 [character 8 line 1]
org.json.JSONException: Expected a ',' or ']' at 7 [character 8 line 1]
	at org.json.JSONTokener.syntaxError(JSONTokener.java:505)
	at org.json.JSONArray.<init>(JSONArray.java:130)
	at org.json.JSONArray.<init>(JSONArray.java:147)
	at org.nexial.core.utils.JsonUtils.toJSONArray(JsonUtils.java:85)
	at org.nexial.core.plugins.json.JsonCommand.resolveToJSONObject(JsonCommand.java:318)
	at org.nexial.core.plugins.json.JsonCommand.toJSONObject(JsonCommand.java:441)
	at org.nexial.core.plugins.json.JsonCommand.sanityCheck(JsonCommand.java:445)
	at org.nexial.core.plugins.json.JsonCommand.find(JsonCommand.java:449)
	at org.nexial.core.plugins.json.JsonCommand.extractJsonValue(JsonCommand.java:384)
	at org.nexial.core.plugins.json.JsonCommand.storeValues(JsonCommand.java:123)
	at sun.reflect.NativeMethodAccessorImpl.invoke0(Native Method)
	at sun.reflect.NativeMethodAccessorImpl.invoke(Unknown Source)
	at sun.reflect.DelegatingMethodAccessorImpl.invoke(Unknown Source)
	at java.lang.reflect.Method.invoke(Unknown Source)
	at org.nexial.core.plugins.base.BaseCommand.execute(BaseCommand.java:156)
	at org.nexial.core.model.TestStep.invokeCommand(TestStep.java:327)
	at org.nexial.core.model.TestStep.execute(TestStep.java:169)
	at org.nexial.core.model.TestCase.execute(TestCase.java:94)
	at org.nexial.core.model.TestScenario.execute(TestScenario.java:130)
	at org.nexial.core.model.ExecutionContext.execute(ExecutionContext.java:1184)
	at org.nexial.core.ExecutionThread.run(ExecutionThread.java:174)
2019-07-22 18:44:57,264|E|Thread-1|JSON string in error is as follows:
[JSON({
	"products": 
		[{
  			"_id": {
 			   "orderid": "5968dd23fc13ae04d9000001"
  				},
  			"product_name": "sildenafil citrate",
  			"supplier": "Wisozk Inc",
  			"quantity": 261,
  			"unit_cost": "$10.47"
		}, 
		{
 			"_id": {
    			  "orderid": "5968dd23fc13ae04d9000002"
  				},
 			  "product_name": "Mountain Juniperus ashei",
  			  "supplier": "Wisozk Inc",
			  "quantity": 292,
			  "unit_cost": "$8.74"
		},
		{
			 "_id": {
			    "orderid": "5968dd23fc13ae04d9000003"
				},
			    "product_name": "Dextromathorphan HBr",
			    "supplier": "Schmitt-Weissnat",
  		            "quantity": 211,
  			    "unit_cost": "$20.53"
		},
		{
			 "_id": {
			    "orderid": "5968dd23fc13ae04d9000004"
 				 },
  			    "product_name": "Dextromathorphan HBr",
			    "supplier": "SC-Pharmacy",
			    "quantity": 211,
			    "unit_cost": "$20.53"
		}]
} => extract(products[unit_cost => ascending])]
2019-07-22 18:44:57,294|E|Thread-1|firstEvaluation.20190722_184446.001|JsonScenario|Activity 3|# 26|json.storeValues(json,jso - FAIL invalid/malformed json: {[JSON({
	"products": 
		[{
  			"_id": {
 			   "orderid": "5968dd23fc13ae04d9000001"
  				},
  			"product_name": "sildenafil citrate",
  			"supplier": "Wisozk Inc",
  			"quantity": 261,
  			"unit_cost": "$10.47"
		}, 
		{
 			"_id": {
    			  "orderid": "5968dd23fc13ae04d9000002"
  				},
 			  "product_name": "Mountain Juniperus ashei",
  			  "supplier": "Wisozk Inc",
			  "quantity": 292,
			  "unit_cost": "$8.74"
		},
		{
			 "_id": {
			    "orderid": "5968dd23fc13ae04d9000003"
				},
			    "product_name": "Dextromathorphan HBr",
			    "supplier": "Schmitt-Weissnat",
  		            "quantity": 211,
  			    "unit_cost": "$20.53"
		},
		{
			 "_id": {
			    "orderid": "5968dd23fc13ae04d9000004"
 				 },
  			    "product_name": "Dextromathorphan HBr",
			    "supplier": "SC-Pharmacy",
			    "quantity": 211,
			    "unit_cost": "$20.53"
		}]
} => extract(products[unit_cost => ascending])]}
2019-07-22 18:44:57,901|I|Thread-1|firstEvaluation.20190722_184446.001|JsonScenario|Activity 3|# 27|base.verbose(text) - executing verbose(text)(${result})
2019-07-22 18:44:57,901|I|Thread-1|firstEvaluation.20190722_184446.001|JsonScenario|Activity 3|# 27|base.verbose(text) - 
2019-07-22 18:44:57,901|I|Thread-1|firstEvaluation.20190722_184446.001|JsonScenario|Activity 3|# 27|base.verbose(text) - PASS 
2019-07-22 18:44:57,901|I|Thread-1|firstEvaluation.20190722_184446.001|JsonScenario|Activity 4 - executing activity
2019-07-22 18:44:58,506|I|Thread-1|firstEvaluation.20190722_184446.001|JsonScenario|Activity 4|# 28|json.storeValues(json,jso - executing storeValues(json,jsonpath,var)($(syspath|data|fullpath)/example_2.json, products[product_name=Dextromathorphan HBr].supplier, supplierList)
2019-07-22 18:44:58,506|I|Thread-1|firstEvaluation.20190722_184446.001|JsonScenario|Activity 4|# 28|json.storeValues(json,jso - PASS EXPECTED match against 'products[product_name=Dextromathorphan HBr].supplier' stored to ${supplierList}
2019-07-22 18:44:59,108|I|Thread-1|firstEvaluation.20190722_184446.001|JsonScenario|Activity 4|# 29|base.verbose(text) - executing verbose(text)(${supplierList})
2019-07-22 18:44:59,108|I|Thread-1|firstEvaluation.20190722_184446.001|JsonScenario|Activity 4|# 29|base.verbose(text) - ["Schmitt-Weissnat","SC-Pharmacy"]
2019-07-22 18:44:59,108|I|Thread-1|firstEvaluation.20190722_184446.001|JsonScenario|Activity 4|# 29|base.verbose(text) - PASS 
2019-07-22 18:44:59,112|I|Thread-1|firstEvaluation.20190722_184446.001|JsonScenario|Activity 5 - executing activity
2019-07-22 18:44:59,717|I|Thread-1|firstEvaluation.20190722_184446.001|JsonScenario|Activity 5|# 30|json.storeValues(json,jso - executing storeValues(json,jsonpath,var)($(syspath|data|fullpath)/example_2.json, products.product_name, productList)
2019-07-22 18:44:59,746|I|Thread-1|firstEvaluation.20190722_184446.001|JsonScenario|Activity 5|# 30|json.storeValues(json,jso - PASS EXPECTED match against 'products.product_name' stored to ${productList}
2019-07-22 18:45:00,349|I|Thread-1|firstEvaluation.20190722_184446.001|JsonScenario|Activity 5|# 31|json.storeValues(json,jso - executing storeValues(json,jsonpath,var)($(syspath|data|fullpath)/example_2.json, products.unit_cost, costList)
2019-07-22 18:45:00,349|I|Thread-1|firstEvaluation.20190722_184446.001|JsonScenario|Activity 5|# 31|json.storeValues(json,jso - PASS EXPECTED match against 'products.unit_cost' stored to ${costList}
2019-07-22 18:45:00,950|I|Thread-1|firstEvaluation.20190722_184446.001|JsonScenario|Activity 5|# 32|base.save(var,value) - executing save(var,value)(unit_costList, [LIST${costList} => replaceRegex([$],)])
2019-07-22 18:45:00,950|I|Thread-1|firstEvaluation.20190722_184446.001|JsonScenario|Activity 5|# 32|base.save(var,value) - PASS stored '[LIST["$10.47","$8.74","$20.53","$20.53"] => replaceRegex([$],)]' as ${unit_costList}
2019-07-22 18:45:01,554|I|Thread-1|firstEvaluation.20190722_184446.001|JsonScenario|Activity 5|# 33|base.save(var,value) - executing save(var,value)(counter, 0)
2019-07-22 18:45:01,554|I|Thread-1|firstEvaluation.20190722_184446.001|JsonScenario|Activity 5|# 33|base.save(var,value) - PASS stored '0' as ${counter}
2019-07-22 18:45:02,157|I|Thread-1|firstEvaluation.20190722_184446.001|JsonScenario|Activity 5|# 34|base.save(var,value) - executing save(var,value)(finalList, abcd)
2019-07-22 18:45:02,157|I|Thread-1|firstEvaluation.20190722_184446.001|JsonScenario|Activity 5|# 34|base.save(var,value) - PASS stored 'abcd' as ${finalList}
2019-07-22 18:45:02,761|I|Thread-1|firstEvaluation.20190722_184446.001|JsonScenario|Activity 5|# 35|base.repeatUntil(steps,ma - executing repeatUntil(steps,maxWaitMs)(6, -1)
2019-07-22 18:45:02,761|I|Thread-1|firstEvaluation.20190722_184446.001|JsonScenario|Activity 5|# 36|base.assertEqual(expected - 
<[repeat-until] entering loop #1 --------------------------------------------->
2019-07-22 18:45:02,761|I|Thread-1|firstEvaluation.20190722_184446.001|JsonScenario|Activity 5|# 36|base.assertEqual(expected - executing assertEqual(expected,actual)($(array|length|${unit_costList}), ${counter})
2019-07-22 18:45:02,761|I|Thread-1|firstEvaluation.20190722_184446.001|JsonScenario|Activity 5|# 37|base.save(var,value) - executing save(var,value)(value, $(array|item|${unit_costList}|${counter}))
2019-07-22 18:45:02,765|I|Thread-1|firstEvaluation.20190722_184446.001|JsonScenario|Activity 5|# 37|base.save(var,value) - [repeat-until] PASS stored '"$10.47"' as ${value}
2019-07-22 18:45:02,765|I|Thread-1|firstEvaluation.20190722_184446.001|JsonScenario|Activity 5|# 38|base.save(var,value) - executing save(var,value)(cost, [TEXT(${value}) => remove($) remove(") ])
2019-07-22 18:45:02,770|I|Thread-1|firstEvaluation.20190722_184446.001|JsonScenario|Activity 5|# 38|base.save(var,value) - [repeat-until] PASS stored '10.47' as ${cost}
2019-07-22 18:45:02,770|I|Thread-1|firstEvaluation.20190722_184446.001|JsonScenario|Activity 5|# 39|base.verbose(text) - executing verbose(text)(${cost})
2019-07-22 18:45:02,770|I|Thread-1|firstEvaluation.20190722_184446.001|JsonScenario|Activity 5|# 39|base.verbose(text) - 10.47
2019-07-22 18:45:02,770|I|Thread-1|firstEvaluation.20190722_184446.001|JsonScenario|Activity 5|# 39|base.verbose(text) - [repeat-until] PASS 10.47
2019-07-22 18:45:02,770|I|Thread-1|firstEvaluation.20190722_184446.001|JsonScenario|Activity 5|# 40|base.verbose(text) - executing verbose(text)([LIST(finalList) => append($(array|item|${productList}|${counter}))])
2019-07-22 18:45:02,770|I|Thread-1|evaluating flow control:	SkipIf(10.47>20)		=> NOT MATCHED
2019-07-22 18:45:02,775|I|Thread-1|firstEvaluation.20190722_184446.001|JsonScenario|Activity 5|# 40|base.verbose(text) - finalList,"sildenafil citrate"
2019-07-22 18:45:02,775|I|Thread-1|firstEvaluation.20190722_184446.001|JsonScenario|Activity 5|# 40|base.verbose(text) - [repeat-until] PASS finalList,"sildenafil citrate"
2019-07-22 18:45:02,775|I|Thread-1|firstEvaluation.20190722_184446.001|JsonScenario|Activity 5|# 41|number.increment(var,amou - executing increment(var,amount)(counter, 1)
2019-07-22 18:45:02,780|I|Thread-1|firstEvaluation.20190722_184446.001|JsonScenario|Activity 5|# 41|number.increment(var,amou - [repeat-until] PASS incremented ${counter} by 1 to 1
2019-07-22 18:45:02,780|I|Thread-1|firstEvaluation.20190722_184446.001|JsonScenario|Activity 5|# 36|base.assertEqual(expected - 
<[repeat-until] entering loop #2 --------------------------------------------->
2019-07-22 18:45:02,780|I|Thread-1|firstEvaluation.20190722_184446.001|JsonScenario|Activity 5|# 36|base.assertEqual(expected - executing assertEqual(expected,actual)($(array|length|${unit_costList}), ${counter})
2019-07-22 18:45:02,780|I|Thread-1|firstEvaluation.20190722_184446.001|JsonScenario|Activity 5|# 37|base.save(var,value) - executing save(var,value)(value, $(array|item|${unit_costList}|${counter}))
2019-07-22 18:45:02,780|I|Thread-1|firstEvaluation.20190722_184446.001|JsonScenario|Activity 5|# 37|base.save(var,value) - [repeat-until] PASS stored '"$8.74"' as ${value}
2019-07-22 18:45:02,785|I|Thread-1|firstEvaluation.20190722_184446.001|JsonScenario|Activity 5|# 38|base.save(var,value) - executing save(var,value)(cost, [TEXT(${value}) => remove($) remove(") ])
2019-07-22 18:45:02,785|I|Thread-1|firstEvaluation.20190722_184446.001|JsonScenario|Activity 5|# 38|base.save(var,value) - [repeat-until] PASS stored '8.74' as ${cost}
2019-07-22 18:45:02,785|I|Thread-1|firstEvaluation.20190722_184446.001|JsonScenario|Activity 5|# 39|base.verbose(text) - executing verbose(text)(${cost})
2019-07-22 18:45:02,785|I|Thread-1|firstEvaluation.20190722_184446.001|JsonScenario|Activity 5|# 39|base.verbose(text) - 8.74
2019-07-22 18:45:02,785|I|Thread-1|firstEvaluation.20190722_184446.001|JsonScenario|Activity 5|# 39|base.verbose(text) - [repeat-until] PASS 8.74
2019-07-22 18:45:02,785|I|Thread-1|firstEvaluation.20190722_184446.001|JsonScenario|Activity 5|# 40|base.verbose(text) - executing verbose(text)([LIST(finalList) => append($(array|item|${productList}|${counter}))])
2019-07-22 18:45:02,795|I|Thread-1|evaluating flow control:	SkipIf(8.74>20)		=> NOT MATCHED
2019-07-22 18:45:02,795|I|Thread-1|firstEvaluation.20190722_184446.001|JsonScenario|Activity 5|# 40|base.verbose(text) - finalList,"Mountain Juniperus ashei"
2019-07-22 18:45:02,795|I|Thread-1|firstEvaluation.20190722_184446.001|JsonScenario|Activity 5|# 40|base.verbose(text) - [repeat-until] PASS finalList,"Mountain Juniperus ashei"
2019-07-22 18:45:02,795|I|Thread-1|firstEvaluation.20190722_184446.001|JsonScenario|Activity 5|# 41|number.increment(var,amou - executing increment(var,amount)(counter, 1)
2019-07-22 18:45:02,795|I|Thread-1|firstEvaluation.20190722_184446.001|JsonScenario|Activity 5|# 41|number.increment(var,amou - [repeat-until] PASS incremented ${counter} by 1 to 2
2019-07-22 18:45:02,800|I|Thread-1|firstEvaluation.20190722_184446.001|JsonScenario|Activity 5|# 36|base.assertEqual(expected - 
<[repeat-until] entering loop #3 --------------------------------------------->
2019-07-22 18:45:02,800|I|Thread-1|firstEvaluation.20190722_184446.001|JsonScenario|Activity 5|# 36|base.assertEqual(expected - executing assertEqual(expected,actual)($(array|length|${unit_costList}), ${counter})
2019-07-22 18:45:02,800|I|Thread-1|firstEvaluation.20190722_184446.001|JsonScenario|Activity 5|# 37|base.save(var,value) - executing save(var,value)(value, $(array|item|${unit_costList}|${counter}))
2019-07-22 18:45:02,800|I|Thread-1|firstEvaluation.20190722_184446.001|JsonScenario|Activity 5|# 37|base.save(var,value) - [repeat-until] PASS stored '"$20.53"' as ${value}
2019-07-22 18:45:02,800|I|Thread-1|firstEvaluation.20190722_184446.001|JsonScenario|Activity 5|# 38|base.save(var,value) - executing save(var,value)(cost, [TEXT(${value}) => remove($) remove(") ])
2019-07-22 18:45:02,800|I|Thread-1|firstEvaluation.20190722_184446.001|JsonScenario|Activity 5|# 38|base.save(var,value) - [repeat-until] PASS stored '20.53' as ${cost}
2019-07-22 18:45:02,805|I|Thread-1|firstEvaluation.20190722_184446.001|JsonScenario|Activity 5|# 39|base.verbose(text) - executing verbose(text)(${cost})
2019-07-22 18:45:02,805|I|Thread-1|firstEvaluation.20190722_184446.001|JsonScenario|Activity 5|# 39|base.verbose(text) - 20.53
2019-07-22 18:45:02,805|I|Thread-1|firstEvaluation.20190722_184446.001|JsonScenario|Activity 5|# 39|base.verbose(text) - [repeat-until] PASS 20.53
2019-07-22 18:45:02,805|I|Thread-1|firstEvaluation.20190722_184446.001|JsonScenario|Activity 5|# 40|base.verbose(text) - executing verbose(text)([LIST(finalList) => append($(array|item|${productList}|${counter}))])
2019-07-22 18:45:02,810|I|Thread-1|evaluating flow control:	SkipIf(20.53>20)		=> MATCHED
2019-07-22 18:45:02,810|I|Thread-1|firstEvaluation.20190722_184446.001|JsonScenario|Activity 5|# 40|base.verbose(text) - [repeat-until] SKIPPED current step skipped: SkipIf(${cost} > 20)
2019-07-22 18:45:02,810|I|Thread-1|firstEvaluation.20190722_184446.001|JsonScenario|Activity 5|# 41|number.increment(var,amou - executing increment(var,amount)(counter, 1)
2019-07-22 18:45:02,810|I|Thread-1|firstEvaluation.20190722_184446.001|JsonScenario|Activity 5|# 41|number.increment(var,amou - [repeat-until] PASS incremented ${counter} by 1 to 3
2019-07-22 18:45:02,810|I|Thread-1|firstEvaluation.20190722_184446.001|JsonScenario|Activity 5|# 36|base.assertEqual(expected - 
<[repeat-until] entering loop #4 --------------------------------------------->
2019-07-22 18:45:02,810|I|Thread-1|firstEvaluation.20190722_184446.001|JsonScenario|Activity 5|# 36|base.assertEqual(expected - executing assertEqual(expected,actual)($(array|length|${unit_costList}), ${counter})
2019-07-22 18:45:02,810|I|Thread-1|firstEvaluation.20190722_184446.001|JsonScenario|Activity 5|# 37|base.save(var,value) - executing save(var,value)(value, $(array|item|${unit_costList}|${counter}))
2019-07-22 18:45:02,810|I|Thread-1|firstEvaluation.20190722_184446.001|JsonScenario|Activity 5|# 37|base.save(var,value) - [repeat-until] PASS stored '"$20.53"' as ${value}
2019-07-22 18:45:02,810|I|Thread-1|firstEvaluation.20190722_184446.001|JsonScenario|Activity 5|# 38|base.save(var,value) - executing save(var,value)(cost, [TEXT(${value}) => remove($) remove(") ])
2019-07-22 18:45:02,815|I|Thread-1|firstEvaluation.20190722_184446.001|JsonScenario|Activity 5|# 38|base.save(var,value) - [repeat-until] PASS stored '20.53' as ${cost}
2019-07-22 18:45:02,815|I|Thread-1|firstEvaluation.20190722_184446.001|JsonScenario|Activity 5|# 39|base.verbose(text) - executing verbose(text)(${cost})
2019-07-22 18:45:02,815|I|Thread-1|firstEvaluation.20190722_184446.001|JsonScenario|Activity 5|# 39|base.verbose(text) - 20.53
2019-07-22 18:45:02,815|I|Thread-1|firstEvaluation.20190722_184446.001|JsonScenario|Activity 5|# 39|base.verbose(text) - [repeat-until] PASS 20.53
2019-07-22 18:45:02,815|I|Thread-1|firstEvaluation.20190722_184446.001|JsonScenario|Activity 5|# 40|base.verbose(text) - executing verbose(text)([LIST(finalList) => append($(array|item|${productList}|${counter}))])
2019-07-22 18:45:02,820|I|Thread-1|evaluating flow control:	SkipIf(20.53>20)		=> MATCHED
2019-07-22 18:45:02,825|I|Thread-1|firstEvaluation.20190722_184446.001|JsonScenario|Activity 5|# 40|base.verbose(text) - [repeat-until] SKIPPED current step skipped: SkipIf(${cost} > 20)
2019-07-22 18:45:02,825|I|Thread-1|firstEvaluation.20190722_184446.001|JsonScenario|Activity 5|# 41|number.increment(var,amou - executing increment(var,amount)(counter, 1)
2019-07-22 18:45:02,825|I|Thread-1|firstEvaluation.20190722_184446.001|JsonScenario|Activity 5|# 41|number.increment(var,amou - [repeat-until] PASS incremented ${counter} by 1 to 4
2019-07-22 18:45:02,825|I|Thread-1|firstEvaluation.20190722_184446.001|JsonScenario|Activity 5|# 36|base.assertEqual(expected - 
<[repeat-until] entering loop #5 --------------------------------------------->
2019-07-22 18:45:02,825|I|Thread-1|firstEvaluation.20190722_184446.001|JsonScenario|Activity 5|# 36|base.assertEqual(expected - executing assertEqual(expected,actual)($(array|length|${unit_costList}), ${counter})
2019-07-22 18:45:02,825|I|Thread-1|firstEvaluation.20190722_184446.001|JsonScenario|Activity 5|# 35|base.repeatUntil(steps,ma - PASS repeat-until execution completed
2019-07-22 18:45:03,430|I|Thread-1|firstEvaluation.20190722_184446.001|JsonScenario|Activity 5|# 42|base.verbose(text) - executing verbose(text)(${finalList})
2019-07-22 18:45:03,430|I|Thread-1|firstEvaluation.20190722_184446.001|JsonScenario|Activity 5|# 42|base.verbose(text) - abcd
2019-07-22 18:45:03,430|I|Thread-1|firstEvaluation.20190722_184446.001|JsonScenario|Activity 5|# 42|base.verbose(text) - PASS 
2019-07-22 18:45:03,625|I|Thread-1|[firstEvaluation.20190722_184446.001|JsonScenario] saving test scenario
2019-07-22 18:45:03,705|I|Thread-1|firstEvaluation.20190722_184446.001|XMLScenario - executing test scenario
2019-07-22 18:45:03,705|I|Thread-1|firstEvaluation.20190722_184446.001|XMLScenario|Activity 1 - executing activity
2019-07-22 18:45:04,306|I|Thread-1|firstEvaluation.20190722_184446.001|XMLScenario|Activity 1|#  5|io.readFile(var,file) - executing readFile(var,file)(xmlFile, $(syspath|data|fullpath)/example_1.xml)
2019-07-22 18:45:04,310|I|Thread-1|firstEvaluation.20190722_184446.001|XMLScenario|Activity 1|#  5|io.readFile(var,file) - PASS Content read from 'C:\projects\firstEvaluation\artifact\data\example_1.xml' to ${xmlFile}
2019-07-22 18:45:04,914|I|Thread-1|firstEvaluation.20190722_184446.001|XMLScenario|Activity 1|#  6|xml.storeValues(xml,xpath - executing storeValues(xml,xpath,var)($(syspath|data|fullpath)/example_1.xml, catalog.book[[TEXT(catalog.book.publish_data) => remove(-)] between [20001201|20001231], bookList)
2019-07-22 18:45:05,034|E|Thread-1|firstEvaluation.20190722_184446.001|XMLScenario|Activity 1|#  6|xml.storeValues(xml,xpath - FAIL Error while filtering XML via xpath 'catalog.book[catalog.book.publish_data': Unable to compile 'catalog.book[catalog.book.publish_data'. See Cause.
2019-07-22 18:45:05,638|I|Thread-1|firstEvaluation.20190722_184446.001|XMLScenario|Activity 1|#  7|base.verbose(text) - executing verbose(text)(${bookList})
2019-07-22 18:45:05,638|I|Thread-1|firstEvaluation.20190722_184446.001|XMLScenario|Activity 1|#  7|base.verbose(text) - 
2019-07-22 18:45:05,638|I|Thread-1|firstEvaluation.20190722_184446.001|XMLScenario|Activity 1|#  7|base.verbose(text) - PASS 
2019-07-22 18:45:05,657|I|Thread-1|[firstEvaluation.20190722_184446.001|XMLScenario] saving test scenario
2019-07-22 18:45:05,732|I|Thread-1|[20190722_184445] 
/-TEST COMPLETE-----------------------------------------------------------------
| Test Output:    C:\projects\firstEvaluation\output\20190722_184445\firstEvaluation.20190722_184446.001.xlsx
| Iteration:      1
\-------------------------------------------------------------------------------
» Execution Time: 18436 ms
» Test Steps:     29
» Error(s):       2



2019-07-22 18:45:07,651|I|Thread-1|[20190722_184445] 
/-TEST COMPLETE-----------------------------------------------------------------
| Test Script:    C:\projects\firstEvaluation\artifact\script\firstEvaluation.xlsx
\-------------------------------------------------------------------------------
» Execution Time: 22304 ms
» Iterations:     [1] total 1
» Test Steps:     29
» Passed:         27
» Error(s):       2
» Iteration 1 of 1: C:\projects\firstEvaluation\output\20190722_184445\firstEvaluation.20190722_184446.001.xlsx



2019-07-22 18:45:08,364|I|main|[20190722_184445] [C:\projects\firstEvaluation\artifact\script\firstEvaluation.xlsx] now completed
2019-07-22 18:45:08,364|I|main|[20190722_184445] all execution thread(s) have terminated
2019-07-22 18:45:08,364|I|main|[20190722_184445] test run completed in about 23 seconds
2019-07-22 18:45:08,414|I|main|No predefined nexial-setup found
2019-07-22 18:45:08,429|I|main|outputBase not set; output-to-cloud DISABLED!
2019-07-22 18:45:08,434|I|main|accessKey not set; output-to-cloud DISABLED!
2019-07-22 18:45:08,434|I|main|secretKey not set; output-to-cloud DISABLED!
2019-07-22 18:45:08,434|I|main|generating HTML output for this execution to C:\projects\firstEvaluation\output\20190722_184445\execution-output.html
2019-07-22 18:45:09,069|I|main|generating JUnit XML output for this execution to C:\projects\firstEvaluation\output\20190722_184445\junit.xml
2019-07-22 18:45:09,129|I|main|generated JUnit report for this execution: C:\projects\firstEvaluation\output\20190722_184445\junit.xml
2019-07-22 18:45:09,240|I|main|nexial mailer not enabled: nexial.enableEmail=false
2019-07-22 18:45:09,240|I|main|skipped email notification as configured
2019-07-22 18:45:09,240|I|main|exiting Nexial...
2019-07-22 18:45:09,240|I|main|

/-END OF EXECUTION--------------------------------------------------------------
| » Execution Time: 23 sec.
| » Test Steps....: 29
| » Passed........: 27
| » Failed........: 2
| » Success Rate..: 93.10%
\----------------------------------------------------------nexial-core dev_0581-

2019-07-22 18:45:09,240|E|main|failure found; success rate is 93.10%
2019-07-22 18:45:09,244|I|main|End of Execution:
NEXIAL_OUTPUT:         C:\projects\firstEvaluation\output\20190722_184445
NEXIAL_EXECUTION_HTML: C:\projects\firstEvaluation\output\20190722_184445\execution-output.html
NEXIAL_JUNIT_XML:      C:\projects\firstEvaluation\output\20190722_184445\junit.xml
NEXIAL_SUCCESS_RATE:   93.10%
NEXIAL_EXIT_STATUS:    -13
