2019-07-29 15:52:43,562|I|Thread-1|(DELAYED) nexial-core 2.4_0567 starting up...
2019-07-29 15:52:43,569|I|Thread-1|(DELAYED) data file resolved as C:\Users\DEEPAN~1.PAT\AppData\Local\Temp\Rbzvr\secondAssignment.data.xlsx
2019-07-29 15:52:43,570|I|Thread-1|(DELAYED) input files and output directory resolved...
2019-07-29 15:52:43,570|I|Thread-1|(DELAYED) No predefined nexial-setup found
2019-07-29 15:52:43,570|I|Thread-1|(DELAYED) [20190729_155243] [C:\projects\secondAssignment\artifact\script\secondAssignment.xlsx] resolve RUN ID as 20190729_155243
2019-07-29 15:52:43,570|I|Thread-1|(DELAYED) [20190729_155243] [C:\projects\secondAssignment\artifact\script\secondAssignment.xlsx] new thread started
2019-07-29 15:52:43,570|I|Thread-1|No predefined nexial-setup found
2019-07-29 15:52:43,695|I|Thread-1|outputBase not set; output-to-cloud DISABLED!
2019-07-29 15:52:43,697|I|Thread-1|accessKey not set; output-to-cloud DISABLED!
2019-07-29 15:52:43,697|I|Thread-1|secretKey not set; output-to-cloud DISABLED!
2019-07-29 15:52:43,746|I|Thread-1|missing REQUIRED configuration; sms DISABLED!
2019-07-29 15:52:44,912|I|Thread-1|[20190729_155243] executing C:\projects\secondAssignment\artifact\script\secondAssignment.xlsx with 1 iteration(s)
2019-07-29 15:52:44,921|I|Thread-1|[20190729_155243] create directory C:\projects\secondAssignment\output\20190729_155243\captures
2019-07-29 15:52:44,923|I|Thread-1|[20190729_155243] create directory C:\projects\secondAssignment\output\20190729_155243\logs
2019-07-29 15:52:46,143|I|Thread-1|[20190729_155243] merging test data to tmp file C:\projects\secondAssignment\output\20190729_155243\secondAssignment.20190729_155244.001.xlsx
2019-07-29 15:52:46,144|I|Thread-1|refetching data from C:\projects\secondAssignment\artifact\data\secondAssignment.data.xlsx
2019-07-29 15:52:46,658|I|Thread-1|[20190729_155243] test script and test data merged to C:\projects\secondAssignment\output\20190729_155243\secondAssignment.20190729_155244.001.xlsx
2019-07-29 15:52:47,996|I|Thread-1|STARTS
2019-07-29 15:52:48,044|I|Thread-1|secondAssignment.20190729_155244.001 - executing iteration #1 of 1; Iteration Id 1
2019-07-29 15:52:48,056|I|Thread-1|secondAssignment.20190729_155244.001|Scenario - executing test scenario
2019-07-29 15:52:48,061|I|Thread-1|secondAssignment.20190729_155244.001|Scenario|Activity 1 - executing activity
2019-07-29 15:52:48,667|I|Thread-1|secondAssignment.20190729_155244.001|Scenario|Activity 1|#  5|web.open(url) - executing open(url)(https://opensource-demo.orangehrmlive.com/)
2019-07-29 15:52:48,673|I|Thread-1|No valid instance of webdriver, initializing...
2019-07-29 15:52:48,678|I|Thread-1|init chrome
2019-07-29 15:52:54,920|I|Thread-1|browser initialization completed for 'chrome'
2019-07-29 15:52:54,931|I|Thread-1|setting browser polling wait time to 800 ms
2019-07-29 15:52:54,935|I|Thread-1|setting browser page load timeout to 10000 ms
2019-07-29 15:53:02,136|I|Thread-1|current browser window handle:CDwindow-E8CB4BE32FA69E09384AD47E068686EB
2019-07-29 15:53:02,156|I|Thread-1|secondAssignment.20190729_155244.001|Scenario|Activity 1|#  5|web.open(url) - PASS opened URL https://opensource-demo.orangehrmlive.com/
2019-07-29 15:53:02,760|I|Thread-1|secondAssignment.20190729_155244.001|Scenario|Activity 1|#  6|web.type(locator,value) - executing type(locator,value)(//*[@id="txtUsername"], Admin)
2019-07-29 15:53:02,965|I|Thread-1|secondAssignment.20190729_155244.001|Scenario|Activity 1|#  6|web.type(locator,value) - PASS typed text at '//*[@id="txtUsername"]'
2019-07-29 15:53:03,579|I|Thread-1|secondAssignment.20190729_155244.001|Scenario|Activity 1|#  7|web.type(locator,value) - executing type(locator,value)(//*[@id="txtPassword"], admin123)
2019-07-29 15:53:03,749|I|Thread-1|secondAssignment.20190729_155244.001|Scenario|Activity 1|#  7|web.type(locator,value) - PASS typed text at '//*[@id="txtPassword"]'
2019-07-29 15:53:04,355|I|Thread-1|secondAssignment.20190729_155244.001|Scenario|Activity 1|#  8|web.click(locator) - executing click(locator)(//*[@id="btnLogin"])
2019-07-29 15:53:04,382|I|Thread-1|clicking '//*[@id="btnLogin"]'...
2019-07-29 15:53:04,394|I|Thread-1|click target via JS, @id=btnLogin
2019-07-29 15:53:09,358|I|Thread-1|clicked -> true
2019-07-29 15:53:09,359|I|Thread-1|secondAssignment.20190729_155244.001|Scenario|Activity 1|#  8|web.click(locator) - PASS click via JS event
2019-07-29 15:53:09,960|I|Thread-1|secondAssignment.20190729_155244.001|Scenario|Activity 1|#  9|web.click(locator) - executing click(locator)(//*[@id="menu_pim_viewPimModule"]/b)
2019-07-29 15:53:09,985|I|Thread-1|clicking '//*[@id="menu_pim_viewPimModule"]/b'...
2019-07-29 15:53:09,996|I|Thread-1|click target via JS, @id=
2019-07-29 15:53:11,789|I|Thread-1|clicked -> true
2019-07-29 15:53:11,790|I|Thread-1|secondAssignment.20190729_155244.001|Scenario|Activity 1|#  9|web.click(locator) - PASS click via JS event
2019-07-29 15:53:12,392|I|Thread-1|secondAssignment.20190729_155244.001|Scenario|Activity 1|# 10|web.click(locator) - executing click(locator)(//*[@id="btnAdd"])
2019-07-29 15:53:12,418|I|Thread-1|clicking '//*[@id="btnAdd"]'...
2019-07-29 15:53:12,432|I|Thread-1|click target via JS, @id=btnAdd
2019-07-29 15:53:13,171|I|Thread-1|clicked -> true
2019-07-29 15:53:13,172|I|Thread-1|secondAssignment.20190729_155244.001|Scenario|Activity 1|# 10|web.click(locator) - PASS click via JS event
2019-07-29 15:53:13,774|I|Thread-1|secondAssignment.20190729_155244.001|Scenario|Activity 1|# 11|web.type(locator,value) - executing type(locator,value)(//*[@id="firstName"], Deepankar)
2019-07-29 15:53:13,952|I|Thread-1|secondAssignment.20190729_155244.001|Scenario|Activity 1|# 11|web.type(locator,value) - PASS typed text at '//*[@id="firstName"]'
2019-07-29 15:53:14,557|I|Thread-1|secondAssignment.20190729_155244.001|Scenario|Activity 1|# 12|web.type(locator,value) - executing type(locator,value)(//*[@id="lastName"], Pathak)
2019-07-29 15:53:14,723|I|Thread-1|secondAssignment.20190729_155244.001|Scenario|Activity 1|# 12|web.type(locator,value) - PASS typed text at '//*[@id="lastName"]'
2019-07-29 15:53:15,328|I|Thread-1|secondAssignment.20190729_155244.001|Scenario|Activity 1|# 13|web.type(locator,value) - executing type(locator,value)(//*[@id="employeeId"], 1060)
2019-07-29 15:53:15,509|I|Thread-1|secondAssignment.20190729_155244.001|Scenario|Activity 1|# 13|web.type(locator,value) - PASS typed text at '//*[@id="employeeId"]'
2019-07-29 15:53:16,110|I|Thread-1|secondAssignment.20190729_155244.001|Scenario|Activity 1|# 14|web.click(locator) - executing click(locator)(//*[@id="chkLogin"])
2019-07-29 15:53:16,134|I|Thread-1|clicking '//*[@id="chkLogin"]'...
2019-07-29 15:53:16,146|I|Thread-1|click target via JS, @id=chkLogin
2019-07-29 15:53:16,168|I|Thread-1|clicked -> true
2019-07-29 15:53:16,169|I|Thread-1|secondAssignment.20190729_155244.001|Scenario|Activity 1|# 14|web.click(locator) - PASS click via JS event
2019-07-29 15:53:16,772|I|Thread-1|secondAssignment.20190729_155244.001|Scenario|Activity 1|# 15|web.type(locator,value) - executing type(locator,value)(//*[@id="user_name"], deepankar.pathak)
2019-07-29 15:53:16,962|I|Thread-1|secondAssignment.20190729_155244.001|Scenario|Activity 1|# 15|web.type(locator,value) - PASS typed text at '//*[@id="user_name"]'
2019-07-29 15:53:17,563|I|Thread-1|secondAssignment.20190729_155244.001|Scenario|Activity 1|# 16|web.type(locator,value) - executing type(locator,value)(//*[@id="user_password"], deepankar)
2019-07-29 15:53:17,773|I|Thread-1|secondAssignment.20190729_155244.001|Scenario|Activity 1|# 16|web.type(locator,value) - PASS typed text at '//*[@id="user_password"]'
2019-07-29 15:53:18,374|I|Thread-1|secondAssignment.20190729_155244.001|Scenario|Activity 1|# 17|web.type(locator,value) - executing type(locator,value)(//*[@id="re_password"], deepankar)
2019-07-29 15:53:18,543|I|Thread-1|secondAssignment.20190729_155244.001|Scenario|Activity 1|# 17|web.type(locator,value) - PASS typed text at '//*[@id="re_password"]'
2019-07-29 15:53:19,144|I|Thread-1|secondAssignment.20190729_155244.001|Scenario|Activity 1|# 18|web.click(locator) - executing click(locator)(//*[@id="btnSave"])
2019-07-29 15:53:19,165|I|Thread-1|clicking '//*[@id="btnSave"]'...
2019-07-29 15:53:19,177|I|Thread-1|click target via JS, @id=btnSave
2019-07-29 15:53:21,438|I|Thread-1|clicked -> true
2019-07-29 15:53:21,439|I|Thread-1|secondAssignment.20190729_155244.001|Scenario|Activity 1|# 18|web.click(locator) - PASS click via JS event
2019-07-29 15:53:22,041|I|Thread-1|secondAssignment.20190729_155244.001|Scenario|Activity 1|# 19|web.click(locator) - executing click(locator)(//*[@id="menu_admin_viewAdminModule"]/b)
2019-07-29 15:53:22,061|I|Thread-1|clicking '//*[@id="menu_admin_viewAdminModule"]/b'...
2019-07-29 15:53:22,074|I|Thread-1|click target via JS, @id=
2019-07-29 15:53:23,430|I|Thread-1|clicked -> true
2019-07-29 15:53:23,431|I|Thread-1|secondAssignment.20190729_155244.001|Scenario|Activity 1|# 19|web.click(locator) - PASS click via JS event
2019-07-29 15:53:24,034|I|Thread-1|secondAssignment.20190729_155244.001|Scenario|Activity 1|# 20|web.type(locator,value) - executing type(locator,value)(//*[@id="searchSystemUser_userName"], deepankar.pathak)
2019-07-29 15:53:24,207|I|Thread-1|secondAssignment.20190729_155244.001|Scenario|Activity 1|# 20|web.type(locator,value) - PASS typed text at '//*[@id="searchSystemUser_userName"]'
2019-07-29 15:53:24,809|I|Thread-1|secondAssignment.20190729_155244.001|Scenario|Activity 1|# 21|web.type(locator,value) - executing type(locator,value)(//*[@id="searchSystemUser_employeeName_empName"], Deepankar Pathak)
2019-07-29 15:53:25,028|I|Thread-1|secondAssignment.20190729_155244.001|Scenario|Activity 1|# 21|web.type(locator,value) - PASS typed text at '//*[@id="searchSystemUser_employeeName_empName"]'
2019-07-29 15:53:25,629|I|Thread-1|secondAssignment.20190729_155244.001|Scenario|Activity 1|# 22|web.click(locator) - executing click(locator)(//*[@id="searchBtn"])
2019-07-29 15:53:25,651|I|Thread-1|clicking '//*[@id="searchBtn"]'...
2019-07-29 15:53:25,663|I|Thread-1|click target via JS, @id=searchBtn
2019-07-29 15:53:26,123|I|Thread-1|clicked -> true
2019-07-29 15:53:26,124|I|Thread-1|secondAssignment.20190729_155244.001|Scenario|Activity 1|# 22|web.click(locator) - PASS click via JS event
2019-07-29 15:53:26,726|I|Thread-1|secondAssignment.20190729_155244.001|Scenario|Activity 1|# 23|web.click(locator) - executing click(locator)(//*[@id="menu_leave_viewLeaveModule"]/b)
2019-07-29 15:53:26,748|I|Thread-1|clicking '//*[@id="menu_leave_viewLeaveModule"]/b'...
2019-07-29 15:53:26,760|I|Thread-1|click target via JS, @id=
2019-07-29 15:53:28,716|I|Thread-1|clicked -> true
2019-07-29 15:53:28,717|I|Thread-1|secondAssignment.20190729_155244.001|Scenario|Activity 1|# 23|web.click(locator) - PASS click via JS event
2019-07-29 15:53:29,319|I|Thread-1|secondAssignment.20190729_155244.001|Scenario|Activity 1|# 24|web.click(locator) - executing click(locator)(//*[@id="menu_leave_assignLeave"])
2019-07-29 15:53:29,340|I|Thread-1|clicking '//*[@id="menu_leave_assignLeave"]'...
2019-07-29 15:53:29,350|I|Thread-1|click target via JS, @id=menu_leave_assignLeave
2019-07-29 15:53:30,101|I|Thread-1|clicked -> true
2019-07-29 15:53:30,101|I|Thread-1|secondAssignment.20190729_155244.001|Scenario|Activity 1|# 24|web.click(locator) - PASS click via JS event
2019-07-29 15:53:30,707|I|Thread-1|secondAssignment.20190729_155244.001|Scenario|Activity 1|# 25|web.type(locator,value) - executing type(locator,value)(//*[@id="assignleave_txtEmployee_empName"], Deepankar Pathak)
2019-07-29 15:53:30,995|I|Thread-1|secondAssignment.20190729_155244.001|Scenario|Activity 1|# 25|web.type(locator,value) - PASS typed text at '//*[@id="assignleave_txtEmployee_empName"]'
2019-07-29 15:53:31,596|I|Thread-1|secondAssignment.20190729_155244.001|Scenario|Activity 1|# 26|web.select(locator,text) - executing select(locator,text)(//*[@id="assignleave_txtLeaveType"], Vacation US)
2019-07-29 15:53:31,710|I|Thread-1|secondAssignment.20190729_155244.001|Scenario|Activity 1|# 26|web.select(locator,text) - PASS selected 'Vacation US' from '//*[@id="assignleave_txtLeaveType"]'
2019-07-29 15:53:32,312|I|Thread-1|secondAssignment.20190729_155244.001|Scenario|Activity 1|# 27|web.click(locator) - executing click(locator)(//*[@id="frmLeaveApply"]/fieldset/ol/li[4]/img)
2019-07-29 15:53:32,329|I|Thread-1|clicking '//*[@id="frmLeaveApply"]/fieldset/ol/li[4]/img'...
2019-07-29 15:53:32,340|I|Thread-1|click target via JS, @id=
2019-07-29 15:53:32,390|I|Thread-1|clicked -> true
2019-07-29 15:53:32,391|I|Thread-1|secondAssignment.20190729_155244.001|Scenario|Activity 1|# 27|web.click(locator) - PASS click via JS event
2019-07-29 15:53:32,991|I|Thread-1|secondAssignment.20190729_155244.001|Scenario|Activity 1|# 28|web.click(locator) - executing click(locator)(//*[@id="ui-datepicker-div"]/table/tbody/tr[5]/td[2]/a)
2019-07-29 15:53:33,011|I|Thread-1|clicking '//*[@id="ui-datepicker-div"]/table/tbody/tr[5]/td[2]/a'...
2019-07-29 15:53:33,023|I|Thread-1|click target via JS, @id=
2019-07-29 15:53:33,048|I|Thread-1|clicked -> true
2019-07-29 15:53:33,049|I|Thread-1|secondAssignment.20190729_155244.001|Scenario|Activity 1|# 28|web.click(locator) - PASS click via JS event
2019-07-29 15:53:33,651|I|Thread-1|secondAssignment.20190729_155244.001|Scenario|Activity 1|# 29|web.click(locator) - executing click(locator)(//*[@id="frmLeaveApply"]/fieldset/ol/li[5]/img)
2019-07-29 15:53:33,673|I|Thread-1|clicking '//*[@id="frmLeaveApply"]/fieldset/ol/li[5]/img'...
2019-07-29 15:53:33,684|I|Thread-1|click target via JS, @id=
2019-07-29 15:53:33,718|I|Thread-1|clicked -> true
2019-07-29 15:53:33,718|I|Thread-1|secondAssignment.20190729_155244.001|Scenario|Activity 1|# 29|web.click(locator) - PASS click via JS event
2019-07-29 15:53:34,320|I|Thread-1|secondAssignment.20190729_155244.001|Scenario|Activity 1|# 30|web.click(locator) - executing click(locator)(//*[@id="ui-datepicker-div"]/table/tbody/tr[5]/td[3]/a)
2019-07-29 15:53:34,343|I|Thread-1|clicking '//*[@id="ui-datepicker-div"]/table/tbody/tr[5]/td[3]/a'...
2019-07-29 15:53:34,354|I|Thread-1|click target via JS, @id=
2019-07-29 15:53:34,379|I|Thread-1|clicked -> true
2019-07-29 15:53:34,380|I|Thread-1|secondAssignment.20190729_155244.001|Scenario|Activity 1|# 30|web.click(locator) - PASS click via JS event
2019-07-29 15:53:34,981|I|Thread-1|secondAssignment.20190729_155244.001|Scenario|Activity 1|# 31|web.type(locator,value) - executing type(locator,value)(//*[@id="assignleave_txtComment"], Sick Leave)
2019-07-29 15:53:35,150|I|Thread-1|secondAssignment.20190729_155244.001|Scenario|Activity 1|# 31|web.type(locator,value) - PASS typed text at '//*[@id="assignleave_txtComment"]'
2019-07-29 15:53:35,753|I|Thread-1|secondAssignment.20190729_155244.001|Scenario|Activity 1|# 32|web.click(locator) - executing click(locator)(//*[@id="assignBtn"])
2019-07-29 15:53:35,782|I|Thread-1|clicking '//*[@id="assignBtn"]'...
2019-07-29 15:53:35,796|I|Thread-1|click target via JS, @id=assignBtn
2019-07-29 15:53:35,857|I|Thread-1|clicked -> true
2019-07-29 15:53:35,857|I|Thread-1|secondAssignment.20190729_155244.001|Scenario|Activity 1|# 32|web.click(locator) - PASS click via JS event
2019-07-29 15:53:36,460|I|Thread-1|secondAssignment.20190729_155244.001|Scenario|Activity 1|# 33|web.click(locator) - executing click(locator)(//*[@id="confirmOkButton"])
2019-07-29 15:53:36,480|I|Thread-1|clicking '//*[@id="confirmOkButton"]'...
2019-07-29 15:53:36,491|I|Thread-1|click target via JS, @id=confirmOkButton
2019-07-29 15:53:37,787|I|Thread-1|clicked -> true
2019-07-29 15:53:37,788|I|Thread-1|secondAssignment.20190729_155244.001|Scenario|Activity 1|# 33|web.click(locator) - PASS click via JS event
2019-07-29 15:53:38,391|I|Thread-1|secondAssignment.20190729_155244.001|Scenario|Activity 1|# 34|web.click(locator) - executing click(locator)(//*[@id="menu_admin_viewAdminModule"])
2019-07-29 15:53:38,412|I|Thread-1|clicking '//*[@id="menu_admin_viewAdminModule"]'...
2019-07-29 15:53:38,422|I|Thread-1|click target via JS, @id=menu_admin_viewAdminModule
2019-07-29 15:53:40,394|I|Thread-1|clicked -> true
2019-07-29 15:53:40,394|I|Thread-1|secondAssignment.20190729_155244.001|Scenario|Activity 1|# 34|web.click(locator) - PASS click via JS event
2019-07-29 15:53:40,996|I|Thread-1|secondAssignment.20190729_155244.001|Scenario|Activity 1|# 35|web.click(locator) - executing click(locator)(//*[@id="menu_admin_viewAdminModule"])
2019-07-29 15:53:41,014|I|Thread-1|clicking '//*[@id="menu_admin_viewAdminModule"]'...
2019-07-29 15:53:41,024|I|Thread-1|click target via JS, @id=menu_admin_viewAdminModule
2019-07-29 15:53:42,387|I|Thread-1|clicked -> true
2019-07-29 15:53:42,388|I|Thread-1|secondAssignment.20190729_155244.001|Scenario|Activity 1|# 35|web.click(locator) - PASS click via JS event
2019-07-29 15:53:42,991|I|Thread-1|secondAssignment.20190729_155244.001|Scenario|Activity 1|# 36|web.type(locator,value) - executing type(locator,value)(//*[@id="systemUser_employeeName_empName"], Deepankar Pathak)
2019-07-29 15:53:43,812|E|Thread-1|secondAssignment.20190729_155244.001|Scenario|Activity 1|# 36|web.type(locator,value) - EXECUTING COMMAND: web.type(locator,value)('//*[@id="systemUser_employeeName_empName"]', 'Deepankar Pathak')
Specified element not found: no such element: Unable to locate element: {"method":"xpath","selector":"//*[@id="systemUser_employeeName_empName"]"}   (Session info: chrome=75.0.3770.142)...
2019-07-29 15:53:44,030|I|Thread-1|secondAssignment.20190729_155244.001|Scenario|Activity 1|# 36|web.type(locator,value) - FAIL EXECUTING COMMAND: web.type(locator,value)('//*[@id="systemUser_employeeName_empName"]', 'Deepankar Pathak')
Specified element not found: no such element: Unable to locate element: {"method":"xpath","selector":"//*[@id="systemUser_employeeName_empName"]"}   (Session info: chrome=75.0.3770.142)...
2019-07-29 15:53:44,636|I|Thread-1|secondAssignment.20190729_155244.001|Scenario|Activity 1|# 37|web.type(locator,value) - executing type(locator,value)(//*[@id="systemUser_userName"], deepankar.pathak)
2019-07-29 15:53:45,502|E|Thread-1|secondAssignment.20190729_155244.001|Scenario|Activity 1|# 37|web.type(locator,value) - EXECUTING COMMAND: web.type(locator,value)('//*[@id="systemUser_userName"]', 'deepankar.pathak')
Specified element not found: no such element: Unable to locate element: {"method":"xpath","selector":"//*[@id="systemUser_userName"]"}   (Session info: chrome=75.0.3770.142)...
2019-07-29 15:53:45,533|I|Thread-1|secondAssignment.20190729_155244.001|Scenario|Activity 1|# 37|web.type(locator,value) - FAIL EXECUTING COMMAND: web.type(locator,value)('//*[@id="systemUser_userName"]', 'deepankar.pathak')
Specified element not found: no such element: Unable to locate element: {"method":"xpath","selector":"//*[@id="systemUser_userName"]"}   (Session info: chrome=75.0.3770.142)...
2019-07-29 15:53:46,139|I|Thread-1|secondAssignment.20190729_155244.001|Scenario|Activity 1|# 38|web.type(locator,value) - executing type(locator,value)(//*[@id="systemUser_password"], deepankar)
2019-07-29 15:53:46,965|E|Thread-1|secondAssignment.20190729_155244.001|Scenario|Activity 1|# 38|web.type(locator,value) - EXECUTING COMMAND: web.type(locator,value)('//*[@id="systemUser_password"]', 'deepankar')
Specified element not found: no such element: Unable to locate element: {"method":"xpath","selector":"//*[@id="systemUser_password"]"}   (Session info: chrome=75.0.3770.142)...
2019-07-29 15:53:46,999|I|Thread-1|secondAssignment.20190729_155244.001|Scenario|Activity 1|# 38|web.type(locator,value) - FAIL EXECUTING COMMAND: web.type(locator,value)('//*[@id="systemUser_password"]', 'deepankar')
Specified element not found: no such element: Unable to locate element: {"method":"xpath","selector":"//*[@id="systemUser_password"]"}   (Session info: chrome=75.0.3770.142)...
2019-07-29 15:53:47,604|I|Thread-1|secondAssignment.20190729_155244.001|Scenario|Activity 1|# 39|web.type(locator,value) - executing type(locator,value)(//*[@id="systemUser_confirmPassword"], deepankar)
2019-07-29 15:53:48,469|E|Thread-1|secondAssignment.20190729_155244.001|Scenario|Activity 1|# 39|web.type(locator,value) - EXECUTING COMMAND: web.type(locator,value)('//*[@id="systemUser_confirmPassword"]', 'deepankar')
Specified element not found: no such element: Unable to locate element: {"method":"xpath","selector":"//*[@id="systemUser_confirmPassword"]"}   (Session info: chrome=75.0.3770.142)...
2019-07-29 15:53:48,496|I|Thread-1|secondAssignment.20190729_155244.001|Scenario|Activity 1|# 39|web.type(locator,value) - FAIL EXECUTING COMMAND: web.type(locator,value)('//*[@id="systemUser_confirmPassword"]', 'deepankar')
Specified element not found: no such element: Unable to locate element: {"method":"xpath","selector":"//*[@id="systemUser_confirmPassword"]"}   (Session info: chrome=75.0.3770.142)...
2019-07-29 15:53:49,103|I|Thread-1|secondAssignment.20190729_155244.001|Scenario|Activity 1|# 40|web.click(locator) - executing click(locator)(//*[@id="btnSave"])
2019-07-29 15:53:49,916|I|Thread-1|secondAssignment.20190729_155244.001|Scenario|Activity 1|# 40|web.click(locator) - FAIL No element via locator '//*[@id="btnSave"]'
2019-07-29 15:53:50,527|I|Thread-1|secondAssignment.20190729_155244.001|Scenario|Activity 1|# 41|base.save(var,value) - executing save(var,value)()
2019-07-29 15:53:50,532|I|Thread-1|secondAssignment.20190729_155244.001|Scenario|Activity 1|# 41|base.save(var,value) - FAIL MISMATCHED parameters - base.save EXPECTS 2 but found 0
2019-07-29 15:53:51,201|I|Thread-1|[secondAssignment.20190729_155244.001|Scenario] saving test scenario
2019-07-29 15:53:51,383|I|Thread-1|secondAssignment.20190729_155244.001|Scenario2 - executing test scenario
2019-07-29 15:53:51,386|I|Thread-1|secondAssignment.20190729_155244.001|Scenario2|Activity 1 - executing activity
2019-07-29 15:53:51,988|I|Thread-1|secondAssignment.20190729_155244.001|Scenario2|Activity 1|#  5|web.open(url) - executing open(url)(https://www.google.com/)
2019-07-29 15:53:53,236|I|Thread-1|current browser window handle:CDwindow-E8CB4BE32FA69E09384AD47E068686EB
2019-07-29 15:53:53,261|I|Thread-1|secondAssignment.20190729_155244.001|Scenario2|Activity 1|#  5|web.open(url) - PASS opened URL https://www.google.com/
2019-07-29 15:53:53,865|I|Thread-1|secondAssignment.20190729_155244.001|Scenario2|Activity 1|#  6|web.type(locator,value) - executing type(locator,value)(//*[@id="tsf"]/div[2]/div/div[1]/div/div[1]/input, ATMECS)
2019-07-29 15:53:54,026|I|Thread-1|secondAssignment.20190729_155244.001|Scenario2|Activity 1|#  6|web.type(locator,value) - PASS typed text at '//*[@id="tsf"]/div[2]/div/div[1]/div/div[1]/input'
2019-07-29 15:53:54,630|I|Thread-1|secondAssignment.20190729_155244.001|Scenario2|Activity 1|#  7|web.click(locator) - executing click(locator)(//*[@id="tsf"]/div[2]/div/div[3]/center/input[1])
2019-07-29 15:53:54,651|I|Thread-1|clicking '//*[@id="tsf"]/div[2]/div/div[3]/center/input[1]'...
2019-07-29 15:53:54,660|I|Thread-1|click target via JS, @id=
2019-07-29 15:53:56,073|I|Thread-1|clicked -> true
2019-07-29 15:53:56,074|I|Thread-1|secondAssignment.20190729_155244.001|Scenario2|Activity 1|#  7|web.click(locator) - PASS click via JS event
2019-07-29 15:53:56,675|I|Thread-1|secondAssignment.20190729_155244.001|Scenario2|Activity 1|#  8|web.saveTextArray(var,loc - executing saveTextArray(var,locator)(${linkArray}, //*[@class = "iUh30")
2019-07-29 15:53:56,684|I|Thread-1|secondAssignment.20190729_155244.001|Scenario2|Activity 1|#  8|web.saveTextArray(var,loc - FAIL Invalid variable name: 
2019-07-29 15:53:57,290|I|Thread-1|secondAssignment.20190729_155244.001|Scenario2|Activity 1|#  9|base.verbose(text) - executing verbose(text)(${linkArray})
2019-07-29 15:53:57,293|I|Thread-1|secondAssignment.20190729_155244.001|Scenario2|Activity 1|#  9|base.verbose(text) - 
2019-07-29 15:53:57,300|I|Thread-1|secondAssignment.20190729_155244.001|Scenario2|Activity 1|#  9|base.verbose(text) - PASS 
2019-07-29 15:53:57,517|I|Thread-1|[secondAssignment.20190729_155244.001|Scenario2] saving test scenario
2019-07-29 15:53:57,650|I|Thread-1|[20190729_155243] 
/-TEST COMPLETE-----------------------------------------------------------------
| Test Output:    C:\projects\secondAssignment\output\20190729_155243\secondAssignment.20190729_155244.001.xlsx
| Iteration:      1
\-------------------------------------------------------------------------------
» Execution Time: 69601 ms
» Test Steps:     42
» Error(s):       7



2019-07-29 15:53:58,487|I|Thread-1|[20190729_155243] 
/-TEST COMPLETE-----------------------------------------------------------------
| Test Script:    C:\projects\secondAssignment\artifact\script\secondAssignment.xlsx
\-------------------------------------------------------------------------------
» Execution Time: 75190 ms
» Iterations:     [1] total 1
» Test Steps:     42
» Passed:         35
» Error(s):       7
» Iteration 1 of 1: C:\projects\secondAssignment\output\20190729_155243\secondAssignment.20190729_155244.001.xlsx



2019-07-29 15:53:59,284|I|main|[20190729_155243] [C:\projects\secondAssignment\artifact\script\secondAssignment.xlsx] now completed
2019-07-29 15:53:59,285|I|main|[20190729_155243] all execution thread(s) have terminated
2019-07-29 15:53:59,286|I|main|[20190729_155243] test run completed in about 76 seconds
2019-07-29 15:53:59,382|I|main|No predefined nexial-setup found
2019-07-29 15:53:59,444|I|main|outputBase not set; output-to-cloud DISABLED!
2019-07-29 15:53:59,445|I|main|accessKey not set; output-to-cloud DISABLED!
2019-07-29 15:53:59,446|I|main|secretKey not set; output-to-cloud DISABLED!
2019-07-29 15:53:59,447|I|main|generating HTML output for this execution to C:\projects\secondAssignment\output\20190729_155243\execution-output.html
2019-07-29 15:54:00,521|I|main|generating JUnit XML output for this execution to C:\projects\secondAssignment\output\20190729_155243\junit.xml
2019-07-29 15:54:00,578|I|main|generated JUnit report for this execution: C:\projects\secondAssignment\output\20190729_155243\junit.xml
2019-07-29 15:54:00,580|I|main|nexial mailer not enabled: nexial.enableEmail=false
2019-07-29 15:54:00,580|I|main|skipped email notification as configured
2019-07-29 15:54:00,583|I|main|exiting Nexial...
2019-07-29 15:54:00,583|I|main|shutdown starts...
2019-07-29 15:54:00,587|I|main|Shutting down 'chrome' webdriver...
2019-07-29 15:54:22,155|I|main|shutdown ends...
2019-07-29 15:54:22,157|I|main|

/-END OF EXECUTION--------------------------------------------------------------
| » Execution Time: 76 sec.
| » Test Steps....: 42
| » Passed........: 35
| » Failed........: 7
| » Success Rate..: 83.33%
\----------------------------------------------------------nexial-core 2.4_0567-

2019-07-29 15:54:22,158|E|main|failure found; success rate is 83.33%
2019-07-29 15:54:22,159|I|main|End of Execution:
NEXIAL_OUTPUT:         C:\projects\secondAssignment\output\20190729_155243
NEXIAL_EXECUTION_HTML: C:\projects\secondAssignment\output\20190729_155243\execution-output.html
NEXIAL_JUNIT_XML:      C:\projects\secondAssignment\output\20190729_155243\junit.xml
NEXIAL_SUCCESS_RATE:   83.33%
NEXIAL_EXIT_STATUS:    -13
