2019-07-19 18:01:45,771|I|Thread-1|(DELAYED) nexial-core 2.4_0567 starting up...
2019-07-19 18:01:45,771|I|Thread-1|(DELAYED) data file resolved as C:\Users\DEEPAN~1.PAT\AppData\Local\Temp\HRkoj\firstEvaluation.data.xlsx
2019-07-19 18:01:45,771|I|Thread-1|(DELAYED) input files and output directory resolved...
2019-07-19 18:01:45,771|I|Thread-1|(DELAYED) No predefined nexial-setup found
2019-07-19 18:01:45,771|I|Thread-1|(DELAYED) [20190719_180145] [C:\projects\firstEvaluation\artifact\script\firstEvaluation.xlsx] resolve RUN ID as 20190719_180145
2019-07-19 18:01:45,771|I|Thread-1|(DELAYED) [20190719_180145] [C:\projects\firstEvaluation\artifact\script\firstEvaluation.xlsx] new thread started
2019-07-19 18:01:45,771|I|Thread-1|No predefined nexial-setup found
2019-07-19 18:01:45,834|I|Thread-1|outputBase not set; output-to-cloud DISABLED!
2019-07-19 18:01:45,834|I|Thread-1|accessKey not set; output-to-cloud DISABLED!
2019-07-19 18:01:45,834|I|Thread-1|secretKey not set; output-to-cloud DISABLED!
2019-07-19 18:01:45,865|I|Thread-1|missing REQUIRED configuration; sms DISABLED!
2019-07-19 18:01:46,615|I|Thread-1|[20190719_180145] executing C:\projects\firstEvaluation\artifact\script\firstEvaluation.xlsx with 1 iteration(s)
2019-07-19 18:01:46,615|I|Thread-1|[20190719_180145] create directory C:\projects\firstEvaluation\output\20190719_180145\captures
2019-07-19 18:01:46,615|I|Thread-1|[20190719_180145] create directory C:\projects\firstEvaluation\output\20190719_180145\logs
2019-07-19 18:01:47,224|I|Thread-1|[20190719_180145] merging test data to tmp file C:\projects\firstEvaluation\output\20190719_180145\firstEvaluation.20190719_180146.001.xlsx
2019-07-19 18:01:47,224|I|Thread-1|refetching data from C:\projects\firstEvaluation\artifact\data\firstEvaluation.data.xlsx
2019-07-19 18:01:47,506|I|Thread-1|[20190719_180145] test script and test data merged to C:\projects\firstEvaluation\output\20190719_180145\firstEvaluation.20190719_180146.001.xlsx
2019-07-19 18:01:48,193|I|Thread-1|STARTS
2019-07-19 18:01:48,224|I|Thread-1|firstEvaluation.20190719_180146.001 - executing iteration #1 of 1; Iteration Id 1
2019-07-19 18:01:48,224|I|Thread-1|firstEvaluation.20190719_180146.001|JsonScenario - executing test scenario
2019-07-19 18:01:48,224|I|Thread-1|firstEvaluation.20190719_180146.001|JsonScenario|Activity 1 - executing activity
2019-07-19 18:01:48,838|I|Thread-1|firstEvaluation.20190719_180146.001|JsonScenario|Activity 1|#  5|json.storeValues(json,jso - executing storeValues(json,jsonpath,var)($(syspath|data|fullpath)/example_2.json, products[supplier=Wisozk Inc].product_name, productNames)
2019-07-19 18:01:48,900|I|Thread-1|firstEvaluation.20190719_180146.001|JsonScenario|Activity 1|#  5|json.storeValues(json,jso - PASS EXPECTED match against 'products[supplier=Wisozk Inc].product_name' stored to ${productNames}
2019-07-19 18:01:49,510|I|Thread-1|firstEvaluation.20190719_180146.001|JsonScenario|Activity 1|#  6|base.verbose(text) - executing verbose(text)(${productNames})
2019-07-19 18:01:49,510|I|Thread-1|firstEvaluation.20190719_180146.001|JsonScenario|Activity 1|#  6|base.verbose(text) - ["sildenafil citrate","Mountain Juniperus ashei"]
2019-07-19 18:01:49,713|I|Thread-1|firstEvaluation.20190719_180146.001|JsonScenario|Activity 1|#  6|base.verbose(text) - PASS 
2019-07-19 18:01:49,728|I|Thread-1|firstEvaluation.20190719_180146.001|JsonScenario|Activity 2 - executing activity
2019-07-19 18:01:50,334|I|Thread-1|firstEvaluation.20190719_180146.001|JsonScenario|Activity 2|#  7|json.storeValues(json,jso - executing storeValues(json,jsonpath,var)($(syspath|data|fullpath)/example_2.json, products[supplier=Wisozk Inc].multiply(quantity, unit_cost), mulResult)
2019-07-19 18:01:50,350|I|Thread-1|firstEvaluation.20190719_180146.001|JsonScenario|Activity 2|#  7|json.storeValues(json,jso - FAIL EXPECTED match against 'products[supplier=Wisozk Inc].multiply(quantity, unit_cost)' was not found
2019-07-19 18:01:50,974|I|Thread-1|firstEvaluation.20190719_180146.001|JsonScenario|Activity 2|#  8|base.verbose(text) - executing verbose(text)(${mulResult})
2019-07-19 18:01:50,974|I|Thread-1|firstEvaluation.20190719_180146.001|JsonScenario|Activity 2|#  8|base.verbose(text) - 
2019-07-19 18:01:50,974|I|Thread-1|firstEvaluation.20190719_180146.001|JsonScenario|Activity 2|#  8|base.verbose(text) - PASS 
2019-07-19 18:01:51,271|I|Thread-1|[firstEvaluation.20190719_180146.001|JsonScenario] saving test scenario
2019-07-19 18:01:51,412|I|Thread-1|[20190719_180145] 
/-TEST COMPLETE-----------------------------------------------------------------
| Test Output:    C:\projects\firstEvaluation\output\20190719_180145\firstEvaluation.20190719_180146.001.xlsx
| Iteration:      1
\-------------------------------------------------------------------------------
» Execution Time: 3188 ms
» Test Steps:     4
» Error(s):       1



2019-07-19 18:01:54,517|I|Thread-1|[20190719_180145] 
/-TEST COMPLETE-----------------------------------------------------------------
| Test Script:    C:\projects\firstEvaluation\artifact\script\firstEvaluation.xlsx
\-------------------------------------------------------------------------------
» Execution Time: 8929 ms
» Iterations:     [1] total 1
» Test Steps:     4
» Passed:         3
» Error(s):       1
» Iteration 1 of 1: C:\projects\firstEvaluation\output\20190719_180145\firstEvaluation.20190719_180146.001.xlsx



2019-07-19 18:01:54,610|I|main|[20190719_180145] [C:\projects\firstEvaluation\artifact\script\firstEvaluation.xlsx] now completed
2019-07-19 18:01:54,612|I|main|[20190719_180145] all execution thread(s) have terminated
2019-07-19 18:01:54,614|I|main|[20190719_180145] test run completed in about 9 seconds
2019-07-19 18:01:54,706|I|main|No predefined nexial-setup found
2019-07-19 18:01:54,739|I|main|outputBase not set; output-to-cloud DISABLED!
2019-07-19 18:01:54,740|I|main|accessKey not set; output-to-cloud DISABLED!
2019-07-19 18:01:54,741|I|main|secretKey not set; output-to-cloud DISABLED!
2019-07-19 18:01:54,741|I|main|generating HTML output for this execution to C:\projects\firstEvaluation\output\20190719_180145\execution-output.html
2019-07-19 18:01:55,426|I|main|generating JUnit XML output for this execution to C:\projects\firstEvaluation\output\20190719_180145\junit.xml
2019-07-19 18:01:55,467|I|main|generated JUnit report for this execution: C:\projects\firstEvaluation\output\20190719_180145\junit.xml
2019-07-19 18:01:55,471|I|main|nexial mailer not enabled: nexial.enableEmail=false
2019-07-19 18:01:55,472|I|main|skipped email notification as configured
2019-07-19 18:01:55,473|I|main|exiting Nexial...
2019-07-19 18:01:55,475|I|main|

/-END OF EXECUTION--------------------------------------------------------------
| » Execution Time: 9 sec.
| » Test Steps....: 4
| » Passed........: 3
| » Failed........: 1
| » Success Rate..: 75.00%
\----------------------------------------------------------nexial-core 2.4_0567-

2019-07-19 18:01:55,480|E|main|failure found; success rate is 75.00%
2019-07-19 18:01:55,481|I|main|End of Execution:
NEXIAL_OUTPUT:         C:\projects\firstEvaluation\output\20190719_180145
NEXIAL_EXECUTION_HTML: C:\projects\firstEvaluation\output\20190719_180145\execution-output.html
NEXIAL_JUNIT_XML:      C:\projects\firstEvaluation\output\20190719_180145\junit.xml
NEXIAL_SUCCESS_RATE:   75.00%
NEXIAL_EXIT_STATUS:    -13
