2019-07-22 16:28:43,346|I|Thread-1|(DELAYED) nexial-core dev_0581 starting up...
2019-07-22 16:28:43,348|I|Thread-1|(DELAYED) data file resolved as C:\Users\DEEPAN~1\AppData\Local\Temp\kbyPS\firstEvaluation.data.xlsx
2019-07-22 16:28:43,348|I|Thread-1|(DELAYED) input files and output directory resolved...
2019-07-22 16:28:43,348|I|Thread-1|(DELAYED) No predefined nexial-setup found
2019-07-22 16:28:43,348|I|Thread-1|(DELAYED) [20190722_162843] [C:\projects\firstEvaluation\artifact\script\firstEvaluation.xlsx] resolve RUN ID as 20190722_162843
2019-07-22 16:28:43,348|I|Thread-1|(DELAYED) [20190722_162843] [C:\projects\firstEvaluation\artifact\script\firstEvaluation.xlsx] new thread started
2019-07-22 16:28:43,349|I|Thread-1|No predefined nexial-setup found
2019-07-22 16:28:43,415|I|Thread-1|outputBase not set; output-to-cloud DISABLED!
2019-07-22 16:28:43,415|I|Thread-1|accessKey not set; output-to-cloud DISABLED!
2019-07-22 16:28:43,416|I|Thread-1|secretKey not set; output-to-cloud DISABLED!
2019-07-22 16:28:43,430|I|Thread-1|missing REQUIRED configuration; sms DISABLED!
2019-07-22 16:28:44,097|I|Thread-1|[20190722_162843] executing C:\projects\firstEvaluation\artifact\script\firstEvaluation.xlsx with 1 iteration(s)
2019-07-22 16:28:44,100|I|Thread-1|[20190722_162843] create directory C:\projects\firstEvaluation\output\20190722_162843\captures
2019-07-22 16:28:44,101|I|Thread-1|[20190722_162843] create directory C:\projects\firstEvaluation\output\20190722_162843\logs
2019-07-22 16:28:44,455|I|Thread-1|[20190722_162843] merging test data to tmp file C:\projects\firstEvaluation\output\20190722_162843\firstEvaluation.20190722_162844.001.xlsx
2019-07-22 16:28:44,455|I|Thread-1|refetching data from C:\projects\firstEvaluation\artifact\data\firstEvaluation.data.xlsx
2019-07-22 16:28:44,608|I|Thread-1|[20190722_162843] test script and test data merged to C:\projects\firstEvaluation\output\20190722_162843\firstEvaluation.20190722_162844.001.xlsx
2019-07-22 16:28:45,153|I|Thread-1|STARTS
2019-07-22 16:28:45,181|I|Thread-1|firstEvaluation.20190722_162844.001 - executing iteration #1 of 1; Iteration Id 1
2019-07-22 16:28:45,191|I|Thread-1|firstEvaluation.20190722_162844.001|JsonScenario - executing test scenario
2019-07-22 16:28:45,192|I|Thread-1|firstEvaluation.20190722_162844.001|JsonScenario|Activity 1 - executing activity
2019-07-22 16:28:45,793|I|Thread-1|firstEvaluation.20190722_162844.001|JsonScenario|Activity 1|#  5|json.storeValues(json,jso - executing storeValues(json,jsonpath,var)($(syspath|data|fullpath)/example_2.json, products[supplier=Wisozk Inc].product_name, productNames)
2019-07-22 16:28:45,868|I|Thread-1|firstEvaluation.20190722_162844.001|JsonScenario|Activity 1|#  5|json.storeValues(json,jso - PASS EXPECTED match against 'products[supplier=Wisozk Inc].product_name' stored to ${productNames}
2019-07-22 16:28:46,469|I|Thread-1|firstEvaluation.20190722_162844.001|JsonScenario|Activity 1|#  6|base.verbose(text) - executing verbose(text)(${productNames})
2019-07-22 16:28:46,470|I|Thread-1|firstEvaluation.20190722_162844.001|JsonScenario|Activity 1|#  6|base.verbose(text) - ["sildenafil citrate","Mountain Juniperus ashei"]
2019-07-22 16:28:46,608|I|Thread-1|firstEvaluation.20190722_162844.001|JsonScenario|Activity 1|#  6|base.verbose(text) - PASS 
2019-07-22 16:28:46,610|I|Thread-1|firstEvaluation.20190722_162844.001|JsonScenario|Activity 2 - executing activity
2019-07-22 16:28:47,211|I|Thread-1|firstEvaluation.20190722_162844.001|JsonScenario|Activity 2|#  7|json.storeValues(json,jso - executing storeValues(json,jsonpath,var)($(syspath|data|fullpath)/example_2.json, products[supplier=Wisozk Inc].quantity, quantityList)
2019-07-22 16:28:47,214|I|Thread-1|firstEvaluation.20190722_162844.001|JsonScenario|Activity 2|#  7|json.storeValues(json,jso - PASS EXPECTED match against 'products[supplier=Wisozk Inc].quantity' stored to ${quantityList}
2019-07-22 16:28:47,815|I|Thread-1|firstEvaluation.20190722_162844.001|JsonScenario|Activity 2|#  8|json.storeValues(json,jso - executing storeValues(json,jsonpath,var)($(syspath|data|fullpath)/example_2.json, products[supplier=Wisozk Inc].unit_cost, costList)
2019-07-22 16:28:47,818|I|Thread-1|firstEvaluation.20190722_162844.001|JsonScenario|Activity 2|#  8|json.storeValues(json,jso - PASS EXPECTED match against 'products[supplier=Wisozk Inc].unit_cost' stored to ${costList}
2019-07-22 16:28:48,419|I|Thread-1|firstEvaluation.20190722_162844.001|JsonScenario|Activity 2|#  9|base.save(var,value) - executing save(var,value)(unit_costList, [LIST${costList} => replaceRegex([$],)])
2019-07-22 16:28:48,422|I|Thread-1|firstEvaluation.20190722_162844.001|JsonScenario|Activity 2|#  9|base.save(var,value) - PASS stored '[LIST["$10.47","$8.74"] => replaceRegex([$],)]' as ${unit_costList}
2019-07-22 16:28:49,023|I|Thread-1|firstEvaluation.20190722_162844.001|JsonScenario|Activity 2|# 10|base.verbose(text) - executing verbose(text)(${unit_costList})
2019-07-22 16:28:49,023|I|Thread-1|firstEvaluation.20190722_162844.001|JsonScenario|Activity 2|# 10|base.verbose(text) - [LIST["$10.47","$8.74"] => replaceRegex([$],)]
2019-07-22 16:28:49,025|I|Thread-1|firstEvaluation.20190722_162844.001|JsonScenario|Activity 2|# 10|base.verbose(text) - PASS 
2019-07-22 16:28:49,626|I|Thread-1|firstEvaluation.20190722_162844.001|JsonScenario|Activity 2|# 11|base.save(var,value) - executing save(var,value)(sumTotal, 0)
2019-07-22 16:28:49,627|I|Thread-1|firstEvaluation.20190722_162844.001|JsonScenario|Activity 2|# 11|base.save(var,value) - PASS stored '0' as ${sumTotal}
2019-07-22 16:28:50,229|I|Thread-1|firstEvaluation.20190722_162844.001|JsonScenario|Activity 2|# 12|base.save(var,value) - executing save(var,value)(counter, 0)
2019-07-22 16:28:50,230|I|Thread-1|firstEvaluation.20190722_162844.001|JsonScenario|Activity 2|# 12|base.save(var,value) - PASS stored '0' as ${counter}
2019-07-22 16:28:50,831|I|Thread-1|firstEvaluation.20190722_162844.001|JsonScenario|Activity 2|# 13|base.save(var,value) - executing save(var,value)(length, $(array|length|${quantityList}))
2019-07-22 16:28:50,835|I|Thread-1|firstEvaluation.20190722_162844.001|JsonScenario|Activity 2|# 13|base.save(var,value) - PASS stored '2' as ${length}
2019-07-22 16:28:51,436|I|Thread-1|firstEvaluation.20190722_162844.001|JsonScenario|Activity 2|# 14|base.save(var,value) - executing save(var,value)(mulValue, 0)
2019-07-22 16:28:51,437|I|Thread-1|firstEvaluation.20190722_162844.001|JsonScenario|Activity 2|# 14|base.save(var,value) - PASS stored '0' as ${mulValue}
2019-07-22 16:28:52,039|I|Thread-1|firstEvaluation.20190722_162844.001|JsonScenario|Activity 2|# 15|base.verbose(text) - executing verbose(text)(${unit_costList})
2019-07-22 16:28:52,040|I|Thread-1|firstEvaluation.20190722_162844.001|JsonScenario|Activity 2|# 15|base.verbose(text) - [LIST["$10.47","$8.74"] => replaceRegex([$],)]
2019-07-22 16:28:52,041|I|Thread-1|firstEvaluation.20190722_162844.001|JsonScenario|Activity 2|# 15|base.verbose(text) - PASS 
2019-07-22 16:28:52,642|I|Thread-1|firstEvaluation.20190722_162844.001|JsonScenario|Activity 2|# 16|base.repeatUntil(steps,ma - executing repeatUntil(steps,maxWaitMs)(6, -1)
2019-07-22 16:28:52,643|I|Thread-1|firstEvaluation.20190722_162844.001|JsonScenario|Activity 2|# 17|base.assertEqual(expected - 
<[repeat-until] entering loop #1 --------------------------------------------->
2019-07-22 16:28:52,644|I|Thread-1|firstEvaluation.20190722_162844.001|JsonScenario|Activity 2|# 17|base.assertEqual(expected - executing assertEqual(expected,actual)(${length}, ${counter})
2019-07-22 16:28:52,645|I|Thread-1|firstEvaluation.20190722_162844.001|JsonScenario|Activity 2|# 18|base.save(var,value) - executing save(var,value)(unit_cost, $(array|item|${unit_costList}|${counter}))
2019-07-22 16:28:52,646|I|Thread-1|firstEvaluation.20190722_162844.001|JsonScenario|Activity 2|# 18|base.save(var,value) - [repeat-until] PASS stored '"$10.47"' as ${unit_cost}
2019-07-22 16:28:52,647|I|Thread-1|firstEvaluation.20190722_162844.001|JsonScenario|Activity 2|# 19|base.save(var,value) - executing save(var,value)(quantity, $(array|item|${quantityList}|${counter}))
2019-07-22 16:28:52,648|I|Thread-1|firstEvaluation.20190722_162844.001|JsonScenario|Activity 2|# 19|base.save(var,value) - [repeat-until] PASS stored '261' as ${quantity}
2019-07-22 16:28:52,649|I|Thread-1|firstEvaluation.20190722_162844.001|JsonScenario|Activity 2|# 20|base.save(var,value) - executing save(var,value)(mulValue, [NUMBER(${unit_cost}) => multiply(${quantity})])
2019-07-22 16:28:52,659|I|Thread-1|firstEvaluation.20190722_162844.001|JsonScenario|Activity 2|# 20|base.save(var,value) - [repeat-until] PASS stored '2732.67' as ${mulValue}
2019-07-22 16:28:52,660|I|Thread-1|firstEvaluation.20190722_162844.001|JsonScenario|Activity 2|# 21|base.save(var,value) - executing save(var,value)(sumTotal, [NUMBER(${sumTotal}) => add(${mulValue})])
2019-07-22 16:28:52,666|I|Thread-1|firstEvaluation.20190722_162844.001|JsonScenario|Activity 2|# 21|base.save(var,value) - [repeat-until] PASS stored '2732.67' as ${sumTotal}
2019-07-22 16:28:52,668|I|Thread-1|firstEvaluation.20190722_162844.001|JsonScenario|Activity 2|# 22|number.increment(var,amou - executing increment(var,amount)(counter, 1)
2019-07-22 16:28:52,670|I|Thread-1|firstEvaluation.20190722_162844.001|JsonScenario|Activity 2|# 22|number.increment(var,amou - [repeat-until] PASS incremented ${counter} by 1 to 1
2019-07-22 16:28:52,671|I|Thread-1|firstEvaluation.20190722_162844.001|JsonScenario|Activity 2|# 17|base.assertEqual(expected - 
<[repeat-until] entering loop #2 --------------------------------------------->
2019-07-22 16:28:52,671|I|Thread-1|firstEvaluation.20190722_162844.001|JsonScenario|Activity 2|# 17|base.assertEqual(expected - executing assertEqual(expected,actual)(${length}, ${counter})
2019-07-22 16:28:52,672|I|Thread-1|firstEvaluation.20190722_162844.001|JsonScenario|Activity 2|# 18|base.save(var,value) - executing save(var,value)(unit_cost, $(array|item|${unit_costList}|${counter}))
2019-07-22 16:28:52,673|I|Thread-1|firstEvaluation.20190722_162844.001|JsonScenario|Activity 2|# 18|base.save(var,value) - [repeat-until] PASS stored '"$8.74"' as ${unit_cost}
2019-07-22 16:28:52,674|I|Thread-1|firstEvaluation.20190722_162844.001|JsonScenario|Activity 2|# 19|base.save(var,value) - executing save(var,value)(quantity, $(array|item|${quantityList}|${counter}))
2019-07-22 16:28:52,674|I|Thread-1|firstEvaluation.20190722_162844.001|JsonScenario|Activity 2|# 19|base.save(var,value) - [repeat-until] PASS stored '292' as ${quantity}
2019-07-22 16:28:52,675|I|Thread-1|firstEvaluation.20190722_162844.001|JsonScenario|Activity 2|# 20|base.save(var,value) - executing save(var,value)(mulValue, [NUMBER(${unit_cost}) => multiply(${quantity})])
2019-07-22 16:28:52,676|I|Thread-1|firstEvaluation.20190722_162844.001|JsonScenario|Activity 2|# 20|base.save(var,value) - [repeat-until] PASS stored '2552.08' as ${mulValue}
2019-07-22 16:28:52,688|I|Thread-1|firstEvaluation.20190722_162844.001|JsonScenario|Activity 2|# 21|base.save(var,value) - executing save(var,value)(sumTotal, [NUMBER(${sumTotal}) => add(${mulValue})])
2019-07-22 16:28:52,689|I|Thread-1|firstEvaluation.20190722_162844.001|JsonScenario|Activity 2|# 21|base.save(var,value) - [repeat-until] PASS stored '5284.75' as ${sumTotal}
2019-07-22 16:28:52,690|I|Thread-1|firstEvaluation.20190722_162844.001|JsonScenario|Activity 2|# 22|number.increment(var,amou - executing increment(var,amount)(counter, 1)
2019-07-22 16:28:52,690|I|Thread-1|firstEvaluation.20190722_162844.001|JsonScenario|Activity 2|# 22|number.increment(var,amou - [repeat-until] PASS incremented ${counter} by 1 to 2
2019-07-22 16:28:52,691|I|Thread-1|firstEvaluation.20190722_162844.001|JsonScenario|Activity 2|# 17|base.assertEqual(expected - 
<[repeat-until] entering loop #3 --------------------------------------------->
2019-07-22 16:28:52,692|I|Thread-1|firstEvaluation.20190722_162844.001|JsonScenario|Activity 2|# 17|base.assertEqual(expected - executing assertEqual(expected,actual)(${length}, ${counter})
2019-07-22 16:28:52,693|I|Thread-1|firstEvaluation.20190722_162844.001|JsonScenario|Activity 2|# 16|base.repeatUntil(steps,ma - PASS repeat-until execution completed
2019-07-22 16:28:53,295|I|Thread-1|firstEvaluation.20190722_162844.001|JsonScenario|Activity 2|# 23|base.verbose(text) - executing verbose(text)(${sumTotal})
2019-07-22 16:28:53,296|I|Thread-1|firstEvaluation.20190722_162844.001|JsonScenario|Activity 2|# 23|base.verbose(text) - 5284.75
2019-07-22 16:28:53,298|I|Thread-1|firstEvaluation.20190722_162844.001|JsonScenario|Activity 2|# 23|base.verbose(text) - PASS 
2019-07-22 16:28:53,299|I|Thread-1|firstEvaluation.20190722_162844.001|JsonScenario|Activity 3 - executing activity
2019-07-22 16:28:53,901|I|Thread-1|firstEvaluation.20190722_162844.001|JsonScenario|Activity 3|# 24|base.save(var,value) - executing save(var,value)(jsonFile, $(syspath|data|fullpath)/example_2.json)
2019-07-22 16:28:53,904|I|Thread-1|firstEvaluation.20190722_162844.001|JsonScenario|Activity 3|# 24|base.save(var,value) - PASS stored 'C:\projects\firstEvaluation\artifact\data\example_2.json' as ${jsonFile}
2019-07-22 16:28:54,505|I|Thread-1|firstEvaluation.20190722_162844.001|JsonScenario|Activity 3|# 25|base.save(var,value) - executing save(var,value)(var, [JSON(${jsonFile} => extract(products[unit_cost => ascending])])
2019-07-22 16:28:54,506|I|Thread-1|firstEvaluation.20190722_162844.001|JsonScenario|Activity 3|# 25|base.save(var,value) - PASS stored '[JSON(C:\projects\firstEvaluation\artifact\data\example_2.json => extract(products[unit_cost => ascending])]' as ${var}
2019-07-22 16:28:55,108|I|Thread-1|firstEvaluation.20190722_162844.001|JsonScenario|Activity 3|# 26|json.storeValues(json,jso - executing storeValues(json,jsonpath,var)(var, products.product_name, result)
2019-07-22 16:28:55,111|E|Thread-1|Error converting string to JSON object: A JSONObject text must begin with '{' at 1 [character 2 line 1]
org.json.JSONException: A JSONObject text must begin with '{' at 1 [character 2 line 1]
	at org.json.JSONTokener.syntaxError(JSONTokener.java:505)
	at org.json.JSONObject.<init>(JSONObject.java:214)
	at org.json.JSONObject.<init>(JSONObject.java:357)
	at org.nexial.core.utils.JsonUtils.toJSONObject(JsonUtils.java:75)
	at org.nexial.core.plugins.json.JsonCommand.resolveToJSONObject(JsonCommand.java:323)
	at org.nexial.core.plugins.json.JsonCommand.toJSONObject(JsonCommand.java:441)
	at org.nexial.core.plugins.json.JsonCommand.sanityCheck(JsonCommand.java:445)
	at org.nexial.core.plugins.json.JsonCommand.find(JsonCommand.java:449)
	at org.nexial.core.plugins.json.JsonCommand.extractJsonValue(JsonCommand.java:384)
	at org.nexial.core.plugins.json.JsonCommand.storeValues(JsonCommand.java:123)
	at sun.reflect.NativeMethodAccessorImpl.invoke0(Native Method)
	at sun.reflect.NativeMethodAccessorImpl.invoke(Unknown Source)
	at sun.reflect.DelegatingMethodAccessorImpl.invoke(Unknown Source)
	at java.lang.reflect.Method.invoke(Unknown Source)
	at org.nexial.core.plugins.base.BaseCommand.execute(BaseCommand.java:156)
	at org.nexial.core.model.TestStep.invokeCommand(TestStep.java:327)
	at org.nexial.core.model.TestStep.execute(TestStep.java:169)
	at org.nexial.core.model.TestCase.execute(TestCase.java:94)
	at org.nexial.core.model.TestScenario.execute(TestScenario.java:130)
	at org.nexial.core.model.ExecutionContext.execute(ExecutionContext.java:1184)
	at org.nexial.core.ExecutionThread.run(ExecutionThread.java:174)
2019-07-22 16:28:55,113|E|Thread-1|JSON string in error is as follows:
var
2019-07-22 16:28:55,115|E|Thread-1|firstEvaluation.20190722_162844.001|JsonScenario|Activity 3|# 26|json.storeValues(json,jso - FAIL EXPECTED match against 'products.product_name' was not found
2019-07-22 16:28:55,717|I|Thread-1|firstEvaluation.20190722_162844.001|JsonScenario|Activity 3|# 27|base.verbose(text) - executing verbose(text)(result)
2019-07-22 16:28:55,717|I|Thread-1|firstEvaluation.20190722_162844.001|JsonScenario|Activity 3|# 27|base.verbose(text) - result
2019-07-22 16:28:55,718|I|Thread-1|firstEvaluation.20190722_162844.001|JsonScenario|Activity 3|# 27|base.verbose(text) - PASS 
2019-07-22 16:28:55,719|I|Thread-1|firstEvaluation.20190722_162844.001|JsonScenario|Activity 4 - executing activity
2019-07-22 16:28:56,321|I|Thread-1|firstEvaluation.20190722_162844.001|JsonScenario|Activity 4|# 28|json.storeValues(json,jso - executing storeValues(json,jsonpath,var)($(syspath|data|fullpath)/example_2.json, products[product_name=Dextromathorphan HBr].supplier, supplierList)
2019-07-22 16:28:56,324|I|Thread-1|firstEvaluation.20190722_162844.001|JsonScenario|Activity 4|# 28|json.storeValues(json,jso - PASS EXPECTED match against 'products[product_name=Dextromathorphan HBr].supplier' stored to ${supplierList}
2019-07-22 16:28:56,926|I|Thread-1|firstEvaluation.20190722_162844.001|JsonScenario|Activity 4|# 29|base.verbose(text) - executing verbose(text)(${supplierList})
2019-07-22 16:28:56,926|I|Thread-1|firstEvaluation.20190722_162844.001|JsonScenario|Activity 4|# 29|base.verbose(text) - ["Schmitt-Weissnat","SC-Pharmacy"]
2019-07-22 16:28:56,928|I|Thread-1|firstEvaluation.20190722_162844.001|JsonScenario|Activity 4|# 29|base.verbose(text) - PASS 
2019-07-22 16:28:56,929|I|Thread-1|firstEvaluation.20190722_162844.001|JsonScenario|Activity 5 - executing activity
2019-07-22 16:28:57,530|I|Thread-1|firstEvaluation.20190722_162844.001|JsonScenario|Activity 5|# 30|json.storeValues(json,jso - executing storeValues(json,jsonpath,var)($(syspath|data|fullpath)/example_2.json, products.product_name, productList)
2019-07-22 16:28:57,562|I|Thread-1|firstEvaluation.20190722_162844.001|JsonScenario|Activity 5|# 30|json.storeValues(json,jso - PASS EXPECTED match against 'products.product_name' stored to ${productList}
2019-07-22 16:28:58,164|I|Thread-1|firstEvaluation.20190722_162844.001|JsonScenario|Activity 5|# 31|json.storeValues(json,jso - executing storeValues(json,jsonpath,var)($(syspath|data|fullpath)/example_2.json, products.unit_cost, costList)
2019-07-22 16:28:58,166|I|Thread-1|firstEvaluation.20190722_162844.001|JsonScenario|Activity 5|# 31|json.storeValues(json,jso - PASS EXPECTED match against 'products.unit_cost' stored to ${costList}
2019-07-22 16:28:58,768|I|Thread-1|firstEvaluation.20190722_162844.001|JsonScenario|Activity 5|# 32|base.save(var,value) - executing save(var,value)(unit_costList, [LIST${costList} => replaceRegex([$],)])
2019-07-22 16:28:58,770|I|Thread-1|firstEvaluation.20190722_162844.001|JsonScenario|Activity 5|# 32|base.save(var,value) - PASS stored '[LIST["$10.47","$8.74","$20.53","$20.53"] => replaceRegex([$],)]' as ${unit_costList}
2019-07-22 16:28:59,371|I|Thread-1|firstEvaluation.20190722_162844.001|JsonScenario|Activity 5|# 33|base.save(var,value) - executing save(var,value)(counter, 0)
2019-07-22 16:28:59,372|I|Thread-1|firstEvaluation.20190722_162844.001|JsonScenario|Activity 5|# 33|base.save(var,value) - PASS stored '0' as ${counter}
2019-07-22 16:28:59,976|I|Thread-1|firstEvaluation.20190722_162844.001|JsonScenario|Activity 5|# 34|base.repeatUntil(steps,ma - executing repeatUntil(steps,maxWaitMs)(7, -1)
2019-07-22 16:28:59,976|I|Thread-1|firstEvaluation.20190722_162844.001|JsonScenario|Activity 5|# 35|base.assertEqual(expected - 
<[repeat-until] entering loop #1 --------------------------------------------->
2019-07-22 16:28:59,978|I|Thread-1|firstEvaluation.20190722_162844.001|JsonScenario|Activity 5|# 35|base.assertEqual(expected - executing assertEqual(expected,actual)($(array|length|${unit_costList}), ${counter})
2019-07-22 16:28:59,978|I|Thread-1|firstEvaluation.20190722_162844.001|JsonScenario|Activity 5|# 36|base.save(var,value) - executing save(var,value)(value, $(array|item|${unit_costList}|${counter}))
2019-07-22 16:28:59,979|I|Thread-1|firstEvaluation.20190722_162844.001|JsonScenario|Activity 5|# 36|base.save(var,value) - [repeat-until] PASS stored '"$10.47"' as ${value}
2019-07-22 16:28:59,980|I|Thread-1|firstEvaluation.20190722_162844.001|JsonScenario|Activity 5|# 37|base.save(var,value) - executing save(var,value)(cost, [TEXT(${value}) => remove($) remove(") ])
2019-07-22 16:28:59,982|I|Thread-1|firstEvaluation.20190722_162844.001|JsonScenario|Activity 5|# 37|base.save(var,value) - [repeat-until] PASS stored '10.47' as ${cost}
2019-07-22 16:28:59,983|I|Thread-1|firstEvaluation.20190722_162844.001|JsonScenario|Activity 5|# 38|base .save(var,value) - executing save(var,value)(cost, [NUMBER(${cost}) => multiply(1)])
2019-07-22 16:28:59,983|I|Thread-1|firstEvaluation.20190722_162844.001|JsonScenario|Activity 5|# 39|base.verbose(text) - executing verbose(text)(${cost})
2019-07-22 16:28:59,984|I|Thread-1|firstEvaluation.20190722_162844.001|JsonScenario|Activity 5|# 39|base.verbose(text) - 10.47
2019-07-22 16:28:59,984|I|Thread-1|firstEvaluation.20190722_162844.001|JsonScenario|Activity 5|# 39|base.verbose(text) - [repeat-until] PASS 10.47
2019-07-22 16:28:59,985|I|Thread-1|firstEvaluation.20190722_162844.001|JsonScenario|Activity 5|# 40|base.verbose(text) - executing verbose(text)($(array|item|${productList}|${counter}))
2019-07-22 16:28:59,993|E|Thread-1|evaluating flow control:	SkipIf [>] - NOT A NUMBER: "$10.47"
2019-07-22 16:28:59,994|I|Thread-1|evaluating flow control:	SkipIf("$10.47">20)		=> NOT MATCHED
2019-07-22 16:28:59,994|I|Thread-1|firstEvaluation.20190722_162844.001|JsonScenario|Activity 5|# 40|base.verbose(text) - "sildenafil citrate"
2019-07-22 16:28:59,994|I|Thread-1|firstEvaluation.20190722_162844.001|JsonScenario|Activity 5|# 40|base.verbose(text) - [repeat-until] PASS "sildenafil citrate"
2019-07-22 16:28:59,995|I|Thread-1|firstEvaluation.20190722_162844.001|JsonScenario|Activity 5|# 41|number.increment(var,amou - executing increment(var,amount)(counter, 1)
2019-07-22 16:28:59,995|I|Thread-1|firstEvaluation.20190722_162844.001|JsonScenario|Activity 5|# 41|number.increment(var,amou - [repeat-until] PASS incremented ${counter} by 1 to 1
2019-07-22 16:28:59,996|I|Thread-1|firstEvaluation.20190722_162844.001|JsonScenario|Activity 5|# 35|base.assertEqual(expected - 
<[repeat-until] entering loop #2 --------------------------------------------->
2019-07-22 16:28:59,997|I|Thread-1|firstEvaluation.20190722_162844.001|JsonScenario|Activity 5|# 35|base.assertEqual(expected - executing assertEqual(expected,actual)($(array|length|${unit_costList}), ${counter})
2019-07-22 16:28:59,997|I|Thread-1|firstEvaluation.20190722_162844.001|JsonScenario|Activity 5|# 36|base.save(var,value) - executing save(var,value)(value, $(array|item|${unit_costList}|${counter}))
2019-07-22 16:28:59,998|I|Thread-1|firstEvaluation.20190722_162844.001|JsonScenario|Activity 5|# 36|base.save(var,value) - [repeat-until] PASS stored '"$8.74"' as ${value}
2019-07-22 16:28:59,999|I|Thread-1|firstEvaluation.20190722_162844.001|JsonScenario|Activity 5|# 37|base.save(var,value) - executing save(var,value)(cost, [TEXT(${value}) => remove($) remove(") ])
2019-07-22 16:28:59,999|I|Thread-1|firstEvaluation.20190722_162844.001|JsonScenario|Activity 5|# 37|base.save(var,value) - [repeat-until] PASS stored '8.74' as ${cost}
2019-07-22 16:29:00,007|I|Thread-1|firstEvaluation.20190722_162844.001|JsonScenario|Activity 5|# 38|base .save(var,value) - executing save(var,value)(cost, [NUMBER(${cost}) => multiply(1)])
2019-07-22 16:29:00,010|I|Thread-1|firstEvaluation.20190722_162844.001|JsonScenario|Activity 5|# 39|base.verbose(text) - executing verbose(text)(${cost})
2019-07-22 16:29:00,011|I|Thread-1|firstEvaluation.20190722_162844.001|JsonScenario|Activity 5|# 39|base.verbose(text) - 8.74
2019-07-22 16:29:00,011|I|Thread-1|firstEvaluation.20190722_162844.001|JsonScenario|Activity 5|# 39|base.verbose(text) - [repeat-until] PASS 8.74
2019-07-22 16:29:00,012|I|Thread-1|firstEvaluation.20190722_162844.001|JsonScenario|Activity 5|# 40|base.verbose(text) - executing verbose(text)($(array|item|${productList}|${counter}))
2019-07-22 16:29:00,012|E|Thread-1|evaluating flow control:	SkipIf [>] - NOT A NUMBER: "$8.74"
2019-07-22 16:29:00,012|I|Thread-1|evaluating flow control:	SkipIf("$8.74">20)		=> NOT MATCHED
2019-07-22 16:29:00,013|I|Thread-1|firstEvaluation.20190722_162844.001|JsonScenario|Activity 5|# 40|base.verbose(text) - "Mountain Juniperus ashei"
2019-07-22 16:29:00,013|I|Thread-1|firstEvaluation.20190722_162844.001|JsonScenario|Activity 5|# 40|base.verbose(text) - [repeat-until] PASS "Mountain Juniperus ashei"
2019-07-22 16:29:00,014|I|Thread-1|firstEvaluation.20190722_162844.001|JsonScenario|Activity 5|# 41|number.increment(var,amou - executing increment(var,amount)(counter, 1)
2019-07-22 16:29:00,014|I|Thread-1|firstEvaluation.20190722_162844.001|JsonScenario|Activity 5|# 41|number.increment(var,amou - [repeat-until] PASS incremented ${counter} by 1 to 2
2019-07-22 16:29:00,014|I|Thread-1|firstEvaluation.20190722_162844.001|JsonScenario|Activity 5|# 35|base.assertEqual(expected - 
<[repeat-until] entering loop #3 --------------------------------------------->
2019-07-22 16:29:00,019|I|Thread-1|firstEvaluation.20190722_162844.001|JsonScenario|Activity 5|# 35|base.assertEqual(expected - executing assertEqual(expected,actual)($(array|length|${unit_costList}), ${counter})
2019-07-22 16:29:00,021|I|Thread-1|firstEvaluation.20190722_162844.001|JsonScenario|Activity 5|# 36|base.save(var,value) - executing save(var,value)(value, $(array|item|${unit_costList}|${counter}))
2019-07-22 16:29:00,024|I|Thread-1|firstEvaluation.20190722_162844.001|JsonScenario|Activity 5|# 36|base.save(var,value) - [repeat-until] PASS stored '"$20.53"' as ${value}
2019-07-22 16:29:00,025|I|Thread-1|firstEvaluation.20190722_162844.001|JsonScenario|Activity 5|# 37|base.save(var,value) - executing save(var,value)(cost, [TEXT(${value}) => remove($) remove(") ])
2019-07-22 16:29:00,026|I|Thread-1|firstEvaluation.20190722_162844.001|JsonScenario|Activity 5|# 37|base.save(var,value) - [repeat-until] PASS stored '20.53' as ${cost}
2019-07-22 16:29:00,026|I|Thread-1|firstEvaluation.20190722_162844.001|JsonScenario|Activity 5|# 38|base .save(var,value) - executing save(var,value)(cost, [NUMBER(${cost}) => multiply(1)])
2019-07-22 16:29:00,027|I|Thread-1|firstEvaluation.20190722_162844.001|JsonScenario|Activity 5|# 39|base.verbose(text) - executing verbose(text)(${cost})
2019-07-22 16:29:00,030|I|Thread-1|firstEvaluation.20190722_162844.001|JsonScenario|Activity 5|# 39|base.verbose(text) - 20.53
2019-07-22 16:29:00,030|I|Thread-1|firstEvaluation.20190722_162844.001|JsonScenario|Activity 5|# 39|base.verbose(text) - [repeat-until] PASS 20.53
2019-07-22 16:29:00,031|I|Thread-1|firstEvaluation.20190722_162844.001|JsonScenario|Activity 5|# 40|base.verbose(text) - executing verbose(text)($(array|item|${productList}|${counter}))
2019-07-22 16:29:00,032|E|Thread-1|evaluating flow control:	SkipIf [>] - NOT A NUMBER: "$20.53"
2019-07-22 16:29:00,032|I|Thread-1|evaluating flow control:	SkipIf("$20.53">20)		=> NOT MATCHED
2019-07-22 16:29:00,032|I|Thread-1|firstEvaluation.20190722_162844.001|JsonScenario|Activity 5|# 40|base.verbose(text) - "Dextromathorphan HBr"
2019-07-22 16:29:00,032|I|Thread-1|firstEvaluation.20190722_162844.001|JsonScenario|Activity 5|# 40|base.verbose(text) - [repeat-until] PASS "Dextromathorphan HBr"
2019-07-22 16:29:00,033|I|Thread-1|firstEvaluation.20190722_162844.001|JsonScenario|Activity 5|# 41|number.increment(var,amou - executing increment(var,amount)(counter, 1)
2019-07-22 16:29:00,033|I|Thread-1|firstEvaluation.20190722_162844.001|JsonScenario|Activity 5|# 41|number.increment(var,amou - [repeat-until] PASS incremented ${counter} by 1 to 3
2019-07-22 16:29:00,034|I|Thread-1|firstEvaluation.20190722_162844.001|JsonScenario|Activity 5|# 35|base.assertEqual(expected - 
<[repeat-until] entering loop #4 --------------------------------------------->
2019-07-22 16:29:00,035|I|Thread-1|firstEvaluation.20190722_162844.001|JsonScenario|Activity 5|# 35|base.assertEqual(expected - executing assertEqual(expected,actual)($(array|length|${unit_costList}), ${counter})
2019-07-22 16:29:00,035|I|Thread-1|firstEvaluation.20190722_162844.001|JsonScenario|Activity 5|# 36|base.save(var,value) - executing save(var,value)(value, $(array|item|${unit_costList}|${counter}))
2019-07-22 16:29:00,036|I|Thread-1|firstEvaluation.20190722_162844.001|JsonScenario|Activity 5|# 36|base.save(var,value) - [repeat-until] PASS stored '"$20.53"' as ${value}
2019-07-22 16:29:00,036|I|Thread-1|firstEvaluation.20190722_162844.001|JsonScenario|Activity 5|# 37|base.save(var,value) - executing save(var,value)(cost, [TEXT(${value}) => remove($) remove(") ])
2019-07-22 16:29:00,037|I|Thread-1|firstEvaluation.20190722_162844.001|JsonScenario|Activity 5|# 37|base.save(var,value) - [repeat-until] PASS stored '20.53' as ${cost}
2019-07-22 16:29:00,037|I|Thread-1|firstEvaluation.20190722_162844.001|JsonScenario|Activity 5|# 38|base .save(var,value) - executing save(var,value)(cost, [NUMBER(${cost}) => multiply(1)])
2019-07-22 16:29:00,048|I|Thread-1|firstEvaluation.20190722_162844.001|JsonScenario|Activity 5|# 39|base.verbose(text) - executing verbose(text)(${cost})
2019-07-22 16:29:00,048|I|Thread-1|firstEvaluation.20190722_162844.001|JsonScenario|Activity 5|# 39|base.verbose(text) - 20.53
2019-07-22 16:29:00,049|I|Thread-1|firstEvaluation.20190722_162844.001|JsonScenario|Activity 5|# 39|base.verbose(text) - [repeat-until] PASS 20.53
2019-07-22 16:29:00,049|I|Thread-1|firstEvaluation.20190722_162844.001|JsonScenario|Activity 5|# 40|base.verbose(text) - executing verbose(text)($(array|item|${productList}|${counter}))
2019-07-22 16:29:00,049|E|Thread-1|evaluating flow control:	SkipIf [>] - NOT A NUMBER: "$20.53"
2019-07-22 16:29:00,050|I|Thread-1|evaluating flow control:	SkipIf("$20.53">20)		=> NOT MATCHED
2019-07-22 16:29:00,050|I|Thread-1|firstEvaluation.20190722_162844.001|JsonScenario|Activity 5|# 40|base.verbose(text) - "Dextromathorphan HBr"
2019-07-22 16:29:00,050|I|Thread-1|firstEvaluation.20190722_162844.001|JsonScenario|Activity 5|# 40|base.verbose(text) - [repeat-until] PASS "Dextromathorphan HBr"
2019-07-22 16:29:00,050|I|Thread-1|firstEvaluation.20190722_162844.001|JsonScenario|Activity 5|# 41|number.increment(var,amou - executing increment(var,amount)(counter, 1)
2019-07-22 16:29:00,051|I|Thread-1|firstEvaluation.20190722_162844.001|JsonScenario|Activity 5|# 41|number.increment(var,amou - [repeat-until] PASS incremented ${counter} by 1 to 4
2019-07-22 16:29:00,051|I|Thread-1|firstEvaluation.20190722_162844.001|JsonScenario|Activity 5|# 35|base.assertEqual(expected - 
<[repeat-until] entering loop #5 --------------------------------------------->
2019-07-22 16:29:00,052|I|Thread-1|firstEvaluation.20190722_162844.001|JsonScenario|Activity 5|# 35|base.assertEqual(expected - executing assertEqual(expected,actual)($(array|length|${unit_costList}), ${counter})
2019-07-22 16:29:00,052|I|Thread-1|firstEvaluation.20190722_162844.001|JsonScenario|Activity 5|# 34|base.repeatUntil(steps,ma - PASS repeat-until execution completed
2019-07-22 16:29:00,244|I|Thread-1|[firstEvaluation.20190722_162844.001|JsonScenario] saving test scenario
2019-07-22 16:29:00,322|I|Thread-1|firstEvaluation.20190722_162844.001|XMLScenario - executing test scenario
2019-07-22 16:29:00,323|I|Thread-1|firstEvaluation.20190722_162844.001|XMLScenario|Activity 1 - executing activity
2019-07-22 16:29:00,925|I|Thread-1|firstEvaluation.20190722_162844.001|XMLScenario|Activity 1|#  5|xml.storeValues(xml,xpath - executing storeValues(xml,xpath,var)($(syspath|data|fullpath)/example_1.xml)
2019-07-22 16:29:00,928|E|Thread-1|firstEvaluation.20190722_162844.001|XMLScenario|Activity 1|#  5|xml.storeValues(xml,xpath - FAIL MISMATCHED parameters - xml.storeValues EXPECTS 3 but found 1
2019-07-22 16:29:00,950|I|Thread-1|[firstEvaluation.20190722_162844.001|XMLScenario] saving test scenario
2019-07-22 16:29:01,019|I|Thread-1|[20190722_162843] 
/-TEST COMPLETE-----------------------------------------------------------------
| Test Output:    C:\projects\firstEvaluation\output\20190722_162843\firstEvaluation.20190722_162844.001.xlsx
| Iteration:      1
\-------------------------------------------------------------------------------
» Execution Time: 15832 ms
» Test Steps:     25
» Error(s):       2



2019-07-22 16:29:02,955|I|Thread-1|[20190722_162843] 
/-TEST COMPLETE-----------------------------------------------------------------
| Test Script:    C:\projects\firstEvaluation\artifact\script\firstEvaluation.xlsx
\-------------------------------------------------------------------------------
» Execution Time: 19734 ms
» Iterations:     [1] total 1
» Test Steps:     25
» Passed:         23
» Error(s):       2
» Iteration 1 of 1: C:\projects\firstEvaluation\output\20190722_162843\firstEvaluation.20190722_162844.001.xlsx



2019-07-22 16:29:03,193|I|main|[20190722_162843] [C:\projects\firstEvaluation\artifact\script\firstEvaluation.xlsx] now completed
2019-07-22 16:29:03,193|I|main|[20190722_162843] all execution thread(s) have terminated
2019-07-22 16:29:03,193|I|main|[20190722_162843] test run completed in about 20 seconds
2019-07-22 16:29:03,247|I|main|No predefined nexial-setup found
2019-07-22 16:29:03,266|I|main|outputBase not set; output-to-cloud DISABLED!
2019-07-22 16:29:03,268|I|main|accessKey not set; output-to-cloud DISABLED!
2019-07-22 16:29:03,269|I|main|secretKey not set; output-to-cloud DISABLED!
2019-07-22 16:29:03,271|I|main|generating HTML output for this execution to C:\projects\firstEvaluation\output\20190722_162843\execution-output.html
2019-07-22 16:29:03,908|I|main|generating JUnit XML output for this execution to C:\projects\firstEvaluation\output\20190722_162843\junit.xml
2019-07-22 16:29:03,955|I|main|generated JUnit report for this execution: C:\projects\firstEvaluation\output\20190722_162843\junit.xml
2019-07-22 16:29:03,986|I|main|nexial mailer not enabled: nexial.enableEmail=false
2019-07-22 16:29:03,986|I|main|skipped email notification as configured
2019-07-22 16:29:03,988|I|main|exiting Nexial...
2019-07-22 16:29:03,988|I|main|

/-END OF EXECUTION--------------------------------------------------------------
| » Execution Time: 20 sec.
| » Test Steps....: 25
| » Passed........: 23
| » Failed........: 2
| » Success Rate..: 92.00%
\----------------------------------------------------------nexial-core dev_0581-

2019-07-22 16:29:03,989|E|main|failure found; success rate is 92.00%
2019-07-22 16:29:03,989|I|main|End of Execution:
NEXIAL_OUTPUT:         C:\projects\firstEvaluation\output\20190722_162843
NEXIAL_EXECUTION_HTML: C:\projects\firstEvaluation\output\20190722_162843\execution-output.html
NEXIAL_JUNIT_XML:      C:\projects\firstEvaluation\output\20190722_162843\junit.xml
NEXIAL_SUCCESS_RATE:   92.00%
NEXIAL_EXIT_STATUS:    -13
