2019-07-29 16:46:21,764|I|Thread-1|(DELAYED) nexial-core 2.4_0567 starting up...
2019-07-29 16:46:21,772|I|Thread-1|(DELAYED) data file resolved as C:\Users\DEEPAN~1.PAT\AppData\Local\Temp\zGhJE\secondAssignment.data.xlsx
2019-07-29 16:46:21,772|I|Thread-1|(DELAYED) input files and output directory resolved...
2019-07-29 16:46:21,772|I|Thread-1|(DELAYED) No predefined nexial-setup found
2019-07-29 16:46:21,772|I|Thread-1|(DELAYED) [20190729_164621] [C:\projects\secondAssignment\artifact\script\secondAssignment.xlsx] resolve RUN ID as 20190729_164621
2019-07-29 16:46:21,772|I|Thread-1|(DELAYED) [20190729_164621] [C:\projects\secondAssignment\artifact\script\secondAssignment.xlsx] new thread started
2019-07-29 16:46:21,772|I|Thread-1|No predefined nexial-setup found
2019-07-29 16:46:21,861|I|Thread-1|outputBase not set; output-to-cloud DISABLED!
2019-07-29 16:46:21,862|I|Thread-1|accessKey not set; output-to-cloud DISABLED!
2019-07-29 16:46:21,863|I|Thread-1|secretKey not set; output-to-cloud DISABLED!
2019-07-29 16:46:21,938|I|Thread-1|missing REQUIRED configuration; sms DISABLED!
2019-07-29 16:46:23,000|I|Thread-1|[20190729_164621] executing C:\projects\secondAssignment\artifact\script\secondAssignment.xlsx with 1 iteration(s)
2019-07-29 16:46:23,007|I|Thread-1|[20190729_164621] create directory C:\projects\secondAssignment\output\20190729_164621\captures
2019-07-29 16:46:23,011|I|Thread-1|[20190729_164621] create directory C:\projects\secondAssignment\output\20190729_164621\logs
2019-07-29 16:46:25,091|I|Thread-1|[20190729_164621] merging test data to tmp file C:\projects\secondAssignment\output\20190729_164621\secondAssignment.20190729_164623.001.xlsx
2019-07-29 16:46:25,093|I|Thread-1|refetching data from C:\projects\secondAssignment\artifact\data\secondAssignment.data.xlsx
2019-07-29 16:46:25,589|I|Thread-1|[20190729_164621] test script and test data merged to C:\projects\secondAssignment\output\20190729_164621\secondAssignment.20190729_164623.001.xlsx
2019-07-29 16:46:26,452|I|Thread-1|STARTS
2019-07-29 16:46:26,488|I|Thread-1|secondAssignment.20190729_164623.001 - executing iteration #1 of 1; Iteration Id 1
2019-07-29 16:46:26,500|I|Thread-1|secondAssignment.20190729_164623.001|Scenario2 - executing test scenario
2019-07-29 16:46:26,503|I|Thread-1|secondAssignment.20190729_164623.001|Scenario2|Activity 1 - executing activity
2019-07-29 16:46:27,112|I|Thread-1|secondAssignment.20190729_164623.001|Scenario2|Activity 1|#  5|web.open(url) - executing open(url)(https://www.google.com/)
2019-07-29 16:46:27,116|I|Thread-1|No valid instance of webdriver, initializing...
2019-07-29 16:46:27,120|I|Thread-1|init chrome
2019-07-29 16:46:33,273|I|Thread-1|browser initialization completed for 'chrome'
2019-07-29 16:46:33,285|I|Thread-1|setting browser polling wait time to 800 ms
2019-07-29 16:46:33,289|I|Thread-1|setting browser page load timeout to 10000 ms
2019-07-29 16:46:34,909|I|Thread-1|current browser window handle:CDwindow-185CD1C3F51496DA1C060D2C48D20584
2019-07-29 16:46:34,932|I|Thread-1|secondAssignment.20190729_164623.001|Scenario2|Activity 1|#  5|web.open(url) - PASS opened URL https://www.google.com/
2019-07-29 16:46:35,542|I|Thread-1|secondAssignment.20190729_164623.001|Scenario2|Activity 1|#  6|web.type(locator,value) - executing type(locator,value)(//*[@id="tsf"]/div[2]/div/div[1]/div/div[1]/input, ATMECS)
2019-07-29 16:46:35,799|I|Thread-1|secondAssignment.20190729_164623.001|Scenario2|Activity 1|#  6|web.type(locator,value) - PASS typed text at '//*[@id="tsf"]/div[2]/div/div[1]/div/div[1]/input'
2019-07-29 16:46:36,406|I|Thread-1|secondAssignment.20190729_164623.001|Scenario2|Activity 1|#  7|web.click(locator) - executing click(locator)(//*[@id="tsf"]/div[2]/div/div[3]/center/input[1])
2019-07-29 16:46:36,431|I|Thread-1|clicking '//*[@id="tsf"]/div[2]/div/div[3]/center/input[1]'...
2019-07-29 16:46:36,443|I|Thread-1|click target via JS, @id=
2019-07-29 16:46:37,853|I|Thread-1|clicked -> true
2019-07-29 16:46:37,854|I|Thread-1|secondAssignment.20190729_164623.001|Scenario2|Activity 1|#  7|web.click(locator) - PASS click via JS event
2019-07-29 16:46:38,456|I|Thread-1|secondAssignment.20190729_164623.001|Scenario2|Activity 1|#  8|web.saveTextArray(var,loc - executing saveTextArray(var,locator)(linkArray, //*[@class = "iUh30"])
2019-07-29 16:46:38,696|I|Thread-1|secondAssignment.20190729_164623.001|Scenario2|Activity 1|#  8|web.saveTextArray(var,loc - PASS stored content of '//*[@class = "iUh30"]' as ${linkArray}
2019-07-29 16:46:39,301|I|Thread-1|secondAssignment.20190729_164623.001|Scenario2|Activity 1|#  9|base.verbose(text) - executing verbose(text)($(array|length|${linkArray}))
2019-07-29 16:46:39,308|I|Thread-1|secondAssignment.20190729_164623.001|Scenario2|Activity 1|#  9|base.verbose(text) - 11
2019-07-29 16:46:39,510|I|Thread-1|secondAssignment.20190729_164623.001|Scenario2|Activity 1|#  9|base.verbose(text) - PASS 
2019-07-29 16:46:40,114|I|Thread-1|secondAssignment.20190729_164623.001|Scenario2|Activity 1|# 10|base.save(var,value) - executing save(var,value)(query, Insert into info values("ATMECS", ${linkArray});)
2019-07-29 16:46:40,124|I|Thread-1|secondAssignment.20190729_164623.001|Scenario2|Activity 1|# 10|base.save(var,value) - PASS stored 'Insert into info values("ATMECS", www.atmecs.com/,https://www.glassdoor.co.in/Reviews/ATMECS-Reviews-E1318180.htm,https://www.glassdoor.co.in/.../Working-at-ATMECS-EI_IE1318180.11,17.htm,https://in.linkedin.com/company/atmecs-inc,https://mapr.com/partners/partner/atmecs-technologies-pvt-ltd/,https://www.glassdoor.com/Overview/Working-at-ATMECS-EI_IE1318180.11,17.htm,https://www.naukri.com/atmecs-technologies-pvt-ltd-jobs-careers-1089084,https://www.indeed.co.in/cmp/Atmecs-Technologies/reviews,https://www.ambitionbox.com/reviews/atmecs-technologies-reviews);' as ${query}
2019-07-29 16:46:40,729|I|Thread-1|secondAssignment.20190729_164623.001|Scenario2|Activity 1|# 11|rdbms.runSQL(var,db,sql) - executing runSQL(var,db,sql)(queryResult, mydb, ${query})
2019-07-29 16:46:40,834|I|Thread-1|secondAssignment.20190729_164623.001|Scenario2|Activity 1|# 11|rdbms.runSQL(var,db,sql) - new connection established for 'mydb'
2019-07-29 16:46:41,218|I|Thread-1|secondAssignment.20190729_164623.001|Scenario2|Activity 1|# 11|rdbms.runSQL(var,db,sql) - executed query in 380 ms with ERROR Error occurred when executing 'Insert into info values("ATMECS", www.atmecs.com/,https://www.glassdoor.co.in/Reviews/ATMECS-Reviews-E1318180.htm,https://www.glassdoor.co.in/.../Working-at-ATMECS-EI_IE1318180.11,17.htm,https://in.linkedin.com/company/atmecs-inc,https://mapr.com/partners/partner/atmecs-technologies-pvt-ltd/,https://www.glassdoor.com/Overview/Working-at-ATMECS-EI_IE1318180.11,17.htm,https://www.naukri.com/atmecs-technologies-pvt-ltd-jobs-careers-1089084,https://www.indeed.co.in/cmp/Atmecs-Technologies/reviews,https://www.ambitionbox.com/reviews/atmecs-technologies-reviews);': [SQLITE_ERROR] SQL error or missing database (near ",": syntax error)
2019-07-29 16:46:41,227|I|Thread-1|secondAssignment.20190729_164623.001|Scenario2|Activity 1|# 11|rdbms.runSQL(var,db,sql) - PASS executed SQL 'Insert into info values("ATMECS", www.atmecs.com/,https://www.glassdoor.co.in/Reviews/ATMECS-Reviews-E1318180.htm,https://www.glassdoor.co.in/.../Working-at-ATMECS-EI_IE1318180.11,17.htm,https://in.linkedin.com/company/atmecs-inc,https://mapr.com/partners/partner/atmecs-technologies-pvt-ltd/,https://www.glassdoor.com/Overview/Working-at-ATMECS-EI_IE1318180.11,17.htm,https://www.naukri.com/atmecs-technologies-pvt-ltd-jobs-careers-1089084,https://www.indeed.co.in/cmp/Atmecs-Technologies/reviews,https://www.ambitionbox.com/reviews/atmecs-technologies-reviews);'; stored result as ${queryResult}
2019-07-29 16:46:41,834|I|Thread-1|secondAssignment.20190729_164623.001|Scenario2|Activity 1|# 12|base.save(var,value) - executing save(var,value)(selectQuery, select * from info;)
2019-07-29 16:46:41,839|I|Thread-1|secondAssignment.20190729_164623.001|Scenario2|Activity 1|# 12|base.save(var,value) - PASS stored 'select * from info;' as ${selectQuery}
2019-07-29 16:46:42,441|I|Thread-1|secondAssignment.20190729_164623.001|Scenario2|Activity 1|# 13|rdbms.runSQL(var,db,sql) - executing runSQL(var,db,sql)(queryResult, mydb, ${selectQuery})
2019-07-29 16:46:42,446|I|Thread-1|secondAssignment.20190729_164623.001|Scenario2|Activity 1|# 13|rdbms.runSQL(var,db,sql) - reusing established connection 'mydb'
2019-07-29 16:46:42,460|I|Thread-1|secondAssignment.20190729_164623.001|Scenario2|Activity 1|# 13|rdbms.runSQL(var,db,sql) - executed query in 9 ms with 0 row(s)
2019-07-29 16:46:42,466|I|Thread-1|secondAssignment.20190729_164623.001|Scenario2|Activity 1|# 13|rdbms.runSQL(var,db,sql) - PASS executed SQL 'select * from info;'; stored result as ${queryResult}
2019-07-29 16:46:43,070|I|Thread-1|secondAssignment.20190729_164623.001|Scenario2|Activity 1|# 14|rdbms.saveResult(db,sql,o - executing saveResult(db,sql,output)(mydb, ${selectQuery}, $(syspath|out|fullpath)/ATMECS.csv)
2019-07-29 16:46:43,078|I|Thread-1|secondAssignment.20190729_164623.001|Scenario2|Activity 1|# 14|rdbms.saveResult(db,sql,o - reusing established connection 'mydb'
2019-07-29 16:46:43,086|I|Thread-1|secondAssignment.20190729_164623.001|Scenario2|Activity 1|# 14|rdbms.saveResult(db,sql,o - executed query in 1 ms with 0 row(s)
2019-07-29 16:46:43,165|I|Thread-1|secondAssignment.20190729_164623.001|Scenario2|Activity 1|# 14|rdbms.saveResult(db,sql,o - PASS executed SQL 'select * from info;'; stored result to 'C:\projects\secondAssignment\output\20190729_164621\ATMECS.csv'
2019-07-29 16:46:43,820|I|Thread-1|[secondAssignment.20190729_164623.001|Scenario2] saving test scenario
2019-07-29 16:46:43,991|I|Thread-1|[20190729_164621] 
/-TEST COMPLETE-----------------------------------------------------------------
| Test Output:    C:\projects\secondAssignment\output\20190729_164621\secondAssignment.20190729_164623.001.xlsx
| Iteration:      1
\-------------------------------------------------------------------------------
» Execution Time: 17497 ms
» Test Steps:     10
» Error(s):       0



2019-07-29 16:46:45,245|I|Thread-1|[20190729_164621] 
/-TEST COMPLETE-----------------------------------------------------------------
| Test Script:    C:\projects\secondAssignment\artifact\script\secondAssignment.xlsx
\-------------------------------------------------------------------------------
» Execution Time: 23764 ms
» Iterations:     [1] total 1
» Test Steps:     10
» Passed:         10
» Error(s):       0
» Iteration 1 of 1: C:\projects\secondAssignment\output\20190729_164621\secondAssignment.20190729_164623.001.xlsx



2019-07-29 16:46:45,438|I|main|[20190729_164621] [C:\projects\secondAssignment\artifact\script\secondAssignment.xlsx] now completed
2019-07-29 16:46:45,438|I|main|[20190729_164621] all execution thread(s) have terminated
2019-07-29 16:46:45,439|I|main|[20190729_164621] test run completed in about 24 seconds
2019-07-29 16:46:45,542|I|main|No predefined nexial-setup found
2019-07-29 16:46:45,612|I|main|outputBase not set; output-to-cloud DISABLED!
2019-07-29 16:46:45,612|I|main|accessKey not set; output-to-cloud DISABLED!
2019-07-29 16:46:45,613|I|main|secretKey not set; output-to-cloud DISABLED!
2019-07-29 16:46:45,614|I|main|generating HTML output for this execution to C:\projects\secondAssignment\output\20190729_164621\execution-output.html
2019-07-29 16:46:46,717|I|main|generating JUnit XML output for this execution to C:\projects\secondAssignment\output\20190729_164621\junit.xml
2019-07-29 16:46:46,800|I|main|generated JUnit report for this execution: C:\projects\secondAssignment\output\20190729_164621\junit.xml
2019-07-29 16:46:46,802|I|main|nexial mailer not enabled: nexial.enableEmail=false
2019-07-29 16:46:46,805|I|main|skipped email notification as configured
2019-07-29 16:46:46,807|I|main|exiting Nexial...
2019-07-29 16:46:46,809|I|main|shutdown starts...
2019-07-29 16:46:46,818|I|main|Shutting down 'chrome' webdriver...
2019-07-29 16:46:56,499|I|main|shutdown ends...
2019-07-29 16:46:56,500|I|main|

/-END OF EXECUTION--------------------------------------------------------------
| » Execution Time: 24 sec.
| » Test Steps....: 10
| » Passed........: 10
| » Failed........: 0
| » Success Rate..: 100.00%
\----------------------------------------------------------nexial-core 2.4_0567-

2019-07-29 16:46:56,501|I|main|ALL PASSED!
2019-07-29 16:46:56,502|I|main|End of Execution:
NEXIAL_OUTPUT:         C:\projects\secondAssignment\output\20190729_164621
NEXIAL_EXECUTION_HTML: C:\projects\secondAssignment\output\20190729_164621\execution-output.html
NEXIAL_JUNIT_XML:      C:\projects\secondAssignment\output\20190729_164621\junit.xml
NEXIAL_SUCCESS_RATE:   100.00%
NEXIAL_EXIT_STATUS:    0
