2019-07-29 16:00:11,191|I|Thread-1|(DELAYED) nexial-core 2.4_0567 starting up...
2019-07-29 16:00:11,195|I|Thread-1|(DELAYED) data file resolved as C:\Users\DEEPAN~1.PAT\AppData\Local\Temp\AQuxs\secondAssignment.data.xlsx
2019-07-29 16:00:11,195|I|Thread-1|(DELAYED) input files and output directory resolved...
2019-07-29 16:00:11,195|I|Thread-1|(DELAYED) No predefined nexial-setup found
2019-07-29 16:00:11,195|I|Thread-1|(DELAYED) [20190729_160010] [C:\projects\secondAssignment\artifact\script\secondAssignment.xlsx] resolve RUN ID as 20190729_160010
2019-07-29 16:00:11,195|I|Thread-1|(DELAYED) [20190729_160010] [C:\projects\secondAssignment\artifact\script\secondAssignment.xlsx] new thread started
2019-07-29 16:00:11,195|I|Thread-1|No predefined nexial-setup found
2019-07-29 16:00:11,261|I|Thread-1|outputBase not set; output-to-cloud DISABLED!
2019-07-29 16:00:11,262|I|Thread-1|accessKey not set; output-to-cloud DISABLED!
2019-07-29 16:00:11,263|I|Thread-1|secretKey not set; output-to-cloud DISABLED!
2019-07-29 16:00:11,288|I|Thread-1|missing REQUIRED configuration; sms DISABLED!
2019-07-29 16:00:12,036|I|Thread-1|[20190729_160010] executing C:\projects\secondAssignment\artifact\script\secondAssignment.xlsx with 1 iteration(s)
2019-07-29 16:00:12,041|I|Thread-1|[20190729_160010] create directory C:\projects\secondAssignment\output\20190729_160010\captures
2019-07-29 16:00:12,042|I|Thread-1|[20190729_160010] create directory C:\projects\secondAssignment\output\20190729_160010\logs
2019-07-29 16:00:13,383|I|Thread-1|[20190729_160010] merging test data to tmp file C:\projects\secondAssignment\output\20190729_160010\secondAssignment.20190729_160012.001.xlsx
2019-07-29 16:00:13,384|I|Thread-1|refetching data from C:\projects\secondAssignment\artifact\data\secondAssignment.data.xlsx
2019-07-29 16:00:13,696|I|Thread-1|[20190729_160010] test script and test data merged to C:\projects\secondAssignment\output\20190729_160010\secondAssignment.20190729_160012.001.xlsx
2019-07-29 16:00:14,368|I|Thread-1|STARTS
2019-07-29 16:00:14,386|I|Thread-1|secondAssignment.20190729_160012.001 - executing iteration #1 of 1; Iteration Id 1
2019-07-29 16:00:14,394|I|Thread-1|secondAssignment.20190729_160012.001|Scenario2 - executing test scenario
2019-07-29 16:00:14,396|I|Thread-1|secondAssignment.20190729_160012.001|Scenario2|Activity 1 - executing activity
2019-07-29 16:00:14,999|I|Thread-1|secondAssignment.20190729_160012.001|Scenario2|Activity 1|#  5|web.open(url) - executing open(url)(https://www.google.com/)
2019-07-29 16:00:15,011|I|Thread-1|No valid instance of webdriver, initializing...
2019-07-29 16:00:15,017|I|Thread-1|init chrome
2019-07-29 16:00:20,941|I|Thread-1|browser initialization completed for 'chrome'
2019-07-29 16:00:20,949|I|Thread-1|setting browser polling wait time to 800 ms
2019-07-29 16:00:20,953|I|Thread-1|setting browser page load timeout to 10000 ms
2019-07-29 16:00:22,740|I|Thread-1|current browser window handle:CDwindow-99CFCB30E5A701A79B1D2AB1010A8B88
2019-07-29 16:00:22,758|I|Thread-1|secondAssignment.20190729_160012.001|Scenario2|Activity 1|#  5|web.open(url) - PASS opened URL https://www.google.com/
2019-07-29 16:00:23,364|I|Thread-1|secondAssignment.20190729_160012.001|Scenario2|Activity 1|#  6|web.type(locator,value) - executing type(locator,value)(//*[@id="tsf"]/div[2]/div/div[1]/div/div[1]/input, ATMECS)
2019-07-29 16:00:23,542|I|Thread-1|secondAssignment.20190729_160012.001|Scenario2|Activity 1|#  6|web.type(locator,value) - PASS typed text at '//*[@id="tsf"]/div[2]/div/div[1]/div/div[1]/input'
2019-07-29 16:00:24,152|I|Thread-1|secondAssignment.20190729_160012.001|Scenario2|Activity 1|#  7|web.click(locator) - executing click(locator)(//*[@id="tsf"]/div[2]/div/div[3]/center/input[1])
2019-07-29 16:00:24,172|I|Thread-1|clicking '//*[@id="tsf"]/div[2]/div/div[3]/center/input[1]'...
2019-07-29 16:00:24,184|I|Thread-1|click target via JS, @id=
2019-07-29 16:00:26,009|I|Thread-1|clicked -> true
2019-07-29 16:00:26,011|I|Thread-1|secondAssignment.20190729_160012.001|Scenario2|Activity 1|#  7|web.click(locator) - PASS click via JS event
2019-07-29 16:00:26,613|I|Thread-1|secondAssignment.20190729_160012.001|Scenario2|Activity 1|#  8|web.saveTextArray(var,loc - executing saveTextArray(var,locator)(linkArray, //*[@class = "iUh30"])
2019-07-29 16:00:26,784|I|Thread-1|secondAssignment.20190729_160012.001|Scenario2|Activity 1|#  8|web.saveTextArray(var,loc - PASS stored content of '//*[@class = "iUh30"]' as ${linkArray}
2019-07-29 16:00:27,388|I|Thread-1|secondAssignment.20190729_160012.001|Scenario2|Activity 1|#  9|base.verbose(text) - executing verbose(text)(${linkArray})
2019-07-29 16:00:27,393|I|Thread-1|secondAssignment.20190729_160012.001|Scenario2|Activity 1|#  9|base.verbose(text) - www.atmecs.com/,https://www.glassdoor.co.in/Reviews/ATMECS-Reviews-E1318180.htm,https://www.glassdoor.co.in/.../Working-at-ATMECS-EI_IE1318180.11,17.htm,https://in.linkedin.com/company/atmecs-inc,https://mapr.com/partners/partner/atmecs-technologies-pvt-ltd/,https://www.glassdoor.com/Overview/Working-at-ATMECS-EI_IE1318180.11,17.htm,https://www.naukri.com/atmecs-technologies-pvt-ltd-jobs-careers-1089084,https://www.indeed.co.in/cmp/Atmecs-Technologies/reviews,https://www.ambitionbox.com/reviews/atmecs-technologies-reviews
2019-07-29 16:00:27,573|I|Thread-1|secondAssignment.20190729_160012.001|Scenario2|Activity 1|#  9|base.verbose(text) - PASS 
2019-07-29 16:00:27,775|I|Thread-1|[secondAssignment.20190729_160012.001|Scenario2] saving test scenario
2019-07-29 16:00:27,878|I|Thread-1|[20190729_160010] 
/-TEST COMPLETE-----------------------------------------------------------------
| Test Output:    C:\projects\secondAssignment\output\20190729_160010\secondAssignment.20190729_160012.001.xlsx
| Iteration:      1
\-------------------------------------------------------------------------------
» Execution Time: 13487 ms
» Test Steps:     5
» Error(s):       0



2019-07-29 16:00:28,601|I|Thread-1|[20190729_160010] 
/-TEST COMPLETE-----------------------------------------------------------------
| Test Script:    C:\projects\secondAssignment\artifact\script\secondAssignment.xlsx
\-------------------------------------------------------------------------------
» Execution Time: 17600 ms
» Iterations:     [1] total 1
» Test Steps:     5
» Passed:         5
» Error(s):       0
» Iteration 1 of 1: C:\projects\secondAssignment\output\20190729_160010\secondAssignment.20190729_160012.001.xlsx



2019-07-29 16:00:28,958|I|main|[20190729_160010] [C:\projects\secondAssignment\artifact\script\secondAssignment.xlsx] now completed
2019-07-29 16:00:28,961|I|main|[20190729_160010] all execution thread(s) have terminated
2019-07-29 16:00:28,964|I|main|[20190729_160010] test run completed in about 18 seconds
2019-07-29 16:00:29,068|I|main|No predefined nexial-setup found
2019-07-29 16:00:29,107|I|main|outputBase not set; output-to-cloud DISABLED!
2019-07-29 16:00:29,108|I|main|accessKey not set; output-to-cloud DISABLED!
2019-07-29 16:00:29,109|I|main|secretKey not set; output-to-cloud DISABLED!
2019-07-29 16:00:29,112|I|main|generating HTML output for this execution to C:\projects\secondAssignment\output\20190729_160010\execution-output.html
2019-07-29 16:00:29,865|I|main|generating JUnit XML output for this execution to C:\projects\secondAssignment\output\20190729_160010\junit.xml
2019-07-29 16:00:29,901|I|main|generated JUnit report for this execution: C:\projects\secondAssignment\output\20190729_160010\junit.xml
2019-07-29 16:00:29,903|I|main|nexial mailer not enabled: nexial.enableEmail=false
2019-07-29 16:00:29,903|I|main|skipped email notification as configured
2019-07-29 16:00:29,904|I|main|exiting Nexial...
2019-07-29 16:00:29,905|I|main|shutdown starts...
2019-07-29 16:00:29,906|I|main|Shutting down 'chrome' webdriver...
2019-07-29 16:01:10,742|I|main|shutdown ends...
2019-07-29 16:01:10,748|I|main|

/-END OF EXECUTION--------------------------------------------------------------
| » Execution Time: 18 sec.
| » Test Steps....: 5
| » Passed........: 5
| » Failed........: 0
| » Success Rate..: 100.00%
\----------------------------------------------------------nexial-core 2.4_0567-

2019-07-29 16:01:10,753|I|main|ALL PASSED!
2019-07-29 16:01:10,758|I|main|End of Execution:
NEXIAL_OUTPUT:         C:\projects\secondAssignment\output\20190729_160010
NEXIAL_EXECUTION_HTML: C:\projects\secondAssignment\output\20190729_160010\execution-output.html
NEXIAL_JUNIT_XML:      C:\projects\secondAssignment\output\20190729_160010\junit.xml
NEXIAL_SUCCESS_RATE:   100.00%
NEXIAL_EXIT_STATUS:    0
