2019-07-29 16:14:50,371|I|Thread-1|(DELAYED) nexial-core 2.4_0567 starting up...
2019-07-29 16:14:50,375|I|Thread-1|(DELAYED) data file resolved as C:\Users\DEEPAN~1.PAT\AppData\Local\Temp\wfMMd\secondAssignment.data.xlsx
2019-07-29 16:14:50,375|I|Thread-1|(DELAYED) input files and output directory resolved...
2019-07-29 16:14:50,375|I|Thread-1|(DELAYED) No predefined nexial-setup found
2019-07-29 16:14:50,375|I|Thread-1|(DELAYED) [20190729_161450] [C:\projects\secondAssignment\artifact\script\secondAssignment.xlsx] resolve RUN ID as 20190729_161450
2019-07-29 16:14:50,375|I|Thread-1|(DELAYED) [20190729_161450] [C:\projects\secondAssignment\artifact\script\secondAssignment.xlsx] new thread started
2019-07-29 16:14:50,375|I|Thread-1|No predefined nexial-setup found
2019-07-29 16:14:50,444|I|Thread-1|outputBase not set; output-to-cloud DISABLED!
2019-07-29 16:14:50,444|I|Thread-1|accessKey not set; output-to-cloud DISABLED!
2019-07-29 16:14:50,445|I|Thread-1|secretKey not set; output-to-cloud DISABLED!
2019-07-29 16:14:50,470|I|Thread-1|missing REQUIRED configuration; sms DISABLED!
2019-07-29 16:14:51,192|I|Thread-1|[20190729_161450] executing C:\projects\secondAssignment\artifact\script\secondAssignment.xlsx with 1 iteration(s)
2019-07-29 16:14:51,197|I|Thread-1|[20190729_161450] create directory C:\projects\secondAssignment\output\20190729_161450\captures
2019-07-29 16:14:51,199|I|Thread-1|[20190729_161450] create directory C:\projects\secondAssignment\output\20190729_161450\logs
2019-07-29 16:14:52,710|I|Thread-1|[20190729_161450] merging test data to tmp file C:\projects\secondAssignment\output\20190729_161450\secondAssignment.20190729_161451.001.xlsx
2019-07-29 16:14:52,712|I|Thread-1|refetching data from C:\projects\secondAssignment\artifact\data\secondAssignment.data.xlsx
2019-07-29 16:14:53,036|I|Thread-1|[20190729_161450] test script and test data merged to C:\projects\secondAssignment\output\20190729_161450\secondAssignment.20190729_161451.001.xlsx
2019-07-29 16:14:53,618|I|Thread-1|STARTS
2019-07-29 16:14:53,642|I|Thread-1|secondAssignment.20190729_161451.001 - executing iteration #1 of 1; Iteration Id 1
2019-07-29 16:14:53,649|I|Thread-1|secondAssignment.20190729_161451.001|Scenario2 - executing test scenario
2019-07-29 16:14:53,651|I|Thread-1|secondAssignment.20190729_161451.001|Scenario2|Activity 1 - executing activity
2019-07-29 16:14:54,254|I|Thread-1|secondAssignment.20190729_161451.001|Scenario2|Activity 1|#  5|web.open(url) - executing open(url)(https://www.google.com/)
2019-07-29 16:14:54,265|I|Thread-1|No valid instance of webdriver, initializing...
2019-07-29 16:14:54,274|I|Thread-1|init chrome
2019-07-29 16:15:00,206|I|Thread-1|browser initialization completed for 'chrome'
2019-07-29 16:15:00,215|I|Thread-1|setting browser polling wait time to 800 ms
2019-07-29 16:15:00,219|I|Thread-1|setting browser page load timeout to 10000 ms
2019-07-29 16:15:01,926|I|Thread-1|current browser window handle:CDwindow-F67E5320841186D09588C98F763CFBCB
2019-07-29 16:15:01,942|I|Thread-1|secondAssignment.20190729_161451.001|Scenario2|Activity 1|#  5|web.open(url) - PASS opened URL https://www.google.com/
2019-07-29 16:15:02,546|I|Thread-1|secondAssignment.20190729_161451.001|Scenario2|Activity 1|#  6|web.type(locator,value) - executing type(locator,value)(//*[@id="tsf"]/div[2]/div/div[1]/div/div[1]/input, ATMECS)
2019-07-29 16:15:02,795|I|Thread-1|secondAssignment.20190729_161451.001|Scenario2|Activity 1|#  6|web.type(locator,value) - PASS typed text at '//*[@id="tsf"]/div[2]/div/div[1]/div/div[1]/input'
2019-07-29 16:15:03,404|I|Thread-1|secondAssignment.20190729_161451.001|Scenario2|Activity 1|#  7|web.click(locator) - executing click(locator)(//*[@id="tsf"]/div[2]/div/div[3]/center/input[1])
2019-07-29 16:15:03,469|I|Thread-1|clicking '//*[@id="tsf"]/div[2]/div/div[3]/center/input[1]'...
2019-07-29 16:15:03,496|I|Thread-1|click target via JS, @id=
2019-07-29 16:15:05,027|I|Thread-1|clicked -> true
2019-07-29 16:15:05,028|I|Thread-1|secondAssignment.20190729_161451.001|Scenario2|Activity 1|#  7|web.click(locator) - PASS click via JS event
2019-07-29 16:15:05,630|I|Thread-1|secondAssignment.20190729_161451.001|Scenario2|Activity 1|#  8|web.saveTextArray(var,loc - executing saveTextArray(var,locator)(linkArray, //*[@class = "iUh30"])
2019-07-29 16:15:05,797|I|Thread-1|secondAssignment.20190729_161451.001|Scenario2|Activity 1|#  8|web.saveTextArray(var,loc - PASS stored content of '//*[@class = "iUh30"]' as ${linkArray}
2019-07-29 16:15:06,401|I|Thread-1|secondAssignment.20190729_161451.001|Scenario2|Activity 1|#  9|base.verbose(text) - executing verbose(text)($(array|length|${linkArray}))
2019-07-29 16:15:06,413|I|Thread-1|secondAssignment.20190729_161451.001|Scenario2|Activity 1|#  9|base.verbose(text) - 11
2019-07-29 16:15:06,595|I|Thread-1|secondAssignment.20190729_161451.001|Scenario2|Activity 1|#  9|base.verbose(text) - PASS 
2019-07-29 16:15:07,198|I|Thread-1|secondAssignment.20190729_161451.001|Scenario2|Activity 1|# 10|base.save(var,value) - executing save(var,value)(query, Insert into info values("ATMECS", ${linkArray});)
2019-07-29 16:15:07,216|I|Thread-1|secondAssignment.20190729_161451.001|Scenario2|Activity 1|# 10|base.save(var,value) - PASS stored 'Insert into info values("ATMECS", www.atmecs.com/,https://www.glassdoor.co.in/Reviews/ATMECS-Reviews-E1318180.htm,https://www.glassdoor.co.in/.../Working-at-ATMECS-EI_IE1318180.11,17.htm,https://in.linkedin.com/company/atmecs-inc,https://mapr.com/partners/partner/atmecs-technologies-pvt-ltd/,https://www.glassdoor.com/Overview/Working-at-ATMECS-EI_IE1318180.11,17.htm,https://www.naukri.com/atmecs-technologies-pvt-ltd-jobs-careers-1089084,https://www.indeed.co.in/cmp/Atmecs-Technologies/reviews,https://www.ambitionbox.com/reviews/atmecs-technologies-reviews);' as ${query}
2019-07-29 16:15:07,834|I|Thread-1|secondAssignment.20190729_161451.001|Scenario2|Activity 1|# 11|rdbms.runSQL(var,db,sql) - executing runSQL(var,db,sql)(queryResult, mydb, ${query})
2019-07-29 16:15:07,940|I|Thread-1|secondAssignment.20190729_161451.001|Scenario2|Activity 1|# 11|rdbms.runSQL(var,db,sql) - new connection established for 'mydb'
2019-07-29 16:15:08,316|I|Thread-1|secondAssignment.20190729_161451.001|Scenario2|Activity 1|# 11|rdbms.runSQL(var,db,sql) - executed query in 372 ms with ERROR Error occurred when executing 'Insert into info values("ATMECS", www.atmecs.com/,https://www.glassdoor.co.in/Reviews/ATMECS-Reviews-E1318180.htm,https://www.glassdoor.co.in/.../Working-at-ATMECS-EI_IE1318180.11,17.htm,https://in.linkedin.com/company/atmecs-inc,https://mapr.com/partners/partner/atmecs-technologies-pvt-ltd/,https://www.glassdoor.com/Overview/Working-at-ATMECS-EI_IE1318180.11,17.htm,https://www.naukri.com/atmecs-technologies-pvt-ltd-jobs-careers-1089084,https://www.indeed.co.in/cmp/Atmecs-Technologies/reviews,https://www.ambitionbox.com/reviews/atmecs-technologies-reviews);': [SQLITE_ERROR] SQL error or missing database (near ",": syntax error)
2019-07-29 16:15:08,328|I|Thread-1|secondAssignment.20190729_161451.001|Scenario2|Activity 1|# 11|rdbms.runSQL(var,db,sql) - PASS executed SQL 'Insert into info values("ATMECS", www.atmecs.com/,https://www.glassdoor.co.in/Reviews/ATMECS-Reviews-E1318180.htm,https://www.glassdoor.co.in/.../Working-at-ATMECS-EI_IE1318180.11,17.htm,https://in.linkedin.com/company/atmecs-inc,https://mapr.com/partners/partner/atmecs-technologies-pvt-ltd/,https://www.glassdoor.com/Overview/Working-at-ATMECS-EI_IE1318180.11,17.htm,https://www.naukri.com/atmecs-technologies-pvt-ltd-jobs-careers-1089084,https://www.indeed.co.in/cmp/Atmecs-Technologies/reviews,https://www.ambitionbox.com/reviews/atmecs-technologies-reviews);'; stored result as ${queryResult}
2019-07-29 16:15:08,936|I|Thread-1|secondAssignment.20190729_161451.001|Scenario2|Activity 1|# 12|rdbms.runSQL(var,db,sql) - executing runSQL(var,db,sql)(selectQuery, mydb, select * from info;)
2019-07-29 16:15:08,938|I|Thread-1|secondAssignment.20190729_161451.001|Scenario2|Activity 1|# 12|rdbms.runSQL(var,db,sql) - reusing established connection 'mydb'
2019-07-29 16:15:08,943|I|Thread-1|secondAssignment.20190729_161451.001|Scenario2|Activity 1|# 12|rdbms.runSQL(var,db,sql) - executed query in 2 ms with 0 row(s)
2019-07-29 16:15:08,945|I|Thread-1|secondAssignment.20190729_161451.001|Scenario2|Activity 1|# 12|rdbms.runSQL(var,db,sql) - PASS executed SQL 'select * from info;'; stored result as ${selectQuery}
2019-07-29 16:15:09,549|I|Thread-1|secondAssignment.20190729_161451.001|Scenario2|Activity 1|# 13|rdbms.resultToCSV(var,csv - executing resultToCSV(var,csvFile,delim,showHeader)(${selectQuery}, $(syspath|out|fullpath)/result.csv, |, true)
2019-07-29 16:15:09,661|I|Thread-1|secondAssignment.20190729_161451.001|Scenario2|Activity 1|# 13|rdbms.resultToCSV(var,csv - FAIL specified variable not found: {sql         =select * from info;
startTime   =2019-07-29-16-15-08.940
elapsedTime =2 ms
rowCount    =0
}
2019-07-29 16:15:10,078|I|Thread-1|[secondAssignment.20190729_161451.001|Scenario2] saving test scenario
2019-07-29 16:15:10,187|I|Thread-1|[20190729_161450] 
/-TEST COMPLETE-----------------------------------------------------------------
| Test Output:    C:\projects\secondAssignment\output\20190729_161450\secondAssignment.20190729_161451.001.xlsx
| Iteration:      1
\-------------------------------------------------------------------------------
» Execution Time: 16540 ms
» Test Steps:     9
» Error(s):       1



2019-07-29 16:15:11,014|I|Thread-1|[20190729_161450] 
/-TEST COMPLETE-----------------------------------------------------------------
| Test Script:    C:\projects\secondAssignment\artifact\script\secondAssignment.xlsx
\-------------------------------------------------------------------------------
» Execution Time: 20820 ms
» Iterations:     [1] total 1
» Test Steps:     9
» Passed:         8
» Error(s):       1
» Iteration 1 of 1: C:\projects\secondAssignment\output\20190729_161450\secondAssignment.20190729_161451.001.xlsx



2019-07-29 16:15:11,161|I|main|[20190729_161450] [C:\projects\secondAssignment\artifact\script\secondAssignment.xlsx] now completed
2019-07-29 16:15:11,162|I|main|[20190729_161450] all execution thread(s) have terminated
2019-07-29 16:15:11,163|I|main|[20190729_161450] test run completed in about 21 seconds
2019-07-29 16:15:11,236|I|main|No predefined nexial-setup found
2019-07-29 16:15:11,273|I|main|outputBase not set; output-to-cloud DISABLED!
2019-07-29 16:15:11,273|I|main|accessKey not set; output-to-cloud DISABLED!
2019-07-29 16:15:11,274|I|main|secretKey not set; output-to-cloud DISABLED!
2019-07-29 16:15:11,275|I|main|generating HTML output for this execution to C:\projects\secondAssignment\output\20190729_161450\execution-output.html
2019-07-29 16:15:11,991|I|main|generating JUnit XML output for this execution to C:\projects\secondAssignment\output\20190729_161450\junit.xml
2019-07-29 16:15:12,043|I|main|generated JUnit report for this execution: C:\projects\secondAssignment\output\20190729_161450\junit.xml
2019-07-29 16:15:12,044|I|main|nexial mailer not enabled: nexial.enableEmail=false
2019-07-29 16:15:12,045|I|main|skipped email notification as configured
2019-07-29 16:15:12,048|I|main|exiting Nexial...
2019-07-29 16:15:12,048|I|main|shutdown starts...
2019-07-29 16:15:12,050|I|main|Shutting down 'chrome' webdriver...
2019-07-29 16:15:17,815|I|main|shutdown ends...
2019-07-29 16:15:17,820|I|main|

/-END OF EXECUTION--------------------------------------------------------------
| » Execution Time: 21 sec.
| » Test Steps....: 9
| » Passed........: 8
| » Failed........: 1
| » Success Rate..: 88.89%
\----------------------------------------------------------nexial-core 2.4_0567-

2019-07-29 16:15:17,826|E|main|failure found; success rate is 88.89%
2019-07-29 16:15:17,830|I|main|End of Execution:
NEXIAL_OUTPUT:         C:\projects\secondAssignment\output\20190729_161450
NEXIAL_EXECUTION_HTML: C:\projects\secondAssignment\output\20190729_161450\execution-output.html
NEXIAL_JUNIT_XML:      C:\projects\secondAssignment\output\20190729_161450\junit.xml
NEXIAL_SUCCESS_RATE:   88.89%
NEXIAL_EXIT_STATUS:    -13
