2019-07-29 11:34:16,029|I|Thread-1|(DELAYED) nexial-core 2.4_0567 starting up...
2019-07-29 11:34:16,032|I|Thread-1|(DELAYED) data file resolved as C:\Users\DEEPAN~1.PAT\AppData\Local\Temp\rmpda\secondAssignment.data.xlsx
2019-07-29 11:34:16,032|I|Thread-1|(DELAYED) input files and output directory resolved...
2019-07-29 11:34:16,032|I|Thread-1|(DELAYED) No predefined nexial-setup found
2019-07-29 11:34:16,032|I|Thread-1|(DELAYED) [20190729_113415] [C:\projects\secondAssignment\artifact\script\secondAssignment.xlsx] resolve RUN ID as 20190729_113415
2019-07-29 11:34:16,033|I|Thread-1|(DELAYED) [20190729_113415] [C:\projects\secondAssignment\artifact\script\secondAssignment.xlsx] new thread started
2019-07-29 11:34:16,033|I|Thread-1|No predefined nexial-setup found
2019-07-29 11:34:16,124|I|Thread-1|outputBase not set; output-to-cloud DISABLED!
2019-07-29 11:34:16,124|I|Thread-1|accessKey not set; output-to-cloud DISABLED!
2019-07-29 11:34:16,125|I|Thread-1|secretKey not set; output-to-cloud DISABLED!
2019-07-29 11:34:16,153|I|Thread-1|missing REQUIRED configuration; sms DISABLED!
2019-07-29 11:34:16,934|I|Thread-1|[20190729_113415] executing C:\projects\secondAssignment\artifact\script\secondAssignment.xlsx with 1 iteration(s)
2019-07-29 11:34:16,939|I|Thread-1|[20190729_113415] create directory C:\projects\secondAssignment\output\20190729_113415\captures
2019-07-29 11:34:16,941|I|Thread-1|[20190729_113415] create directory C:\projects\secondAssignment\output\20190729_113415\logs
2019-07-29 11:34:17,697|I|Thread-1|[20190729_113415] merging test data to tmp file C:\projects\secondAssignment\output\20190729_113415\secondAssignment.20190729_113416.001.xlsx
2019-07-29 11:34:17,698|I|Thread-1|refetching data from C:\projects\secondAssignment\artifact\data\secondAssignment.data.xlsx
2019-07-29 11:34:18,021|I|Thread-1|[20190729_113415] test script and test data merged to C:\projects\secondAssignment\output\20190729_113415\secondAssignment.20190729_113416.001.xlsx
2019-07-29 11:34:18,791|I|Thread-1|STARTS
2019-07-29 11:34:18,818|I|Thread-1|secondAssignment.20190729_113416.001 - executing iteration #1 of 1; Iteration Id 1
2019-07-29 11:34:18,826|I|Thread-1|secondAssignment.20190729_113416.001|Scenario - executing test scenario
2019-07-29 11:34:18,828|I|Thread-1|secondAssignment.20190729_113416.001|Scenario|Activity 1 - executing activity
2019-07-29 11:34:19,431|I|Thread-1|secondAssignment.20190729_113416.001|Scenario|Activity 1|#  5|web.open(url) - executing open(url)(https://opensource-demo.orangehrmlive.com/)
2019-07-29 11:34:19,437|I|Thread-1|No valid instance of webdriver, initializing...
2019-07-29 11:34:19,439|I|Thread-1|init chrome
2019-07-29 11:34:25,288|I|Thread-1|browser initialization completed for 'chrome'
2019-07-29 11:34:25,300|I|Thread-1|setting browser polling wait time to 800 ms
2019-07-29 11:34:25,304|I|Thread-1|setting browser page load timeout to 10000 ms
2019-07-29 11:34:29,686|I|Thread-1|current browser window handle:CDwindow-F0E2BEDEF7FDDA747F274BC6B57250EF
2019-07-29 11:34:29,703|I|Thread-1|secondAssignment.20190729_113416.001|Scenario|Activity 1|#  5|web.open(url) - PASS opened URL https://opensource-demo.orangehrmlive.com/
2019-07-29 11:34:30,308|I|Thread-1|secondAssignment.20190729_113416.001|Scenario|Activity 1|#  6|web.type(locator,value) - executing type(locator,value)(//*[@id="txtUsername"], Admin)
2019-07-29 11:34:30,458|I|Thread-1|secondAssignment.20190729_113416.001|Scenario|Activity 1|#  6|web.type(locator,value) - PASS typed text at '//*[@id="txtUsername"]'
2019-07-29 11:34:31,065|I|Thread-1|secondAssignment.20190729_113416.001|Scenario|Activity 1|#  7|web.type(locator,value) - executing type(locator,value)(//*[@id="txtPassword"], admin123)
2019-07-29 11:34:31,199|I|Thread-1|secondAssignment.20190729_113416.001|Scenario|Activity 1|#  7|web.type(locator,value) - PASS typed text at '//*[@id="txtPassword"]'
2019-07-29 11:34:31,802|I|Thread-1|secondAssignment.20190729_113416.001|Scenario|Activity 1|#  8|web.click(locator) - executing click(locator)(//*[@id="btnLogin"])
2019-07-29 11:34:31,822|I|Thread-1|clicking '//*[@id="btnLogin"]'...
2019-07-29 11:34:31,830|I|Thread-1|click target via JS, @id=btnLogin
2019-07-29 11:34:33,589|I|Thread-1|clicked -> true
2019-07-29 11:34:33,590|I|Thread-1|secondAssignment.20190729_113416.001|Scenario|Activity 1|#  8|web.click(locator) - PASS click via JS event
2019-07-29 11:34:34,194|I|Thread-1|secondAssignment.20190729_113416.001|Scenario|Activity 1|#  9|web.click(locator) - executing click(locator)(//*[@id="menu_pim_viewPimModule"]/b)
2019-07-29 11:34:35,362|I|Thread-1|clicking '//*[@id="menu_pim_viewPimModule"]/b'...
2019-07-29 11:34:35,373|I|Thread-1|click target via JS, @id=
2019-07-29 11:34:36,707|I|Thread-1|clicked -> true
2019-07-29 11:34:36,709|I|Thread-1|secondAssignment.20190729_113416.001|Scenario|Activity 1|#  9|web.click(locator) - PASS click via JS event
2019-07-29 11:34:37,311|I|Thread-1|secondAssignment.20190729_113416.001|Scenario|Activity 1|# 10|web.click(locator) - executing click(locator)(//*[@id="btnAdd"])
2019-07-29 11:34:37,371|I|Thread-1|clicking '//*[@id="btnAdd"]'...
2019-07-29 11:34:37,386|I|Thread-1|click target via JS, @id=btnAdd
2019-07-29 11:34:38,099|I|Thread-1|clicked -> true
2019-07-29 11:34:38,101|I|Thread-1|secondAssignment.20190729_113416.001|Scenario|Activity 1|# 10|web.click(locator) - PASS click via JS event
2019-07-29 11:34:38,705|I|Thread-1|secondAssignment.20190729_113416.001|Scenario|Activity 1|# 11|web.type(locator,value) - executing type(locator,value)(//*[@id="firstName"], Deepankar)
2019-07-29 11:34:38,919|I|Thread-1|secondAssignment.20190729_113416.001|Scenario|Activity 1|# 11|web.type(locator,value) - PASS typed text at '//*[@id="firstName"]'
2019-07-29 11:34:39,524|I|Thread-1|secondAssignment.20190729_113416.001|Scenario|Activity 1|# 12|web.type(locator,value) - executing type(locator,value)(//*[@id="lastName"], Pathak)
2019-07-29 11:34:39,720|I|Thread-1|secondAssignment.20190729_113416.001|Scenario|Activity 1|# 12|web.type(locator,value) - PASS typed text at '//*[@id="lastName"]'
2019-07-29 11:34:40,325|I|Thread-1|secondAssignment.20190729_113416.001|Scenario|Activity 1|# 13|web.type(locator,value) - executing type(locator,value)(//*[@id="employeeId"], 1060)
2019-07-29 11:34:40,496|I|Thread-1|secondAssignment.20190729_113416.001|Scenario|Activity 1|# 13|web.type(locator,value) - PASS typed text at '//*[@id="employeeId"]'
2019-07-29 11:34:41,098|I|Thread-1|secondAssignment.20190729_113416.001|Scenario|Activity 1|# 14|web.click(locator) - executing click(locator)(//*[@id="chkLogin"])
2019-07-29 11:34:41,157|I|Thread-1|clicking '//*[@id="chkLogin"]'...
2019-07-29 11:34:41,173|I|Thread-1|click target via JS, @id=chkLogin
2019-07-29 11:34:41,196|I|Thread-1|clicked -> true
2019-07-29 11:34:41,197|I|Thread-1|secondAssignment.20190729_113416.001|Scenario|Activity 1|# 14|web.click(locator) - PASS click via JS event
2019-07-29 11:34:41,799|I|Thread-1|secondAssignment.20190729_113416.001|Scenario|Activity 1|# 15|web.type(locator,value) - executing type(locator,value)(//*[@id="user_name"], deepankar.pathak)
2019-07-29 11:34:41,987|I|Thread-1|secondAssignment.20190729_113416.001|Scenario|Activity 1|# 15|web.type(locator,value) - PASS typed text at '//*[@id="user_name"]'
2019-07-29 11:34:42,590|I|Thread-1|secondAssignment.20190729_113416.001|Scenario|Activity 1|# 16|web.type(locator,value) - executing type(locator,value)(//*[@id="user_password"], deepankar)
2019-07-29 11:34:42,763|I|Thread-1|secondAssignment.20190729_113416.001|Scenario|Activity 1|# 16|web.type(locator,value) - PASS typed text at '//*[@id="user_password"]'
2019-07-29 11:34:43,366|I|Thread-1|secondAssignment.20190729_113416.001|Scenario|Activity 1|# 17|web.type(locator,value) - executing type(locator,value)(//*[@id="re_password"], deepankar)
2019-07-29 11:34:43,543|I|Thread-1|secondAssignment.20190729_113416.001|Scenario|Activity 1|# 17|web.type(locator,value) - PASS typed text at '//*[@id="re_password"]'
2019-07-29 11:34:44,146|I|Thread-1|secondAssignment.20190729_113416.001|Scenario|Activity 1|# 18|web.click(locator) - executing click(locator)(//*[@id="btnSave"])
2019-07-29 11:34:44,200|I|Thread-1|clicking '//*[@id="btnSave"]'...
2019-07-29 11:34:44,211|I|Thread-1|click target via JS, @id=btnSave
2019-07-29 11:34:45,175|I|Thread-1|clicked -> true
2019-07-29 11:34:45,179|I|Thread-1|secondAssignment.20190729_113416.001|Scenario|Activity 1|# 18|web.click(locator) - PASS click via JS event
2019-07-29 11:34:45,787|I|Thread-1|secondAssignment.20190729_113416.001|Scenario|Activity 1|# 19|web.click(locator) - executing click(locator)(//*[@id="menu_admin_viewAdminModule"]/b)
2019-07-29 11:34:45,840|I|Thread-1|clicking '//*[@id="menu_admin_viewAdminModule"]/b'...
2019-07-29 11:34:45,857|I|Thread-1|click target via JS, @id=
2019-07-29 11:34:47,052|I|Thread-1|clicked -> true
2019-07-29 11:34:47,054|I|Thread-1|secondAssignment.20190729_113416.001|Scenario|Activity 1|# 19|web.click(locator) - PASS click via JS event
2019-07-29 11:34:47,657|I|Thread-1|secondAssignment.20190729_113416.001|Scenario|Activity 1|# 20|web.type(locator,value) - executing type(locator,value)(//*[@id="searchSystemUser_userName"], deepankar.pathak)
2019-07-29 11:34:47,851|I|Thread-1|secondAssignment.20190729_113416.001|Scenario|Activity 1|# 20|web.type(locator,value) - PASS typed text at '//*[@id="searchSystemUser_userName"]'
2019-07-29 11:34:48,454|I|Thread-1|secondAssignment.20190729_113416.001|Scenario|Activity 1|# 21|web.type(locator,value) - executing type(locator,value)(//*[@id="searchSystemUser_employeeName_empName"], Deepankar Pathak)
2019-07-29 11:34:48,647|I|Thread-1|secondAssignment.20190729_113416.001|Scenario|Activity 1|# 21|web.type(locator,value) - PASS typed text at '//*[@id="searchSystemUser_employeeName_empName"]'
2019-07-29 11:34:49,250|I|Thread-1|secondAssignment.20190729_113416.001|Scenario|Activity 1|# 22|web.click(locator) - executing click(locator)(//*[@id="searchBtn"])
2019-07-29 11:34:49,301|I|Thread-1|clicking '//*[@id="searchBtn"]'...
2019-07-29 11:34:49,313|I|Thread-1|click target via JS, @id=searchBtn
2019-07-29 11:34:49,756|I|Thread-1|clicked -> true
2019-07-29 11:34:49,757|I|Thread-1|secondAssignment.20190729_113416.001|Scenario|Activity 1|# 22|web.click(locator) - PASS click via JS event
2019-07-29 11:34:50,360|I|Thread-1|secondAssignment.20190729_113416.001|Scenario|Activity 1|# 23|web.click(locator) - executing click(locator)(//*[@id="menu_leave_viewLeaveModule"]/b)
2019-07-29 11:34:50,417|I|Thread-1|clicking '//*[@id="menu_leave_viewLeaveModule"]/b'...
2019-07-29 11:34:50,431|I|Thread-1|click target via JS, @id=
2019-07-29 11:34:51,937|I|Thread-1|clicked -> true
2019-07-29 11:34:51,939|I|Thread-1|secondAssignment.20190729_113416.001|Scenario|Activity 1|# 23|web.click(locator) - PASS click via JS event
2019-07-29 11:34:52,543|I|Thread-1|secondAssignment.20190729_113416.001|Scenario|Activity 1|# 24|web.click(locator) - executing click(locator)(//*[@id="menu_leave_assignLeave"])
2019-07-29 11:34:52,582|I|Thread-1|clicking '//*[@id="menu_leave_assignLeave"]'...
2019-07-29 11:34:52,593|I|Thread-1|click target via JS, @id=menu_leave_assignLeave
2019-07-29 11:34:53,292|I|Thread-1|clicked -> true
2019-07-29 11:34:53,293|I|Thread-1|secondAssignment.20190729_113416.001|Scenario|Activity 1|# 24|web.click(locator) - PASS click via JS event
2019-07-29 11:34:53,895|I|Thread-1|secondAssignment.20190729_113416.001|Scenario|Activity 1|# 25|web.type(locator,value) - executing type(locator,value)(//*[@id="assignleave_txtEmployee_empName"], Deepankar Pathak)
2019-07-29 11:34:54,129|I|Thread-1|secondAssignment.20190729_113416.001|Scenario|Activity 1|# 25|web.type(locator,value) - PASS typed text at '//*[@id="assignleave_txtEmployee_empName"]'
2019-07-29 11:34:54,732|I|Thread-1|secondAssignment.20190729_113416.001|Scenario|Activity 1|# 26|web.click(locator) - executing click(locator)(//*[@id="assignleave_txtLeaveType"])
2019-07-29 11:34:54,782|I|Thread-1|clicking '//*[@id="assignleave_txtLeaveType"]'...
2019-07-29 11:34:54,797|I|Thread-1|click target via JS, @id=assignleave_txtLeaveType
2019-07-29 11:34:54,815|I|Thread-1|clicked -> true
2019-07-29 11:34:54,816|I|Thread-1|secondAssignment.20190729_113416.001|Scenario|Activity 1|# 26|web.click(locator) - PASS click via JS event
2019-07-29 11:34:55,417|I|Thread-1|secondAssignment.20190729_113416.001|Scenario|Activity 1|# 27|web.type(locator,value) - executing type(locator,value)(//*[@id="assignleave_txtLeaveType"], Vacation US)
2019-07-29 11:34:55,519|E|Thread-1|secondAssignment.20190729_113416.001|Scenario|Activity 1|# 27|web.type(locator,value) - EXECUTING COMMAND: web.type(locator,value)('//*[@id="assignleave_txtLeaveType"]', 'Vacation US')
UNKNOWN ERROR: invalid element state: Element must be user-editable in order to clear it.   (Session info: chrome=75.0.3770.142)...
2019-07-29 11:34:55,704|I|Thread-1|secondAssignment.20190729_113416.001|Scenario|Activity 1|# 27|web.type(locator,value) - FAIL EXECUTING COMMAND: web.type(locator,value)('//*[@id="assignleave_txtLeaveType"]', 'Vacation US')
UNKNOWN ERROR: invalid element state: Element must be user-editable in order to clear it.   (Session info: chrome=75.0.3770.142)...
2019-07-29 11:34:56,309|I|Thread-1|secondAssignment.20190729_113416.001|Scenario|Activity 1|# 28|web.click(locator) - executing click(locator)(//*[@id="frmLeaveApply"]/fieldset/ol/li[4]/img)
2019-07-29 11:34:56,363|I|Thread-1|clicking '//*[@id="frmLeaveApply"]/fieldset/ol/li[4]/img'...
2019-07-29 11:34:56,378|I|Thread-1|click target via JS, @id=
2019-07-29 11:34:56,434|I|Thread-1|clicked -> true
2019-07-29 11:34:56,436|I|Thread-1|secondAssignment.20190729_113416.001|Scenario|Activity 1|# 28|web.click(locator) - PASS click via JS event
2019-07-29 11:34:57,037|I|Thread-1|secondAssignment.20190729_113416.001|Scenario|Activity 1|# 29|web.click(locator) - executing click(locator)(//*[@id="ui-datepicker-div"]/table/tbody/tr[5]/td[2]/a)
2019-07-29 11:34:57,097|I|Thread-1|clicking '//*[@id="ui-datepicker-div"]/table/tbody/tr[5]/td[2]/a'...
2019-07-29 11:34:57,119|I|Thread-1|click target via JS, @id=
2019-07-29 11:34:57,155|I|Thread-1|clicked -> true
2019-07-29 11:34:57,157|I|Thread-1|secondAssignment.20190729_113416.001|Scenario|Activity 1|# 29|web.click(locator) - PASS click via JS event
2019-07-29 11:34:57,761|I|Thread-1|secondAssignment.20190729_113416.001|Scenario|Activity 1|# 30|web.click(locator) - executing click(locator)(//*[@id="frmLeaveApply"]/fieldset/ol/li[5]/img)
2019-07-29 11:34:57,821|I|Thread-1|clicking '//*[@id="frmLeaveApply"]/fieldset/ol/li[5]/img'...
2019-07-29 11:34:57,849|I|Thread-1|click target via JS, @id=
2019-07-29 11:34:57,898|I|Thread-1|clicked -> true
2019-07-29 11:34:57,899|I|Thread-1|secondAssignment.20190729_113416.001|Scenario|Activity 1|# 30|web.click(locator) - PASS click via JS event
2019-07-29 11:34:58,501|I|Thread-1|secondAssignment.20190729_113416.001|Scenario|Activity 1|# 31|web.click(locator) - executing click(locator)(//*[@id="ui-datepicker-div"]/table/tbody/tr[5]/td[3]/a)
2019-07-29 11:34:58,547|I|Thread-1|clicking '//*[@id="ui-datepicker-div"]/table/tbody/tr[5]/td[3]/a'...
2019-07-29 11:34:58,557|I|Thread-1|click target via JS, @id=
2019-07-29 11:34:58,577|I|Thread-1|clicked -> true
2019-07-29 11:34:58,578|I|Thread-1|secondAssignment.20190729_113416.001|Scenario|Activity 1|# 31|web.click(locator) - PASS click via JS event
2019-07-29 11:34:59,180|I|Thread-1|secondAssignment.20190729_113416.001|Scenario|Activity 1|# 32|web.type(locator,value) - executing type(locator,value)(//*[@id="assignleave_txtComment"], Sick Leave)
2019-07-29 11:34:59,374|I|Thread-1|secondAssignment.20190729_113416.001|Scenario|Activity 1|# 32|web.type(locator,value) - PASS typed text at '//*[@id="assignleave_txtComment"]'
2019-07-29 11:34:59,978|I|Thread-1|secondAssignment.20190729_113416.001|Scenario|Activity 1|# 33|web.click(locator) - executing click(locator)(//*[@id="assignBtn"])
2019-07-29 11:35:00,031|I|Thread-1|clicking '//*[@id="assignBtn"]'...
2019-07-29 11:35:00,046|I|Thread-1|click target via JS, @id=assignBtn
2019-07-29 11:35:00,069|I|Thread-1|clicked -> true
2019-07-29 11:35:00,069|I|Thread-1|secondAssignment.20190729_113416.001|Scenario|Activity 1|# 33|web.click(locator) - PASS click via JS event
2019-07-29 11:35:00,415|I|Thread-1|[secondAssignment.20190729_113416.001|Scenario] saving test scenario
2019-07-29 11:35:00,538|I|Thread-1|[20190729_113415] 
/-TEST COMPLETE-----------------------------------------------------------------
| Test Output:    C:\projects\secondAssignment\output\20190729_113415\secondAssignment.20190729_113416.001.xlsx
| Iteration:      1
\-------------------------------------------------------------------------------
» Execution Time: 41715 ms
» Test Steps:     29
» Error(s):       1



2019-07-29 11:35:01,361|I|Thread-1|[20190729_113415] 
/-TEST COMPLETE-----------------------------------------------------------------
| Test Script:    C:\projects\secondAssignment\artifact\script\secondAssignment.xlsx
\-------------------------------------------------------------------------------
» Execution Time: 45510 ms
» Iterations:     [1] total 1
» Test Steps:     29
» Passed:         28
» Error(s):       1
» Iteration 1 of 1: C:\projects\secondAssignment\output\20190729_113415\secondAssignment.20190729_113416.001.xlsx



2019-07-29 11:35:01,822|I|main|[20190729_113415] [C:\projects\secondAssignment\artifact\script\secondAssignment.xlsx] now completed
2019-07-29 11:35:01,823|I|main|[20190729_113415] all execution thread(s) have terminated
2019-07-29 11:35:01,825|I|main|[20190729_113415] test run completed in about 46 seconds
2019-07-29 11:35:01,905|I|main|No predefined nexial-setup found
2019-07-29 11:35:01,940|I|main|outputBase not set; output-to-cloud DISABLED!
2019-07-29 11:35:01,940|I|main|accessKey not set; output-to-cloud DISABLED!
2019-07-29 11:35:01,941|I|main|secretKey not set; output-to-cloud DISABLED!
2019-07-29 11:35:01,942|I|main|generating HTML output for this execution to C:\projects\secondAssignment\output\20190729_113415\execution-output.html
2019-07-29 11:35:02,683|I|main|generating JUnit XML output for this execution to C:\projects\secondAssignment\output\20190729_113415\junit.xml
2019-07-29 11:35:02,733|I|main|generated JUnit report for this execution: C:\projects\secondAssignment\output\20190729_113415\junit.xml
2019-07-29 11:35:02,736|I|main|nexial mailer not enabled: nexial.enableEmail=false
2019-07-29 11:35:02,737|I|main|skipped email notification as configured
2019-07-29 11:35:02,739|I|main|exiting Nexial...
2019-07-29 11:35:02,739|I|main|shutdown starts...
2019-07-29 11:35:02,741|I|main|Shutting down 'chrome' webdriver...
2019-07-29 11:35:08,447|I|main|shutdown ends...
2019-07-29 11:35:08,452|I|main|

/-END OF EXECUTION--------------------------------------------------------------
| » Execution Time: 46 sec.
| » Test Steps....: 29
| » Passed........: 28
| » Failed........: 1
| » Success Rate..: 96.55%
\----------------------------------------------------------nexial-core 2.4_0567-

2019-07-29 11:35:08,455|E|main|failure found; success rate is 96.55%
2019-07-29 11:35:08,469|I|main|End of Execution:
NEXIAL_OUTPUT:         C:\projects\secondAssignment\output\20190729_113415
NEXIAL_EXECUTION_HTML: C:\projects\secondAssignment\output\20190729_113415\execution-output.html
NEXIAL_JUNIT_XML:      C:\projects\secondAssignment\output\20190729_113415\junit.xml
NEXIAL_SUCCESS_RATE:   96.55%
NEXIAL_EXIT_STATUS:    -13
