2019-07-20 17:12:06,539|I|Thread-1|(DELAYED) nexial-core dev_0581 starting up...
2019-07-20 17:12:06,544|I|Thread-1|(DELAYED) data file resolved as C:\Users\DEEPAN~1\AppData\Local\Temp\OorHw\firstEvaluation.data.xlsx
2019-07-20 17:12:06,544|I|Thread-1|(DELAYED) input files and output directory resolved...
2019-07-20 17:12:06,544|I|Thread-1|(DELAYED) No predefined nexial-setup found
2019-07-20 17:12:06,544|I|Thread-1|(DELAYED) [20190720_171206] [C:\projects\firstEvaluation\artifact\script\firstEvaluation.xlsx] resolve RUN ID as 20190720_171206
2019-07-20 17:12:06,544|I|Thread-1|(DELAYED) [20190720_171206] [C:\projects\firstEvaluation\artifact\script\firstEvaluation.xlsx] new thread started
2019-07-20 17:12:06,544|I|Thread-1|No predefined nexial-setup found
2019-07-20 17:12:06,599|I|Thread-1|outputBase not set; output-to-cloud DISABLED!
2019-07-20 17:12:06,599|I|Thread-1|accessKey not set; output-to-cloud DISABLED!
2019-07-20 17:12:06,599|I|Thread-1|secretKey not set; output-to-cloud DISABLED!
2019-07-20 17:12:06,614|I|Thread-1|missing REQUIRED configuration; sms DISABLED!
2019-07-20 17:12:07,380|I|Thread-1|[20190720_171206] executing C:\projects\firstEvaluation\artifact\script\firstEvaluation.xlsx with 1 iteration(s)
2019-07-20 17:12:07,384|I|Thread-1|[20190720_171206] create directory C:\projects\firstEvaluation\output\20190720_171206\captures
2019-07-20 17:12:07,389|I|Thread-1|[20190720_171206] create directory C:\projects\firstEvaluation\output\20190720_171206\logs
2019-07-20 17:12:07,705|I|Thread-1|[20190720_171206] merging test data to tmp file C:\projects\firstEvaluation\output\20190720_171206\firstEvaluation.20190720_171207.001.xlsx
2019-07-20 17:12:07,710|I|Thread-1|refetching data from C:\projects\firstEvaluation\artifact\data\firstEvaluation.data.xlsx
2019-07-20 17:12:07,875|I|Thread-1|[20190720_171206] test script and test data merged to C:\projects\firstEvaluation\output\20190720_171206\firstEvaluation.20190720_171207.001.xlsx
2019-07-20 17:12:08,399|I|Thread-1|STARTS
2019-07-20 17:12:08,424|I|Thread-1|firstEvaluation.20190720_171207.001 - executing iteration #1 of 1; Iteration Id 1
2019-07-20 17:12:08,439|I|Thread-1|firstEvaluation.20190720_171207.001|JsonScenario - executing test scenario
2019-07-20 17:12:08,439|I|Thread-1|firstEvaluation.20190720_171207.001|JsonScenario|Activity 1 - executing activity
2019-07-20 17:12:09,039|I|Thread-1|firstEvaluation.20190720_171207.001|JsonScenario|Activity 1|#  5|json.storeValues(json,jso - executing storeValues(json,jsonpath,var)($(syspath|data|fullpath)/example_2.json, products[supplier=Wisozk Inc].product_name, productNames)
2019-07-20 17:12:09,122|I|Thread-1|firstEvaluation.20190720_171207.001|JsonScenario|Activity 1|#  5|json.storeValues(json,jso - PASS EXPECTED match against 'products[supplier=Wisozk Inc].product_name' stored to ${productNames}
2019-07-20 17:12:09,726|I|Thread-1|firstEvaluation.20190720_171207.001|JsonScenario|Activity 1|#  6|base.verbose(text) - executing verbose(text)(${productNames})
2019-07-20 17:12:09,726|I|Thread-1|firstEvaluation.20190720_171207.001|JsonScenario|Activity 1|#  6|base.verbose(text) - ["sildenafil citrate","Mountain Juniperus ashei"]
2019-07-20 17:12:09,881|I|Thread-1|firstEvaluation.20190720_171207.001|JsonScenario|Activity 1|#  6|base.verbose(text) - PASS 
2019-07-20 17:12:09,886|I|Thread-1|firstEvaluation.20190720_171207.001|JsonScenario|Activity 2 - executing activity
2019-07-20 17:12:10,488|I|Thread-1|firstEvaluation.20190720_171207.001|JsonScenario|Activity 2|#  7|json.storeValues(json,jso - executing storeValues(json,jsonpath,var)($(syspath|data|fullpath)/example_2.json, products[supplier=Wisozk Inc].quantity, quantityList)
2019-07-20 17:12:10,488|I|Thread-1|firstEvaluation.20190720_171207.001|JsonScenario|Activity 2|#  7|json.storeValues(json,jso - PASS EXPECTED match against 'products[supplier=Wisozk Inc].quantity' stored to ${quantityList}
2019-07-20 17:12:11,093|I|Thread-1|firstEvaluation.20190720_171207.001|JsonScenario|Activity 2|#  8|json.storeValues(json,jso - executing storeValues(json,jsonpath,var)($(syspath|data|fullpath)/example_2.json, products[supplier=Wisozk Inc].unit_cost, costList)
2019-07-20 17:12:11,097|I|Thread-1|firstEvaluation.20190720_171207.001|JsonScenario|Activity 2|#  8|json.storeValues(json,jso - PASS EXPECTED match against 'products[supplier=Wisozk Inc].unit_cost' stored to ${costList}
2019-07-20 17:12:11,700|I|Thread-1|firstEvaluation.20190720_171207.001|JsonScenario|Activity 2|#  9|base.save(var,value) - executing save(var,value)(unit_costList, [LIST${costList} => replaceRegex([$],)])
2019-07-20 17:12:11,700|I|Thread-1|firstEvaluation.20190720_171207.001|JsonScenario|Activity 2|#  9|base.save(var,value) - PASS stored '[LIST["$10.47","$8.74"] => replaceRegex([$],)]' as ${unit_costList}
2019-07-20 17:12:12,300|I|Thread-1|firstEvaluation.20190720_171207.001|JsonScenario|Activity 2|# 10|base.verbose(text) - executing verbose(text)(${unit_costList})
2019-07-20 17:12:12,300|I|Thread-1|firstEvaluation.20190720_171207.001|JsonScenario|Activity 2|# 10|base.verbose(text) - [LIST["$10.47","$8.74"] => replaceRegex([$],)]
2019-07-20 17:12:12,300|I|Thread-1|firstEvaluation.20190720_171207.001|JsonScenario|Activity 2|# 10|base.verbose(text) - PASS 
2019-07-20 17:12:12,901|I|Thread-1|firstEvaluation.20190720_171207.001|JsonScenario|Activity 2|# 11|base.save(var,value) - executing save(var,value)(sumTotal, 0)
2019-07-20 17:12:12,901|I|Thread-1|firstEvaluation.20190720_171207.001|JsonScenario|Activity 2|# 11|base.save(var,value) - PASS stored '0' as ${sumTotal}
2019-07-20 17:12:13,506|I|Thread-1|firstEvaluation.20190720_171207.001|JsonScenario|Activity 2|# 12|base.save(var,value) - executing save(var,value)(counter, 0)
2019-07-20 17:12:13,506|I|Thread-1|firstEvaluation.20190720_171207.001|JsonScenario|Activity 2|# 12|base.save(var,value) - PASS stored '0' as ${counter}
2019-07-20 17:12:14,111|I|Thread-1|firstEvaluation.20190720_171207.001|JsonScenario|Activity 2|# 13|base.save(var,value) - executing save(var,value)(length, $(array|length|${quantityList}))
2019-07-20 17:12:14,117|I|Thread-1|firstEvaluation.20190720_171207.001|JsonScenario|Activity 2|# 13|base.save(var,value) - PASS stored '2' as ${length}
2019-07-20 17:12:14,720|I|Thread-1|firstEvaluation.20190720_171207.001|JsonScenario|Activity 2|# 14|base.save(var,value) - executing save(var,value)(mulValue, 0)
2019-07-20 17:12:14,720|I|Thread-1|firstEvaluation.20190720_171207.001|JsonScenario|Activity 2|# 14|base.save(var,value) - PASS stored '0' as ${mulValue}
2019-07-20 17:12:15,320|I|Thread-1|firstEvaluation.20190720_171207.001|JsonScenario|Activity 2|# 15|base.verbose(text) - executing verbose(text)(${unit_costList})
2019-07-20 17:12:15,320|I|Thread-1|firstEvaluation.20190720_171207.001|JsonScenario|Activity 2|# 15|base.verbose(text) - [LIST["$10.47","$8.74"] => replaceRegex([$],)]
2019-07-20 17:12:15,320|I|Thread-1|firstEvaluation.20190720_171207.001|JsonScenario|Activity 2|# 15|base.verbose(text) - PASS 
2019-07-20 17:12:15,928|I|Thread-1|firstEvaluation.20190720_171207.001|JsonScenario|Activity 2|# 16|base.repeatUntil(steps,ma - executing repeatUntil(steps,maxWaitMs)(6, -1)
2019-07-20 17:12:15,928|I|Thread-1|firstEvaluation.20190720_171207.001|JsonScenario|Activity 2|# 17|base.assertEqual(expected - 
<[repeat-until] entering loop #1 --------------------------------------------->
2019-07-20 17:12:15,928|I|Thread-1|firstEvaluation.20190720_171207.001|JsonScenario|Activity 2|# 17|base.assertEqual(expected - executing assertEqual(expected,actual)(${length}, ${counter})
2019-07-20 17:12:15,933|I|Thread-1|firstEvaluation.20190720_171207.001|JsonScenario|Activity 2|# 18|base.save(var,value) - executing save(var,value)(unit_cost, $(array|item|${unit_costList}|${counter}))
2019-07-20 17:12:15,933|I|Thread-1|firstEvaluation.20190720_171207.001|JsonScenario|Activity 2|# 18|base.save(var,value) - [repeat-until] PASS stored '"$10.47"' as ${unit_cost}
2019-07-20 17:12:15,933|I|Thread-1|firstEvaluation.20190720_171207.001|JsonScenario|Activity 2|# 19|base.save(var,value) - executing save(var,value)(quantity, $(array|item|${quantityList}|${counter}))
2019-07-20 17:12:15,933|I|Thread-1|firstEvaluation.20190720_171207.001|JsonScenario|Activity 2|# 19|base.save(var,value) - [repeat-until] PASS stored '261' as ${quantity}
2019-07-20 17:12:15,943|I|Thread-1|firstEvaluation.20190720_171207.001|JsonScenario|Activity 2|# 20|base.save(var,value) - executing save(var,value)(mulValue, [NUMBER(${unit_cost}) => multiply(${quantity})])
2019-07-20 17:12:15,958|I|Thread-1|firstEvaluation.20190720_171207.001|JsonScenario|Activity 2|# 20|base.save(var,value) - [repeat-until] PASS stored '2732.67' as ${mulValue}
2019-07-20 17:12:15,958|I|Thread-1|firstEvaluation.20190720_171207.001|JsonScenario|Activity 2|# 21|base.save(var,value) - executing save(var,value)(sumTotal, [NUMBER(${sumTotal}) => add(${mulValue})])
2019-07-20 17:12:15,968|I|Thread-1|firstEvaluation.20190720_171207.001|JsonScenario|Activity 2|# 21|base.save(var,value) - [repeat-until] PASS stored '2732.67' as ${sumTotal}
2019-07-20 17:12:15,973|I|Thread-1|firstEvaluation.20190720_171207.001|JsonScenario|Activity 2|# 22|number.increment(var,amou - executing increment(var,amount)(counter, 1)
2019-07-20 17:12:15,978|I|Thread-1|firstEvaluation.20190720_171207.001|JsonScenario|Activity 2|# 22|number.increment(var,amou - [repeat-until] PASS incremented ${counter} by 1 to 1
2019-07-20 17:12:15,983|I|Thread-1|firstEvaluation.20190720_171207.001|JsonScenario|Activity 2|# 17|base.assertEqual(expected - 
<[repeat-until] entering loop #2 --------------------------------------------->
2019-07-20 17:12:15,983|I|Thread-1|firstEvaluation.20190720_171207.001|JsonScenario|Activity 2|# 17|base.assertEqual(expected - executing assertEqual(expected,actual)(${length}, ${counter})
2019-07-20 17:12:15,988|I|Thread-1|firstEvaluation.20190720_171207.001|JsonScenario|Activity 2|# 18|base.save(var,value) - executing save(var,value)(unit_cost, $(array|item|${unit_costList}|${counter}))
2019-07-20 17:12:15,993|I|Thread-1|firstEvaluation.20190720_171207.001|JsonScenario|Activity 2|# 18|base.save(var,value) - [repeat-until] PASS stored '"$8.74"' as ${unit_cost}
2019-07-20 17:12:15,993|I|Thread-1|firstEvaluation.20190720_171207.001|JsonScenario|Activity 2|# 19|base.save(var,value) - executing save(var,value)(quantity, $(array|item|${quantityList}|${counter}))
2019-07-20 17:12:15,998|I|Thread-1|firstEvaluation.20190720_171207.001|JsonScenario|Activity 2|# 19|base.save(var,value) - [repeat-until] PASS stored '292' as ${quantity}
2019-07-20 17:12:16,006|I|Thread-1|firstEvaluation.20190720_171207.001|JsonScenario|Activity 2|# 20|base.save(var,value) - executing save(var,value)(mulValue, [NUMBER(${unit_cost}) => multiply(${quantity})])
2019-07-20 17:12:16,008|I|Thread-1|firstEvaluation.20190720_171207.001|JsonScenario|Activity 2|# 20|base.save(var,value) - [repeat-until] PASS stored '2552.08' as ${mulValue}
2019-07-20 17:12:16,009|I|Thread-1|firstEvaluation.20190720_171207.001|JsonScenario|Activity 2|# 21|base.save(var,value) - executing save(var,value)(sumTotal, [NUMBER(${sumTotal}) => add(${mulValue})])
2019-07-20 17:12:16,021|I|Thread-1|firstEvaluation.20190720_171207.001|JsonScenario|Activity 2|# 21|base.save(var,value) - [repeat-until] PASS stored '5284.75' as ${sumTotal}
2019-07-20 17:12:16,023|I|Thread-1|firstEvaluation.20190720_171207.001|JsonScenario|Activity 2|# 22|number.increment(var,amou - executing increment(var,amount)(counter, 1)
2019-07-20 17:12:16,027|I|Thread-1|firstEvaluation.20190720_171207.001|JsonScenario|Activity 2|# 22|number.increment(var,amou - [repeat-until] PASS incremented ${counter} by 1 to 2
2019-07-20 17:12:16,030|I|Thread-1|firstEvaluation.20190720_171207.001|JsonScenario|Activity 2|# 17|base.assertEqual(expected - 
<[repeat-until] entering loop #3 --------------------------------------------->
2019-07-20 17:12:16,038|I|Thread-1|firstEvaluation.20190720_171207.001|JsonScenario|Activity 2|# 17|base.assertEqual(expected - executing assertEqual(expected,actual)(${length}, ${counter})
2019-07-20 17:12:16,040|I|Thread-1|firstEvaluation.20190720_171207.001|JsonScenario|Activity 2|# 16|base.repeatUntil(steps,ma - PASS repeat-until execution completed
2019-07-20 17:12:16,645|I|Thread-1|firstEvaluation.20190720_171207.001|JsonScenario|Activity 2|# 23|base.verbose(text) - executing verbose(text)(${sumTotal})
2019-07-20 17:12:16,645|I|Thread-1|firstEvaluation.20190720_171207.001|JsonScenario|Activity 2|# 23|base.verbose(text) - 5284.75
2019-07-20 17:12:16,645|I|Thread-1|firstEvaluation.20190720_171207.001|JsonScenario|Activity 2|# 23|base.verbose(text) - PASS 
2019-07-20 17:12:16,650|I|Thread-1|firstEvaluation.20190720_171207.001|JsonScenario|Activity 3 - executing activity
2019-07-20 17:12:17,250|I|Thread-1|firstEvaluation.20190720_171207.001|JsonScenario|Activity 3|# 24|base.save(var,value) - executing save(var,value)(jsonFile, $(syspath|data|fullpath)/example_2.json)
2019-07-20 17:12:17,258|I|Thread-1|firstEvaluation.20190720_171207.001|JsonScenario|Activity 3|# 24|base.save(var,value) - PASS stored 'C:\projects\firstEvaluation\artifact\data\example_2.json' as ${jsonFile}
2019-07-20 17:12:17,861|I|Thread-1|firstEvaluation.20190720_171207.001|JsonScenario|Activity 3|# 25|base.save(var,value) - executing save(var,value)(var, [JSON(${jsonFile} => extract(products[unit_cost => ascending])])
2019-07-20 17:12:17,861|I|Thread-1|firstEvaluation.20190720_171207.001|JsonScenario|Activity 3|# 25|base.save(var,value) - PASS stored '[JSON(C:\projects\firstEvaluation\artifact\data\example_2.json => extract(products[unit_cost => ascending])]' as ${var}
2019-07-20 17:12:18,464|I|Thread-1|firstEvaluation.20190720_171207.001|JsonScenario|Activity 3|# 26|io.readFile(var,file) - executing readFile(var,file)(newvar, $(syspath|data|fullpath)/example_2.json)
2019-07-20 17:12:18,464|I|Thread-1|firstEvaluation.20190720_171207.001|JsonScenario|Activity 3|# 26|io.readFile(var,file) - PASS Content read from 'C:\projects\firstEvaluation\artifact\data\example_2.json' to ${newvar}
2019-07-20 17:12:19,065|I|Thread-1|firstEvaluation.20190720_171207.001|JsonScenario|Activity 3|# 27|base.verbose(text) - executing verbose(text)(${newvar})
2019-07-20 17:12:19,065|I|Thread-1|firstEvaluation.20190720_171207.001|JsonScenario|Activity 3|# 27|base.verbose(text) - {
	"products": 
		[{
  			"_id": {
 			   "orderid": "5968dd23fc13ae04d9000001"
  				},
  			"product_name": "sildenafil citrate",
  			"supplier": "Wisozk Inc",
  			"quantity": 261,
  			"unit_cost": "$10.47"
		}, 
		{
 			"_id": {
    			  "orderid": "5968dd23fc13ae04d9000002"
  				},
 			  "product_name": "Mountain Juniperus ashei",
  			  "supplier": "Wisozk Inc",
			  "quantity": 292,
			  "unit_cost": "$8.74"
		},
		{
			 "_id": {
			    "orderid": "5968dd23fc13ae04d9000003"
				},
			    "product_name": "Dextromathorphan HBr",
			    "supplier": "Schmitt-Weissnat",
  		            "quantity": 211,
  			    "unit_cost": "$20.53"
		},
		{
			 "_id": {
			    "orderid": "5968dd23fc13ae04d9000004"
 				 },
  			    "product_name": "Dextromathorphan HBr",
			    "supplier": "SC-Pharmacy",
			    "quantity": 211,
			    "unit_cost": "$20.53"
		}]
}
2019-07-20 17:12:19,214|I|Thread-1|firstEvaluation.20190720_171207.001|JsonScenario|Activity 3|# 27|base.verbose(text) - PASS 
2019-07-20 17:12:19,386|I|Thread-1|[firstEvaluation.20190720_171207.001|JsonScenario] saving test scenario
2019-07-20 17:12:19,461|I|Thread-1|[20190720_171206] 
/-TEST COMPLETE-----------------------------------------------------------------
| Test Output:    C:\projects\firstEvaluation\output\20190720_171206\firstEvaluation.20190720_171207.001.xlsx
| Iteration:      1
\-------------------------------------------------------------------------------
» Execution Time: 11032 ms
» Test Steps:     17
» Error(s):       0



2019-07-20 17:12:21,445|I|Thread-1|[20190720_171206] 
/-TEST COMPLETE-----------------------------------------------------------------
| Test Script:    C:\projects\firstEvaluation\artifact\script\firstEvaluation.xlsx
\-------------------------------------------------------------------------------
» Execution Time: 15025 ms
» Iterations:     [1] total 1
» Test Steps:     17
» Passed:         17
» Error(s):       0
» Iteration 1 of 1: C:\projects\firstEvaluation\output\20190720_171206\firstEvaluation.20190720_171207.001.xlsx



2019-07-20 17:12:22,409|I|main|[20190720_171206] [C:\projects\firstEvaluation\artifact\script\firstEvaluation.xlsx] now completed
2019-07-20 17:12:22,409|I|main|[20190720_171206] all execution thread(s) have terminated
2019-07-20 17:12:22,409|I|main|[20190720_171206] test run completed in about 16 seconds
2019-07-20 17:12:22,464|I|main|No predefined nexial-setup found
2019-07-20 17:12:22,489|I|main|outputBase not set; output-to-cloud DISABLED!
2019-07-20 17:12:22,494|I|main|accessKey not set; output-to-cloud DISABLED!
2019-07-20 17:12:22,494|I|main|secretKey not set; output-to-cloud DISABLED!
2019-07-20 17:12:22,494|I|main|generating HTML output for this execution to C:\projects\firstEvaluation\output\20190720_171206\execution-output.html
2019-07-20 17:12:23,131|I|main|generating JUnit XML output for this execution to C:\projects\firstEvaluation\output\20190720_171206\junit.xml
2019-07-20 17:12:23,205|I|main|generated JUnit report for this execution: C:\projects\firstEvaluation\output\20190720_171206\junit.xml
2019-07-20 17:12:23,236|I|main|nexial mailer not enabled: nexial.enableEmail=false
2019-07-20 17:12:23,236|I|main|skipped email notification as configured
2019-07-20 17:12:23,238|I|main|exiting Nexial...
2019-07-20 17:12:23,240|I|main|

/-END OF EXECUTION--------------------------------------------------------------
| » Execution Time: 16 sec.
| » Test Steps....: 17
| » Passed........: 17
| » Failed........: 0
| » Success Rate..: 100.00%
\----------------------------------------------------------nexial-core dev_0581-

2019-07-20 17:12:23,241|I|main|ALL PASSED!
2019-07-20 17:12:23,242|I|main|End of Execution:
NEXIAL_OUTPUT:         C:\projects\firstEvaluation\output\20190720_171206
NEXIAL_EXECUTION_HTML: C:\projects\firstEvaluation\output\20190720_171206\execution-output.html
NEXIAL_JUNIT_XML:      C:\projects\firstEvaluation\output\20190720_171206\junit.xml
NEXIAL_SUCCESS_RATE:   100.00%
NEXIAL_EXIT_STATUS:    0
