2019-07-20 16:33:53,818|I|Thread-1|(DELAYED) nexial-core dev_0581 starting up...
2019-07-20 16:33:53,821|I|Thread-1|(DELAYED) data file resolved as C:\Users\DEEPAN~1\AppData\Local\Temp\rbmFX\firstEvaluation.data.xlsx
2019-07-20 16:33:53,821|I|Thread-1|(DELAYED) input files and output directory resolved...
2019-07-20 16:33:53,821|I|Thread-1|(DELAYED) No predefined nexial-setup found
2019-07-20 16:33:53,821|I|Thread-1|(DELAYED) [20190720_163353] [C:\projects\firstEvaluation\artifact\script\firstEvaluation.xlsx] resolve RUN ID as 20190720_163353
2019-07-20 16:33:53,821|I|Thread-1|(DELAYED) [20190720_163353] [C:\projects\firstEvaluation\artifact\script\firstEvaluation.xlsx] new thread started
2019-07-20 16:33:53,821|I|Thread-1|No predefined nexial-setup found
2019-07-20 16:33:53,878|I|Thread-1|outputBase not set; output-to-cloud DISABLED!
2019-07-20 16:33:53,879|I|Thread-1|accessKey not set; output-to-cloud DISABLED!
2019-07-20 16:33:53,879|I|Thread-1|secretKey not set; output-to-cloud DISABLED!
2019-07-20 16:33:53,898|I|Thread-1|missing REQUIRED configuration; sms DISABLED!
2019-07-20 16:33:54,665|I|Thread-1|[20190720_163353] executing C:\projects\firstEvaluation\artifact\script\firstEvaluation.xlsx with 1 iteration(s)
2019-07-20 16:33:54,669|I|Thread-1|[20190720_163353] create directory C:\projects\firstEvaluation\output\20190720_163353\captures
2019-07-20 16:33:54,670|I|Thread-1|[20190720_163353] create directory C:\projects\firstEvaluation\output\20190720_163353\logs
2019-07-20 16:33:54,995|I|Thread-1|[20190720_163353] merging test data to tmp file C:\projects\firstEvaluation\output\20190720_163353\firstEvaluation.20190720_163354.001.xlsx
2019-07-20 16:33:54,996|I|Thread-1|refetching data from C:\projects\firstEvaluation\artifact\data\firstEvaluation.data.xlsx
2019-07-20 16:33:55,172|I|Thread-1|[20190720_163353] test script and test data merged to C:\projects\firstEvaluation\output\20190720_163353\firstEvaluation.20190720_163354.001.xlsx
2019-07-20 16:33:55,699|I|Thread-1|STARTS
2019-07-20 16:33:55,720|I|Thread-1|firstEvaluation.20190720_163354.001 - executing iteration #1 of 1; Iteration Id 1
2019-07-20 16:33:55,734|I|Thread-1|firstEvaluation.20190720_163354.001|JsonScenario - executing test scenario
2019-07-20 16:33:55,735|I|Thread-1|firstEvaluation.20190720_163354.001|JsonScenario|Activity 1 - executing activity
2019-07-20 16:33:56,338|I|Thread-1|firstEvaluation.20190720_163354.001|JsonScenario|Activity 1|#  5|json.storeValues(json,jso - executing storeValues(json,jsonpath,var)($(syspath|data|fullpath)/example_2.json, products[supplier=Wisozk Inc].product_name, productNames)
2019-07-20 16:33:56,426|I|Thread-1|firstEvaluation.20190720_163354.001|JsonScenario|Activity 1|#  5|json.storeValues(json,jso - PASS EXPECTED match against 'products[supplier=Wisozk Inc].product_name' stored to ${productNames}
2019-07-20 16:33:57,028|I|Thread-1|firstEvaluation.20190720_163354.001|JsonScenario|Activity 1|#  6|base.verbose(text) - executing verbose(text)(${productNames})
2019-07-20 16:33:57,029|I|Thread-1|firstEvaluation.20190720_163354.001|JsonScenario|Activity 1|#  6|base.verbose(text) - ["sildenafil citrate","Mountain Juniperus ashei"]
2019-07-20 16:33:57,183|I|Thread-1|firstEvaluation.20190720_163354.001|JsonScenario|Activity 1|#  6|base.verbose(text) - PASS 
2019-07-20 16:33:57,186|I|Thread-1|firstEvaluation.20190720_163354.001|JsonScenario|Activity 2 - executing activity
2019-07-20 16:33:57,788|I|Thread-1|firstEvaluation.20190720_163354.001|JsonScenario|Activity 2|#  7|json.storeValues(json,jso - executing storeValues(json,jsonpath,var)($(syspath|data|fullpath)/example_2.json, products[supplier=Wisozk Inc].quantity, quantityList)
2019-07-20 16:33:57,792|I|Thread-1|firstEvaluation.20190720_163354.001|JsonScenario|Activity 2|#  7|json.storeValues(json,jso - PASS EXPECTED match against 'products[supplier=Wisozk Inc].quantity' stored to ${quantityList}
2019-07-20 16:33:58,393|I|Thread-1|firstEvaluation.20190720_163354.001|JsonScenario|Activity 2|#  8|json.storeValues(json,jso - executing storeValues(json,jsonpath,var)($(syspath|data|fullpath)/example_2.json, products[supplier=Wisozk Inc].unit_cost, costList)
2019-07-20 16:33:58,399|I|Thread-1|firstEvaluation.20190720_163354.001|JsonScenario|Activity 2|#  8|json.storeValues(json,jso - PASS EXPECTED match against 'products[supplier=Wisozk Inc].unit_cost' stored to ${costList}
2019-07-20 16:33:59,000|I|Thread-1|firstEvaluation.20190720_163354.001|JsonScenario|Activity 2|#  9|base.save(var,value) - executing save(var,value)(unit_costList, [LIST${costList} => replaceRegex([$],)])
2019-07-20 16:33:59,004|I|Thread-1|firstEvaluation.20190720_163354.001|JsonScenario|Activity 2|#  9|base.save(var,value) - PASS stored '[LIST["$10.47","$8.74"] => replaceRegex([$],)]' as ${unit_costList}
2019-07-20 16:33:59,606|I|Thread-1|firstEvaluation.20190720_163354.001|JsonScenario|Activity 2|# 10|base.verbose(text) - executing verbose(text)(${unit_costList})
2019-07-20 16:33:59,607|I|Thread-1|firstEvaluation.20190720_163354.001|JsonScenario|Activity 2|# 10|base.verbose(text) - [LIST["$10.47","$8.74"] => replaceRegex([$],)]
2019-07-20 16:33:59,609|I|Thread-1|firstEvaluation.20190720_163354.001|JsonScenario|Activity 2|# 10|base.verbose(text) - PASS 
2019-07-20 16:34:00,211|I|Thread-1|firstEvaluation.20190720_163354.001|JsonScenario|Activity 2|# 11|base.save(var,value) - executing save(var,value)(sumTotal, 0)
2019-07-20 16:34:00,213|I|Thread-1|firstEvaluation.20190720_163354.001|JsonScenario|Activity 2|# 11|base.save(var,value) - PASS stored '0' as ${sumTotal}
2019-07-20 16:34:00,814|I|Thread-1|firstEvaluation.20190720_163354.001|JsonScenario|Activity 2|# 12|base.save(var,value) - executing save(var,value)(counter, 0)
2019-07-20 16:34:00,816|I|Thread-1|firstEvaluation.20190720_163354.001|JsonScenario|Activity 2|# 12|base.save(var,value) - PASS stored '0' as ${counter}
2019-07-20 16:34:01,417|I|Thread-1|firstEvaluation.20190720_163354.001|JsonScenario|Activity 2|# 13|base.save(var,value) - executing save(var,value)(length, $(array|length|${quantityList}))
2019-07-20 16:34:01,420|I|Thread-1|firstEvaluation.20190720_163354.001|JsonScenario|Activity 2|# 13|base.save(var,value) - PASS stored '2' as ${length}
2019-07-20 16:34:02,021|I|Thread-1|firstEvaluation.20190720_163354.001|JsonScenario|Activity 2|# 14|base.save(var,value) - executing save(var,value)(mulValue, 0)
2019-07-20 16:34:02,023|I|Thread-1|firstEvaluation.20190720_163354.001|JsonScenario|Activity 2|# 14|base.save(var,value) - PASS stored '0' as ${mulValue}
2019-07-20 16:34:02,625|I|Thread-1|firstEvaluation.20190720_163354.001|JsonScenario|Activity 2|# 15|base.verbose(text) - executing verbose(text)(${unit_costList})
2019-07-20 16:34:02,626|I|Thread-1|firstEvaluation.20190720_163354.001|JsonScenario|Activity 2|# 15|base.verbose(text) - [LIST["$10.47","$8.74"] => replaceRegex([$],)]
2019-07-20 16:34:02,628|I|Thread-1|firstEvaluation.20190720_163354.001|JsonScenario|Activity 2|# 15|base.verbose(text) - PASS 
2019-07-20 16:34:03,229|I|Thread-1|firstEvaluation.20190720_163354.001|JsonScenario|Activity 2|# 16|base.repeatUntil(steps,ma - executing repeatUntil(steps,maxWaitMs)(6, -1)
2019-07-20 16:34:03,231|I|Thread-1|firstEvaluation.20190720_163354.001|JsonScenario|Activity 2|# 17|base.assertEqual(expected - 
<[repeat-until] entering loop #1 --------------------------------------------->
2019-07-20 16:34:03,232|I|Thread-1|firstEvaluation.20190720_163354.001|JsonScenario|Activity 2|# 17|base.assertEqual(expected - executing assertEqual(expected,actual)(${length}, ${counter})
2019-07-20 16:34:03,234|I|Thread-1|firstEvaluation.20190720_163354.001|JsonScenario|Activity 2|# 18|base.save(var,value) - executing save(var,value)(unit_cost, $(array|item|${unit_costList}|${counter}))
2019-07-20 16:34:03,236|I|Thread-1|firstEvaluation.20190720_163354.001|JsonScenario|Activity 2|# 18|base.save(var,value) - [repeat-until] PASS stored '"$10.47"' as ${unit_cost}
2019-07-20 16:34:03,237|I|Thread-1|firstEvaluation.20190720_163354.001|JsonScenario|Activity 2|# 19|base.save(var,value) - executing save(var,value)(quantity, $(array|item|${quantityList}|${counter}))
2019-07-20 16:34:03,239|I|Thread-1|firstEvaluation.20190720_163354.001|JsonScenario|Activity 2|# 19|base.save(var,value) - [repeat-until] PASS stored '261' as ${quantity}
2019-07-20 16:34:03,247|I|Thread-1|firstEvaluation.20190720_163354.001|JsonScenario|Activity 2|# 20|base.save(var,value) - executing save(var,value)(mulValue, [NUMBER(${unit_cost}) => multiply(${quantity})])
2019-07-20 16:34:03,263|I|Thread-1|firstEvaluation.20190720_163354.001|JsonScenario|Activity 2|# 20|base.save(var,value) - [repeat-until] PASS stored '2732.67' as ${mulValue}
2019-07-20 16:34:03,269|I|Thread-1|firstEvaluation.20190720_163354.001|JsonScenario|Activity 2|# 21|base.save(var,value) - executing save(var,value)(sumTotal, [NUMBER(${sumTotal}) => add(${mulValue})])
2019-07-20 16:34:03,271|I|Thread-1|firstEvaluation.20190720_163354.001|JsonScenario|Activity 2|# 21|base.save(var,value) - [repeat-until] PASS stored '2732.67' as ${sumTotal}
2019-07-20 16:34:03,272|I|Thread-1|firstEvaluation.20190720_163354.001|JsonScenario|Activity 2|# 22|number.increment(var,amou - executing increment(var,amount)(counter, 1)
2019-07-20 16:34:03,275|I|Thread-1|firstEvaluation.20190720_163354.001|JsonScenario|Activity 2|# 22|number.increment(var,amou - [repeat-until] PASS incremented ${counter} by 1 to 1
2019-07-20 16:34:03,279|I|Thread-1|firstEvaluation.20190720_163354.001|JsonScenario|Activity 2|# 17|base.assertEqual(expected - 
<[repeat-until] entering loop #2 --------------------------------------------->
2019-07-20 16:34:03,280|I|Thread-1|firstEvaluation.20190720_163354.001|JsonScenario|Activity 2|# 17|base.assertEqual(expected - executing assertEqual(expected,actual)(${length}, ${counter})
2019-07-20 16:34:03,286|I|Thread-1|firstEvaluation.20190720_163354.001|JsonScenario|Activity 2|# 18|base.save(var,value) - executing save(var,value)(unit_cost, $(array|item|${unit_costList}|${counter}))
2019-07-20 16:34:03,287|I|Thread-1|firstEvaluation.20190720_163354.001|JsonScenario|Activity 2|# 18|base.save(var,value) - [repeat-until] PASS stored '"$8.74"' as ${unit_cost}
2019-07-20 16:34:03,290|I|Thread-1|firstEvaluation.20190720_163354.001|JsonScenario|Activity 2|# 19|base.save(var,value) - executing save(var,value)(quantity, $(array|item|${quantityList}|${counter}))
2019-07-20 16:34:03,301|I|Thread-1|firstEvaluation.20190720_163354.001|JsonScenario|Activity 2|# 19|base.save(var,value) - [repeat-until] PASS stored '292' as ${quantity}
2019-07-20 16:34:03,302|I|Thread-1|firstEvaluation.20190720_163354.001|JsonScenario|Activity 2|# 20|base.save(var,value) - executing save(var,value)(mulValue, [NUMBER(${unit_cost}) => multiply(${quantity})])
2019-07-20 16:34:03,307|I|Thread-1|firstEvaluation.20190720_163354.001|JsonScenario|Activity 2|# 20|base.save(var,value) - [repeat-until] PASS stored '2552.08' as ${mulValue}
2019-07-20 16:34:03,315|I|Thread-1|firstEvaluation.20190720_163354.001|JsonScenario|Activity 2|# 21|base.save(var,value) - executing save(var,value)(sumTotal, [NUMBER(${sumTotal}) => add(${mulValue})])
2019-07-20 16:34:03,318|I|Thread-1|firstEvaluation.20190720_163354.001|JsonScenario|Activity 2|# 21|base.save(var,value) - [repeat-until] PASS stored '5284.75' as ${sumTotal}
2019-07-20 16:34:03,319|I|Thread-1|firstEvaluation.20190720_163354.001|JsonScenario|Activity 2|# 22|number.increment(var,amou - executing increment(var,amount)(counter, 1)
2019-07-20 16:34:03,320|I|Thread-1|firstEvaluation.20190720_163354.001|JsonScenario|Activity 2|# 22|number.increment(var,amou - [repeat-until] PASS incremented ${counter} by 1 to 2
2019-07-20 16:34:03,321|I|Thread-1|firstEvaluation.20190720_163354.001|JsonScenario|Activity 2|# 17|base.assertEqual(expected - 
<[repeat-until] entering loop #3 --------------------------------------------->
2019-07-20 16:34:03,331|I|Thread-1|firstEvaluation.20190720_163354.001|JsonScenario|Activity 2|# 17|base.assertEqual(expected - executing assertEqual(expected,actual)(${length}, ${counter})
2019-07-20 16:34:03,337|I|Thread-1|firstEvaluation.20190720_163354.001|JsonScenario|Activity 2|# 16|base.repeatUntil(steps,ma - PASS repeat-until execution completed
2019-07-20 16:34:03,940|I|Thread-1|firstEvaluation.20190720_163354.001|JsonScenario|Activity 2|# 23|base.verbose(text) - executing verbose(text)(${sumTotal})
2019-07-20 16:34:03,943|I|Thread-1|firstEvaluation.20190720_163354.001|JsonScenario|Activity 2|# 23|base.verbose(text) - 5284.75
2019-07-20 16:34:03,950|I|Thread-1|firstEvaluation.20190720_163354.001|JsonScenario|Activity 2|# 23|base.verbose(text) - PASS 
2019-07-20 16:34:03,951|I|Thread-1|firstEvaluation.20190720_163354.001|JsonScenario|Activity 3 - executing activity
2019-07-20 16:34:04,553|I|Thread-1|firstEvaluation.20190720_163354.001|JsonScenario|Activity 3|# 24|base.save(var,value) - executing save(var,value)(jsonFile, $(syspath|data|fullpath)/example_2.json)
2019-07-20 16:34:04,556|I|Thread-1|firstEvaluation.20190720_163354.001|JsonScenario|Activity 3|# 24|base.save(var,value) - PASS stored 'C:\projects\firstEvaluation\artifact\data\example_2.json' as ${jsonFile}
2019-07-20 16:34:05,159|I|Thread-1|firstEvaluation.20190720_163354.001|JsonScenario|Activity 3|# 25|base.save(var,value) - executing save(var,value)(jsonPaths, product[unit_cost => ascending])
2019-07-20 16:34:05,160|I|Thread-1|firstEvaluation.20190720_163354.001|JsonScenario|Activity 3|# 25|base.save(var,value) - PASS stored 'product[unit_cost => ascending]' as ${jsonPaths}
2019-07-20 16:34:05,762|I|Thread-1|firstEvaluation.20190720_163354.001|JsonScenario|Activity 3|# 26|base.verbose(text) - executing verbose(text)([JSON${jsonFile} => select(${jsonPaths})])
2019-07-20 16:34:05,764|I|Thread-1|firstEvaluation.20190720_163354.001|JsonScenario|Activity 3|# 26|base.verbose(text) - [JSONC:\projects\firstEvaluation\artifact\data\example_2.json => select(product[unit_cost => ascending])]
2019-07-20 16:34:05,765|I|Thread-1|firstEvaluation.20190720_163354.001|JsonScenario|Activity 3|# 26|base.verbose(text) - PASS 
2019-07-20 16:34:05,994|I|Thread-1|[firstEvaluation.20190720_163354.001|JsonScenario] saving test scenario
2019-07-20 16:34:06,078|I|Thread-1|[20190720_163353] 
/-TEST COMPLETE-----------------------------------------------------------------
| Test Output:    C:\projects\firstEvaluation\output\20190720_163353\firstEvaluation.20190720_163354.001.xlsx
| Iteration:      1
\-------------------------------------------------------------------------------
» Execution Time: 10347 ms
» Test Steps:     16
» Error(s):       0



2019-07-20 16:34:08,033|I|Thread-1|[20190720_163353] 
/-TEST COMPLETE-----------------------------------------------------------------
| Test Script:    C:\projects\firstEvaluation\artifact\script\firstEvaluation.xlsx
\-------------------------------------------------------------------------------
» Execution Time: 14313 ms
» Iterations:     [1] total 1
» Test Steps:     16
» Passed:         16
» Error(s):       0
» Iteration 1 of 1: C:\projects\firstEvaluation\output\20190720_163353\firstEvaluation.20190720_163354.001.xlsx



2019-07-20 16:34:08,666|I|main|[20190720_163353] [C:\projects\firstEvaluation\artifact\script\firstEvaluation.xlsx] now completed
2019-07-20 16:34:08,667|I|main|[20190720_163353] all execution thread(s) have terminated
2019-07-20 16:34:08,667|I|main|[20190720_163353] test run completed in about 15 seconds
2019-07-20 16:34:08,738|I|main|No predefined nexial-setup found
2019-07-20 16:34:08,766|I|main|outputBase not set; output-to-cloud DISABLED!
2019-07-20 16:34:08,766|I|main|accessKey not set; output-to-cloud DISABLED!
2019-07-20 16:34:08,767|I|main|secretKey not set; output-to-cloud DISABLED!
2019-07-20 16:34:08,768|I|main|generating HTML output for this execution to C:\projects\firstEvaluation\output\20190720_163353\execution-output.html
2019-07-20 16:34:09,443|I|main|generating JUnit XML output for this execution to C:\projects\firstEvaluation\output\20190720_163353\junit.xml
2019-07-20 16:34:09,490|I|main|generated JUnit report for this execution: C:\projects\firstEvaluation\output\20190720_163353\junit.xml
2019-07-20 16:34:09,519|I|main|nexial mailer not enabled: nexial.enableEmail=false
2019-07-20 16:34:09,520|I|main|skipped email notification as configured
2019-07-20 16:34:09,522|I|main|exiting Nexial...
2019-07-20 16:34:09,523|I|main|

/-END OF EXECUTION--------------------------------------------------------------
| » Execution Time: 15 sec.
| » Test Steps....: 16
| » Passed........: 16
| » Failed........: 0
| » Success Rate..: 100.00%
\----------------------------------------------------------nexial-core dev_0581-

2019-07-20 16:34:09,524|I|main|ALL PASSED!
2019-07-20 16:34:09,526|I|main|End of Execution:
NEXIAL_OUTPUT:         C:\projects\firstEvaluation\output\20190720_163353
NEXIAL_EXECUTION_HTML: C:\projects\firstEvaluation\output\20190720_163353\execution-output.html
NEXIAL_JUNIT_XML:      C:\projects\firstEvaluation\output\20190720_163353\junit.xml
NEXIAL_SUCCESS_RATE:   100.00%
NEXIAL_EXIT_STATUS:    0
