2019-07-20 17:34:26,585|I|Thread-1|(DELAYED) nexial-core dev_0581 starting up...
2019-07-20 17:34:26,589|I|Thread-1|(DELAYED) data file resolved as C:\Users\DEEPAN~1\AppData\Local\Temp\QLsOR\firstEvaluation.data.xlsx
2019-07-20 17:34:26,589|I|Thread-1|(DELAYED) input files and output directory resolved...
2019-07-20 17:34:26,589|I|Thread-1|(DELAYED) No predefined nexial-setup found
2019-07-20 17:34:26,589|I|Thread-1|(DELAYED) [20190720_173426] [C:\projects\firstEvaluation\artifact\script\firstEvaluation.xlsx] resolve RUN ID as 20190720_173426
2019-07-20 17:34:26,590|I|Thread-1|(DELAYED) [20190720_173426] [C:\projects\firstEvaluation\artifact\script\firstEvaluation.xlsx] new thread started
2019-07-20 17:34:26,591|I|Thread-1|No predefined nexial-setup found
2019-07-20 17:34:26,686|I|Thread-1|outputBase not set; output-to-cloud DISABLED!
2019-07-20 17:34:26,688|I|Thread-1|accessKey not set; output-to-cloud DISABLED!
2019-07-20 17:34:26,692|I|Thread-1|secretKey not set; output-to-cloud DISABLED!
2019-07-20 17:34:26,737|I|Thread-1|missing REQUIRED configuration; sms DISABLED!
2019-07-20 17:34:27,959|I|Thread-1|[20190720_173426] executing C:\projects\firstEvaluation\artifact\script\firstEvaluation.xlsx with 1 iteration(s)
2019-07-20 17:34:27,963|I|Thread-1|[20190720_173426] create directory C:\projects\firstEvaluation\output\20190720_173426\captures
2019-07-20 17:34:27,964|I|Thread-1|[20190720_173426] create directory C:\projects\firstEvaluation\output\20190720_173426\logs
2019-07-20 17:34:28,286|I|Thread-1|[20190720_173426] merging test data to tmp file C:\projects\firstEvaluation\output\20190720_173426\firstEvaluation.20190720_173427.001.xlsx
2019-07-20 17:34:28,287|I|Thread-1|refetching data from C:\projects\firstEvaluation\artifact\data\firstEvaluation.data.xlsx
2019-07-20 17:34:28,442|I|Thread-1|[20190720_173426] test script and test data merged to C:\projects\firstEvaluation\output\20190720_173426\firstEvaluation.20190720_173427.001.xlsx
2019-07-20 17:34:28,940|I|Thread-1|STARTS
2019-07-20 17:34:28,961|I|Thread-1|firstEvaluation.20190720_173427.001 - executing iteration #1 of 1; Iteration Id 1
2019-07-20 17:34:28,971|I|Thread-1|firstEvaluation.20190720_173427.001|JsonScenario - executing test scenario
2019-07-20 17:34:28,972|I|Thread-1|firstEvaluation.20190720_173427.001|JsonScenario|Activity 1 - executing activity
2019-07-20 17:34:29,574|I|Thread-1|firstEvaluation.20190720_173427.001|JsonScenario|Activity 1|#  5|json.storeValues(json,jso - executing storeValues(json,jsonpath,var)($(syspath|data|fullpath)/example_2.json, products[supplier=Wisozk Inc].product_name, productNames)
2019-07-20 17:34:29,762|I|Thread-1|firstEvaluation.20190720_173427.001|JsonScenario|Activity 1|#  5|json.storeValues(json,jso - PASS EXPECTED match against 'products[supplier=Wisozk Inc].product_name' stored to ${productNames}
2019-07-20 17:34:30,364|I|Thread-1|firstEvaluation.20190720_173427.001|JsonScenario|Activity 1|#  6|base.verbose(text) - executing verbose(text)(${productNames})
2019-07-20 17:34:30,366|I|Thread-1|firstEvaluation.20190720_173427.001|JsonScenario|Activity 1|#  6|base.verbose(text) - ["sildenafil citrate","Mountain Juniperus ashei"]
2019-07-20 17:34:30,599|I|Thread-1|firstEvaluation.20190720_173427.001|JsonScenario|Activity 1|#  6|base.verbose(text) - PASS 
2019-07-20 17:34:30,606|I|Thread-1|firstEvaluation.20190720_173427.001|JsonScenario|Activity 2 - executing activity
2019-07-20 17:34:31,208|I|Thread-1|firstEvaluation.20190720_173427.001|JsonScenario|Activity 2|#  7|json.storeValues(json,jso - executing storeValues(json,jsonpath,var)($(syspath|data|fullpath)/example_2.json, products[supplier=Wisozk Inc].quantity, quantityList)
2019-07-20 17:34:31,212|I|Thread-1|firstEvaluation.20190720_173427.001|JsonScenario|Activity 2|#  7|json.storeValues(json,jso - PASS EXPECTED match against 'products[supplier=Wisozk Inc].quantity' stored to ${quantityList}
2019-07-20 17:34:31,814|I|Thread-1|firstEvaluation.20190720_173427.001|JsonScenario|Activity 2|#  8|json.storeValues(json,jso - executing storeValues(json,jsonpath,var)($(syspath|data|fullpath)/example_2.json, products[supplier=Wisozk Inc].unit_cost, costList)
2019-07-20 17:34:31,822|I|Thread-1|firstEvaluation.20190720_173427.001|JsonScenario|Activity 2|#  8|json.storeValues(json,jso - PASS EXPECTED match against 'products[supplier=Wisozk Inc].unit_cost' stored to ${costList}
2019-07-20 17:34:32,425|I|Thread-1|firstEvaluation.20190720_173427.001|JsonScenario|Activity 2|#  9|base.save(var,value) - executing save(var,value)(unit_costList, [LIST${costList} => replaceRegex([$],)])
2019-07-20 17:34:32,428|I|Thread-1|firstEvaluation.20190720_173427.001|JsonScenario|Activity 2|#  9|base.save(var,value) - PASS stored '[LIST["$10.47","$8.74"] => replaceRegex([$],)]' as ${unit_costList}
2019-07-20 17:34:33,029|I|Thread-1|firstEvaluation.20190720_173427.001|JsonScenario|Activity 2|# 10|base.verbose(text) - executing verbose(text)(${unit_costList})
2019-07-20 17:34:33,041|I|Thread-1|firstEvaluation.20190720_173427.001|JsonScenario|Activity 2|# 10|base.verbose(text) - [LIST["$10.47","$8.74"] => replaceRegex([$],)]
2019-07-20 17:34:33,044|I|Thread-1|firstEvaluation.20190720_173427.001|JsonScenario|Activity 2|# 10|base.verbose(text) - PASS 
2019-07-20 17:34:33,645|I|Thread-1|firstEvaluation.20190720_173427.001|JsonScenario|Activity 2|# 11|base.save(var,value) - executing save(var,value)(sumTotal, 0)
2019-07-20 17:34:33,655|I|Thread-1|firstEvaluation.20190720_173427.001|JsonScenario|Activity 2|# 11|base.save(var,value) - PASS stored '0' as ${sumTotal}
2019-07-20 17:34:34,259|I|Thread-1|firstEvaluation.20190720_173427.001|JsonScenario|Activity 2|# 12|base.save(var,value) - executing save(var,value)(counter, 0)
2019-07-20 17:34:34,261|I|Thread-1|firstEvaluation.20190720_173427.001|JsonScenario|Activity 2|# 12|base.save(var,value) - PASS stored '0' as ${counter}
2019-07-20 17:34:34,862|I|Thread-1|firstEvaluation.20190720_173427.001|JsonScenario|Activity 2|# 13|base.save(var,value) - executing save(var,value)(length, $(array|length|${quantityList}))
2019-07-20 17:34:34,870|I|Thread-1|firstEvaluation.20190720_173427.001|JsonScenario|Activity 2|# 13|base.save(var,value) - PASS stored '2' as ${length}
2019-07-20 17:34:35,472|I|Thread-1|firstEvaluation.20190720_173427.001|JsonScenario|Activity 2|# 14|base.save(var,value) - executing save(var,value)(mulValue, 0)
2019-07-20 17:34:35,476|I|Thread-1|firstEvaluation.20190720_173427.001|JsonScenario|Activity 2|# 14|base.save(var,value) - PASS stored '0' as ${mulValue}
2019-07-20 17:34:36,081|I|Thread-1|firstEvaluation.20190720_173427.001|JsonScenario|Activity 2|# 15|base.verbose(text) - executing verbose(text)(${unit_costList})
2019-07-20 17:34:36,089|I|Thread-1|firstEvaluation.20190720_173427.001|JsonScenario|Activity 2|# 15|base.verbose(text) - [LIST["$10.47","$8.74"] => replaceRegex([$],)]
2019-07-20 17:34:36,104|I|Thread-1|firstEvaluation.20190720_173427.001|JsonScenario|Activity 2|# 15|base.verbose(text) - PASS 
2019-07-20 17:34:36,717|I|Thread-1|firstEvaluation.20190720_173427.001|JsonScenario|Activity 2|# 16|base.repeatUntil(steps,ma - executing repeatUntil(steps,maxWaitMs)(6, -1)
2019-07-20 17:34:36,719|I|Thread-1|firstEvaluation.20190720_173427.001|JsonScenario|Activity 2|# 17|base.assertEqual(expected - 
<[repeat-until] entering loop #1 --------------------------------------------->
2019-07-20 17:34:36,720|I|Thread-1|firstEvaluation.20190720_173427.001|JsonScenario|Activity 2|# 17|base.assertEqual(expected - executing assertEqual(expected,actual)(${length}, ${counter})
2019-07-20 17:34:36,722|I|Thread-1|firstEvaluation.20190720_173427.001|JsonScenario|Activity 2|# 18|base.save(var,value) - executing save(var,value)(unit_cost, $(array|item|${unit_costList}|${counter}))
2019-07-20 17:34:36,725|I|Thread-1|firstEvaluation.20190720_173427.001|JsonScenario|Activity 2|# 18|base.save(var,value) - [repeat-until] PASS stored '"$10.47"' as ${unit_cost}
2019-07-20 17:34:36,737|I|Thread-1|firstEvaluation.20190720_173427.001|JsonScenario|Activity 2|# 19|base.save(var,value) - executing save(var,value)(quantity, $(array|item|${quantityList}|${counter}))
2019-07-20 17:34:36,744|I|Thread-1|firstEvaluation.20190720_173427.001|JsonScenario|Activity 2|# 19|base.save(var,value) - [repeat-until] PASS stored '261' as ${quantity}
2019-07-20 17:34:36,756|I|Thread-1|firstEvaluation.20190720_173427.001|JsonScenario|Activity 2|# 20|base.save(var,value) - executing save(var,value)(mulValue, [NUMBER(${unit_cost}) => multiply(${quantity})])
2019-07-20 17:34:36,799|I|Thread-1|firstEvaluation.20190720_173427.001|JsonScenario|Activity 2|# 20|base.save(var,value) - [repeat-until] PASS stored '2732.67' as ${mulValue}
2019-07-20 17:34:36,801|I|Thread-1|firstEvaluation.20190720_173427.001|JsonScenario|Activity 2|# 21|base.save(var,value) - executing save(var,value)(sumTotal, [NUMBER(${sumTotal}) => add(${mulValue})])
2019-07-20 17:34:36,804|I|Thread-1|firstEvaluation.20190720_173427.001|JsonScenario|Activity 2|# 21|base.save(var,value) - [repeat-until] PASS stored '2732.67' as ${sumTotal}
2019-07-20 17:34:36,806|I|Thread-1|firstEvaluation.20190720_173427.001|JsonScenario|Activity 2|# 22|number.increment(var,amou - executing increment(var,amount)(counter, 1)
2019-07-20 17:34:36,824|I|Thread-1|firstEvaluation.20190720_173427.001|JsonScenario|Activity 2|# 22|number.increment(var,amou - [repeat-until] PASS incremented ${counter} by 1 to 1
2019-07-20 17:34:36,828|I|Thread-1|firstEvaluation.20190720_173427.001|JsonScenario|Activity 2|# 17|base.assertEqual(expected - 
<[repeat-until] entering loop #2 --------------------------------------------->
2019-07-20 17:34:36,841|I|Thread-1|firstEvaluation.20190720_173427.001|JsonScenario|Activity 2|# 17|base.assertEqual(expected - executing assertEqual(expected,actual)(${length}, ${counter})
2019-07-20 17:34:36,844|I|Thread-1|firstEvaluation.20190720_173427.001|JsonScenario|Activity 2|# 18|base.save(var,value) - executing save(var,value)(unit_cost, $(array|item|${unit_costList}|${counter}))
2019-07-20 17:34:36,853|I|Thread-1|firstEvaluation.20190720_173427.001|JsonScenario|Activity 2|# 18|base.save(var,value) - [repeat-until] PASS stored '"$8.74"' as ${unit_cost}
2019-07-20 17:34:36,856|I|Thread-1|firstEvaluation.20190720_173427.001|JsonScenario|Activity 2|# 19|base.save(var,value) - executing save(var,value)(quantity, $(array|item|${quantityList}|${counter}))
2019-07-20 17:34:36,861|I|Thread-1|firstEvaluation.20190720_173427.001|JsonScenario|Activity 2|# 19|base.save(var,value) - [repeat-until] PASS stored '292' as ${quantity}
2019-07-20 17:34:36,871|I|Thread-1|firstEvaluation.20190720_173427.001|JsonScenario|Activity 2|# 20|base.save(var,value) - executing save(var,value)(mulValue, [NUMBER(${unit_cost}) => multiply(${quantity})])
2019-07-20 17:34:36,878|I|Thread-1|firstEvaluation.20190720_173427.001|JsonScenario|Activity 2|# 20|base.save(var,value) - [repeat-until] PASS stored '2552.08' as ${mulValue}
2019-07-20 17:34:36,887|I|Thread-1|firstEvaluation.20190720_173427.001|JsonScenario|Activity 2|# 21|base.save(var,value) - executing save(var,value)(sumTotal, [NUMBER(${sumTotal}) => add(${mulValue})])
2019-07-20 17:34:36,890|I|Thread-1|firstEvaluation.20190720_173427.001|JsonScenario|Activity 2|# 21|base.save(var,value) - [repeat-until] PASS stored '5284.75' as ${sumTotal}
2019-07-20 17:34:36,891|I|Thread-1|firstEvaluation.20190720_173427.001|JsonScenario|Activity 2|# 22|number.increment(var,amou - executing increment(var,amount)(counter, 1)
2019-07-20 17:34:36,907|I|Thread-1|firstEvaluation.20190720_173427.001|JsonScenario|Activity 2|# 22|number.increment(var,amou - [repeat-until] PASS incremented ${counter} by 1 to 2
2019-07-20 17:34:36,910|I|Thread-1|firstEvaluation.20190720_173427.001|JsonScenario|Activity 2|# 17|base.assertEqual(expected - 
<[repeat-until] entering loop #3 --------------------------------------------->
2019-07-20 17:34:36,931|I|Thread-1|firstEvaluation.20190720_173427.001|JsonScenario|Activity 2|# 17|base.assertEqual(expected - executing assertEqual(expected,actual)(${length}, ${counter})
2019-07-20 17:34:36,937|I|Thread-1|firstEvaluation.20190720_173427.001|JsonScenario|Activity 2|# 16|base.repeatUntil(steps,ma - PASS repeat-until execution completed
2019-07-20 17:34:37,542|I|Thread-1|firstEvaluation.20190720_173427.001|JsonScenario|Activity 2|# 23|base.verbose(text) - executing verbose(text)(${sumTotal})
2019-07-20 17:34:37,543|I|Thread-1|firstEvaluation.20190720_173427.001|JsonScenario|Activity 2|# 23|base.verbose(text) - 5284.75
2019-07-20 17:34:37,552|I|Thread-1|firstEvaluation.20190720_173427.001|JsonScenario|Activity 2|# 23|base.verbose(text) - PASS 
2019-07-20 17:34:37,560|I|Thread-1|firstEvaluation.20190720_173427.001|JsonScenario|Activity 3 - executing activity
2019-07-20 17:34:38,162|I|Thread-1|firstEvaluation.20190720_173427.001|JsonScenario|Activity 3|# 24|base.save(var,value) - executing save(var,value)(jsonFile, $(syspath|data|fullpath)/example_2.json)
2019-07-20 17:34:38,166|I|Thread-1|firstEvaluation.20190720_173427.001|JsonScenario|Activity 3|# 24|base.save(var,value) - PASS stored 'C:\projects\firstEvaluation\artifact\data\example_2.json' as ${jsonFile}
2019-07-20 17:34:38,768|I|Thread-1|firstEvaluation.20190720_173427.001|JsonScenario|Activity 3|# 25|base.save(var,value) - executing save(var,value)(var, [JSON(${jsonFile} => extract(products[unit_cost => ascending])])
2019-07-20 17:34:38,770|I|Thread-1|firstEvaluation.20190720_173427.001|JsonScenario|Activity 3|# 25|base.save(var,value) - PASS stored '[JSON(C:\projects\firstEvaluation\artifact\data\example_2.json => extract(products[unit_cost => ascending])]' as ${var}
2019-07-20 17:34:39,372|I|Thread-1|firstEvaluation.20190720_173427.001|JsonScenario|Activity 3|# 26|json.storeValues(json,jso - executing storeValues(json,jsonpath,var)(var, products.product_name, result)
2019-07-20 17:34:39,376|E|Thread-1|Error converting string to JSON object: A JSONObject text must begin with '{' at 1 [character 2 line 1]
org.json.JSONException: A JSONObject text must begin with '{' at 1 [character 2 line 1]
	at org.json.JSONTokener.syntaxError(JSONTokener.java:505)
	at org.json.JSONObject.<init>(JSONObject.java:214)
	at org.json.JSONObject.<init>(JSONObject.java:357)
	at org.nexial.core.utils.JsonUtils.toJSONObject(JsonUtils.java:75)
	at org.nexial.core.plugins.json.JsonCommand.resolveToJSONObject(JsonCommand.java:323)
	at org.nexial.core.plugins.json.JsonCommand.toJSONObject(JsonCommand.java:441)
	at org.nexial.core.plugins.json.JsonCommand.sanityCheck(JsonCommand.java:445)
	at org.nexial.core.plugins.json.JsonCommand.find(JsonCommand.java:449)
	at org.nexial.core.plugins.json.JsonCommand.extractJsonValue(JsonCommand.java:384)
	at org.nexial.core.plugins.json.JsonCommand.storeValues(JsonCommand.java:123)
	at sun.reflect.NativeMethodAccessorImpl.invoke0(Native Method)
	at sun.reflect.NativeMethodAccessorImpl.invoke(Unknown Source)
	at sun.reflect.DelegatingMethodAccessorImpl.invoke(Unknown Source)
	at java.lang.reflect.Method.invoke(Unknown Source)
	at org.nexial.core.plugins.base.BaseCommand.execute(BaseCommand.java:156)
	at org.nexial.core.model.TestStep.invokeCommand(TestStep.java:327)
	at org.nexial.core.model.TestStep.execute(TestStep.java:169)
	at org.nexial.core.model.TestCase.execute(TestCase.java:94)
	at org.nexial.core.model.TestScenario.execute(TestScenario.java:130)
	at org.nexial.core.model.ExecutionContext.execute(ExecutionContext.java:1184)
	at org.nexial.core.ExecutionThread.run(ExecutionThread.java:174)
2019-07-20 17:34:39,459|E|Thread-1|JSON string in error is as follows:
var
2019-07-20 17:34:39,485|E|Thread-1|firstEvaluation.20190720_173427.001|JsonScenario|Activity 3|# 26|json.storeValues(json,jso - FAIL EXPECTED match against 'products.product_name' was not found
2019-07-20 17:34:40,087|I|Thread-1|firstEvaluation.20190720_173427.001|JsonScenario|Activity 3|# 27|base.verbose(text) - executing verbose(text)(result)
2019-07-20 17:34:40,089|I|Thread-1|firstEvaluation.20190720_173427.001|JsonScenario|Activity 3|# 27|base.verbose(text) - result
2019-07-20 17:34:40,092|I|Thread-1|firstEvaluation.20190720_173427.001|JsonScenario|Activity 3|# 27|base.verbose(text) - PASS 
2019-07-20 17:34:40,094|I|Thread-1|firstEvaluation.20190720_173427.001|JsonScenario|Activity 4 - executing activity
2019-07-20 17:34:40,695|I|Thread-1|firstEvaluation.20190720_173427.001|JsonScenario|Activity 4|# 28|json.storeValues(json,jso - executing storeValues(json,jsonpath,var)($(syspath|data|fullpath)/example_2.json, products[product_name=Dextromathorphan HBr].supplier, supplierList)
2019-07-20 17:34:40,699|I|Thread-1|firstEvaluation.20190720_173427.001|JsonScenario|Activity 4|# 28|json.storeValues(json,jso - PASS EXPECTED match against 'products[product_name=Dextromathorphan HBr].supplier' stored to ${supplierList}
2019-07-20 17:34:41,301|I|Thread-1|firstEvaluation.20190720_173427.001|JsonScenario|Activity 4|# 29|base.verbose(text) - executing verbose(text)(${supplierList})
2019-07-20 17:34:41,303|I|Thread-1|firstEvaluation.20190720_173427.001|JsonScenario|Activity 4|# 29|base.verbose(text) - ["Schmitt-Weissnat","SC-Pharmacy"]
2019-07-20 17:34:41,305|I|Thread-1|firstEvaluation.20190720_173427.001|JsonScenario|Activity 4|# 29|base.verbose(text) - PASS 
2019-07-20 17:34:41,526|I|Thread-1|[firstEvaluation.20190720_173427.001|JsonScenario] saving test scenario
2019-07-20 17:34:41,607|I|Thread-1|[20190720_173426] 
/-TEST COMPLETE-----------------------------------------------------------------
| Test Output:    C:\projects\firstEvaluation\output\20190720_173426\firstEvaluation.20190720_173427.001.xlsx
| Iteration:      1
\-------------------------------------------------------------------------------
» Execution Time: 12639 ms
» Test Steps:     19
» Error(s):       1



2019-07-20 17:34:43,597|I|Thread-1|[20190720_173426] 
/-TEST COMPLETE-----------------------------------------------------------------
| Test Script:    C:\projects\firstEvaluation\artifact\script\firstEvaluation.xlsx
\-------------------------------------------------------------------------------
» Execution Time: 17146 ms
» Iterations:     [1] total 1
» Test Steps:     19
» Passed:         18
» Error(s):       1
» Iteration 1 of 1: C:\projects\firstEvaluation\output\20190720_173426\firstEvaluation.20190720_173427.001.xlsx



2019-07-20 17:34:44,411|I|main|[20190720_173426] [C:\projects\firstEvaluation\artifact\script\firstEvaluation.xlsx] now completed
2019-07-20 17:34:44,412|I|main|[20190720_173426] all execution thread(s) have terminated
2019-07-20 17:34:44,412|I|main|[20190720_173426] test run completed in about 18 seconds
2019-07-20 17:34:44,461|I|main|No predefined nexial-setup found
2019-07-20 17:34:44,492|I|main|outputBase not set; output-to-cloud DISABLED!
2019-07-20 17:34:44,493|I|main|accessKey not set; output-to-cloud DISABLED!
2019-07-20 17:34:44,494|I|main|secretKey not set; output-to-cloud DISABLED!
2019-07-20 17:34:44,495|I|main|generating HTML output for this execution to C:\projects\firstEvaluation\output\20190720_173426\execution-output.html
2019-07-20 17:34:45,151|I|main|generating JUnit XML output for this execution to C:\projects\firstEvaluation\output\20190720_173426\junit.xml
2019-07-20 17:34:45,210|I|main|generated JUnit report for this execution: C:\projects\firstEvaluation\output\20190720_173426\junit.xml
2019-07-20 17:34:45,255|I|main|nexial mailer not enabled: nexial.enableEmail=false
2019-07-20 17:34:45,256|I|main|skipped email notification as configured
2019-07-20 17:34:45,258|I|main|exiting Nexial...
2019-07-20 17:34:45,260|I|main|

/-END OF EXECUTION--------------------------------------------------------------
| » Execution Time: 18 sec.
| » Test Steps....: 19
| » Passed........: 18
| » Failed........: 1
| » Success Rate..: 94.74%
\----------------------------------------------------------nexial-core dev_0581-

2019-07-20 17:34:45,260|E|main|failure found; success rate is 94.74%
2019-07-20 17:34:45,262|I|main|End of Execution:
NEXIAL_OUTPUT:         C:\projects\firstEvaluation\output\20190720_173426
NEXIAL_EXECUTION_HTML: C:\projects\firstEvaluation\output\20190720_173426\execution-output.html
NEXIAL_JUNIT_XML:      C:\projects\firstEvaluation\output\20190720_173426\junit.xml
NEXIAL_SUCCESS_RATE:   94.74%
NEXIAL_EXIT_STATUS:    -13
