2019-07-29 15:05:50,149|I|Thread-1|(DELAYED) nexial-core 2.4_0567 starting up...
2019-07-29 15:05:50,152|I|Thread-1|(DELAYED) data file resolved as C:\Users\DEEPAN~1.PAT\AppData\Local\Temp\DXcAj\secondAssignment.data.xlsx
2019-07-29 15:05:50,152|I|Thread-1|(DELAYED) input files and output directory resolved...
2019-07-29 15:05:50,152|I|Thread-1|(DELAYED) No predefined nexial-setup found
2019-07-29 15:05:50,152|I|Thread-1|(DELAYED) [20190729_150549] [C:\projects\secondAssignment\artifact\script\secondAssignment.xlsx] resolve RUN ID as 20190729_150549
2019-07-29 15:05:50,152|I|Thread-1|(DELAYED) [20190729_150549] [C:\projects\secondAssignment\artifact\script\secondAssignment.xlsx] new thread started
2019-07-29 15:05:50,152|I|Thread-1|No predefined nexial-setup found
2019-07-29 15:05:50,229|I|Thread-1|outputBase not set; output-to-cloud DISABLED!
2019-07-29 15:05:50,229|I|Thread-1|accessKey not set; output-to-cloud DISABLED!
2019-07-29 15:05:50,230|I|Thread-1|secretKey not set; output-to-cloud DISABLED!
2019-07-29 15:05:50,253|I|Thread-1|missing REQUIRED configuration; sms DISABLED!
2019-07-29 15:05:51,027|I|Thread-1|[20190729_150549] executing C:\projects\secondAssignment\artifact\script\secondAssignment.xlsx with 1 iteration(s)
2019-07-29 15:05:51,032|I|Thread-1|[20190729_150549] create directory C:\projects\secondAssignment\output\20190729_150549\captures
2019-07-29 15:05:51,033|I|Thread-1|[20190729_150549] create directory C:\projects\secondAssignment\output\20190729_150549\logs
2019-07-29 15:05:51,738|I|Thread-1|[20190729_150549] merging test data to tmp file C:\projects\secondAssignment\output\20190729_150549\secondAssignment.20190729_150551.001.xlsx
2019-07-29 15:05:51,739|I|Thread-1|refetching data from C:\projects\secondAssignment\artifact\data\secondAssignment.data.xlsx
2019-07-29 15:05:52,064|I|Thread-1|[20190729_150549] test script and test data merged to C:\projects\secondAssignment\output\20190729_150549\secondAssignment.20190729_150551.001.xlsx
2019-07-29 15:05:52,843|I|Thread-1|STARTS
2019-07-29 15:05:52,865|I|Thread-1|secondAssignment.20190729_150551.001 - executing iteration #1 of 1; Iteration Id 1
2019-07-29 15:05:52,874|I|Thread-1|secondAssignment.20190729_150551.001|Scenario - executing test scenario
2019-07-29 15:05:52,876|I|Thread-1|secondAssignment.20190729_150551.001|Scenario|Activity 1 - executing activity
2019-07-29 15:05:53,484|I|Thread-1|secondAssignment.20190729_150551.001|Scenario|Activity 1|#  5|web.open(url) - executing open(url)(https://www.google.com/)
2019-07-29 15:05:53,488|I|Thread-1|No valid instance of webdriver, initializing...
2019-07-29 15:05:53,490|I|Thread-1|init chrome
2019-07-29 15:05:59,358|I|Thread-1|browser initialization completed for 'chrome'
2019-07-29 15:05:59,367|I|Thread-1|setting browser polling wait time to 800 ms
2019-07-29 15:05:59,370|I|Thread-1|setting browser page load timeout to 10000 ms
2019-07-29 15:06:00,863|I|Thread-1|current browser window handle:CDwindow-8BA97E1DCB96C13E0A448C3ECD4A11E0
2019-07-29 15:06:00,880|I|Thread-1|secondAssignment.20190729_150551.001|Scenario|Activity 1|#  5|web.open(url) - PASS opened URL https://www.google.com/
2019-07-29 15:06:01,483|I|Thread-1|secondAssignment.20190729_150551.001|Scenario|Activity 1|#  6|web.type(locator,value) - executing type(locator,value)(//*[@id="tsf"]/div[2]/div/div[1]/div/div[1]/input, ATMECS)
2019-07-29 15:06:01,686|I|Thread-1|secondAssignment.20190729_150551.001|Scenario|Activity 1|#  6|web.type(locator,value) - PASS typed text at '//*[@id="tsf"]/div[2]/div/div[1]/div/div[1]/input'
2019-07-29 15:06:02,289|I|Thread-1|secondAssignment.20190729_150551.001|Scenario|Activity 1|#  7|web.click(locator) - executing click(locator)(//*[@id="tsf"]/div[2]/div/div[3]/center/input[1])
2019-07-29 15:06:02,353|I|Thread-1|clicking '//*[@id="tsf"]/div[2]/div/div[3]/center/input[1]'...
2019-07-29 15:06:02,375|I|Thread-1|click target via JS, @id=
2019-07-29 15:06:03,913|I|Thread-1|clicked -> true
2019-07-29 15:06:03,914|I|Thread-1|secondAssignment.20190729_150551.001|Scenario|Activity 1|#  7|web.click(locator) - PASS click via JS event
2019-07-29 15:06:04,516|I|Thread-1|secondAssignment.20190729_150551.001|Scenario|Activity 1|#  8|web.saveTextArray(var, lo - executing saveTextArray(var, locator)(atmecsLinks, //*[@class="iUh30"])
2019-07-29 15:06:04,732|I|Thread-1|secondAssignment.20190729_150551.001|Scenario|Activity 1|#  8|web.saveTextArray(var, lo - PASS stored content of '//*[@class="iUh30"]' as ${atmecsLinks}
2019-07-29 15:06:05,337|I|Thread-1|secondAssignment.20190729_150551.001|Scenario|Activity 1|#  9|base.verbose(text) - executing verbose(text)(${atmecsLinks})
2019-07-29 15:06:05,340|I|Thread-1|secondAssignment.20190729_150551.001|Scenario|Activity 1|#  9|base.verbose(text) - www.atmecs.com/,https://www.glassdoor.co.in/Reviews/ATMECS-Reviews-E1318180.htm,https://www.glassdoor.co.in/.../Working-at-ATMECS-EI_IE1318180.11,17.htm,https://in.linkedin.com/company/atmecs-inc,https://mapr.com/partners/partner/atmecs-technologies-pvt-ltd/,https://www.glassdoor.com/Overview/Working-at-ATMECS-EI_IE1318180.11,17.htm,https://www.naukri.com/atmecs-technologies-pvt-ltd-jobs-careers-1089084,https://www.indeed.co.in/cmp/Atmecs-Technologies/reviews,https://www.ambitionbox.com/reviews/atmecs-technologies-reviews
2019-07-29 15:06:05,557|I|Thread-1|secondAssignment.20190729_150551.001|Scenario|Activity 1|#  9|base.verbose(text) - PASS 
2019-07-29 15:06:05,863|I|Thread-1|[secondAssignment.20190729_150551.001|Scenario] saving test scenario
2019-07-29 15:06:06,055|I|Thread-1|[20190729_150549] 
/-TEST COMPLETE-----------------------------------------------------------------
| Test Output:    C:\projects\secondAssignment\output\20190729_150549\secondAssignment.20190729_150551.001.xlsx
| Iteration:      1
\-------------------------------------------------------------------------------
» Execution Time: 13183 ms
» Test Steps:     5
» Error(s):       0



2019-07-29 15:06:07,112|I|Thread-1|[20190729_150549] 
/-TEST COMPLETE-----------------------------------------------------------------
| Test Script:    C:\projects\secondAssignment\artifact\script\secondAssignment.xlsx
\-------------------------------------------------------------------------------
» Execution Time: 17177 ms
» Iterations:     [1] total 1
» Test Steps:     5
» Passed:         5
» Error(s):       0
» Iteration 1 of 1: C:\projects\secondAssignment\output\20190729_150549\secondAssignment.20190729_150551.001.xlsx



2019-07-29 15:06:07,917|I|main|[20190729_150549] [C:\projects\secondAssignment\artifact\script\secondAssignment.xlsx] now completed
2019-07-29 15:06:07,918|I|main|[20190729_150549] all execution thread(s) have terminated
2019-07-29 15:06:07,918|I|main|[20190729_150549] test run completed in about 18 seconds
2019-07-29 15:06:08,038|I|main|No predefined nexial-setup found
2019-07-29 15:06:08,076|I|main|outputBase not set; output-to-cloud DISABLED!
2019-07-29 15:06:08,078|I|main|accessKey not set; output-to-cloud DISABLED!
2019-07-29 15:06:08,079|I|main|secretKey not set; output-to-cloud DISABLED!
2019-07-29 15:06:08,081|I|main|generating HTML output for this execution to C:\projects\secondAssignment\output\20190729_150549\execution-output.html
2019-07-29 15:06:08,892|I|main|generating JUnit XML output for this execution to C:\projects\secondAssignment\output\20190729_150549\junit.xml
2019-07-29 15:06:08,935|I|main|generated JUnit report for this execution: C:\projects\secondAssignment\output\20190729_150549\junit.xml
2019-07-29 15:06:08,936|I|main|nexial mailer not enabled: nexial.enableEmail=false
2019-07-29 15:06:08,937|I|main|skipped email notification as configured
2019-07-29 15:06:08,940|I|main|exiting Nexial...
2019-07-29 15:06:08,940|I|main|shutdown starts...
2019-07-29 15:06:08,942|I|main|Shutting down 'chrome' webdriver...
2019-07-29 15:06:18,653|I|main|shutdown ends...
2019-07-29 15:06:18,657|I|main|

/-END OF EXECUTION--------------------------------------------------------------
| » Execution Time: 18 sec.
| » Test Steps....: 5
| » Passed........: 5
| » Failed........: 0
| » Success Rate..: 100.00%
\----------------------------------------------------------nexial-core 2.4_0567-

2019-07-29 15:06:18,663|I|main|ALL PASSED!
2019-07-29 15:06:18,667|I|main|End of Execution:
NEXIAL_OUTPUT:         C:\projects\secondAssignment\output\20190729_150549
NEXIAL_EXECUTION_HTML: C:\projects\secondAssignment\output\20190729_150549\execution-output.html
NEXIAL_JUNIT_XML:      C:\projects\secondAssignment\output\20190729_150549\junit.xml
NEXIAL_SUCCESS_RATE:   100.00%
NEXIAL_EXIT_STATUS:    0
